Clock: clk
Sources: clk 
Generated: no
Virtual: yes
Propagated: no
Period: 10.000000

===========================================================================
report_clock_properties
============================================================================
Clock                   Period          Waveform
----------------------------------------------------
clk                  10.000000    0.000000  5.000000

===========================================================================
report_clock_latency
============================================================================
Clock clk
rise -> rise
    min     max
0.000000 0.000000 source latency
0.293838         network latency _43_/CLK
        0.294721 network latency _38_/CLK
---------------
0.293838 0.294721 latency
        0.000883 skew

fall -> fall
    min     max
0.000000 0.000000 source latency
0.292470         network latency _43_/CLK
        0.293215 network latency _38_/CLK
---------------
0.292470 0.293215 latency
        0.000745 skew



===========================================================================
report_clock_min_period
============================================================================
clk period_min = 1.51 fmax = 661.44
