
===========================================================================
report_checks -unconstrained
===========================================================================
======================= min_ff_n40C_1v95 Corner ===================================

Warning: corner.tcl line 77, unknown field nets.
Startpoint: rst_n (input port clocked by clk)
Endpoint: _41_ (recovery check against rising-edge clock clk)
Path Group: asynchronous
Path Type: max

Fanout         Cap        Slew       Delay        Time   Description
---------------------------------------------------------------------------------------------
                                  0.000000    0.000000   clock clk (rise edge)
                                  0.000000    0.000000   clock network delay (propagated)
                                  2.000000    2.000000 ^ input external delay
     1    0.002875    0.014185    0.007419    2.007418 ^ rst_n (in)
                      0.014185    0.000000    2.007418 ^ input2/A (sky130_fd_sc_hd__clkbuf_4)
     8    0.053351    0.125635    0.147956    2.155375 ^ input2/X (sky130_fd_sc_hd__clkbuf_4)
                      0.125868    0.004423    2.159797 ^ _41_/RESET_B (sky130_fd_sc_hd__dfrtp_4)
                                              2.159797   data arrival time

                                 10.000000   10.000000   clock clk (rise edge)
                                  0.000000   10.000000   clock source latency
     1    0.019943    0.071334    0.049243   10.049244 ^ clk (in)
                      0.071366    0.000000   10.049244 ^ clkbuf_0_clk/A (sky130_fd_sc_hd__clkbuf_16)
     2    0.017939    0.030212    0.094339   10.143582 ^ clkbuf_0_clk/X (sky130_fd_sc_hd__clkbuf_16)
                      0.030217    0.000137   10.143719 ^ clkbuf_1_1__f_clk/A (sky130_fd_sc_hd__clkbuf_16)
     4    0.015695    0.028294    0.081326   10.225045 ^ clkbuf_1_1__f_clk/X (sky130_fd_sc_hd__clkbuf_16)
                      0.028298    0.000305   10.225349 ^ _41_/CLK (sky130_fd_sc_hd__dfrtp_4)
                                 -0.250000    9.975349   clock uncertainty
                                  0.000000    9.975349   clock reconvergence pessimism
                                  0.100793   10.076143   library recovery time
                                             10.076143   data required time
---------------------------------------------------------------------------------------------
                                             10.076143   data required time
                                             -2.159797   data arrival time
---------------------------------------------------------------------------------------------
                                              7.916345   slack (MET)


Startpoint: enable (input port clocked by clk)
Endpoint: overflow (output port clocked by clk)
Path Group: clk
Path Type: max

Fanout         Cap        Slew       Delay        Time   Description
---------------------------------------------------------------------------------------------
                                  0.000000    0.000000   clock clk (rise edge)
                                  0.000000    0.000000   clock network delay (propagated)
                                  2.000000    2.000000 ^ input external delay
     1    0.003201    0.015351    0.008278    2.008278 ^ enable (in)
                      0.015351    0.000000    2.008278 ^ input1/A (sky130_fd_sc_hd__clkbuf_2)
     4    0.026398    0.113423    0.119163    2.127440 ^ input1/X (sky130_fd_sc_hd__clkbuf_2)
                      0.113469    0.001852    2.129292 ^ _19_/D (sky130_fd_sc_hd__and4_1)
     6    0.019847    0.148068    0.204694    2.333987 ^ _19_/X (sky130_fd_sc_hd__and4_1)
                      0.148068    0.000596    2.334584 ^ _23_/C (sky130_fd_sc_hd__and4_1)
     2    0.009223    0.078032    0.156060    2.490644 ^ _23_/X (sky130_fd_sc_hd__and4_1)
                      0.078032    0.000168    2.490812 ^ _24_/B (sky130_fd_sc_hd__and2_1)
     1    0.009608    0.078323    0.115533    2.606345 ^ _24_/X (sky130_fd_sc_hd__and2_1)
                      0.078324    0.000392    2.606737 ^ output11/A (sky130_fd_sc_hd__buf_2)
     1    0.033963    0.126996    0.149282    2.756019 ^ output11/X (sky130_fd_sc_hd__buf_2)
                      0.126996    0.000183    2.756202 ^ overflow (out)
                                              2.756202   data arrival time

                                 10.000000   10.000000   clock clk (rise edge)
                                  0.000000   10.000000   clock network delay (propagated)
                                 -0.250000    9.750000   clock uncertainty
                                  0.000000    9.750000   clock reconvergence pessimism
                                 -2.000000    7.750000   output external delay
                                              7.750000   data required time
---------------------------------------------------------------------------------------------
                                              7.750000   data required time
                                             -2.756202   data arrival time
---------------------------------------------------------------------------------------------
                                              4.993798   slack (MET)




===========================================================================
report_checks --slack_max -0.01
============================================================================
======================= min_ff_n40C_1v95 Corner ===================================

Warning: corner.tcl line 85, unknown field nets.
No paths found.


===========================================================================
 report_check_types -max_slew -max_cap -max_fanout -violators
============================================================================
======================= min_ff_n40C_1v95 Corner ===================================



===========================================================================
report_parasitic_annotation -report_unannotated
============================================================================
Found 1 unannotated drivers.
 clkload0/X
Found 0 partially unannotated drivers.

===========================================================================
max slew violation count 0
max fanout violation count 0
max cap violation count 0
============================================================================

===========================================================================
check_setup -verbose -unconstrained_endpoints -multiple_clock -no_clock -no_input_delay -loops -generated_clocks
===========================================================================
