Clock: clk
Sources: clk 
Generated: no
Virtual: yes
Propagated: no
Period: 10.000000

===========================================================================
report_clock_properties
============================================================================
Clock                   Period          Waveform
----------------------------------------------------
clk                  10.000000    0.000000  5.000000

===========================================================================
report_clock_latency
============================================================================
Clock clk
rise -> rise
    min     max
0.000000 0.000000 source latency
0.225201         network latency _43_/CLK
        0.225885 network latency _38_/CLK
---------------
0.225201 0.225885 latency
        0.000684 skew

fall -> fall
    min     max
0.000000 0.000000 source latency
0.210420         network latency _43_/CLK
        0.210859 network latency _38_/CLK
---------------
0.210420 0.210859 latency
        0.000439 skew



===========================================================================
report_clock_min_period
============================================================================
clk period_min = 1.10 fmax = 909.64
