
===========================================================================
report_checks -path_delay max (Setup)
============================================================================
======================= min_ff_n40C_1v95 Corner ===================================

Warning: corner.tcl line 67, unknown field nets.
Warning: corner.tcl line 67, report_checks -group_count is deprecated. Use -group_path_count instead.
Startpoint: enable (input port clocked by clk)
Endpoint: overflow (output port clocked by clk)
Path Group: clk
Path Type: max

Fanout         Cap        Slew       Delay        Time   Description
---------------------------------------------------------------------------------------------
                                  0.000000    0.000000   clock clk (rise edge)
                                  0.000000    0.000000   clock network delay (propagated)
                                  2.000000    2.000000 ^ input external delay
     1    0.003201    0.015351    0.008278    2.008278 ^ enable (in)
                      0.015351    0.000000    2.008278 ^ input1/A (sky130_fd_sc_hd__clkbuf_2)
     4    0.026398    0.113423    0.119163    2.127440 ^ input1/X (sky130_fd_sc_hd__clkbuf_2)
                      0.113469    0.001852    2.129292 ^ _19_/D (sky130_fd_sc_hd__and4_1)
     6    0.019847    0.148068    0.204694    2.333987 ^ _19_/X (sky130_fd_sc_hd__and4_1)
                      0.148068    0.000596    2.334584 ^ _23_/C (sky130_fd_sc_hd__and4_1)
     2    0.009223    0.078032    0.156060    2.490644 ^ _23_/X (sky130_fd_sc_hd__and4_1)
                      0.078032    0.000168    2.490812 ^ _24_/B (sky130_fd_sc_hd__and2_1)
     1    0.009608    0.078323    0.115533    2.606345 ^ _24_/X (sky130_fd_sc_hd__and2_1)
                      0.078324    0.000392    2.606737 ^ output11/A (sky130_fd_sc_hd__buf_2)
     1    0.033963    0.126996    0.149282    2.756019 ^ output11/X (sky130_fd_sc_hd__buf_2)
                      0.126996    0.000183    2.756202 ^ overflow (out)
                                              2.756202   data arrival time

                                 10.000000   10.000000   clock clk (rise edge)
                                  0.000000   10.000000   clock network delay (propagated)
                                 -0.250000    9.750000   clock uncertainty
                                  0.000000    9.750000   clock reconvergence pessimism
                                 -2.000000    7.750000   output external delay
                                              7.750000   data required time
---------------------------------------------------------------------------------------------
                                              7.750000   data required time
                                             -2.756202   data arrival time
---------------------------------------------------------------------------------------------
                                              4.993798   slack (MET)


Startpoint: _40_ (rising edge-triggered flip-flop clocked by clk)
Endpoint: count[3] (output port clocked by clk)
Path Group: clk
Path Type: max

Fanout         Cap        Slew       Delay        Time   Description
---------------------------------------------------------------------------------------------
                                  0.000000    0.000000   clock clk (rise edge)
                                  0.000000    0.000000   clock source latency
     1    0.019943    0.071334    0.049243    0.049243 ^ clk (in)
                      0.071366    0.000000    0.049243 ^ clkbuf_0_clk/A (sky130_fd_sc_hd__clkbuf_16)
     2    0.017939    0.030212    0.094339    0.143582 ^ clkbuf_0_clk/X (sky130_fd_sc_hd__clkbuf_16)
                      0.030217    0.000178    0.143760 ^ clkbuf_1_0__f_clk/A (sky130_fd_sc_hd__clkbuf_16)
     5    0.016622    0.028912    0.082006    0.225766 ^ clkbuf_1_0__f_clk/X (sky130_fd_sc_hd__clkbuf_16)
                      0.028912    0.000096    0.225862 ^ _40_/CLK (sky130_fd_sc_hd__dfrtp_4)
     6    0.027766    0.064832    0.320787    0.546649 v _40_/Q (sky130_fd_sc_hd__dfrtp_4)
                      0.064834    0.000831    0.547480 v output6/A (sky130_fd_sc_hd__buf_2)
     1    0.034115    0.062420    0.131357    0.678837 v output6/X (sky130_fd_sc_hd__buf_2)
                      0.062420    0.000243    0.679080 v count[3] (out)
                                              0.679080   data arrival time

                                 10.000000   10.000000   clock clk (rise edge)
                                  0.000000   10.000000   clock network delay (propagated)
                                 -0.250000    9.750000   clock uncertainty
                                  0.000000    9.750000   clock reconvergence pessimism
                                 -2.000000    7.750000   output external delay
                                              7.750000   data required time
---------------------------------------------------------------------------------------------
                                              7.750000   data required time
                                             -0.679080   data arrival time
---------------------------------------------------------------------------------------------
                                              7.070920   slack (MET)


Startpoint: _41_ (rising edge-triggered flip-flop clocked by clk)
Endpoint: count[4] (output port clocked by clk)
Path Group: clk
Path Type: max

Fanout         Cap        Slew       Delay        Time   Description
---------------------------------------------------------------------------------------------
                                  0.000000    0.000000   clock clk (rise edge)
                                  0.000000    0.000000   clock source latency
     1    0.019943    0.071334    0.049243    0.049243 ^ clk (in)
                      0.071366    0.000000    0.049243 ^ clkbuf_0_clk/A (sky130_fd_sc_hd__clkbuf_16)
     2    0.017939    0.030212    0.094339    0.143582 ^ clkbuf_0_clk/X (sky130_fd_sc_hd__clkbuf_16)
                      0.030217    0.000137    0.143719 ^ clkbuf_1_1__f_clk/A (sky130_fd_sc_hd__clkbuf_16)
     4    0.015695    0.028294    0.081326    0.225045 ^ clkbuf_1_1__f_clk/X (sky130_fd_sc_hd__clkbuf_16)
                      0.028298    0.000305    0.225349 ^ _41_/CLK (sky130_fd_sc_hd__dfrtp_4)
     4    0.022592    0.060811    0.314657    0.540006 v _41_/Q (sky130_fd_sc_hd__dfrtp_4)
                      0.060811    0.001103    0.541109 v output7/A (sky130_fd_sc_hd__buf_2)
     1    0.034061    0.062310    0.129685    0.670795 v output7/X (sky130_fd_sc_hd__buf_2)
                      0.062310    0.000200    0.670995 v count[4] (out)
                                              0.670995   data arrival time

                                 10.000000   10.000000   clock clk (rise edge)
                                  0.000000   10.000000   clock network delay (propagated)
                                 -0.250000    9.750000   clock uncertainty
                                  0.000000    9.750000   clock reconvergence pessimism
                                 -2.000000    7.750000   output external delay
                                              7.750000   data required time
---------------------------------------------------------------------------------------------
                                              7.750000   data required time
                                             -0.670995   data arrival time
---------------------------------------------------------------------------------------------
                                              7.079005   slack (MET)


Startpoint: _38_ (rising edge-triggered flip-flop clocked by clk)
Endpoint: count[1] (output port clocked by clk)
Path Group: clk
Path Type: max

Fanout         Cap        Slew       Delay        Time   Description
---------------------------------------------------------------------------------------------
                                  0.000000    0.000000   clock clk (rise edge)
                                  0.000000    0.000000   clock source latency
     1    0.019943    0.071334    0.049243    0.049243 ^ clk (in)
                      0.071366    0.000000    0.049243 ^ clkbuf_0_clk/A (sky130_fd_sc_hd__clkbuf_16)
     2    0.017939    0.030212    0.094339    0.143582 ^ clkbuf_0_clk/X (sky130_fd_sc_hd__clkbuf_16)
                      0.030217    0.000178    0.143760 ^ clkbuf_1_0__f_clk/A (sky130_fd_sc_hd__clkbuf_16)
     5    0.016622    0.028912    0.082006    0.225766 ^ clkbuf_1_0__f_clk/X (sky130_fd_sc_hd__clkbuf_16)
                      0.028912    0.000118    0.225885 ^ _38_/CLK (sky130_fd_sc_hd__dfrtp_1)
     4    0.020678    0.141491    0.279734    0.505619 ^ _38_/Q (sky130_fd_sc_hd__dfrtp_1)
                      0.141496    0.001036    0.506655 ^ output4/A (sky130_fd_sc_hd__buf_2)
     1    0.034327    0.128390    0.162154    0.668809 ^ output4/X (sky130_fd_sc_hd__buf_2)
                      0.128390    0.000357    0.669166 ^ count[1] (out)
                                              0.669166   data arrival time

                                 10.000000   10.000000   clock clk (rise edge)
                                  0.000000   10.000000   clock network delay (propagated)
                                 -0.250000    9.750000   clock uncertainty
                                  0.000000    9.750000   clock reconvergence pessimism
                                 -2.000000    7.750000   output external delay
                                              7.750000   data required time
---------------------------------------------------------------------------------------------
                                              7.750000   data required time
                                             -0.669166   data arrival time
---------------------------------------------------------------------------------------------
                                              7.080834   slack (MET)


Startpoint: _42_ (rising edge-triggered flip-flop clocked by clk)
Endpoint: count[5] (output port clocked by clk)
Path Group: clk
Path Type: max

Fanout         Cap        Slew       Delay        Time   Description
---------------------------------------------------------------------------------------------
                                  0.000000    0.000000   clock clk (rise edge)
                                  0.000000    0.000000   clock source latency
     1    0.019943    0.071334    0.049243    0.049243 ^ clk (in)
                      0.071366    0.000000    0.049243 ^ clkbuf_0_clk/A (sky130_fd_sc_hd__clkbuf_16)
     2    0.017939    0.030212    0.094339    0.143582 ^ clkbuf_0_clk/X (sky130_fd_sc_hd__clkbuf_16)
                      0.030217    0.000137    0.143719 ^ clkbuf_1_1__f_clk/A (sky130_fd_sc_hd__clkbuf_16)
     4    0.015695    0.028294    0.081326    0.225045 ^ clkbuf_1_1__f_clk/X (sky130_fd_sc_hd__clkbuf_16)
                      0.028298    0.000253    0.225298 ^ _42_/CLK (sky130_fd_sc_hd__dfrtp_1)
     3    0.019762    0.135684    0.275344    0.500642 ^ _42_/Q (sky130_fd_sc_hd__dfrtp_1)
                      0.135692    0.001125    0.501767 ^ output8/A (sky130_fd_sc_hd__buf_2)
     1    0.034503    0.128989    0.161941    0.663708 ^ output8/X (sky130_fd_sc_hd__buf_2)
                      0.128989    0.000424    0.664132 ^ count[5] (out)
                                              0.664132   data arrival time

                                 10.000000   10.000000   clock clk (rise edge)
                                  0.000000   10.000000   clock network delay (propagated)
                                 -0.250000    9.750000   clock uncertainty
                                  0.000000    9.750000   clock reconvergence pessimism
                                 -2.000000    7.750000   output external delay
                                              7.750000   data required time
---------------------------------------------------------------------------------------------
                                              7.750000   data required time
                                             -0.664132   data arrival time
---------------------------------------------------------------------------------------------
                                              7.085868   slack (MET)


Startpoint: _39_ (rising edge-triggered flip-flop clocked by clk)
Endpoint: count[2] (output port clocked by clk)
Path Group: clk
Path Type: max

Fanout         Cap        Slew       Delay        Time   Description
---------------------------------------------------------------------------------------------
                                  0.000000    0.000000   clock clk (rise edge)
                                  0.000000    0.000000   clock source latency
     1    0.019943    0.071334    0.049243    0.049243 ^ clk (in)
                      0.071366    0.000000    0.049243 ^ clkbuf_0_clk/A (sky130_fd_sc_hd__clkbuf_16)
     2    0.017939    0.030212    0.094339    0.143582 ^ clkbuf_0_clk/X (sky130_fd_sc_hd__clkbuf_16)
                      0.030217    0.000178    0.143760 ^ clkbuf_1_0__f_clk/A (sky130_fd_sc_hd__clkbuf_16)
     5    0.016622    0.028912    0.082006    0.225766 ^ clkbuf_1_0__f_clk/X (sky130_fd_sc_hd__clkbuf_16)
                      0.028912    0.000075    0.225841 ^ _39_/CLK (sky130_fd_sc_hd__dfrtp_1)
     3    0.019622    0.134765    0.275024    0.500865 ^ _39_/Q (sky130_fd_sc_hd__dfrtp_1)
                      0.134768    0.000861    0.501726 ^ output5/A (sky130_fd_sc_hd__buf_2)
     1    0.034090    0.127505    0.160956    0.662682 ^ output5/X (sky130_fd_sc_hd__buf_2)
                      0.127505    0.000242    0.662924 ^ count[2] (out)
                                              0.662924   data arrival time

                                 10.000000   10.000000   clock clk (rise edge)
                                  0.000000   10.000000   clock network delay (propagated)
                                 -0.250000    9.750000   clock uncertainty
                                  0.000000    9.750000   clock reconvergence pessimism
                                 -2.000000    7.750000   output external delay
                                              7.750000   data required time
---------------------------------------------------------------------------------------------
                                              7.750000   data required time
                                             -0.662924   data arrival time
---------------------------------------------------------------------------------------------
                                              7.087076   slack (MET)


Startpoint: _43_ (rising edge-triggered flip-flop clocked by clk)
Endpoint: count[6] (output port clocked by clk)
Path Group: clk
Path Type: max

Fanout         Cap        Slew       Delay        Time   Description
---------------------------------------------------------------------------------------------
                                  0.000000    0.000000   clock clk (rise edge)
                                  0.000000    0.000000   clock source latency
     1    0.019943    0.071334    0.049243    0.049243 ^ clk (in)
                      0.071366    0.000000    0.049243 ^ clkbuf_0_clk/A (sky130_fd_sc_hd__clkbuf_16)
     2    0.017939    0.030212    0.094339    0.143582 ^ clkbuf_0_clk/X (sky130_fd_sc_hd__clkbuf_16)
                      0.030217    0.000137    0.143719 ^ clkbuf_1_1__f_clk/A (sky130_fd_sc_hd__clkbuf_16)
     4    0.015695    0.028294    0.081326    0.225045 ^ clkbuf_1_1__f_clk/X (sky130_fd_sc_hd__clkbuf_16)
                      0.028294    0.000156    0.225201 ^ _43_/CLK (sky130_fd_sc_hd__dfrtp_1)
     3    0.015946    0.111393    0.258291    0.483492 ^ _43_/Q (sky130_fd_sc_hd__dfrtp_1)
                      0.111394    0.000611    0.484103 ^ output9/A (sky130_fd_sc_hd__buf_2)
     1    0.034503    0.128931    0.158034    0.642137 ^ output9/X (sky130_fd_sc_hd__buf_2)
                      0.128931    0.000424    0.642561 ^ count[6] (out)
                                              0.642561   data arrival time

                                 10.000000   10.000000   clock clk (rise edge)
                                  0.000000   10.000000   clock network delay (propagated)
                                 -0.250000    9.750000   clock uncertainty
                                  0.000000    9.750000   clock reconvergence pessimism
                                 -2.000000    7.750000   output external delay
                                              7.750000   data required time
---------------------------------------------------------------------------------------------
                                              7.750000   data required time
                                             -0.642561   data arrival time
---------------------------------------------------------------------------------------------
                                              7.107440   slack (MET)


Startpoint: _37_ (rising edge-triggered flip-flop clocked by clk)
Endpoint: count[0] (output port clocked by clk)
Path Group: clk
Path Type: max

Fanout         Cap        Slew       Delay        Time   Description
---------------------------------------------------------------------------------------------
                                  0.000000    0.000000   clock clk (rise edge)
                                  0.000000    0.000000   clock source latency
     1    0.019943    0.071334    0.049243    0.049243 ^ clk (in)
                      0.071366    0.000000    0.049243 ^ clkbuf_0_clk/A (sky130_fd_sc_hd__clkbuf_16)
     2    0.017939    0.030212    0.094339    0.143582 ^ clkbuf_0_clk/X (sky130_fd_sc_hd__clkbuf_16)
                      0.030217    0.000178    0.143760 ^ clkbuf_1_0__f_clk/A (sky130_fd_sc_hd__clkbuf_16)
     5    0.016622    0.028912    0.082006    0.225766 ^ clkbuf_1_0__f_clk/X (sky130_fd_sc_hd__clkbuf_16)
                      0.028912    0.000104    0.225870 ^ _37_/CLK (sky130_fd_sc_hd__dfrtp_2)
     5    0.022818    0.090011    0.261373    0.487242 ^ _37_/Q (sky130_fd_sc_hd__dfrtp_2)
                      0.090016    0.000776    0.488018 ^ output3/A (sky130_fd_sc_hd__buf_2)
     1    0.034337    0.128346    0.152767    0.640785 ^ output3/X (sky130_fd_sc_hd__buf_2)
                      0.128346    0.000357    0.641142 ^ count[0] (out)
                                              0.641142   data arrival time

                                 10.000000   10.000000   clock clk (rise edge)
                                  0.000000   10.000000   clock network delay (propagated)
                                 -0.250000    9.750000   clock uncertainty
                                  0.000000    9.750000   clock reconvergence pessimism
                                 -2.000000    7.750000   output external delay
                                              7.750000   data required time
---------------------------------------------------------------------------------------------
                                              7.750000   data required time
                                             -0.641142   data arrival time
---------------------------------------------------------------------------------------------
                                              7.108858   slack (MET)


Startpoint: _44_ (rising edge-triggered flip-flop clocked by clk)
Endpoint: count[7] (output port clocked by clk)
Path Group: clk
Path Type: max

Fanout         Cap        Slew       Delay        Time   Description
---------------------------------------------------------------------------------------------
                                  0.000000    0.000000   clock clk (rise edge)
                                  0.000000    0.000000   clock source latency
     1    0.019943    0.071334    0.049243    0.049243 ^ clk (in)
                      0.071366    0.000000    0.049243 ^ clkbuf_0_clk/A (sky130_fd_sc_hd__clkbuf_16)
     2    0.017939    0.030212    0.094339    0.143582 ^ clkbuf_0_clk/X (sky130_fd_sc_hd__clkbuf_16)
                      0.030217    0.000137    0.143719 ^ clkbuf_1_1__f_clk/A (sky130_fd_sc_hd__clkbuf_16)
     4    0.015695    0.028294    0.081326    0.225045 ^ clkbuf_1_1__f_clk/X (sky130_fd_sc_hd__clkbuf_16)
                      0.028294    0.000178    0.225222 ^ _44_/CLK (sky130_fd_sc_hd__dfrtp_1)
     3    0.014287    0.100860    0.250852    0.476074 ^ _44_/Q (sky130_fd_sc_hd__dfrtp_1)
                      0.100861    0.000465    0.476539 ^ output10/A (sky130_fd_sc_hd__buf_2)
     1    0.034012    0.127168    0.154563    0.631103 ^ output10/X (sky130_fd_sc_hd__buf_2)
                      0.127168    0.000200    0.631303 ^ count[7] (out)
                                              0.631303   data arrival time

                                 10.000000   10.000000   clock clk (rise edge)
                                  0.000000   10.000000   clock network delay (propagated)
                                 -0.250000    9.750000   clock uncertainty
                                  0.000000    9.750000   clock reconvergence pessimism
                                 -2.000000    7.750000   output external delay
                                              7.750000   data required time
---------------------------------------------------------------------------------------------
                                              7.750000   data required time
                                             -0.631303   data arrival time
---------------------------------------------------------------------------------------------
                                              7.118697   slack (MET)


Startpoint: enable (input port clocked by clk)
Endpoint: _42_ (rising edge-triggered flip-flop clocked by clk)
Path Group: clk
Path Type: max

Fanout         Cap        Slew       Delay        Time   Description
---------------------------------------------------------------------------------------------
                                  0.000000    0.000000   clock clk (rise edge)
                                  0.000000    0.000000   clock network delay (propagated)
                                  2.000000    2.000000 ^ input external delay
     1    0.003201    0.015351    0.008278    2.008278 ^ enable (in)
                      0.015351    0.000000    2.008278 ^ input1/A (sky130_fd_sc_hd__clkbuf_2)
     4    0.026398    0.113423    0.119163    2.127440 ^ input1/X (sky130_fd_sc_hd__clkbuf_2)
                      0.113469    0.001852    2.129292 ^ _19_/D (sky130_fd_sc_hd__and4_1)
     6    0.019847    0.148068    0.204694    2.333987 ^ _19_/X (sky130_fd_sc_hd__and4_1)
                      0.148068    0.000582    2.334569 ^ _22_/B (sky130_fd_sc_hd__and3_1)
     2    0.008074    0.070249    0.134697    2.469266 ^ _22_/X (sky130_fd_sc_hd__and3_1)
                      0.070249    0.000066    2.469332 ^ _34_/A_N (sky130_fd_sc_hd__and2b_1)
     1    0.002796    0.024721    0.110504    2.579836 v _34_/X (sky130_fd_sc_hd__and2b_1)
                      0.024721    0.000029    2.579865 v _42_/D (sky130_fd_sc_hd__dfrtp_1)
                                              2.579865   data arrival time

                                 10.000000   10.000000   clock clk (rise edge)
                                  0.000000   10.000000   clock source latency
     1    0.019943    0.071334    0.049243   10.049244 ^ clk (in)
                      0.071366    0.000000   10.049244 ^ clkbuf_0_clk/A (sky130_fd_sc_hd__clkbuf_16)
     2    0.017939    0.030212    0.094339   10.143582 ^ clkbuf_0_clk/X (sky130_fd_sc_hd__clkbuf_16)
                      0.030217    0.000137   10.143719 ^ clkbuf_1_1__f_clk/A (sky130_fd_sc_hd__clkbuf_16)
     4    0.015695    0.028294    0.081326   10.225045 ^ clkbuf_1_1__f_clk/X (sky130_fd_sc_hd__clkbuf_16)
                      0.028298    0.000253   10.225298 ^ _42_/CLK (sky130_fd_sc_hd__dfrtp_1)
                                 -0.250000    9.975298   clock uncertainty
                                  0.000000    9.975298   clock reconvergence pessimism
                                 -0.070201    9.905097   library setup time
                                              9.905097   data required time
---------------------------------------------------------------------------------------------
                                              9.905097   data required time
                                             -2.579865   data arrival time
---------------------------------------------------------------------------------------------
                                              7.325232   slack (MET)


Startpoint: enable (input port clocked by clk)
Endpoint: _44_ (rising edge-triggered flip-flop clocked by clk)
Path Group: clk
Path Type: max

Fanout         Cap        Slew       Delay        Time   Description
---------------------------------------------------------------------------------------------
                                  0.000000    0.000000   clock clk (rise edge)
                                  0.000000    0.000000   clock network delay (propagated)
                                  2.000000    2.000000 ^ input external delay
     1    0.003201    0.015351    0.008278    2.008278 ^ enable (in)
                      0.015351    0.000000    2.008278 ^ input1/A (sky130_fd_sc_hd__clkbuf_2)
     4    0.026398    0.113423    0.119163    2.127440 ^ input1/X (sky130_fd_sc_hd__clkbuf_2)
                      0.113469    0.001852    2.129292 ^ _19_/D (sky130_fd_sc_hd__and4_1)
     6    0.019847    0.148068    0.204694    2.333987 ^ _19_/X (sky130_fd_sc_hd__and4_1)
                      0.148068    0.000596    2.334584 ^ _23_/C (sky130_fd_sc_hd__and4_1)
     2    0.009223    0.078032    0.156060    2.490644 ^ _23_/X (sky130_fd_sc_hd__and4_1)
                      0.078032    0.000159    2.490802 ^ _36_/B (sky130_fd_sc_hd__xor2_1)
     1    0.002528    0.076672    0.089267    2.580070 ^ _36_/X (sky130_fd_sc_hd__xor2_1)
                      0.076672    0.000024    2.580094 ^ _44_/D (sky130_fd_sc_hd__dfrtp_1)
                                              2.580094   data arrival time

                                 10.000000   10.000000   clock clk (rise edge)
                                  0.000000   10.000000   clock source latency
     1    0.019943    0.071334    0.049243   10.049244 ^ clk (in)
                      0.071366    0.000000   10.049244 ^ clkbuf_0_clk/A (sky130_fd_sc_hd__clkbuf_16)
     2    0.017939    0.030212    0.094339   10.143582 ^ clkbuf_0_clk/X (sky130_fd_sc_hd__clkbuf_16)
                      0.030217    0.000137   10.143719 ^ clkbuf_1_1__f_clk/A (sky130_fd_sc_hd__clkbuf_16)
     4    0.015695    0.028294    0.081326   10.225045 ^ clkbuf_1_1__f_clk/X (sky130_fd_sc_hd__clkbuf_16)
                      0.028294    0.000178   10.225223 ^ _44_/CLK (sky130_fd_sc_hd__dfrtp_1)
                                 -0.250000    9.975223   clock uncertainty
                                  0.000000    9.975223   clock reconvergence pessimism
                                 -0.038240    9.936982   library setup time
                                              9.936982   data required time
---------------------------------------------------------------------------------------------
                                              9.936982   data required time
                                             -2.580094   data arrival time
---------------------------------------------------------------------------------------------
                                              7.356888   slack (MET)


Startpoint: enable (input port clocked by clk)
Endpoint: _43_ (rising edge-triggered flip-flop clocked by clk)
Path Group: clk
Path Type: max

Fanout         Cap        Slew       Delay        Time   Description
---------------------------------------------------------------------------------------------
                                  0.000000    0.000000   clock clk (rise edge)
                                  0.000000    0.000000   clock network delay (propagated)
                                  2.000000    2.000000 ^ input external delay
     1    0.003201    0.015351    0.008278    2.008278 ^ enable (in)
                      0.015351    0.000000    2.008278 ^ input1/A (sky130_fd_sc_hd__clkbuf_2)
     4    0.026398    0.113423    0.119163    2.127440 ^ input1/X (sky130_fd_sc_hd__clkbuf_2)
                      0.113469    0.001852    2.129292 ^ _19_/D (sky130_fd_sc_hd__and4_1)
     6    0.019847    0.148068    0.204694    2.333987 ^ _19_/X (sky130_fd_sc_hd__and4_1)
                      0.148068    0.000582    2.334569 ^ _22_/B (sky130_fd_sc_hd__and3_1)
     2    0.008074    0.070249    0.134697    2.469266 ^ _22_/X (sky130_fd_sc_hd__and3_1)
                      0.070249    0.000080    2.469346 ^ _35_/B (sky130_fd_sc_hd__xor2_1)
     1    0.002332    0.075353    0.087102    2.556448 ^ _35_/X (sky130_fd_sc_hd__xor2_1)
                      0.075353    0.000011    2.556458 ^ _43_/D (sky130_fd_sc_hd__dfrtp_1)
                                              2.556458   data arrival time

                                 10.000000   10.000000   clock clk (rise edge)
                                  0.000000   10.000000   clock source latency
     1    0.019943    0.071334    0.049243   10.049244 ^ clk (in)
                      0.071366    0.000000   10.049244 ^ clkbuf_0_clk/A (sky130_fd_sc_hd__clkbuf_16)
     2    0.017939    0.030212    0.094339   10.143582 ^ clkbuf_0_clk/X (sky130_fd_sc_hd__clkbuf_16)
                      0.030217    0.000137   10.143719 ^ clkbuf_1_1__f_clk/A (sky130_fd_sc_hd__clkbuf_16)
     4    0.015695    0.028294    0.081326   10.225045 ^ clkbuf_1_1__f_clk/X (sky130_fd_sc_hd__clkbuf_16)
                      0.028294    0.000155   10.225201 ^ _43_/CLK (sky130_fd_sc_hd__dfrtp_1)
                                 -0.250000    9.975201   clock uncertainty
                                  0.000000    9.975201   clock reconvergence pessimism
                                 -0.038115    9.937085   library setup time
                                              9.937085   data required time
---------------------------------------------------------------------------------------------
                                              9.937085   data required time
                                             -2.556458   data arrival time
---------------------------------------------------------------------------------------------
                                              7.380627   slack (MET)


Startpoint: enable (input port clocked by clk)
Endpoint: _40_ (rising edge-triggered flip-flop clocked by clk)
Path Group: clk
Path Type: max

Fanout         Cap        Slew       Delay        Time   Description
---------------------------------------------------------------------------------------------
                                  0.000000    0.000000   clock clk (rise edge)
                                  0.000000    0.000000   clock network delay (propagated)
                                  2.000000    2.000000 v input external delay
     1    0.002972    0.004981    0.002415    2.002415 v enable (in)
                      0.004981    0.000000    2.002415 v input1/A (sky130_fd_sc_hd__clkbuf_2)
     4    0.025587    0.070174    0.099926    2.102341 v input1/X (sky130_fd_sc_hd__clkbuf_2)
                      0.070264    0.001785    2.104126 v _19_/D (sky130_fd_sc_hd__and4_1)
     6    0.018876    0.072458    0.187283    2.291409 v _19_/X (sky130_fd_sc_hd__and4_1)
                      0.072459    0.000383    2.291793 v _30_/B (sky130_fd_sc_hd__or2_1)
     1    0.001946    0.029298    0.128422    2.420214 v _30_/X (sky130_fd_sc_hd__or2_1)
                      0.029298    0.000018    2.420232 v _31_/B (sky130_fd_sc_hd__and2_1)
     1    0.002338    0.023926    0.092113    2.512346 v _31_/X (sky130_fd_sc_hd__and2_1)
                      0.023926    0.000012    2.512357 v _40_/D (sky130_fd_sc_hd__dfrtp_4)
                                              2.512357   data arrival time

                                 10.000000   10.000000   clock clk (rise edge)
                                  0.000000   10.000000   clock source latency
     1    0.019943    0.071334    0.049243   10.049244 ^ clk (in)
                      0.071366    0.000000   10.049244 ^ clkbuf_0_clk/A (sky130_fd_sc_hd__clkbuf_16)
     2    0.017939    0.030212    0.094339   10.143582 ^ clkbuf_0_clk/X (sky130_fd_sc_hd__clkbuf_16)
                      0.030217    0.000178   10.143760 ^ clkbuf_1_0__f_clk/A (sky130_fd_sc_hd__clkbuf_16)
     5    0.016622    0.028912    0.082006   10.225766 ^ clkbuf_1_0__f_clk/X (sky130_fd_sc_hd__clkbuf_16)
                      0.028912    0.000096   10.225863 ^ _40_/CLK (sky130_fd_sc_hd__dfrtp_4)
                                 -0.250000    9.975863   clock uncertainty
                                  0.000000    9.975863   clock reconvergence pessimism
                                 -0.069904    9.905958   library setup time
                                              9.905958   data required time
---------------------------------------------------------------------------------------------
                                              9.905958   data required time
                                             -2.512357   data arrival time
---------------------------------------------------------------------------------------------
                                              7.393600   slack (MET)


Startpoint: enable (input port clocked by clk)
Endpoint: _41_ (rising edge-triggered flip-flop clocked by clk)
Path Group: clk
Path Type: max

Fanout         Cap        Slew       Delay        Time   Description
---------------------------------------------------------------------------------------------
                                  0.000000    0.000000   clock clk (rise edge)
                                  0.000000    0.000000   clock network delay (propagated)
                                  2.000000    2.000000 ^ input external delay
     1    0.003201    0.015351    0.008278    2.008278 ^ enable (in)
                      0.015351    0.000000    2.008278 ^ input1/A (sky130_fd_sc_hd__clkbuf_2)
     4    0.026398    0.113423    0.119163    2.127440 ^ input1/X (sky130_fd_sc_hd__clkbuf_2)
                      0.113469    0.001852    2.129292 ^ _19_/D (sky130_fd_sc_hd__and4_1)
     6    0.019847    0.148068    0.204694    2.333987 ^ _19_/X (sky130_fd_sc_hd__and4_1)
                      0.148068    0.000425    2.334412 ^ _20_/B (sky130_fd_sc_hd__nand2_1)
     2    0.007061    0.052696    0.058638    2.393050 v _20_/Y (sky130_fd_sc_hd__nand2_1)
                      0.052696    0.000107    2.393157 v _32_/B (sky130_fd_sc_hd__xnor2_1)
     1    0.002405    0.027662    0.082181    2.475338 v _32_/Y (sky130_fd_sc_hd__xnor2_1)
                      0.027662    0.000021    2.475359 v _41_/D (sky130_fd_sc_hd__dfrtp_4)
                                              2.475359   data arrival time

                                 10.000000   10.000000   clock clk (rise edge)
                                  0.000000   10.000000   clock source latency
     1    0.019943    0.071334    0.049243   10.049244 ^ clk (in)
                      0.071366    0.000000   10.049244 ^ clkbuf_0_clk/A (sky130_fd_sc_hd__clkbuf_16)
     2    0.017939    0.030212    0.094339   10.143582 ^ clkbuf_0_clk/X (sky130_fd_sc_hd__clkbuf_16)
                      0.030217    0.000137   10.143719 ^ clkbuf_1_1__f_clk/A (sky130_fd_sc_hd__clkbuf_16)
     4    0.015695    0.028294    0.081326   10.225045 ^ clkbuf_1_1__f_clk/X (sky130_fd_sc_hd__clkbuf_16)
                      0.028298    0.000305   10.225349 ^ _41_/CLK (sky130_fd_sc_hd__dfrtp_4)
                                 -0.250000    9.975349   clock uncertainty
                                  0.000000    9.975349   clock reconvergence pessimism
                                 -0.071295    9.904054   library setup time
                                              9.904054   data required time
---------------------------------------------------------------------------------------------
                                              9.904054   data required time
                                             -2.475359   data arrival time
---------------------------------------------------------------------------------------------
                                              7.428695   slack (MET)


Startpoint: enable (input port clocked by clk)
Endpoint: _39_ (rising edge-triggered flip-flop clocked by clk)
Path Group: clk
Path Type: max

Fanout         Cap        Slew       Delay        Time   Description
---------------------------------------------------------------------------------------------
                                  0.000000    0.000000   clock clk (rise edge)
                                  0.000000    0.000000   clock network delay (propagated)
                                  2.000000    2.000000 ^ input external delay
     1    0.003201    0.015351    0.008278    2.008278 ^ enable (in)
                      0.015351    0.000000    2.008278 ^ input1/A (sky130_fd_sc_hd__clkbuf_2)
     4    0.026398    0.113423    0.119163    2.127440 ^ input1/X (sky130_fd_sc_hd__clkbuf_2)
                      0.113469    0.001852    2.129292 ^ _19_/D (sky130_fd_sc_hd__and4_1)
     6    0.019847    0.148068    0.204694    2.333987 ^ _19_/X (sky130_fd_sc_hd__and4_1)
                      0.148068    0.000180    2.334167 ^ _29_/A (sky130_fd_sc_hd__nor2_1)
     1    0.002598    0.038190    0.032293    2.366461 v _29_/Y (sky130_fd_sc_hd__nor2_1)
                      0.038190    0.000026    2.366486 v _39_/D (sky130_fd_sc_hd__dfrtp_1)
                                              2.366486   data arrival time

                                 10.000000   10.000000   clock clk (rise edge)
                                  0.000000   10.000000   clock source latency
     1    0.019943    0.071334    0.049243   10.049244 ^ clk (in)
                      0.071366    0.000000   10.049244 ^ clkbuf_0_clk/A (sky130_fd_sc_hd__clkbuf_16)
     2    0.017939    0.030212    0.094339   10.143582 ^ clkbuf_0_clk/X (sky130_fd_sc_hd__clkbuf_16)
                      0.030217    0.000178   10.143760 ^ clkbuf_1_0__f_clk/A (sky130_fd_sc_hd__clkbuf_16)
     5    0.016622    0.028912    0.082006   10.225766 ^ clkbuf_1_0__f_clk/X (sky130_fd_sc_hd__clkbuf_16)
                      0.028912    0.000075   10.225841 ^ _39_/CLK (sky130_fd_sc_hd__dfrtp_1)
                                 -0.250000    9.975841   clock uncertainty
                                  0.000000    9.975841   clock reconvergence pessimism
                                 -0.074953    9.900888   library setup time
                                              9.900888   data required time
---------------------------------------------------------------------------------------------
                                              9.900888   data required time
                                             -2.366486   data arrival time
---------------------------------------------------------------------------------------------
                                              7.534402   slack (MET)


Startpoint: enable (input port clocked by clk)
Endpoint: _38_ (rising edge-triggered flip-flop clocked by clk)
Path Group: clk
Path Type: max

Fanout         Cap        Slew       Delay        Time   Description
---------------------------------------------------------------------------------------------
                                  0.000000    0.000000   clock clk (rise edge)
                                  0.000000    0.000000   clock network delay (propagated)
                                  2.000000    2.000000 ^ input external delay
     1    0.003201    0.015351    0.008278    2.008278 ^ enable (in)
                      0.015351    0.000000    2.008278 ^ input1/A (sky130_fd_sc_hd__clkbuf_2)
     4    0.026398    0.113423    0.119163    2.127440 ^ input1/X (sky130_fd_sc_hd__clkbuf_2)
                      0.113470    0.001880    2.129321 ^ _18_/C (sky130_fd_sc_hd__and3_1)
     2    0.007272    0.064783    0.125384    2.254705 ^ _18_/X (sky130_fd_sc_hd__and3_1)
                      0.064783    0.000058    2.254764 ^ _27_/A (sky130_fd_sc_hd__nor2_1)
     1    0.003083    0.026861    0.030872    2.285635 v _27_/Y (sky130_fd_sc_hd__nor2_1)
                      0.026861    0.000038    2.285673 v _38_/D (sky130_fd_sc_hd__dfrtp_1)
                                              2.285673   data arrival time

                                 10.000000   10.000000   clock clk (rise edge)
                                  0.000000   10.000000   clock source latency
     1    0.019943    0.071334    0.049243   10.049244 ^ clk (in)
                      0.071366    0.000000   10.049244 ^ clkbuf_0_clk/A (sky130_fd_sc_hd__clkbuf_16)
     2    0.017939    0.030212    0.094339   10.143582 ^ clkbuf_0_clk/X (sky130_fd_sc_hd__clkbuf_16)
                      0.030217    0.000178   10.143760 ^ clkbuf_1_0__f_clk/A (sky130_fd_sc_hd__clkbuf_16)
     5    0.016622    0.028912    0.082006   10.225766 ^ clkbuf_1_0__f_clk/X (sky130_fd_sc_hd__clkbuf_16)
                      0.028912    0.000118   10.225884 ^ _38_/CLK (sky130_fd_sc_hd__dfrtp_1)
                                 -0.250000    9.975884   clock uncertainty
                                  0.000000    9.975884   clock reconvergence pessimism
                                 -0.070906    9.904979   library setup time
                                              9.904979   data required time
---------------------------------------------------------------------------------------------
                                              9.904979   data required time
                                             -2.285673   data arrival time
---------------------------------------------------------------------------------------------
                                              7.619306   slack (MET)


Startpoint: enable (input port clocked by clk)
Endpoint: _37_ (rising edge-triggered flip-flop clocked by clk)
Path Group: clk
Path Type: max

Fanout         Cap        Slew       Delay        Time   Description
---------------------------------------------------------------------------------------------
                                  0.000000    0.000000   clock clk (rise edge)
                                  0.000000    0.000000   clock network delay (propagated)
                                  2.000000    2.000000 v input external delay
     1    0.002972    0.004981    0.002415    2.002415 v enable (in)
                      0.004981    0.000000    2.002415 v input1/A (sky130_fd_sc_hd__clkbuf_2)
     4    0.025587    0.070174    0.099926    2.102341 v input1/X (sky130_fd_sc_hd__clkbuf_2)
                      0.070266    0.001822    2.104163 v _25_/B (sky130_fd_sc_hd__xor2_1)
     1    0.002821    0.042104    0.098969    2.203133 v _25_/X (sky130_fd_sc_hd__xor2_1)
                      0.042104    0.000031    2.203164 v _37_/D (sky130_fd_sc_hd__dfrtp_2)
                                              2.203164   data arrival time

                                 10.000000   10.000000   clock clk (rise edge)
                                  0.000000   10.000000   clock source latency
     1    0.019943    0.071334    0.049243   10.049244 ^ clk (in)
                      0.071366    0.000000   10.049244 ^ clkbuf_0_clk/A (sky130_fd_sc_hd__clkbuf_16)
     2    0.017939    0.030212    0.094339   10.143582 ^ clkbuf_0_clk/X (sky130_fd_sc_hd__clkbuf_16)
                      0.030217    0.000178   10.143760 ^ clkbuf_1_0__f_clk/A (sky130_fd_sc_hd__clkbuf_16)
     5    0.016622    0.028912    0.082006   10.225766 ^ clkbuf_1_0__f_clk/X (sky130_fd_sc_hd__clkbuf_16)
                      0.028912    0.000104   10.225870 ^ _37_/CLK (sky130_fd_sc_hd__dfrtp_2)
                                 -0.250000    9.975870   clock uncertainty
                                  0.000000    9.975870   clock reconvergence pessimism
                                 -0.077572    9.898298   library setup time
                                              9.898298   data required time
---------------------------------------------------------------------------------------------
                                              9.898298   data required time
                                             -2.203164   data arrival time
---------------------------------------------------------------------------------------------
                                              7.695135   slack (MET)


Startpoint: rst_n (input port clocked by clk)
Endpoint: _41_ (recovery check against rising-edge clock clk)
Path Group: asynchronous
Path Type: max

Fanout         Cap        Slew       Delay        Time   Description
---------------------------------------------------------------------------------------------
                                  0.000000    0.000000   clock clk (rise edge)
                                  0.000000    0.000000   clock network delay (propagated)
                                  2.000000    2.000000 ^ input external delay
     1    0.002875    0.014185    0.007419    2.007418 ^ rst_n (in)
                      0.014185    0.000000    2.007418 ^ input2/A (sky130_fd_sc_hd__clkbuf_4)
     8    0.053351    0.125635    0.147956    2.155375 ^ input2/X (sky130_fd_sc_hd__clkbuf_4)
                      0.125868    0.004423    2.159797 ^ _41_/RESET_B (sky130_fd_sc_hd__dfrtp_4)
                                              2.159797   data arrival time

                                 10.000000   10.000000   clock clk (rise edge)
                                  0.000000   10.000000   clock source latency
     1    0.019943    0.071334    0.049243   10.049244 ^ clk (in)
                      0.071366    0.000000   10.049244 ^ clkbuf_0_clk/A (sky130_fd_sc_hd__clkbuf_16)
     2    0.017939    0.030212    0.094339   10.143582 ^ clkbuf_0_clk/X (sky130_fd_sc_hd__clkbuf_16)
                      0.030217    0.000137   10.143719 ^ clkbuf_1_1__f_clk/A (sky130_fd_sc_hd__clkbuf_16)
     4    0.015695    0.028294    0.081326   10.225045 ^ clkbuf_1_1__f_clk/X (sky130_fd_sc_hd__clkbuf_16)
                      0.028298    0.000305   10.225349 ^ _41_/CLK (sky130_fd_sc_hd__dfrtp_4)
                                 -0.250000    9.975349   clock uncertainty
                                  0.000000    9.975349   clock reconvergence pessimism
                                  0.100793   10.076143   library recovery time
                                             10.076143   data required time
---------------------------------------------------------------------------------------------
                                             10.076143   data required time
                                             -2.159797   data arrival time
---------------------------------------------------------------------------------------------
                                              7.916345   slack (MET)


Startpoint: rst_n (input port clocked by clk)
Endpoint: _40_ (recovery check against rising-edge clock clk)
Path Group: asynchronous
Path Type: max

Fanout         Cap        Slew       Delay        Time   Description
---------------------------------------------------------------------------------------------
                                  0.000000    0.000000   clock clk (rise edge)
                                  0.000000    0.000000   clock network delay (propagated)
                                  2.000000    2.000000 ^ input external delay
     1    0.002875    0.014185    0.007419    2.007418 ^ rst_n (in)
                      0.014185    0.000000    2.007418 ^ input2/A (sky130_fd_sc_hd__clkbuf_4)
     8    0.053351    0.125635    0.147956    2.155375 ^ input2/X (sky130_fd_sc_hd__clkbuf_4)
                      0.125871    0.004444    2.159819 ^ _40_/RESET_B (sky130_fd_sc_hd__dfrtp_4)
                                              2.159819   data arrival time

                                 10.000000   10.000000   clock clk (rise edge)
                                  0.000000   10.000000   clock source latency
     1    0.019943    0.071334    0.049243   10.049244 ^ clk (in)
                      0.071366    0.000000   10.049244 ^ clkbuf_0_clk/A (sky130_fd_sc_hd__clkbuf_16)
     2    0.017939    0.030212    0.094339   10.143582 ^ clkbuf_0_clk/X (sky130_fd_sc_hd__clkbuf_16)
                      0.030217    0.000178   10.143760 ^ clkbuf_1_0__f_clk/A (sky130_fd_sc_hd__clkbuf_16)
     5    0.016622    0.028912    0.082006   10.225766 ^ clkbuf_1_0__f_clk/X (sky130_fd_sc_hd__clkbuf_16)
                      0.028912    0.000096   10.225863 ^ _40_/CLK (sky130_fd_sc_hd__dfrtp_4)
                                 -0.250000    9.975863   clock uncertainty
                                  0.000000    9.975863   clock reconvergence pessimism
                                  0.100889   10.076752   library recovery time
                                             10.076752   data required time
---------------------------------------------------------------------------------------------
                                             10.076752   data required time
                                             -2.159819   data arrival time
---------------------------------------------------------------------------------------------
                                              7.916932   slack (MET)


Startpoint: rst_n (input port clocked by clk)
Endpoint: _37_ (recovery check against rising-edge clock clk)
Path Group: asynchronous
Path Type: max

Fanout         Cap        Slew       Delay        Time   Description
---------------------------------------------------------------------------------------------
                                  0.000000    0.000000   clock clk (rise edge)
                                  0.000000    0.000000   clock network delay (propagated)
                                  2.000000    2.000000 ^ input external delay
     1    0.002875    0.014185    0.007419    2.007418 ^ rst_n (in)
                      0.014185    0.000000    2.007418 ^ input2/A (sky130_fd_sc_hd__clkbuf_4)
     8    0.053351    0.125635    0.147956    2.155375 ^ input2/X (sky130_fd_sc_hd__clkbuf_4)
                      0.125741    0.003015    2.158390 ^ _37_/RESET_B (sky130_fd_sc_hd__dfrtp_2)
                                              2.158390   data arrival time

                                 10.000000   10.000000   clock clk (rise edge)
                                  0.000000   10.000000   clock source latency
     1    0.019943    0.071334    0.049243   10.049244 ^ clk (in)
                      0.071366    0.000000   10.049244 ^ clkbuf_0_clk/A (sky130_fd_sc_hd__clkbuf_16)
     2    0.017939    0.030212    0.094339   10.143582 ^ clkbuf_0_clk/X (sky130_fd_sc_hd__clkbuf_16)
                      0.030217    0.000178   10.143760 ^ clkbuf_1_0__f_clk/A (sky130_fd_sc_hd__clkbuf_16)
     5    0.016622    0.028912    0.082006   10.225766 ^ clkbuf_1_0__f_clk/X (sky130_fd_sc_hd__clkbuf_16)
                      0.028912    0.000104   10.225870 ^ _37_/CLK (sky130_fd_sc_hd__dfrtp_2)
                                 -0.250000    9.975870   clock uncertainty
                                  0.000000    9.975870   clock reconvergence pessimism
                                  0.109060   10.084930   library recovery time
                                             10.084930   data required time
---------------------------------------------------------------------------------------------
                                             10.084930   data required time
                                             -2.158390   data arrival time
---------------------------------------------------------------------------------------------
                                              7.926540   slack (MET)


Startpoint: rst_n (input port clocked by clk)
Endpoint: _42_ (recovery check against rising-edge clock clk)
Path Group: asynchronous
Path Type: max

Fanout         Cap        Slew       Delay        Time   Description
---------------------------------------------------------------------------------------------
                                  0.000000    0.000000   clock clk (rise edge)
                                  0.000000    0.000000   clock network delay (propagated)
                                  2.000000    2.000000 ^ input external delay
     1    0.002875    0.014185    0.007419    2.007418 ^ rst_n (in)
                      0.014185    0.000000    2.007418 ^ input2/A (sky130_fd_sc_hd__clkbuf_4)
     8    0.053351    0.125635    0.147956    2.155375 ^ input2/X (sky130_fd_sc_hd__clkbuf_4)
                      0.125856    0.004310    2.159685 ^ _42_/RESET_B (sky130_fd_sc_hd__dfrtp_1)
                                              2.159685   data arrival time

                                 10.000000   10.000000   clock clk (rise edge)
                                  0.000000   10.000000   clock source latency
     1    0.019943    0.071334    0.049243   10.049244 ^ clk (in)
                      0.071366    0.000000   10.049244 ^ clkbuf_0_clk/A (sky130_fd_sc_hd__clkbuf_16)
     2    0.017939    0.030212    0.094339   10.143582 ^ clkbuf_0_clk/X (sky130_fd_sc_hd__clkbuf_16)
                      0.030217    0.000137   10.143719 ^ clkbuf_1_1__f_clk/A (sky130_fd_sc_hd__clkbuf_16)
     4    0.015695    0.028294    0.081326   10.225045 ^ clkbuf_1_1__f_clk/X (sky130_fd_sc_hd__clkbuf_16)
                      0.028298    0.000253   10.225298 ^ _42_/CLK (sky130_fd_sc_hd__dfrtp_1)
                                 -0.250000    9.975298   clock uncertainty
                                  0.000000    9.975298   clock reconvergence pessimism
                                  0.125504   10.100802   library recovery time
                                             10.100802   data required time
---------------------------------------------------------------------------------------------
                                             10.100802   data required time
                                             -2.159685   data arrival time
---------------------------------------------------------------------------------------------
                                              7.941117   slack (MET)


Startpoint: rst_n (input port clocked by clk)
Endpoint: _43_ (recovery check against rising-edge clock clk)
Path Group: asynchronous
Path Type: max

Fanout         Cap        Slew       Delay        Time   Description
---------------------------------------------------------------------------------------------
                                  0.000000    0.000000   clock clk (rise edge)
                                  0.000000    0.000000   clock network delay (propagated)
                                  2.000000    2.000000 ^ input external delay
     1    0.002875    0.014185    0.007419    2.007418 ^ rst_n (in)
                      0.014185    0.000000    2.007418 ^ input2/A (sky130_fd_sc_hd__clkbuf_4)
     8    0.053351    0.125635    0.147956    2.155375 ^ input2/X (sky130_fd_sc_hd__clkbuf_4)
                      0.125837    0.004124    2.159498 ^ _43_/RESET_B (sky130_fd_sc_hd__dfrtp_1)
                                              2.159498   data arrival time

                                 10.000000   10.000000   clock clk (rise edge)
                                  0.000000   10.000000   clock source latency
     1    0.019943    0.071334    0.049243   10.049244 ^ clk (in)
                      0.071366    0.000000   10.049244 ^ clkbuf_0_clk/A (sky130_fd_sc_hd__clkbuf_16)
     2    0.017939    0.030212    0.094339   10.143582 ^ clkbuf_0_clk/X (sky130_fd_sc_hd__clkbuf_16)
                      0.030217    0.000137   10.143719 ^ clkbuf_1_1__f_clk/A (sky130_fd_sc_hd__clkbuf_16)
     4    0.015695    0.028294    0.081326   10.225045 ^ clkbuf_1_1__f_clk/X (sky130_fd_sc_hd__clkbuf_16)
                      0.028294    0.000155   10.225201 ^ _43_/CLK (sky130_fd_sc_hd__dfrtp_1)
                                 -0.250000    9.975201   clock uncertainty
                                  0.000000    9.975201   clock reconvergence pessimism
                                  0.125507   10.100708   library recovery time
                                             10.100708   data required time
---------------------------------------------------------------------------------------------
                                             10.100708   data required time
                                             -2.159498   data arrival time
---------------------------------------------------------------------------------------------
                                              7.941210   slack (MET)


Startpoint: rst_n (input port clocked by clk)
Endpoint: _44_ (recovery check against rising-edge clock clk)
Path Group: asynchronous
Path Type: max

Fanout         Cap        Slew       Delay        Time   Description
---------------------------------------------------------------------------------------------
                                  0.000000    0.000000   clock clk (rise edge)
                                  0.000000    0.000000   clock network delay (propagated)
                                  2.000000    2.000000 ^ input external delay
     1    0.002875    0.014185    0.007419    2.007418 ^ rst_n (in)
                      0.014185    0.000000    2.007418 ^ input2/A (sky130_fd_sc_hd__clkbuf_4)
     8    0.053351    0.125635    0.147956    2.155375 ^ input2/X (sky130_fd_sc_hd__clkbuf_4)
                      0.125821    0.003958    2.159333 ^ _44_/RESET_B (sky130_fd_sc_hd__dfrtp_1)
                                              2.159333   data arrival time

                                 10.000000   10.000000   clock clk (rise edge)
                                  0.000000   10.000000   clock source latency
     1    0.019943    0.071334    0.049243   10.049244 ^ clk (in)
                      0.071366    0.000000   10.049244 ^ clkbuf_0_clk/A (sky130_fd_sc_hd__clkbuf_16)
     2    0.017939    0.030212    0.094339   10.143582 ^ clkbuf_0_clk/X (sky130_fd_sc_hd__clkbuf_16)
                      0.030217    0.000137   10.143719 ^ clkbuf_1_1__f_clk/A (sky130_fd_sc_hd__clkbuf_16)
     4    0.015695    0.028294    0.081326   10.225045 ^ clkbuf_1_1__f_clk/X (sky130_fd_sc_hd__clkbuf_16)
                      0.028294    0.000178   10.225223 ^ _44_/CLK (sky130_fd_sc_hd__dfrtp_1)
                                 -0.250000    9.975223   clock uncertainty
                                  0.000000    9.975223   clock reconvergence pessimism
                                  0.125510   10.100733   library recovery time
                                             10.100733   data required time
---------------------------------------------------------------------------------------------
                                             10.100733   data required time
                                             -2.159333   data arrival time
---------------------------------------------------------------------------------------------
                                              7.941400   slack (MET)


Startpoint: rst_n (input port clocked by clk)
Endpoint: _39_ (recovery check against rising-edge clock clk)
Path Group: asynchronous
Path Type: max

Fanout         Cap        Slew       Delay        Time   Description
---------------------------------------------------------------------------------------------
                                  0.000000    0.000000   clock clk (rise edge)
                                  0.000000    0.000000   clock network delay (propagated)
                                  2.000000    2.000000 ^ input external delay
     1    0.002875    0.014185    0.007419    2.007418 ^ rst_n (in)
                      0.014185    0.000000    2.007418 ^ input2/A (sky130_fd_sc_hd__clkbuf_4)
     8    0.053351    0.125635    0.147956    2.155375 ^ input2/X (sky130_fd_sc_hd__clkbuf_4)
                      0.125796    0.003692    2.159067 ^ _39_/RESET_B (sky130_fd_sc_hd__dfrtp_1)
                                              2.159067   data arrival time

                                 10.000000   10.000000   clock clk (rise edge)
                                  0.000000   10.000000   clock source latency
     1    0.019943    0.071334    0.049243   10.049244 ^ clk (in)
                      0.071366    0.000000   10.049244 ^ clkbuf_0_clk/A (sky130_fd_sc_hd__clkbuf_16)
     2    0.017939    0.030212    0.094339   10.143582 ^ clkbuf_0_clk/X (sky130_fd_sc_hd__clkbuf_16)
                      0.030217    0.000178   10.143760 ^ clkbuf_1_0__f_clk/A (sky130_fd_sc_hd__clkbuf_16)
     5    0.016622    0.028912    0.082006   10.225766 ^ clkbuf_1_0__f_clk/X (sky130_fd_sc_hd__clkbuf_16)
                      0.028912    0.000075   10.225841 ^ _39_/CLK (sky130_fd_sc_hd__dfrtp_1)
                                 -0.250000    9.975841   clock uncertainty
                                  0.000000    9.975841   clock reconvergence pessimism
                                  0.125610   10.101451   library recovery time
                                             10.101451   data required time
---------------------------------------------------------------------------------------------
                                             10.101451   data required time
                                             -2.159067   data arrival time
---------------------------------------------------------------------------------------------
                                              7.942384   slack (MET)


Startpoint: rst_n (input port clocked by clk)
Endpoint: _38_ (recovery check against rising-edge clock clk)
Path Group: asynchronous
Path Type: max

Fanout         Cap        Slew       Delay        Time   Description
---------------------------------------------------------------------------------------------
                                  0.000000    0.000000   clock clk (rise edge)
                                  0.000000    0.000000   clock network delay (propagated)
                                  2.000000    2.000000 ^ input external delay
     1    0.002875    0.014185    0.007419    2.007418 ^ rst_n (in)
                      0.014185    0.000000    2.007418 ^ input2/A (sky130_fd_sc_hd__clkbuf_4)
     8    0.053351    0.125635    0.147956    2.155375 ^ input2/X (sky130_fd_sc_hd__clkbuf_4)
                      0.125721    0.002730    2.158104 ^ _38_/RESET_B (sky130_fd_sc_hd__dfrtp_1)
                                              2.158104   data arrival time

                                 10.000000   10.000000   clock clk (rise edge)
                                  0.000000   10.000000   clock source latency
     1    0.019943    0.071334    0.049243   10.049244 ^ clk (in)
                      0.071366    0.000000   10.049244 ^ clkbuf_0_clk/A (sky130_fd_sc_hd__clkbuf_16)
     2    0.017939    0.030212    0.094339   10.143582 ^ clkbuf_0_clk/X (sky130_fd_sc_hd__clkbuf_16)
                      0.030217    0.000178   10.143760 ^ clkbuf_1_0__f_clk/A (sky130_fd_sc_hd__clkbuf_16)
     5    0.016622    0.028912    0.082006   10.225766 ^ clkbuf_1_0__f_clk/X (sky130_fd_sc_hd__clkbuf_16)
                      0.028912    0.000118   10.225884 ^ _38_/CLK (sky130_fd_sc_hd__dfrtp_1)
                                 -0.250000    9.975884   clock uncertainty
                                  0.000000    9.975884   clock reconvergence pessimism
                                  0.125624   10.101508   library recovery time
                                             10.101508   data required time
---------------------------------------------------------------------------------------------
                                             10.101508   data required time
                                             -2.158104   data arrival time
---------------------------------------------------------------------------------------------
                                              7.943404   slack (MET)



