
===========================================================================
report_checks -path_delay min (Hold)
============================================================================
======================= min_ff_n40C_1v95 Corner ===================================

Warning: corner.tcl line 57, unknown field nets.
Warning: corner.tcl line 57, report_checks -group_count is deprecated. Use -group_path_count instead.
Startpoint: _39_ (rising edge-triggered flip-flop clocked by clk)
Endpoint: _39_ (rising edge-triggered flip-flop clocked by clk)
Path Group: clk
Path Type: min

Fanout         Cap        Slew       Delay        Time   Description
---------------------------------------------------------------------------------------------
                                  0.000000    0.000000   clock clk (rise edge)
                                  0.000000    0.000000   clock source latency
     1    0.019943    0.071334    0.049243    0.049243 ^ clk (in)
                      0.071366    0.000000    0.049243 ^ clkbuf_0_clk/A (sky130_fd_sc_hd__clkbuf_16)
     2    0.017939    0.030212    0.094339    0.143582 ^ clkbuf_0_clk/X (sky130_fd_sc_hd__clkbuf_16)
                      0.030217    0.000178    0.143760 ^ clkbuf_1_0__f_clk/A (sky130_fd_sc_hd__clkbuf_16)
     5    0.016622    0.028912    0.082006    0.225766 ^ clkbuf_1_0__f_clk/X (sky130_fd_sc_hd__clkbuf_16)
                      0.028912    0.000075    0.225841 ^ _39_/CLK (sky130_fd_sc_hd__dfrtp_1)
     3    0.019622    0.134765    0.275024    0.500865 ^ _39_/Q (sky130_fd_sc_hd__dfrtp_1)
                      0.134765    0.000239    0.501104 ^ _28_/A (sky130_fd_sc_hd__nor2_1)
     1    0.002989    0.023162    0.034693    0.535797 v _28_/Y (sky130_fd_sc_hd__nor2_1)
                      0.023162    0.000032    0.535829 v _29_/B (sky130_fd_sc_hd__nor2_1)
     1    0.002625    0.050987    0.050426    0.586254 ^ _29_/Y (sky130_fd_sc_hd__nor2_1)
                      0.050987    0.000026    0.586280 ^ _39_/D (sky130_fd_sc_hd__dfrtp_1)
                                              0.586280   data arrival time

                                  0.000000    0.000000   clock clk (rise edge)
                                  0.000000    0.000000   clock source latency
     1    0.019943    0.071334    0.049243    0.049243 ^ clk (in)
                      0.071366    0.000000    0.049243 ^ clkbuf_0_clk/A (sky130_fd_sc_hd__clkbuf_16)
     2    0.017939    0.030212    0.094339    0.143582 ^ clkbuf_0_clk/X (sky130_fd_sc_hd__clkbuf_16)
                      0.030217    0.000178    0.143760 ^ clkbuf_1_0__f_clk/A (sky130_fd_sc_hd__clkbuf_16)
     5    0.016622    0.028912    0.082006    0.225766 ^ clkbuf_1_0__f_clk/X (sky130_fd_sc_hd__clkbuf_16)
                      0.028912    0.000075    0.225841 ^ _39_/CLK (sky130_fd_sc_hd__dfrtp_1)
                                  0.250000    0.475841   clock uncertainty
                                  0.000000    0.475841   clock reconvergence pessimism
                                 -0.021359    0.454482   library hold time
                                              0.454482   data required time
---------------------------------------------------------------------------------------------
                                              0.454482   data required time
                                             -0.586280   data arrival time
---------------------------------------------------------------------------------------------
                                              0.131798   slack (MET)


Startpoint: _37_ (rising edge-triggered flip-flop clocked by clk)
Endpoint: _38_ (rising edge-triggered flip-flop clocked by clk)
Path Group: clk
Path Type: min

Fanout         Cap        Slew       Delay        Time   Description
---------------------------------------------------------------------------------------------
                                  0.000000    0.000000   clock clk (rise edge)
                                  0.000000    0.000000   clock source latency
     1    0.019943    0.071334    0.049243    0.049243 ^ clk (in)
                      0.071366    0.000000    0.049243 ^ clkbuf_0_clk/A (sky130_fd_sc_hd__clkbuf_16)
     2    0.017939    0.030212    0.094339    0.143582 ^ clkbuf_0_clk/X (sky130_fd_sc_hd__clkbuf_16)
                      0.030217    0.000178    0.143760 ^ clkbuf_1_0__f_clk/A (sky130_fd_sc_hd__clkbuf_16)
     5    0.016622    0.028912    0.082006    0.225766 ^ clkbuf_1_0__f_clk/X (sky130_fd_sc_hd__clkbuf_16)
                      0.028912    0.000104    0.225870 ^ _37_/CLK (sky130_fd_sc_hd__dfrtp_2)
     5    0.022818    0.090011    0.261373    0.487242 ^ _37_/Q (sky130_fd_sc_hd__dfrtp_2)
                      0.090011    0.000170    0.487412 ^ _26_/A1 (sky130_fd_sc_hd__a21oi_1)
     1    0.003005    0.036515    0.041348    0.528760 v _26_/Y (sky130_fd_sc_hd__a21oi_1)
                      0.036515    0.000033    0.528793 v _27_/B (sky130_fd_sc_hd__nor2_1)
     1    0.003110    0.056669    0.059586    0.588379 ^ _27_/Y (sky130_fd_sc_hd__nor2_1)
                      0.056669    0.000038    0.588417 ^ _38_/D (sky130_fd_sc_hd__dfrtp_1)
                                              0.588417   data arrival time

                                  0.000000    0.000000   clock clk (rise edge)
                                  0.000000    0.000000   clock source latency
     1    0.019943    0.071334    0.049243    0.049243 ^ clk (in)
                      0.071366    0.000000    0.049243 ^ clkbuf_0_clk/A (sky130_fd_sc_hd__clkbuf_16)
     2    0.017939    0.030212    0.094339    0.143582 ^ clkbuf_0_clk/X (sky130_fd_sc_hd__clkbuf_16)
                      0.030217    0.000178    0.143760 ^ clkbuf_1_0__f_clk/A (sky130_fd_sc_hd__clkbuf_16)
     5    0.016622    0.028912    0.082006    0.225766 ^ clkbuf_1_0__f_clk/X (sky130_fd_sc_hd__clkbuf_16)
                      0.028912    0.000118    0.225885 ^ _38_/CLK (sky130_fd_sc_hd__dfrtp_1)
                                  0.250000    0.475884   clock uncertainty
                                  0.000000    0.475884   clock reconvergence pessimism
                                 -0.021789    0.454095   library hold time
                                              0.454095   data required time
---------------------------------------------------------------------------------------------
                                              0.454095   data required time
                                             -0.588417   data arrival time
---------------------------------------------------------------------------------------------
                                              0.134322   slack (MET)


Startpoint: _42_ (rising edge-triggered flip-flop clocked by clk)
Endpoint: _42_ (rising edge-triggered flip-flop clocked by clk)
Path Group: clk
Path Type: min

Fanout         Cap        Slew       Delay        Time   Description
---------------------------------------------------------------------------------------------
                                  0.000000    0.000000   clock clk (rise edge)
                                  0.000000    0.000000   clock source latency
     1    0.019943    0.071334    0.049243    0.049243 ^ clk (in)
                      0.071366    0.000000    0.049243 ^ clkbuf_0_clk/A (sky130_fd_sc_hd__clkbuf_16)
     2    0.017939    0.030212    0.094339    0.143582 ^ clkbuf_0_clk/X (sky130_fd_sc_hd__clkbuf_16)
                      0.030217    0.000137    0.143719 ^ clkbuf_1_1__f_clk/A (sky130_fd_sc_hd__clkbuf_16)
     4    0.015695    0.028294    0.081326    0.225045 ^ clkbuf_1_1__f_clk/X (sky130_fd_sc_hd__clkbuf_16)
                      0.028298    0.000253    0.225298 ^ _42_/CLK (sky130_fd_sc_hd__dfrtp_1)
     3    0.019762    0.135684    0.275344    0.500642 ^ _42_/Q (sky130_fd_sc_hd__dfrtp_1)
                      0.135684    0.000461    0.501103 ^ _33_/B1 (sky130_fd_sc_hd__a31o_1)
     1    0.002093    0.024444    0.056697    0.557800 ^ _33_/X (sky130_fd_sc_hd__a31o_1)
                      0.024444    0.000010    0.557810 ^ _34_/B (sky130_fd_sc_hd__and2b_1)
     1    0.002823    0.029297    0.068751    0.626561 ^ _34_/X (sky130_fd_sc_hd__and2b_1)
                      0.029297    0.000030    0.626590 ^ _42_/D (sky130_fd_sc_hd__dfrtp_1)
                                              0.626590   data arrival time

                                  0.000000    0.000000   clock clk (rise edge)
                                  0.000000    0.000000   clock source latency
     1    0.019943    0.071334    0.049243    0.049243 ^ clk (in)
                      0.071366    0.000000    0.049243 ^ clkbuf_0_clk/A (sky130_fd_sc_hd__clkbuf_16)
     2    0.017939    0.030212    0.094339    0.143582 ^ clkbuf_0_clk/X (sky130_fd_sc_hd__clkbuf_16)
                      0.030217    0.000137    0.143719 ^ clkbuf_1_1__f_clk/A (sky130_fd_sc_hd__clkbuf_16)
     4    0.015695    0.028294    0.081326    0.225045 ^ clkbuf_1_1__f_clk/X (sky130_fd_sc_hd__clkbuf_16)
                      0.028298    0.000253    0.225298 ^ _42_/CLK (sky130_fd_sc_hd__dfrtp_1)
                                  0.250000    0.475298   clock uncertainty
                                  0.000000    0.475298   clock reconvergence pessimism
                                 -0.019734    0.455564   library hold time
                                              0.455564   data required time
---------------------------------------------------------------------------------------------
                                              0.455564   data required time
                                             -0.626590   data arrival time
---------------------------------------------------------------------------------------------
                                              0.171026   slack (MET)


Startpoint: _40_ (rising edge-triggered flip-flop clocked by clk)
Endpoint: _41_ (rising edge-triggered flip-flop clocked by clk)
Path Group: clk
Path Type: min

Fanout         Cap        Slew       Delay        Time   Description
---------------------------------------------------------------------------------------------
                                  0.000000    0.000000   clock clk (rise edge)
                                  0.000000    0.000000   clock source latency
     1    0.019943    0.071334    0.049243    0.049243 ^ clk (in)
                      0.071366    0.000000    0.049243 ^ clkbuf_0_clk/A (sky130_fd_sc_hd__clkbuf_16)
     2    0.017939    0.030212    0.094339    0.143582 ^ clkbuf_0_clk/X (sky130_fd_sc_hd__clkbuf_16)
                      0.030217    0.000178    0.143760 ^ clkbuf_1_0__f_clk/A (sky130_fd_sc_hd__clkbuf_16)
     5    0.016622    0.028912    0.082006    0.225766 ^ clkbuf_1_0__f_clk/X (sky130_fd_sc_hd__clkbuf_16)
                      0.028912    0.000096    0.225862 ^ _40_/CLK (sky130_fd_sc_hd__dfrtp_4)
     6    0.028477    0.077763    0.285747    0.511609 ^ _40_/Q (sky130_fd_sc_hd__dfrtp_4)
                      0.077764    0.000431    0.512040 ^ _20_/A (sky130_fd_sc_hd__nand2_1)
     2    0.007061    0.043455    0.047467    0.559507 v _20_/Y (sky130_fd_sc_hd__nand2_1)
                      0.043456    0.000107    0.559614 v _32_/B (sky130_fd_sc_hd__xnor2_1)
     1    0.002405    0.022164    0.078509    0.638123 v _32_/Y (sky130_fd_sc_hd__xnor2_1)
                      0.022164    0.000021    0.638144 v _41_/D (sky130_fd_sc_hd__dfrtp_4)
                                              0.638144   data arrival time

                                  0.000000    0.000000   clock clk (rise edge)
                                  0.000000    0.000000   clock source latency
     1    0.019943    0.071334    0.049243    0.049243 ^ clk (in)
                      0.071366    0.000000    0.049243 ^ clkbuf_0_clk/A (sky130_fd_sc_hd__clkbuf_16)
     2    0.017939    0.030212    0.094339    0.143582 ^ clkbuf_0_clk/X (sky130_fd_sc_hd__clkbuf_16)
                      0.030217    0.000137    0.143719 ^ clkbuf_1_1__f_clk/A (sky130_fd_sc_hd__clkbuf_16)
     4    0.015695    0.028294    0.081326    0.225045 ^ clkbuf_1_1__f_clk/X (sky130_fd_sc_hd__clkbuf_16)
                      0.028298    0.000305    0.225349 ^ _41_/CLK (sky130_fd_sc_hd__dfrtp_4)
                                  0.250000    0.475349   clock uncertainty
                                  0.000000    0.475349   clock reconvergence pessimism
                                 -0.025759    0.449591   library hold time
                                              0.449591   data required time
---------------------------------------------------------------------------------------------
                                              0.449591   data required time
                                             -0.638144   data arrival time
---------------------------------------------------------------------------------------------
                                              0.188553   slack (MET)


Startpoint: _40_ (rising edge-triggered flip-flop clocked by clk)
Endpoint: _40_ (rising edge-triggered flip-flop clocked by clk)
Path Group: clk
Path Type: min

Fanout         Cap        Slew       Delay        Time   Description
---------------------------------------------------------------------------------------------
                                  0.000000    0.000000   clock clk (rise edge)
                                  0.000000    0.000000   clock source latency
     1    0.019943    0.071334    0.049243    0.049243 ^ clk (in)
                      0.071366    0.000000    0.049243 ^ clkbuf_0_clk/A (sky130_fd_sc_hd__clkbuf_16)
     2    0.017939    0.030212    0.094339    0.143582 ^ clkbuf_0_clk/X (sky130_fd_sc_hd__clkbuf_16)
                      0.030217    0.000178    0.143760 ^ clkbuf_1_0__f_clk/A (sky130_fd_sc_hd__clkbuf_16)
     5    0.016622    0.028912    0.082006    0.225766 ^ clkbuf_1_0__f_clk/X (sky130_fd_sc_hd__clkbuf_16)
                      0.028912    0.000096    0.225862 ^ _40_/CLK (sky130_fd_sc_hd__dfrtp_4)
     6    0.028477    0.077763    0.285747    0.511609 ^ _40_/Q (sky130_fd_sc_hd__dfrtp_4)
                      0.077763    0.000415    0.512024 ^ _30_/A (sky130_fd_sc_hd__or2_1)
     1    0.002079    0.025256    0.066210    0.578234 ^ _30_/X (sky130_fd_sc_hd__or2_1)
                      0.025256    0.000019    0.578254 ^ _31_/B (sky130_fd_sc_hd__and2_1)
     1    0.002366    0.029815    0.068049    0.646303 ^ _31_/X (sky130_fd_sc_hd__and2_1)
                      0.029815    0.000012    0.646315 ^ _40_/D (sky130_fd_sc_hd__dfrtp_4)
                                              0.646315   data arrival time

                                  0.000000    0.000000   clock clk (rise edge)
                                  0.000000    0.000000   clock source latency
     1    0.019943    0.071334    0.049243    0.049243 ^ clk (in)
                      0.071366    0.000000    0.049243 ^ clkbuf_0_clk/A (sky130_fd_sc_hd__clkbuf_16)
     2    0.017939    0.030212    0.094339    0.143582 ^ clkbuf_0_clk/X (sky130_fd_sc_hd__clkbuf_16)
                      0.030217    0.000178    0.143760 ^ clkbuf_1_0__f_clk/A (sky130_fd_sc_hd__clkbuf_16)
     5    0.016622    0.028912    0.082006    0.225766 ^ clkbuf_1_0__f_clk/X (sky130_fd_sc_hd__clkbuf_16)
                      0.028912    0.000096    0.225862 ^ _40_/CLK (sky130_fd_sc_hd__dfrtp_4)
                                  0.250000    0.475862   clock uncertainty
                                  0.000000    0.475862   clock reconvergence pessimism
                                 -0.019757    0.456105   library hold time
                                              0.456105   data required time
---------------------------------------------------------------------------------------------
                                              0.456105   data required time
                                             -0.646315   data arrival time
---------------------------------------------------------------------------------------------
                                              0.190210   slack (MET)


Startpoint: _40_ (rising edge-triggered flip-flop clocked by clk)
Endpoint: _43_ (rising edge-triggered flip-flop clocked by clk)
Path Group: clk
Path Type: min

Fanout         Cap        Slew       Delay        Time   Description
---------------------------------------------------------------------------------------------
                                  0.000000    0.000000   clock clk (rise edge)
                                  0.000000    0.000000   clock source latency
     1    0.019943    0.071334    0.049243    0.049243 ^ clk (in)
                      0.071366    0.000000    0.049243 ^ clkbuf_0_clk/A (sky130_fd_sc_hd__clkbuf_16)
     2    0.017939    0.030212    0.094339    0.143582 ^ clkbuf_0_clk/X (sky130_fd_sc_hd__clkbuf_16)
                      0.030217    0.000178    0.143760 ^ clkbuf_1_0__f_clk/A (sky130_fd_sc_hd__clkbuf_16)
     5    0.016622    0.028912    0.082006    0.225766 ^ clkbuf_1_0__f_clk/X (sky130_fd_sc_hd__clkbuf_16)
                      0.028912    0.000096    0.225862 ^ _40_/CLK (sky130_fd_sc_hd__dfrtp_4)
     6    0.028477    0.077763    0.285747    0.511609 ^ _40_/Q (sky130_fd_sc_hd__dfrtp_4)
                      0.077766    0.000571    0.512181 ^ _22_/A (sky130_fd_sc_hd__and3_1)
     2    0.008074    0.069225    0.119499    0.631680 ^ _22_/X (sky130_fd_sc_hd__and3_1)
                      0.069225    0.000080    0.631760 ^ _35_/B (sky130_fd_sc_hd__xor2_1)
     1    0.002305    0.023589    0.036527    0.668287 v _35_/X (sky130_fd_sc_hd__xor2_1)
                      0.023589    0.000010    0.668298 v _43_/D (sky130_fd_sc_hd__dfrtp_1)
                                              0.668298   data arrival time

                                  0.000000    0.000000   clock clk (rise edge)
                                  0.000000    0.000000   clock source latency
     1    0.019943    0.071334    0.049243    0.049243 ^ clk (in)
                      0.071366    0.000000    0.049243 ^ clkbuf_0_clk/A (sky130_fd_sc_hd__clkbuf_16)
     2    0.017939    0.030212    0.094339    0.143582 ^ clkbuf_0_clk/X (sky130_fd_sc_hd__clkbuf_16)
                      0.030217    0.000137    0.143719 ^ clkbuf_1_1__f_clk/A (sky130_fd_sc_hd__clkbuf_16)
     4    0.015695    0.028294    0.081326    0.225045 ^ clkbuf_1_1__f_clk/X (sky130_fd_sc_hd__clkbuf_16)
                      0.028294    0.000156    0.225201 ^ _43_/CLK (sky130_fd_sc_hd__dfrtp_1)
                                  0.250000    0.475201   clock uncertainty
                                  0.000000    0.475201   clock reconvergence pessimism
                                 -0.029915    0.445286   library hold time
                                              0.445286   data required time
---------------------------------------------------------------------------------------------
                                              0.445286   data required time
                                             -0.668298   data arrival time
---------------------------------------------------------------------------------------------
                                              0.223011   slack (MET)


Startpoint: _43_ (rising edge-triggered flip-flop clocked by clk)
Endpoint: _44_ (rising edge-triggered flip-flop clocked by clk)
Path Group: clk
Path Type: min

Fanout         Cap        Slew       Delay        Time   Description
---------------------------------------------------------------------------------------------
                                  0.000000    0.000000   clock clk (rise edge)
                                  0.000000    0.000000   clock source latency
     1    0.019943    0.071334    0.049243    0.049243 ^ clk (in)
                      0.071366    0.000000    0.049243 ^ clkbuf_0_clk/A (sky130_fd_sc_hd__clkbuf_16)
     2    0.017939    0.030212    0.094339    0.143582 ^ clkbuf_0_clk/X (sky130_fd_sc_hd__clkbuf_16)
                      0.030217    0.000137    0.143719 ^ clkbuf_1_1__f_clk/A (sky130_fd_sc_hd__clkbuf_16)
     4    0.015695    0.028294    0.081326    0.225045 ^ clkbuf_1_1__f_clk/X (sky130_fd_sc_hd__clkbuf_16)
                      0.028294    0.000156    0.225201 ^ _43_/CLK (sky130_fd_sc_hd__dfrtp_1)
     3    0.015946    0.111393    0.258291    0.483492 ^ _43_/Q (sky130_fd_sc_hd__dfrtp_1)
                      0.111393    0.000258    0.483749 ^ _23_/B (sky130_fd_sc_hd__and4_1)
     2    0.009223    0.077349    0.151362    0.635111 ^ _23_/X (sky130_fd_sc_hd__and4_1)
                      0.077349    0.000158    0.635269 ^ _36_/B (sky130_fd_sc_hd__xor2_1)
     1    0.002501    0.024183    0.038169    0.673438 v _36_/X (sky130_fd_sc_hd__xor2_1)
                      0.024183    0.000024    0.673462 v _44_/D (sky130_fd_sc_hd__dfrtp_1)
                                              0.673462   data arrival time

                                  0.000000    0.000000   clock clk (rise edge)
                                  0.000000    0.000000   clock source latency
     1    0.019943    0.071334    0.049243    0.049243 ^ clk (in)
                      0.071366    0.000000    0.049243 ^ clkbuf_0_clk/A (sky130_fd_sc_hd__clkbuf_16)
     2    0.017939    0.030212    0.094339    0.143582 ^ clkbuf_0_clk/X (sky130_fd_sc_hd__clkbuf_16)
                      0.030217    0.000137    0.143719 ^ clkbuf_1_1__f_clk/A (sky130_fd_sc_hd__clkbuf_16)
     4    0.015695    0.028294    0.081326    0.225045 ^ clkbuf_1_1__f_clk/X (sky130_fd_sc_hd__clkbuf_16)
                      0.028294    0.000178    0.225222 ^ _44_/CLK (sky130_fd_sc_hd__dfrtp_1)
                                  0.250000    0.475222   clock uncertainty
                                  0.000000    0.475222   clock reconvergence pessimism
                                 -0.030108    0.445115   library hold time
                                              0.445115   data required time
---------------------------------------------------------------------------------------------
                                              0.445115   data required time
                                             -0.673462   data arrival time
---------------------------------------------------------------------------------------------
                                              0.228348   slack (MET)


Startpoint: _37_ (rising edge-triggered flip-flop clocked by clk)
Endpoint: _37_ (rising edge-triggered flip-flop clocked by clk)
Path Group: clk
Path Type: min

Fanout         Cap        Slew       Delay        Time   Description
---------------------------------------------------------------------------------------------
                                  0.000000    0.000000   clock clk (rise edge)
                                  0.000000    0.000000   clock source latency
     1    0.019943    0.071334    0.049243    0.049243 ^ clk (in)
                      0.071366    0.000000    0.049243 ^ clkbuf_0_clk/A (sky130_fd_sc_hd__clkbuf_16)
     2    0.017939    0.030212    0.094339    0.143582 ^ clkbuf_0_clk/X (sky130_fd_sc_hd__clkbuf_16)
                      0.030217    0.000178    0.143760 ^ clkbuf_1_0__f_clk/A (sky130_fd_sc_hd__clkbuf_16)
     5    0.016622    0.028912    0.082006    0.225766 ^ clkbuf_1_0__f_clk/X (sky130_fd_sc_hd__clkbuf_16)
                      0.028912    0.000104    0.225870 ^ _37_/CLK (sky130_fd_sc_hd__dfrtp_2)
     5    0.022818    0.090011    0.261373    0.487242 ^ _37_/Q (sky130_fd_sc_hd__dfrtp_2)
                      0.090011    0.000130    0.487372 ^ hold1/A (sky130_fd_sc_hd__dlygate4sd3_1)
     1    0.005345    0.054441    0.396082    0.883454 ^ hold1/X (sky130_fd_sc_hd__dlygate4sd3_1)
                      0.054441    0.000058    0.883512 ^ _25_/A (sky130_fd_sc_hd__xor2_1)
     1    0.002821    0.025175    0.040502    0.924015 v _25_/X (sky130_fd_sc_hd__xor2_1)
                      0.025175    0.000031    0.924046 v _37_/D (sky130_fd_sc_hd__dfrtp_2)
                                              0.924046   data arrival time

                                  0.000000    0.000000   clock clk (rise edge)
                                  0.000000    0.000000   clock source latency
     1    0.019943    0.071334    0.049243    0.049243 ^ clk (in)
                      0.071366    0.000000    0.049243 ^ clkbuf_0_clk/A (sky130_fd_sc_hd__clkbuf_16)
     2    0.017939    0.030212    0.094339    0.143582 ^ clkbuf_0_clk/X (sky130_fd_sc_hd__clkbuf_16)
                      0.030217    0.000178    0.143760 ^ clkbuf_1_0__f_clk/A (sky130_fd_sc_hd__clkbuf_16)
     5    0.016622    0.028912    0.082006    0.225766 ^ clkbuf_1_0__f_clk/X (sky130_fd_sc_hd__clkbuf_16)
                      0.028912    0.000104    0.225870 ^ _37_/CLK (sky130_fd_sc_hd__dfrtp_2)
                                  0.250000    0.475870   clock uncertainty
                                  0.000000    0.475870   clock reconvergence pessimism
                                 -0.027807    0.448063   library hold time
                                              0.448063   data required time
---------------------------------------------------------------------------------------------
                                              0.448063   data required time
                                             -0.924046   data arrival time
---------------------------------------------------------------------------------------------
                                              0.475983   slack (MET)


Startpoint: rst_n (input port clocked by clk)
Endpoint: _38_ (removal check against rising-edge clock clk)
Path Group: asynchronous
Path Type: min

Fanout         Cap        Slew       Delay        Time   Description
---------------------------------------------------------------------------------------------
                                  0.000000    0.000000   clock clk (rise edge)
                                  0.000000    0.000000   clock network delay (propagated)
                                  2.000000    2.000000 ^ input external delay
     1    0.002875    0.014185    0.007419    2.007418 ^ rst_n (in)
                      0.014185    0.000000    2.007418 ^ input2/A (sky130_fd_sc_hd__clkbuf_4)
     8    0.053351    0.125635    0.147956    2.155375 ^ input2/X (sky130_fd_sc_hd__clkbuf_4)
                      0.125721    0.002730    2.158104 ^ _38_/RESET_B (sky130_fd_sc_hd__dfrtp_1)
                                              2.158104   data arrival time

                                  0.000000    0.000000   clock clk (rise edge)
                                  0.000000    0.000000   clock source latency
     1    0.019943    0.071334    0.049243    0.049243 ^ clk (in)
                      0.071366    0.000000    0.049243 ^ clkbuf_0_clk/A (sky130_fd_sc_hd__clkbuf_16)
     2    0.017939    0.030212    0.094339    0.143582 ^ clkbuf_0_clk/X (sky130_fd_sc_hd__clkbuf_16)
                      0.030217    0.000178    0.143760 ^ clkbuf_1_0__f_clk/A (sky130_fd_sc_hd__clkbuf_16)
     5    0.016622    0.028912    0.082006    0.225766 ^ clkbuf_1_0__f_clk/X (sky130_fd_sc_hd__clkbuf_16)
                      0.028912    0.000118    0.225885 ^ _38_/CLK (sky130_fd_sc_hd__dfrtp_1)
                                  0.250000    0.475884   clock uncertainty
                                  0.000000    0.475884   clock reconvergence pessimism
                                  0.221477    0.697361   library removal time
                                              0.697361   data required time
---------------------------------------------------------------------------------------------
                                              0.697361   data required time
                                             -2.158104   data arrival time
---------------------------------------------------------------------------------------------
                                              1.460743   slack (MET)


Startpoint: rst_n (input port clocked by clk)
Endpoint: _37_ (removal check against rising-edge clock clk)
Path Group: asynchronous
Path Type: min

Fanout         Cap        Slew       Delay        Time   Description
---------------------------------------------------------------------------------------------
                                  0.000000    0.000000   clock clk (rise edge)
                                  0.000000    0.000000   clock network delay (propagated)
                                  2.000000    2.000000 ^ input external delay
     1    0.002875    0.014185    0.007419    2.007418 ^ rst_n (in)
                      0.014185    0.000000    2.007418 ^ input2/A (sky130_fd_sc_hd__clkbuf_4)
     8    0.053351    0.125635    0.147956    2.155375 ^ input2/X (sky130_fd_sc_hd__clkbuf_4)
                      0.125741    0.003015    2.158390 ^ _37_/RESET_B (sky130_fd_sc_hd__dfrtp_2)
                                              2.158390   data arrival time

                                  0.000000    0.000000   clock clk (rise edge)
                                  0.000000    0.000000   clock source latency
     1    0.019943    0.071334    0.049243    0.049243 ^ clk (in)
                      0.071366    0.000000    0.049243 ^ clkbuf_0_clk/A (sky130_fd_sc_hd__clkbuf_16)
     2    0.017939    0.030212    0.094339    0.143582 ^ clkbuf_0_clk/X (sky130_fd_sc_hd__clkbuf_16)
                      0.030217    0.000178    0.143760 ^ clkbuf_1_0__f_clk/A (sky130_fd_sc_hd__clkbuf_16)
     5    0.016622    0.028912    0.082006    0.225766 ^ clkbuf_1_0__f_clk/X (sky130_fd_sc_hd__clkbuf_16)
                      0.028912    0.000104    0.225870 ^ _37_/CLK (sky130_fd_sc_hd__dfrtp_2)
                                  0.250000    0.475870   clock uncertainty
                                  0.000000    0.475870   clock reconvergence pessimism
                                  0.221482    0.697352   library removal time
                                              0.697352   data required time
---------------------------------------------------------------------------------------------
                                              0.697352   data required time
                                             -2.158390   data arrival time
---------------------------------------------------------------------------------------------
                                              1.461038   slack (MET)


Startpoint: rst_n (input port clocked by clk)
Endpoint: _40_ (removal check against rising-edge clock clk)
Path Group: asynchronous
Path Type: min

Fanout         Cap        Slew       Delay        Time   Description
---------------------------------------------------------------------------------------------
                                  0.000000    0.000000   clock clk (rise edge)
                                  0.000000    0.000000   clock network delay (propagated)
                                  2.000000    2.000000 ^ input external delay
     1    0.002875    0.014185    0.007419    2.007418 ^ rst_n (in)
                      0.014185    0.000000    2.007418 ^ input2/A (sky130_fd_sc_hd__clkbuf_4)
     8    0.053351    0.125635    0.147956    2.155375 ^ input2/X (sky130_fd_sc_hd__clkbuf_4)
                      0.125871    0.004444    2.159819 ^ _40_/RESET_B (sky130_fd_sc_hd__dfrtp_4)
                                              2.159819   data arrival time

                                  0.000000    0.000000   clock clk (rise edge)
                                  0.000000    0.000000   clock source latency
     1    0.019943    0.071334    0.049243    0.049243 ^ clk (in)
                      0.071366    0.000000    0.049243 ^ clkbuf_0_clk/A (sky130_fd_sc_hd__clkbuf_16)
     2    0.017939    0.030212    0.094339    0.143582 ^ clkbuf_0_clk/X (sky130_fd_sc_hd__clkbuf_16)
                      0.030217    0.000178    0.143760 ^ clkbuf_1_0__f_clk/A (sky130_fd_sc_hd__clkbuf_16)
     5    0.016622    0.028912    0.082006    0.225766 ^ clkbuf_1_0__f_clk/X (sky130_fd_sc_hd__clkbuf_16)
                      0.028912    0.000096    0.225862 ^ _40_/CLK (sky130_fd_sc_hd__dfrtp_4)
                                  0.250000    0.475862   clock uncertainty
                                  0.000000    0.475862   clock reconvergence pessimism
                                  0.222412    0.698274   library removal time
                                              0.698274   data required time
---------------------------------------------------------------------------------------------
                                              0.698274   data required time
                                             -2.159819   data arrival time
---------------------------------------------------------------------------------------------
                                              1.461545   slack (MET)


Startpoint: rst_n (input port clocked by clk)
Endpoint: _39_ (removal check against rising-edge clock clk)
Path Group: asynchronous
Path Type: min

Fanout         Cap        Slew       Delay        Time   Description
---------------------------------------------------------------------------------------------
                                  0.000000    0.000000   clock clk (rise edge)
                                  0.000000    0.000000   clock network delay (propagated)
                                  2.000000    2.000000 ^ input external delay
     1    0.002875    0.014185    0.007419    2.007418 ^ rst_n (in)
                      0.014185    0.000000    2.007418 ^ input2/A (sky130_fd_sc_hd__clkbuf_4)
     8    0.053351    0.125635    0.147956    2.155375 ^ input2/X (sky130_fd_sc_hd__clkbuf_4)
                      0.125796    0.003692    2.159067 ^ _39_/RESET_B (sky130_fd_sc_hd__dfrtp_1)
                                              2.159067   data arrival time

                                  0.000000    0.000000   clock clk (rise edge)
                                  0.000000    0.000000   clock source latency
     1    0.019943    0.071334    0.049243    0.049243 ^ clk (in)
                      0.071366    0.000000    0.049243 ^ clkbuf_0_clk/A (sky130_fd_sc_hd__clkbuf_16)
     2    0.017939    0.030212    0.094339    0.143582 ^ clkbuf_0_clk/X (sky130_fd_sc_hd__clkbuf_16)
                      0.030217    0.000178    0.143760 ^ clkbuf_1_0__f_clk/A (sky130_fd_sc_hd__clkbuf_16)
     5    0.016622    0.028912    0.082006    0.225766 ^ clkbuf_1_0__f_clk/X (sky130_fd_sc_hd__clkbuf_16)
                      0.028912    0.000075    0.225841 ^ _39_/CLK (sky130_fd_sc_hd__dfrtp_1)
                                  0.250000    0.475841   clock uncertainty
                                  0.000000    0.475841   clock reconvergence pessimism
                                  0.221496    0.697337   library removal time
                                              0.697337   data required time
---------------------------------------------------------------------------------------------
                                              0.697337   data required time
                                             -2.159067   data arrival time
---------------------------------------------------------------------------------------------
                                              1.461730   slack (MET)


Startpoint: rst_n (input port clocked by clk)
Endpoint: _41_ (removal check against rising-edge clock clk)
Path Group: asynchronous
Path Type: min

Fanout         Cap        Slew       Delay        Time   Description
---------------------------------------------------------------------------------------------
                                  0.000000    0.000000   clock clk (rise edge)
                                  0.000000    0.000000   clock network delay (propagated)
                                  2.000000    2.000000 ^ input external delay
     1    0.002875    0.014185    0.007419    2.007418 ^ rst_n (in)
                      0.014185    0.000000    2.007418 ^ input2/A (sky130_fd_sc_hd__clkbuf_4)
     8    0.053351    0.125635    0.147956    2.155375 ^ input2/X (sky130_fd_sc_hd__clkbuf_4)
                      0.125868    0.004423    2.159797 ^ _41_/RESET_B (sky130_fd_sc_hd__dfrtp_4)
                                              2.159797   data arrival time

                                  0.000000    0.000000   clock clk (rise edge)
                                  0.000000    0.000000   clock source latency
     1    0.019943    0.071334    0.049243    0.049243 ^ clk (in)
                      0.071366    0.000000    0.049243 ^ clkbuf_0_clk/A (sky130_fd_sc_hd__clkbuf_16)
     2    0.017939    0.030212    0.094339    0.143582 ^ clkbuf_0_clk/X (sky130_fd_sc_hd__clkbuf_16)
                      0.030217    0.000137    0.143719 ^ clkbuf_1_1__f_clk/A (sky130_fd_sc_hd__clkbuf_16)
     4    0.015695    0.028294    0.081326    0.225045 ^ clkbuf_1_1__f_clk/X (sky130_fd_sc_hd__clkbuf_16)
                      0.028298    0.000305    0.225349 ^ _41_/CLK (sky130_fd_sc_hd__dfrtp_4)
                                  0.250000    0.475349   clock uncertainty
                                  0.000000    0.475349   clock reconvergence pessimism
                                  0.222328    0.697678   library removal time
                                              0.697678   data required time
---------------------------------------------------------------------------------------------
                                              0.697678   data required time
                                             -2.159797   data arrival time
---------------------------------------------------------------------------------------------
                                              1.462120   slack (MET)


Startpoint: rst_n (input port clocked by clk)
Endpoint: _44_ (removal check against rising-edge clock clk)
Path Group: asynchronous
Path Type: min

Fanout         Cap        Slew       Delay        Time   Description
---------------------------------------------------------------------------------------------
                                  0.000000    0.000000   clock clk (rise edge)
                                  0.000000    0.000000   clock network delay (propagated)
                                  2.000000    2.000000 ^ input external delay
     1    0.002875    0.014185    0.007419    2.007418 ^ rst_n (in)
                      0.014185    0.000000    2.007418 ^ input2/A (sky130_fd_sc_hd__clkbuf_4)
     8    0.053351    0.125635    0.147956    2.155375 ^ input2/X (sky130_fd_sc_hd__clkbuf_4)
                      0.125821    0.003958    2.159333 ^ _44_/RESET_B (sky130_fd_sc_hd__dfrtp_1)
                                              2.159333   data arrival time

                                  0.000000    0.000000   clock clk (rise edge)
                                  0.000000    0.000000   clock source latency
     1    0.019943    0.071334    0.049243    0.049243 ^ clk (in)
                      0.071366    0.000000    0.049243 ^ clkbuf_0_clk/A (sky130_fd_sc_hd__clkbuf_16)
     2    0.017939    0.030212    0.094339    0.143582 ^ clkbuf_0_clk/X (sky130_fd_sc_hd__clkbuf_16)
                      0.030217    0.000137    0.143719 ^ clkbuf_1_1__f_clk/A (sky130_fd_sc_hd__clkbuf_16)
     4    0.015695    0.028294    0.081326    0.225045 ^ clkbuf_1_1__f_clk/X (sky130_fd_sc_hd__clkbuf_16)
                      0.028294    0.000178    0.225222 ^ _44_/CLK (sky130_fd_sc_hd__dfrtp_1)
                                  0.250000    0.475222   clock uncertainty
                                  0.000000    0.475222   clock reconvergence pessimism
                                  0.221418    0.696641   library removal time
                                              0.696641   data required time
---------------------------------------------------------------------------------------------
                                              0.696641   data required time
                                             -2.159333   data arrival time
---------------------------------------------------------------------------------------------
                                              1.462692   slack (MET)


Startpoint: rst_n (input port clocked by clk)
Endpoint: _43_ (removal check against rising-edge clock clk)
Path Group: asynchronous
Path Type: min

Fanout         Cap        Slew       Delay        Time   Description
---------------------------------------------------------------------------------------------
                                  0.000000    0.000000   clock clk (rise edge)
                                  0.000000    0.000000   clock network delay (propagated)
                                  2.000000    2.000000 ^ input external delay
     1    0.002875    0.014185    0.007419    2.007418 ^ rst_n (in)
                      0.014185    0.000000    2.007418 ^ input2/A (sky130_fd_sc_hd__clkbuf_4)
     8    0.053351    0.125635    0.147956    2.155375 ^ input2/X (sky130_fd_sc_hd__clkbuf_4)
                      0.125837    0.004124    2.159498 ^ _43_/RESET_B (sky130_fd_sc_hd__dfrtp_1)
                                              2.159498   data arrival time

                                  0.000000    0.000000   clock clk (rise edge)
                                  0.000000    0.000000   clock source latency
     1    0.019943    0.071334    0.049243    0.049243 ^ clk (in)
                      0.071366    0.000000    0.049243 ^ clkbuf_0_clk/A (sky130_fd_sc_hd__clkbuf_16)
     2    0.017939    0.030212    0.094339    0.143582 ^ clkbuf_0_clk/X (sky130_fd_sc_hd__clkbuf_16)
                      0.030217    0.000137    0.143719 ^ clkbuf_1_1__f_clk/A (sky130_fd_sc_hd__clkbuf_16)
     4    0.015695    0.028294    0.081326    0.225045 ^ clkbuf_1_1__f_clk/X (sky130_fd_sc_hd__clkbuf_16)
                      0.028294    0.000156    0.225201 ^ _43_/CLK (sky130_fd_sc_hd__dfrtp_1)
                                  0.250000    0.475201   clock uncertainty
                                  0.000000    0.475201   clock reconvergence pessimism
                                  0.221423    0.696623   library removal time
                                              0.696623   data required time
---------------------------------------------------------------------------------------------
                                              0.696623   data required time
                                             -2.159498   data arrival time
---------------------------------------------------------------------------------------------
                                              1.462875   slack (MET)


Startpoint: rst_n (input port clocked by clk)
Endpoint: _42_ (removal check against rising-edge clock clk)
Path Group: asynchronous
Path Type: min

Fanout         Cap        Slew       Delay        Time   Description
---------------------------------------------------------------------------------------------
                                  0.000000    0.000000   clock clk (rise edge)
                                  0.000000    0.000000   clock network delay (propagated)
                                  2.000000    2.000000 ^ input external delay
     1    0.002875    0.014185    0.007419    2.007418 ^ rst_n (in)
                      0.014185    0.000000    2.007418 ^ input2/A (sky130_fd_sc_hd__clkbuf_4)
     8    0.053351    0.125635    0.147956    2.155375 ^ input2/X (sky130_fd_sc_hd__clkbuf_4)
                      0.125856    0.004310    2.159685 ^ _42_/RESET_B (sky130_fd_sc_hd__dfrtp_1)
                                              2.159685   data arrival time

                                  0.000000    0.000000   clock clk (rise edge)
                                  0.000000    0.000000   clock source latency
     1    0.019943    0.071334    0.049243    0.049243 ^ clk (in)
                      0.071366    0.000000    0.049243 ^ clkbuf_0_clk/A (sky130_fd_sc_hd__clkbuf_16)
     2    0.017939    0.030212    0.094339    0.143582 ^ clkbuf_0_clk/X (sky130_fd_sc_hd__clkbuf_16)
                      0.030217    0.000137    0.143719 ^ clkbuf_1_1__f_clk/A (sky130_fd_sc_hd__clkbuf_16)
     4    0.015695    0.028294    0.081326    0.225045 ^ clkbuf_1_1__f_clk/X (sky130_fd_sc_hd__clkbuf_16)
                      0.028298    0.000253    0.225298 ^ _42_/CLK (sky130_fd_sc_hd__dfrtp_1)
                                  0.250000    0.475298   clock uncertainty
                                  0.000000    0.475298   clock reconvergence pessimism
                                  0.221428    0.696726   library removal time
                                              0.696726   data required time
---------------------------------------------------------------------------------------------
                                              0.696726   data required time
                                             -2.159685   data arrival time
---------------------------------------------------------------------------------------------
                                              1.462959   slack (MET)


Startpoint: _44_ (rising edge-triggered flip-flop clocked by clk)
Endpoint: count[7] (output port clocked by clk)
Path Group: clk
Path Type: min

Fanout         Cap        Slew       Delay        Time   Description
---------------------------------------------------------------------------------------------
                                  0.000000    0.000000   clock clk (rise edge)
                                  0.000000    0.000000   clock source latency
     1    0.019943    0.071334    0.049243    0.049243 ^ clk (in)
                      0.071366    0.000000    0.049243 ^ clkbuf_0_clk/A (sky130_fd_sc_hd__clkbuf_16)
     2    0.017939    0.030212    0.094339    0.143582 ^ clkbuf_0_clk/X (sky130_fd_sc_hd__clkbuf_16)
                      0.030217    0.000137    0.143719 ^ clkbuf_1_1__f_clk/A (sky130_fd_sc_hd__clkbuf_16)
     4    0.015695    0.028294    0.081326    0.225045 ^ clkbuf_1_1__f_clk/X (sky130_fd_sc_hd__clkbuf_16)
                      0.028294    0.000178    0.225222 ^ _44_/CLK (sky130_fd_sc_hd__dfrtp_1)
     3    0.013887    0.061435    0.258330    0.483553 v _44_/Q (sky130_fd_sc_hd__dfrtp_1)
                      0.061436    0.000452    0.484005 v output10/A (sky130_fd_sc_hd__buf_2)
     1    0.034012    0.062240    0.129877    0.613882 v output10/X (sky130_fd_sc_hd__buf_2)
                      0.062240    0.000200    0.614082 v count[7] (out)
                                              0.614082   data arrival time

                                  0.000000    0.000000   clock clk (rise edge)
                                  0.000000    0.000000   clock network delay (propagated)
                                  0.250000    0.250000   clock uncertainty
                                  0.000000    0.250000   clock reconvergence pessimism
                                 -2.000000   -1.750000   output external delay
                                             -1.750000   data required time
---------------------------------------------------------------------------------------------
                                             -1.750000   data required time
                                             -0.614082   data arrival time
---------------------------------------------------------------------------------------------
                                              2.364082   slack (MET)


Startpoint: _43_ (rising edge-triggered flip-flop clocked by clk)
Endpoint: count[6] (output port clocked by clk)
Path Group: clk
Path Type: min

Fanout         Cap        Slew       Delay        Time   Description
---------------------------------------------------------------------------------------------
                                  0.000000    0.000000   clock clk (rise edge)
                                  0.000000    0.000000   clock source latency
     1    0.019943    0.071334    0.049243    0.049243 ^ clk (in)
                      0.071366    0.000000    0.049243 ^ clkbuf_0_clk/A (sky130_fd_sc_hd__clkbuf_16)
     2    0.017939    0.030212    0.094339    0.143582 ^ clkbuf_0_clk/X (sky130_fd_sc_hd__clkbuf_16)
                      0.030217    0.000137    0.143719 ^ clkbuf_1_1__f_clk/A (sky130_fd_sc_hd__clkbuf_16)
     4    0.015695    0.028294    0.081326    0.225045 ^ clkbuf_1_1__f_clk/X (sky130_fd_sc_hd__clkbuf_16)
                      0.028294    0.000156    0.225201 ^ _43_/CLK (sky130_fd_sc_hd__dfrtp_1)
     3    0.015548    0.066395    0.262781    0.487981 v _43_/Q (sky130_fd_sc_hd__dfrtp_1)
                      0.066399    0.000595    0.488576 v output9/A (sky130_fd_sc_hd__buf_2)
     1    0.034503    0.063072    0.132350    0.620927 v output9/X (sky130_fd_sc_hd__buf_2)
                      0.063074    0.000424    0.621350 v count[6] (out)
                                              0.621350   data arrival time

                                  0.000000    0.000000   clock clk (rise edge)
                                  0.000000    0.000000   clock network delay (propagated)
                                  0.250000    0.250000   clock uncertainty
                                  0.000000    0.250000   clock reconvergence pessimism
                                 -2.000000   -1.750000   output external delay
                                             -1.750000   data required time
---------------------------------------------------------------------------------------------
                                             -1.750000   data required time
                                             -0.621350   data arrival time
---------------------------------------------------------------------------------------------
                                              2.371350   slack (MET)


Startpoint: _37_ (rising edge-triggered flip-flop clocked by clk)
Endpoint: count[0] (output port clocked by clk)
Path Group: clk
Path Type: min

Fanout         Cap        Slew       Delay        Time   Description
---------------------------------------------------------------------------------------------
                                  0.000000    0.000000   clock clk (rise edge)
                                  0.000000    0.000000   clock source latency
     1    0.019943    0.071334    0.049243    0.049243 ^ clk (in)
                      0.071366    0.000000    0.049243 ^ clkbuf_0_clk/A (sky130_fd_sc_hd__clkbuf_16)
     2    0.017939    0.030212    0.094339    0.143582 ^ clkbuf_0_clk/X (sky130_fd_sc_hd__clkbuf_16)
                      0.030217    0.000178    0.143760 ^ clkbuf_1_0__f_clk/A (sky130_fd_sc_hd__clkbuf_16)
     5    0.016622    0.028912    0.082006    0.225766 ^ clkbuf_1_0__f_clk/X (sky130_fd_sc_hd__clkbuf_16)
                      0.028912    0.000104    0.225870 ^ _37_/CLK (sky130_fd_sc_hd__dfrtp_2)
     5    0.022221    0.060378    0.278030    0.503900 v _37_/Q (sky130_fd_sc_hd__dfrtp_2)
                      0.060387    0.000762    0.504662 v output3/A (sky130_fd_sc_hd__buf_2)
     1    0.034337    0.062783    0.129746    0.634408 v output3/X (sky130_fd_sc_hd__buf_2)
                      0.062785    0.000357    0.634765 v count[0] (out)
                                              0.634765   data arrival time

                                  0.000000    0.000000   clock clk (rise edge)
                                  0.000000    0.000000   clock network delay (propagated)
                                  0.250000    0.250000   clock uncertainty
                                  0.000000    0.250000   clock reconvergence pessimism
                                 -2.000000   -1.750000   output external delay
                                             -1.750000   data required time
---------------------------------------------------------------------------------------------
                                             -1.750000   data required time
                                             -0.634765   data arrival time
---------------------------------------------------------------------------------------------
                                              2.384765   slack (MET)


Startpoint: _39_ (rising edge-triggered flip-flop clocked by clk)
Endpoint: count[2] (output port clocked by clk)
Path Group: clk
Path Type: min

Fanout         Cap        Slew       Delay        Time   Description
---------------------------------------------------------------------------------------------
                                  0.000000    0.000000   clock clk (rise edge)
                                  0.000000    0.000000   clock source latency
     1    0.019943    0.071334    0.049243    0.049243 ^ clk (in)
                      0.071366    0.000000    0.049243 ^ clkbuf_0_clk/A (sky130_fd_sc_hd__clkbuf_16)
     2    0.017939    0.030212    0.094339    0.143582 ^ clkbuf_0_clk/X (sky130_fd_sc_hd__clkbuf_16)
                      0.030217    0.000178    0.143760 ^ clkbuf_1_0__f_clk/A (sky130_fd_sc_hd__clkbuf_16)
     5    0.016622    0.028912    0.082006    0.225766 ^ clkbuf_1_0__f_clk/X (sky130_fd_sc_hd__clkbuf_16)
                      0.028912    0.000075    0.225841 ^ _39_/CLK (sky130_fd_sc_hd__dfrtp_1)
     3    0.019197    0.077460    0.272779    0.498620 v _39_/Q (sky130_fd_sc_hd__dfrtp_1)
                      0.077468    0.000842    0.499462 v output5/A (sky130_fd_sc_hd__buf_2)
     1    0.034090    0.062419    0.136457    0.635919 v output5/X (sky130_fd_sc_hd__buf_2)
                      0.062419    0.000242    0.636162 v count[2] (out)
                                              0.636162   data arrival time

                                  0.000000    0.000000   clock clk (rise edge)
                                  0.000000    0.000000   clock network delay (propagated)
                                  0.250000    0.250000   clock uncertainty
                                  0.000000    0.250000   clock reconvergence pessimism
                                 -2.000000   -1.750000   output external delay
                                             -1.750000   data required time
---------------------------------------------------------------------------------------------
                                             -1.750000   data required time
                                             -0.636162   data arrival time
---------------------------------------------------------------------------------------------
                                              2.386162   slack (MET)


Startpoint: _42_ (rising edge-triggered flip-flop clocked by clk)
Endpoint: count[5] (output port clocked by clk)
Path Group: clk
Path Type: min

Fanout         Cap        Slew       Delay        Time   Description
---------------------------------------------------------------------------------------------
                                  0.000000    0.000000   clock clk (rise edge)
                                  0.000000    0.000000   clock source latency
     1    0.019943    0.071334    0.049243    0.049243 ^ clk (in)
                      0.071366    0.000000    0.049243 ^ clkbuf_0_clk/A (sky130_fd_sc_hd__clkbuf_16)
     2    0.017939    0.030212    0.094339    0.143582 ^ clkbuf_0_clk/X (sky130_fd_sc_hd__clkbuf_16)
                      0.030217    0.000137    0.143719 ^ clkbuf_1_1__f_clk/A (sky130_fd_sc_hd__clkbuf_16)
     4    0.015695    0.028294    0.081326    0.225045 ^ clkbuf_1_1__f_clk/X (sky130_fd_sc_hd__clkbuf_16)
                      0.028298    0.000253    0.225298 ^ _42_/CLK (sky130_fd_sc_hd__dfrtp_1)
     3    0.019265    0.077738    0.272654    0.497952 v _42_/Q (sky130_fd_sc_hd__dfrtp_1)
                      0.077754    0.001098    0.499049 v output8/A (sky130_fd_sc_hd__buf_2)
     1    0.034503    0.063103    0.136962    0.636012 v output8/X (sky130_fd_sc_hd__buf_2)
                      0.063105    0.000424    0.636436 v count[5] (out)
                                              0.636436   data arrival time

                                  0.000000    0.000000   clock clk (rise edge)
                                  0.000000    0.000000   clock network delay (propagated)
                                  0.250000    0.250000   clock uncertainty
                                  0.000000    0.250000   clock reconvergence pessimism
                                 -2.000000   -1.750000   output external delay
                                             -1.750000   data required time
---------------------------------------------------------------------------------------------
                                             -1.750000   data required time
                                             -0.636436   data arrival time
---------------------------------------------------------------------------------------------
                                              2.386436   slack (MET)


Startpoint: _38_ (rising edge-triggered flip-flop clocked by clk)
Endpoint: count[1] (output port clocked by clk)
Path Group: clk
Path Type: min

Fanout         Cap        Slew       Delay        Time   Description
---------------------------------------------------------------------------------------------
                                  0.000000    0.000000   clock clk (rise edge)
                                  0.000000    0.000000   clock source latency
     1    0.019943    0.071334    0.049243    0.049243 ^ clk (in)
                      0.071366    0.000000    0.049243 ^ clkbuf_0_clk/A (sky130_fd_sc_hd__clkbuf_16)
     2    0.017939    0.030212    0.094339    0.143582 ^ clkbuf_0_clk/X (sky130_fd_sc_hd__clkbuf_16)
                      0.030217    0.000178    0.143760 ^ clkbuf_1_0__f_clk/A (sky130_fd_sc_hd__clkbuf_16)
     5    0.016622    0.028912    0.082006    0.225766 ^ clkbuf_1_0__f_clk/X (sky130_fd_sc_hd__clkbuf_16)
                      0.028912    0.000118    0.225885 ^ _38_/CLK (sky130_fd_sc_hd__dfrtp_1)
     4    0.020103    0.080261    0.275163    0.501048 v _38_/Q (sky130_fd_sc_hd__dfrtp_1)
                      0.080273    0.001015    0.502063 v output4/A (sky130_fd_sc_hd__buf_2)
     1    0.034327    0.062824    0.137812    0.639875 v output4/X (sky130_fd_sc_hd__buf_2)
                      0.062825    0.000357    0.640232 v count[1] (out)
                                              0.640232   data arrival time

                                  0.000000    0.000000   clock clk (rise edge)
                                  0.000000    0.000000   clock network delay (propagated)
                                  0.250000    0.250000   clock uncertainty
                                  0.000000    0.250000   clock reconvergence pessimism
                                 -2.000000   -1.750000   output external delay
                                             -1.750000   data required time
---------------------------------------------------------------------------------------------
                                             -1.750000   data required time
                                             -0.640232   data arrival time
---------------------------------------------------------------------------------------------
                                              2.390232   slack (MET)


Startpoint: _41_ (rising edge-triggered flip-flop clocked by clk)
Endpoint: count[4] (output port clocked by clk)
Path Group: clk
Path Type: min

Fanout         Cap        Slew       Delay        Time   Description
---------------------------------------------------------------------------------------------
                                  0.000000    0.000000   clock clk (rise edge)
                                  0.000000    0.000000   clock source latency
     1    0.019943    0.071334    0.049243    0.049243 ^ clk (in)
                      0.071366    0.000000    0.049243 ^ clkbuf_0_clk/A (sky130_fd_sc_hd__clkbuf_16)
     2    0.017939    0.030212    0.094339    0.143582 ^ clkbuf_0_clk/X (sky130_fd_sc_hd__clkbuf_16)
                      0.030217    0.000137    0.143719 ^ clkbuf_1_1__f_clk/A (sky130_fd_sc_hd__clkbuf_16)
     4    0.015695    0.028294    0.081326    0.225045 ^ clkbuf_1_1__f_clk/X (sky130_fd_sc_hd__clkbuf_16)
                      0.028298    0.000305    0.225349 ^ _41_/CLK (sky130_fd_sc_hd__dfrtp_4)
     4    0.023246    0.068035    0.277502    0.502851 ^ _41_/Q (sky130_fd_sc_hd__dfrtp_4)
                      0.068057    0.001125    0.503976 ^ output7/A (sky130_fd_sc_hd__buf_2)
     1    0.034061    0.127331    0.147158    0.651134 ^ output7/X (sky130_fd_sc_hd__buf_2)
                      0.127331    0.000200    0.651335 ^ count[4] (out)
                                              0.651335   data arrival time

                                  0.000000    0.000000   clock clk (rise edge)
                                  0.000000    0.000000   clock network delay (propagated)
                                  0.250000    0.250000   clock uncertainty
                                  0.000000    0.250000   clock reconvergence pessimism
                                 -2.000000   -1.750000   output external delay
                                             -1.750000   data required time
---------------------------------------------------------------------------------------------
                                             -1.750000   data required time
                                             -0.651335   data arrival time
---------------------------------------------------------------------------------------------
                                              2.401335   slack (MET)


Startpoint: _40_ (rising edge-triggered flip-flop clocked by clk)
Endpoint: count[3] (output port clocked by clk)
Path Group: clk
Path Type: min

Fanout         Cap        Slew       Delay        Time   Description
---------------------------------------------------------------------------------------------
                                  0.000000    0.000000   clock clk (rise edge)
                                  0.000000    0.000000   clock source latency
     1    0.019943    0.071334    0.049243    0.049243 ^ clk (in)
                      0.071366    0.000000    0.049243 ^ clkbuf_0_clk/A (sky130_fd_sc_hd__clkbuf_16)
     2    0.017939    0.030212    0.094339    0.143582 ^ clkbuf_0_clk/X (sky130_fd_sc_hd__clkbuf_16)
                      0.030217    0.000178    0.143760 ^ clkbuf_1_0__f_clk/A (sky130_fd_sc_hd__clkbuf_16)
     5    0.016622    0.028912    0.082006    0.225766 ^ clkbuf_1_0__f_clk/X (sky130_fd_sc_hd__clkbuf_16)
                      0.028912    0.000096    0.225862 ^ _40_/CLK (sky130_fd_sc_hd__dfrtp_4)
     6    0.028477    0.077763    0.285747    0.511609 ^ _40_/Q (sky130_fd_sc_hd__dfrtp_4)
                      0.077772    0.000851    0.512460 ^ output6/A (sky130_fd_sc_hd__buf_2)
     1    0.034115    0.127547    0.149490    0.661950 ^ output6/X (sky130_fd_sc_hd__buf_2)
                      0.127547    0.000243    0.662193 ^ count[3] (out)
                                              0.662193   data arrival time

                                  0.000000    0.000000   clock clk (rise edge)
                                  0.000000    0.000000   clock network delay (propagated)
                                  0.250000    0.250000   clock uncertainty
                                  0.000000    0.250000   clock reconvergence pessimism
                                 -2.000000   -1.750000   output external delay
                                             -1.750000   data required time
---------------------------------------------------------------------------------------------
                                             -1.750000   data required time
                                             -0.662193   data arrival time
---------------------------------------------------------------------------------------------
                                              2.412193   slack (MET)


Startpoint: _44_ (rising edge-triggered flip-flop clocked by clk)
Endpoint: overflow (output port clocked by clk)
Path Group: clk
Path Type: min

Fanout         Cap        Slew       Delay        Time   Description
---------------------------------------------------------------------------------------------
                                  0.000000    0.000000   clock clk (rise edge)
                                  0.000000    0.000000   clock source latency
     1    0.019943    0.071334    0.049243    0.049243 ^ clk (in)
                      0.071366    0.000000    0.049243 ^ clkbuf_0_clk/A (sky130_fd_sc_hd__clkbuf_16)
     2    0.017939    0.030212    0.094339    0.143582 ^ clkbuf_0_clk/X (sky130_fd_sc_hd__clkbuf_16)
                      0.030217    0.000137    0.143719 ^ clkbuf_1_1__f_clk/A (sky130_fd_sc_hd__clkbuf_16)
     4    0.015695    0.028294    0.081326    0.225045 ^ clkbuf_1_1__f_clk/X (sky130_fd_sc_hd__clkbuf_16)
                      0.028294    0.000178    0.225222 ^ _44_/CLK (sky130_fd_sc_hd__dfrtp_1)
     3    0.013887    0.061435    0.258330    0.483553 v _44_/Q (sky130_fd_sc_hd__dfrtp_1)
                      0.061435    0.000069    0.483622 v _24_/A (sky130_fd_sc_hd__and2_1)
     1    0.009449    0.043188    0.115769    0.599390 v _24_/X (sky130_fd_sc_hd__and2_1)
                      0.043191    0.000381    0.599771 v output11/A (sky130_fd_sc_hd__buf_2)
     1    0.033963    0.062134    0.122471    0.722242 v output11/X (sky130_fd_sc_hd__buf_2)
                      0.062134    0.000183    0.722425 v overflow (out)
                                              0.722425   data arrival time

                                  0.000000    0.000000   clock clk (rise edge)
                                  0.000000    0.000000   clock network delay (propagated)
                                  0.250000    0.250000   clock uncertainty
                                  0.000000    0.250000   clock reconvergence pessimism
                                 -2.000000   -1.750000   output external delay
                                             -1.750000   data required time
---------------------------------------------------------------------------------------------
                                             -1.750000   data required time
                                             -0.722425   data arrival time
---------------------------------------------------------------------------------------------
                                              2.472425   slack (MET)



