
===========================================================================
report_checks -path_delay max (Setup)
============================================================================
======================= nom_ff_n40C_1v95 Corner ===================================

Warning: corner.tcl line 67, unknown field nets.
Warning: corner.tcl line 67, report_checks -group_count is deprecated. Use -group_path_count instead.
Startpoint: enable (input port clocked by clk)
Endpoint: overflow (output port clocked by clk)
Path Group: clk
Path Type: max

Fanout         Cap        Slew       Delay        Time   Description
---------------------------------------------------------------------------------------------
                      0.150000    0.000000    0.000000   clock clk (rise edge)
                                  0.000000    0.000000   clock network delay (ideal)
                                  2.000000    2.000000 ^ input external delay
     4    0.016840    0.062563    0.041384    2.041384 ^ enable (in)
                      0.062563    0.000000    2.041384 ^ _19_/D (sky130_fd_sc_hd__and4_2)
     6    0.016600    0.082374    0.171071    2.212456 ^ _19_/X (sky130_fd_sc_hd__and4_2)
                      0.082374    0.000000    2.212456 ^ _23_/C (sky130_fd_sc_hd__and4_2)
     2    0.010041    0.059244    0.151617    2.364073 ^ _23_/X (sky130_fd_sc_hd__and4_2)
                      0.059244    0.000000    2.364073 ^ _24_/B (sky130_fd_sc_hd__and2_2)
     1    0.033442    0.135355    0.167759    2.531832 ^ _24_/X (sky130_fd_sc_hd__and2_2)
                      0.135355    0.000000    2.531832 ^ overflow (out)
                                              2.531832   data arrival time

                      0.150000   10.000000   10.000000   clock clk (rise edge)
                                  0.000000   10.000000   clock network delay (ideal)
                                 -0.250000    9.750000   clock uncertainty
                                  0.000000    9.750000   clock reconvergence pessimism
                                 -2.000000    7.750000   output external delay
                                              7.750000   data required time
---------------------------------------------------------------------------------------------
                                              7.750000   data required time
                                             -2.531832   data arrival time
---------------------------------------------------------------------------------------------
                                              5.218168   slack (MET)


Startpoint: enable (input port clocked by clk)
Endpoint: _42_ (rising edge-triggered flip-flop clocked by clk)
Path Group: clk
Path Type: max

Fanout         Cap        Slew       Delay        Time   Description
---------------------------------------------------------------------------------------------
                      0.150000    0.000000    0.000000   clock clk (rise edge)
                                  0.000000    0.000000   clock network delay (ideal)
                                  2.000000    2.000000 ^ input external delay
     4    0.016840    0.062563    0.041384    2.041384 ^ enable (in)
                      0.062563    0.000000    2.041384 ^ _19_/D (sky130_fd_sc_hd__and4_2)
     6    0.016600    0.082374    0.171071    2.212456 ^ _19_/X (sky130_fd_sc_hd__and4_2)
                      0.082374    0.000000    2.212456 ^ _22_/B (sky130_fd_sc_hd__and3_2)
     2    0.010130    0.054872    0.129806    2.342261 ^ _22_/X (sky130_fd_sc_hd__and3_2)
                      0.054872    0.000000    2.342261 ^ _34_/A_N (sky130_fd_sc_hd__and2b_2)
     1    0.002059    0.024706    0.126571    2.468832 v _34_/X (sky130_fd_sc_hd__and2b_2)
                      0.024706    0.000000    2.468832 v _42_/D (sky130_fd_sc_hd__dfrtp_2)
                                              2.468832   data arrival time

                      0.150000   10.000000   10.000000   clock clk (rise edge)
                                  0.000000   10.000000   clock network delay (ideal)
                                 -0.250000    9.750000   clock uncertainty
                                  0.000000    9.750000   clock reconvergence pessimism
                                              9.750000 ^ _42_/CLK (sky130_fd_sc_hd__dfrtp_2)
                                 -0.059718    9.690282   library setup time
                                              9.690282   data required time
---------------------------------------------------------------------------------------------
                                              9.690282   data required time
                                             -2.468832   data arrival time
---------------------------------------------------------------------------------------------
                                              7.221449   slack (MET)


Startpoint: enable (input port clocked by clk)
Endpoint: _40_ (rising edge-triggered flip-flop clocked by clk)
Path Group: clk
Path Type: max

Fanout         Cap        Slew       Delay        Time   Description
---------------------------------------------------------------------------------------------
                      0.150000    0.000000    0.000000   clock clk (rise edge)
                                  0.000000    0.000000   clock network delay (ideal)
                                  2.000000    2.000000 v input external delay
     4    0.015432    0.025221    0.015927    2.015927 v enable (in)
                      0.025221    0.000000    2.015927 v _19_/D (sky130_fd_sc_hd__and4_2)
     6    0.015178    0.051557    0.168291    2.184218 v _19_/X (sky130_fd_sc_hd__and4_2)
                      0.051557    0.000000    2.184218 v _30_/B (sky130_fd_sc_hd__or2_2)
     1    0.001495    0.033185    0.156151    2.340369 v _30_/X (sky130_fd_sc_hd__or2_2)
                      0.033185    0.000000    2.340369 v _31_/B (sky130_fd_sc_hd__and2_2)
     1    0.002059    0.025311    0.111187    2.451556 v _31_/X (sky130_fd_sc_hd__and2_2)
                      0.025311    0.000000    2.451556 v _40_/D (sky130_fd_sc_hd__dfrtp_2)
                                              2.451556   data arrival time

                      0.150000   10.000000   10.000000   clock clk (rise edge)
                                  0.000000   10.000000   clock network delay (ideal)
                                 -0.250000    9.750000   clock uncertainty
                                  0.000000    9.750000   clock reconvergence pessimism
                                              9.750000 ^ _40_/CLK (sky130_fd_sc_hd__dfrtp_2)
                                 -0.059933    9.690066   library setup time
                                              9.690066   data required time
---------------------------------------------------------------------------------------------
                                              9.690066   data required time
                                             -2.451556   data arrival time
---------------------------------------------------------------------------------------------
                                              7.238511   slack (MET)


Startpoint: enable (input port clocked by clk)
Endpoint: _44_ (rising edge-triggered flip-flop clocked by clk)
Path Group: clk
Path Type: max

Fanout         Cap        Slew       Delay        Time   Description
---------------------------------------------------------------------------------------------
                      0.150000    0.000000    0.000000   clock clk (rise edge)
                                  0.000000    0.000000   clock network delay (ideal)
                                  2.000000    2.000000 v input external delay
     4    0.015432    0.025221    0.015927    2.015927 v enable (in)
                      0.025221    0.000000    2.015927 v _19_/D (sky130_fd_sc_hd__and4_2)
     6    0.015178    0.051557    0.168291    2.184218 v _19_/X (sky130_fd_sc_hd__and4_2)
                      0.051557    0.000000    2.184218 v _23_/C (sky130_fd_sc_hd__and4_2)
     2    0.009211    0.041972    0.157544    2.341762 v _23_/X (sky130_fd_sc_hd__and4_2)
                      0.041972    0.000000    2.341762 v _36_/B (sky130_fd_sc_hd__xor2_2)
     1    0.002059    0.040935    0.085802    2.427563 v _36_/X (sky130_fd_sc_hd__xor2_2)
                      0.040935    0.000000    2.427563 v _44_/D (sky130_fd_sc_hd__dfrtp_2)
                                              2.427563   data arrival time

                      0.150000   10.000000   10.000000   clock clk (rise edge)
                                  0.000000   10.000000   clock network delay (ideal)
                                 -0.250000    9.750000   clock uncertainty
                                  0.000000    9.750000   clock reconvergence pessimism
                                              9.750000 ^ _44_/CLK (sky130_fd_sc_hd__dfrtp_2)
                                 -0.065485    9.684515   library setup time
                                              9.684515   data required time
---------------------------------------------------------------------------------------------
                                              9.684515   data required time
                                             -2.427563   data arrival time
---------------------------------------------------------------------------------------------
                                              7.256952   slack (MET)


Startpoint: enable (input port clocked by clk)
Endpoint: _43_ (rising edge-triggered flip-flop clocked by clk)
Path Group: clk
Path Type: max

Fanout         Cap        Slew       Delay        Time   Description
---------------------------------------------------------------------------------------------
                      0.150000    0.000000    0.000000   clock clk (rise edge)
                                  0.000000    0.000000   clock network delay (ideal)
                                  2.000000    2.000000 v input external delay
     4    0.015432    0.025221    0.015927    2.015927 v enable (in)
                      0.025221    0.000000    2.015927 v _19_/D (sky130_fd_sc_hd__and4_2)
     6    0.015178    0.051557    0.168291    2.184218 v _19_/X (sky130_fd_sc_hd__and4_2)
                      0.051557    0.000000    2.184218 v _22_/B (sky130_fd_sc_hd__and3_2)
     2    0.009305    0.040191    0.140846    2.325063 v _22_/X (sky130_fd_sc_hd__and3_2)
                      0.040191    0.000000    2.325063 v _35_/B (sky130_fd_sc_hd__xor2_2)
     1    0.002059    0.040962    0.085165    2.410228 v _35_/X (sky130_fd_sc_hd__xor2_2)
                      0.040962    0.000000    2.410228 v _43_/D (sky130_fd_sc_hd__dfrtp_2)
                                              2.410228   data arrival time

                      0.150000   10.000000   10.000000   clock clk (rise edge)
                                  0.000000   10.000000   clock network delay (ideal)
                                 -0.250000    9.750000   clock uncertainty
                                  0.000000    9.750000   clock reconvergence pessimism
                                              9.750000 ^ _43_/CLK (sky130_fd_sc_hd__dfrtp_2)
                                 -0.065495    9.684505   library setup time
                                              9.684505   data required time
---------------------------------------------------------------------------------------------
                                              9.684505   data required time
                                             -2.410228   data arrival time
---------------------------------------------------------------------------------------------
                                              7.274277   slack (MET)


Startpoint: enable (input port clocked by clk)
Endpoint: _41_ (rising edge-triggered flip-flop clocked by clk)
Path Group: clk
Path Type: max

Fanout         Cap        Slew       Delay        Time   Description
---------------------------------------------------------------------------------------------
                      0.150000    0.000000    0.000000   clock clk (rise edge)
                                  0.000000    0.000000   clock network delay (ideal)
                                  2.000000    2.000000 ^ input external delay
     4    0.016840    0.062563    0.041384    2.041384 ^ enable (in)
                      0.062563    0.000000    2.041384 ^ _19_/D (sky130_fd_sc_hd__and4_2)
     6    0.016600    0.082374    0.171071    2.212456 ^ _19_/X (sky130_fd_sc_hd__and4_2)
                      0.082374    0.000000    2.212456 ^ _20_/B (sky130_fd_sc_hd__nand2_2)
     2    0.009503    0.056739    0.046140    2.258596 v _20_/Y (sky130_fd_sc_hd__nand2_2)
                      0.056739    0.000000    2.258596 v _32_/B (sky130_fd_sc_hd__xnor2_2)
     1    0.002059    0.039869    0.084218    2.342814 v _32_/Y (sky130_fd_sc_hd__xnor2_2)
                      0.039869    0.000000    2.342814 v _41_/D (sky130_fd_sc_hd__dfrtp_2)
                                              2.342814   data arrival time

                      0.150000   10.000000   10.000000   clock clk (rise edge)
                                  0.000000   10.000000   clock network delay (ideal)
                                 -0.250000    9.750000   clock uncertainty
                                  0.000000    9.750000   clock reconvergence pessimism
                                              9.750000 ^ _41_/CLK (sky130_fd_sc_hd__dfrtp_2)
                                 -0.065106    9.684894   library setup time
                                              9.684894   data required time
---------------------------------------------------------------------------------------------
                                              9.684894   data required time
                                             -2.342814   data arrival time
---------------------------------------------------------------------------------------------
                                              7.342080   slack (MET)


Startpoint: _37_ (rising edge-triggered flip-flop clocked by clk)
Endpoint: count[0] (output port clocked by clk)
Path Group: clk
Path Type: max

Fanout         Cap        Slew       Delay        Time   Description
---------------------------------------------------------------------------------------------
                      0.150000    0.000000    0.000000   clock clk (rise edge)
                                  0.000000    0.000000   clock network delay (ideal)
                      0.150000    0.000000    0.000000 ^ _37_/CLK (sky130_fd_sc_hd__dfrtp_2)
     5    0.050585    0.186671    0.359548    0.359548 ^ _37_/Q (sky130_fd_sc_hd__dfrtp_2)
                      0.186671    0.000000    0.359548 ^ count[0] (out)
                                              0.359548   data arrival time

                      0.150000   10.000000   10.000000   clock clk (rise edge)
                                  0.000000   10.000000   clock network delay (ideal)
                                 -0.250000    9.750000   clock uncertainty
                                  0.000000    9.750000   clock reconvergence pessimism
                                 -2.000000    7.750000   output external delay
                                              7.750000   data required time
---------------------------------------------------------------------------------------------
                                              7.750000   data required time
                                             -0.359548   data arrival time
---------------------------------------------------------------------------------------------
                                              7.390452   slack (MET)


Startpoint: _41_ (rising edge-triggered flip-flop clocked by clk)
Endpoint: count[4] (output port clocked by clk)
Path Group: clk
Path Type: max

Fanout         Cap        Slew       Delay        Time   Description
---------------------------------------------------------------------------------------------
                      0.150000    0.000000    0.000000   clock clk (rise edge)
                                  0.000000    0.000000   clock network delay (ideal)
                      0.150000    0.000000    0.000000 ^ _41_/CLK (sky130_fd_sc_hd__dfrtp_2)
     4    0.046514    0.172459    0.349741    0.349741 ^ _41_/Q (sky130_fd_sc_hd__dfrtp_2)
                      0.172459    0.000000    0.349741 ^ count[4] (out)
                                              0.349741   data arrival time

                      0.150000   10.000000   10.000000   clock clk (rise edge)
                                  0.000000   10.000000   clock network delay (ideal)
                                 -0.250000    9.750000   clock uncertainty
                                  0.000000    9.750000   clock reconvergence pessimism
                                 -2.000000    7.750000   output external delay
                                              7.750000   data required time
---------------------------------------------------------------------------------------------
                                              7.750000   data required time
                                             -0.349741   data arrival time
---------------------------------------------------------------------------------------------
                                              7.400259   slack (MET)


Startpoint: _40_ (rising edge-triggered flip-flop clocked by clk)
Endpoint: count[3] (output port clocked by clk)
Path Group: clk
Path Type: max

Fanout         Cap        Slew       Delay        Time   Description
---------------------------------------------------------------------------------------------
                      0.150000    0.000000    0.000000   clock clk (rise edge)
                                  0.000000    0.000000   clock network delay (ideal)
                      0.150000    0.000000    0.000000 ^ _40_/CLK (sky130_fd_sc_hd__dfrtp_2)
     6    0.045353    0.168407    0.346944    0.346944 ^ _40_/Q (sky130_fd_sc_hd__dfrtp_2)
                      0.168407    0.000000    0.346944 ^ count[3] (out)
                                              0.346944   data arrival time

                      0.150000   10.000000   10.000000   clock clk (rise edge)
                                  0.000000   10.000000   clock network delay (ideal)
                                 -0.250000    9.750000   clock uncertainty
                                  0.000000    9.750000   clock reconvergence pessimism
                                 -2.000000    7.750000   output external delay
                                              7.750000   data required time
---------------------------------------------------------------------------------------------
                                              7.750000   data required time
                                             -0.346944   data arrival time
---------------------------------------------------------------------------------------------
                                              7.403056   slack (MET)


Startpoint: _43_ (rising edge-triggered flip-flop clocked by clk)
Endpoint: count[6] (output port clocked by clk)
Path Group: clk
Path Type: max

Fanout         Cap        Slew       Delay        Time   Description
---------------------------------------------------------------------------------------------
                      0.150000    0.000000    0.000000   clock clk (rise edge)
                                  0.000000    0.000000   clock network delay (ideal)
                      0.150000    0.000000    0.000000 ^ _43_/CLK (sky130_fd_sc_hd__dfrtp_2)
     3    0.044434    0.165258    0.344700    0.344700 ^ _43_/Q (sky130_fd_sc_hd__dfrtp_2)
                      0.165258    0.000000    0.344700 ^ count[6] (out)
                                              0.344700   data arrival time

                      0.150000   10.000000   10.000000   clock clk (rise edge)
                                  0.000000   10.000000   clock network delay (ideal)
                                 -0.250000    9.750000   clock uncertainty
                                  0.000000    9.750000   clock reconvergence pessimism
                                 -2.000000    7.750000   output external delay
                                              7.750000   data required time
---------------------------------------------------------------------------------------------
                                              7.750000   data required time
                                             -0.344700   data arrival time
---------------------------------------------------------------------------------------------
                                              7.405300   slack (MET)


Startpoint: _44_ (rising edge-triggered flip-flop clocked by clk)
Endpoint: count[7] (output port clocked by clk)
Path Group: clk
Path Type: max

Fanout         Cap        Slew       Delay        Time   Description
---------------------------------------------------------------------------------------------
                      0.150000    0.000000    0.000000   clock clk (rise edge)
                                  0.000000    0.000000   clock network delay (ideal)
                      0.150000    0.000000    0.000000 ^ _44_/CLK (sky130_fd_sc_hd__dfrtp_2)
     3    0.044368    0.165036    0.344537    0.344537 ^ _44_/Q (sky130_fd_sc_hd__dfrtp_2)
                      0.165036    0.000000    0.344537 ^ count[7] (out)
                                              0.344537   data arrival time

                      0.150000   10.000000   10.000000   clock clk (rise edge)
                                  0.000000   10.000000   clock network delay (ideal)
                                 -0.250000    9.750000   clock uncertainty
                                  0.000000    9.750000   clock reconvergence pessimism
                                 -2.000000    7.750000   output external delay
                                              7.750000   data required time
---------------------------------------------------------------------------------------------
                                              7.750000   data required time
                                             -0.344537   data arrival time
---------------------------------------------------------------------------------------------
                                              7.405463   slack (MET)


Startpoint: _38_ (rising edge-triggered flip-flop clocked by clk)
Endpoint: count[1] (output port clocked by clk)
Path Group: clk
Path Type: max

Fanout         Cap        Slew       Delay        Time   Description
---------------------------------------------------------------------------------------------
                      0.150000    0.000000    0.000000   clock clk (rise edge)
                                  0.000000    0.000000   clock network delay (ideal)
                      0.150000    0.000000    0.000000 ^ _38_/CLK (sky130_fd_sc_hd__dfrtp_2)
     4    0.041469    0.155272    0.337373    0.337373 ^ _38_/Q (sky130_fd_sc_hd__dfrtp_2)
                      0.155272    0.000000    0.337373 ^ count[1] (out)
                                              0.337373   data arrival time

                      0.150000   10.000000   10.000000   clock clk (rise edge)
                                  0.000000   10.000000   clock network delay (ideal)
                                 -0.250000    9.750000   clock uncertainty
                                  0.000000    9.750000   clock reconvergence pessimism
                                 -2.000000    7.750000   output external delay
                                              7.750000   data required time
---------------------------------------------------------------------------------------------
                                              7.750000   data required time
                                             -0.337373   data arrival time
---------------------------------------------------------------------------------------------
                                              7.412627   slack (MET)


Startpoint: _39_ (rising edge-triggered flip-flop clocked by clk)
Endpoint: count[2] (output port clocked by clk)
Path Group: clk
Path Type: max

Fanout         Cap        Slew       Delay        Time   Description
---------------------------------------------------------------------------------------------
                      0.150000    0.000000    0.000000   clock clk (rise edge)
                                  0.000000    0.000000   clock network delay (ideal)
                      0.150000    0.000000    0.000000 ^ _39_/CLK (sky130_fd_sc_hd__dfrtp_2)
     3    0.039193    0.086771    0.334593    0.334593 v _39_/Q (sky130_fd_sc_hd__dfrtp_2)
                      0.086771    0.000000    0.334593 v count[2] (out)
                                              0.334593   data arrival time

                      0.150000   10.000000   10.000000   clock clk (rise edge)
                                  0.000000   10.000000   clock network delay (ideal)
                                 -0.250000    9.750000   clock uncertainty
                                  0.000000    9.750000   clock reconvergence pessimism
                                 -2.000000    7.750000   output external delay
                                              7.750000   data required time
---------------------------------------------------------------------------------------------
                                              7.750000   data required time
                                             -0.334593   data arrival time
---------------------------------------------------------------------------------------------
                                              7.415407   slack (MET)


Startpoint: _42_ (rising edge-triggered flip-flop clocked by clk)
Endpoint: count[5] (output port clocked by clk)
Path Group: clk
Path Type: max

Fanout         Cap        Slew       Delay        Time   Description
---------------------------------------------------------------------------------------------
                      0.150000    0.000000    0.000000   clock clk (rise edge)
                                  0.000000    0.000000   clock network delay (ideal)
                      0.150000    0.000000    0.000000 ^ _42_/CLK (sky130_fd_sc_hd__dfrtp_2)
     3    0.037211    0.083858    0.331366    0.331366 v _42_/Q (sky130_fd_sc_hd__dfrtp_2)
                      0.083858    0.000000    0.331366 v count[5] (out)
                                              0.331366   data arrival time

                      0.150000   10.000000   10.000000   clock clk (rise edge)
                                  0.000000   10.000000   clock network delay (ideal)
                                 -0.250000    9.750000   clock uncertainty
                                  0.000000    9.750000   clock reconvergence pessimism
                                 -2.000000    7.750000   output external delay
                                              7.750000   data required time
---------------------------------------------------------------------------------------------
                                              7.750000   data required time
                                             -0.331366   data arrival time
---------------------------------------------------------------------------------------------
                                              7.418634   slack (MET)


Startpoint: enable (input port clocked by clk)
Endpoint: _39_ (rising edge-triggered flip-flop clocked by clk)
Path Group: clk
Path Type: max

Fanout         Cap        Slew       Delay        Time   Description
---------------------------------------------------------------------------------------------
                      0.150000    0.000000    0.000000   clock clk (rise edge)
                                  0.000000    0.000000   clock network delay (ideal)
                                  2.000000    2.000000 ^ input external delay
     4    0.016840    0.062563    0.041384    2.041384 ^ enable (in)
                      0.062563    0.000000    2.041384 ^ _19_/D (sky130_fd_sc_hd__and4_2)
     6    0.016600    0.082374    0.171071    2.212456 ^ _19_/X (sky130_fd_sc_hd__and4_2)
                      0.082374    0.000000    2.212456 ^ _29_/A (sky130_fd_sc_hd__nor2_2)
     1    0.002059    0.023363    0.022540    2.234995 v _29_/Y (sky130_fd_sc_hd__nor2_2)
                      0.023363    0.000000    2.234995 v _39_/D (sky130_fd_sc_hd__dfrtp_2)
                                              2.234995   data arrival time

                      0.150000   10.000000   10.000000   clock clk (rise edge)
                                  0.000000   10.000000   clock network delay (ideal)
                                 -0.250000    9.750000   clock uncertainty
                                  0.000000    9.750000   clock reconvergence pessimism
                                              9.750000 ^ _39_/CLK (sky130_fd_sc_hd__dfrtp_2)
                                 -0.059241    9.690760   library setup time
                                              9.690760   data required time
---------------------------------------------------------------------------------------------
                                              9.690760   data required time
                                             -2.234995   data arrival time
---------------------------------------------------------------------------------------------
                                              7.455764   slack (MET)


Startpoint: enable (input port clocked by clk)
Endpoint: _38_ (rising edge-triggered flip-flop clocked by clk)
Path Group: clk
Path Type: max

Fanout         Cap        Slew       Delay        Time   Description
---------------------------------------------------------------------------------------------
                      0.150000    0.000000    0.000000   clock clk (rise edge)
                                  0.000000    0.000000   clock network delay (ideal)
                                  2.000000    2.000000 v input external delay
     4    0.015432    0.025221    0.015927    2.015927 v enable (in)
                      0.025221    0.000000    2.015927 v _18_/C (sky130_fd_sc_hd__and3_2)
     2    0.008338    0.038556    0.138060    2.153987 v _18_/X (sky130_fd_sc_hd__and3_2)
                      0.038556    0.000000    2.153987 v _27_/A (sky130_fd_sc_hd__nor2_2)
     1    0.002087    0.040024    0.061137    2.215124 ^ _27_/Y (sky130_fd_sc_hd__nor2_2)
                      0.040024    0.000000    2.215124 ^ _38_/D (sky130_fd_sc_hd__dfrtp_2)
                                              2.215124   data arrival time

                      0.150000   10.000000   10.000000   clock clk (rise edge)
                                  0.000000   10.000000   clock network delay (ideal)
                                 -0.250000    9.750000   clock uncertainty
                                  0.000000    9.750000   clock reconvergence pessimism
                                              9.750000 ^ _38_/CLK (sky130_fd_sc_hd__dfrtp_2)
                                 -0.032773    9.717227   library setup time
                                              9.717227   data required time
---------------------------------------------------------------------------------------------
                                              9.717227   data required time
                                             -2.215124   data arrival time
---------------------------------------------------------------------------------------------
                                              7.502103   slack (MET)


Startpoint: enable (input port clocked by clk)
Endpoint: _37_ (rising edge-triggered flip-flop clocked by clk)
Path Group: clk
Path Type: max

Fanout         Cap        Slew       Delay        Time   Description
---------------------------------------------------------------------------------------------
                      0.150000    0.000000    0.000000   clock clk (rise edge)
                                  0.000000    0.000000   clock network delay (ideal)
                                  2.000000    2.000000 v input external delay
     4    0.015432    0.025221    0.015927    2.015927 v enable (in)
                      0.025221    0.000000    2.015927 v _25_/B (sky130_fd_sc_hd__xor2_2)
     1    0.002059    0.043581    0.079810    2.095737 v _25_/X (sky130_fd_sc_hd__xor2_2)
                      0.043581    0.000000    2.095737 v _37_/D (sky130_fd_sc_hd__dfrtp_2)
                                              2.095737   data arrival time

                      0.150000   10.000000   10.000000   clock clk (rise edge)
                                  0.000000   10.000000   clock network delay (ideal)
                                 -0.250000    9.750000   clock uncertainty
                                  0.000000    9.750000   clock reconvergence pessimism
                                              9.750000 ^ _37_/CLK (sky130_fd_sc_hd__dfrtp_2)
                                 -0.066425    9.683575   library setup time
                                              9.683575   data required time
---------------------------------------------------------------------------------------------
                                              9.683575   data required time
                                             -2.095737   data arrival time
---------------------------------------------------------------------------------------------
                                              7.587838   slack (MET)


Startpoint: rst_n (input port clocked by clk)
Endpoint: _37_ (recovery check against rising-edge clock clk)
Path Group: asynchronous
Path Type: max

Fanout         Cap        Slew       Delay        Time   Description
---------------------------------------------------------------------------------------------
                      0.150000    0.000000    0.000000   clock clk (rise edge)
                                  0.000000    0.000000   clock network delay (ideal)
                                  2.000000    2.000000 ^ input external delay
     8    0.028936    0.102866    0.069482    2.069482 ^ rst_n (in)
                      0.102866    0.000000    2.069482 ^ _37_/RESET_B (sky130_fd_sc_hd__dfrtp_2)
                                              2.069482   data arrival time

                      0.150000   10.000000   10.000000   clock clk (rise edge)
                                  0.000000   10.000000   clock network delay (ideal)
                                 -0.250000    9.750000   clock uncertainty
                                  0.000000    9.750000   clock reconvergence pessimism
                                              9.750000 ^ _37_/CLK (sky130_fd_sc_hd__dfrtp_2)
                                  0.133756    9.883756   library recovery time
                                              9.883756   data required time
---------------------------------------------------------------------------------------------
                                              9.883756   data required time
                                             -2.069482   data arrival time
---------------------------------------------------------------------------------------------
                                              7.814274   slack (MET)


Startpoint: rst_n (input port clocked by clk)
Endpoint: _38_ (recovery check against rising-edge clock clk)
Path Group: asynchronous
Path Type: max

Fanout         Cap        Slew       Delay        Time   Description
---------------------------------------------------------------------------------------------
                      0.150000    0.000000    0.000000   clock clk (rise edge)
                                  0.000000    0.000000   clock network delay (ideal)
                                  2.000000    2.000000 ^ input external delay
     8    0.028936    0.102866    0.069482    2.069482 ^ rst_n (in)
                      0.102866    0.000000    2.069482 ^ _38_/RESET_B (sky130_fd_sc_hd__dfrtp_2)
                                              2.069482   data arrival time

                      0.150000   10.000000   10.000000   clock clk (rise edge)
                                  0.000000   10.000000   clock network delay (ideal)
                                 -0.250000    9.750000   clock uncertainty
                                  0.000000    9.750000   clock reconvergence pessimism
                                              9.750000 ^ _38_/CLK (sky130_fd_sc_hd__dfrtp_2)
                                  0.133756    9.883756   library recovery time
                                              9.883756   data required time
---------------------------------------------------------------------------------------------
                                              9.883756   data required time
                                             -2.069482   data arrival time
---------------------------------------------------------------------------------------------
                                              7.814274   slack (MET)


Startpoint: rst_n (input port clocked by clk)
Endpoint: _39_ (recovery check against rising-edge clock clk)
Path Group: asynchronous
Path Type: max

Fanout         Cap        Slew       Delay        Time   Description
---------------------------------------------------------------------------------------------
                      0.150000    0.000000    0.000000   clock clk (rise edge)
                                  0.000000    0.000000   clock network delay (ideal)
                                  2.000000    2.000000 ^ input external delay
     8    0.028936    0.102866    0.069482    2.069482 ^ rst_n (in)
                      0.102866    0.000000    2.069482 ^ _39_/RESET_B (sky130_fd_sc_hd__dfrtp_2)
                                              2.069482   data arrival time

                      0.150000   10.000000   10.000000   clock clk (rise edge)
                                  0.000000   10.000000   clock network delay (ideal)
                                 -0.250000    9.750000   clock uncertainty
                                  0.000000    9.750000   clock reconvergence pessimism
                                              9.750000 ^ _39_/CLK (sky130_fd_sc_hd__dfrtp_2)
                                  0.133756    9.883756   library recovery time
                                              9.883756   data required time
---------------------------------------------------------------------------------------------
                                              9.883756   data required time
                                             -2.069482   data arrival time
---------------------------------------------------------------------------------------------
                                              7.814274   slack (MET)


Startpoint: rst_n (input port clocked by clk)
Endpoint: _40_ (recovery check against rising-edge clock clk)
Path Group: asynchronous
Path Type: max

Fanout         Cap        Slew       Delay        Time   Description
---------------------------------------------------------------------------------------------
                      0.150000    0.000000    0.000000   clock clk (rise edge)
                                  0.000000    0.000000   clock network delay (ideal)
                                  2.000000    2.000000 ^ input external delay
     8    0.028936    0.102866    0.069482    2.069482 ^ rst_n (in)
                      0.102866    0.000000    2.069482 ^ _40_/RESET_B (sky130_fd_sc_hd__dfrtp_2)
                                              2.069482   data arrival time

                      0.150000   10.000000   10.000000   clock clk (rise edge)
                                  0.000000   10.000000   clock network delay (ideal)
                                 -0.250000    9.750000   clock uncertainty
                                  0.000000    9.750000   clock reconvergence pessimism
                                              9.750000 ^ _40_/CLK (sky130_fd_sc_hd__dfrtp_2)
                                  0.133756    9.883756   library recovery time
                                              9.883756   data required time
---------------------------------------------------------------------------------------------
                                              9.883756   data required time
                                             -2.069482   data arrival time
---------------------------------------------------------------------------------------------
                                              7.814274   slack (MET)


Startpoint: rst_n (input port clocked by clk)
Endpoint: _41_ (recovery check against rising-edge clock clk)
Path Group: asynchronous
Path Type: max

Fanout         Cap        Slew       Delay        Time   Description
---------------------------------------------------------------------------------------------
                      0.150000    0.000000    0.000000   clock clk (rise edge)
                                  0.000000    0.000000   clock network delay (ideal)
                                  2.000000    2.000000 ^ input external delay
     8    0.028936    0.102866    0.069482    2.069482 ^ rst_n (in)
                      0.102866    0.000000    2.069482 ^ _41_/RESET_B (sky130_fd_sc_hd__dfrtp_2)
                                              2.069482   data arrival time

                      0.150000   10.000000   10.000000   clock clk (rise edge)
                                  0.000000   10.000000   clock network delay (ideal)
                                 -0.250000    9.750000   clock uncertainty
                                  0.000000    9.750000   clock reconvergence pessimism
                                              9.750000 ^ _41_/CLK (sky130_fd_sc_hd__dfrtp_2)
                                  0.133756    9.883756   library recovery time
                                              9.883756   data required time
---------------------------------------------------------------------------------------------
                                              9.883756   data required time
                                             -2.069482   data arrival time
---------------------------------------------------------------------------------------------
                                              7.814274   slack (MET)


Startpoint: rst_n (input port clocked by clk)
Endpoint: _42_ (recovery check against rising-edge clock clk)
Path Group: asynchronous
Path Type: max

Fanout         Cap        Slew       Delay        Time   Description
---------------------------------------------------------------------------------------------
                      0.150000    0.000000    0.000000   clock clk (rise edge)
                                  0.000000    0.000000   clock network delay (ideal)
                                  2.000000    2.000000 ^ input external delay
     8    0.028936    0.102866    0.069482    2.069482 ^ rst_n (in)
                      0.102866    0.000000    2.069482 ^ _42_/RESET_B (sky130_fd_sc_hd__dfrtp_2)
                                              2.069482   data arrival time

                      0.150000   10.000000   10.000000   clock clk (rise edge)
                                  0.000000   10.000000   clock network delay (ideal)
                                 -0.250000    9.750000   clock uncertainty
                                  0.000000    9.750000   clock reconvergence pessimism
                                              9.750000 ^ _42_/CLK (sky130_fd_sc_hd__dfrtp_2)
                                  0.133756    9.883756   library recovery time
                                              9.883756   data required time
---------------------------------------------------------------------------------------------
                                              9.883756   data required time
                                             -2.069482   data arrival time
---------------------------------------------------------------------------------------------
                                              7.814274   slack (MET)


Startpoint: rst_n (input port clocked by clk)
Endpoint: _43_ (recovery check against rising-edge clock clk)
Path Group: asynchronous
Path Type: max

Fanout         Cap        Slew       Delay        Time   Description
---------------------------------------------------------------------------------------------
                      0.150000    0.000000    0.000000   clock clk (rise edge)
                                  0.000000    0.000000   clock network delay (ideal)
                                  2.000000    2.000000 ^ input external delay
     8    0.028936    0.102866    0.069482    2.069482 ^ rst_n (in)
                      0.102866    0.000000    2.069482 ^ _43_/RESET_B (sky130_fd_sc_hd__dfrtp_2)
                                              2.069482   data arrival time

                      0.150000   10.000000   10.000000   clock clk (rise edge)
                                  0.000000   10.000000   clock network delay (ideal)
                                 -0.250000    9.750000   clock uncertainty
                                  0.000000    9.750000   clock reconvergence pessimism
                                              9.750000 ^ _43_/CLK (sky130_fd_sc_hd__dfrtp_2)
                                  0.133756    9.883756   library recovery time
                                              9.883756   data required time
---------------------------------------------------------------------------------------------
                                              9.883756   data required time
                                             -2.069482   data arrival time
---------------------------------------------------------------------------------------------
                                              7.814274   slack (MET)


Startpoint: rst_n (input port clocked by clk)
Endpoint: _44_ (recovery check against rising-edge clock clk)
Path Group: asynchronous
Path Type: max

Fanout         Cap        Slew       Delay        Time   Description
---------------------------------------------------------------------------------------------
                      0.150000    0.000000    0.000000   clock clk (rise edge)
                                  0.000000    0.000000   clock network delay (ideal)
                                  2.000000    2.000000 ^ input external delay
     8    0.028936    0.102866    0.069482    2.069482 ^ rst_n (in)
                      0.102866    0.000000    2.069482 ^ _44_/RESET_B (sky130_fd_sc_hd__dfrtp_2)
                                              2.069482   data arrival time

                      0.150000   10.000000   10.000000   clock clk (rise edge)
                                  0.000000   10.000000   clock network delay (ideal)
                                 -0.250000    9.750000   clock uncertainty
                                  0.000000    9.750000   clock reconvergence pessimism
                                              9.750000 ^ _44_/CLK (sky130_fd_sc_hd__dfrtp_2)
                                  0.133756    9.883756   library recovery time
                                              9.883756   data required time
---------------------------------------------------------------------------------------------
                                              9.883756   data required time
                                             -2.069482   data arrival time
---------------------------------------------------------------------------------------------
                                              7.814274   slack (MET)



