Clock: clk
Sources: clk 
Generated: no
Virtual: yes
Propagated: no
Period: 10.000000

===========================================================================
report_clock_properties
============================================================================
Clock                   Period          Waveform
----------------------------------------------------
clk                  10.000000    0.000000  5.000000

===========================================================================
report_clock_latency
============================================================================
Clock clk
rise -> rise
    min     max
0.000000 0.000000 source latency
0.313123         network latency _43_/CLK
        0.314523 network latency _38_/CLK
---------------
0.313123 0.314523 latency
        0.001400 skew

fall -> fall
    min     max
0.000000 0.000000 source latency
0.303083         network latency _43_/CLK
        0.304081 network latency _38_/CLK
---------------
0.303083 0.304081 latency
        0.000997 skew



===========================================================================
report_clock_min_period
============================================================================
clk period_min = 1.45 fmax = 689.49
