
===========================================================================
report_checks -path_delay max (Setup)
============================================================================
======================= nom_tt_025C_1v80 Corner ===================================

Startpoint: enable (input port clocked by clk)
Endpoint: overflow (output port clocked by clk)
Path Group: clk
Path Type: max

Fanout         Cap        Slew       Delay        Time   Description
---------------------------------------------------------------------------------------------
                                  0.000000    0.000000   clock clk (rise edge)
                                  0.000000    0.000000   clock network delay (propagated)
                                  2.000000    2.000000 ^ input external delay
     1    0.003183    0.021387    0.011638    2.011638 ^ enable (in)
                      0.021387    0.000000    2.011638 ^ input1/A (sky130_fd_sc_hd__clkbuf_2)
     4    0.019587    0.112432    0.145153    2.156790 ^ input1/X (sky130_fd_sc_hd__clkbuf_2)
                      0.112482    0.000805    2.157595 ^ _19_/D (sky130_fd_sc_hd__and4_1)
     6    0.016612    0.172343    0.297965    2.455561 ^ _19_/X (sky130_fd_sc_hd__and4_1)
                      0.172343    0.000208    2.455769 ^ _23_/C (sky130_fd_sc_hd__and4_1)
     2    0.007974    0.098884    0.247631    2.703399 ^ _23_/X (sky130_fd_sc_hd__and4_1)
                      0.098884    0.000068    2.703468 ^ _24_/B (sky130_fd_sc_hd__and2_1)
     1    0.008797    0.098380    0.171640    2.875108 ^ _24_/X (sky130_fd_sc_hd__and2_1)
                      0.098380    0.000162    2.875270 ^ output11/A (sky130_fd_sc_hd__buf_2)
     1    0.034089    0.169507    0.217555    3.092824 ^ output11/X (sky130_fd_sc_hd__buf_2)
                      0.169507    0.000103    3.092927 ^ overflow (out)
                                              3.092927   data arrival time

                                 10.000000   10.000000   clock clk (rise edge)
                                  0.000000   10.000000   clock network delay (propagated)
                                 -0.250000    9.750000   clock uncertainty
                                  0.000000    9.750000   clock reconvergence pessimism
                                 -2.000000    7.750000   output external delay
                                              7.750000   data required time
---------------------------------------------------------------------------------------------
                                              7.750000   data required time
                                             -3.092927   data arrival time
---------------------------------------------------------------------------------------------
                                              4.657073   slack (MET)


Startpoint: _40_ (rising edge-triggered flip-flop clocked by clk)
Endpoint: count[3] (output port clocked by clk)
Path Group: clk
Path Type: max

Fanout         Cap        Slew       Delay        Time   Description
---------------------------------------------------------------------------------------------
                                  0.000000    0.000000   clock clk (rise edge)
                                  0.000000    0.000000   clock source latency
     1    0.017627    0.085129    0.058370    0.058370 ^ clk (in)
                      0.085135    0.000000    0.058370 ^ clkbuf_0_clk/A (sky130_fd_sc_hd__clkbuf_16)
     2    0.017396    0.039657    0.137727    0.196098 ^ clkbuf_0_clk/X (sky130_fd_sc_hd__clkbuf_16)
                      0.039657    0.000036    0.196134 ^ clkbuf_1_0__f_clk/A (sky130_fd_sc_hd__clkbuf_16)
     5    0.014578    0.037228    0.118340    0.314473 ^ clkbuf_1_0__f_clk/X (sky130_fd_sc_hd__clkbuf_16)
                      0.037228    0.000030    0.314503 ^ _40_/CLK (sky130_fd_sc_hd__dfrtp_4)
     6    0.022595    0.083310    0.500231    0.814734 v _40_/Q (sky130_fd_sc_hd__dfrtp_4)
                      0.083310    0.000272    0.815006 v output6/A (sky130_fd_sc_hd__buf_2)
     1    0.033953    0.088541    0.197214    1.012220 v output6/X (sky130_fd_sc_hd__buf_2)
                      0.088541    0.000074    1.012294 v count[3] (out)
                                              1.012294   data arrival time

                                 10.000000   10.000000   clock clk (rise edge)
                                  0.000000   10.000000   clock network delay (propagated)
                                 -0.250000    9.750000   clock uncertainty
                                  0.000000    9.750000   clock reconvergence pessimism
                                 -2.000000    7.750000   output external delay
                                              7.750000   data required time
---------------------------------------------------------------------------------------------
                                              7.750000   data required time
                                             -1.012294   data arrival time
---------------------------------------------------------------------------------------------
                                              6.737706   slack (MET)


Startpoint: _41_ (rising edge-triggered flip-flop clocked by clk)
Endpoint: count[4] (output port clocked by clk)
Path Group: clk
Path Type: max

Fanout         Cap        Slew       Delay        Time   Description
---------------------------------------------------------------------------------------------
                                  0.000000    0.000000   clock clk (rise edge)
                                  0.000000    0.000000   clock source latency
     1    0.017627    0.085129    0.058370    0.058370 ^ clk (in)
                      0.085135    0.000000    0.058370 ^ clkbuf_0_clk/A (sky130_fd_sc_hd__clkbuf_16)
     2    0.017396    0.039657    0.137727    0.196098 ^ clkbuf_0_clk/X (sky130_fd_sc_hd__clkbuf_16)
                      0.039657    0.000029    0.196127 ^ clkbuf_1_1__f_clk/A (sky130_fd_sc_hd__clkbuf_16)
     4    0.013163    0.036027    0.116974    0.313101 ^ clkbuf_1_1__f_clk/X (sky130_fd_sc_hd__clkbuf_16)
                      0.036027    0.000083    0.313183 ^ _41_/CLK (sky130_fd_sc_hd__dfrtp_4)
     4    0.022175    0.082880    0.499044    0.812228 v _41_/Q (sky130_fd_sc_hd__dfrtp_4)
                      0.082880    0.000457    0.812685 v output7/A (sky130_fd_sc_hd__buf_2)
     1    0.034110    0.088895    0.197282    1.009967 v output7/X (sky130_fd_sc_hd__buf_2)
                      0.088895    0.000111    1.010077 v count[4] (out)
                                              1.010077   data arrival time

                                 10.000000   10.000000   clock clk (rise edge)
                                  0.000000   10.000000   clock network delay (propagated)
                                 -0.250000    9.750000   clock uncertainty
                                  0.000000    9.750000   clock reconvergence pessimism
                                 -2.000000    7.750000   output external delay
                                              7.750000   data required time
---------------------------------------------------------------------------------------------
                                              7.750000   data required time
                                             -1.010077   data arrival time
---------------------------------------------------------------------------------------------
                                              6.739923   slack (MET)


Startpoint: _42_ (rising edge-triggered flip-flop clocked by clk)
Endpoint: count[5] (output port clocked by clk)
Path Group: clk
Path Type: max

Fanout         Cap        Slew       Delay        Time   Description
---------------------------------------------------------------------------------------------
                                  0.000000    0.000000   clock clk (rise edge)
                                  0.000000    0.000000   clock source latency
     1    0.017627    0.085129    0.058370    0.058370 ^ clk (in)
                      0.085135    0.000000    0.058370 ^ clkbuf_0_clk/A (sky130_fd_sc_hd__clkbuf_16)
     2    0.017396    0.039657    0.137727    0.196098 ^ clkbuf_0_clk/X (sky130_fd_sc_hd__clkbuf_16)
                      0.039657    0.000029    0.196127 ^ clkbuf_1_1__f_clk/A (sky130_fd_sc_hd__clkbuf_16)
     4    0.013163    0.036027    0.116974    0.313101 ^ clkbuf_1_1__f_clk/X (sky130_fd_sc_hd__clkbuf_16)
                      0.036027    0.000061    0.313162 ^ _42_/CLK (sky130_fd_sc_hd__dfrtp_1)
     3    0.016495    0.153553    0.399092    0.712254 ^ _42_/Q (sky130_fd_sc_hd__dfrtp_1)
                      0.153553    0.000489    0.712743 ^ output8/A (sky130_fd_sc_hd__buf_2)
     1    0.034423    0.171270    0.235864    0.948607 ^ output8/X (sky130_fd_sc_hd__buf_2)
                      0.171270    0.000220    0.948828 ^ count[5] (out)
                                              0.948828   data arrival time

                                 10.000000   10.000000   clock clk (rise edge)
                                  0.000000   10.000000   clock network delay (propagated)
                                 -0.250000    9.750000   clock uncertainty
                                  0.000000    9.750000   clock reconvergence pessimism
                                 -2.000000    7.750000   output external delay
                                              7.750000   data required time
---------------------------------------------------------------------------------------------
                                              7.750000   data required time
                                             -0.948828   data arrival time
---------------------------------------------------------------------------------------------
                                              6.801172   slack (MET)


Startpoint: _38_ (rising edge-triggered flip-flop clocked by clk)
Endpoint: count[1] (output port clocked by clk)
Path Group: clk
Path Type: max

Fanout         Cap        Slew       Delay        Time   Description
---------------------------------------------------------------------------------------------
                                  0.000000    0.000000   clock clk (rise edge)
                                  0.000000    0.000000   clock source latency
     1    0.017627    0.085129    0.058370    0.058370 ^ clk (in)
                      0.085135    0.000000    0.058370 ^ clkbuf_0_clk/A (sky130_fd_sc_hd__clkbuf_16)
     2    0.017396    0.039657    0.137727    0.196098 ^ clkbuf_0_clk/X (sky130_fd_sc_hd__clkbuf_16)
                      0.039657    0.000036    0.196134 ^ clkbuf_1_0__f_clk/A (sky130_fd_sc_hd__clkbuf_16)
     5    0.014578    0.037228    0.118340    0.314473 ^ clkbuf_1_0__f_clk/X (sky130_fd_sc_hd__clkbuf_16)
                      0.037228    0.000050    0.314523 ^ _38_/CLK (sky130_fd_sc_hd__dfrtp_1)
     4    0.016289    0.151844    0.398341    0.712864 ^ _38_/Q (sky130_fd_sc_hd__dfrtp_1)
                      0.151844    0.000381    0.713244 ^ output4/A (sky130_fd_sc_hd__buf_2)
     1    0.034344    0.170894    0.235155    0.948400 ^ output4/X (sky130_fd_sc_hd__buf_2)
                      0.170894    0.000198    0.948597 ^ count[1] (out)
                                              0.948597   data arrival time

                                 10.000000   10.000000   clock clk (rise edge)
                                  0.000000   10.000000   clock network delay (propagated)
                                 -0.250000    9.750000   clock uncertainty
                                  0.000000    9.750000   clock reconvergence pessimism
                                 -2.000000    7.750000   output external delay
                                              7.750000   data required time
---------------------------------------------------------------------------------------------
                                              7.750000   data required time
                                             -0.948597   data arrival time
---------------------------------------------------------------------------------------------
                                              6.801403   slack (MET)


Startpoint: _43_ (rising edge-triggered flip-flop clocked by clk)
Endpoint: count[6] (output port clocked by clk)
Path Group: clk
Path Type: max

Fanout         Cap        Slew       Delay        Time   Description
---------------------------------------------------------------------------------------------
                                  0.000000    0.000000   clock clk (rise edge)
                                  0.000000    0.000000   clock source latency
     1    0.017627    0.085129    0.058370    0.058370 ^ clk (in)
                      0.085135    0.000000    0.058370 ^ clkbuf_0_clk/A (sky130_fd_sc_hd__clkbuf_16)
     2    0.017396    0.039657    0.137727    0.196098 ^ clkbuf_0_clk/X (sky130_fd_sc_hd__clkbuf_16)
                      0.039657    0.000029    0.196127 ^ clkbuf_1_1__f_clk/A (sky130_fd_sc_hd__clkbuf_16)
     4    0.013163    0.036027    0.116974    0.313101 ^ clkbuf_1_1__f_clk/X (sky130_fd_sc_hd__clkbuf_16)
                      0.036027    0.000022    0.313123 ^ _43_/CLK (sky130_fd_sc_hd__dfrtp_1)
     3    0.016182    0.150951    0.397281    0.710403 ^ _43_/Q (sky130_fd_sc_hd__dfrtp_1)
                      0.150951    0.000293    0.710696 ^ output9/A (sky130_fd_sc_hd__buf_2)
     1    0.034423    0.171267    0.235160    0.945856 ^ output9/X (sky130_fd_sc_hd__buf_2)
                      0.171267    0.000220    0.946077 ^ count[6] (out)
                                              0.946077   data arrival time

                                 10.000000   10.000000   clock clk (rise edge)
                                  0.000000   10.000000   clock network delay (propagated)
                                 -0.250000    9.750000   clock uncertainty
                                  0.000000    9.750000   clock reconvergence pessimism
                                 -2.000000    7.750000   output external delay
                                              7.750000   data required time
---------------------------------------------------------------------------------------------
                                              7.750000   data required time
                                             -0.946077   data arrival time
---------------------------------------------------------------------------------------------
                                              6.803924   slack (MET)


Startpoint: _37_ (rising edge-triggered flip-flop clocked by clk)
Endpoint: count[0] (output port clocked by clk)
Path Group: clk
Path Type: max

Fanout         Cap        Slew       Delay        Time   Description
---------------------------------------------------------------------------------------------
                                  0.000000    0.000000   clock clk (rise edge)
                                  0.000000    0.000000   clock source latency
     1    0.017627    0.085129    0.058370    0.058370 ^ clk (in)
                      0.085135    0.000000    0.058370 ^ clkbuf_0_clk/A (sky130_fd_sc_hd__clkbuf_16)
     2    0.017396    0.039657    0.137727    0.196098 ^ clkbuf_0_clk/X (sky130_fd_sc_hd__clkbuf_16)
                      0.039657    0.000036    0.196134 ^ clkbuf_1_0__f_clk/A (sky130_fd_sc_hd__clkbuf_16)
     5    0.014578    0.037228    0.118340    0.314473 ^ clkbuf_1_0__f_clk/X (sky130_fd_sc_hd__clkbuf_16)
                      0.037228    0.000039    0.314513 ^ _37_/CLK (sky130_fd_sc_hd__dfrtp_2)
     5    0.019944    0.078848    0.432189    0.746702 v _37_/Q (sky130_fd_sc_hd__dfrtp_2)
                      0.078848    0.000242    0.746944 v output3/A (sky130_fd_sc_hd__buf_2)
     1    0.034344    0.089434    0.195815    0.942760 v output3/X (sky130_fd_sc_hd__buf_2)
                      0.089434    0.000198    0.942957 v count[0] (out)
                                              0.942957   data arrival time

                                 10.000000   10.000000   clock clk (rise edge)
                                  0.000000   10.000000   clock network delay (propagated)
                                 -0.250000    9.750000   clock uncertainty
                                  0.000000    9.750000   clock reconvergence pessimism
                                 -2.000000    7.750000   output external delay
                                              7.750000   data required time
---------------------------------------------------------------------------------------------
                                              7.750000   data required time
                                             -0.942957   data arrival time
---------------------------------------------------------------------------------------------
                                              6.807043   slack (MET)


Startpoint: _44_ (rising edge-triggered flip-flop clocked by clk)
Endpoint: count[7] (output port clocked by clk)
Path Group: clk
Path Type: max

Fanout         Cap        Slew       Delay        Time   Description
---------------------------------------------------------------------------------------------
                                  0.000000    0.000000   clock clk (rise edge)
                                  0.000000    0.000000   clock source latency
     1    0.017627    0.085129    0.058370    0.058370 ^ clk (in)
                      0.085135    0.000000    0.058370 ^ clkbuf_0_clk/A (sky130_fd_sc_hd__clkbuf_16)
     2    0.017396    0.039657    0.137727    0.196098 ^ clkbuf_0_clk/X (sky130_fd_sc_hd__clkbuf_16)
                      0.039657    0.000029    0.196127 ^ clkbuf_1_1__f_clk/A (sky130_fd_sc_hd__clkbuf_16)
     4    0.013163    0.036027    0.116974    0.313101 ^ clkbuf_1_1__f_clk/X (sky130_fd_sc_hd__clkbuf_16)
                      0.036027    0.000038    0.313139 ^ _44_/CLK (sky130_fd_sc_hd__dfrtp_1)
     3    0.015764    0.147498    0.394789    0.707928 ^ _44_/Q (sky130_fd_sc_hd__dfrtp_1)
                      0.147498    0.000182    0.708109 ^ output10/A (sky130_fd_sc_hd__buf_2)
     1    0.034124    0.169848    0.233312    0.941421 ^ output10/X (sky130_fd_sc_hd__buf_2)
                      0.169848    0.000111    0.941532 ^ count[7] (out)
                                              0.941532   data arrival time

                                 10.000000   10.000000   clock clk (rise edge)
                                  0.000000   10.000000   clock network delay (propagated)
                                 -0.250000    9.750000   clock uncertainty
                                  0.000000    9.750000   clock reconvergence pessimism
                                 -2.000000    7.750000   output external delay
                                              7.750000   data required time
---------------------------------------------------------------------------------------------
                                              7.750000   data required time
                                             -0.941532   data arrival time
---------------------------------------------------------------------------------------------
                                              6.808468   slack (MET)


Startpoint: _39_ (rising edge-triggered flip-flop clocked by clk)
Endpoint: count[2] (output port clocked by clk)
Path Group: clk
Path Type: max

Fanout         Cap        Slew       Delay        Time   Description
---------------------------------------------------------------------------------------------
                                  0.000000    0.000000   clock clk (rise edge)
                                  0.000000    0.000000   clock source latency
     1    0.017627    0.085129    0.058370    0.058370 ^ clk (in)
                      0.085135    0.000000    0.058370 ^ clkbuf_0_clk/A (sky130_fd_sc_hd__clkbuf_16)
     2    0.017396    0.039657    0.137727    0.196098 ^ clkbuf_0_clk/X (sky130_fd_sc_hd__clkbuf_16)
                      0.039657    0.000036    0.196134 ^ clkbuf_1_0__f_clk/A (sky130_fd_sc_hd__clkbuf_16)
     5    0.014578    0.037228    0.118340    0.314473 ^ clkbuf_1_0__f_clk/X (sky130_fd_sc_hd__clkbuf_16)
                      0.037228    0.000015    0.314488 ^ _39_/CLK (sky130_fd_sc_hd__dfrtp_1)
     3    0.015250    0.143290    0.392058    0.706546 ^ _39_/Q (sky130_fd_sc_hd__dfrtp_1)
                      0.143290    0.000293    0.706839 ^ output5/A (sky130_fd_sc_hd__buf_2)
     1    0.033953    0.171660    0.231685    0.938524 ^ output5/X (sky130_fd_sc_hd__buf_2)
                      0.171660    0.000074    0.938598 ^ count[2] (out)
                                              0.938598   data arrival time

                                 10.000000   10.000000   clock clk (rise edge)
                                  0.000000   10.000000   clock network delay (propagated)
                                 -0.250000    9.750000   clock uncertainty
                                  0.000000    9.750000   clock reconvergence pessimism
                                 -2.000000    7.750000   output external delay
                                              7.750000   data required time
---------------------------------------------------------------------------------------------
                                              7.750000   data required time
                                             -0.938598   data arrival time
---------------------------------------------------------------------------------------------
                                              6.811401   slack (MET)


Startpoint: enable (input port clocked by clk)
Endpoint: _42_ (rising edge-triggered flip-flop clocked by clk)
Path Group: clk
Path Type: max

Fanout         Cap        Slew       Delay        Time   Description
---------------------------------------------------------------------------------------------
                                  0.000000    0.000000   clock clk (rise edge)
                                  0.000000    0.000000   clock network delay (propagated)
                                  2.000000    2.000000 ^ input external delay
     1    0.003183    0.021387    0.011638    2.011638 ^ enable (in)
                      0.021387    0.000000    2.011638 ^ input1/A (sky130_fd_sc_hd__clkbuf_2)
     4    0.019587    0.112432    0.145153    2.156790 ^ input1/X (sky130_fd_sc_hd__clkbuf_2)
                      0.112482    0.000805    2.157595 ^ _19_/D (sky130_fd_sc_hd__and4_1)
     6    0.016612    0.172343    0.297965    2.455561 ^ _19_/X (sky130_fd_sc_hd__and4_1)
                      0.172343    0.000201    2.455762 ^ _22_/B (sky130_fd_sc_hd__and3_1)
     2    0.007240    0.090622    0.208798    2.664560 ^ _22_/X (sky130_fd_sc_hd__and3_1)
                      0.090622    0.000010    2.664570 ^ _34_/A_N (sky130_fd_sc_hd__and2b_1)
     1    0.002552    0.033691    0.179684    2.844254 v _34_/X (sky130_fd_sc_hd__and2b_1)
                      0.033691    0.000008    2.844262 v _42_/D (sky130_fd_sc_hd__dfrtp_1)
                                              2.844262   data arrival time

                                 10.000000   10.000000   clock clk (rise edge)
                                  0.000000   10.000000   clock source latency
     1    0.017627    0.085129    0.058370   10.058371 ^ clk (in)
                      0.085135    0.000000   10.058371 ^ clkbuf_0_clk/A (sky130_fd_sc_hd__clkbuf_16)
     2    0.017396    0.039657    0.137727   10.196097 ^ clkbuf_0_clk/X (sky130_fd_sc_hd__clkbuf_16)
                      0.039657    0.000029   10.196127 ^ clkbuf_1_1__f_clk/A (sky130_fd_sc_hd__clkbuf_16)
     4    0.013163    0.036027    0.116974   10.313101 ^ clkbuf_1_1__f_clk/X (sky130_fd_sc_hd__clkbuf_16)
                      0.036027    0.000061   10.313162 ^ _42_/CLK (sky130_fd_sc_hd__dfrtp_1)
                                 -0.250000   10.063162   clock uncertainty
                                  0.000000   10.063162   clock reconvergence pessimism
                                 -0.111390    9.951772   library setup time
                                              9.951772   data required time
---------------------------------------------------------------------------------------------
                                              9.951772   data required time
                                             -2.844262   data arrival time
---------------------------------------------------------------------------------------------
                                              7.107511   slack (MET)


Startpoint: enable (input port clocked by clk)
Endpoint: _44_ (rising edge-triggered flip-flop clocked by clk)
Path Group: clk
Path Type: max

Fanout         Cap        Slew       Delay        Time   Description
---------------------------------------------------------------------------------------------
                                  0.000000    0.000000   clock clk (rise edge)
                                  0.000000    0.000000   clock network delay (propagated)
                                  2.000000    2.000000 ^ input external delay
     1    0.003183    0.021387    0.011638    2.011638 ^ enable (in)
                      0.021387    0.000000    2.011638 ^ input1/A (sky130_fd_sc_hd__clkbuf_2)
     4    0.019587    0.112432    0.145153    2.156790 ^ input1/X (sky130_fd_sc_hd__clkbuf_2)
                      0.112482    0.000805    2.157595 ^ _19_/D (sky130_fd_sc_hd__and4_1)
     6    0.016612    0.172343    0.297965    2.455561 ^ _19_/X (sky130_fd_sc_hd__and4_1)
                      0.172343    0.000208    2.455769 ^ _23_/C (sky130_fd_sc_hd__and4_1)
     2    0.007974    0.098884    0.247631    2.703399 ^ _23_/X (sky130_fd_sc_hd__and4_1)
                      0.098884    0.000066    2.703465 ^ _36_/B (sky130_fd_sc_hd__xor2_1)
     1    0.002411    0.106635    0.141787    2.845252 ^ _36_/X (sky130_fd_sc_hd__xor2_1)
                      0.106635    0.000005    2.845257 ^ _44_/D (sky130_fd_sc_hd__dfrtp_1)
                                              2.845257   data arrival time

                                 10.000000   10.000000   clock clk (rise edge)
                                  0.000000   10.000000   clock source latency
     1    0.017627    0.085129    0.058370   10.058371 ^ clk (in)
                      0.085135    0.000000   10.058371 ^ clkbuf_0_clk/A (sky130_fd_sc_hd__clkbuf_16)
     2    0.017396    0.039657    0.137727   10.196097 ^ clkbuf_0_clk/X (sky130_fd_sc_hd__clkbuf_16)
                      0.039657    0.000029   10.196127 ^ clkbuf_1_1__f_clk/A (sky130_fd_sc_hd__clkbuf_16)
     4    0.013163    0.036027    0.116974   10.313101 ^ clkbuf_1_1__f_clk/X (sky130_fd_sc_hd__clkbuf_16)
                      0.036027    0.000038   10.313139 ^ _44_/CLK (sky130_fd_sc_hd__dfrtp_1)
                                 -0.250000   10.063139   clock uncertainty
                                  0.000000   10.063139   clock reconvergence pessimism
                                 -0.075441    9.987698   library setup time
                                              9.987698   data required time
---------------------------------------------------------------------------------------------
                                              9.987698   data required time
                                             -2.845257   data arrival time
---------------------------------------------------------------------------------------------
                                              7.142441   slack (MET)


Startpoint: enable (input port clocked by clk)
Endpoint: _43_ (rising edge-triggered flip-flop clocked by clk)
Path Group: clk
Path Type: max

Fanout         Cap        Slew       Delay        Time   Description
---------------------------------------------------------------------------------------------
                                  0.000000    0.000000   clock clk (rise edge)
                                  0.000000    0.000000   clock network delay (propagated)
                                  2.000000    2.000000 ^ input external delay
     1    0.003183    0.021387    0.011638    2.011638 ^ enable (in)
                      0.021387    0.000000    2.011638 ^ input1/A (sky130_fd_sc_hd__clkbuf_2)
     4    0.019587    0.112432    0.145153    2.156790 ^ input1/X (sky130_fd_sc_hd__clkbuf_2)
                      0.112482    0.000805    2.157595 ^ _19_/D (sky130_fd_sc_hd__and4_1)
     6    0.016612    0.172343    0.297965    2.455561 ^ _19_/X (sky130_fd_sc_hd__and4_1)
                      0.172343    0.000201    2.455762 ^ _22_/B (sky130_fd_sc_hd__and3_1)
     2    0.007240    0.090622    0.208798    2.664560 ^ _22_/X (sky130_fd_sc_hd__and3_1)
                      0.090622    0.000021    2.664581 ^ _35_/B (sky130_fd_sc_hd__xor2_1)
     1    0.002223    0.103153    0.137560    2.802140 ^ _35_/X (sky130_fd_sc_hd__xor2_1)
                      0.103153    0.000002    2.802142 ^ _43_/D (sky130_fd_sc_hd__dfrtp_1)
                                              2.802142   data arrival time

                                 10.000000   10.000000   clock clk (rise edge)
                                  0.000000   10.000000   clock source latency
     1    0.017627    0.085129    0.058370   10.058371 ^ clk (in)
                      0.085135    0.000000   10.058371 ^ clkbuf_0_clk/A (sky130_fd_sc_hd__clkbuf_16)
     2    0.017396    0.039657    0.137727   10.196097 ^ clkbuf_0_clk/X (sky130_fd_sc_hd__clkbuf_16)
                      0.039657    0.000029   10.196127 ^ clkbuf_1_1__f_clk/A (sky130_fd_sc_hd__clkbuf_16)
     4    0.013163    0.036027    0.116974   10.313101 ^ clkbuf_1_1__f_clk/X (sky130_fd_sc_hd__clkbuf_16)
                      0.036027    0.000022   10.313123 ^ _43_/CLK (sky130_fd_sc_hd__dfrtp_1)
                                 -0.250000   10.063123   clock uncertainty
                                  0.000000   10.063123   clock reconvergence pessimism
                                 -0.074635    9.988487   library setup time
                                              9.988487   data required time
---------------------------------------------------------------------------------------------
                                              9.988487   data required time
                                             -2.802142   data arrival time
---------------------------------------------------------------------------------------------
                                              7.186346   slack (MET)


Startpoint: enable (input port clocked by clk)
Endpoint: _40_ (rising edge-triggered flip-flop clocked by clk)
Path Group: clk
Path Type: max

Fanout         Cap        Slew       Delay        Time   Description
---------------------------------------------------------------------------------------------
                                  0.000000    0.000000   clock clk (rise edge)
                                  0.000000    0.000000   clock network delay (propagated)
                                  2.000000    2.000000 v input external delay
     1    0.002953    0.008987    0.004673    2.004673 v enable (in)
                      0.008987    0.000000    2.004673 v input1/A (sky130_fd_sc_hd__clkbuf_2)
     4    0.018790    0.077647    0.130371    2.135044 v input1/X (sky130_fd_sc_hd__clkbuf_2)
                      0.077653    0.000763    2.135808 v _19_/D (sky130_fd_sc_hd__and4_1)
     6    0.015667    0.090029    0.264412    2.400220 v _19_/X (sky130_fd_sc_hd__and4_1)
                      0.090029    0.000135    2.400355 v _30_/B (sky130_fd_sc_hd__or2_1)
     1    0.001720    0.042828    0.209846    2.610201 v _30_/X (sky130_fd_sc_hd__or2_1)
                      0.042828    0.000003    2.610204 v _31_/B (sky130_fd_sc_hd__and2_1)
     1    0.002136    0.033113    0.145146    2.755350 v _31_/X (sky130_fd_sc_hd__and2_1)
                      0.033113    0.000002    2.755352 v _40_/D (sky130_fd_sc_hd__dfrtp_4)
                                              2.755352   data arrival time

                                 10.000000   10.000000   clock clk (rise edge)
                                  0.000000   10.000000   clock source latency
     1    0.017627    0.085129    0.058370   10.058371 ^ clk (in)
                      0.085135    0.000000   10.058371 ^ clkbuf_0_clk/A (sky130_fd_sc_hd__clkbuf_16)
     2    0.017396    0.039657    0.137727   10.196097 ^ clkbuf_0_clk/X (sky130_fd_sc_hd__clkbuf_16)
                      0.039657    0.000036   10.196134 ^ clkbuf_1_0__f_clk/A (sky130_fd_sc_hd__clkbuf_16)
     5    0.014578    0.037228    0.118339   10.314473 ^ clkbuf_1_0__f_clk/X (sky130_fd_sc_hd__clkbuf_16)
                      0.037228    0.000030   10.314504 ^ _40_/CLK (sky130_fd_sc_hd__dfrtp_4)
                                 -0.250000   10.064504   clock uncertainty
                                  0.000000   10.064504   clock reconvergence pessimism
                                 -0.110864    9.953640   library setup time
                                              9.953640   data required time
---------------------------------------------------------------------------------------------
                                              9.953640   data required time
                                             -2.755352   data arrival time
---------------------------------------------------------------------------------------------
                                              7.198288   slack (MET)


Startpoint: enable (input port clocked by clk)
Endpoint: _41_ (rising edge-triggered flip-flop clocked by clk)
Path Group: clk
Path Type: max

Fanout         Cap        Slew       Delay        Time   Description
---------------------------------------------------------------------------------------------
                                  0.000000    0.000000   clock clk (rise edge)
                                  0.000000    0.000000   clock network delay (propagated)
                                  2.000000    2.000000 ^ input external delay
     1    0.003183    0.021387    0.011638    2.011638 ^ enable (in)
                      0.021387    0.000000    2.011638 ^ input1/A (sky130_fd_sc_hd__clkbuf_2)
     4    0.019587    0.112432    0.145153    2.156790 ^ input1/X (sky130_fd_sc_hd__clkbuf_2)
                      0.112482    0.000805    2.157595 ^ _19_/D (sky130_fd_sc_hd__and4_1)
     6    0.016612    0.172343    0.297965    2.455561 ^ _19_/X (sky130_fd_sc_hd__and4_1)
                      0.172343    0.000149    2.455710 ^ _20_/B (sky130_fd_sc_hd__nand2_1)
     2    0.006715    0.069983    0.101264    2.556974 v _20_/Y (sky130_fd_sc_hd__nand2_1)
                      0.069983    0.000022    2.556996 v _32_/B (sky130_fd_sc_hd__xnor2_1)
     1    0.002217    0.042261    0.124379    2.681375 v _32_/Y (sky130_fd_sc_hd__xnor2_1)
                      0.042261    0.000003    2.681379 v _41_/D (sky130_fd_sc_hd__dfrtp_4)
                                              2.681379   data arrival time

                                 10.000000   10.000000   clock clk (rise edge)
                                  0.000000   10.000000   clock source latency
     1    0.017627    0.085129    0.058370   10.058371 ^ clk (in)
                      0.085135    0.000000   10.058371 ^ clkbuf_0_clk/A (sky130_fd_sc_hd__clkbuf_16)
     2    0.017396    0.039657    0.137727   10.196097 ^ clkbuf_0_clk/X (sky130_fd_sc_hd__clkbuf_16)
                      0.039657    0.000029   10.196127 ^ clkbuf_1_1__f_clk/A (sky130_fd_sc_hd__clkbuf_16)
     4    0.013163    0.036027    0.116974   10.313101 ^ clkbuf_1_1__f_clk/X (sky130_fd_sc_hd__clkbuf_16)
                      0.036027    0.000083   10.313184 ^ _41_/CLK (sky130_fd_sc_hd__dfrtp_4)
                                 -0.250000   10.063184   clock uncertainty
                                  0.000000   10.063184   clock reconvergence pessimism
                                 -0.115131    9.948052   library setup time
                                              9.948052   data required time
---------------------------------------------------------------------------------------------
                                              9.948052   data required time
                                             -2.681379   data arrival time
---------------------------------------------------------------------------------------------
                                              7.266674   slack (MET)


Startpoint: enable (input port clocked by clk)
Endpoint: _39_ (rising edge-triggered flip-flop clocked by clk)
Path Group: clk
Path Type: max

Fanout         Cap        Slew       Delay        Time   Description
---------------------------------------------------------------------------------------------
                                  0.000000    0.000000   clock clk (rise edge)
                                  0.000000    0.000000   clock network delay (propagated)
                                  2.000000    2.000000 ^ input external delay
     1    0.003183    0.021387    0.011638    2.011638 ^ enable (in)
                      0.021387    0.000000    2.011638 ^ input1/A (sky130_fd_sc_hd__clkbuf_2)
     4    0.019587    0.112432    0.145153    2.156790 ^ input1/X (sky130_fd_sc_hd__clkbuf_2)
                      0.112482    0.000805    2.157595 ^ _19_/D (sky130_fd_sc_hd__and4_1)
     6    0.016612    0.172343    0.297965    2.455561 ^ _19_/X (sky130_fd_sc_hd__and4_1)
                      0.172343    0.000041    2.455602 ^ _29_/A (sky130_fd_sc_hd__nor2_1)
     1    0.002386    0.046164    0.066902    2.522503 v _29_/Y (sky130_fd_sc_hd__nor2_1)
                      0.046164    0.000005    2.522509 v _39_/D (sky130_fd_sc_hd__dfrtp_1)
                                              2.522509   data arrival time

                                 10.000000   10.000000   clock clk (rise edge)
                                  0.000000   10.000000   clock source latency
     1    0.017627    0.085129    0.058370   10.058371 ^ clk (in)
                      0.085135    0.000000   10.058371 ^ clkbuf_0_clk/A (sky130_fd_sc_hd__clkbuf_16)
     2    0.017396    0.039657    0.137727   10.196097 ^ clkbuf_0_clk/X (sky130_fd_sc_hd__clkbuf_16)
                      0.039657    0.000036   10.196134 ^ clkbuf_1_0__f_clk/A (sky130_fd_sc_hd__clkbuf_16)
     5    0.014578    0.037228    0.118339   10.314473 ^ clkbuf_1_0__f_clk/X (sky130_fd_sc_hd__clkbuf_16)
                      0.037228    0.000015   10.314488 ^ _39_/CLK (sky130_fd_sc_hd__dfrtp_1)
                                 -0.250000   10.064488   clock uncertainty
                                  0.000000   10.064488   clock reconvergence pessimism
                                 -0.116560    9.947928   library setup time
                                              9.947928   data required time
---------------------------------------------------------------------------------------------
                                              9.947928   data required time
                                             -2.522509   data arrival time
---------------------------------------------------------------------------------------------
                                              7.425420   slack (MET)


Startpoint: enable (input port clocked by clk)
Endpoint: _38_ (rising edge-triggered flip-flop clocked by clk)
Path Group: clk
Path Type: max

Fanout         Cap        Slew       Delay        Time   Description
---------------------------------------------------------------------------------------------
                                  0.000000    0.000000   clock clk (rise edge)
                                  0.000000    0.000000   clock network delay (propagated)
                                  2.000000    2.000000 ^ input external delay
     1    0.003183    0.021387    0.011638    2.011638 ^ enable (in)
                      0.021387    0.000000    2.011638 ^ input1/A (sky130_fd_sc_hd__clkbuf_2)
     4    0.019587    0.112432    0.145153    2.156790 ^ input1/X (sky130_fd_sc_hd__clkbuf_2)
                      0.112482    0.000827    2.157617 ^ _18_/C (sky130_fd_sc_hd__and3_1)
     2    0.006144    0.080774    0.187510    2.345128 ^ _18_/X (sky130_fd_sc_hd__and3_1)
                      0.080774    0.000004    2.345132 ^ _27_/A (sky130_fd_sc_hd__nor2_1)
     1    0.002692    0.033824    0.050437    2.395569 v _27_/Y (sky130_fd_sc_hd__nor2_1)
                      0.033824    0.000010    2.395579 v _38_/D (sky130_fd_sc_hd__dfrtp_1)
                                              2.395579   data arrival time

                                 10.000000   10.000000   clock clk (rise edge)
                                  0.000000   10.000000   clock source latency
     1    0.017627    0.085129    0.058370   10.058371 ^ clk (in)
                      0.085135    0.000000   10.058371 ^ clkbuf_0_clk/A (sky130_fd_sc_hd__clkbuf_16)
     2    0.017396    0.039657    0.137727   10.196097 ^ clkbuf_0_clk/X (sky130_fd_sc_hd__clkbuf_16)
                      0.039657    0.000036   10.196134 ^ clkbuf_1_0__f_clk/A (sky130_fd_sc_hd__clkbuf_16)
     5    0.014578    0.037228    0.118339   10.314473 ^ clkbuf_1_0__f_clk/X (sky130_fd_sc_hd__clkbuf_16)
                      0.037228    0.000050   10.314523 ^ _38_/CLK (sky130_fd_sc_hd__dfrtp_1)
                                 -0.250000   10.064523   clock uncertainty
                                  0.000000   10.064523   clock reconvergence pessimism
                                 -0.111174    9.953349   library setup time
                                              9.953349   data required time
---------------------------------------------------------------------------------------------
                                              9.953349   data required time
                                             -2.395579   data arrival time
---------------------------------------------------------------------------------------------
                                              7.557771   slack (MET)


Startpoint: enable (input port clocked by clk)
Endpoint: _37_ (rising edge-triggered flip-flop clocked by clk)
Path Group: clk
Path Type: max

Fanout         Cap        Slew       Delay        Time   Description
---------------------------------------------------------------------------------------------
                                  0.000000    0.000000   clock clk (rise edge)
                                  0.000000    0.000000   clock network delay (propagated)
                                  2.000000    2.000000 v input external delay
     1    0.002953    0.008987    0.004673    2.004673 v enable (in)
                      0.008987    0.000000    2.004673 v input1/A (sky130_fd_sc_hd__clkbuf_2)
     4    0.018790    0.077647    0.130371    2.135044 v input1/X (sky130_fd_sc_hd__clkbuf_2)
                      0.077654    0.000805    2.135849 v _25_/B (sky130_fd_sc_hd__xor2_1)
     1    0.002368    0.049816    0.145728    2.281578 v _25_/X (sky130_fd_sc_hd__xor2_1)
                      0.049816    0.000006    2.281584 v _37_/D (sky130_fd_sc_hd__dfrtp_2)
                                              2.281584   data arrival time

                                 10.000000   10.000000   clock clk (rise edge)
                                  0.000000   10.000000   clock source latency
     1    0.017627    0.085129    0.058370   10.058371 ^ clk (in)
                      0.085135    0.000000   10.058371 ^ clkbuf_0_clk/A (sky130_fd_sc_hd__clkbuf_16)
     2    0.017396    0.039657    0.137727   10.196097 ^ clkbuf_0_clk/X (sky130_fd_sc_hd__clkbuf_16)
                      0.039657    0.000036   10.196134 ^ clkbuf_1_0__f_clk/A (sky130_fd_sc_hd__clkbuf_16)
     5    0.014578    0.037228    0.118339   10.314473 ^ clkbuf_1_0__f_clk/X (sky130_fd_sc_hd__clkbuf_16)
                      0.037228    0.000040   10.314513 ^ _37_/CLK (sky130_fd_sc_hd__dfrtp_2)
                                 -0.250000   10.064513   clock uncertainty
                                  0.000000   10.064513   clock reconvergence pessimism
                                 -0.119406    9.945107   library setup time
                                              9.945107   data required time
---------------------------------------------------------------------------------------------
                                              9.945107   data required time
                                             -2.281584   data arrival time
---------------------------------------------------------------------------------------------
                                              7.663522   slack (MET)


Startpoint: rst_n (input port clocked by clk)
Endpoint: _41_ (recovery check against rising-edge clock clk)
Path Group: asynchronous
Path Type: max

Fanout         Cap        Slew       Delay        Time   Description
---------------------------------------------------------------------------------------------
                                  0.000000    0.000000   clock clk (rise edge)
                                  0.000000    0.000000   clock network delay (propagated)
                                  2.000000    2.000000 ^ input external delay
     1    0.002755    0.020245    0.010138    2.010138 ^ rst_n (in)
                      0.020245    0.000000    2.010138 ^ input2/A (sky130_fd_sc_hd__clkbuf_4)
     8    0.046641    0.146995    0.200831    2.210969 ^ input2/X (sky130_fd_sc_hd__clkbuf_4)
                      0.147007    0.001438    2.212407 ^ _41_/RESET_B (sky130_fd_sc_hd__dfrtp_4)
                                              2.212407   data arrival time

                                 10.000000   10.000000   clock clk (rise edge)
                                  0.000000   10.000000   clock source latency
     1    0.017627    0.085129    0.058370   10.058371 ^ clk (in)
                      0.085135    0.000000   10.058371 ^ clkbuf_0_clk/A (sky130_fd_sc_hd__clkbuf_16)
     2    0.017396    0.039657    0.137727   10.196097 ^ clkbuf_0_clk/X (sky130_fd_sc_hd__clkbuf_16)
                      0.039657    0.000029   10.196127 ^ clkbuf_1_1__f_clk/A (sky130_fd_sc_hd__clkbuf_16)
     4    0.013163    0.036027    0.116974   10.313101 ^ clkbuf_1_1__f_clk/X (sky130_fd_sc_hd__clkbuf_16)
                      0.036027    0.000083   10.313184 ^ _41_/CLK (sky130_fd_sc_hd__dfrtp_4)
                                 -0.250000   10.063184   clock uncertainty
                                  0.000000   10.063184   clock reconvergence pessimism
                                  0.181358   10.244540   library recovery time
                                             10.244540   data required time
---------------------------------------------------------------------------------------------
                                             10.244540   data required time
                                             -2.212407   data arrival time
---------------------------------------------------------------------------------------------
                                              8.032134   slack (MET)


Startpoint: rst_n (input port clocked by clk)
Endpoint: _40_ (recovery check against rising-edge clock clk)
Path Group: asynchronous
Path Type: max

Fanout         Cap        Slew       Delay        Time   Description
---------------------------------------------------------------------------------------------
                                  0.000000    0.000000   clock clk (rise edge)
                                  0.000000    0.000000   clock network delay (propagated)
                                  2.000000    2.000000 ^ input external delay
     1    0.002755    0.020245    0.010138    2.010138 ^ rst_n (in)
                      0.020245    0.000000    2.010138 ^ input2/A (sky130_fd_sc_hd__clkbuf_4)
     8    0.046641    0.146995    0.200831    2.210969 ^ input2/X (sky130_fd_sc_hd__clkbuf_4)
                      0.147006    0.001392    2.212361 ^ _40_/RESET_B (sky130_fd_sc_hd__dfrtp_4)
                                              2.212361   data arrival time

                                 10.000000   10.000000   clock clk (rise edge)
                                  0.000000   10.000000   clock source latency
     1    0.017627    0.085129    0.058370   10.058371 ^ clk (in)
                      0.085135    0.000000   10.058371 ^ clkbuf_0_clk/A (sky130_fd_sc_hd__clkbuf_16)
     2    0.017396    0.039657    0.137727   10.196097 ^ clkbuf_0_clk/X (sky130_fd_sc_hd__clkbuf_16)
                      0.039657    0.000036   10.196134 ^ clkbuf_1_0__f_clk/A (sky130_fd_sc_hd__clkbuf_16)
     5    0.014578    0.037228    0.118339   10.314473 ^ clkbuf_1_0__f_clk/X (sky130_fd_sc_hd__clkbuf_16)
                      0.037228    0.000030   10.314504 ^ _40_/CLK (sky130_fd_sc_hd__dfrtp_4)
                                 -0.250000   10.064504   clock uncertainty
                                  0.000000   10.064504   clock reconvergence pessimism
                                  0.181735   10.246238   library recovery time
                                             10.246238   data required time
---------------------------------------------------------------------------------------------
                                             10.246238   data required time
                                             -2.212361   data arrival time
---------------------------------------------------------------------------------------------
                                              8.033877   slack (MET)


Startpoint: rst_n (input port clocked by clk)
Endpoint: _37_ (recovery check against rising-edge clock clk)
Path Group: asynchronous
Path Type: max

Fanout         Cap        Slew       Delay        Time   Description
---------------------------------------------------------------------------------------------
                                  0.000000    0.000000   clock clk (rise edge)
                                  0.000000    0.000000   clock network delay (propagated)
                                  2.000000    2.000000 ^ input external delay
     1    0.002755    0.020245    0.010138    2.010138 ^ rst_n (in)
                      0.020245    0.000000    2.010138 ^ input2/A (sky130_fd_sc_hd__clkbuf_4)
     8    0.046641    0.146995    0.200831    2.210969 ^ input2/X (sky130_fd_sc_hd__clkbuf_4)
                      0.147004    0.001318    2.212287 ^ _37_/RESET_B (sky130_fd_sc_hd__dfrtp_2)
                                              2.212287   data arrival time

                                 10.000000   10.000000   clock clk (rise edge)
                                  0.000000   10.000000   clock source latency
     1    0.017627    0.085129    0.058370   10.058371 ^ clk (in)
                      0.085135    0.000000   10.058371 ^ clkbuf_0_clk/A (sky130_fd_sc_hd__clkbuf_16)
     2    0.017396    0.039657    0.137727   10.196097 ^ clkbuf_0_clk/X (sky130_fd_sc_hd__clkbuf_16)
                      0.039657    0.000036   10.196134 ^ clkbuf_1_0__f_clk/A (sky130_fd_sc_hd__clkbuf_16)
     5    0.014578    0.037228    0.118339   10.314473 ^ clkbuf_1_0__f_clk/X (sky130_fd_sc_hd__clkbuf_16)
                      0.037228    0.000040   10.314513 ^ _37_/CLK (sky130_fd_sc_hd__dfrtp_2)
                                 -0.250000   10.064513   clock uncertainty
                                  0.000000   10.064513   clock reconvergence pessimism
                                  0.186320   10.250834   library recovery time
                                             10.250834   data required time
---------------------------------------------------------------------------------------------
                                             10.250834   data required time
                                             -2.212287   data arrival time
---------------------------------------------------------------------------------------------
                                              8.038546   slack (MET)


Startpoint: rst_n (input port clocked by clk)
Endpoint: _42_ (recovery check against rising-edge clock clk)
Path Group: asynchronous
Path Type: max

Fanout         Cap        Slew       Delay        Time   Description
---------------------------------------------------------------------------------------------
                                  0.000000    0.000000   clock clk (rise edge)
                                  0.000000    0.000000   clock network delay (propagated)
                                  2.000000    2.000000 ^ input external delay
     1    0.002755    0.020245    0.010138    2.010138 ^ rst_n (in)
                      0.020245    0.000000    2.010138 ^ input2/A (sky130_fd_sc_hd__clkbuf_4)
     8    0.046641    0.146995    0.200831    2.210969 ^ input2/X (sky130_fd_sc_hd__clkbuf_4)
                      0.147010    0.001551    2.212520 ^ _42_/RESET_B (sky130_fd_sc_hd__dfrtp_1)
                                              2.212520   data arrival time

                                 10.000000   10.000000   clock clk (rise edge)
                                  0.000000   10.000000   clock source latency
     1    0.017627    0.085129    0.058370   10.058371 ^ clk (in)
                      0.085135    0.000000   10.058371 ^ clkbuf_0_clk/A (sky130_fd_sc_hd__clkbuf_16)
     2    0.017396    0.039657    0.137727   10.196097 ^ clkbuf_0_clk/X (sky130_fd_sc_hd__clkbuf_16)
                      0.039657    0.000029   10.196127 ^ clkbuf_1_1__f_clk/A (sky130_fd_sc_hd__clkbuf_16)
     4    0.013163    0.036027    0.116974   10.313101 ^ clkbuf_1_1__f_clk/X (sky130_fd_sc_hd__clkbuf_16)
                      0.036027    0.000061   10.313162 ^ _42_/CLK (sky130_fd_sc_hd__dfrtp_1)
                                 -0.250000   10.063162   clock uncertainty
                                  0.000000   10.063162   clock reconvergence pessimism
                                  0.201134   10.264297   library recovery time
                                             10.264297   data required time
---------------------------------------------------------------------------------------------
                                             10.264297   data required time
                                             -2.212520   data arrival time
---------------------------------------------------------------------------------------------
                                              8.051776   slack (MET)


Startpoint: rst_n (input port clocked by clk)
Endpoint: _43_ (recovery check against rising-edge clock clk)
Path Group: asynchronous
Path Type: max

Fanout         Cap        Slew       Delay        Time   Description
---------------------------------------------------------------------------------------------
                                  0.000000    0.000000   clock clk (rise edge)
                                  0.000000    0.000000   clock network delay (propagated)
                                  2.000000    2.000000 ^ input external delay
     1    0.002755    0.020245    0.010138    2.010138 ^ rst_n (in)
                      0.020245    0.000000    2.010138 ^ input2/A (sky130_fd_sc_hd__clkbuf_4)
     8    0.046641    0.146995    0.200831    2.210969 ^ input2/X (sky130_fd_sc_hd__clkbuf_4)
                      0.147009    0.001516    2.212485 ^ _43_/RESET_B (sky130_fd_sc_hd__dfrtp_1)
                                              2.212485   data arrival time

                                 10.000000   10.000000   clock clk (rise edge)
                                  0.000000   10.000000   clock source latency
     1    0.017627    0.085129    0.058370   10.058371 ^ clk (in)
                      0.085135    0.000000   10.058371 ^ clkbuf_0_clk/A (sky130_fd_sc_hd__clkbuf_16)
     2    0.017396    0.039657    0.137727   10.196097 ^ clkbuf_0_clk/X (sky130_fd_sc_hd__clkbuf_16)
                      0.039657    0.000029   10.196127 ^ clkbuf_1_1__f_clk/A (sky130_fd_sc_hd__clkbuf_16)
     4    0.013163    0.036027    0.116974   10.313101 ^ clkbuf_1_1__f_clk/X (sky130_fd_sc_hd__clkbuf_16)
                      0.036027    0.000022   10.313123 ^ _43_/CLK (sky130_fd_sc_hd__dfrtp_1)
                                 -0.250000   10.063123   clock uncertainty
                                  0.000000   10.063123   clock reconvergence pessimism
                                  0.201135   10.264257   library recovery time
                                             10.264257   data required time
---------------------------------------------------------------------------------------------
                                             10.264257   data required time
                                             -2.212485   data arrival time
---------------------------------------------------------------------------------------------
                                              8.051773   slack (MET)


Startpoint: rst_n (input port clocked by clk)
Endpoint: _44_ (recovery check against rising-edge clock clk)
Path Group: asynchronous
Path Type: max

Fanout         Cap        Slew       Delay        Time   Description
---------------------------------------------------------------------------------------------
                                  0.000000    0.000000   clock clk (rise edge)
                                  0.000000    0.000000   clock network delay (propagated)
                                  2.000000    2.000000 ^ input external delay
     1    0.002755    0.020245    0.010138    2.010138 ^ rst_n (in)
                      0.020245    0.000000    2.010138 ^ input2/A (sky130_fd_sc_hd__clkbuf_4)
     8    0.046641    0.146995    0.200831    2.210969 ^ input2/X (sky130_fd_sc_hd__clkbuf_4)
                      0.147008    0.001481    2.212450 ^ _44_/RESET_B (sky130_fd_sc_hd__dfrtp_1)
                                              2.212450   data arrival time

                                 10.000000   10.000000   clock clk (rise edge)
                                  0.000000   10.000000   clock source latency
     1    0.017627    0.085129    0.058370   10.058371 ^ clk (in)
                      0.085135    0.000000   10.058371 ^ clkbuf_0_clk/A (sky130_fd_sc_hd__clkbuf_16)
     2    0.017396    0.039657    0.137727   10.196097 ^ clkbuf_0_clk/X (sky130_fd_sc_hd__clkbuf_16)
                      0.039657    0.000029   10.196127 ^ clkbuf_1_1__f_clk/A (sky130_fd_sc_hd__clkbuf_16)
     4    0.013163    0.036027    0.116974   10.313101 ^ clkbuf_1_1__f_clk/X (sky130_fd_sc_hd__clkbuf_16)
                      0.036027    0.000038   10.313139 ^ _44_/CLK (sky130_fd_sc_hd__dfrtp_1)
                                 -0.250000   10.063139   clock uncertainty
                                  0.000000   10.063139   clock reconvergence pessimism
                                  0.201135   10.264275   library recovery time
                                             10.264275   data required time
---------------------------------------------------------------------------------------------
                                             10.264275   data required time
                                             -2.212450   data arrival time
---------------------------------------------------------------------------------------------
                                              8.051825   slack (MET)


Startpoint: rst_n (input port clocked by clk)
Endpoint: _39_ (recovery check against rising-edge clock clk)
Path Group: asynchronous
Path Type: max

Fanout         Cap        Slew       Delay        Time   Description
---------------------------------------------------------------------------------------------
                                  0.000000    0.000000   clock clk (rise edge)
                                  0.000000    0.000000   clock network delay (propagated)
                                  2.000000    2.000000 ^ input external delay
     1    0.002755    0.020245    0.010138    2.010138 ^ rst_n (in)
                      0.020245    0.000000    2.010138 ^ input2/A (sky130_fd_sc_hd__clkbuf_4)
     8    0.046641    0.146995    0.200831    2.210969 ^ input2/X (sky130_fd_sc_hd__clkbuf_4)
                      0.147006    0.001390    2.212358 ^ _39_/RESET_B (sky130_fd_sc_hd__dfrtp_1)
                                              2.212358   data arrival time

                                 10.000000   10.000000   clock clk (rise edge)
                                  0.000000   10.000000   clock source latency
     1    0.017627    0.085129    0.058370   10.058371 ^ clk (in)
                      0.085135    0.000000   10.058371 ^ clkbuf_0_clk/A (sky130_fd_sc_hd__clkbuf_16)
     2    0.017396    0.039657    0.137727   10.196097 ^ clkbuf_0_clk/X (sky130_fd_sc_hd__clkbuf_16)
                      0.039657    0.000036   10.196134 ^ clkbuf_1_0__f_clk/A (sky130_fd_sc_hd__clkbuf_16)
     5    0.014578    0.037228    0.118339   10.314473 ^ clkbuf_1_0__f_clk/X (sky130_fd_sc_hd__clkbuf_16)
                      0.037228    0.000015   10.314488 ^ _39_/CLK (sky130_fd_sc_hd__dfrtp_1)
                                 -0.250000   10.064488   clock uncertainty
                                  0.000000   10.064488   clock reconvergence pessimism
                                  0.201509   10.265996   library recovery time
                                             10.265996   data required time
---------------------------------------------------------------------------------------------
                                             10.265996   data required time
                                             -2.212358   data arrival time
---------------------------------------------------------------------------------------------
                                              8.053638   slack (MET)


Startpoint: rst_n (input port clocked by clk)
Endpoint: _38_ (recovery check against rising-edge clock clk)
Path Group: asynchronous
Path Type: max

Fanout         Cap        Slew       Delay        Time   Description
---------------------------------------------------------------------------------------------
                                  0.000000    0.000000   clock clk (rise edge)
                                  0.000000    0.000000   clock network delay (propagated)
                                  2.000000    2.000000 ^ input external delay
     1    0.002755    0.020245    0.010138    2.010138 ^ rst_n (in)
                      0.020245    0.000000    2.010138 ^ input2/A (sky130_fd_sc_hd__clkbuf_4)
     8    0.046641    0.146995    0.200831    2.210969 ^ input2/X (sky130_fd_sc_hd__clkbuf_4)
                      0.147000    0.001104    2.212073 ^ _38_/RESET_B (sky130_fd_sc_hd__dfrtp_1)
                                              2.212073   data arrival time

                                 10.000000   10.000000   clock clk (rise edge)
                                  0.000000   10.000000   clock source latency
     1    0.017627    0.085129    0.058370   10.058371 ^ clk (in)
                      0.085135    0.000000   10.058371 ^ clkbuf_0_clk/A (sky130_fd_sc_hd__clkbuf_16)
     2    0.017396    0.039657    0.137727   10.196097 ^ clkbuf_0_clk/X (sky130_fd_sc_hd__clkbuf_16)
                      0.039657    0.000036   10.196134 ^ clkbuf_1_0__f_clk/A (sky130_fd_sc_hd__clkbuf_16)
     5    0.014578    0.037228    0.118339   10.314473 ^ clkbuf_1_0__f_clk/X (sky130_fd_sc_hd__clkbuf_16)
                      0.037228    0.000050   10.314523 ^ _38_/CLK (sky130_fd_sc_hd__dfrtp_1)
                                 -0.250000   10.064523   clock uncertainty
                                  0.000000   10.064523   clock reconvergence pessimism
                                  0.201510   10.266033   library recovery time
                                             10.266033   data required time
---------------------------------------------------------------------------------------------
                                             10.266033   data required time
                                             -2.212073   data arrival time
---------------------------------------------------------------------------------------------
                                              8.053960   slack (MET)



