Clock: clk
Sources: clk 
Generated: no
Virtual: yes
Propagated: no
Period: 10.000000

===========================================================================
report_clock_properties
============================================================================
Clock                   Period          Waveform
----------------------------------------------------
clk                  10.000000    0.000000  5.000000

===========================================================================
report_clock_latency
============================================================================
Clock clk
rise -> rise
    min     max
0.000000 0.000000 source latency
0.513569         network latency _43_/CLK
        0.514861 network latency _38_/CLK
---------------
0.513569 0.514861 latency
        0.001292 skew

fall -> fall
    min     max
0.000000 0.000000 source latency
0.526176         network latency _43_/CLK
        0.527265 network latency _38_/CLK
---------------
0.526176 0.527265 latency
        0.001089 skew



===========================================================================
report_clock_min_period
============================================================================
clk period_min = 2.88 fmax = 347.22
