
===========================================================================
report_checks -path_delay max (Setup)
============================================================================
======================= nom_ff_n40C_1v95 Corner ===================================

Warning: corner.tcl line 67, unknown field nets.
Warning: corner.tcl line 67, report_checks -group_count is deprecated. Use -group_path_count instead.
Startpoint: enable (input port clocked by clk)
Endpoint: overflow (output port clocked by clk)
Path Group: clk
Path Type: max

Fanout         Cap        Slew       Delay        Time   Description
---------------------------------------------------------------------------------------------
                                  0.000000    0.000000   clock clk (rise edge)
                                  0.000000    0.000000   clock network delay (propagated)
                                  2.000000    2.000000 ^ input external delay
     1    0.003107    0.015012    0.008047    2.008047 ^ enable (in)
                      0.015018    0.000000    2.008047 ^ input1/A (sky130_fd_sc_hd__buf_1)
     4    0.014473    0.130649    0.116058    2.124105 ^ input1/X (sky130_fd_sc_hd__buf_1)
                      0.130653    0.000557    2.124662 ^ _19_/D (sky130_fd_sc_hd__and4_1)
     6    0.022582    0.166203    0.219694    2.344356 ^ _19_/X (sky130_fd_sc_hd__and4_1)
                      0.166206    0.000915    2.345271 ^ _23_/C (sky130_fd_sc_hd__and4_1)
     2    0.008832    0.075773    0.155750    2.501021 ^ _23_/X (sky130_fd_sc_hd__and4_1)
                      0.075773    0.000239    2.501261 ^ _24_/B (sky130_fd_sc_hd__and2_1)
     1    0.005335    0.049332    0.093859    2.595120 ^ _24_/X (sky130_fd_sc_hd__and2_1)
                      0.049332    0.000181    2.595301 ^ output11/A (sky130_fd_sc_hd__buf_2)
     1    0.034044    0.127363    0.142239    2.737540 ^ output11/X (sky130_fd_sc_hd__buf_2)
                      0.127368    0.000637    2.738178 ^ overflow (out)
                                              2.738178   data arrival time

                                 10.000000   10.000000   clock clk (rise edge)
                                  0.000000   10.000000   clock network delay (propagated)
                                 -0.250000    9.750000   clock uncertainty
                                  0.000000    9.750000   clock reconvergence pessimism
                                 -2.000000    7.750000   output external delay
                                              7.750000   data required time
---------------------------------------------------------------------------------------------
                                              7.750000   data required time
                                             -2.738178   data arrival time
---------------------------------------------------------------------------------------------
                                              5.011822   slack (MET)


Startpoint: _40_ (rising edge-triggered flip-flop clocked by clk)
Endpoint: count[3] (output port clocked by clk)
Path Group: clk
Path Type: max

Fanout         Cap        Slew       Delay        Time   Description
---------------------------------------------------------------------------------------------
                                  0.000000    0.000000   clock clk (rise edge)
                                  0.000000    0.000000   clock source latency
     1    0.014248    0.052760    0.035493    0.035493 ^ clk (in)
                      0.052764    0.000000    0.035493 ^ clkbuf_0_clk/A (sky130_fd_sc_hd__clkbuf_16)
     2    0.017944    0.029863    0.089268    0.124761 ^ clkbuf_0_clk/X (sky130_fd_sc_hd__clkbuf_16)
                      0.029870    0.000522    0.125283 ^ clkbuf_1_0__f_clk/A (sky130_fd_sc_hd__clkbuf_16)
     4    0.013932    0.027129    0.080012    0.205295 ^ clkbuf_1_0__f_clk/X (sky130_fd_sc_hd__clkbuf_16)
                      0.027129    0.000237    0.205532 ^ _40_/CLK (sky130_fd_sc_hd__dfrtp_1)
     6    0.021340    0.145690    0.282203    0.487735 ^ _40_/Q (sky130_fd_sc_hd__dfrtp_1)
                      0.145690    0.000334    0.488069 ^ output6/A (sky130_fd_sc_hd__buf_2)
     1    0.034052    0.127492    0.161707    0.649775 ^ output6/X (sky130_fd_sc_hd__buf_2)
                      0.127494    0.000656    0.650431 ^ count[3] (out)
                                              0.650431   data arrival time

                                 10.000000   10.000000   clock clk (rise edge)
                                  0.000000   10.000000   clock network delay (propagated)
                                 -0.250000    9.750000   clock uncertainty
                                  0.000000    9.750000   clock reconvergence pessimism
                                 -2.000000    7.750000   output external delay
                                              7.750000   data required time
---------------------------------------------------------------------------------------------
                                              7.750000   data required time
                                             -0.650431   data arrival time
---------------------------------------------------------------------------------------------
                                              7.099569   slack (MET)


Startpoint: _41_ (rising edge-triggered flip-flop clocked by clk)
Endpoint: count[4] (output port clocked by clk)
Path Group: clk
Path Type: max

Fanout         Cap        Slew       Delay        Time   Description
---------------------------------------------------------------------------------------------
                                  0.000000    0.000000   clock clk (rise edge)
                                  0.000000    0.000000   clock source latency
     1    0.014248    0.052760    0.035493    0.035493 ^ clk (in)
                      0.052764    0.000000    0.035493 ^ clkbuf_0_clk/A (sky130_fd_sc_hd__clkbuf_16)
     2    0.017944    0.029863    0.089268    0.124761 ^ clkbuf_0_clk/X (sky130_fd_sc_hd__clkbuf_16)
                      0.029870    0.000522    0.125283 ^ clkbuf_1_0__f_clk/A (sky130_fd_sc_hd__clkbuf_16)
     4    0.013932    0.027129    0.080012    0.205295 ^ clkbuf_1_0__f_clk/X (sky130_fd_sc_hd__clkbuf_16)
                      0.027129    0.000175    0.205470 ^ _41_/CLK (sky130_fd_sc_hd__dfrtp_1)
     4    0.014104    0.099723    0.249560    0.455030 ^ _41_/Q (sky130_fd_sc_hd__dfrtp_1)
                      0.099724    0.000557    0.455587 ^ output7/A (sky130_fd_sc_hd__buf_2)
     1    0.034574    0.129249    0.155269    0.610856 ^ output7/X (sky130_fd_sc_hd__buf_2)
                      0.129295    0.000811    0.611668 ^ count[4] (out)
                                              0.611668   data arrival time

                                 10.000000   10.000000   clock clk (rise edge)
                                  0.000000   10.000000   clock network delay (propagated)
                                 -0.250000    9.750000   clock uncertainty
                                  0.000000    9.750000   clock reconvergence pessimism
                                 -2.000000    7.750000   output external delay
                                              7.750000   data required time
---------------------------------------------------------------------------------------------
                                              7.750000   data required time
                                             -0.611668   data arrival time
---------------------------------------------------------------------------------------------
                                              7.138332   slack (MET)


Startpoint: _37_ (rising edge-triggered flip-flop clocked by clk)
Endpoint: count[0] (output port clocked by clk)
Path Group: clk
Path Type: max

Fanout         Cap        Slew       Delay        Time   Description
---------------------------------------------------------------------------------------------
                                  0.000000    0.000000   clock clk (rise edge)
                                  0.000000    0.000000   clock source latency
     1    0.014248    0.052760    0.035493    0.035493 ^ clk (in)
                      0.052764    0.000000    0.035493 ^ clkbuf_0_clk/A (sky130_fd_sc_hd__clkbuf_16)
     2    0.017944    0.029863    0.089268    0.124761 ^ clkbuf_0_clk/X (sky130_fd_sc_hd__clkbuf_16)
                      0.029869    0.000483    0.125244 ^ clkbuf_1_1__f_clk/A (sky130_fd_sc_hd__clkbuf_16)
     4    0.012933    0.026469    0.079302    0.204546 ^ clkbuf_1_1__f_clk/X (sky130_fd_sc_hd__clkbuf_16)
                      0.026469    0.000337    0.204883 ^ _37_/CLK (sky130_fd_sc_hd__dfrtp_1)
     5    0.014123    0.099860    0.249381    0.454264 ^ _37_/Q (sky130_fd_sc_hd__dfrtp_1)
                      0.099862    0.000636    0.454899 ^ output3/A (sky130_fd_sc_hd__buf_2)
     1    0.034323    0.128350    0.154734    0.609634 ^ output3/X (sky130_fd_sc_hd__buf_2)
                      0.128394    0.000733    0.610367 ^ count[0] (out)
                                              0.610367   data arrival time

                                 10.000000   10.000000   clock clk (rise edge)
                                  0.000000   10.000000   clock network delay (propagated)
                                 -0.250000    9.750000   clock uncertainty
                                  0.000000    9.750000   clock reconvergence pessimism
                                 -2.000000    7.750000   output external delay
                                              7.750000   data required time
---------------------------------------------------------------------------------------------
                                              7.750000   data required time
                                             -0.610367   data arrival time
---------------------------------------------------------------------------------------------
                                              7.139634   slack (MET)


Startpoint: _38_ (rising edge-triggered flip-flop clocked by clk)
Endpoint: count[1] (output port clocked by clk)
Path Group: clk
Path Type: max

Fanout         Cap        Slew       Delay        Time   Description
---------------------------------------------------------------------------------------------
                                  0.000000    0.000000   clock clk (rise edge)
                                  0.000000    0.000000   clock source latency
     1    0.014248    0.052760    0.035493    0.035493 ^ clk (in)
                      0.052764    0.000000    0.035493 ^ clkbuf_0_clk/A (sky130_fd_sc_hd__clkbuf_16)
     2    0.017944    0.029863    0.089268    0.124761 ^ clkbuf_0_clk/X (sky130_fd_sc_hd__clkbuf_16)
                      0.029870    0.000522    0.125283 ^ clkbuf_1_0__f_clk/A (sky130_fd_sc_hd__clkbuf_16)
     4    0.013932    0.027129    0.080012    0.205295 ^ clkbuf_1_0__f_clk/X (sky130_fd_sc_hd__clkbuf_16)
                      0.027129    0.000267    0.205562 ^ _38_/CLK (sky130_fd_sc_hd__dfrtp_1)
     4    0.012395    0.088887    0.241889    0.447451 ^ _38_/Q (sky130_fd_sc_hd__dfrtp_1)
                      0.088887    0.000336    0.447787 ^ output4/A (sky130_fd_sc_hd__buf_2)
     1    0.033969    0.127091    0.151420    0.599208 ^ output4/X (sky130_fd_sc_hd__buf_2)
                      0.127132    0.000623    0.599831 ^ count[1] (out)
                                              0.599831   data arrival time

                                 10.000000   10.000000   clock clk (rise edge)
                                  0.000000   10.000000   clock network delay (propagated)
                                 -0.250000    9.750000   clock uncertainty
                                  0.000000    9.750000   clock reconvergence pessimism
                                 -2.000000    7.750000   output external delay
                                              7.750000   data required time
---------------------------------------------------------------------------------------------
                                              7.750000   data required time
                                             -0.599831   data arrival time
---------------------------------------------------------------------------------------------
                                              7.150169   slack (MET)


Startpoint: _39_ (rising edge-triggered flip-flop clocked by clk)
Endpoint: count[2] (output port clocked by clk)
Path Group: clk
Path Type: max

Fanout         Cap        Slew       Delay        Time   Description
---------------------------------------------------------------------------------------------
                                  0.000000    0.000000   clock clk (rise edge)
                                  0.000000    0.000000   clock source latency
     1    0.014248    0.052760    0.035493    0.035493 ^ clk (in)
                      0.052764    0.000000    0.035493 ^ clkbuf_0_clk/A (sky130_fd_sc_hd__clkbuf_16)
     2    0.017944    0.029863    0.089268    0.124761 ^ clkbuf_0_clk/X (sky130_fd_sc_hd__clkbuf_16)
                      0.029870    0.000522    0.125283 ^ clkbuf_1_0__f_clk/A (sky130_fd_sc_hd__clkbuf_16)
     4    0.013932    0.027129    0.080012    0.205295 ^ clkbuf_1_0__f_clk/X (sky130_fd_sc_hd__clkbuf_16)
                      0.027129    0.000221    0.205516 ^ _39_/CLK (sky130_fd_sc_hd__dfrtp_1)
     3    0.012251    0.087958    0.241292    0.446808 ^ _39_/Q (sky130_fd_sc_hd__dfrtp_1)
                      0.087958    0.000260    0.447068 ^ output5/A (sky130_fd_sc_hd__buf_2)
     1    0.034073    0.127460    0.151440    0.598508 ^ output5/X (sky130_fd_sc_hd__buf_2)
                      0.127503    0.000655    0.599163 ^ count[2] (out)
                                              0.599163   data arrival time

                                 10.000000   10.000000   clock clk (rise edge)
                                  0.000000   10.000000   clock network delay (propagated)
                                 -0.250000    9.750000   clock uncertainty
                                  0.000000    9.750000   clock reconvergence pessimism
                                 -2.000000    7.750000   output external delay
                                              7.750000   data required time
---------------------------------------------------------------------------------------------
                                              7.750000   data required time
                                             -0.599163   data arrival time
---------------------------------------------------------------------------------------------
                                              7.150837   slack (MET)


Startpoint: _42_ (rising edge-triggered flip-flop clocked by clk)
Endpoint: count[5] (output port clocked by clk)
Path Group: clk
Path Type: max

Fanout         Cap        Slew       Delay        Time   Description
---------------------------------------------------------------------------------------------
                                  0.000000    0.000000   clock clk (rise edge)
                                  0.000000    0.000000   clock source latency
     1    0.014248    0.052760    0.035493    0.035493 ^ clk (in)
                      0.052764    0.000000    0.035493 ^ clkbuf_0_clk/A (sky130_fd_sc_hd__clkbuf_16)
     2    0.017944    0.029863    0.089268    0.124761 ^ clkbuf_0_clk/X (sky130_fd_sc_hd__clkbuf_16)
                      0.029869    0.000483    0.125244 ^ clkbuf_1_1__f_clk/A (sky130_fd_sc_hd__clkbuf_16)
     4    0.012933    0.026469    0.079302    0.204546 ^ clkbuf_1_1__f_clk/X (sky130_fd_sc_hd__clkbuf_16)
                      0.026469    0.000327    0.204873 ^ _42_/CLK (sky130_fd_sc_hd__dfrtp_1)
     3    0.012011    0.086450    0.239958    0.444831 ^ _42_/Q (sky130_fd_sc_hd__dfrtp_1)
                      0.086450    0.000290    0.445121 ^ output8/A (sky130_fd_sc_hd__buf_2)
     1    0.034028    0.127300    0.150996    0.596117 ^ output8/X (sky130_fd_sc_hd__buf_2)
                      0.127341    0.000636    0.596753 ^ count[5] (out)
                                              0.596753   data arrival time

                                 10.000000   10.000000   clock clk (rise edge)
                                  0.000000   10.000000   clock network delay (propagated)
                                 -0.250000    9.750000   clock uncertainty
                                  0.000000    9.750000   clock reconvergence pessimism
                                 -2.000000    7.750000   output external delay
                                              7.750000   data required time
---------------------------------------------------------------------------------------------
                                              7.750000   data required time
                                             -0.596753   data arrival time
---------------------------------------------------------------------------------------------
                                              7.153247   slack (MET)


Startpoint: _43_ (rising edge-triggered flip-flop clocked by clk)
Endpoint: count[6] (output port clocked by clk)
Path Group: clk
Path Type: max

Fanout         Cap        Slew       Delay        Time   Description
---------------------------------------------------------------------------------------------
                                  0.000000    0.000000   clock clk (rise edge)
                                  0.000000    0.000000   clock source latency
     1    0.014248    0.052760    0.035493    0.035493 ^ clk (in)
                      0.052764    0.000000    0.035493 ^ clkbuf_0_clk/A (sky130_fd_sc_hd__clkbuf_16)
     2    0.017944    0.029863    0.089268    0.124761 ^ clkbuf_0_clk/X (sky130_fd_sc_hd__clkbuf_16)
                      0.029869    0.000483    0.125244 ^ clkbuf_1_1__f_clk/A (sky130_fd_sc_hd__clkbuf_16)
     4    0.012933    0.026469    0.079302    0.204546 ^ clkbuf_1_1__f_clk/X (sky130_fd_sc_hd__clkbuf_16)
                      0.026469    0.000290    0.204836 ^ _43_/CLK (sky130_fd_sc_hd__dfrtp_1)
     3    0.009918    0.073894    0.230307    0.435144 ^ _43_/Q (sky130_fd_sc_hd__dfrtp_1)
                      0.073894    0.000222    0.435366 ^ output9/A (sky130_fd_sc_hd__buf_2)
     1    0.034106    0.127534    0.148296    0.583662 ^ output9/X (sky130_fd_sc_hd__buf_2)
                      0.127577    0.000658    0.584320 ^ count[6] (out)
                                              0.584320   data arrival time

                                 10.000000   10.000000   clock clk (rise edge)
                                  0.000000   10.000000   clock network delay (propagated)
                                 -0.250000    9.750000   clock uncertainty
                                  0.000000    9.750000   clock reconvergence pessimism
                                 -2.000000    7.750000   output external delay
                                              7.750000   data required time
---------------------------------------------------------------------------------------------
                                              7.750000   data required time
                                             -0.584320   data arrival time
---------------------------------------------------------------------------------------------
                                              7.165680   slack (MET)


Startpoint: _44_ (rising edge-triggered flip-flop clocked by clk)
Endpoint: count[7] (output port clocked by clk)
Path Group: clk
Path Type: max

Fanout         Cap        Slew       Delay        Time   Description
---------------------------------------------------------------------------------------------
                                  0.000000    0.000000   clock clk (rise edge)
                                  0.000000    0.000000   clock source latency
     1    0.014248    0.052760    0.035493    0.035493 ^ clk (in)
                      0.052764    0.000000    0.035493 ^ clkbuf_0_clk/A (sky130_fd_sc_hd__clkbuf_16)
     2    0.017944    0.029863    0.089268    0.124761 ^ clkbuf_0_clk/X (sky130_fd_sc_hd__clkbuf_16)
                      0.029869    0.000483    0.125244 ^ clkbuf_1_1__f_clk/A (sky130_fd_sc_hd__clkbuf_16)
     4    0.012933    0.026469    0.079302    0.204546 ^ clkbuf_1_1__f_clk/X (sky130_fd_sc_hd__clkbuf_16)
                      0.026469    0.000329    0.204876 ^ _44_/CLK (sky130_fd_sc_hd__dfrtp_1)
     3    0.008982    0.068290    0.225790    0.430665 ^ _44_/Q (sky130_fd_sc_hd__dfrtp_1)
                      0.068290    0.000295    0.430960 ^ output10/A (sky130_fd_sc_hd__buf_2)
     1    0.034113    0.127561    0.147026    0.577986 ^ output10/X (sky130_fd_sc_hd__buf_2)
                      0.127603    0.000659    0.578644 ^ count[7] (out)
                                              0.578644   data arrival time

                                 10.000000   10.000000   clock clk (rise edge)
                                  0.000000   10.000000   clock network delay (propagated)
                                 -0.250000    9.750000   clock uncertainty
                                  0.000000    9.750000   clock reconvergence pessimism
                                 -2.000000    7.750000   output external delay
                                              7.750000   data required time
---------------------------------------------------------------------------------------------
                                              7.750000   data required time
                                             -0.578644   data arrival time
---------------------------------------------------------------------------------------------
                                              7.171356   slack (MET)


Startpoint: enable (input port clocked by clk)
Endpoint: _42_ (rising edge-triggered flip-flop clocked by clk)
Path Group: clk
Path Type: max

Fanout         Cap        Slew       Delay        Time   Description
---------------------------------------------------------------------------------------------
                                  0.000000    0.000000   clock clk (rise edge)
                                  0.000000    0.000000   clock network delay (propagated)
                                  2.000000    2.000000 ^ input external delay
     1    0.003107    0.015012    0.008047    2.008047 ^ enable (in)
                      0.015018    0.000000    2.008047 ^ input1/A (sky130_fd_sc_hd__buf_1)
     4    0.014473    0.130649    0.116058    2.124105 ^ input1/X (sky130_fd_sc_hd__buf_1)
                      0.130653    0.000557    2.124662 ^ _19_/D (sky130_fd_sc_hd__and4_1)
     6    0.022582    0.166203    0.219694    2.344356 ^ _19_/X (sky130_fd_sc_hd__and4_1)
                      0.166205    0.000852    2.345208 ^ _22_/B (sky130_fd_sc_hd__and3_1)
     2    0.007455    0.066377    0.133156    2.478364 ^ _22_/X (sky130_fd_sc_hd__and3_1)
                      0.066377    0.000120    2.478484 ^ _34_/A_N (sky130_fd_sc_hd__and2b_1)
     1    0.002615    0.024186    0.109251    2.587735 v _34_/X (sky130_fd_sc_hd__and2b_1)
                      0.024186    0.000074    2.587810 v _42_/D (sky130_fd_sc_hd__dfrtp_1)
                                              2.587810   data arrival time

                                 10.000000   10.000000   clock clk (rise edge)
                                  0.000000   10.000000   clock source latency
     1    0.014248    0.052760    0.035493   10.035494 ^ clk (in)
                      0.052764    0.000000   10.035494 ^ clkbuf_0_clk/A (sky130_fd_sc_hd__clkbuf_16)
     2    0.017944    0.029863    0.089268   10.124762 ^ clkbuf_0_clk/X (sky130_fd_sc_hd__clkbuf_16)
                      0.029869    0.000483   10.125245 ^ clkbuf_1_1__f_clk/A (sky130_fd_sc_hd__clkbuf_16)
     4    0.012933    0.026469    0.079302   10.204547 ^ clkbuf_1_1__f_clk/X (sky130_fd_sc_hd__clkbuf_16)
                      0.026469    0.000327   10.204874 ^ _42_/CLK (sky130_fd_sc_hd__dfrtp_1)
                                 -0.250000    9.954874   clock uncertainty
                                  0.000000    9.954874   clock reconvergence pessimism
                                 -0.070185    9.884688   library setup time
                                              9.884688   data required time
---------------------------------------------------------------------------------------------
                                              9.884688   data required time
                                             -2.587810   data arrival time
---------------------------------------------------------------------------------------------
                                              7.296878   slack (MET)


Startpoint: enable (input port clocked by clk)
Endpoint: _44_ (rising edge-triggered flip-flop clocked by clk)
Path Group: clk
Path Type: max

Fanout         Cap        Slew       Delay        Time   Description
---------------------------------------------------------------------------------------------
                                  0.000000    0.000000   clock clk (rise edge)
                                  0.000000    0.000000   clock network delay (propagated)
                                  2.000000    2.000000 ^ input external delay
     1    0.003107    0.015012    0.008047    2.008047 ^ enable (in)
                      0.015018    0.000000    2.008047 ^ input1/A (sky130_fd_sc_hd__buf_1)
     4    0.014473    0.130649    0.116058    2.124105 ^ input1/X (sky130_fd_sc_hd__buf_1)
                      0.130653    0.000557    2.124662 ^ _19_/D (sky130_fd_sc_hd__and4_1)
     6    0.022582    0.166203    0.219694    2.344356 ^ _19_/X (sky130_fd_sc_hd__and4_1)
                      0.166206    0.000915    2.345271 ^ _23_/C (sky130_fd_sc_hd__and4_1)
     2    0.008832    0.075773    0.155750    2.501021 ^ _23_/X (sky130_fd_sc_hd__and4_1)
                      0.075774    0.000318    2.501340 ^ _36_/B (sky130_fd_sc_hd__xor2_1)
     1    0.002503    0.076353    0.088936    2.590276 ^ _36_/X (sky130_fd_sc_hd__xor2_1)
                      0.076353    0.000071    2.590347 ^ _44_/D (sky130_fd_sc_hd__dfrtp_1)
                                              2.590347   data arrival time

                                 10.000000   10.000000   clock clk (rise edge)
                                  0.000000   10.000000   clock source latency
     1    0.014248    0.052760    0.035493   10.035494 ^ clk (in)
                      0.052764    0.000000   10.035494 ^ clkbuf_0_clk/A (sky130_fd_sc_hd__clkbuf_16)
     2    0.017944    0.029863    0.089268   10.124762 ^ clkbuf_0_clk/X (sky130_fd_sc_hd__clkbuf_16)
                      0.029869    0.000483   10.125245 ^ clkbuf_1_1__f_clk/A (sky130_fd_sc_hd__clkbuf_16)
     4    0.012933    0.026469    0.079302   10.204547 ^ clkbuf_1_1__f_clk/X (sky130_fd_sc_hd__clkbuf_16)
                      0.026469    0.000329   10.204875 ^ _44_/CLK (sky130_fd_sc_hd__dfrtp_1)
                                 -0.250000    9.954875   clock uncertainty
                                  0.000000    9.954875   clock reconvergence pessimism
                                 -0.038277    9.916598   library setup time
                                              9.916598   data required time
---------------------------------------------------------------------------------------------
                                              9.916598   data required time
                                             -2.590347   data arrival time
---------------------------------------------------------------------------------------------
                                              7.326252   slack (MET)


Startpoint: enable (input port clocked by clk)
Endpoint: _43_ (rising edge-triggered flip-flop clocked by clk)
Path Group: clk
Path Type: max

Fanout         Cap        Slew       Delay        Time   Description
---------------------------------------------------------------------------------------------
                                  0.000000    0.000000   clock clk (rise edge)
                                  0.000000    0.000000   clock network delay (propagated)
                                  2.000000    2.000000 ^ input external delay
     1    0.003107    0.015012    0.008047    2.008047 ^ enable (in)
                      0.015018    0.000000    2.008047 ^ input1/A (sky130_fd_sc_hd__buf_1)
     4    0.014473    0.130649    0.116058    2.124105 ^ input1/X (sky130_fd_sc_hd__buf_1)
                      0.130653    0.000557    2.124662 ^ _19_/D (sky130_fd_sc_hd__and4_1)
     6    0.022582    0.166203    0.219694    2.344356 ^ _19_/X (sky130_fd_sc_hd__and4_1)
                      0.166205    0.000852    2.345208 ^ _22_/B (sky130_fd_sc_hd__and3_1)
     2    0.007455    0.066377    0.133156    2.478364 ^ _22_/X (sky130_fd_sc_hd__and3_1)
                      0.066377    0.000136    2.478500 ^ _35_/B (sky130_fd_sc_hd__xor2_1)
     1    0.003130    0.084290    0.094790    2.573290 ^ _35_/X (sky130_fd_sc_hd__xor2_1)
                      0.084290    0.000097    2.573386 ^ _43_/D (sky130_fd_sc_hd__dfrtp_1)
                                              2.573386   data arrival time

                                 10.000000   10.000000   clock clk (rise edge)
                                  0.000000   10.000000   clock source latency
     1    0.014248    0.052760    0.035493   10.035494 ^ clk (in)
                      0.052764    0.000000   10.035494 ^ clkbuf_0_clk/A (sky130_fd_sc_hd__clkbuf_16)
     2    0.017944    0.029863    0.089268   10.124762 ^ clkbuf_0_clk/X (sky130_fd_sc_hd__clkbuf_16)
                      0.029869    0.000483   10.125245 ^ clkbuf_1_1__f_clk/A (sky130_fd_sc_hd__clkbuf_16)
     4    0.012933    0.026469    0.079302   10.204547 ^ clkbuf_1_1__f_clk/X (sky130_fd_sc_hd__clkbuf_16)
                      0.026469    0.000290   10.204837 ^ _43_/CLK (sky130_fd_sc_hd__dfrtp_1)
                                 -0.250000    9.954836   clock uncertainty
                                  0.000000    9.954836   clock reconvergence pessimism
                                 -0.039032    9.915805   library setup time
                                              9.915805   data required time
---------------------------------------------------------------------------------------------
                                              9.915805   data required time
                                             -2.573386   data arrival time
---------------------------------------------------------------------------------------------
                                              7.342419   slack (MET)


Startpoint: enable (input port clocked by clk)
Endpoint: _40_ (rising edge-triggered flip-flop clocked by clk)
Path Group: clk
Path Type: max

Fanout         Cap        Slew       Delay        Time   Description
---------------------------------------------------------------------------------------------
                                  0.000000    0.000000   clock clk (rise edge)
                                  0.000000    0.000000   clock network delay (propagated)
                                  2.000000    2.000000 v input external delay
     1    0.002919    0.004894    0.002385    2.002385 v enable (in)
                      0.004895    0.000000    2.002385 v input1/A (sky130_fd_sc_hd__buf_1)
     4    0.013662    0.057420    0.079610    2.081995 v input1/X (sky130_fd_sc_hd__buf_1)
                      0.057424    0.000522    2.082517 v _19_/D (sky130_fd_sc_hd__and4_1)
     6    0.021611    0.080264    0.188713    2.271231 v _19_/X (sky130_fd_sc_hd__and4_1)
                      0.080269    0.000685    2.271916 v _30_/B (sky130_fd_sc_hd__or2_1)
     1    0.001775    0.028735    0.130514    2.402430 v _30_/X (sky130_fd_sc_hd__or2_1)
                      0.028735    0.000035    2.402464 v _31_/B (sky130_fd_sc_hd__and2_1)
     1    0.002911    0.025578    0.094266    2.496731 v _31_/X (sky130_fd_sc_hd__and2_1)
                      0.025579    0.000063    2.496794 v _40_/D (sky130_fd_sc_hd__dfrtp_1)
                                              2.496794   data arrival time

                                 10.000000   10.000000   clock clk (rise edge)
                                  0.000000   10.000000   clock source latency
     1    0.014248    0.052760    0.035493   10.035494 ^ clk (in)
                      0.052764    0.000000   10.035494 ^ clkbuf_0_clk/A (sky130_fd_sc_hd__clkbuf_16)
     2    0.017944    0.029863    0.089268   10.124762 ^ clkbuf_0_clk/X (sky130_fd_sc_hd__clkbuf_16)
                      0.029870    0.000521   10.125283 ^ clkbuf_1_0__f_clk/A (sky130_fd_sc_hd__clkbuf_16)
     4    0.013932    0.027129    0.080012   10.205296 ^ clkbuf_1_0__f_clk/X (sky130_fd_sc_hd__clkbuf_16)
                      0.027129    0.000236   10.205532 ^ _40_/CLK (sky130_fd_sc_hd__dfrtp_1)
                                 -0.250000    9.955532   clock uncertainty
                                  0.000000    9.955532   clock reconvergence pessimism
                                 -0.070620    9.884912   library setup time
                                              9.884912   data required time
---------------------------------------------------------------------------------------------
                                              9.884912   data required time
                                             -2.496794   data arrival time
---------------------------------------------------------------------------------------------
                                              7.388118   slack (MET)


Startpoint: enable (input port clocked by clk)
Endpoint: _41_ (rising edge-triggered flip-flop clocked by clk)
Path Group: clk
Path Type: max

Fanout         Cap        Slew       Delay        Time   Description
---------------------------------------------------------------------------------------------
                                  0.000000    0.000000   clock clk (rise edge)
                                  0.000000    0.000000   clock network delay (propagated)
                                  2.000000    2.000000 ^ input external delay
     1    0.003107    0.015012    0.008047    2.008047 ^ enable (in)
                      0.015018    0.000000    2.008047 ^ input1/A (sky130_fd_sc_hd__buf_1)
     4    0.014473    0.130649    0.116058    2.124105 ^ input1/X (sky130_fd_sc_hd__buf_1)
                      0.130653    0.000557    2.124662 ^ _19_/D (sky130_fd_sc_hd__and4_1)
     6    0.022582    0.166203    0.219694    2.344356 ^ _19_/X (sky130_fd_sc_hd__and4_1)
                      0.166204    0.000706    2.345062 ^ _20_/B (sky130_fd_sc_hd__nand2_1)
     2    0.006410    0.054153    0.056118    2.401179 v _20_/Y (sky130_fd_sc_hd__nand2_1)
                      0.054154    0.000135    2.401314 v _32_/B (sky130_fd_sc_hd__xnor2_1)
     1    0.002460    0.027908    0.082956    2.484270 v _32_/Y (sky130_fd_sc_hd__xnor2_1)
                      0.027908    0.000069    2.484339 v _41_/D (sky130_fd_sc_hd__dfrtp_1)
                                              2.484339   data arrival time

                                 10.000000   10.000000   clock clk (rise edge)
                                  0.000000   10.000000   clock source latency
     1    0.014248    0.052760    0.035493   10.035494 ^ clk (in)
                      0.052764    0.000000   10.035494 ^ clkbuf_0_clk/A (sky130_fd_sc_hd__clkbuf_16)
     2    0.017944    0.029863    0.089268   10.124762 ^ clkbuf_0_clk/X (sky130_fd_sc_hd__clkbuf_16)
                      0.029870    0.000521   10.125283 ^ clkbuf_1_0__f_clk/A (sky130_fd_sc_hd__clkbuf_16)
     4    0.013932    0.027129    0.080012   10.205296 ^ clkbuf_1_0__f_clk/X (sky130_fd_sc_hd__clkbuf_16)
                      0.027129    0.000174   10.205470 ^ _41_/CLK (sky130_fd_sc_hd__dfrtp_1)
                                 -0.250000    9.955470   clock uncertainty
                                  0.000000    9.955470   clock reconvergence pessimism
                                 -0.071452    9.884018   library setup time
                                              9.884018   data required time
---------------------------------------------------------------------------------------------
                                              9.884018   data required time
                                             -2.484339   data arrival time
---------------------------------------------------------------------------------------------
                                              7.399679   slack (MET)


Startpoint: enable (input port clocked by clk)
Endpoint: _39_ (rising edge-triggered flip-flop clocked by clk)
Path Group: clk
Path Type: max

Fanout         Cap        Slew       Delay        Time   Description
---------------------------------------------------------------------------------------------
                                  0.000000    0.000000   clock clk (rise edge)
                                  0.000000    0.000000   clock network delay (propagated)
                                  2.000000    2.000000 ^ input external delay
     1    0.003107    0.015012    0.008047    2.008047 ^ enable (in)
                      0.015018    0.000000    2.008047 ^ input1/A (sky130_fd_sc_hd__buf_1)
     4    0.014473    0.130649    0.116058    2.124105 ^ input1/X (sky130_fd_sc_hd__buf_1)
                      0.130653    0.000557    2.124662 ^ _19_/D (sky130_fd_sc_hd__and4_1)
     6    0.022582    0.166203    0.219694    2.344356 ^ _19_/X (sky130_fd_sc_hd__and4_1)
                      0.166203    0.000410    2.344766 ^ _29_/A (sky130_fd_sc_hd__nor2_1)
     1    0.002555    0.040391    0.031660    2.376426 v _29_/Y (sky130_fd_sc_hd__nor2_1)
                      0.040392    0.000053    2.376479 v _39_/D (sky130_fd_sc_hd__dfrtp_1)
                                              2.376479   data arrival time

                                 10.000000   10.000000   clock clk (rise edge)
                                  0.000000   10.000000   clock source latency
     1    0.014248    0.052760    0.035493   10.035494 ^ clk (in)
                      0.052764    0.000000   10.035494 ^ clkbuf_0_clk/A (sky130_fd_sc_hd__clkbuf_16)
     2    0.017944    0.029863    0.089268   10.124762 ^ clkbuf_0_clk/X (sky130_fd_sc_hd__clkbuf_16)
                      0.029870    0.000521   10.125283 ^ clkbuf_1_0__f_clk/A (sky130_fd_sc_hd__clkbuf_16)
     4    0.013932    0.027129    0.080012   10.205296 ^ clkbuf_1_0__f_clk/X (sky130_fd_sc_hd__clkbuf_16)
                      0.027129    0.000220   10.205516 ^ _39_/CLK (sky130_fd_sc_hd__dfrtp_1)
                                 -0.250000    9.955516   clock uncertainty
                                  0.000000    9.955516   clock reconvergence pessimism
                                 -0.075911    9.879605   library setup time
                                              9.879605   data required time
---------------------------------------------------------------------------------------------
                                              9.879605   data required time
                                             -2.376479   data arrival time
---------------------------------------------------------------------------------------------
                                              7.503126   slack (MET)


Startpoint: enable (input port clocked by clk)
Endpoint: _38_ (rising edge-triggered flip-flop clocked by clk)
Path Group: clk
Path Type: max

Fanout         Cap        Slew       Delay        Time   Description
---------------------------------------------------------------------------------------------
                                  0.000000    0.000000   clock clk (rise edge)
                                  0.000000    0.000000   clock network delay (propagated)
                                  2.000000    2.000000 ^ input external delay
     1    0.003107    0.015012    0.008047    2.008047 ^ enable (in)
                      0.015018    0.000000    2.008047 ^ input1/A (sky130_fd_sc_hd__buf_1)
     4    0.014473    0.130649    0.116058    2.124105 ^ input1/X (sky130_fd_sc_hd__buf_1)
                      0.130652    0.000529    2.124634 ^ _18_/C (sky130_fd_sc_hd__and3_1)
     2    0.006341    0.058347    0.122487    2.247121 ^ _18_/X (sky130_fd_sc_hd__and3_1)
                      0.058347    0.000167    2.247287 ^ _27_/A (sky130_fd_sc_hd__nor2_1)
     1    0.002787    0.025019    0.029290    2.276577 v _27_/Y (sky130_fd_sc_hd__nor2_1)
                      0.025019    0.000081    2.276658 v _38_/D (sky130_fd_sc_hd__dfrtp_1)
                                              2.276658   data arrival time

                                 10.000000   10.000000   clock clk (rise edge)
                                  0.000000   10.000000   clock source latency
     1    0.014248    0.052760    0.035493   10.035494 ^ clk (in)
                      0.052764    0.000000   10.035494 ^ clkbuf_0_clk/A (sky130_fd_sc_hd__clkbuf_16)
     2    0.017944    0.029863    0.089268   10.124762 ^ clkbuf_0_clk/X (sky130_fd_sc_hd__clkbuf_16)
                      0.029870    0.000521   10.125283 ^ clkbuf_1_0__f_clk/A (sky130_fd_sc_hd__clkbuf_16)
     4    0.013932    0.027129    0.080012   10.205296 ^ clkbuf_1_0__f_clk/X (sky130_fd_sc_hd__clkbuf_16)
                      0.027129    0.000266   10.205562 ^ _38_/CLK (sky130_fd_sc_hd__dfrtp_1)
                                 -0.250000    9.955562   clock uncertainty
                                  0.000000    9.955562   clock reconvergence pessimism
                                 -0.070420    9.885142   library setup time
                                              9.885142   data required time
---------------------------------------------------------------------------------------------
                                              9.885142   data required time
                                             -2.276658   data arrival time
---------------------------------------------------------------------------------------------
                                              7.608484   slack (MET)


Startpoint: enable (input port clocked by clk)
Endpoint: _37_ (rising edge-triggered flip-flop clocked by clk)
Path Group: clk
Path Type: max

Fanout         Cap        Slew       Delay        Time   Description
---------------------------------------------------------------------------------------------
                                  0.000000    0.000000   clock clk (rise edge)
                                  0.000000    0.000000   clock network delay (propagated)
                                  2.000000    2.000000 ^ input external delay
     1    0.003107    0.015012    0.008047    2.008047 ^ enable (in)
                      0.015018    0.000000    2.008047 ^ input1/A (sky130_fd_sc_hd__buf_1)
     4    0.014473    0.130649    0.116058    2.124105 ^ input1/X (sky130_fd_sc_hd__buf_1)
                      0.130653    0.000597    2.124702 ^ _25_/B (sky130_fd_sc_hd__xor2_1)
     1    0.003296    0.086377    0.097834    2.222536 ^ _25_/X (sky130_fd_sc_hd__xor2_1)
                      0.086377    0.000100    2.222636 ^ _37_/D (sky130_fd_sc_hd__dfrtp_1)
                                              2.222636   data arrival time

                                 10.000000   10.000000   clock clk (rise edge)
                                  0.000000   10.000000   clock source latency
     1    0.014248    0.052760    0.035493   10.035494 ^ clk (in)
                      0.052764    0.000000   10.035494 ^ clkbuf_0_clk/A (sky130_fd_sc_hd__clkbuf_16)
     2    0.017944    0.029863    0.089268   10.124762 ^ clkbuf_0_clk/X (sky130_fd_sc_hd__clkbuf_16)
                      0.029869    0.000483   10.125245 ^ clkbuf_1_1__f_clk/A (sky130_fd_sc_hd__clkbuf_16)
     4    0.012933    0.026469    0.079302   10.204547 ^ clkbuf_1_1__f_clk/X (sky130_fd_sc_hd__clkbuf_16)
                      0.026469    0.000337   10.204884 ^ _37_/CLK (sky130_fd_sc_hd__dfrtp_1)
                                 -0.250000    9.954884   clock uncertainty
                                  0.000000    9.954884   clock reconvergence pessimism
                                 -0.039231    9.915652   library setup time
                                              9.915652   data required time
---------------------------------------------------------------------------------------------
                                              9.915652   data required time
                                             -2.222636   data arrival time
---------------------------------------------------------------------------------------------
                                              7.693016   slack (MET)


Startpoint: rst_n (input port clocked by clk)
Endpoint: _42_ (recovery check against rising-edge clock clk)
Path Group: asynchronous
Path Type: max

Fanout         Cap        Slew       Delay        Time   Description
---------------------------------------------------------------------------------------------
                                  0.000000    0.000000   clock clk (rise edge)
                                  0.000000    0.000000   clock network delay (propagated)
                                  2.000000    2.000000 ^ input external delay
     1    0.003131    0.015105    0.008111    2.008111 ^ rst_n (in)
                      0.015105    0.000000    2.008111 ^ input2/A (sky130_fd_sc_hd__clkbuf_4)
     8    0.043942    0.105196    0.134728    2.142839 ^ input2/X (sky130_fd_sc_hd__clkbuf_4)
                      0.105296    0.002645    2.145484 ^ _42_/RESET_B (sky130_fd_sc_hd__dfrtp_1)
                                              2.145484   data arrival time

                                 10.000000   10.000000   clock clk (rise edge)
                                  0.000000   10.000000   clock source latency
     1    0.014248    0.052760    0.035493   10.035494 ^ clk (in)
                      0.052764    0.000000   10.035494 ^ clkbuf_0_clk/A (sky130_fd_sc_hd__clkbuf_16)
     2    0.017944    0.029863    0.089268   10.124762 ^ clkbuf_0_clk/X (sky130_fd_sc_hd__clkbuf_16)
                      0.029869    0.000483   10.125245 ^ clkbuf_1_1__f_clk/A (sky130_fd_sc_hd__clkbuf_16)
     4    0.012933    0.026469    0.079302   10.204547 ^ clkbuf_1_1__f_clk/X (sky130_fd_sc_hd__clkbuf_16)
                      0.026469    0.000327   10.204874 ^ _42_/CLK (sky130_fd_sc_hd__dfrtp_1)
                                 -0.250000    9.954874   clock uncertainty
                                  0.000000    9.954874   clock reconvergence pessimism
                                  0.129075   10.083948   library recovery time
                                             10.083948   data required time
---------------------------------------------------------------------------------------------
                                             10.083948   data required time
                                             -2.145484   data arrival time
---------------------------------------------------------------------------------------------
                                              7.938463   slack (MET)


Startpoint: rst_n (input port clocked by clk)
Endpoint: _43_ (recovery check against rising-edge clock clk)
Path Group: asynchronous
Path Type: max

Fanout         Cap        Slew       Delay        Time   Description
---------------------------------------------------------------------------------------------
                                  0.000000    0.000000   clock clk (rise edge)
                                  0.000000    0.000000   clock network delay (propagated)
                                  2.000000    2.000000 ^ input external delay
     1    0.003131    0.015105    0.008111    2.008111 ^ rst_n (in)
                      0.015105    0.000000    2.008111 ^ input2/A (sky130_fd_sc_hd__clkbuf_4)
     8    0.043942    0.105196    0.134728    2.142839 ^ input2/X (sky130_fd_sc_hd__clkbuf_4)
                      0.105292    0.002584    2.145423 ^ _43_/RESET_B (sky130_fd_sc_hd__dfrtp_1)
                                              2.145423   data arrival time

                                 10.000000   10.000000   clock clk (rise edge)
                                  0.000000   10.000000   clock source latency
     1    0.014248    0.052760    0.035493   10.035494 ^ clk (in)
                      0.052764    0.000000   10.035494 ^ clkbuf_0_clk/A (sky130_fd_sc_hd__clkbuf_16)
     2    0.017944    0.029863    0.089268   10.124762 ^ clkbuf_0_clk/X (sky130_fd_sc_hd__clkbuf_16)
                      0.029869    0.000483   10.125245 ^ clkbuf_1_1__f_clk/A (sky130_fd_sc_hd__clkbuf_16)
     4    0.012933    0.026469    0.079302   10.204547 ^ clkbuf_1_1__f_clk/X (sky130_fd_sc_hd__clkbuf_16)
                      0.026469    0.000290   10.204837 ^ _43_/CLK (sky130_fd_sc_hd__dfrtp_1)
                                 -0.250000    9.954836   clock uncertainty
                                  0.000000    9.954836   clock reconvergence pessimism
                                  0.129076   10.083912   library recovery time
                                             10.083912   data required time
---------------------------------------------------------------------------------------------
                                             10.083912   data required time
                                             -2.145423   data arrival time
---------------------------------------------------------------------------------------------
                                              7.938488   slack (MET)


Startpoint: rst_n (input port clocked by clk)
Endpoint: _44_ (recovery check against rising-edge clock clk)
Path Group: asynchronous
Path Type: max

Fanout         Cap        Slew       Delay        Time   Description
---------------------------------------------------------------------------------------------
                                  0.000000    0.000000   clock clk (rise edge)
                                  0.000000    0.000000   clock network delay (propagated)
                                  2.000000    2.000000 ^ input external delay
     1    0.003131    0.015105    0.008111    2.008111 ^ rst_n (in)
                      0.015105    0.000000    2.008111 ^ input2/A (sky130_fd_sc_hd__clkbuf_4)
     8    0.043942    0.105196    0.134728    2.142839 ^ input2/X (sky130_fd_sc_hd__clkbuf_4)
                      0.105278    0.002394    2.145233 ^ _44_/RESET_B (sky130_fd_sc_hd__dfrtp_1)
                                              2.145233   data arrival time

                                 10.000000   10.000000   clock clk (rise edge)
                                  0.000000   10.000000   clock source latency
     1    0.014248    0.052760    0.035493   10.035494 ^ clk (in)
                      0.052764    0.000000   10.035494 ^ clkbuf_0_clk/A (sky130_fd_sc_hd__clkbuf_16)
     2    0.017944    0.029863    0.089268   10.124762 ^ clkbuf_0_clk/X (sky130_fd_sc_hd__clkbuf_16)
                      0.029869    0.000483   10.125245 ^ clkbuf_1_1__f_clk/A (sky130_fd_sc_hd__clkbuf_16)
     4    0.012933    0.026469    0.079302   10.204547 ^ clkbuf_1_1__f_clk/X (sky130_fd_sc_hd__clkbuf_16)
                      0.026469    0.000329   10.204875 ^ _44_/CLK (sky130_fd_sc_hd__dfrtp_1)
                                 -0.250000    9.954875   clock uncertainty
                                  0.000000    9.954875   clock reconvergence pessimism
                                  0.129078   10.083954   library recovery time
                                             10.083954   data required time
---------------------------------------------------------------------------------------------
                                             10.083954   data required time
                                             -2.145233   data arrival time
---------------------------------------------------------------------------------------------
                                              7.938720   slack (MET)


Startpoint: rst_n (input port clocked by clk)
Endpoint: _37_ (recovery check against rising-edge clock clk)
Path Group: asynchronous
Path Type: max

Fanout         Cap        Slew       Delay        Time   Description
---------------------------------------------------------------------------------------------
                                  0.000000    0.000000   clock clk (rise edge)
                                  0.000000    0.000000   clock network delay (propagated)
                                  2.000000    2.000000 ^ input external delay
     1    0.003131    0.015105    0.008111    2.008111 ^ rst_n (in)
                      0.015105    0.000000    2.008111 ^ input2/A (sky130_fd_sc_hd__clkbuf_4)
     8    0.043942    0.105196    0.134728    2.142839 ^ input2/X (sky130_fd_sc_hd__clkbuf_4)
                      0.105268    0.002244    2.145084 ^ _37_/RESET_B (sky130_fd_sc_hd__dfrtp_1)
                                              2.145084   data arrival time

                                 10.000000   10.000000   clock clk (rise edge)
                                  0.000000   10.000000   clock source latency
     1    0.014248    0.052760    0.035493   10.035494 ^ clk (in)
                      0.052764    0.000000   10.035494 ^ clkbuf_0_clk/A (sky130_fd_sc_hd__clkbuf_16)
     2    0.017944    0.029863    0.089268   10.124762 ^ clkbuf_0_clk/X (sky130_fd_sc_hd__clkbuf_16)
                      0.029869    0.000483   10.125245 ^ clkbuf_1_1__f_clk/A (sky130_fd_sc_hd__clkbuf_16)
     4    0.012933    0.026469    0.079302   10.204547 ^ clkbuf_1_1__f_clk/X (sky130_fd_sc_hd__clkbuf_16)
                      0.026469    0.000337   10.204884 ^ _37_/CLK (sky130_fd_sc_hd__dfrtp_1)
                                 -0.250000    9.954884   clock uncertainty
                                  0.000000    9.954884   clock reconvergence pessimism
                                  0.129080   10.083963   library recovery time
                                             10.083963   data required time
---------------------------------------------------------------------------------------------
                                             10.083963   data required time
                                             -2.145084   data arrival time
---------------------------------------------------------------------------------------------
                                              7.938880   slack (MET)


Startpoint: rst_n (input port clocked by clk)
Endpoint: _41_ (recovery check against rising-edge clock clk)
Path Group: asynchronous
Path Type: max

Fanout         Cap        Slew       Delay        Time   Description
---------------------------------------------------------------------------------------------
                                  0.000000    0.000000   clock clk (rise edge)
                                  0.000000    0.000000   clock network delay (propagated)
                                  2.000000    2.000000 ^ input external delay
     1    0.003131    0.015105    0.008111    2.008111 ^ rst_n (in)
                      0.015105    0.000000    2.008111 ^ input2/A (sky130_fd_sc_hd__clkbuf_4)
     8    0.043942    0.105196    0.134728    2.142839 ^ input2/X (sky130_fd_sc_hd__clkbuf_4)
                      0.105271    0.002288    2.145127 ^ _41_/RESET_B (sky130_fd_sc_hd__dfrtp_1)
                                              2.145127   data arrival time

                                 10.000000   10.000000   clock clk (rise edge)
                                  0.000000   10.000000   clock source latency
     1    0.014248    0.052760    0.035493   10.035494 ^ clk (in)
                      0.052764    0.000000   10.035494 ^ clkbuf_0_clk/A (sky130_fd_sc_hd__clkbuf_16)
     2    0.017944    0.029863    0.089268   10.124762 ^ clkbuf_0_clk/X (sky130_fd_sc_hd__clkbuf_16)
                      0.029870    0.000521   10.125283 ^ clkbuf_1_0__f_clk/A (sky130_fd_sc_hd__clkbuf_16)
     4    0.013932    0.027129    0.080012   10.205296 ^ clkbuf_1_0__f_clk/X (sky130_fd_sc_hd__clkbuf_16)
                      0.027129    0.000174   10.205470 ^ _41_/CLK (sky130_fd_sc_hd__dfrtp_1)
                                 -0.250000    9.955470   clock uncertainty
                                  0.000000    9.955470   clock reconvergence pessimism
                                  0.129180   10.084650   library recovery time
                                             10.084650   data required time
---------------------------------------------------------------------------------------------
                                             10.084650   data required time
                                             -2.145127   data arrival time
---------------------------------------------------------------------------------------------
                                              7.939523   slack (MET)


Startpoint: rst_n (input port clocked by clk)
Endpoint: _40_ (recovery check against rising-edge clock clk)
Path Group: asynchronous
Path Type: max

Fanout         Cap        Slew       Delay        Time   Description
---------------------------------------------------------------------------------------------
                                  0.000000    0.000000   clock clk (rise edge)
                                  0.000000    0.000000   clock network delay (propagated)
                                  2.000000    2.000000 ^ input external delay
     1    0.003131    0.015105    0.008111    2.008111 ^ rst_n (in)
                      0.015105    0.000000    2.008111 ^ input2/A (sky130_fd_sc_hd__clkbuf_4)
     8    0.043942    0.105196    0.134728    2.142839 ^ input2/X (sky130_fd_sc_hd__clkbuf_4)
                      0.105262    0.002152    2.144991 ^ _40_/RESET_B (sky130_fd_sc_hd__dfrtp_1)
                                              2.144991   data arrival time

                                 10.000000   10.000000   clock clk (rise edge)
                                  0.000000   10.000000   clock source latency
     1    0.014248    0.052760    0.035493   10.035494 ^ clk (in)
                      0.052764    0.000000   10.035494 ^ clkbuf_0_clk/A (sky130_fd_sc_hd__clkbuf_16)
     2    0.017944    0.029863    0.089268   10.124762 ^ clkbuf_0_clk/X (sky130_fd_sc_hd__clkbuf_16)
                      0.029870    0.000521   10.125283 ^ clkbuf_1_0__f_clk/A (sky130_fd_sc_hd__clkbuf_16)
     4    0.013932    0.027129    0.080012   10.205296 ^ clkbuf_1_0__f_clk/X (sky130_fd_sc_hd__clkbuf_16)
                      0.027129    0.000236   10.205532 ^ _40_/CLK (sky130_fd_sc_hd__dfrtp_1)
                                 -0.250000    9.955532   clock uncertainty
                                  0.000000    9.955532   clock reconvergence pessimism
                                  0.129182   10.084714   library recovery time
                                             10.084714   data required time
---------------------------------------------------------------------------------------------
                                             10.084714   data required time
                                             -2.144991   data arrival time
---------------------------------------------------------------------------------------------
                                              7.939723   slack (MET)


Startpoint: rst_n (input port clocked by clk)
Endpoint: _39_ (recovery check against rising-edge clock clk)
Path Group: asynchronous
Path Type: max

Fanout         Cap        Slew       Delay        Time   Description
---------------------------------------------------------------------------------------------
                                  0.000000    0.000000   clock clk (rise edge)
                                  0.000000    0.000000   clock network delay (propagated)
                                  2.000000    2.000000 ^ input external delay
     1    0.003131    0.015105    0.008111    2.008111 ^ rst_n (in)
                      0.015105    0.000000    2.008111 ^ input2/A (sky130_fd_sc_hd__clkbuf_4)
     8    0.043942    0.105196    0.134728    2.142839 ^ input2/X (sky130_fd_sc_hd__clkbuf_4)
                      0.105253    0.001998    2.144837 ^ _39_/RESET_B (sky130_fd_sc_hd__dfrtp_1)
                                              2.144837   data arrival time

                                 10.000000   10.000000   clock clk (rise edge)
                                  0.000000   10.000000   clock source latency
     1    0.014248    0.052760    0.035493   10.035494 ^ clk (in)
                      0.052764    0.000000   10.035494 ^ clkbuf_0_clk/A (sky130_fd_sc_hd__clkbuf_16)
     2    0.017944    0.029863    0.089268   10.124762 ^ clkbuf_0_clk/X (sky130_fd_sc_hd__clkbuf_16)
                      0.029870    0.000521   10.125283 ^ clkbuf_1_0__f_clk/A (sky130_fd_sc_hd__clkbuf_16)
     4    0.013932    0.027129    0.080012   10.205296 ^ clkbuf_1_0__f_clk/X (sky130_fd_sc_hd__clkbuf_16)
                      0.027129    0.000220   10.205516 ^ _39_/CLK (sky130_fd_sc_hd__dfrtp_1)
                                 -0.250000    9.955516   clock uncertainty
                                  0.000000    9.955516   clock reconvergence pessimism
                                  0.129183   10.084700   library recovery time
                                             10.084700   data required time
---------------------------------------------------------------------------------------------
                                             10.084700   data required time
                                             -2.144837   data arrival time
---------------------------------------------------------------------------------------------
                                              7.939862   slack (MET)


Startpoint: rst_n (input port clocked by clk)
Endpoint: _38_ (recovery check against rising-edge clock clk)
Path Group: asynchronous
Path Type: max

Fanout         Cap        Slew       Delay        Time   Description
---------------------------------------------------------------------------------------------
                                  0.000000    0.000000   clock clk (rise edge)
                                  0.000000    0.000000   clock network delay (propagated)
                                  2.000000    2.000000 ^ input external delay
     1    0.003131    0.015105    0.008111    2.008111 ^ rst_n (in)
                      0.015105    0.000000    2.008111 ^ input2/A (sky130_fd_sc_hd__clkbuf_4)
     8    0.043942    0.105196    0.134728    2.142839 ^ input2/X (sky130_fd_sc_hd__clkbuf_4)
                      0.105239    0.001744    2.144583 ^ _38_/RESET_B (sky130_fd_sc_hd__dfrtp_1)
                                              2.144583   data arrival time

                                 10.000000   10.000000   clock clk (rise edge)
                                  0.000000   10.000000   clock source latency
     1    0.014248    0.052760    0.035493   10.035494 ^ clk (in)
                      0.052764    0.000000   10.035494 ^ clkbuf_0_clk/A (sky130_fd_sc_hd__clkbuf_16)
     2    0.017944    0.029863    0.089268   10.124762 ^ clkbuf_0_clk/X (sky130_fd_sc_hd__clkbuf_16)
                      0.029870    0.000521   10.125283 ^ clkbuf_1_0__f_clk/A (sky130_fd_sc_hd__clkbuf_16)
     4    0.013932    0.027129    0.080012   10.205296 ^ clkbuf_1_0__f_clk/X (sky130_fd_sc_hd__clkbuf_16)
                      0.027129    0.000266   10.205562 ^ _38_/CLK (sky130_fd_sc_hd__dfrtp_1)
                                 -0.250000    9.955562   clock uncertainty
                                  0.000000    9.955562   clock reconvergence pessimism
                                  0.129186   10.084747   library recovery time
                                             10.084747   data required time
---------------------------------------------------------------------------------------------
                                             10.084747   data required time
                                             -2.144583   data arrival time
---------------------------------------------------------------------------------------------
                                              7.940164   slack (MET)



