
===========================================================================
report_checks -path_delay max (Setup)
============================================================================
======================= nom_ss_100C_1v60 Corner ===================================

Warning: corner.tcl line 67, unknown field nets.
Warning: corner.tcl line 67, report_checks -group_count is deprecated. Use -group_path_count instead.
Startpoint: enable (input port clocked by clk)
Endpoint: overflow (output port clocked by clk)
Path Group: clk
Path Type: max

Fanout         Cap        Slew       Delay        Time   Description
---------------------------------------------------------------------------------------------
                      0.150000    0.000000    0.000000   clock clk (rise edge)
                                  0.000000    0.000000   clock network delay (ideal)
                                  2.000000    2.000000 ^ input external delay
     4    0.016629    0.129056    0.085210    2.085210 ^ enable (in)
                      0.129056    0.000000    2.085210 ^ _19_/D (sky130_fd_sc_hd__and4_2)
     6    0.026315    0.272428    0.673698    2.758908 ^ _19_/X (sky130_fd_sc_hd__and4_2)
                      0.272428    0.000993    2.759901 ^ _23_/C (sky130_fd_sc_hd__and4_2)
     2    0.012699    0.175424    0.611466    3.371367 ^ _23_/X (sky130_fd_sc_hd__and4_2)
                      0.175424    0.000341    3.371708 ^ _24_/B (sky130_fd_sc_hd__and2_2)
     1    0.033442    0.295938    0.491190    3.862898 ^ _24_/X (sky130_fd_sc_hd__and2_2)
                      0.295938    0.000000    3.862898 ^ overflow (out)
                                              3.862898   data arrival time

                      0.150000   10.000000   10.000000   clock clk (rise edge)
                                  0.000000   10.000000   clock network delay (ideal)
                                 -0.250000    9.750000   clock uncertainty
                                  0.000000    9.750000   clock reconvergence pessimism
                                 -2.000000    7.750000   output external delay
                                              7.750000   data required time
---------------------------------------------------------------------------------------------
                                              7.750000   data required time
                                             -3.862898   data arrival time
---------------------------------------------------------------------------------------------
                                              3.887102   slack (MET)


Startpoint: enable (input port clocked by clk)
Endpoint: _42_ (rising edge-triggered flip-flop clocked by clk)
Path Group: clk
Path Type: max

Fanout         Cap        Slew       Delay        Time   Description
---------------------------------------------------------------------------------------------
                      0.150000    0.000000    0.000000   clock clk (rise edge)
                                  0.000000    0.000000   clock network delay (ideal)
                                  2.000000    2.000000 ^ input external delay
     4    0.016629    0.129056    0.085210    2.085210 ^ enable (in)
                      0.129056    0.000000    2.085210 ^ _19_/D (sky130_fd_sc_hd__and4_2)
     6    0.026315    0.272428    0.673698    2.758908 ^ _19_/X (sky130_fd_sc_hd__and4_2)
                      0.272428    0.000932    2.759840 ^ _22_/B (sky130_fd_sc_hd__and3_2)
     2    0.011308    0.141606    0.485954    3.245794 ^ _22_/X (sky130_fd_sc_hd__and3_2)
                      0.141606    0.000151    3.245945 ^ _34_/A_N (sky130_fd_sc_hd__and2b_2)
     1    0.002394    0.066517    0.460407    3.706352 v _34_/X (sky130_fd_sc_hd__and2b_2)
                      0.066517    0.000067    3.706420 v _42_/D (sky130_fd_sc_hd__dfrtp_2)
                                              3.706420   data arrival time

                      0.150000   10.000000   10.000000   clock clk (rise edge)
                                  0.000000   10.000000   clock network delay (ideal)
                                 -0.250000    9.750000   clock uncertainty
                                  0.000000    9.750000   clock reconvergence pessimism
                                              9.750000 ^ _42_/CLK (sky130_fd_sc_hd__dfrtp_2)
                                 -0.253836    9.496164   library setup time
                                              9.496164   data required time
---------------------------------------------------------------------------------------------
                                              9.496164   data required time
                                             -3.706420   data arrival time
---------------------------------------------------------------------------------------------
                                              5.789744   slack (MET)


Startpoint: enable (input port clocked by clk)
Endpoint: _40_ (rising edge-triggered flip-flop clocked by clk)
Path Group: clk
Path Type: max

Fanout         Cap        Slew       Delay        Time   Description
---------------------------------------------------------------------------------------------
                      0.150000    0.000000    0.000000   clock clk (rise edge)
                                  0.000000    0.000000   clock network delay (ideal)
                                  2.000000    2.000000 v input external delay
     4    0.015524    0.070907    0.047961    2.047961 v enable (in)
                      0.070907    0.000000    2.047961 v _19_/D (sky130_fd_sc_hd__and4_2)
     6    0.025148    0.164864    0.598754    2.646715 v _19_/X (sky130_fd_sc_hd__and4_2)
                      0.164864    0.000768    2.647483 v _30_/B (sky130_fd_sc_hd__or2_2)
     1    0.001606    0.103239    0.635529    3.283011 v _30_/X (sky130_fd_sc_hd__or2_2)
                      0.103239    0.000031    3.283043 v _31_/B (sky130_fd_sc_hd__and2_2)
     1    0.002690    0.069545    0.405065    3.688107 v _31_/X (sky130_fd_sc_hd__and2_2)
                      0.069545    0.000058    3.688165 v _40_/D (sky130_fd_sc_hd__dfrtp_2)
                                              3.688165   data arrival time

                      0.150000   10.000000   10.000000   clock clk (rise edge)
                                  0.000000   10.000000   clock network delay (ideal)
                                 -0.250000    9.750000   clock uncertainty
                                  0.000000    9.750000   clock reconvergence pessimism
                                              9.750000 ^ _40_/CLK (sky130_fd_sc_hd__dfrtp_2)
                                 -0.255099    9.494901   library setup time
                                              9.494901   data required time
---------------------------------------------------------------------------------------------
                                              9.494901   data required time
                                             -3.688165   data arrival time
---------------------------------------------------------------------------------------------
                                              5.806736   slack (MET)


Startpoint: enable (input port clocked by clk)
Endpoint: _44_ (rising edge-triggered flip-flop clocked by clk)
Path Group: clk
Path Type: max

Fanout         Cap        Slew       Delay        Time   Description
---------------------------------------------------------------------------------------------
                      0.150000    0.000000    0.000000   clock clk (rise edge)
                                  0.000000    0.000000   clock network delay (ideal)
                                  2.000000    2.000000 ^ input external delay
     4    0.016629    0.129056    0.085210    2.085210 ^ enable (in)
                      0.129056    0.000000    2.085210 ^ _19_/D (sky130_fd_sc_hd__and4_2)
     6    0.026315    0.272428    0.673698    2.758908 ^ _19_/X (sky130_fd_sc_hd__and4_2)
                      0.272428    0.000993    2.759901 ^ _23_/C (sky130_fd_sc_hd__and4_2)
     2    0.012699    0.175424    0.611466    3.371367 ^ _23_/X (sky130_fd_sc_hd__and4_2)
                      0.175424    0.000505    3.371873 ^ _36_/B (sky130_fd_sc_hd__xor2_2)
     1    0.002255    0.088346    0.142823    3.514695 v _36_/X (sky130_fd_sc_hd__xor2_2)
                      0.088346    0.000063    3.514759 v _44_/D (sky130_fd_sc_hd__dfrtp_2)
                                              3.514759   data arrival time

                      0.150000   10.000000   10.000000   clock clk (rise edge)
                                  0.000000   10.000000   clock network delay (ideal)
                                 -0.250000    9.750000   clock uncertainty
                                  0.000000    9.750000   clock reconvergence pessimism
                                              9.750000 ^ _44_/CLK (sky130_fd_sc_hd__dfrtp_2)
                                 -0.262943    9.487058   library setup time
                                              9.487058   data required time
---------------------------------------------------------------------------------------------
                                              9.487058   data required time
                                             -3.514759   data arrival time
---------------------------------------------------------------------------------------------
                                              5.972299   slack (MET)


Startpoint: enable (input port clocked by clk)
Endpoint: _43_ (rising edge-triggered flip-flop clocked by clk)
Path Group: clk
Path Type: max

Fanout         Cap        Slew       Delay        Time   Description
---------------------------------------------------------------------------------------------
                      0.150000    0.000000    0.000000   clock clk (rise edge)
                                  0.000000    0.000000   clock network delay (ideal)
                                  2.000000    2.000000 v input external delay
     4    0.015524    0.070907    0.047961    2.047961 v enable (in)
                      0.070907    0.000000    2.047961 v _19_/D (sky130_fd_sc_hd__and4_2)
     6    0.025148    0.164864    0.598754    2.646715 v _19_/X (sky130_fd_sc_hd__and4_2)
                      0.164865    0.000892    2.647607 v _22_/B (sky130_fd_sc_hd__and3_2)
     2    0.010699    0.107323    0.496811    3.144418 v _22_/X (sky130_fd_sc_hd__and3_2)
                      0.107323    0.000215    3.144633 v _35_/B (sky130_fd_sc_hd__xor2_2)
     1    0.002882    0.092860    0.264939    3.409572 v _35_/X (sky130_fd_sc_hd__xor2_2)
                      0.092860    0.000088    3.409660 v _43_/D (sky130_fd_sc_hd__dfrtp_2)
                                              3.409660   data arrival time

                      0.150000   10.000000   10.000000   clock clk (rise edge)
                                  0.000000   10.000000   clock network delay (ideal)
                                 -0.250000    9.750000   clock uncertainty
                                  0.000000    9.750000   clock reconvergence pessimism
                                              9.750000 ^ _43_/CLK (sky130_fd_sc_hd__dfrtp_2)
                                 -0.264825    9.485175   library setup time
                                              9.485175   data required time
---------------------------------------------------------------------------------------------
                                              9.485175   data required time
                                             -3.409660   data arrival time
---------------------------------------------------------------------------------------------
                                              6.075514   slack (MET)


Startpoint: enable (input port clocked by clk)
Endpoint: _41_ (rising edge-triggered flip-flop clocked by clk)
Path Group: clk
Path Type: max

Fanout         Cap        Slew       Delay        Time   Description
---------------------------------------------------------------------------------------------
                      0.150000    0.000000    0.000000   clock clk (rise edge)
                                  0.000000    0.000000   clock network delay (ideal)
                                  2.000000    2.000000 ^ input external delay
     4    0.016629    0.129056    0.085210    2.085210 ^ enable (in)
                      0.129056    0.000000    2.085210 ^ _19_/D (sky130_fd_sc_hd__and4_2)
     6    0.026315    0.272428    0.673698    2.758908 ^ _19_/X (sky130_fd_sc_hd__and4_2)
                      0.272428    0.000829    2.759737 ^ _20_/B (sky130_fd_sc_hd__nand2_2)
     2    0.010040    0.138737    0.205388    2.965126 v _20_/Y (sky130_fd_sc_hd__nand2_2)
                      0.138737    0.000246    2.965372 v _32_/B (sky130_fd_sc_hd__xnor2_2)
     1    0.002239    0.090674    0.247028    3.212399 v _32_/Y (sky130_fd_sc_hd__xnor2_2)
                      0.090674    0.000062    3.212462 v _41_/D (sky130_fd_sc_hd__dfrtp_2)
                                              3.212462   data arrival time

                      0.150000   10.000000   10.000000   clock clk (rise edge)
                                  0.000000   10.000000   clock network delay (ideal)
                                 -0.250000    9.750000   clock uncertainty
                                  0.000000    9.750000   clock reconvergence pessimism
                                              9.750000 ^ _41_/CLK (sky130_fd_sc_hd__dfrtp_2)
                                 -0.263914    9.486087   library setup time
                                              9.486087   data required time
---------------------------------------------------------------------------------------------
                                              9.486087   data required time
                                             -3.212462   data arrival time
---------------------------------------------------------------------------------------------
                                              6.273625   slack (MET)


Startpoint: enable (input port clocked by clk)
Endpoint: _39_ (rising edge-triggered flip-flop clocked by clk)
Path Group: clk
Path Type: max

Fanout         Cap        Slew       Delay        Time   Description
---------------------------------------------------------------------------------------------
                      0.150000    0.000000    0.000000   clock clk (rise edge)
                                  0.000000    0.000000   clock network delay (ideal)
                                  2.000000    2.000000 ^ input external delay
     4    0.016629    0.129056    0.085210    2.085210 ^ enable (in)
                      0.129056    0.000000    2.085210 ^ _19_/D (sky130_fd_sc_hd__and4_2)
     6    0.026315    0.272428    0.673698    2.758908 ^ _19_/X (sky130_fd_sc_hd__and4_2)
                      0.272428    0.000502    2.759410 ^ _29_/A (sky130_fd_sc_hd__nor2_2)
     1    0.002334    0.061519    0.134078    2.893487 v _29_/Y (sky130_fd_sc_hd__nor2_2)
                      0.061519    0.000048    2.893535 v _39_/D (sky130_fd_sc_hd__dfrtp_2)
                                              2.893535   data arrival time

                      0.150000   10.000000   10.000000   clock clk (rise edge)
                                  0.000000   10.000000   clock network delay (ideal)
                                 -0.250000    9.750000   clock uncertainty
                                  0.000000    9.750000   clock reconvergence pessimism
                                              9.750000 ^ _39_/CLK (sky130_fd_sc_hd__dfrtp_2)
                                 -0.251751    9.498250   library setup time
                                              9.498250   data required time
---------------------------------------------------------------------------------------------
                                              9.498250   data required time
                                             -2.893535   data arrival time
---------------------------------------------------------------------------------------------
                                              6.604714   slack (MET)


Startpoint: _37_ (rising edge-triggered flip-flop clocked by clk)
Endpoint: count[0] (output port clocked by clk)
Path Group: clk
Path Type: max

Fanout         Cap        Slew       Delay        Time   Description
---------------------------------------------------------------------------------------------
                      0.150000    0.000000    0.000000   clock clk (rise edge)
                                  0.000000    0.000000   clock network delay (ideal)
                      0.150000    0.000000    0.000000 ^ _37_/CLK (sky130_fd_sc_hd__dfrtp_2)
     5    0.049289    0.270008    1.055859    1.055859 v _37_/Q (sky130_fd_sc_hd__dfrtp_2)
                      0.270008    0.000000    1.055859 v count[0] (out)
                                              1.055859   data arrival time

                      0.150000   10.000000   10.000000   clock clk (rise edge)
                                  0.000000   10.000000   clock network delay (ideal)
                                 -0.250000    9.750000   clock uncertainty
                                  0.000000    9.750000   clock reconvergence pessimism
                                 -2.000000    7.750000   output external delay
                                              7.750000   data required time
---------------------------------------------------------------------------------------------
                                              7.750000   data required time
                                             -1.055859   data arrival time
---------------------------------------------------------------------------------------------
                                              6.694141   slack (MET)


Startpoint: _41_ (rising edge-triggered flip-flop clocked by clk)
Endpoint: count[4] (output port clocked by clk)
Path Group: clk
Path Type: max

Fanout         Cap        Slew       Delay        Time   Description
---------------------------------------------------------------------------------------------
                      0.150000    0.000000    0.000000   clock clk (rise edge)
                                  0.000000    0.000000   clock network delay (ideal)
                      0.150000    0.000000    0.000000 ^ _41_/CLK (sky130_fd_sc_hd__dfrtp_2)
     4    0.045517    0.255440    1.040979    1.040979 v _41_/Q (sky130_fd_sc_hd__dfrtp_2)
                      0.255440    0.000000    1.040979 v count[4] (out)
                                              1.040979   data arrival time

                      0.150000   10.000000   10.000000   clock clk (rise edge)
                                  0.000000   10.000000   clock network delay (ideal)
                                 -0.250000    9.750000   clock uncertainty
                                  0.000000    9.750000   clock reconvergence pessimism
                                 -2.000000    7.750000   output external delay
                                              7.750000   data required time
---------------------------------------------------------------------------------------------
                                              7.750000   data required time
                                             -1.040979   data arrival time
---------------------------------------------------------------------------------------------
                                              6.709021   slack (MET)


Startpoint: _40_ (rising edge-triggered flip-flop clocked by clk)
Endpoint: count[3] (output port clocked by clk)
Path Group: clk
Path Type: max

Fanout         Cap        Slew       Delay        Time   Description
---------------------------------------------------------------------------------------------
                      0.150000    0.000000    0.000000   clock clk (rise edge)
                                  0.000000    0.000000   clock network delay (ideal)
                      0.150000    0.000000    0.000000 ^ _40_/CLK (sky130_fd_sc_hd__dfrtp_2)
     6    0.044266    0.250609    1.036044    1.036044 v _40_/Q (sky130_fd_sc_hd__dfrtp_2)
                      0.250609    0.000000    1.036044 v count[3] (out)
                                              1.036044   data arrival time

                      0.150000   10.000000   10.000000   clock clk (rise edge)
                                  0.000000   10.000000   clock network delay (ideal)
                                 -0.250000    9.750000   clock uncertainty
                                  0.000000    9.750000   clock reconvergence pessimism
                                 -2.000000    7.750000   output external delay
                                              7.750000   data required time
---------------------------------------------------------------------------------------------
                                              7.750000   data required time
                                             -1.036044   data arrival time
---------------------------------------------------------------------------------------------
                                              6.713956   slack (MET)


Startpoint: _43_ (rising edge-triggered flip-flop clocked by clk)
Endpoint: count[6] (output port clocked by clk)
Path Group: clk
Path Type: max

Fanout         Cap        Slew       Delay        Time   Description
---------------------------------------------------------------------------------------------
                      0.150000    0.000000    0.000000   clock clk (rise edge)
                                  0.000000    0.000000   clock network delay (ideal)
                      0.150000    0.000000    0.000000 ^ _43_/CLK (sky130_fd_sc_hd__dfrtp_2)
     3    0.043607    0.248064    1.033445    1.033445 v _43_/Q (sky130_fd_sc_hd__dfrtp_2)
                      0.248064    0.000000    1.033445 v count[6] (out)
                                              1.033445   data arrival time

                      0.150000   10.000000   10.000000   clock clk (rise edge)
                                  0.000000   10.000000   clock network delay (ideal)
                                 -0.250000    9.750000   clock uncertainty
                                  0.000000    9.750000   clock reconvergence pessimism
                                 -2.000000    7.750000   output external delay
                                              7.750000   data required time
---------------------------------------------------------------------------------------------
                                              7.750000   data required time
                                             -1.033445   data arrival time
---------------------------------------------------------------------------------------------
                                              6.716556   slack (MET)


Startpoint: _44_ (rising edge-triggered flip-flop clocked by clk)
Endpoint: count[7] (output port clocked by clk)
Path Group: clk
Path Type: max

Fanout         Cap        Slew       Delay        Time   Description
---------------------------------------------------------------------------------------------
                      0.150000    0.000000    0.000000   clock clk (rise edge)
                                  0.000000    0.000000   clock network delay (ideal)
                      0.150000    0.000000    0.000000 ^ _44_/CLK (sky130_fd_sc_hd__dfrtp_2)
     3    0.043533    0.247778    1.033153    1.033153 v _44_/Q (sky130_fd_sc_hd__dfrtp_2)
                      0.247778    0.000000    1.033153 v count[7] (out)
                                              1.033153   data arrival time

                      0.150000   10.000000   10.000000   clock clk (rise edge)
                                  0.000000   10.000000   clock network delay (ideal)
                                 -0.250000    9.750000   clock uncertainty
                                  0.000000    9.750000   clock reconvergence pessimism
                                 -2.000000    7.750000   output external delay
                                              7.750000   data required time
---------------------------------------------------------------------------------------------
                                              7.750000   data required time
                                             -1.033153   data arrival time
---------------------------------------------------------------------------------------------
                                              6.716847   slack (MET)


Startpoint: _38_ (rising edge-triggered flip-flop clocked by clk)
Endpoint: count[1] (output port clocked by clk)
Path Group: clk
Path Type: max

Fanout         Cap        Slew       Delay        Time   Description
---------------------------------------------------------------------------------------------
                      0.150000    0.000000    0.000000   clock clk (rise edge)
                                  0.000000    0.000000   clock network delay (ideal)
                      0.150000    0.000000    0.000000 ^ _38_/CLK (sky130_fd_sc_hd__dfrtp_2)
     4    0.040497    0.236053    1.021176    1.021176 v _38_/Q (sky130_fd_sc_hd__dfrtp_2)
                      0.236053    0.000000    1.021176 v count[1] (out)
                                              1.021176   data arrival time

                      0.150000   10.000000   10.000000   clock clk (rise edge)
                                  0.000000   10.000000   clock network delay (ideal)
                                 -0.250000    9.750000   clock uncertainty
                                  0.000000    9.750000   clock reconvergence pessimism
                                 -2.000000    7.750000   output external delay
                                              7.750000   data required time
---------------------------------------------------------------------------------------------
                                              7.750000   data required time
                                             -1.021176   data arrival time
---------------------------------------------------------------------------------------------
                                              6.728824   slack (MET)


Startpoint: _39_ (rising edge-triggered flip-flop clocked by clk)
Endpoint: count[2] (output port clocked by clk)
Path Group: clk
Path Type: max

Fanout         Cap        Slew       Delay        Time   Description
---------------------------------------------------------------------------------------------
                      0.150000    0.000000    0.000000   clock clk (rise edge)
                                  0.000000    0.000000   clock network delay (ideal)
                      0.150000    0.000000    0.000000 ^ _39_/CLK (sky130_fd_sc_hd__dfrtp_2)
     3    0.039125    0.230754    1.015764    1.015764 v _39_/Q (sky130_fd_sc_hd__dfrtp_2)
                      0.230754    0.000000    1.015764 v count[2] (out)
                                              1.015764   data arrival time

                      0.150000   10.000000   10.000000   clock clk (rise edge)
                                  0.000000   10.000000   clock network delay (ideal)
                                 -0.250000    9.750000   clock uncertainty
                                  0.000000    9.750000   clock reconvergence pessimism
                                 -2.000000    7.750000   output external delay
                                              7.750000   data required time
---------------------------------------------------------------------------------------------
                                              7.750000   data required time
                                             -1.015764   data arrival time
---------------------------------------------------------------------------------------------
                                              6.734236   slack (MET)


Startpoint: _42_ (rising edge-triggered flip-flop clocked by clk)
Endpoint: count[5] (output port clocked by clk)
Path Group: clk
Path Type: max

Fanout         Cap        Slew       Delay        Time   Description
---------------------------------------------------------------------------------------------
                      0.150000    0.000000    0.000000   clock clk (rise edge)
                                  0.000000    0.000000   clock network delay (ideal)
                      0.150000    0.000000    0.000000 ^ _42_/CLK (sky130_fd_sc_hd__dfrtp_2)
     3    0.037028    0.222656    1.007492    1.007492 v _42_/Q (sky130_fd_sc_hd__dfrtp_2)
                      0.222656    0.000000    1.007492 v count[5] (out)
                                              1.007492   data arrival time

                      0.150000   10.000000   10.000000   clock clk (rise edge)
                                  0.000000   10.000000   clock network delay (ideal)
                                 -0.250000    9.750000   clock uncertainty
                                  0.000000    9.750000   clock reconvergence pessimism
                                 -2.000000    7.750000   output external delay
                                              7.750000   data required time
---------------------------------------------------------------------------------------------
                                              7.750000   data required time
                                             -1.007492   data arrival time
---------------------------------------------------------------------------------------------
                                              6.742508   slack (MET)


Startpoint: enable (input port clocked by clk)
Endpoint: _38_ (rising edge-triggered flip-flop clocked by clk)
Path Group: clk
Path Type: max

Fanout         Cap        Slew       Delay        Time   Description
---------------------------------------------------------------------------------------------
                      0.150000    0.000000    0.000000   clock clk (rise edge)
                                  0.000000    0.000000   clock network delay (ideal)
                                  2.000000    2.000000 ^ input external delay
     4    0.016629    0.129056    0.085210    2.085210 ^ enable (in)
                      0.129056    0.000000    2.085210 ^ _18_/C (sky130_fd_sc_hd__and3_2)
     2    0.010628    0.136886    0.441450    2.526661 ^ _18_/X (sky130_fd_sc_hd__and3_2)
                      0.136886    0.000287    2.526948 ^ _27_/A (sky130_fd_sc_hd__nor2_2)
     1    0.002566    0.041952    0.091274    2.618222 v _27_/Y (sky130_fd_sc_hd__nor2_2)
                      0.041952    0.000074    2.618297 v _38_/D (sky130_fd_sc_hd__dfrtp_2)
                                              2.618297   data arrival time

                      0.150000   10.000000   10.000000   clock clk (rise edge)
                                  0.000000   10.000000   clock network delay (ideal)
                                 -0.250000    9.750000   clock uncertainty
                                  0.000000    9.750000   clock reconvergence pessimism
                                              9.750000 ^ _38_/CLK (sky130_fd_sc_hd__dfrtp_2)
                                 -0.243588    9.506412   library setup time
                                              9.506412   data required time
---------------------------------------------------------------------------------------------
                                              9.506412   data required time
                                             -2.618297   data arrival time
---------------------------------------------------------------------------------------------
                                              6.888115   slack (MET)


Startpoint: enable (input port clocked by clk)
Endpoint: _37_ (rising edge-triggered flip-flop clocked by clk)
Path Group: clk
Path Type: max

Fanout         Cap        Slew       Delay        Time   Description
---------------------------------------------------------------------------------------------
                      0.150000    0.000000    0.000000   clock clk (rise edge)
                                  0.000000    0.000000   clock network delay (ideal)
                                  2.000000    2.000000 v input external delay
     4    0.015524    0.070907    0.047961    2.047961 v enable (in)
                      0.070907    0.000000    2.047961 v _25_/B (sky130_fd_sc_hd__xor2_2)
     1    0.003048    0.098036    0.251934    2.299896 v _25_/X (sky130_fd_sc_hd__xor2_2)
                      0.098036    0.000091    2.299986 v _37_/D (sky130_fd_sc_hd__dfrtp_2)
                                              2.299986   data arrival time

                      0.150000   10.000000   10.000000   clock clk (rise edge)
                                  0.000000   10.000000   clock network delay (ideal)
                                 -0.250000    9.750000   clock uncertainty
                                  0.000000    9.750000   clock reconvergence pessimism
                                              9.750000 ^ _37_/CLK (sky130_fd_sc_hd__dfrtp_2)
                                 -0.266985    9.483015   library setup time
                                              9.483015   data required time
---------------------------------------------------------------------------------------------
                                              9.483015   data required time
                                             -2.299986   data arrival time
---------------------------------------------------------------------------------------------
                                              7.183030   slack (MET)


Startpoint: rst_n (input port clocked by clk)
Endpoint: _37_ (recovery check against rising-edge clock clk)
Path Group: asynchronous
Path Type: max

Fanout         Cap        Slew       Delay        Time   Description
---------------------------------------------------------------------------------------------
                      0.150000    0.000000    0.000000   clock clk (rise edge)
                                  0.000000    0.000000   clock network delay (ideal)
                                  2.000000    2.000000 ^ input external delay
     8    0.026104    0.195172    0.132060    2.132060 ^ rst_n (in)
                      0.195172    0.000000    2.132060 ^ _37_/RESET_B (sky130_fd_sc_hd__dfrtp_2)
                                              2.132060   data arrival time

                      0.150000   10.000000   10.000000   clock clk (rise edge)
                                  0.000000   10.000000   clock network delay (ideal)
                                 -0.250000    9.750000   clock uncertainty
                                  0.000000    9.750000   clock reconvergence pessimism
                                              9.750000 ^ _37_/CLK (sky130_fd_sc_hd__dfrtp_2)
                                  0.418085   10.168085   library recovery time
                                             10.168085   data required time
---------------------------------------------------------------------------------------------
                                             10.168085   data required time
                                             -2.132060   data arrival time
---------------------------------------------------------------------------------------------
                                              8.036025   slack (MET)


Startpoint: rst_n (input port clocked by clk)
Endpoint: _38_ (recovery check against rising-edge clock clk)
Path Group: asynchronous
Path Type: max

Fanout         Cap        Slew       Delay        Time   Description
---------------------------------------------------------------------------------------------
                      0.150000    0.000000    0.000000   clock clk (rise edge)
                                  0.000000    0.000000   clock network delay (ideal)
                                  2.000000    2.000000 ^ input external delay
     8    0.026104    0.195172    0.132060    2.132060 ^ rst_n (in)
                      0.195172    0.000000    2.132060 ^ _38_/RESET_B (sky130_fd_sc_hd__dfrtp_2)
                                              2.132060   data arrival time

                      0.150000   10.000000   10.000000   clock clk (rise edge)
                                  0.000000   10.000000   clock network delay (ideal)
                                 -0.250000    9.750000   clock uncertainty
                                  0.000000    9.750000   clock reconvergence pessimism
                                              9.750000 ^ _38_/CLK (sky130_fd_sc_hd__dfrtp_2)
                                  0.418085   10.168085   library recovery time
                                             10.168085   data required time
---------------------------------------------------------------------------------------------
                                             10.168085   data required time
                                             -2.132060   data arrival time
---------------------------------------------------------------------------------------------
                                              8.036025   slack (MET)


Startpoint: rst_n (input port clocked by clk)
Endpoint: _39_ (recovery check against rising-edge clock clk)
Path Group: asynchronous
Path Type: max

Fanout         Cap        Slew       Delay        Time   Description
---------------------------------------------------------------------------------------------
                      0.150000    0.000000    0.000000   clock clk (rise edge)
                                  0.000000    0.000000   clock network delay (ideal)
                                  2.000000    2.000000 ^ input external delay
     8    0.026104    0.195172    0.132060    2.132060 ^ rst_n (in)
                      0.195172    0.000000    2.132060 ^ _39_/RESET_B (sky130_fd_sc_hd__dfrtp_2)
                                              2.132060   data arrival time

                      0.150000   10.000000   10.000000   clock clk (rise edge)
                                  0.000000   10.000000   clock network delay (ideal)
                                 -0.250000    9.750000   clock uncertainty
                                  0.000000    9.750000   clock reconvergence pessimism
                                              9.750000 ^ _39_/CLK (sky130_fd_sc_hd__dfrtp_2)
                                  0.418085   10.168085   library recovery time
                                             10.168085   data required time
---------------------------------------------------------------------------------------------
                                             10.168085   data required time
                                             -2.132060   data arrival time
---------------------------------------------------------------------------------------------
                                              8.036025   slack (MET)


Startpoint: rst_n (input port clocked by clk)
Endpoint: _40_ (recovery check against rising-edge clock clk)
Path Group: asynchronous
Path Type: max

Fanout         Cap        Slew       Delay        Time   Description
---------------------------------------------------------------------------------------------
                      0.150000    0.000000    0.000000   clock clk (rise edge)
                                  0.000000    0.000000   clock network delay (ideal)
                                  2.000000    2.000000 ^ input external delay
     8    0.026104    0.195172    0.132060    2.132060 ^ rst_n (in)
                      0.195172    0.000000    2.132060 ^ _40_/RESET_B (sky130_fd_sc_hd__dfrtp_2)
                                              2.132060   data arrival time

                      0.150000   10.000000   10.000000   clock clk (rise edge)
                                  0.000000   10.000000   clock network delay (ideal)
                                 -0.250000    9.750000   clock uncertainty
                                  0.000000    9.750000   clock reconvergence pessimism
                                              9.750000 ^ _40_/CLK (sky130_fd_sc_hd__dfrtp_2)
                                  0.418085   10.168085   library recovery time
                                             10.168085   data required time
---------------------------------------------------------------------------------------------
                                             10.168085   data required time
                                             -2.132060   data arrival time
---------------------------------------------------------------------------------------------
                                              8.036025   slack (MET)


Startpoint: rst_n (input port clocked by clk)
Endpoint: _41_ (recovery check against rising-edge clock clk)
Path Group: asynchronous
Path Type: max

Fanout         Cap        Slew       Delay        Time   Description
---------------------------------------------------------------------------------------------
                      0.150000    0.000000    0.000000   clock clk (rise edge)
                                  0.000000    0.000000   clock network delay (ideal)
                                  2.000000    2.000000 ^ input external delay
     8    0.026104    0.195172    0.132060    2.132060 ^ rst_n (in)
                      0.195172    0.000000    2.132060 ^ _41_/RESET_B (sky130_fd_sc_hd__dfrtp_2)
                                              2.132060   data arrival time

                      0.150000   10.000000   10.000000   clock clk (rise edge)
                                  0.000000   10.000000   clock network delay (ideal)
                                 -0.250000    9.750000   clock uncertainty
                                  0.000000    9.750000   clock reconvergence pessimism
                                              9.750000 ^ _41_/CLK (sky130_fd_sc_hd__dfrtp_2)
                                  0.418085   10.168085   library recovery time
                                             10.168085   data required time
---------------------------------------------------------------------------------------------
                                             10.168085   data required time
                                             -2.132060   data arrival time
---------------------------------------------------------------------------------------------
                                              8.036025   slack (MET)


Startpoint: rst_n (input port clocked by clk)
Endpoint: _42_ (recovery check against rising-edge clock clk)
Path Group: asynchronous
Path Type: max

Fanout         Cap        Slew       Delay        Time   Description
---------------------------------------------------------------------------------------------
                      0.150000    0.000000    0.000000   clock clk (rise edge)
                                  0.000000    0.000000   clock network delay (ideal)
                                  2.000000    2.000000 ^ input external delay
     8    0.026104    0.195172    0.132060    2.132060 ^ rst_n (in)
                      0.195172    0.000000    2.132060 ^ _42_/RESET_B (sky130_fd_sc_hd__dfrtp_2)
                                              2.132060   data arrival time

                      0.150000   10.000000   10.000000   clock clk (rise edge)
                                  0.000000   10.000000   clock network delay (ideal)
                                 -0.250000    9.750000   clock uncertainty
                                  0.000000    9.750000   clock reconvergence pessimism
                                              9.750000 ^ _42_/CLK (sky130_fd_sc_hd__dfrtp_2)
                                  0.418085   10.168085   library recovery time
                                             10.168085   data required time
---------------------------------------------------------------------------------------------
                                             10.168085   data required time
                                             -2.132060   data arrival time
---------------------------------------------------------------------------------------------
                                              8.036025   slack (MET)


Startpoint: rst_n (input port clocked by clk)
Endpoint: _43_ (recovery check against rising-edge clock clk)
Path Group: asynchronous
Path Type: max

Fanout         Cap        Slew       Delay        Time   Description
---------------------------------------------------------------------------------------------
                      0.150000    0.000000    0.000000   clock clk (rise edge)
                                  0.000000    0.000000   clock network delay (ideal)
                                  2.000000    2.000000 ^ input external delay
     8    0.026104    0.195172    0.132060    2.132060 ^ rst_n (in)
                      0.195172    0.000000    2.132060 ^ _43_/RESET_B (sky130_fd_sc_hd__dfrtp_2)
                                              2.132060   data arrival time

                      0.150000   10.000000   10.000000   clock clk (rise edge)
                                  0.000000   10.000000   clock network delay (ideal)
                                 -0.250000    9.750000   clock uncertainty
                                  0.000000    9.750000   clock reconvergence pessimism
                                              9.750000 ^ _43_/CLK (sky130_fd_sc_hd__dfrtp_2)
                                  0.418085   10.168085   library recovery time
                                             10.168085   data required time
---------------------------------------------------------------------------------------------
                                             10.168085   data required time
                                             -2.132060   data arrival time
---------------------------------------------------------------------------------------------
                                              8.036025   slack (MET)


Startpoint: rst_n (input port clocked by clk)
Endpoint: _44_ (recovery check against rising-edge clock clk)
Path Group: asynchronous
Path Type: max

Fanout         Cap        Slew       Delay        Time   Description
---------------------------------------------------------------------------------------------
                      0.150000    0.000000    0.000000   clock clk (rise edge)
                                  0.000000    0.000000   clock network delay (ideal)
                                  2.000000    2.000000 ^ input external delay
     8    0.026104    0.195172    0.132060    2.132060 ^ rst_n (in)
                      0.195172    0.000000    2.132060 ^ _44_/RESET_B (sky130_fd_sc_hd__dfrtp_2)
                                              2.132060   data arrival time

                      0.150000   10.000000   10.000000   clock clk (rise edge)
                                  0.000000   10.000000   clock network delay (ideal)
                                 -0.250000    9.750000   clock uncertainty
                                  0.000000    9.750000   clock reconvergence pessimism
                                              9.750000 ^ _44_/CLK (sky130_fd_sc_hd__dfrtp_2)
                                  0.418085   10.168085   library recovery time
                                             10.168085   data required time
---------------------------------------------------------------------------------------------
                                             10.168085   data required time
                                             -2.132060   data arrival time
---------------------------------------------------------------------------------------------
                                              8.036025   slack (MET)



