
===========================================================================
report_checks -unconstrained
===========================================================================
======================= min_ff_n40C_1v95 Corner ===================================

Warning: corner.tcl line 77, unknown field nets.
Startpoint: rst_n (input port clocked by clk)
Endpoint: _42_ (recovery check against rising-edge clock clk)
Path Group: asynchronous
Path Type: max

Fanout         Cap        Slew       Delay        Time   Description
---------------------------------------------------------------------------------------------
                                  0.000000    0.000000   clock clk (rise edge)
                                  0.000000    0.000000   clock network delay (propagated)
                                  2.000000    2.000000 ^ input external delay
     1    0.003072    0.014886    0.007937    2.007937 ^ rst_n (in)
                      0.014886    0.000000    2.007937 ^ input2/A (sky130_fd_sc_hd__clkbuf_4)
     8    0.042656    0.101999    0.133288    2.141225 ^ input2/X (sky130_fd_sc_hd__clkbuf_4)
                      0.102076    0.001664    2.142889 ^ _42_/RESET_B (sky130_fd_sc_hd__dfrtp_1)
                                              2.142889   data arrival time

                                 10.000000   10.000000   clock clk (rise edge)
                                  0.000000   10.000000   clock source latency
     1    0.013795    0.051348    0.034309   10.034309 ^ clk (in)
                      0.051350    0.000000   10.034309 ^ clkbuf_0_clk/A (sky130_fd_sc_hd__clkbuf_16)
     2    0.017807    0.029777    0.088875   10.123184 ^ clkbuf_0_clk/X (sky130_fd_sc_hd__clkbuf_16)
                      0.029777    0.000179   10.123363 ^ clkbuf_1_1__f_clk/A (sky130_fd_sc_hd__clkbuf_16)
     4    0.012430    0.026133    0.078973   10.202337 ^ clkbuf_1_1__f_clk/X (sky130_fd_sc_hd__clkbuf_16)
                      0.026133    0.000146   10.202483 ^ _42_/CLK (sky130_fd_sc_hd__dfrtp_1)
                                 -0.250000    9.952482   clock uncertainty
                                  0.000000    9.952482   clock reconvergence pessimism
                                  0.129627   10.082109   library recovery time
                                             10.082109   data required time
---------------------------------------------------------------------------------------------
                                             10.082109   data required time
                                             -2.142889   data arrival time
---------------------------------------------------------------------------------------------
                                              7.939220   slack (MET)


Startpoint: enable (input port clocked by clk)
Endpoint: overflow (output port clocked by clk)
Path Group: clk
Path Type: max

Fanout         Cap        Slew       Delay        Time   Description
---------------------------------------------------------------------------------------------
                                  0.000000    0.000000   clock clk (rise edge)
                                  0.000000    0.000000   clock network delay (propagated)
                                  2.000000    2.000000 ^ input external delay
     1    0.003049    0.014803    0.007877    2.007877 ^ enable (in)
                      0.014803    0.000000    2.007877 ^ input1/A (sky130_fd_sc_hd__buf_1)
     4    0.014111    0.127539    0.114027    2.121903 ^ input1/X (sky130_fd_sc_hd__buf_1)
                      0.127540    0.000333    2.122236 ^ _19_/D (sky130_fd_sc_hd__and4_1)
     6    0.021540    0.159108    0.214579    2.336815 ^ _19_/X (sky130_fd_sc_hd__and4_1)
                      0.159108    0.000532    2.337347 ^ _23_/C (sky130_fd_sc_hd__and4_1)
     2    0.008579    0.073998    0.153729    2.491076 ^ _23_/X (sky130_fd_sc_hd__and4_1)
                      0.073998    0.000121    2.491196 ^ _24_/B (sky130_fd_sc_hd__and2_1)
     1    0.005070    0.047550    0.092252    2.583448 ^ _24_/X (sky130_fd_sc_hd__and2_1)
                      0.047550    0.000102    2.583550 ^ output11/A (sky130_fd_sc_hd__buf_2)
     1    0.034004    0.127145    0.141912    2.725462 ^ output11/X (sky130_fd_sc_hd__buf_2)
                      0.127145    0.000185    2.725647 ^ overflow (out)
                                              2.725647   data arrival time

                                 10.000000   10.000000   clock clk (rise edge)
                                  0.000000   10.000000   clock network delay (propagated)
                                 -0.250000    9.750000   clock uncertainty
                                  0.000000    9.750000   clock reconvergence pessimism
                                 -2.000000    7.750000   output external delay
                                              7.750000   data required time
---------------------------------------------------------------------------------------------
                                              7.750000   data required time
                                             -2.725647   data arrival time
---------------------------------------------------------------------------------------------
                                              5.024353   slack (MET)




===========================================================================
report_checks --slack_max -0.01
============================================================================
======================= min_ff_n40C_1v95 Corner ===================================

Warning: corner.tcl line 85, unknown field nets.
No paths found.


===========================================================================
 report_check_types -max_slew -max_cap -max_fanout -violators
============================================================================
======================= min_ff_n40C_1v95 Corner ===================================



===========================================================================
report_parasitic_annotation -report_unannotated
============================================================================
Found 0 unannotated drivers.
Found 0 partially unannotated drivers.

===========================================================================
max slew violation count 0
max fanout violation count 0
max cap violation count 0
============================================================================

===========================================================================
check_setup -verbose -unconstrained_endpoints -multiple_clock -no_clock -no_input_delay -loops -generated_clocks
===========================================================================
