Clock: clk
Sources: clk 
Generated: no
Virtual: yes
Propagated: no
Period: 10.000000

===========================================================================
report_clock_properties
============================================================================
Clock                   Period          Waveform
----------------------------------------------------
clk                  10.000000    0.000000  5.000000

===========================================================================
report_clock_latency
============================================================================
Clock clk
rise -> rise
    min     max
0.000000 0.000000 source latency
0.202457         network latency _43_/CLK
        0.203102 network latency _38_/CLK
---------------
0.202457 0.203102 latency
        0.000645 skew

fall -> fall
    min     max
0.000000 0.000000 source latency
0.197123         network latency _43_/CLK
        0.197677 network latency _38_/CLK
---------------
0.197123 0.197677 latency
        0.000553 skew



===========================================================================
report_clock_min_period
============================================================================
clk period_min = 1.07 fmax = 937.49
