
===========================================================================
report_checks -path_delay max (Setup)
============================================================================
======================= nom_tt_025C_1v80 Corner ===================================

Warning: corner.tcl line 67, unknown field nets.
Warning: corner.tcl line 67, report_checks -group_count is deprecated. Use -group_path_count instead.
Startpoint: enable (input port clocked by clk)
Endpoint: overflow (output port clocked by clk)
Path Group: clk
Path Type: max

Fanout         Cap        Slew       Delay        Time   Description
---------------------------------------------------------------------------------------------
                                  0.000000    0.000000   clock clk (rise edge)
                                  0.000000    0.000000   clock network delay (propagated)
                                  2.000000    2.000000 ^ input external delay
     1    0.003040    0.020766    0.011161    2.011161 ^ enable (in)
                      0.020766    0.000000    2.011161 ^ input1/A (sky130_fd_sc_hd__buf_1)
     4    0.014318    0.173718    0.163015    2.174176 ^ input1/X (sky130_fd_sc_hd__buf_1)
                      0.173720    0.000550    2.174727 ^ _19_/D (sky130_fd_sc_hd__and4_1)
     6    0.022309    0.222602    0.347462    2.522189 ^ _19_/X (sky130_fd_sc_hd__and4_1)
                      0.222602    0.000901    2.523090 ^ _23_/C (sky130_fd_sc_hd__and4_1)
     2    0.008766    0.104909    0.264742    2.787832 ^ _23_/X (sky130_fd_sc_hd__and4_1)
                      0.104909    0.000236    2.788068 ^ _24_/B (sky130_fd_sc_hd__and2_1)
     1    0.005264    0.067220    0.149095    2.937163 ^ _24_/X (sky130_fd_sc_hd__and2_1)
                      0.067220    0.000177    2.937341 ^ output11/A (sky130_fd_sc_hd__buf_2)
     1    0.034044    0.169229    0.205543    3.142884 ^ output11/X (sky130_fd_sc_hd__buf_2)
                      0.169230    0.000638    3.143521 ^ overflow (out)
                                              3.143521   data arrival time

                                 10.000000   10.000000   clock clk (rise edge)
                                  0.000000   10.000000   clock network delay (propagated)
                                 -0.250000    9.750000   clock uncertainty
                                  0.000000    9.750000   clock reconvergence pessimism
                                 -2.000000    7.750000   output external delay
                                              7.750000   data required time
---------------------------------------------------------------------------------------------
                                              7.750000   data required time
                                             -3.143521   data arrival time
---------------------------------------------------------------------------------------------
                                              4.606479   slack (MET)


Startpoint: _40_ (rising edge-triggered flip-flop clocked by clk)
Endpoint: count[3] (output port clocked by clk)
Path Group: clk
Path Type: max

Fanout         Cap        Slew       Delay        Time   Description
---------------------------------------------------------------------------------------------
                                  0.000000    0.000000   clock clk (rise edge)
                                  0.000000    0.000000   clock source latency
     1    0.014179    0.069767    0.047502    0.047502 ^ clk (in)
                      0.069770    0.000000    0.047502 ^ clkbuf_0_clk/A (sky130_fd_sc_hd__clkbuf_16)
     2    0.017806    0.039990    0.132292    0.179794 ^ clkbuf_0_clk/X (sky130_fd_sc_hd__clkbuf_16)
                      0.040000    0.000518    0.180312 ^ clkbuf_1_0__f_clk/A (sky130_fd_sc_hd__clkbuf_16)
     4    0.013612    0.036413    0.117483    0.297795 ^ clkbuf_1_0__f_clk/X (sky130_fd_sc_hd__clkbuf_16)
                      0.036413    0.000231    0.298026 ^ _40_/CLK (sky130_fd_sc_hd__dfrtp_1)
     6    0.020918    0.190112    0.425823    0.723849 ^ _40_/Q (sky130_fd_sc_hd__dfrtp_1)
                      0.190112    0.000327    0.724176 ^ output6/A (sky130_fd_sc_hd__buf_2)
     1    0.034052    0.169682    0.244212    0.968388 ^ output6/X (sky130_fd_sc_hd__buf_2)
                      0.169683    0.000656    0.969044 ^ count[3] (out)
                                              0.969044   data arrival time

                                 10.000000   10.000000   clock clk (rise edge)
                                  0.000000   10.000000   clock network delay (propagated)
                                 -0.250000    9.750000   clock uncertainty
                                  0.000000    9.750000   clock reconvergence pessimism
                                 -2.000000    7.750000   output external delay
                                              7.750000   data required time
---------------------------------------------------------------------------------------------
                                              7.750000   data required time
                                             -0.969044   data arrival time
---------------------------------------------------------------------------------------------
                                              6.780956   slack (MET)


Startpoint: _41_ (rising edge-triggered flip-flop clocked by clk)
Endpoint: count[4] (output port clocked by clk)
Path Group: clk
Path Type: max

Fanout         Cap        Slew       Delay        Time   Description
---------------------------------------------------------------------------------------------
                                  0.000000    0.000000   clock clk (rise edge)
                                  0.000000    0.000000   clock source latency
     1    0.014179    0.069767    0.047502    0.047502 ^ clk (in)
                      0.069770    0.000000    0.047502 ^ clkbuf_0_clk/A (sky130_fd_sc_hd__clkbuf_16)
     2    0.017806    0.039990    0.132292    0.179794 ^ clkbuf_0_clk/X (sky130_fd_sc_hd__clkbuf_16)
                      0.040000    0.000518    0.180312 ^ clkbuf_1_0__f_clk/A (sky130_fd_sc_hd__clkbuf_16)
     4    0.013612    0.036413    0.117483    0.297795 ^ clkbuf_1_0__f_clk/X (sky130_fd_sc_hd__clkbuf_16)
                      0.036413    0.000170    0.297965 ^ _41_/CLK (sky130_fd_sc_hd__dfrtp_1)
     4    0.013809    0.131490    0.382856    0.680821 ^ _41_/Q (sky130_fd_sc_hd__dfrtp_1)
                      0.131490    0.000546    0.681368 ^ output7/A (sky130_fd_sc_hd__buf_2)
     1    0.034574    0.172067    0.229986    0.911353 ^ output7/X (sky130_fd_sc_hd__buf_2)
                      0.172068    0.000811    0.912165 ^ count[4] (out)
                                              0.912165   data arrival time

                                 10.000000   10.000000   clock clk (rise edge)
                                  0.000000   10.000000   clock network delay (propagated)
                                 -0.250000    9.750000   clock uncertainty
                                  0.000000    9.750000   clock reconvergence pessimism
                                 -2.000000    7.750000   output external delay
                                              7.750000   data required time
---------------------------------------------------------------------------------------------
                                              7.750000   data required time
                                             -0.912165   data arrival time
---------------------------------------------------------------------------------------------
                                              6.837835   slack (MET)


Startpoint: _37_ (rising edge-triggered flip-flop clocked by clk)
Endpoint: count[0] (output port clocked by clk)
Path Group: clk
Path Type: max

Fanout         Cap        Slew       Delay        Time   Description
---------------------------------------------------------------------------------------------
                                  0.000000    0.000000   clock clk (rise edge)
                                  0.000000    0.000000   clock source latency
     1    0.014179    0.069767    0.047502    0.047502 ^ clk (in)
                      0.069770    0.000000    0.047502 ^ clkbuf_0_clk/A (sky130_fd_sc_hd__clkbuf_16)
     2    0.017806    0.039990    0.132292    0.179794 ^ clkbuf_0_clk/X (sky130_fd_sc_hd__clkbuf_16)
                      0.040000    0.000479    0.180274 ^ clkbuf_1_1__f_clk/A (sky130_fd_sc_hd__clkbuf_16)
     4    0.012613    0.035568    0.116504    0.296777 ^ clkbuf_1_1__f_clk/X (sky130_fd_sc_hd__clkbuf_16)
                      0.035568    0.000327    0.297105 ^ _37_/CLK (sky130_fd_sc_hd__dfrtp_1)
     5    0.013610    0.129873    0.381274    0.678379 ^ _37_/Q (sky130_fd_sc_hd__dfrtp_1)
                      0.129874    0.000615    0.678994 ^ output3/A (sky130_fd_sc_hd__buf_2)
     1    0.034323    0.170876    0.228767    0.907761 ^ output3/X (sky130_fd_sc_hd__buf_2)
                      0.170877    0.000733    0.908494 ^ count[0] (out)
                                              0.908494   data arrival time

                                 10.000000   10.000000   clock clk (rise edge)
                                  0.000000   10.000000   clock network delay (propagated)
                                 -0.250000    9.750000   clock uncertainty
                                  0.000000    9.750000   clock reconvergence pessimism
                                 -2.000000    7.750000   output external delay
                                              7.750000   data required time
---------------------------------------------------------------------------------------------
                                              7.750000   data required time
                                             -0.908494   data arrival time
---------------------------------------------------------------------------------------------
                                              6.841506   slack (MET)


Startpoint: _38_ (rising edge-triggered flip-flop clocked by clk)
Endpoint: count[1] (output port clocked by clk)
Path Group: clk
Path Type: max

Fanout         Cap        Slew       Delay        Time   Description
---------------------------------------------------------------------------------------------
                                  0.000000    0.000000   clock clk (rise edge)
                                  0.000000    0.000000   clock source latency
     1    0.014179    0.069767    0.047502    0.047502 ^ clk (in)
                      0.069770    0.000000    0.047502 ^ clkbuf_0_clk/A (sky130_fd_sc_hd__clkbuf_16)
     2    0.017806    0.039990    0.132292    0.179794 ^ clkbuf_0_clk/X (sky130_fd_sc_hd__clkbuf_16)
                      0.040000    0.000518    0.180312 ^ clkbuf_1_0__f_clk/A (sky130_fd_sc_hd__clkbuf_16)
     4    0.013612    0.036413    0.117483    0.297795 ^ clkbuf_1_0__f_clk/X (sky130_fd_sc_hd__clkbuf_16)
                      0.036413    0.000261    0.298056 ^ _38_/CLK (sky130_fd_sc_hd__dfrtp_1)
     4    0.012028    0.116860    0.372131    0.670187 ^ _38_/Q (sky130_fd_sc_hd__dfrtp_1)
                      0.116860    0.000327    0.670514 ^ output4/A (sky130_fd_sc_hd__buf_2)
     1    0.033969    0.169165    0.223600    0.894114 ^ output4/X (sky130_fd_sc_hd__buf_2)
                      0.169165    0.000623    0.894737 ^ count[1] (out)
                                              0.894737   data arrival time

                                 10.000000   10.000000   clock clk (rise edge)
                                  0.000000   10.000000   clock network delay (propagated)
                                 -0.250000    9.750000   clock uncertainty
                                  0.000000    9.750000   clock reconvergence pessimism
                                 -2.000000    7.750000   output external delay
                                              7.750000   data required time
---------------------------------------------------------------------------------------------
                                              7.750000   data required time
                                             -0.894737   data arrival time
---------------------------------------------------------------------------------------------
                                              6.855262   slack (MET)


Startpoint: _39_ (rising edge-triggered flip-flop clocked by clk)
Endpoint: count[2] (output port clocked by clk)
Path Group: clk
Path Type: max

Fanout         Cap        Slew       Delay        Time   Description
---------------------------------------------------------------------------------------------
                                  0.000000    0.000000   clock clk (rise edge)
                                  0.000000    0.000000   clock source latency
     1    0.014179    0.069767    0.047502    0.047502 ^ clk (in)
                      0.069770    0.000000    0.047502 ^ clkbuf_0_clk/A (sky130_fd_sc_hd__clkbuf_16)
     2    0.017806    0.039990    0.132292    0.179794 ^ clkbuf_0_clk/X (sky130_fd_sc_hd__clkbuf_16)
                      0.040000    0.000518    0.180312 ^ clkbuf_1_0__f_clk/A (sky130_fd_sc_hd__clkbuf_16)
     4    0.013612    0.036413    0.117483    0.297795 ^ clkbuf_1_0__f_clk/X (sky130_fd_sc_hd__clkbuf_16)
                      0.036413    0.000215    0.298011 ^ _39_/CLK (sky130_fd_sc_hd__dfrtp_1)
     3    0.011982    0.116464    0.371902    0.669912 ^ _39_/Q (sky130_fd_sc_hd__dfrtp_1)
                      0.116464    0.000254    0.670167 ^ output5/A (sky130_fd_sc_hd__buf_2)
     1    0.034073    0.169650    0.223775    0.893942 ^ output5/X (sky130_fd_sc_hd__buf_2)
                      0.169650    0.000655    0.894597 ^ count[2] (out)
                                              0.894597   data arrival time

                                 10.000000   10.000000   clock clk (rise edge)
                                  0.000000   10.000000   clock network delay (propagated)
                                 -0.250000    9.750000   clock uncertainty
                                  0.000000    9.750000   clock reconvergence pessimism
                                 -2.000000    7.750000   output external delay
                                              7.750000   data required time
---------------------------------------------------------------------------------------------
                                              7.750000   data required time
                                             -0.894597   data arrival time
---------------------------------------------------------------------------------------------
                                              6.855403   slack (MET)


Startpoint: _42_ (rising edge-triggered flip-flop clocked by clk)
Endpoint: count[5] (output port clocked by clk)
Path Group: clk
Path Type: max

Fanout         Cap        Slew       Delay        Time   Description
---------------------------------------------------------------------------------------------
                                  0.000000    0.000000   clock clk (rise edge)
                                  0.000000    0.000000   clock source latency
     1    0.014179    0.069767    0.047502    0.047502 ^ clk (in)
                      0.069770    0.000000    0.047502 ^ clkbuf_0_clk/A (sky130_fd_sc_hd__clkbuf_16)
     2    0.017806    0.039990    0.132292    0.179794 ^ clkbuf_0_clk/X (sky130_fd_sc_hd__clkbuf_16)
                      0.040000    0.000479    0.180274 ^ clkbuf_1_1__f_clk/A (sky130_fd_sc_hd__clkbuf_16)
     4    0.012613    0.035568    0.116504    0.296777 ^ clkbuf_1_1__f_clk/X (sky130_fd_sc_hd__clkbuf_16)
                      0.035568    0.000318    0.297096 ^ _42_/CLK (sky130_fd_sc_hd__dfrtp_1)
     3    0.011797    0.114960    0.370418    0.667514 ^ _42_/Q (sky130_fd_sc_hd__dfrtp_1)
                      0.114960    0.000285    0.667799 ^ output8/A (sky130_fd_sc_hd__buf_2)
     1    0.034028    0.169429    0.223085    0.890883 ^ output8/X (sky130_fd_sc_hd__buf_2)
                      0.169429    0.000636    0.891520 ^ count[5] (out)
                                              0.891520   data arrival time

                                 10.000000   10.000000   clock clk (rise edge)
                                  0.000000   10.000000   clock network delay (propagated)
                                 -0.250000    9.750000   clock uncertainty
                                  0.000000    9.750000   clock reconvergence pessimism
                                 -2.000000    7.750000   output external delay
                                              7.750000   data required time
---------------------------------------------------------------------------------------------
                                              7.750000   data required time
                                             -0.891520   data arrival time
---------------------------------------------------------------------------------------------
                                              6.858480   slack (MET)


Startpoint: _43_ (rising edge-triggered flip-flop clocked by clk)
Endpoint: count[6] (output port clocked by clk)
Path Group: clk
Path Type: max

Fanout         Cap        Slew       Delay        Time   Description
---------------------------------------------------------------------------------------------
                                  0.000000    0.000000   clock clk (rise edge)
                                  0.000000    0.000000   clock source latency
     1    0.014179    0.069767    0.047502    0.047502 ^ clk (in)
                      0.069770    0.000000    0.047502 ^ clkbuf_0_clk/A (sky130_fd_sc_hd__clkbuf_16)
     2    0.017806    0.039990    0.132292    0.179794 ^ clkbuf_0_clk/X (sky130_fd_sc_hd__clkbuf_16)
                      0.040000    0.000479    0.180274 ^ clkbuf_1_1__f_clk/A (sky130_fd_sc_hd__clkbuf_16)
     4    0.012613    0.035568    0.116504    0.296777 ^ clkbuf_1_1__f_clk/X (sky130_fd_sc_hd__clkbuf_16)
                      0.035568    0.000282    0.297060 ^ _43_/CLK (sky130_fd_sc_hd__dfrtp_1)
     3    0.009255    0.067642    0.385062    0.682122 v _43_/Q (sky130_fd_sc_hd__dfrtp_1)
                      0.067642    0.000206    0.682328 v output9/A (sky130_fd_sc_hd__buf_2)
     1    0.034106    0.089126    0.189902    0.872230 v output9/X (sky130_fd_sc_hd__buf_2)
                      0.089130    0.000657    0.872888 v count[6] (out)
                                              0.872888   data arrival time

                                 10.000000   10.000000   clock clk (rise edge)
                                  0.000000   10.000000   clock network delay (propagated)
                                 -0.250000    9.750000   clock uncertainty
                                  0.000000    9.750000   clock reconvergence pessimism
                                 -2.000000    7.750000   output external delay
                                              7.750000   data required time
---------------------------------------------------------------------------------------------
                                              7.750000   data required time
                                             -0.872888   data arrival time
---------------------------------------------------------------------------------------------
                                              6.877112   slack (MET)


Startpoint: _44_ (rising edge-triggered flip-flop clocked by clk)
Endpoint: count[7] (output port clocked by clk)
Path Group: clk
Path Type: max

Fanout         Cap        Slew       Delay        Time   Description
---------------------------------------------------------------------------------------------
                                  0.000000    0.000000   clock clk (rise edge)
                                  0.000000    0.000000   clock source latency
     1    0.014179    0.069767    0.047502    0.047502 ^ clk (in)
                      0.069770    0.000000    0.047502 ^ clkbuf_0_clk/A (sky130_fd_sc_hd__clkbuf_16)
     2    0.017806    0.039990    0.132292    0.179794 ^ clkbuf_0_clk/X (sky130_fd_sc_hd__clkbuf_16)
                      0.040000    0.000479    0.180274 ^ clkbuf_1_1__f_clk/A (sky130_fd_sc_hd__clkbuf_16)
     4    0.012613    0.035568    0.116504    0.296777 ^ clkbuf_1_1__f_clk/X (sky130_fd_sc_hd__clkbuf_16)
                      0.035568    0.000320    0.297097 ^ _44_/CLK (sky130_fd_sc_hd__dfrtp_1)
     3    0.008316    0.065362    0.379974    0.677071 v _44_/Q (sky130_fd_sc_hd__dfrtp_1)
                      0.065362    0.000271    0.677343 v output10/A (sky130_fd_sc_hd__buf_2)
     1    0.034113    0.089140    0.188876    0.866219 v output10/X (sky130_fd_sc_hd__buf_2)
                      0.089144    0.000658    0.866877 v count[7] (out)
                                              0.866877   data arrival time

                                 10.000000   10.000000   clock clk (rise edge)
                                  0.000000   10.000000   clock network delay (propagated)
                                 -0.250000    9.750000   clock uncertainty
                                  0.000000    9.750000   clock reconvergence pessimism
                                 -2.000000    7.750000   output external delay
                                              7.750000   data required time
---------------------------------------------------------------------------------------------
                                              7.750000   data required time
                                             -0.866877   data arrival time
---------------------------------------------------------------------------------------------
                                              6.883123   slack (MET)


Startpoint: enable (input port clocked by clk)
Endpoint: _42_ (rising edge-triggered flip-flop clocked by clk)
Path Group: clk
Path Type: max

Fanout         Cap        Slew       Delay        Time   Description
---------------------------------------------------------------------------------------------
                                  0.000000    0.000000   clock clk (rise edge)
                                  0.000000    0.000000   clock network delay (propagated)
                                  2.000000    2.000000 ^ input external delay
     1    0.003040    0.020766    0.011161    2.011161 ^ enable (in)
                      0.020766    0.000000    2.011161 ^ input1/A (sky130_fd_sc_hd__buf_1)
     4    0.014318    0.173718    0.163015    2.174176 ^ input1/X (sky130_fd_sc_hd__buf_1)
                      0.173720    0.000550    2.174727 ^ _19_/D (sky130_fd_sc_hd__and4_1)
     6    0.022309    0.222602    0.347462    2.522189 ^ _19_/X (sky130_fd_sc_hd__and4_1)
                      0.222602    0.000839    2.523028 ^ _22_/B (sky130_fd_sc_hd__and3_1)
     2    0.007377    0.090056    0.222054    2.745082 ^ _22_/X (sky130_fd_sc_hd__and3_1)
                      0.090056    0.000117    2.745198 ^ _34_/A_N (sky130_fd_sc_hd__and2b_1)
     1    0.002505    0.032324    0.179202    2.924400 v _34_/X (sky130_fd_sc_hd__and2b_1)
                      0.032324    0.000071    2.924471 v _42_/D (sky130_fd_sc_hd__dfrtp_1)
                                              2.924471   data arrival time

                                 10.000000   10.000000   clock clk (rise edge)
                                  0.000000   10.000000   clock source latency
     1    0.014179    0.069767    0.047502   10.047503 ^ clk (in)
                      0.069770    0.000000   10.047503 ^ clkbuf_0_clk/A (sky130_fd_sc_hd__clkbuf_16)
     2    0.017806    0.039990    0.132292   10.179794 ^ clkbuf_0_clk/X (sky130_fd_sc_hd__clkbuf_16)
                      0.040000    0.000480   10.180274 ^ clkbuf_1_1__f_clk/A (sky130_fd_sc_hd__clkbuf_16)
     4    0.012613    0.035568    0.116503   10.296777 ^ clkbuf_1_1__f_clk/X (sky130_fd_sc_hd__clkbuf_16)
                      0.035568    0.000319   10.297096 ^ _42_/CLK (sky130_fd_sc_hd__dfrtp_1)
                                 -0.250000   10.047096   clock uncertainty
                                  0.000000   10.047096   clock reconvergence pessimism
                                 -0.110898    9.936198   library setup time
                                              9.936198   data required time
---------------------------------------------------------------------------------------------
                                              9.936198   data required time
                                             -2.924471   data arrival time
---------------------------------------------------------------------------------------------
                                              7.011727   slack (MET)


Startpoint: enable (input port clocked by clk)
Endpoint: _44_ (rising edge-triggered flip-flop clocked by clk)
Path Group: clk
Path Type: max

Fanout         Cap        Slew       Delay        Time   Description
---------------------------------------------------------------------------------------------
                                  0.000000    0.000000   clock clk (rise edge)
                                  0.000000    0.000000   clock network delay (propagated)
                                  2.000000    2.000000 ^ input external delay
     1    0.003040    0.020766    0.011161    2.011161 ^ enable (in)
                      0.020766    0.000000    2.011161 ^ input1/A (sky130_fd_sc_hd__buf_1)
     4    0.014318    0.173718    0.163015    2.174176 ^ input1/X (sky130_fd_sc_hd__buf_1)
                      0.173720    0.000550    2.174727 ^ _19_/D (sky130_fd_sc_hd__and4_1)
     6    0.022309    0.222602    0.347462    2.522189 ^ _19_/X (sky130_fd_sc_hd__and4_1)
                      0.222602    0.000901    2.523090 ^ _23_/C (sky130_fd_sc_hd__and4_1)
     2    0.008766    0.104909    0.264742    2.787832 ^ _23_/X (sky130_fd_sc_hd__and4_1)
                      0.104909    0.000317    2.788149 ^ _36_/B (sky130_fd_sc_hd__xor2_1)
     1    0.002423    0.105047    0.143111    2.931260 ^ _36_/X (sky130_fd_sc_hd__xor2_1)
                      0.105047    0.000068    2.931329 ^ _44_/D (sky130_fd_sc_hd__dfrtp_1)
                                              2.931329   data arrival time

                                 10.000000   10.000000   clock clk (rise edge)
                                  0.000000   10.000000   clock source latency
     1    0.014179    0.069767    0.047502   10.047503 ^ clk (in)
                      0.069770    0.000000   10.047503 ^ clkbuf_0_clk/A (sky130_fd_sc_hd__clkbuf_16)
     2    0.017806    0.039990    0.132292   10.179794 ^ clkbuf_0_clk/X (sky130_fd_sc_hd__clkbuf_16)
                      0.040000    0.000480   10.180274 ^ clkbuf_1_1__f_clk/A (sky130_fd_sc_hd__clkbuf_16)
     4    0.012613    0.035568    0.116503   10.296777 ^ clkbuf_1_1__f_clk/X (sky130_fd_sc_hd__clkbuf_16)
                      0.035568    0.000321   10.297098 ^ _44_/CLK (sky130_fd_sc_hd__dfrtp_1)
                                 -0.250000   10.047097   clock uncertainty
                                  0.000000   10.047097   clock reconvergence pessimism
                                 -0.075144    9.971954   library setup time
                                              9.971954   data required time
---------------------------------------------------------------------------------------------
                                              9.971954   data required time
                                             -2.931329   data arrival time
---------------------------------------------------------------------------------------------
                                              7.040626   slack (MET)


Startpoint: enable (input port clocked by clk)
Endpoint: _43_ (rising edge-triggered flip-flop clocked by clk)
Path Group: clk
Path Type: max

Fanout         Cap        Slew       Delay        Time   Description
---------------------------------------------------------------------------------------------
                                  0.000000    0.000000   clock clk (rise edge)
                                  0.000000    0.000000   clock network delay (propagated)
                                  2.000000    2.000000 ^ input external delay
     1    0.003040    0.020766    0.011161    2.011161 ^ enable (in)
                      0.020766    0.000000    2.011161 ^ input1/A (sky130_fd_sc_hd__buf_1)
     4    0.014318    0.173718    0.163015    2.174176 ^ input1/X (sky130_fd_sc_hd__buf_1)
                      0.173720    0.000550    2.174727 ^ _19_/D (sky130_fd_sc_hd__and4_1)
     6    0.022309    0.222602    0.347462    2.522189 ^ _19_/X (sky130_fd_sc_hd__and4_1)
                      0.222602    0.000839    2.523028 ^ _22_/B (sky130_fd_sc_hd__and3_1)
     2    0.007377    0.090056    0.222054    2.745082 ^ _22_/X (sky130_fd_sc_hd__and3_1)
                      0.090056    0.000135    2.745217 ^ _35_/B (sky130_fd_sc_hd__xor2_1)
     1    0.003050    0.115928    0.148779    2.893996 ^ _35_/X (sky130_fd_sc_hd__xor2_1)
                      0.115928    0.000094    2.894090 ^ _43_/D (sky130_fd_sc_hd__dfrtp_1)
                                              2.894090   data arrival time

                                 10.000000   10.000000   clock clk (rise edge)
                                  0.000000   10.000000   clock source latency
     1    0.014179    0.069767    0.047502   10.047503 ^ clk (in)
                      0.069770    0.000000   10.047503 ^ clkbuf_0_clk/A (sky130_fd_sc_hd__clkbuf_16)
     2    0.017806    0.039990    0.132292   10.179794 ^ clkbuf_0_clk/X (sky130_fd_sc_hd__clkbuf_16)
                      0.040000    0.000480   10.180274 ^ clkbuf_1_1__f_clk/A (sky130_fd_sc_hd__clkbuf_16)
     4    0.012613    0.035568    0.116503   10.296777 ^ clkbuf_1_1__f_clk/X (sky130_fd_sc_hd__clkbuf_16)
                      0.035568    0.000282   10.297059 ^ _43_/CLK (sky130_fd_sc_hd__dfrtp_1)
                                 -0.250000   10.047059   clock uncertainty
                                  0.000000   10.047059   clock reconvergence pessimism
                                 -0.077663    9.969398   library setup time
                                              9.969398   data required time
---------------------------------------------------------------------------------------------
                                              9.969398   data required time
                                             -2.894090   data arrival time
---------------------------------------------------------------------------------------------
                                              7.075307   slack (MET)


Startpoint: enable (input port clocked by clk)
Endpoint: _40_ (rising edge-triggered flip-flop clocked by clk)
Path Group: clk
Path Type: max

Fanout         Cap        Slew       Delay        Time   Description
---------------------------------------------------------------------------------------------
                                  0.000000    0.000000   clock clk (rise edge)
                                  0.000000    0.000000   clock network delay (propagated)
                                  2.000000    2.000000 v input external delay
     1    0.002864    0.008772    0.004545    2.004545 v enable (in)
                      0.008772    0.000000    2.004545 v input1/A (sky130_fd_sc_hd__buf_1)
     4    0.013521    0.084045    0.119572    2.124118 v input1/X (sky130_fd_sc_hd__buf_1)
                      0.084047    0.000516    2.124634 v _19_/D (sky130_fd_sc_hd__and4_1)
     6    0.021364    0.113995    0.288647    2.413281 v _19_/X (sky130_fd_sc_hd__and4_1)
                      0.113997    0.000675    2.413956 v _30_/B (sky130_fd_sc_hd__or2_1)
     1    0.001684    0.041987    0.219077    2.633033 v _30_/X (sky130_fd_sc_hd__or2_1)
                      0.041987    0.000033    2.633066 v _31_/B (sky130_fd_sc_hd__and2_1)
     1    0.002801    0.035062    0.148686    2.781752 v _31_/X (sky130_fd_sc_hd__and2_1)
                      0.035062    0.000061    2.781813 v _40_/D (sky130_fd_sc_hd__dfrtp_1)
                                              2.781813   data arrival time

                                 10.000000   10.000000   clock clk (rise edge)
                                  0.000000   10.000000   clock source latency
     1    0.014179    0.069767    0.047502   10.047503 ^ clk (in)
                      0.069770    0.000000   10.047503 ^ clkbuf_0_clk/A (sky130_fd_sc_hd__clkbuf_16)
     2    0.017806    0.039990    0.132292   10.179794 ^ clkbuf_0_clk/X (sky130_fd_sc_hd__clkbuf_16)
                      0.040000    0.000518   10.180312 ^ clkbuf_1_0__f_clk/A (sky130_fd_sc_hd__clkbuf_16)
     4    0.013612    0.036413    0.117484   10.297796 ^ clkbuf_1_0__f_clk/X (sky130_fd_sc_hd__clkbuf_16)
                      0.036413    0.000230   10.298026 ^ _40_/CLK (sky130_fd_sc_hd__dfrtp_1)
                                 -0.250000   10.048026   clock uncertainty
                                  0.000000   10.048026   clock reconvergence pessimism
                                 -0.111900    9.936125   library setup time
                                              9.936125   data required time
---------------------------------------------------------------------------------------------
                                              9.936125   data required time
                                             -2.781813   data arrival time
---------------------------------------------------------------------------------------------
                                              7.154312   slack (MET)


Startpoint: enable (input port clocked by clk)
Endpoint: _41_ (rising edge-triggered flip-flop clocked by clk)
Path Group: clk
Path Type: max

Fanout         Cap        Slew       Delay        Time   Description
---------------------------------------------------------------------------------------------
                                  0.000000    0.000000   clock clk (rise edge)
                                  0.000000    0.000000   clock network delay (propagated)
                                  2.000000    2.000000 ^ input external delay
     1    0.003040    0.020766    0.011161    2.011161 ^ enable (in)
                      0.020766    0.000000    2.011161 ^ input1/A (sky130_fd_sc_hd__buf_1)
     4    0.014318    0.173718    0.163015    2.174176 ^ input1/X (sky130_fd_sc_hd__buf_1)
                      0.173720    0.000550    2.174727 ^ _19_/D (sky130_fd_sc_hd__and4_1)
     6    0.022309    0.222602    0.347462    2.522189 ^ _19_/X (sky130_fd_sc_hd__and4_1)
                      0.222602    0.000697    2.522886 ^ _20_/B (sky130_fd_sc_hd__nand2_1)
     2    0.006351    0.076741    0.109031    2.631917 v _20_/Y (sky130_fd_sc_hd__nand2_1)
                      0.076741    0.000136    2.632052 v _32_/B (sky130_fd_sc_hd__xnor2_1)
     1    0.002350    0.042494    0.128136    2.760188 v _32_/Y (sky130_fd_sc_hd__xnor2_1)
                      0.042494    0.000066    2.760254 v _41_/D (sky130_fd_sc_hd__dfrtp_1)
                                              2.760254   data arrival time

                                 10.000000   10.000000   clock clk (rise edge)
                                  0.000000   10.000000   clock source latency
     1    0.014179    0.069767    0.047502   10.047503 ^ clk (in)
                      0.069770    0.000000   10.047503 ^ clkbuf_0_clk/A (sky130_fd_sc_hd__clkbuf_16)
     2    0.017806    0.039990    0.132292   10.179794 ^ clkbuf_0_clk/X (sky130_fd_sc_hd__clkbuf_16)
                      0.040000    0.000518   10.180312 ^ clkbuf_1_0__f_clk/A (sky130_fd_sc_hd__clkbuf_16)
     4    0.013612    0.036413    0.117484   10.297796 ^ clkbuf_1_0__f_clk/X (sky130_fd_sc_hd__clkbuf_16)
                      0.036413    0.000170   10.297965 ^ _41_/CLK (sky130_fd_sc_hd__dfrtp_1)
                                 -0.250000   10.047965   clock uncertainty
                                  0.000000   10.047965   clock reconvergence pessimism
                                 -0.115144    9.932821   library setup time
                                              9.932821   data required time
---------------------------------------------------------------------------------------------
                                              9.932821   data required time
                                             -2.760254   data arrival time
---------------------------------------------------------------------------------------------
                                              7.172568   slack (MET)


Startpoint: enable (input port clocked by clk)
Endpoint: _39_ (rising edge-triggered flip-flop clocked by clk)
Path Group: clk
Path Type: max

Fanout         Cap        Slew       Delay        Time   Description
---------------------------------------------------------------------------------------------
                                  0.000000    0.000000   clock clk (rise edge)
                                  0.000000    0.000000   clock network delay (propagated)
                                  2.000000    2.000000 ^ input external delay
     1    0.003040    0.020766    0.011161    2.011161 ^ enable (in)
                      0.020766    0.000000    2.011161 ^ input1/A (sky130_fd_sc_hd__buf_1)
     4    0.014318    0.173718    0.163015    2.174176 ^ input1/X (sky130_fd_sc_hd__buf_1)
                      0.173720    0.000550    2.174727 ^ _19_/D (sky130_fd_sc_hd__and4_1)
     6    0.022309    0.222602    0.347462    2.522189 ^ _19_/X (sky130_fd_sc_hd__and4_1)
                      0.222602    0.000406    2.522595 ^ _29_/A (sky130_fd_sc_hd__nor2_1)
     1    0.002445    0.053351    0.074396    2.596991 v _29_/Y (sky130_fd_sc_hd__nor2_1)
                      0.053351    0.000050    2.597041 v _39_/D (sky130_fd_sc_hd__dfrtp_1)
                                              2.597041   data arrival time

                                 10.000000   10.000000   clock clk (rise edge)
                                  0.000000   10.000000   clock source latency
     1    0.014179    0.069767    0.047502   10.047503 ^ clk (in)
                      0.069770    0.000000   10.047503 ^ clkbuf_0_clk/A (sky130_fd_sc_hd__clkbuf_16)
     2    0.017806    0.039990    0.132292   10.179794 ^ clkbuf_0_clk/X (sky130_fd_sc_hd__clkbuf_16)
                      0.040000    0.000518   10.180312 ^ clkbuf_1_0__f_clk/A (sky130_fd_sc_hd__clkbuf_16)
     4    0.013612    0.036413    0.117484   10.297796 ^ clkbuf_1_0__f_clk/X (sky130_fd_sc_hd__clkbuf_16)
                      0.036413    0.000215   10.298011 ^ _39_/CLK (sky130_fd_sc_hd__dfrtp_1)
                                 -0.250000   10.048011   clock uncertainty
                                  0.000000   10.048011   clock reconvergence pessimism
                                 -0.119884    9.928127   library setup time
                                              9.928127   data required time
---------------------------------------------------------------------------------------------
                                              9.928127   data required time
                                             -2.597041   data arrival time
---------------------------------------------------------------------------------------------
                                              7.331086   slack (MET)


Startpoint: enable (input port clocked by clk)
Endpoint: _38_ (rising edge-triggered flip-flop clocked by clk)
Path Group: clk
Path Type: max

Fanout         Cap        Slew       Delay        Time   Description
---------------------------------------------------------------------------------------------
                                  0.000000    0.000000   clock clk (rise edge)
                                  0.000000    0.000000   clock network delay (propagated)
                                  2.000000    2.000000 ^ input external delay
     1    0.003040    0.020766    0.011161    2.011161 ^ enable (in)
                      0.020766    0.000000    2.011161 ^ input1/A (sky130_fd_sc_hd__buf_1)
     4    0.014318    0.173718    0.163015    2.174176 ^ input1/X (sky130_fd_sc_hd__buf_1)
                      0.173720    0.000522    2.174698 ^ _18_/C (sky130_fd_sc_hd__and3_1)
     2    0.006329    0.080161    0.201200    2.375898 ^ _18_/X (sky130_fd_sc_hd__and3_1)
                      0.080161    0.000166    2.376064 ^ _27_/A (sky130_fd_sc_hd__nor2_1)
     1    0.002677    0.032713    0.050177    2.426241 v _27_/Y (sky130_fd_sc_hd__nor2_1)
                      0.032713    0.000078    2.426319 v _38_/D (sky130_fd_sc_hd__dfrtp_1)
                                              2.426319   data arrival time

                                 10.000000   10.000000   clock clk (rise edge)
                                  0.000000   10.000000   clock source latency
     1    0.014179    0.069767    0.047502   10.047503 ^ clk (in)
                      0.069770    0.000000   10.047503 ^ clkbuf_0_clk/A (sky130_fd_sc_hd__clkbuf_16)
     2    0.017806    0.039990    0.132292   10.179794 ^ clkbuf_0_clk/X (sky130_fd_sc_hd__clkbuf_16)
                      0.040000    0.000518   10.180312 ^ clkbuf_1_0__f_clk/A (sky130_fd_sc_hd__clkbuf_16)
     4    0.013612    0.036413    0.117484   10.297796 ^ clkbuf_1_0__f_clk/X (sky130_fd_sc_hd__clkbuf_16)
                      0.036413    0.000260   10.298056 ^ _38_/CLK (sky130_fd_sc_hd__dfrtp_1)
                                 -0.250000   10.048056   clock uncertainty
                                  0.000000   10.048056   clock reconvergence pessimism
                                 -0.110875    9.937181   library setup time
                                              9.937181   data required time
---------------------------------------------------------------------------------------------
                                              9.937181   data required time
                                             -2.426319   data arrival time
---------------------------------------------------------------------------------------------
                                              7.510862   slack (MET)


Startpoint: enable (input port clocked by clk)
Endpoint: _37_ (rising edge-triggered flip-flop clocked by clk)
Path Group: clk
Path Type: max

Fanout         Cap        Slew       Delay        Time   Description
---------------------------------------------------------------------------------------------
                                  0.000000    0.000000   clock clk (rise edge)
                                  0.000000    0.000000   clock network delay (propagated)
                                  2.000000    2.000000 ^ input external delay
     1    0.003040    0.020766    0.011161    2.011161 ^ enable (in)
                      0.020766    0.000000    2.011161 ^ input1/A (sky130_fd_sc_hd__buf_1)
     4    0.014318    0.173718    0.163015    2.174176 ^ input1/X (sky130_fd_sc_hd__buf_1)
                      0.173721    0.000592    2.174768 ^ _25_/B (sky130_fd_sc_hd__xor2_1)
     1    0.003216    0.118786    0.163798    2.338566 ^ _25_/X (sky130_fd_sc_hd__xor2_1)
                      0.118786    0.000097    2.338662 ^ _37_/D (sky130_fd_sc_hd__dfrtp_1)
                                              2.338662   data arrival time

                                 10.000000   10.000000   clock clk (rise edge)
                                  0.000000   10.000000   clock source latency
     1    0.014179    0.069767    0.047502   10.047503 ^ clk (in)
                      0.069770    0.000000   10.047503 ^ clkbuf_0_clk/A (sky130_fd_sc_hd__clkbuf_16)
     2    0.017806    0.039990    0.132292   10.179794 ^ clkbuf_0_clk/X (sky130_fd_sc_hd__clkbuf_16)
                      0.040000    0.000480   10.180274 ^ clkbuf_1_1__f_clk/A (sky130_fd_sc_hd__clkbuf_16)
     4    0.012613    0.035568    0.116503   10.296777 ^ clkbuf_1_1__f_clk/X (sky130_fd_sc_hd__clkbuf_16)
                      0.035568    0.000328   10.297105 ^ _37_/CLK (sky130_fd_sc_hd__dfrtp_1)
                                 -0.250000   10.047105   clock uncertainty
                                  0.000000   10.047105   clock reconvergence pessimism
                                 -0.078324    9.968781   library setup time
                                              9.968781   data required time
---------------------------------------------------------------------------------------------
                                              9.968781   data required time
                                             -2.338662   data arrival time
---------------------------------------------------------------------------------------------
                                              7.630118   slack (MET)


Startpoint: rst_n (input port clocked by clk)
Endpoint: _42_ (recovery check against rising-edge clock clk)
Path Group: asynchronous
Path Type: max

Fanout         Cap        Slew       Delay        Time   Description
---------------------------------------------------------------------------------------------
                                  0.000000    0.000000   clock clk (rise edge)
                                  0.000000    0.000000   clock network delay (propagated)
                                  2.000000    2.000000 ^ input external delay
     1    0.003100    0.021027    0.011373    2.011373 ^ rst_n (in)
                      0.021027    0.000000    2.011373 ^ input2/A (sky130_fd_sc_hd__clkbuf_4)
     8    0.044030    0.139338    0.195131    2.206504 ^ input2/X (sky130_fd_sc_hd__clkbuf_4)
                      0.139460    0.002653    2.209157 ^ _42_/RESET_B (sky130_fd_sc_hd__dfrtp_1)
                                              2.209157   data arrival time

                                 10.000000   10.000000   clock clk (rise edge)
                                  0.000000   10.000000   clock source latency
     1    0.014179    0.069767    0.047502   10.047503 ^ clk (in)
                      0.069770    0.000000   10.047503 ^ clkbuf_0_clk/A (sky130_fd_sc_hd__clkbuf_16)
     2    0.017806    0.039990    0.132292   10.179794 ^ clkbuf_0_clk/X (sky130_fd_sc_hd__clkbuf_16)
                      0.040000    0.000480   10.180274 ^ clkbuf_1_1__f_clk/A (sky130_fd_sc_hd__clkbuf_16)
     4    0.012613    0.035568    0.116503   10.296777 ^ clkbuf_1_1__f_clk/X (sky130_fd_sc_hd__clkbuf_16)
                      0.035568    0.000319   10.297096 ^ _42_/CLK (sky130_fd_sc_hd__dfrtp_1)
                                 -0.250000   10.047096   clock uncertainty
                                  0.000000   10.047096   clock reconvergence pessimism
                                  0.202949   10.250046   library recovery time
                                             10.250046   data required time
---------------------------------------------------------------------------------------------
                                             10.250046   data required time
                                             -2.209157   data arrival time
---------------------------------------------------------------------------------------------
                                              8.040889   slack (MET)


Startpoint: rst_n (input port clocked by clk)
Endpoint: _43_ (recovery check against rising-edge clock clk)
Path Group: asynchronous
Path Type: max

Fanout         Cap        Slew       Delay        Time   Description
---------------------------------------------------------------------------------------------
                                  0.000000    0.000000   clock clk (rise edge)
                                  0.000000    0.000000   clock network delay (propagated)
                                  2.000000    2.000000 ^ input external delay
     1    0.003100    0.021027    0.011373    2.011373 ^ rst_n (in)
                      0.021027    0.000000    2.011373 ^ input2/A (sky130_fd_sc_hd__clkbuf_4)
     8    0.044030    0.139338    0.195131    2.206504 ^ input2/X (sky130_fd_sc_hd__clkbuf_4)
                      0.139457    0.002591    2.209095 ^ _43_/RESET_B (sky130_fd_sc_hd__dfrtp_1)
                                              2.209095   data arrival time

                                 10.000000   10.000000   clock clk (rise edge)
                                  0.000000   10.000000   clock source latency
     1    0.014179    0.069767    0.047502   10.047503 ^ clk (in)
                      0.069770    0.000000   10.047503 ^ clkbuf_0_clk/A (sky130_fd_sc_hd__clkbuf_16)
     2    0.017806    0.039990    0.132292   10.179794 ^ clkbuf_0_clk/X (sky130_fd_sc_hd__clkbuf_16)
                      0.040000    0.000480   10.180274 ^ clkbuf_1_1__f_clk/A (sky130_fd_sc_hd__clkbuf_16)
     4    0.012613    0.035568    0.116503   10.296777 ^ clkbuf_1_1__f_clk/X (sky130_fd_sc_hd__clkbuf_16)
                      0.035568    0.000282   10.297059 ^ _43_/CLK (sky130_fd_sc_hd__dfrtp_1)
                                 -0.250000   10.047059   clock uncertainty
                                  0.000000   10.047059   clock reconvergence pessimism
                                  0.202950   10.250010   library recovery time
                                             10.250010   data required time
---------------------------------------------------------------------------------------------
                                             10.250010   data required time
                                             -2.209095   data arrival time
---------------------------------------------------------------------------------------------
                                              8.040915   slack (MET)


Startpoint: rst_n (input port clocked by clk)
Endpoint: _44_ (recovery check against rising-edge clock clk)
Path Group: asynchronous
Path Type: max

Fanout         Cap        Slew       Delay        Time   Description
---------------------------------------------------------------------------------------------
                                  0.000000    0.000000   clock clk (rise edge)
                                  0.000000    0.000000   clock network delay (propagated)
                                  2.000000    2.000000 ^ input external delay
     1    0.003100    0.021027    0.011373    2.011373 ^ rst_n (in)
                      0.021027    0.000000    2.011373 ^ input2/A (sky130_fd_sc_hd__clkbuf_4)
     8    0.044030    0.139338    0.195131    2.206504 ^ input2/X (sky130_fd_sc_hd__clkbuf_4)
                      0.139446    0.002401    2.208905 ^ _44_/RESET_B (sky130_fd_sc_hd__dfrtp_1)
                                              2.208905   data arrival time

                                 10.000000   10.000000   clock clk (rise edge)
                                  0.000000   10.000000   clock source latency
     1    0.014179    0.069767    0.047502   10.047503 ^ clk (in)
                      0.069770    0.000000   10.047503 ^ clkbuf_0_clk/A (sky130_fd_sc_hd__clkbuf_16)
     2    0.017806    0.039990    0.132292   10.179794 ^ clkbuf_0_clk/X (sky130_fd_sc_hd__clkbuf_16)
                      0.040000    0.000480   10.180274 ^ clkbuf_1_1__f_clk/A (sky130_fd_sc_hd__clkbuf_16)
     4    0.012613    0.035568    0.116503   10.296777 ^ clkbuf_1_1__f_clk/X (sky130_fd_sc_hd__clkbuf_16)
                      0.035568    0.000321   10.297098 ^ _44_/CLK (sky130_fd_sc_hd__dfrtp_1)
                                 -0.250000   10.047097   clock uncertainty
                                  0.000000   10.047097   clock reconvergence pessimism
                                  0.202953   10.250051   library recovery time
                                             10.250051   data required time
---------------------------------------------------------------------------------------------
                                             10.250051   data required time
                                             -2.208905   data arrival time
---------------------------------------------------------------------------------------------
                                              8.041146   slack (MET)


Startpoint: rst_n (input port clocked by clk)
Endpoint: _37_ (recovery check against rising-edge clock clk)
Path Group: asynchronous
Path Type: max

Fanout         Cap        Slew       Delay        Time   Description
---------------------------------------------------------------------------------------------
                                  0.000000    0.000000   clock clk (rise edge)
                                  0.000000    0.000000   clock network delay (propagated)
                                  2.000000    2.000000 ^ input external delay
     1    0.003100    0.021027    0.011373    2.011373 ^ rst_n (in)
                      0.021027    0.000000    2.011373 ^ input2/A (sky130_fd_sc_hd__clkbuf_4)
     8    0.044030    0.139338    0.195131    2.206504 ^ input2/X (sky130_fd_sc_hd__clkbuf_4)
                      0.139439    0.002250    2.208754 ^ _37_/RESET_B (sky130_fd_sc_hd__dfrtp_1)
                                              2.208754   data arrival time

                                 10.000000   10.000000   clock clk (rise edge)
                                  0.000000   10.000000   clock source latency
     1    0.014179    0.069767    0.047502   10.047503 ^ clk (in)
                      0.069770    0.000000   10.047503 ^ clkbuf_0_clk/A (sky130_fd_sc_hd__clkbuf_16)
     2    0.017806    0.039990    0.132292   10.179794 ^ clkbuf_0_clk/X (sky130_fd_sc_hd__clkbuf_16)
                      0.040000    0.000480   10.180274 ^ clkbuf_1_1__f_clk/A (sky130_fd_sc_hd__clkbuf_16)
     4    0.012613    0.035568    0.116503   10.296777 ^ clkbuf_1_1__f_clk/X (sky130_fd_sc_hd__clkbuf_16)
                      0.035568    0.000328   10.297105 ^ _37_/CLK (sky130_fd_sc_hd__dfrtp_1)
                                 -0.250000   10.047105   clock uncertainty
                                  0.000000   10.047105   clock reconvergence pessimism
                                  0.202955   10.250060   library recovery time
                                             10.250060   data required time
---------------------------------------------------------------------------------------------
                                             10.250060   data required time
                                             -2.208754   data arrival time
---------------------------------------------------------------------------------------------
                                              8.041306   slack (MET)


Startpoint: rst_n (input port clocked by clk)
Endpoint: _41_ (recovery check against rising-edge clock clk)
Path Group: asynchronous
Path Type: max

Fanout         Cap        Slew       Delay        Time   Description
---------------------------------------------------------------------------------------------
                                  0.000000    0.000000   clock clk (rise edge)
                                  0.000000    0.000000   clock network delay (propagated)
                                  2.000000    2.000000 ^ input external delay
     1    0.003100    0.021027    0.011373    2.011373 ^ rst_n (in)
                      0.021027    0.000000    2.011373 ^ input2/A (sky130_fd_sc_hd__clkbuf_4)
     8    0.044030    0.139338    0.195131    2.206504 ^ input2/X (sky130_fd_sc_hd__clkbuf_4)
                      0.139441    0.002293    2.208797 ^ _41_/RESET_B (sky130_fd_sc_hd__dfrtp_1)
                                              2.208797   data arrival time

                                 10.000000   10.000000   clock clk (rise edge)
                                  0.000000   10.000000   clock source latency
     1    0.014179    0.069767    0.047502   10.047503 ^ clk (in)
                      0.069770    0.000000   10.047503 ^ clkbuf_0_clk/A (sky130_fd_sc_hd__clkbuf_16)
     2    0.017806    0.039990    0.132292   10.179794 ^ clkbuf_0_clk/X (sky130_fd_sc_hd__clkbuf_16)
                      0.040000    0.000518   10.180312 ^ clkbuf_1_0__f_clk/A (sky130_fd_sc_hd__clkbuf_16)
     4    0.013612    0.036413    0.117484   10.297796 ^ clkbuf_1_0__f_clk/X (sky130_fd_sc_hd__clkbuf_16)
                      0.036413    0.000170   10.297965 ^ _41_/CLK (sky130_fd_sc_hd__dfrtp_1)
                                 -0.250000   10.047965   clock uncertainty
                                  0.000000   10.047965   clock reconvergence pessimism
                                  0.203217   10.251182   library recovery time
                                             10.251182   data required time
---------------------------------------------------------------------------------------------
                                             10.251182   data required time
                                             -2.208797   data arrival time
---------------------------------------------------------------------------------------------
                                              8.042384   slack (MET)


Startpoint: rst_n (input port clocked by clk)
Endpoint: _40_ (recovery check against rising-edge clock clk)
Path Group: asynchronous
Path Type: max

Fanout         Cap        Slew       Delay        Time   Description
---------------------------------------------------------------------------------------------
                                  0.000000    0.000000   clock clk (rise edge)
                                  0.000000    0.000000   clock network delay (propagated)
                                  2.000000    2.000000 ^ input external delay
     1    0.003100    0.021027    0.011373    2.011373 ^ rst_n (in)
                      0.021027    0.000000    2.011373 ^ input2/A (sky130_fd_sc_hd__clkbuf_4)
     8    0.044030    0.139338    0.195131    2.206504 ^ input2/X (sky130_fd_sc_hd__clkbuf_4)
                      0.139435    0.002157    2.208661 ^ _40_/RESET_B (sky130_fd_sc_hd__dfrtp_1)
                                              2.208661   data arrival time

                                 10.000000   10.000000   clock clk (rise edge)
                                  0.000000   10.000000   clock source latency
     1    0.014179    0.069767    0.047502   10.047503 ^ clk (in)
                      0.069770    0.000000   10.047503 ^ clkbuf_0_clk/A (sky130_fd_sc_hd__clkbuf_16)
     2    0.017806    0.039990    0.132292   10.179794 ^ clkbuf_0_clk/X (sky130_fd_sc_hd__clkbuf_16)
                      0.040000    0.000518   10.180312 ^ clkbuf_1_0__f_clk/A (sky130_fd_sc_hd__clkbuf_16)
     4    0.013612    0.036413    0.117484   10.297796 ^ clkbuf_1_0__f_clk/X (sky130_fd_sc_hd__clkbuf_16)
                      0.036413    0.000230   10.298026 ^ _40_/CLK (sky130_fd_sc_hd__dfrtp_1)
                                 -0.250000   10.048026   clock uncertainty
                                  0.000000   10.048026   clock reconvergence pessimism
                                  0.203218   10.251244   library recovery time
                                             10.251244   data required time
---------------------------------------------------------------------------------------------
                                             10.251244   data required time
                                             -2.208661   data arrival time
---------------------------------------------------------------------------------------------
                                              8.042582   slack (MET)


Startpoint: rst_n (input port clocked by clk)
Endpoint: _39_ (recovery check against rising-edge clock clk)
Path Group: asynchronous
Path Type: max

Fanout         Cap        Slew       Delay        Time   Description
---------------------------------------------------------------------------------------------
                                  0.000000    0.000000   clock clk (rise edge)
                                  0.000000    0.000000   clock network delay (propagated)
                                  2.000000    2.000000 ^ input external delay
     1    0.003100    0.021027    0.011373    2.011373 ^ rst_n (in)
                      0.021027    0.000000    2.011373 ^ input2/A (sky130_fd_sc_hd__clkbuf_4)
     8    0.044030    0.139338    0.195131    2.206504 ^ input2/X (sky130_fd_sc_hd__clkbuf_4)
                      0.139428    0.002003    2.208507 ^ _39_/RESET_B (sky130_fd_sc_hd__dfrtp_1)
                                              2.208507   data arrival time

                                 10.000000   10.000000   clock clk (rise edge)
                                  0.000000   10.000000   clock source latency
     1    0.014179    0.069767    0.047502   10.047503 ^ clk (in)
                      0.069770    0.000000   10.047503 ^ clkbuf_0_clk/A (sky130_fd_sc_hd__clkbuf_16)
     2    0.017806    0.039990    0.132292   10.179794 ^ clkbuf_0_clk/X (sky130_fd_sc_hd__clkbuf_16)
                      0.040000    0.000518   10.180312 ^ clkbuf_1_0__f_clk/A (sky130_fd_sc_hd__clkbuf_16)
     4    0.013612    0.036413    0.117484   10.297796 ^ clkbuf_1_0__f_clk/X (sky130_fd_sc_hd__clkbuf_16)
                      0.036413    0.000215   10.298011 ^ _39_/CLK (sky130_fd_sc_hd__dfrtp_1)
                                 -0.250000   10.048011   clock uncertainty
                                  0.000000   10.048011   clock reconvergence pessimism
                                  0.203220   10.251230   library recovery time
                                             10.251230   data required time
---------------------------------------------------------------------------------------------
                                             10.251230   data required time
                                             -2.208507   data arrival time
---------------------------------------------------------------------------------------------
                                              8.042723   slack (MET)


Startpoint: rst_n (input port clocked by clk)
Endpoint: _38_ (recovery check against rising-edge clock clk)
Path Group: asynchronous
Path Type: max

Fanout         Cap        Slew       Delay        Time   Description
---------------------------------------------------------------------------------------------
                                  0.000000    0.000000   clock clk (rise edge)
                                  0.000000    0.000000   clock network delay (propagated)
                                  2.000000    2.000000 ^ input external delay
     1    0.003100    0.021027    0.011373    2.011373 ^ rst_n (in)
                      0.021027    0.000000    2.011373 ^ input2/A (sky130_fd_sc_hd__clkbuf_4)
     8    0.044030    0.139338    0.195131    2.206504 ^ input2/X (sky130_fd_sc_hd__clkbuf_4)
                      0.139418    0.001748    2.208252 ^ _38_/RESET_B (sky130_fd_sc_hd__dfrtp_1)
                                              2.208252   data arrival time

                                 10.000000   10.000000   clock clk (rise edge)
                                  0.000000   10.000000   clock source latency
     1    0.014179    0.069767    0.047502   10.047503 ^ clk (in)
                      0.069770    0.000000   10.047503 ^ clkbuf_0_clk/A (sky130_fd_sc_hd__clkbuf_16)
     2    0.017806    0.039990    0.132292   10.179794 ^ clkbuf_0_clk/X (sky130_fd_sc_hd__clkbuf_16)
                      0.040000    0.000518   10.180312 ^ clkbuf_1_0__f_clk/A (sky130_fd_sc_hd__clkbuf_16)
     4    0.013612    0.036413    0.117484   10.297796 ^ clkbuf_1_0__f_clk/X (sky130_fd_sc_hd__clkbuf_16)
                      0.036413    0.000260   10.298056 ^ _38_/CLK (sky130_fd_sc_hd__dfrtp_1)
                                 -0.250000   10.048056   clock uncertainty
                                  0.000000   10.048056   clock reconvergence pessimism
                                  0.203223   10.251278   library recovery time
                                             10.251278   data required time
---------------------------------------------------------------------------------------------
                                             10.251278   data required time
                                             -2.208252   data arrival time
---------------------------------------------------------------------------------------------
                                              8.043026   slack (MET)



