Clock: clk
Sources: clk 
Generated: no
Virtual: yes
Propagated: no
Period: 10.000000

===========================================================================
report_clock_properties
============================================================================
Clock                   Period          Waveform
----------------------------------------------------
clk                  10.000000    0.000000  5.000000

===========================================================================
report_clock_latency
============================================================================
Clock clk
rise -> rise
    min     max
0.000000 0.000000 source latency
0.291842         network latency _41_/CLK
        0.292031 network latency _44_/CLK
---------------
0.291842 0.292031 latency
        0.000189 skew

fall -> fall
    min     max
0.000000 0.000000 source latency
0.291495         network latency _41_/CLK
        0.291663 network latency _44_/CLK
---------------
0.291495 0.291663 latency
        0.000167 skew



===========================================================================
report_clock_min_period
============================================================================
clk period_min = 1.53 fmax = 653.46
