
===========================================================================
report_checks -unconstrained
===========================================================================
======================= min_tt_025C_1v80 Corner ===================================

Warning: corner.tcl line 77, unknown field nets.
Startpoint: rst_n (input port clocked by clk)
Endpoint: _41_ (recovery check against rising-edge clock clk)
Path Group: asynchronous
Path Type: max

Fanout         Cap        Slew       Delay        Time   Description
---------------------------------------------------------------------------------------------
                                  0.000000    0.000000   clock clk (rise edge)
                                  0.000000    0.000000   clock network delay (propagated)
                                  2.000000    2.000000 ^ input external delay
     1    0.002844    0.019923    0.010455    2.010455 ^ rst_n (in)
                      0.019923    0.000000    2.010455 ^ input2/A (sky130_fd_sc_hd__clkbuf_4)
     8    0.053441    0.165391    0.213237    2.223691 ^ input2/X (sky130_fd_sc_hd__clkbuf_4)
                      0.165569    0.004437    2.228128 ^ _41_/RESET_B (sky130_fd_sc_hd__dfrtp_4)
                                              2.228128   data arrival time

                                 10.000000   10.000000   clock clk (rise edge)
                                  0.000000   10.000000   clock source latency
     1    0.019874    0.095206    0.065702   10.065702 ^ clk (in)
                      0.095230    0.000000   10.065702 ^ clkbuf_0_clk/A (sky130_fd_sc_hd__clkbuf_16)
     2    0.017801    0.040015    0.141789   10.207491 ^ clkbuf_0_clk/X (sky130_fd_sc_hd__clkbuf_16)
                      0.040015    0.000136   10.207627 ^ clkbuf_1_1__f_clk/A (sky130_fd_sc_hd__clkbuf_16)
     4    0.015374    0.037907    0.119178   10.326804 ^ clkbuf_1_1__f_clk/X (sky130_fd_sc_hd__clkbuf_16)
                      0.037907    0.000298   10.327102 ^ _41_/CLK (sky130_fd_sc_hd__dfrtp_4)
                                 -0.250000   10.077102   clock uncertainty
                                  0.000000   10.077102   clock reconvergence pessimism
                                  0.175937   10.253039   library recovery time
                                             10.253039   data required time
---------------------------------------------------------------------------------------------
                                             10.253039   data required time
                                             -2.228128   data arrival time
---------------------------------------------------------------------------------------------
                                              8.024912   slack (MET)


Startpoint: enable (input port clocked by clk)
Endpoint: overflow (output port clocked by clk)
Path Group: clk
Path Type: max

Fanout         Cap        Slew       Delay        Time   Description
---------------------------------------------------------------------------------------------
                                  0.000000    0.000000   clock clk (rise edge)
                                  0.000000    0.000000   clock network delay (propagated)
                                  2.000000    2.000000 ^ input external delay
     1    0.003164    0.021304    0.011579    2.011580 ^ enable (in)
                      0.021304    0.000000    2.011580 ^ input1/A (sky130_fd_sc_hd__clkbuf_2)
     4    0.026243    0.147098    0.168503    2.180083 ^ input1/X (sky130_fd_sc_hd__clkbuf_2)
                      0.147132    0.001840    2.181923 ^ _19_/D (sky130_fd_sc_hd__and4_1)
     6    0.019574    0.198629    0.324392    2.506315 ^ _19_/X (sky130_fd_sc_hd__and4_1)
                      0.198629    0.000585    2.506900 ^ _23_/C (sky130_fd_sc_hd__and4_1)
     2    0.009157    0.107748    0.262499    2.769399 ^ _23_/X (sky130_fd_sc_hd__and4_1)
                      0.107748    0.000166    2.769565 ^ _24_/B (sky130_fd_sc_hd__and2_1)
     1    0.009537    0.104943    0.178978    2.948543 ^ _24_/X (sky130_fd_sc_hd__and2_1)
                      0.104943    0.000387    2.948930 ^ output11/A (sky130_fd_sc_hd__buf_2)
     1    0.033963    0.168973    0.219496    3.168426 ^ output11/X (sky130_fd_sc_hd__buf_2)
                      0.168973    0.000183    3.168609 ^ overflow (out)
                                              3.168609   data arrival time

                                 10.000000   10.000000   clock clk (rise edge)
                                  0.000000   10.000000   clock network delay (propagated)
                                 -0.250000    9.750000   clock uncertainty
                                  0.000000    9.750000   clock reconvergence pessimism
                                 -2.000000    7.750000   output external delay
                                              7.750000   data required time
---------------------------------------------------------------------------------------------
                                              7.750000   data required time
                                             -3.168609   data arrival time
---------------------------------------------------------------------------------------------
                                              4.581391   slack (MET)




===========================================================================
report_checks --slack_max -0.01
============================================================================
======================= min_tt_025C_1v80 Corner ===================================

Warning: corner.tcl line 85, unknown field nets.
No paths found.


===========================================================================
 report_check_types -max_slew -max_cap -max_fanout -violators
============================================================================
======================= min_tt_025C_1v80 Corner ===================================



===========================================================================
report_parasitic_annotation -report_unannotated
============================================================================
Found 1 unannotated drivers.
 clkload0/X
Found 0 partially unannotated drivers.

===========================================================================
max slew violation count 0
max fanout violation count 0
max cap violation count 0
============================================================================

===========================================================================
check_setup -verbose -unconstrained_endpoints -multiple_clock -no_clock -no_input_delay -loops -generated_clocks
===========================================================================
