Clock: clk
Sources: clk 
Generated: no
Virtual: yes
Propagated: no
Period: 10.000000

===========================================================================
report_clock_properties
============================================================================
Clock                   Period          Waveform
----------------------------------------------------
clk                  10.000000    0.000000  5.000000

===========================================================================
report_clock_latency
============================================================================
Clock clk
rise -> rise
    min     max
0.000000 0.000000 source latency
0.326957         network latency _43_/CLK
        0.327862 network latency _38_/CLK
---------------
0.326957 0.327862 latency
        0.000904 skew

fall -> fall
    min     max
0.000000 0.000000 source latency
0.311463         network latency _43_/CLK
        0.312039 network latency _38_/CLK
---------------
0.311463 0.312039 latency
        0.000576 skew



===========================================================================
report_clock_min_period
============================================================================
clk period_min = 1.57 fmax = 637.38
