
===========================================================================
report_checks -path_delay max (Setup)
============================================================================
======================= min_tt_025C_1v80 Corner ===================================

Warning: corner.tcl line 67, unknown field nets.
Warning: corner.tcl line 67, report_checks -group_count is deprecated. Use -group_path_count instead.
Startpoint: enable (input port clocked by clk)
Endpoint: overflow (output port clocked by clk)
Path Group: clk
Path Type: max

Fanout         Cap        Slew       Delay        Time   Description
---------------------------------------------------------------------------------------------
                                  0.000000    0.000000   clock clk (rise edge)
                                  0.000000    0.000000   clock network delay (propagated)
                                  2.000000    2.000000 ^ input external delay
     1    0.003164    0.021304    0.011579    2.011580 ^ enable (in)
                      0.021304    0.000000    2.011580 ^ input1/A (sky130_fd_sc_hd__clkbuf_2)
     4    0.026243    0.147098    0.168503    2.180083 ^ input1/X (sky130_fd_sc_hd__clkbuf_2)
                      0.147132    0.001840    2.181923 ^ _19_/D (sky130_fd_sc_hd__and4_1)
     6    0.019574    0.198629    0.324392    2.506315 ^ _19_/X (sky130_fd_sc_hd__and4_1)
                      0.198629    0.000585    2.506900 ^ _23_/C (sky130_fd_sc_hd__and4_1)
     2    0.009157    0.107748    0.262499    2.769399 ^ _23_/X (sky130_fd_sc_hd__and4_1)
                      0.107748    0.000166    2.769565 ^ _24_/B (sky130_fd_sc_hd__and2_1)
     1    0.009537    0.104943    0.178978    2.948543 ^ _24_/X (sky130_fd_sc_hd__and2_1)
                      0.104943    0.000387    2.948930 ^ output11/A (sky130_fd_sc_hd__buf_2)
     1    0.033963    0.168973    0.219496    3.168426 ^ output11/X (sky130_fd_sc_hd__buf_2)
                      0.168973    0.000183    3.168609 ^ overflow (out)
                                              3.168609   data arrival time

                                 10.000000   10.000000   clock clk (rise edge)
                                  0.000000   10.000000   clock network delay (propagated)
                                 -0.250000    9.750000   clock uncertainty
                                  0.000000    9.750000   clock reconvergence pessimism
                                 -2.000000    7.750000   output external delay
                                              7.750000   data required time
---------------------------------------------------------------------------------------------
                                              7.750000   data required time
                                             -3.168609   data arrival time
---------------------------------------------------------------------------------------------
                                              4.581391   slack (MET)


Startpoint: _40_ (rising edge-triggered flip-flop clocked by clk)
Endpoint: count[3] (output port clocked by clk)
Path Group: clk
Path Type: max

Fanout         Cap        Slew       Delay        Time   Description
---------------------------------------------------------------------------------------------
                                  0.000000    0.000000   clock clk (rise edge)
                                  0.000000    0.000000   clock source latency
     1    0.019874    0.095206    0.065702    0.065702 ^ clk (in)
                      0.095230    0.000000    0.065702 ^ clkbuf_0_clk/A (sky130_fd_sc_hd__clkbuf_16)
     2    0.017801    0.040015    0.141788    0.207491 ^ clkbuf_0_clk/X (sky130_fd_sc_hd__clkbuf_16)
                      0.040015    0.000176    0.207667 ^ clkbuf_1_0__f_clk/A (sky130_fd_sc_hd__clkbuf_16)
     5    0.016269    0.038664    0.120079    0.327746 ^ clkbuf_1_0__f_clk/X (sky130_fd_sc_hd__clkbuf_16)
                      0.038671    0.000094    0.327840 ^ _40_/CLK (sky130_fd_sc_hd__dfrtp_4)
     6    0.027399    0.088956    0.508883    0.836723 v _40_/Q (sky130_fd_sc_hd__dfrtp_4)
                      0.088956    0.000822    0.837545 v output6/A (sky130_fd_sc_hd__buf_2)
     1    0.034115    0.088976    0.199949    1.037494 v output6/X (sky130_fd_sc_hd__buf_2)
                      0.088976    0.000243    1.037737 v count[3] (out)
                                              1.037737   data arrival time

                                 10.000000   10.000000   clock clk (rise edge)
                                  0.000000   10.000000   clock network delay (propagated)
                                 -0.250000    9.750000   clock uncertainty
                                  0.000000    9.750000   clock reconvergence pessimism
                                 -2.000000    7.750000   output external delay
                                              7.750000   data required time
---------------------------------------------------------------------------------------------
                                              7.750000   data required time
                                             -1.037737   data arrival time
---------------------------------------------------------------------------------------------
                                              6.712264   slack (MET)


Startpoint: _41_ (rising edge-triggered flip-flop clocked by clk)
Endpoint: count[4] (output port clocked by clk)
Path Group: clk
Path Type: max

Fanout         Cap        Slew       Delay        Time   Description
---------------------------------------------------------------------------------------------
                                  0.000000    0.000000   clock clk (rise edge)
                                  0.000000    0.000000   clock source latency
     1    0.019874    0.095206    0.065702    0.065702 ^ clk (in)
                      0.095230    0.000000    0.065702 ^ clkbuf_0_clk/A (sky130_fd_sc_hd__clkbuf_16)
     2    0.017801    0.040015    0.141788    0.207491 ^ clkbuf_0_clk/X (sky130_fd_sc_hd__clkbuf_16)
                      0.040015    0.000136    0.207627 ^ clkbuf_1_1__f_clk/A (sky130_fd_sc_hd__clkbuf_16)
     4    0.015374    0.037907    0.119178    0.326805 ^ clkbuf_1_1__f_clk/X (sky130_fd_sc_hd__clkbuf_16)
                      0.037907    0.000297    0.327102 ^ _41_/CLK (sky130_fd_sc_hd__dfrtp_4)
     4    0.022311    0.083052    0.499803    0.826905 v _41_/Q (sky130_fd_sc_hd__dfrtp_4)
                      0.083052    0.001093    0.827998 v output7/A (sky130_fd_sc_hd__buf_2)
     1    0.034061    0.088833    0.197195    1.025193 v output7/X (sky130_fd_sc_hd__buf_2)
                      0.088833    0.000200    1.025394 v count[4] (out)
                                              1.025394   data arrival time

                                 10.000000   10.000000   clock clk (rise edge)
                                  0.000000   10.000000   clock network delay (propagated)
                                 -0.250000    9.750000   clock uncertainty
                                  0.000000    9.750000   clock reconvergence pessimism
                                 -2.000000    7.750000   output external delay
                                              7.750000   data required time
---------------------------------------------------------------------------------------------
                                              7.750000   data required time
                                             -1.025394   data arrival time
---------------------------------------------------------------------------------------------
                                              6.724606   slack (MET)


Startpoint: _38_ (rising edge-triggered flip-flop clocked by clk)
Endpoint: count[1] (output port clocked by clk)
Path Group: clk
Path Type: max

Fanout         Cap        Slew       Delay        Time   Description
---------------------------------------------------------------------------------------------
                                  0.000000    0.000000   clock clk (rise edge)
                                  0.000000    0.000000   clock source latency
     1    0.019874    0.095206    0.065702    0.065702 ^ clk (in)
                      0.095230    0.000000    0.065702 ^ clkbuf_0_clk/A (sky130_fd_sc_hd__clkbuf_16)
     2    0.017801    0.040015    0.141788    0.207491 ^ clkbuf_0_clk/X (sky130_fd_sc_hd__clkbuf_16)
                      0.040015    0.000176    0.207667 ^ clkbuf_1_0__f_clk/A (sky130_fd_sc_hd__clkbuf_16)
     5    0.016269    0.038664    0.120079    0.327746 ^ clkbuf_1_0__f_clk/X (sky130_fd_sc_hd__clkbuf_16)
                      0.038671    0.000116    0.327862 ^ _38_/CLK (sky130_fd_sc_hd__dfrtp_1)
     4    0.020396    0.185812    0.423489    0.751350 ^ _38_/Q (sky130_fd_sc_hd__dfrtp_1)
                      0.185814    0.001027    0.752377 ^ output4/A (sky130_fd_sc_hd__buf_2)
     1    0.034327    0.170891    0.244173    0.996550 ^ output4/X (sky130_fd_sc_hd__buf_2)
                      0.170891    0.000357    0.996907 ^ count[1] (out)
                                              0.996907   data arrival time

                                 10.000000   10.000000   clock clk (rise edge)
                                  0.000000   10.000000   clock network delay (propagated)
                                 -0.250000    9.750000   clock uncertainty
                                  0.000000    9.750000   clock reconvergence pessimism
                                 -2.000000    7.750000   output external delay
                                              7.750000   data required time
---------------------------------------------------------------------------------------------
                                              7.750000   data required time
                                             -0.996907   data arrival time
---------------------------------------------------------------------------------------------
                                              6.753093   slack (MET)


Startpoint: _42_ (rising edge-triggered flip-flop clocked by clk)
Endpoint: count[5] (output port clocked by clk)
Path Group: clk
Path Type: max

Fanout         Cap        Slew       Delay        Time   Description
---------------------------------------------------------------------------------------------
                                  0.000000    0.000000   clock clk (rise edge)
                                  0.000000    0.000000   clock source latency
     1    0.019874    0.095206    0.065702    0.065702 ^ clk (in)
                      0.095230    0.000000    0.065702 ^ clkbuf_0_clk/A (sky130_fd_sc_hd__clkbuf_16)
     2    0.017801    0.040015    0.141788    0.207491 ^ clkbuf_0_clk/X (sky130_fd_sc_hd__clkbuf_16)
                      0.040015    0.000136    0.207627 ^ clkbuf_1_1__f_clk/A (sky130_fd_sc_hd__clkbuf_16)
     4    0.015374    0.037907    0.119178    0.326805 ^ clkbuf_1_1__f_clk/X (sky130_fd_sc_hd__clkbuf_16)
                      0.037907    0.000248    0.327052 ^ _42_/CLK (sky130_fd_sc_hd__dfrtp_1)
     3    0.019548    0.178828    0.418006    0.745058 ^ _42_/Q (sky130_fd_sc_hd__dfrtp_1)
                      0.178832    0.001114    0.746173 ^ output8/A (sky130_fd_sc_hd__buf_2)
     1    0.034503    0.171711    0.242821    0.988993 ^ output8/X (sky130_fd_sc_hd__buf_2)
                      0.171711    0.000424    0.989417 ^ count[5] (out)
                                              0.989417   data arrival time

                                 10.000000   10.000000   clock clk (rise edge)
                                  0.000000   10.000000   clock network delay (propagated)
                                 -0.250000    9.750000   clock uncertainty
                                  0.000000    9.750000   clock reconvergence pessimism
                                 -2.000000    7.750000   output external delay
                                              7.750000   data required time
---------------------------------------------------------------------------------------------
                                              7.750000   data required time
                                             -0.989417   data arrival time
---------------------------------------------------------------------------------------------
                                              6.760582   slack (MET)


Startpoint: _39_ (rising edge-triggered flip-flop clocked by clk)
Endpoint: count[2] (output port clocked by clk)
Path Group: clk
Path Type: max

Fanout         Cap        Slew       Delay        Time   Description
---------------------------------------------------------------------------------------------
                                  0.000000    0.000000   clock clk (rise edge)
                                  0.000000    0.000000   clock source latency
     1    0.019874    0.095206    0.065702    0.065702 ^ clk (in)
                      0.095230    0.000000    0.065702 ^ clkbuf_0_clk/A (sky130_fd_sc_hd__clkbuf_16)
     2    0.017801    0.040015    0.141788    0.207491 ^ clkbuf_0_clk/X (sky130_fd_sc_hd__clkbuf_16)
                      0.040015    0.000176    0.207667 ^ clkbuf_1_0__f_clk/A (sky130_fd_sc_hd__clkbuf_16)
     5    0.016269    0.038664    0.120079    0.327746 ^ clkbuf_1_0__f_clk/X (sky130_fd_sc_hd__clkbuf_16)
                      0.038671    0.000073    0.327819 ^ _39_/CLK (sky130_fd_sc_hd__dfrtp_1)
     3    0.019465    0.178105    0.417919    0.745738 ^ _39_/Q (sky130_fd_sc_hd__dfrtp_1)
                      0.178106    0.000853    0.746591 ^ output5/A (sky130_fd_sc_hd__buf_2)
     1    0.034090    0.169759    0.241384    0.987975 ^ output5/X (sky130_fd_sc_hd__buf_2)
                      0.169759    0.000242    0.988217 ^ count[2] (out)
                                              0.988217   data arrival time

                                 10.000000   10.000000   clock clk (rise edge)
                                  0.000000   10.000000   clock network delay (propagated)
                                 -0.250000    9.750000   clock uncertainty
                                  0.000000    9.750000   clock reconvergence pessimism
                                 -2.000000    7.750000   output external delay
                                              7.750000   data required time
---------------------------------------------------------------------------------------------
                                              7.750000   data required time
                                             -0.988217   data arrival time
---------------------------------------------------------------------------------------------
                                              6.761783   slack (MET)


Startpoint: _37_ (rising edge-triggered flip-flop clocked by clk)
Endpoint: count[0] (output port clocked by clk)
Path Group: clk
Path Type: max

Fanout         Cap        Slew       Delay        Time   Description
---------------------------------------------------------------------------------------------
                                  0.000000    0.000000   clock clk (rise edge)
                                  0.000000    0.000000   clock source latency
     1    0.019874    0.095206    0.065702    0.065702 ^ clk (in)
                      0.095230    0.000000    0.065702 ^ clkbuf_0_clk/A (sky130_fd_sc_hd__clkbuf_16)
     2    0.017801    0.040015    0.141788    0.207491 ^ clkbuf_0_clk/X (sky130_fd_sc_hd__clkbuf_16)
                      0.040015    0.000176    0.207667 ^ clkbuf_1_0__f_clk/A (sky130_fd_sc_hd__clkbuf_16)
     5    0.016269    0.038664    0.120079    0.327746 ^ clkbuf_1_0__f_clk/X (sky130_fd_sc_hd__clkbuf_16)
                      0.038671    0.000101    0.327847 ^ _37_/CLK (sky130_fd_sc_hd__dfrtp_2)
     5    0.021853    0.083355    0.437138    0.764985 v _37_/Q (sky130_fd_sc_hd__dfrtp_2)
                      0.083360    0.000756    0.765740 v output3/A (sky130_fd_sc_hd__buf_2)
     1    0.034337    0.089500    0.197725    0.963466 v output3/X (sky130_fd_sc_hd__buf_2)
                      0.089501    0.000357    0.963823 v count[0] (out)
                                              0.963823   data arrival time

                                 10.000000   10.000000   clock clk (rise edge)
                                  0.000000   10.000000   clock network delay (propagated)
                                 -0.250000    9.750000   clock uncertainty
                                  0.000000    9.750000   clock reconvergence pessimism
                                 -2.000000    7.750000   output external delay
                                              7.750000   data required time
---------------------------------------------------------------------------------------------
                                              7.750000   data required time
                                             -0.963823   data arrival time
---------------------------------------------------------------------------------------------
                                              6.786177   slack (MET)


Startpoint: _43_ (rising edge-triggered flip-flop clocked by clk)
Endpoint: count[6] (output port clocked by clk)
Path Group: clk
Path Type: max

Fanout         Cap        Slew       Delay        Time   Description
---------------------------------------------------------------------------------------------
                                  0.000000    0.000000   clock clk (rise edge)
                                  0.000000    0.000000   clock source latency
     1    0.019874    0.095206    0.065702    0.065702 ^ clk (in)
                      0.095230    0.000000    0.065702 ^ clkbuf_0_clk/A (sky130_fd_sc_hd__clkbuf_16)
     2    0.017801    0.040015    0.141788    0.207491 ^ clkbuf_0_clk/X (sky130_fd_sc_hd__clkbuf_16)
                      0.040015    0.000136    0.207627 ^ clkbuf_1_1__f_clk/A (sky130_fd_sc_hd__clkbuf_16)
     4    0.015374    0.037907    0.119178    0.326805 ^ clkbuf_1_1__f_clk/X (sky130_fd_sc_hd__clkbuf_16)
                      0.037907    0.000153    0.326957 ^ _43_/CLK (sky130_fd_sc_hd__dfrtp_1)
     3    0.015663    0.146726    0.394686    0.721644 ^ _43_/Q (sky130_fd_sc_hd__dfrtp_1)
                      0.146726    0.000603    0.722246 ^ output9/A (sky130_fd_sc_hd__buf_2)
     1    0.034503    0.171674    0.234138    0.956384 ^ output9/X (sky130_fd_sc_hd__buf_2)
                      0.171674    0.000424    0.956808 ^ count[6] (out)
                                              0.956808   data arrival time

                                 10.000000   10.000000   clock clk (rise edge)
                                  0.000000   10.000000   clock network delay (propagated)
                                 -0.250000    9.750000   clock uncertainty
                                  0.000000    9.750000   clock reconvergence pessimism
                                 -2.000000    7.750000   output external delay
                                              7.750000   data required time
---------------------------------------------------------------------------------------------
                                              7.750000   data required time
                                             -0.956808   data arrival time
---------------------------------------------------------------------------------------------
                                              6.793191   slack (MET)


Startpoint: _44_ (rising edge-triggered flip-flop clocked by clk)
Endpoint: count[7] (output port clocked by clk)
Path Group: clk
Path Type: max

Fanout         Cap        Slew       Delay        Time   Description
---------------------------------------------------------------------------------------------
                                  0.000000    0.000000   clock clk (rise edge)
                                  0.000000    0.000000   clock source latency
     1    0.019874    0.095206    0.065702    0.065702 ^ clk (in)
                      0.095230    0.000000    0.065702 ^ clkbuf_0_clk/A (sky130_fd_sc_hd__clkbuf_16)
     2    0.017801    0.040015    0.141788    0.207491 ^ clkbuf_0_clk/X (sky130_fd_sc_hd__clkbuf_16)
                      0.040015    0.000136    0.207627 ^ clkbuf_1_1__f_clk/A (sky130_fd_sc_hd__clkbuf_16)
     4    0.015374    0.037907    0.119178    0.326805 ^ clkbuf_1_1__f_clk/X (sky130_fd_sc_hd__clkbuf_16)
                      0.037907    0.000174    0.326979 ^ _44_/CLK (sky130_fd_sc_hd__dfrtp_1)
     3    0.014007    0.133092    0.384721    0.711700 ^ _44_/Q (sky130_fd_sc_hd__dfrtp_1)
                      0.133092    0.000459    0.712159 ^ output10/A (sky130_fd_sc_hd__buf_2)
     1    0.034012    0.169324    0.228980    0.941139 ^ output10/X (sky130_fd_sc_hd__buf_2)
                      0.169324    0.000200    0.941339 ^ count[7] (out)
                                              0.941339   data arrival time

                                 10.000000   10.000000   clock clk (rise edge)
                                  0.000000   10.000000   clock network delay (propagated)
                                 -0.250000    9.750000   clock uncertainty
                                  0.000000    9.750000   clock reconvergence pessimism
                                 -2.000000    7.750000   output external delay
                                              7.750000   data required time
---------------------------------------------------------------------------------------------
                                              7.750000   data required time
                                             -0.941339   data arrival time
---------------------------------------------------------------------------------------------
                                              6.808661   slack (MET)


Startpoint: enable (input port clocked by clk)
Endpoint: _42_ (rising edge-triggered flip-flop clocked by clk)
Path Group: clk
Path Type: max

Fanout         Cap        Slew       Delay        Time   Description
---------------------------------------------------------------------------------------------
                                  0.000000    0.000000   clock clk (rise edge)
                                  0.000000    0.000000   clock network delay (propagated)
                                  2.000000    2.000000 ^ input external delay
     1    0.003164    0.021304    0.011579    2.011580 ^ enable (in)
                      0.021304    0.000000    2.011580 ^ input1/A (sky130_fd_sc_hd__clkbuf_2)
     4    0.026243    0.147098    0.168503    2.180083 ^ input1/X (sky130_fd_sc_hd__clkbuf_2)
                      0.147132    0.001840    2.181923 ^ _19_/D (sky130_fd_sc_hd__and4_1)
     6    0.019574    0.198629    0.324392    2.506315 ^ _19_/X (sky130_fd_sc_hd__and4_1)
                      0.198629    0.000571    2.506886 ^ _22_/B (sky130_fd_sc_hd__and3_1)
     2    0.007996    0.095013    0.220838    2.727724 ^ _22_/X (sky130_fd_sc_hd__and3_1)
                      0.095013    0.000065    2.727789 ^ _34_/A_N (sky130_fd_sc_hd__and2b_1)
     1    0.002686    0.033149    0.181786    2.909575 v _34_/X (sky130_fd_sc_hd__and2b_1)
                      0.033149    0.000028    2.909604 v _42_/D (sky130_fd_sc_hd__dfrtp_1)
                                              2.909604   data arrival time

                                 10.000000   10.000000   clock clk (rise edge)
                                  0.000000   10.000000   clock source latency
     1    0.019874    0.095206    0.065702   10.065702 ^ clk (in)
                      0.095230    0.000000   10.065702 ^ clkbuf_0_clk/A (sky130_fd_sc_hd__clkbuf_16)
     2    0.017801    0.040015    0.141789   10.207491 ^ clkbuf_0_clk/X (sky130_fd_sc_hd__clkbuf_16)
                      0.040015    0.000136   10.207627 ^ clkbuf_1_1__f_clk/A (sky130_fd_sc_hd__clkbuf_16)
     4    0.015374    0.037907    0.119178   10.326804 ^ clkbuf_1_1__f_clk/X (sky130_fd_sc_hd__clkbuf_16)
                      0.037907    0.000248   10.327052 ^ _42_/CLK (sky130_fd_sc_hd__dfrtp_1)
                                 -0.250000   10.077052   clock uncertainty
                                  0.000000   10.077052   clock reconvergence pessimism
                                 -0.110724    9.966329   library setup time
                                              9.966329   data required time
---------------------------------------------------------------------------------------------
                                              9.966329   data required time
                                             -2.909604   data arrival time
---------------------------------------------------------------------------------------------
                                              7.056725   slack (MET)


Startpoint: enable (input port clocked by clk)
Endpoint: _44_ (rising edge-triggered flip-flop clocked by clk)
Path Group: clk
Path Type: max

Fanout         Cap        Slew       Delay        Time   Description
---------------------------------------------------------------------------------------------
                                  0.000000    0.000000   clock clk (rise edge)
                                  0.000000    0.000000   clock network delay (propagated)
                                  2.000000    2.000000 ^ input external delay
     1    0.003164    0.021304    0.011579    2.011580 ^ enable (in)
                      0.021304    0.000000    2.011580 ^ input1/A (sky130_fd_sc_hd__clkbuf_2)
     4    0.026243    0.147098    0.168503    2.180083 ^ input1/X (sky130_fd_sc_hd__clkbuf_2)
                      0.147132    0.001840    2.181923 ^ _19_/D (sky130_fd_sc_hd__and4_1)
     6    0.019574    0.198629    0.324392    2.506315 ^ _19_/X (sky130_fd_sc_hd__and4_1)
                      0.198629    0.000585    2.506900 ^ _23_/C (sky130_fd_sc_hd__and4_1)
     2    0.009157    0.107748    0.262499    2.769399 ^ _23_/X (sky130_fd_sc_hd__and4_1)
                      0.107748    0.000157    2.769557 ^ _36_/B (sky130_fd_sc_hd__xor2_1)
     1    0.002448    0.105481    0.144029    2.913585 ^ _36_/X (sky130_fd_sc_hd__xor2_1)
                      0.105481    0.000024    2.913609 ^ _44_/D (sky130_fd_sc_hd__dfrtp_1)
                                              2.913609   data arrival time

                                 10.000000   10.000000   clock clk (rise edge)
                                  0.000000   10.000000   clock source latency
     1    0.019874    0.095206    0.065702   10.065702 ^ clk (in)
                      0.095230    0.000000   10.065702 ^ clkbuf_0_clk/A (sky130_fd_sc_hd__clkbuf_16)
     2    0.017801    0.040015    0.141789   10.207491 ^ clkbuf_0_clk/X (sky130_fd_sc_hd__clkbuf_16)
                      0.040015    0.000136   10.207627 ^ clkbuf_1_1__f_clk/A (sky130_fd_sc_hd__clkbuf_16)
     4    0.015374    0.037907    0.119178   10.326804 ^ clkbuf_1_1__f_clk/X (sky130_fd_sc_hd__clkbuf_16)
                      0.037907    0.000174   10.326979 ^ _44_/CLK (sky130_fd_sc_hd__dfrtp_1)
                                 -0.250000   10.076979   clock uncertainty
                                  0.000000   10.076979   clock reconvergence pessimism
                                 -0.074885   10.002093   library setup time
                                             10.002093   data required time
---------------------------------------------------------------------------------------------
                                             10.002093   data required time
                                             -2.913609   data arrival time
---------------------------------------------------------------------------------------------
                                              7.088485   slack (MET)


Startpoint: enable (input port clocked by clk)
Endpoint: _43_ (rising edge-triggered flip-flop clocked by clk)
Path Group: clk
Path Type: max

Fanout         Cap        Slew       Delay        Time   Description
---------------------------------------------------------------------------------------------
                                  0.000000    0.000000   clock clk (rise edge)
                                  0.000000    0.000000   clock network delay (propagated)
                                  2.000000    2.000000 ^ input external delay
     1    0.003164    0.021304    0.011579    2.011580 ^ enable (in)
                      0.021304    0.000000    2.011580 ^ input1/A (sky130_fd_sc_hd__clkbuf_2)
     4    0.026243    0.147098    0.168503    2.180083 ^ input1/X (sky130_fd_sc_hd__clkbuf_2)
                      0.147132    0.001840    2.181923 ^ _19_/D (sky130_fd_sc_hd__and4_1)
     6    0.019574    0.198629    0.324392    2.506315 ^ _19_/X (sky130_fd_sc_hd__and4_1)
                      0.198629    0.000571    2.506886 ^ _22_/B (sky130_fd_sc_hd__and3_1)
     2    0.007996    0.095013    0.220838    2.727724 ^ _22_/X (sky130_fd_sc_hd__and3_1)
                      0.095013    0.000080    2.727804 ^ _35_/B (sky130_fd_sc_hd__xor2_1)
     1    0.002252    0.103603    0.138828    2.866631 ^ _35_/X (sky130_fd_sc_hd__xor2_1)
                      0.103603    0.000010    2.866642 ^ _43_/D (sky130_fd_sc_hd__dfrtp_1)
                                              2.866642   data arrival time

                                 10.000000   10.000000   clock clk (rise edge)
                                  0.000000   10.000000   clock source latency
     1    0.019874    0.095206    0.065702   10.065702 ^ clk (in)
                      0.095230    0.000000   10.065702 ^ clkbuf_0_clk/A (sky130_fd_sc_hd__clkbuf_16)
     2    0.017801    0.040015    0.141789   10.207491 ^ clkbuf_0_clk/X (sky130_fd_sc_hd__clkbuf_16)
                      0.040015    0.000136   10.207627 ^ clkbuf_1_1__f_clk/A (sky130_fd_sc_hd__clkbuf_16)
     4    0.015374    0.037907    0.119178   10.326804 ^ clkbuf_1_1__f_clk/X (sky130_fd_sc_hd__clkbuf_16)
                      0.037907    0.000153   10.326958 ^ _43_/CLK (sky130_fd_sc_hd__dfrtp_1)
                                 -0.250000   10.076958   clock uncertainty
                                  0.000000   10.076958   clock reconvergence pessimism
                                 -0.074451   10.002506   library setup time
                                             10.002506   data required time
---------------------------------------------------------------------------------------------
                                             10.002506   data required time
                                             -2.866642   data arrival time
---------------------------------------------------------------------------------------------
                                              7.135865   slack (MET)


Startpoint: enable (input port clocked by clk)
Endpoint: _40_ (rising edge-triggered flip-flop clocked by clk)
Path Group: clk
Path Type: max

Fanout         Cap        Slew       Delay        Time   Description
---------------------------------------------------------------------------------------------
                                  0.000000    0.000000   clock clk (rise edge)
                                  0.000000    0.000000   clock network delay (propagated)
                                  2.000000    2.000000 v input external delay
     1    0.002934    0.008943    0.004649    2.004648 v enable (in)
                      0.008943    0.000000    2.004648 v input1/A (sky130_fd_sc_hd__clkbuf_2)
     4    0.025446    0.101472    0.147918    2.152566 v input1/X (sky130_fd_sc_hd__clkbuf_2)
                      0.101506    0.001775    2.154342 v _19_/D (sky130_fd_sc_hd__and4_1)
     6    0.018629    0.102419    0.286529    2.440871 v _19_/X (sky130_fd_sc_hd__and4_1)
                      0.102419    0.000377    2.441248 v _30_/B (sky130_fd_sc_hd__or2_1)
     1    0.001855    0.042813    0.215834    2.657082 v _30_/X (sky130_fd_sc_hd__or2_1)
                      0.042813    0.000017    2.657099 v _31_/B (sky130_fd_sc_hd__and2_1)
     1    0.002228    0.032662    0.145679    2.802778 v _31_/X (sky130_fd_sc_hd__and2_1)
                      0.032662    0.000011    2.802789 v _40_/D (sky130_fd_sc_hd__dfrtp_4)
                                              2.802789   data arrival time

                                 10.000000   10.000000   clock clk (rise edge)
                                  0.000000   10.000000   clock source latency
     1    0.019874    0.095206    0.065702   10.065702 ^ clk (in)
                      0.095230    0.000000   10.065702 ^ clkbuf_0_clk/A (sky130_fd_sc_hd__clkbuf_16)
     2    0.017801    0.040015    0.141789   10.207491 ^ clkbuf_0_clk/X (sky130_fd_sc_hd__clkbuf_16)
                      0.040015    0.000177   10.207668 ^ clkbuf_1_0__f_clk/A (sky130_fd_sc_hd__clkbuf_16)
     5    0.016269    0.038664    0.120078   10.327746 ^ clkbuf_1_0__f_clk/X (sky130_fd_sc_hd__clkbuf_16)
                      0.038671    0.000094   10.327840 ^ _40_/CLK (sky130_fd_sc_hd__dfrtp_4)
                                 -0.250000   10.077840   clock uncertainty
                                  0.000000   10.077840   clock reconvergence pessimism
                                 -0.110336    9.967504   library setup time
                                              9.967504   data required time
---------------------------------------------------------------------------------------------
                                              9.967504   data required time
                                             -2.802789   data arrival time
---------------------------------------------------------------------------------------------
                                              7.164715   slack (MET)


Startpoint: enable (input port clocked by clk)
Endpoint: _41_ (rising edge-triggered flip-flop clocked by clk)
Path Group: clk
Path Type: max

Fanout         Cap        Slew       Delay        Time   Description
---------------------------------------------------------------------------------------------
                                  0.000000    0.000000   clock clk (rise edge)
                                  0.000000    0.000000   clock network delay (propagated)
                                  2.000000    2.000000 ^ input external delay
     1    0.003164    0.021304    0.011579    2.011580 ^ enable (in)
                      0.021304    0.000000    2.011580 ^ input1/A (sky130_fd_sc_hd__clkbuf_2)
     4    0.026243    0.147098    0.168503    2.180083 ^ input1/X (sky130_fd_sc_hd__clkbuf_2)
                      0.147132    0.001840    2.181923 ^ _19_/D (sky130_fd_sc_hd__and4_1)
     6    0.019574    0.198629    0.324392    2.506315 ^ _19_/X (sky130_fd_sc_hd__and4_1)
                      0.198629    0.000418    2.506733 ^ _20_/B (sky130_fd_sc_hd__nand2_1)
     2    0.007002    0.074152    0.108675    2.615408 v _20_/Y (sky130_fd_sc_hd__nand2_1)
                      0.074152    0.000107    2.615515 v _32_/B (sky130_fd_sc_hd__xnor2_1)
     1    0.002295    0.042118    0.126677    2.742193 v _32_/Y (sky130_fd_sc_hd__xnor2_1)
                      0.042118    0.000020    2.742212 v _41_/D (sky130_fd_sc_hd__dfrtp_4)
                                              2.742212   data arrival time

                                 10.000000   10.000000   clock clk (rise edge)
                                  0.000000   10.000000   clock source latency
     1    0.019874    0.095206    0.065702   10.065702 ^ clk (in)
                      0.095230    0.000000   10.065702 ^ clkbuf_0_clk/A (sky130_fd_sc_hd__clkbuf_16)
     2    0.017801    0.040015    0.141789   10.207491 ^ clkbuf_0_clk/X (sky130_fd_sc_hd__clkbuf_16)
                      0.040015    0.000136   10.207627 ^ clkbuf_1_1__f_clk/A (sky130_fd_sc_hd__clkbuf_16)
     4    0.015374    0.037907    0.119178   10.326804 ^ clkbuf_1_1__f_clk/X (sky130_fd_sc_hd__clkbuf_16)
                      0.037907    0.000298   10.327102 ^ _41_/CLK (sky130_fd_sc_hd__dfrtp_4)
                                 -0.250000   10.077102   clock uncertainty
                                  0.000000   10.077102   clock reconvergence pessimism
                                 -0.114638    9.962464   library setup time
                                              9.962464   data required time
---------------------------------------------------------------------------------------------
                                              9.962464   data required time
                                             -2.742212   data arrival time
---------------------------------------------------------------------------------------------
                                              7.220252   slack (MET)


Startpoint: enable (input port clocked by clk)
Endpoint: _39_ (rising edge-triggered flip-flop clocked by clk)
Path Group: clk
Path Type: max

Fanout         Cap        Slew       Delay        Time   Description
---------------------------------------------------------------------------------------------
                                  0.000000    0.000000   clock clk (rise edge)
                                  0.000000    0.000000   clock network delay (propagated)
                                  2.000000    2.000000 ^ input external delay
     1    0.003164    0.021304    0.011579    2.011580 ^ enable (in)
                      0.021304    0.000000    2.011580 ^ input1/A (sky130_fd_sc_hd__clkbuf_2)
     4    0.026243    0.147098    0.168503    2.180083 ^ input1/X (sky130_fd_sc_hd__clkbuf_2)
                      0.147132    0.001840    2.181923 ^ _19_/D (sky130_fd_sc_hd__and4_1)
     6    0.019574    0.198629    0.324392    2.506315 ^ _19_/X (sky130_fd_sc_hd__and4_1)
                      0.198629    0.000178    2.506493 ^ _29_/A (sky130_fd_sc_hd__nor2_1)
     1    0.002488    0.049917    0.071349    2.577842 v _29_/Y (sky130_fd_sc_hd__nor2_1)
                      0.049917    0.000024    2.577867 v _39_/D (sky130_fd_sc_hd__dfrtp_1)
                                              2.577867   data arrival time

                                 10.000000   10.000000   clock clk (rise edge)
                                  0.000000   10.000000   clock source latency
     1    0.019874    0.095206    0.065702   10.065702 ^ clk (in)
                      0.095230    0.000000   10.065702 ^ clkbuf_0_clk/A (sky130_fd_sc_hd__clkbuf_16)
     2    0.017801    0.040015    0.141789   10.207491 ^ clkbuf_0_clk/X (sky130_fd_sc_hd__clkbuf_16)
                      0.040015    0.000177   10.207668 ^ clkbuf_1_0__f_clk/A (sky130_fd_sc_hd__clkbuf_16)
     5    0.016269    0.038664    0.120078   10.327746 ^ clkbuf_1_0__f_clk/X (sky130_fd_sc_hd__clkbuf_16)
                      0.038671    0.000073   10.327819 ^ _39_/CLK (sky130_fd_sc_hd__dfrtp_1)
                                 -0.250000   10.077819   clock uncertainty
                                  0.000000   10.077819   clock reconvergence pessimism
                                 -0.117868    9.959951   library setup time
                                              9.959951   data required time
---------------------------------------------------------------------------------------------
                                              9.959951   data required time
                                             -2.577867   data arrival time
---------------------------------------------------------------------------------------------
                                              7.382085   slack (MET)


Startpoint: enable (input port clocked by clk)
Endpoint: _38_ (rising edge-triggered flip-flop clocked by clk)
Path Group: clk
Path Type: max

Fanout         Cap        Slew       Delay        Time   Description
---------------------------------------------------------------------------------------------
                                  0.000000    0.000000   clock clk (rise edge)
                                  0.000000    0.000000   clock network delay (propagated)
                                  2.000000    2.000000 ^ input external delay
     1    0.003164    0.021304    0.011579    2.011580 ^ enable (in)
                      0.021304    0.000000    2.011580 ^ input1/A (sky130_fd_sc_hd__clkbuf_2)
     4    0.026243    0.147098    0.168503    2.180083 ^ input1/X (sky130_fd_sc_hd__clkbuf_2)
                      0.147133    0.001868    2.181950 ^ _18_/C (sky130_fd_sc_hd__and3_1)
     2    0.007260    0.088475    0.202908    2.384859 ^ _18_/X (sky130_fd_sc_hd__and3_1)
                      0.088475    0.000058    2.384917 ^ _27_/A (sky130_fd_sc_hd__nor2_1)
     1    0.002973    0.035086    0.053751    2.438668 v _27_/Y (sky130_fd_sc_hd__nor2_1)
                      0.035086    0.000036    2.438704 v _38_/D (sky130_fd_sc_hd__dfrtp_1)
                                              2.438704   data arrival time

                                 10.000000   10.000000   clock clk (rise edge)
                                  0.000000   10.000000   clock source latency
     1    0.019874    0.095206    0.065702   10.065702 ^ clk (in)
                      0.095230    0.000000   10.065702 ^ clkbuf_0_clk/A (sky130_fd_sc_hd__clkbuf_16)
     2    0.017801    0.040015    0.141789   10.207491 ^ clkbuf_0_clk/X (sky130_fd_sc_hd__clkbuf_16)
                      0.040015    0.000177   10.207668 ^ clkbuf_1_0__f_clk/A (sky130_fd_sc_hd__clkbuf_16)
     5    0.016269    0.038664    0.120078   10.327746 ^ clkbuf_1_0__f_clk/X (sky130_fd_sc_hd__clkbuf_16)
                      0.038671    0.000115   10.327862 ^ _38_/CLK (sky130_fd_sc_hd__dfrtp_1)
                                 -0.250000   10.077862   clock uncertainty
                                  0.000000   10.077862   clock reconvergence pessimism
                                 -0.111395    9.966467   library setup time
                                              9.966467   data required time
---------------------------------------------------------------------------------------------
                                              9.966467   data required time
                                             -2.438704   data arrival time
---------------------------------------------------------------------------------------------
                                              7.527762   slack (MET)


Startpoint: enable (input port clocked by clk)
Endpoint: _37_ (rising edge-triggered flip-flop clocked by clk)
Path Group: clk
Path Type: max

Fanout         Cap        Slew       Delay        Time   Description
---------------------------------------------------------------------------------------------
                                  0.000000    0.000000   clock clk (rise edge)
                                  0.000000    0.000000   clock network delay (propagated)
                                  2.000000    2.000000 v input external delay
     1    0.002934    0.008943    0.004649    2.004648 v enable (in)
                      0.008943    0.000000    2.004648 v input1/A (sky130_fd_sc_hd__clkbuf_2)
     4    0.025446    0.101472    0.147918    2.152566 v input1/X (sky130_fd_sc_hd__clkbuf_2)
                      0.101508    0.001813    2.154380 v _25_/B (sky130_fd_sc_hd__xor2_1)
     1    0.002711    0.057109    0.157113    2.311493 v _25_/X (sky130_fd_sc_hd__xor2_1)
                      0.057109    0.000030    2.311523 v _37_/D (sky130_fd_sc_hd__dfrtp_2)
                                              2.311523   data arrival time

                                 10.000000   10.000000   clock clk (rise edge)
                                  0.000000   10.000000   clock source latency
     1    0.019874    0.095206    0.065702   10.065702 ^ clk (in)
                      0.095230    0.000000   10.065702 ^ clkbuf_0_clk/A (sky130_fd_sc_hd__clkbuf_16)
     2    0.017801    0.040015    0.141789   10.207491 ^ clkbuf_0_clk/X (sky130_fd_sc_hd__clkbuf_16)
                      0.040015    0.000177   10.207668 ^ clkbuf_1_0__f_clk/A (sky130_fd_sc_hd__clkbuf_16)
     5    0.016269    0.038664    0.120078   10.327746 ^ clkbuf_1_0__f_clk/X (sky130_fd_sc_hd__clkbuf_16)
                      0.038671    0.000101   10.327847 ^ _37_/CLK (sky130_fd_sc_hd__dfrtp_2)
                                 -0.250000   10.077847   clock uncertainty
                                  0.000000   10.077847   clock reconvergence pessimism
                                 -0.122274    9.955573   library setup time
                                              9.955573   data required time
---------------------------------------------------------------------------------------------
                                              9.955573   data required time
                                             -2.311523   data arrival time
---------------------------------------------------------------------------------------------
                                              7.644050   slack (MET)


Startpoint: rst_n (input port clocked by clk)
Endpoint: _41_ (recovery check against rising-edge clock clk)
Path Group: asynchronous
Path Type: max

Fanout         Cap        Slew       Delay        Time   Description
---------------------------------------------------------------------------------------------
                                  0.000000    0.000000   clock clk (rise edge)
                                  0.000000    0.000000   clock network delay (propagated)
                                  2.000000    2.000000 ^ input external delay
     1    0.002844    0.019923    0.010455    2.010455 ^ rst_n (in)
                      0.019923    0.000000    2.010455 ^ input2/A (sky130_fd_sc_hd__clkbuf_4)
     8    0.053441    0.165391    0.213237    2.223691 ^ input2/X (sky130_fd_sc_hd__clkbuf_4)
                      0.165569    0.004437    2.228128 ^ _41_/RESET_B (sky130_fd_sc_hd__dfrtp_4)
                                              2.228128   data arrival time

                                 10.000000   10.000000   clock clk (rise edge)
                                  0.000000   10.000000   clock source latency
     1    0.019874    0.095206    0.065702   10.065702 ^ clk (in)
                      0.095230    0.000000   10.065702 ^ clkbuf_0_clk/A (sky130_fd_sc_hd__clkbuf_16)
     2    0.017801    0.040015    0.141789   10.207491 ^ clkbuf_0_clk/X (sky130_fd_sc_hd__clkbuf_16)
                      0.040015    0.000136   10.207627 ^ clkbuf_1_1__f_clk/A (sky130_fd_sc_hd__clkbuf_16)
     4    0.015374    0.037907    0.119178   10.326804 ^ clkbuf_1_1__f_clk/X (sky130_fd_sc_hd__clkbuf_16)
                      0.037907    0.000298   10.327102 ^ _41_/CLK (sky130_fd_sc_hd__dfrtp_4)
                                 -0.250000   10.077102   clock uncertainty
                                  0.000000   10.077102   clock reconvergence pessimism
                                  0.175937   10.253039   library recovery time
                                             10.253039   data required time
---------------------------------------------------------------------------------------------
                                             10.253039   data required time
                                             -2.228128   data arrival time
---------------------------------------------------------------------------------------------
                                              8.024912   slack (MET)


Startpoint: rst_n (input port clocked by clk)
Endpoint: _40_ (recovery check against rising-edge clock clk)
Path Group: asynchronous
Path Type: max

Fanout         Cap        Slew       Delay        Time   Description
---------------------------------------------------------------------------------------------
                                  0.000000    0.000000   clock clk (rise edge)
                                  0.000000    0.000000   clock network delay (propagated)
                                  2.000000    2.000000 ^ input external delay
     1    0.002844    0.019923    0.010455    2.010455 ^ rst_n (in)
                      0.019923    0.000000    2.010455 ^ input2/A (sky130_fd_sc_hd__clkbuf_4)
     8    0.053441    0.165391    0.213237    2.223691 ^ input2/X (sky130_fd_sc_hd__clkbuf_4)
                      0.165571    0.004458    2.228150 ^ _40_/RESET_B (sky130_fd_sc_hd__dfrtp_4)
                                              2.228150   data arrival time

                                 10.000000   10.000000   clock clk (rise edge)
                                  0.000000   10.000000   clock source latency
     1    0.019874    0.095206    0.065702   10.065702 ^ clk (in)
                      0.095230    0.000000   10.065702 ^ clkbuf_0_clk/A (sky130_fd_sc_hd__clkbuf_16)
     2    0.017801    0.040015    0.141789   10.207491 ^ clkbuf_0_clk/X (sky130_fd_sc_hd__clkbuf_16)
                      0.040015    0.000177   10.207668 ^ clkbuf_1_0__f_clk/A (sky130_fd_sc_hd__clkbuf_16)
     5    0.016269    0.038664    0.120078   10.327746 ^ clkbuf_1_0__f_clk/X (sky130_fd_sc_hd__clkbuf_16)
                      0.038671    0.000094   10.327840 ^ _40_/CLK (sky130_fd_sc_hd__dfrtp_4)
                                 -0.250000   10.077840   clock uncertainty
                                  0.000000   10.077840   clock reconvergence pessimism
                                  0.176177   10.254018   library recovery time
                                             10.254018   data required time
---------------------------------------------------------------------------------------------
                                             10.254018   data required time
                                             -2.228150   data arrival time
---------------------------------------------------------------------------------------------
                                              8.025868   slack (MET)


Startpoint: rst_n (input port clocked by clk)
Endpoint: _37_ (recovery check against rising-edge clock clk)
Path Group: asynchronous
Path Type: max

Fanout         Cap        Slew       Delay        Time   Description
---------------------------------------------------------------------------------------------
                                  0.000000    0.000000   clock clk (rise edge)
                                  0.000000    0.000000   clock network delay (propagated)
                                  2.000000    2.000000 ^ input external delay
     1    0.002844    0.019923    0.010455    2.010455 ^ rst_n (in)
                      0.019923    0.000000    2.010455 ^ input2/A (sky130_fd_sc_hd__clkbuf_4)
     8    0.053441    0.165391    0.213237    2.223691 ^ input2/X (sky130_fd_sc_hd__clkbuf_4)
                      0.165473    0.003023    2.226714 ^ _37_/RESET_B (sky130_fd_sc_hd__dfrtp_2)
                                              2.226714   data arrival time

                                 10.000000   10.000000   clock clk (rise edge)
                                  0.000000   10.000000   clock source latency
     1    0.019874    0.095206    0.065702   10.065702 ^ clk (in)
                      0.095230    0.000000   10.065702 ^ clkbuf_0_clk/A (sky130_fd_sc_hd__clkbuf_16)
     2    0.017801    0.040015    0.141789   10.207491 ^ clkbuf_0_clk/X (sky130_fd_sc_hd__clkbuf_16)
                      0.040015    0.000177   10.207668 ^ clkbuf_1_0__f_clk/A (sky130_fd_sc_hd__clkbuf_16)
     5    0.016269    0.038664    0.120078   10.327746 ^ clkbuf_1_0__f_clk/X (sky130_fd_sc_hd__clkbuf_16)
                      0.038671    0.000101   10.327847 ^ _37_/CLK (sky130_fd_sc_hd__dfrtp_2)
                                 -0.250000   10.077847   clock uncertainty
                                  0.000000   10.077847   clock reconvergence pessimism
                                  0.181254   10.259102   library recovery time
                                             10.259102   data required time
---------------------------------------------------------------------------------------------
                                             10.259102   data required time
                                             -2.226714   data arrival time
---------------------------------------------------------------------------------------------
                                              8.032388   slack (MET)


Startpoint: rst_n (input port clocked by clk)
Endpoint: _42_ (recovery check against rising-edge clock clk)
Path Group: asynchronous
Path Type: max

Fanout         Cap        Slew       Delay        Time   Description
---------------------------------------------------------------------------------------------
                                  0.000000    0.000000   clock clk (rise edge)
                                  0.000000    0.000000   clock network delay (propagated)
                                  2.000000    2.000000 ^ input external delay
     1    0.002844    0.019923    0.010455    2.010455 ^ rst_n (in)
                      0.019923    0.000000    2.010455 ^ input2/A (sky130_fd_sc_hd__clkbuf_4)
     8    0.053441    0.165391    0.213237    2.223691 ^ input2/X (sky130_fd_sc_hd__clkbuf_4)
                      0.165560    0.004324    2.228015 ^ _42_/RESET_B (sky130_fd_sc_hd__dfrtp_1)
                                              2.228015   data arrival time

                                 10.000000   10.000000   clock clk (rise edge)
                                  0.000000   10.000000   clock source latency
     1    0.019874    0.095206    0.065702   10.065702 ^ clk (in)
                      0.095230    0.000000   10.065702 ^ clkbuf_0_clk/A (sky130_fd_sc_hd__clkbuf_16)
     2    0.017801    0.040015    0.141789   10.207491 ^ clkbuf_0_clk/X (sky130_fd_sc_hd__clkbuf_16)
                      0.040015    0.000136   10.207627 ^ clkbuf_1_1__f_clk/A (sky130_fd_sc_hd__clkbuf_16)
     4    0.015374    0.037907    0.119178   10.326804 ^ clkbuf_1_1__f_clk/X (sky130_fd_sc_hd__clkbuf_16)
                      0.037907    0.000248   10.327052 ^ _42_/CLK (sky130_fd_sc_hd__dfrtp_1)
                                 -0.250000   10.077052   clock uncertainty
                                  0.000000   10.077052   clock reconvergence pessimism
                                  0.196911   10.273963   library recovery time
                                             10.273963   data required time
---------------------------------------------------------------------------------------------
                                             10.273963   data required time
                                             -2.228015   data arrival time
---------------------------------------------------------------------------------------------
                                              8.045948   slack (MET)


Startpoint: rst_n (input port clocked by clk)
Endpoint: _43_ (recovery check against rising-edge clock clk)
Path Group: asynchronous
Path Type: max

Fanout         Cap        Slew       Delay        Time   Description
---------------------------------------------------------------------------------------------
                                  0.000000    0.000000   clock clk (rise edge)
                                  0.000000    0.000000   clock network delay (propagated)
                                  2.000000    2.000000 ^ input external delay
     1    0.002844    0.019923    0.010455    2.010455 ^ rst_n (in)
                      0.019923    0.000000    2.010455 ^ input2/A (sky130_fd_sc_hd__clkbuf_4)
     8    0.053441    0.165391    0.213237    2.223691 ^ input2/X (sky130_fd_sc_hd__clkbuf_4)
                      0.165545    0.004136    2.227828 ^ _43_/RESET_B (sky130_fd_sc_hd__dfrtp_1)
                                              2.227828   data arrival time

                                 10.000000   10.000000   clock clk (rise edge)
                                  0.000000   10.000000   clock source latency
     1    0.019874    0.095206    0.065702   10.065702 ^ clk (in)
                      0.095230    0.000000   10.065702 ^ clkbuf_0_clk/A (sky130_fd_sc_hd__clkbuf_16)
     2    0.017801    0.040015    0.141789   10.207491 ^ clkbuf_0_clk/X (sky130_fd_sc_hd__clkbuf_16)
                      0.040015    0.000136   10.207627 ^ clkbuf_1_1__f_clk/A (sky130_fd_sc_hd__clkbuf_16)
     4    0.015374    0.037907    0.119178   10.326804 ^ clkbuf_1_1__f_clk/X (sky130_fd_sc_hd__clkbuf_16)
                      0.037907    0.000153   10.326958 ^ _43_/CLK (sky130_fd_sc_hd__dfrtp_1)
                                 -0.250000   10.076958   clock uncertainty
                                  0.000000   10.076958   clock reconvergence pessimism
                                  0.196914   10.273871   library recovery time
                                             10.273871   data required time
---------------------------------------------------------------------------------------------
                                             10.273871   data required time
                                             -2.227828   data arrival time
---------------------------------------------------------------------------------------------
                                              8.046044   slack (MET)


Startpoint: rst_n (input port clocked by clk)
Endpoint: _44_ (recovery check against rising-edge clock clk)
Path Group: asynchronous
Path Type: max

Fanout         Cap        Slew       Delay        Time   Description
---------------------------------------------------------------------------------------------
                                  0.000000    0.000000   clock clk (rise edge)
                                  0.000000    0.000000   clock network delay (propagated)
                                  2.000000    2.000000 ^ input external delay
     1    0.002844    0.019923    0.010455    2.010455 ^ rst_n (in)
                      0.019923    0.000000    2.010455 ^ input2/A (sky130_fd_sc_hd__clkbuf_4)
     8    0.053441    0.165391    0.213237    2.223691 ^ input2/X (sky130_fd_sc_hd__clkbuf_4)
                      0.165533    0.003970    2.227661 ^ _44_/RESET_B (sky130_fd_sc_hd__dfrtp_1)
                                              2.227661   data arrival time

                                 10.000000   10.000000   clock clk (rise edge)
                                  0.000000   10.000000   clock source latency
     1    0.019874    0.095206    0.065702   10.065702 ^ clk (in)
                      0.095230    0.000000   10.065702 ^ clkbuf_0_clk/A (sky130_fd_sc_hd__clkbuf_16)
     2    0.017801    0.040015    0.141789   10.207491 ^ clkbuf_0_clk/X (sky130_fd_sc_hd__clkbuf_16)
                      0.040015    0.000136   10.207627 ^ clkbuf_1_1__f_clk/A (sky130_fd_sc_hd__clkbuf_16)
     4    0.015374    0.037907    0.119178   10.326804 ^ clkbuf_1_1__f_clk/X (sky130_fd_sc_hd__clkbuf_16)
                      0.037907    0.000174   10.326979 ^ _44_/CLK (sky130_fd_sc_hd__dfrtp_1)
                                 -0.250000   10.076979   clock uncertainty
                                  0.000000   10.076979   clock reconvergence pessimism
                                  0.196918   10.273896   library recovery time
                                             10.273896   data required time
---------------------------------------------------------------------------------------------
                                             10.273896   data required time
                                             -2.227661   data arrival time
---------------------------------------------------------------------------------------------
                                              8.046235   slack (MET)


Startpoint: rst_n (input port clocked by clk)
Endpoint: _39_ (recovery check against rising-edge clock clk)
Path Group: asynchronous
Path Type: max

Fanout         Cap        Slew       Delay        Time   Description
---------------------------------------------------------------------------------------------
                                  0.000000    0.000000   clock clk (rise edge)
                                  0.000000    0.000000   clock network delay (propagated)
                                  2.000000    2.000000 ^ input external delay
     1    0.002844    0.019923    0.010455    2.010455 ^ rst_n (in)
                      0.019923    0.000000    2.010455 ^ input2/A (sky130_fd_sc_hd__clkbuf_4)
     8    0.053441    0.165391    0.213237    2.223691 ^ input2/X (sky130_fd_sc_hd__clkbuf_4)
                      0.165514    0.003703    2.227394 ^ _39_/RESET_B (sky130_fd_sc_hd__dfrtp_1)
                                              2.227394   data arrival time

                                 10.000000   10.000000   clock clk (rise edge)
                                  0.000000   10.000000   clock source latency
     1    0.019874    0.095206    0.065702   10.065702 ^ clk (in)
                      0.095230    0.000000   10.065702 ^ clkbuf_0_clk/A (sky130_fd_sc_hd__clkbuf_16)
     2    0.017801    0.040015    0.141789   10.207491 ^ clkbuf_0_clk/X (sky130_fd_sc_hd__clkbuf_16)
                      0.040015    0.000177   10.207668 ^ clkbuf_1_0__f_clk/A (sky130_fd_sc_hd__clkbuf_16)
     5    0.016269    0.038664    0.120078   10.327746 ^ clkbuf_1_0__f_clk/X (sky130_fd_sc_hd__clkbuf_16)
                      0.038671    0.000073   10.327819 ^ _39_/CLK (sky130_fd_sc_hd__dfrtp_1)
                                 -0.250000   10.077819   clock uncertainty
                                  0.000000   10.077819   clock reconvergence pessimism
                                  0.197161   10.274980   library recovery time
                                             10.274980   data required time
---------------------------------------------------------------------------------------------
                                             10.274980   data required time
                                             -2.227394   data arrival time
---------------------------------------------------------------------------------------------
                                              8.047585   slack (MET)


Startpoint: rst_n (input port clocked by clk)
Endpoint: _38_ (recovery check against rising-edge clock clk)
Path Group: asynchronous
Path Type: max

Fanout         Cap        Slew       Delay        Time   Description
---------------------------------------------------------------------------------------------
                                  0.000000    0.000000   clock clk (rise edge)
                                  0.000000    0.000000   clock network delay (propagated)
                                  2.000000    2.000000 ^ input external delay
     1    0.002844    0.019923    0.010455    2.010455 ^ rst_n (in)
                      0.019923    0.000000    2.010455 ^ input2/A (sky130_fd_sc_hd__clkbuf_4)
     8    0.053441    0.165391    0.213237    2.223691 ^ input2/X (sky130_fd_sc_hd__clkbuf_4)
                      0.165458    0.002737    2.226428 ^ _38_/RESET_B (sky130_fd_sc_hd__dfrtp_1)
                                              2.226428   data arrival time

                                 10.000000   10.000000   clock clk (rise edge)
                                  0.000000   10.000000   clock source latency
     1    0.019874    0.095206    0.065702   10.065702 ^ clk (in)
                      0.095230    0.000000   10.065702 ^ clkbuf_0_clk/A (sky130_fd_sc_hd__clkbuf_16)
     2    0.017801    0.040015    0.141789   10.207491 ^ clkbuf_0_clk/X (sky130_fd_sc_hd__clkbuf_16)
                      0.040015    0.000177   10.207668 ^ clkbuf_1_0__f_clk/A (sky130_fd_sc_hd__clkbuf_16)
     5    0.016269    0.038664    0.120078   10.327746 ^ clkbuf_1_0__f_clk/X (sky130_fd_sc_hd__clkbuf_16)
                      0.038671    0.000115   10.327862 ^ _38_/CLK (sky130_fd_sc_hd__dfrtp_1)
                                 -0.250000   10.077862   clock uncertainty
                                  0.000000   10.077862   clock reconvergence pessimism
                                  0.197175   10.275037   library recovery time
                                             10.275037   data required time
---------------------------------------------------------------------------------------------
                                             10.275037   data required time
                                             -2.226428   data arrival time
---------------------------------------------------------------------------------------------
                                              8.048609   slack (MET)



