
===========================================================================
report_checks -path_delay min (Hold)
============================================================================
======================= min_tt_025C_1v80 Corner ===================================

Warning: corner.tcl line 57, unknown field nets.
Warning: corner.tcl line 57, report_checks -group_count is deprecated. Use -group_path_count instead.
Startpoint: _39_ (rising edge-triggered flip-flop clocked by clk)
Endpoint: _39_ (rising edge-triggered flip-flop clocked by clk)
Path Group: clk
Path Type: min

Fanout         Cap        Slew       Delay        Time   Description
---------------------------------------------------------------------------------------------
                                  0.000000    0.000000   clock clk (rise edge)
                                  0.000000    0.000000   clock source latency
     1    0.019874    0.095206    0.065702    0.065702 ^ clk (in)
                      0.095230    0.000000    0.065702 ^ clkbuf_0_clk/A (sky130_fd_sc_hd__clkbuf_16)
     2    0.017801    0.040015    0.141788    0.207491 ^ clkbuf_0_clk/X (sky130_fd_sc_hd__clkbuf_16)
                      0.040015    0.000176    0.207667 ^ clkbuf_1_0__f_clk/A (sky130_fd_sc_hd__clkbuf_16)
     5    0.016269    0.038664    0.120079    0.327746 ^ clkbuf_1_0__f_clk/X (sky130_fd_sc_hd__clkbuf_16)
                      0.038671    0.000073    0.327819 ^ _39_/CLK (sky130_fd_sc_hd__dfrtp_1)
     3    0.019465    0.178105    0.417919    0.745738 ^ _39_/Q (sky130_fd_sc_hd__dfrtp_1)
                      0.178105    0.000237    0.745975 ^ _28_/A (sky130_fd_sc_hd__nor2_1)
     1    0.002984    0.029903    0.071706    0.817681 v _28_/Y (sky130_fd_sc_hd__nor2_1)
                      0.029903    0.000032    0.817713 v _29_/B (sky130_fd_sc_hd__nor2_1)
     1    0.002545    0.071760    0.072982    0.890695 ^ _29_/Y (sky130_fd_sc_hd__nor2_1)
                      0.071760    0.000025    0.890720 ^ _39_/D (sky130_fd_sc_hd__dfrtp_1)
                                              0.890720   data arrival time

                                  0.000000    0.000000   clock clk (rise edge)
                                  0.000000    0.000000   clock source latency
     1    0.019874    0.095206    0.065702    0.065702 ^ clk (in)
                      0.095230    0.000000    0.065702 ^ clkbuf_0_clk/A (sky130_fd_sc_hd__clkbuf_16)
     2    0.017801    0.040015    0.141788    0.207491 ^ clkbuf_0_clk/X (sky130_fd_sc_hd__clkbuf_16)
                      0.040015    0.000176    0.207667 ^ clkbuf_1_0__f_clk/A (sky130_fd_sc_hd__clkbuf_16)
     5    0.016269    0.038664    0.120079    0.327746 ^ clkbuf_1_0__f_clk/X (sky130_fd_sc_hd__clkbuf_16)
                      0.038671    0.000073    0.327819 ^ _39_/CLK (sky130_fd_sc_hd__dfrtp_1)
                                  0.250000    0.577819   clock uncertainty
                                  0.000000    0.577819   clock reconvergence pessimism
                                 -0.041242    0.536577   library hold time
                                              0.536577   data required time
---------------------------------------------------------------------------------------------
                                              0.536577   data required time
                                             -0.890720   data arrival time
---------------------------------------------------------------------------------------------
                                              0.354143   slack (MET)


Startpoint: _37_ (rising edge-triggered flip-flop clocked by clk)
Endpoint: _38_ (rising edge-triggered flip-flop clocked by clk)
Path Group: clk
Path Type: min

Fanout         Cap        Slew       Delay        Time   Description
---------------------------------------------------------------------------------------------
                                  0.000000    0.000000   clock clk (rise edge)
                                  0.000000    0.000000   clock source latency
     1    0.019874    0.095206    0.065702    0.065702 ^ clk (in)
                      0.095230    0.000000    0.065702 ^ clkbuf_0_clk/A (sky130_fd_sc_hd__clkbuf_16)
     2    0.017801    0.040015    0.141788    0.207491 ^ clkbuf_0_clk/X (sky130_fd_sc_hd__clkbuf_16)
                      0.040015    0.000176    0.207667 ^ clkbuf_1_0__f_clk/A (sky130_fd_sc_hd__clkbuf_16)
     5    0.016269    0.038664    0.120079    0.327746 ^ clkbuf_1_0__f_clk/X (sky130_fd_sc_hd__clkbuf_16)
                      0.038671    0.000101    0.327847 ^ _37_/CLK (sky130_fd_sc_hd__dfrtp_2)
     5    0.022404    0.121197    0.406089    0.733936 ^ _37_/Q (sky130_fd_sc_hd__dfrtp_2)
                      0.121197    0.000166    0.734102 ^ _26_/A1 (sky130_fd_sc_hd__a21oi_1)
     1    0.003000    0.050469    0.079207    0.813309 v _26_/Y (sky130_fd_sc_hd__a21oi_1)
                      0.050469    0.000033    0.813342 v _27_/B (sky130_fd_sc_hd__nor2_1)
     1    0.003030    0.079290    0.085957    0.899298 ^ _27_/Y (sky130_fd_sc_hd__nor2_1)
                      0.079290    0.000037    0.899335 ^ _38_/D (sky130_fd_sc_hd__dfrtp_1)
                                              0.899335   data arrival time

                                  0.000000    0.000000   clock clk (rise edge)
                                  0.000000    0.000000   clock source latency
     1    0.019874    0.095206    0.065702    0.065702 ^ clk (in)
                      0.095230    0.000000    0.065702 ^ clkbuf_0_clk/A (sky130_fd_sc_hd__clkbuf_16)
     2    0.017801    0.040015    0.141788    0.207491 ^ clkbuf_0_clk/X (sky130_fd_sc_hd__clkbuf_16)
                      0.040015    0.000176    0.207667 ^ clkbuf_1_0__f_clk/A (sky130_fd_sc_hd__clkbuf_16)
     5    0.016269    0.038664    0.120079    0.327746 ^ clkbuf_1_0__f_clk/X (sky130_fd_sc_hd__clkbuf_16)
                      0.038671    0.000116    0.327862 ^ _38_/CLK (sky130_fd_sc_hd__dfrtp_1)
                                  0.250000    0.577862   clock uncertainty
                                  0.000000    0.577862   clock reconvergence pessimism
                                 -0.042822    0.535040   library hold time
                                              0.535040   data required time
---------------------------------------------------------------------------------------------
                                              0.535040   data required time
                                             -0.899335   data arrival time
---------------------------------------------------------------------------------------------
                                              0.364296   slack (MET)


Startpoint: _42_ (rising edge-triggered flip-flop clocked by clk)
Endpoint: _42_ (rising edge-triggered flip-flop clocked by clk)
Path Group: clk
Path Type: min

Fanout         Cap        Slew       Delay        Time   Description
---------------------------------------------------------------------------------------------
                                  0.000000    0.000000   clock clk (rise edge)
                                  0.000000    0.000000   clock source latency
     1    0.019874    0.095206    0.065702    0.065702 ^ clk (in)
                      0.095230    0.000000    0.065702 ^ clkbuf_0_clk/A (sky130_fd_sc_hd__clkbuf_16)
     2    0.017801    0.040015    0.141788    0.207491 ^ clkbuf_0_clk/X (sky130_fd_sc_hd__clkbuf_16)
                      0.040015    0.000136    0.207627 ^ clkbuf_1_1__f_clk/A (sky130_fd_sc_hd__clkbuf_16)
     4    0.015374    0.037907    0.119178    0.326805 ^ clkbuf_1_1__f_clk/X (sky130_fd_sc_hd__clkbuf_16)
                      0.037907    0.000248    0.327052 ^ _42_/CLK (sky130_fd_sc_hd__dfrtp_1)
     3    0.019548    0.178828    0.418006    0.745058 ^ _42_/Q (sky130_fd_sc_hd__dfrtp_1)
                      0.178828    0.000457    0.745515 ^ _33_/B1 (sky130_fd_sc_hd__a31o_1)
     1    0.001992    0.038669    0.115014    0.860529 ^ _33_/X (sky130_fd_sc_hd__a31o_1)
                      0.038669    0.000009    0.860538 ^ _34_/B (sky130_fd_sc_hd__and2b_1)
     1    0.002743    0.040865    0.110456    0.970994 ^ _34_/X (sky130_fd_sc_hd__and2b_1)
                      0.040865    0.000029    0.971023 ^ _42_/D (sky130_fd_sc_hd__dfrtp_1)
                                              0.971023   data arrival time

                                  0.000000    0.000000   clock clk (rise edge)
                                  0.000000    0.000000   clock source latency
     1    0.019874    0.095206    0.065702    0.065702 ^ clk (in)
                      0.095230    0.000000    0.065702 ^ clkbuf_0_clk/A (sky130_fd_sc_hd__clkbuf_16)
     2    0.017801    0.040015    0.141788    0.207491 ^ clkbuf_0_clk/X (sky130_fd_sc_hd__clkbuf_16)
                      0.040015    0.000136    0.207627 ^ clkbuf_1_1__f_clk/A (sky130_fd_sc_hd__clkbuf_16)
     4    0.015374    0.037907    0.119178    0.326805 ^ clkbuf_1_1__f_clk/X (sky130_fd_sc_hd__clkbuf_16)
                      0.037907    0.000248    0.327052 ^ _42_/CLK (sky130_fd_sc_hd__dfrtp_1)
                                  0.250000    0.577052   clock uncertainty
                                  0.000000    0.577052   clock reconvergence pessimism
                                 -0.034866    0.542186   library hold time
                                              0.542186   data required time
---------------------------------------------------------------------------------------------
                                              0.542186   data required time
                                             -0.971023   data arrival time
---------------------------------------------------------------------------------------------
                                              0.428837   slack (MET)


Startpoint: _40_ (rising edge-triggered flip-flop clocked by clk)
Endpoint: _40_ (rising edge-triggered flip-flop clocked by clk)
Path Group: clk
Path Type: min

Fanout         Cap        Slew       Delay        Time   Description
---------------------------------------------------------------------------------------------
                                  0.000000    0.000000   clock clk (rise edge)
                                  0.000000    0.000000   clock source latency
     1    0.019874    0.095206    0.065702    0.065702 ^ clk (in)
                      0.095230    0.000000    0.065702 ^ clkbuf_0_clk/A (sky130_fd_sc_hd__clkbuf_16)
     2    0.017801    0.040015    0.141788    0.207491 ^ clkbuf_0_clk/X (sky130_fd_sc_hd__clkbuf_16)
                      0.040015    0.000176    0.207667 ^ clkbuf_1_0__f_clk/A (sky130_fd_sc_hd__clkbuf_16)
     5    0.016269    0.038664    0.120079    0.327746 ^ clkbuf_1_0__f_clk/X (sky130_fd_sc_hd__clkbuf_16)
                      0.038671    0.000094    0.327840 ^ _40_/CLK (sky130_fd_sc_hd__dfrtp_4)
     6    0.028055    0.109092    0.450142    0.777981 ^ _40_/Q (sky130_fd_sc_hd__dfrtp_4)
                      0.109092    0.000407    0.778388 ^ _30_/A (sky130_fd_sc_hd__or2_1)
     1    0.001984    0.033779    0.106281    0.884670 ^ _30_/X (sky130_fd_sc_hd__or2_1)
                      0.033779    0.000018    0.884688 ^ _31_/B (sky130_fd_sc_hd__and2_1)
     1    0.002285    0.042991    0.107329    0.992017 ^ _31_/X (sky130_fd_sc_hd__and2_1)
                      0.042991    0.000011    0.992029 ^ _40_/D (sky130_fd_sc_hd__dfrtp_4)
                                              0.992029   data arrival time

                                  0.000000    0.000000   clock clk (rise edge)
                                  0.000000    0.000000   clock source latency
     1    0.019874    0.095206    0.065702    0.065702 ^ clk (in)
                      0.095230    0.000000    0.065702 ^ clkbuf_0_clk/A (sky130_fd_sc_hd__clkbuf_16)
     2    0.017801    0.040015    0.141788    0.207491 ^ clkbuf_0_clk/X (sky130_fd_sc_hd__clkbuf_16)
                      0.040015    0.000176    0.207667 ^ clkbuf_1_0__f_clk/A (sky130_fd_sc_hd__clkbuf_16)
     5    0.016269    0.038664    0.120079    0.327746 ^ clkbuf_1_0__f_clk/X (sky130_fd_sc_hd__clkbuf_16)
                      0.038671    0.000094    0.327840 ^ _40_/CLK (sky130_fd_sc_hd__dfrtp_4)
                                  0.250000    0.577840   clock uncertainty
                                  0.000000    0.577840   clock reconvergence pessimism
                                 -0.035208    0.542632   library hold time
                                              0.542632   data required time
---------------------------------------------------------------------------------------------
                                              0.542632   data required time
                                             -0.992029   data arrival time
---------------------------------------------------------------------------------------------
                                              0.449397   slack (MET)


Startpoint: _40_ (rising edge-triggered flip-flop clocked by clk)
Endpoint: _41_ (rising edge-triggered flip-flop clocked by clk)
Path Group: clk
Path Type: min

Fanout         Cap        Slew       Delay        Time   Description
---------------------------------------------------------------------------------------------
                                  0.000000    0.000000   clock clk (rise edge)
                                  0.000000    0.000000   clock source latency
     1    0.019874    0.095206    0.065702    0.065702 ^ clk (in)
                      0.095230    0.000000    0.065702 ^ clkbuf_0_clk/A (sky130_fd_sc_hd__clkbuf_16)
     2    0.017801    0.040015    0.141788    0.207491 ^ clkbuf_0_clk/X (sky130_fd_sc_hd__clkbuf_16)
                      0.040015    0.000176    0.207667 ^ clkbuf_1_0__f_clk/A (sky130_fd_sc_hd__clkbuf_16)
     5    0.016269    0.038664    0.120079    0.327746 ^ clkbuf_1_0__f_clk/X (sky130_fd_sc_hd__clkbuf_16)
                      0.038671    0.000094    0.327840 ^ _40_/CLK (sky130_fd_sc_hd__dfrtp_4)
     6    0.028055    0.109092    0.450142    0.777981 ^ _40_/Q (sky130_fd_sc_hd__dfrtp_4)
                      0.109092    0.000423    0.778404 ^ _20_/A (sky130_fd_sc_hd__nand2_1)
     2    0.007002    0.065170    0.086715    0.865119 v _20_/Y (sky130_fd_sc_hd__nand2_1)
                      0.065170    0.000107    0.865226 v _32_/B (sky130_fd_sc_hd__xnor2_1)
     1    0.002295    0.032352    0.122771    0.987997 v _32_/Y (sky130_fd_sc_hd__xnor2_1)
                      0.032352    0.000020    0.988017 v _41_/D (sky130_fd_sc_hd__dfrtp_4)
                                              0.988017   data arrival time

                                  0.000000    0.000000   clock clk (rise edge)
                                  0.000000    0.000000   clock source latency
     1    0.019874    0.095206    0.065702    0.065702 ^ clk (in)
                      0.095230    0.000000    0.065702 ^ clkbuf_0_clk/A (sky130_fd_sc_hd__clkbuf_16)
     2    0.017801    0.040015    0.141788    0.207491 ^ clkbuf_0_clk/X (sky130_fd_sc_hd__clkbuf_16)
                      0.040015    0.000136    0.207627 ^ clkbuf_1_1__f_clk/A (sky130_fd_sc_hd__clkbuf_16)
     4    0.015374    0.037907    0.119178    0.326805 ^ clkbuf_1_1__f_clk/X (sky130_fd_sc_hd__clkbuf_16)
                      0.037907    0.000297    0.327102 ^ _41_/CLK (sky130_fd_sc_hd__dfrtp_4)
                                  0.250000    0.577102   clock uncertainty
                                  0.000000    0.577102   clock reconvergence pessimism
                                 -0.038529    0.538573   library hold time
                                              0.538573   data required time
---------------------------------------------------------------------------------------------
                                              0.538573   data required time
                                             -0.988017   data arrival time
---------------------------------------------------------------------------------------------
                                              0.449444   slack (MET)


Startpoint: _40_ (rising edge-triggered flip-flop clocked by clk)
Endpoint: _43_ (rising edge-triggered flip-flop clocked by clk)
Path Group: clk
Path Type: min

Fanout         Cap        Slew       Delay        Time   Description
---------------------------------------------------------------------------------------------
                                  0.000000    0.000000   clock clk (rise edge)
                                  0.000000    0.000000   clock source latency
     1    0.019874    0.095206    0.065702    0.065702 ^ clk (in)
                      0.095230    0.000000    0.065702 ^ clkbuf_0_clk/A (sky130_fd_sc_hd__clkbuf_16)
     2    0.017801    0.040015    0.141788    0.207491 ^ clkbuf_0_clk/X (sky130_fd_sc_hd__clkbuf_16)
                      0.040015    0.000176    0.207667 ^ clkbuf_1_0__f_clk/A (sky130_fd_sc_hd__clkbuf_16)
     5    0.016269    0.038664    0.120079    0.327746 ^ clkbuf_1_0__f_clk/X (sky130_fd_sc_hd__clkbuf_16)
                      0.038671    0.000094    0.327840 ^ _40_/CLK (sky130_fd_sc_hd__dfrtp_4)
     6    0.028055    0.109092    0.450142    0.777981 ^ _40_/Q (sky130_fd_sc_hd__dfrtp_4)
                      0.109093    0.000559    0.778540 ^ _22_/A (sky130_fd_sc_hd__and3_1)
     2    0.007996    0.094076    0.193882    0.972422 ^ _22_/X (sky130_fd_sc_hd__and3_1)
                      0.094076    0.000080    0.972502 ^ _35_/B (sky130_fd_sc_hd__xor2_1)
     1    0.002195    0.033730    0.066363    1.038864 v _35_/X (sky130_fd_sc_hd__xor2_1)
                      0.033730    0.000010    1.038874 v _43_/D (sky130_fd_sc_hd__dfrtp_1)
                                              1.038874   data arrival time

                                  0.000000    0.000000   clock clk (rise edge)
                                  0.000000    0.000000   clock source latency
     1    0.019874    0.095206    0.065702    0.065702 ^ clk (in)
                      0.095230    0.000000    0.065702 ^ clkbuf_0_clk/A (sky130_fd_sc_hd__clkbuf_16)
     2    0.017801    0.040015    0.141788    0.207491 ^ clkbuf_0_clk/X (sky130_fd_sc_hd__clkbuf_16)
                      0.040015    0.000136    0.207627 ^ clkbuf_1_1__f_clk/A (sky130_fd_sc_hd__clkbuf_16)
     4    0.015374    0.037907    0.119178    0.326805 ^ clkbuf_1_1__f_clk/X (sky130_fd_sc_hd__clkbuf_16)
                      0.037907    0.000153    0.326957 ^ _43_/CLK (sky130_fd_sc_hd__dfrtp_1)
                                  0.250000    0.576957   clock uncertainty
                                  0.000000    0.576957   clock reconvergence pessimism
                                 -0.042805    0.534152   library hold time
                                              0.534152   data required time
---------------------------------------------------------------------------------------------
                                              0.534152   data required time
                                             -1.038874   data arrival time
---------------------------------------------------------------------------------------------
                                              0.504722   slack (MET)


Startpoint: _43_ (rising edge-triggered flip-flop clocked by clk)
Endpoint: _44_ (rising edge-triggered flip-flop clocked by clk)
Path Group: clk
Path Type: min

Fanout         Cap        Slew       Delay        Time   Description
---------------------------------------------------------------------------------------------
                                  0.000000    0.000000   clock clk (rise edge)
                                  0.000000    0.000000   clock source latency
     1    0.019874    0.095206    0.065702    0.065702 ^ clk (in)
                      0.095230    0.000000    0.065702 ^ clkbuf_0_clk/A (sky130_fd_sc_hd__clkbuf_16)
     2    0.017801    0.040015    0.141788    0.207491 ^ clkbuf_0_clk/X (sky130_fd_sc_hd__clkbuf_16)
                      0.040015    0.000136    0.207627 ^ clkbuf_1_1__f_clk/A (sky130_fd_sc_hd__clkbuf_16)
     4    0.015374    0.037907    0.119178    0.326805 ^ clkbuf_1_1__f_clk/X (sky130_fd_sc_hd__clkbuf_16)
                      0.037907    0.000153    0.326957 ^ _43_/CLK (sky130_fd_sc_hd__dfrtp_1)
     3    0.015663    0.146726    0.394686    0.721644 ^ _43_/Q (sky130_fd_sc_hd__dfrtp_1)
                      0.146726    0.000253    0.721896 ^ _23_/B (sky130_fd_sc_hd__and4_1)
     2    0.009157    0.107163    0.248745    0.970642 ^ _23_/X (sky130_fd_sc_hd__and4_1)
                      0.107163    0.000158    0.970799 ^ _36_/B (sky130_fd_sc_hd__xor2_1)
     1    0.002391    0.034555    0.071573    1.042372 v _36_/X (sky130_fd_sc_hd__xor2_1)
                      0.034555    0.000023    1.042395 v _44_/D (sky130_fd_sc_hd__dfrtp_1)
                                              1.042395   data arrival time

                                  0.000000    0.000000   clock clk (rise edge)
                                  0.000000    0.000000   clock source latency
     1    0.019874    0.095206    0.065702    0.065702 ^ clk (in)
                      0.095230    0.000000    0.065702 ^ clkbuf_0_clk/A (sky130_fd_sc_hd__clkbuf_16)
     2    0.017801    0.040015    0.141788    0.207491 ^ clkbuf_0_clk/X (sky130_fd_sc_hd__clkbuf_16)
                      0.040015    0.000136    0.207627 ^ clkbuf_1_1__f_clk/A (sky130_fd_sc_hd__clkbuf_16)
     4    0.015374    0.037907    0.119178    0.326805 ^ clkbuf_1_1__f_clk/X (sky130_fd_sc_hd__clkbuf_16)
                      0.037907    0.000174    0.326979 ^ _44_/CLK (sky130_fd_sc_hd__dfrtp_1)
                                  0.250000    0.576979   clock uncertainty
                                  0.000000    0.576979   clock reconvergence pessimism
                                 -0.043141    0.533838   library hold time
                                              0.533838   data required time
---------------------------------------------------------------------------------------------
                                              0.533838   data required time
                                             -1.042395   data arrival time
---------------------------------------------------------------------------------------------
                                              0.508558   slack (MET)


Startpoint: _37_ (rising edge-triggered flip-flop clocked by clk)
Endpoint: _37_ (rising edge-triggered flip-flop clocked by clk)
Path Group: clk
Path Type: min

Fanout         Cap        Slew       Delay        Time   Description
---------------------------------------------------------------------------------------------
                                  0.000000    0.000000   clock clk (rise edge)
                                  0.000000    0.000000   clock source latency
     1    0.019874    0.095206    0.065702    0.065702 ^ clk (in)
                      0.095230    0.000000    0.065702 ^ clkbuf_0_clk/A (sky130_fd_sc_hd__clkbuf_16)
     2    0.017801    0.040015    0.141788    0.207491 ^ clkbuf_0_clk/X (sky130_fd_sc_hd__clkbuf_16)
                      0.040015    0.000176    0.207667 ^ clkbuf_1_0__f_clk/A (sky130_fd_sc_hd__clkbuf_16)
     5    0.016269    0.038664    0.120079    0.327746 ^ clkbuf_1_0__f_clk/X (sky130_fd_sc_hd__clkbuf_16)
                      0.038671    0.000101    0.327847 ^ _37_/CLK (sky130_fd_sc_hd__dfrtp_2)
     5    0.022404    0.121197    0.406089    0.733936 ^ _37_/Q (sky130_fd_sc_hd__dfrtp_2)
                      0.121197    0.000126    0.734062 ^ hold1/A (sky130_fd_sc_hd__dlygate4sd3_1)
     1    0.005369    0.075248    0.577855    1.311917 ^ hold1/X (sky130_fd_sc_hd__dlygate4sd3_1)
                      0.075248    0.000058    1.311975 ^ _25_/A (sky130_fd_sc_hd__xor2_1)
     1    0.002711    0.035914    0.066600    1.378575 v _25_/X (sky130_fd_sc_hd__xor2_1)
                      0.035914    0.000030    1.378605 v _37_/D (sky130_fd_sc_hd__dfrtp_2)
                                              1.378605   data arrival time

                                  0.000000    0.000000   clock clk (rise edge)
                                  0.000000    0.000000   clock source latency
     1    0.019874    0.095206    0.065702    0.065702 ^ clk (in)
                      0.095230    0.000000    0.065702 ^ clkbuf_0_clk/A (sky130_fd_sc_hd__clkbuf_16)
     2    0.017801    0.040015    0.141788    0.207491 ^ clkbuf_0_clk/X (sky130_fd_sc_hd__clkbuf_16)
                      0.040015    0.000176    0.207667 ^ clkbuf_1_0__f_clk/A (sky130_fd_sc_hd__clkbuf_16)
     5    0.016269    0.038664    0.120079    0.327746 ^ clkbuf_1_0__f_clk/X (sky130_fd_sc_hd__clkbuf_16)
                      0.038671    0.000101    0.327847 ^ _37_/CLK (sky130_fd_sc_hd__dfrtp_2)
                                  0.250000    0.577847   clock uncertainty
                                  0.000000    0.577847   clock reconvergence pessimism
                                 -0.039858    0.537989   library hold time
                                              0.537989   data required time
---------------------------------------------------------------------------------------------
                                              0.537989   data required time
                                             -1.378605   data arrival time
---------------------------------------------------------------------------------------------
                                              0.840616   slack (MET)


Startpoint: rst_n (input port clocked by clk)
Endpoint: _38_ (removal check against rising-edge clock clk)
Path Group: asynchronous
Path Type: min

Fanout         Cap        Slew       Delay        Time   Description
---------------------------------------------------------------------------------------------
                                  0.000000    0.000000   clock clk (rise edge)
                                  0.000000    0.000000   clock network delay (propagated)
                                  2.000000    2.000000 ^ input external delay
     1    0.002844    0.019923    0.010455    2.010455 ^ rst_n (in)
                      0.019923    0.000000    2.010455 ^ input2/A (sky130_fd_sc_hd__clkbuf_4)
     8    0.053441    0.165391    0.213237    2.223691 ^ input2/X (sky130_fd_sc_hd__clkbuf_4)
                      0.165458    0.002737    2.226428 ^ _38_/RESET_B (sky130_fd_sc_hd__dfrtp_1)
                                              2.226428   data arrival time

                                  0.000000    0.000000   clock clk (rise edge)
                                  0.000000    0.000000   clock source latency
     1    0.019874    0.095206    0.065702    0.065702 ^ clk (in)
                      0.095230    0.000000    0.065702 ^ clkbuf_0_clk/A (sky130_fd_sc_hd__clkbuf_16)
     2    0.017801    0.040015    0.141788    0.207491 ^ clkbuf_0_clk/X (sky130_fd_sc_hd__clkbuf_16)
                      0.040015    0.000176    0.207667 ^ clkbuf_1_0__f_clk/A (sky130_fd_sc_hd__clkbuf_16)
     5    0.016269    0.038664    0.120079    0.327746 ^ clkbuf_1_0__f_clk/X (sky130_fd_sc_hd__clkbuf_16)
                      0.038671    0.000116    0.327862 ^ _38_/CLK (sky130_fd_sc_hd__dfrtp_1)
                                  0.250000    0.577862   clock uncertainty
                                  0.000000    0.577862   clock reconvergence pessimism
                                  0.351668    0.929529   library removal time
                                              0.929529   data required time
---------------------------------------------------------------------------------------------
                                              0.929529   data required time
                                             -2.226428   data arrival time
---------------------------------------------------------------------------------------------
                                              1.296899   slack (MET)


Startpoint: rst_n (input port clocked by clk)
Endpoint: _37_ (removal check against rising-edge clock clk)
Path Group: asynchronous
Path Type: min

Fanout         Cap        Slew       Delay        Time   Description
---------------------------------------------------------------------------------------------
                                  0.000000    0.000000   clock clk (rise edge)
                                  0.000000    0.000000   clock network delay (propagated)
                                  2.000000    2.000000 ^ input external delay
     1    0.002844    0.019923    0.010455    2.010455 ^ rst_n (in)
                      0.019923    0.000000    2.010455 ^ input2/A (sky130_fd_sc_hd__clkbuf_4)
     8    0.053441    0.165391    0.213237    2.223691 ^ input2/X (sky130_fd_sc_hd__clkbuf_4)
                      0.165473    0.003023    2.226714 ^ _37_/RESET_B (sky130_fd_sc_hd__dfrtp_2)
                                              2.226714   data arrival time

                                  0.000000    0.000000   clock clk (rise edge)
                                  0.000000    0.000000   clock source latency
     1    0.019874    0.095206    0.065702    0.065702 ^ clk (in)
                      0.095230    0.000000    0.065702 ^ clkbuf_0_clk/A (sky130_fd_sc_hd__clkbuf_16)
     2    0.017801    0.040015    0.141788    0.207491 ^ clkbuf_0_clk/X (sky130_fd_sc_hd__clkbuf_16)
                      0.040015    0.000176    0.207667 ^ clkbuf_1_0__f_clk/A (sky130_fd_sc_hd__clkbuf_16)
     5    0.016269    0.038664    0.120079    0.327746 ^ clkbuf_1_0__f_clk/X (sky130_fd_sc_hd__clkbuf_16)
                      0.038671    0.000101    0.327847 ^ _37_/CLK (sky130_fd_sc_hd__dfrtp_2)
                                  0.250000    0.577847   clock uncertainty
                                  0.000000    0.577847   clock reconvergence pessimism
                                  0.351356    0.929203   library removal time
                                              0.929203   data required time
---------------------------------------------------------------------------------------------
                                              0.929203   data required time
                                             -2.226714   data arrival time
---------------------------------------------------------------------------------------------
                                              1.297511   slack (MET)


Startpoint: rst_n (input port clocked by clk)
Endpoint: _39_ (removal check against rising-edge clock clk)
Path Group: asynchronous
Path Type: min

Fanout         Cap        Slew       Delay        Time   Description
---------------------------------------------------------------------------------------------
                                  0.000000    0.000000   clock clk (rise edge)
                                  0.000000    0.000000   clock network delay (propagated)
                                  2.000000    2.000000 ^ input external delay
     1    0.002844    0.019923    0.010455    2.010455 ^ rst_n (in)
                      0.019923    0.000000    2.010455 ^ input2/A (sky130_fd_sc_hd__clkbuf_4)
     8    0.053441    0.165391    0.213237    2.223691 ^ input2/X (sky130_fd_sc_hd__clkbuf_4)
                      0.165514    0.003703    2.227394 ^ _39_/RESET_B (sky130_fd_sc_hd__dfrtp_1)
                                              2.227394   data arrival time

                                  0.000000    0.000000   clock clk (rise edge)
                                  0.000000    0.000000   clock source latency
     1    0.019874    0.095206    0.065702    0.065702 ^ clk (in)
                      0.095230    0.000000    0.065702 ^ clkbuf_0_clk/A (sky130_fd_sc_hd__clkbuf_16)
     2    0.017801    0.040015    0.141788    0.207491 ^ clkbuf_0_clk/X (sky130_fd_sc_hd__clkbuf_16)
                      0.040015    0.000176    0.207667 ^ clkbuf_1_0__f_clk/A (sky130_fd_sc_hd__clkbuf_16)
     5    0.016269    0.038664    0.120079    0.327746 ^ clkbuf_1_0__f_clk/X (sky130_fd_sc_hd__clkbuf_16)
                      0.038671    0.000073    0.327819 ^ _39_/CLK (sky130_fd_sc_hd__dfrtp_1)
                                  0.250000    0.577819   clock uncertainty
                                  0.000000    0.577819   clock reconvergence pessimism
                                  0.351683    0.929502   library removal time
                                              0.929502   data required time
---------------------------------------------------------------------------------------------
                                              0.929502   data required time
                                             -2.227394   data arrival time
---------------------------------------------------------------------------------------------
                                              1.297892   slack (MET)


Startpoint: rst_n (input port clocked by clk)
Endpoint: _40_ (removal check against rising-edge clock clk)
Path Group: asynchronous
Path Type: min

Fanout         Cap        Slew       Delay        Time   Description
---------------------------------------------------------------------------------------------
                                  0.000000    0.000000   clock clk (rise edge)
                                  0.000000    0.000000   clock network delay (propagated)
                                  2.000000    2.000000 ^ input external delay
     1    0.002844    0.019923    0.010455    2.010455 ^ rst_n (in)
                      0.019923    0.000000    2.010455 ^ input2/A (sky130_fd_sc_hd__clkbuf_4)
     8    0.053441    0.165391    0.213237    2.223691 ^ input2/X (sky130_fd_sc_hd__clkbuf_4)
                      0.165571    0.004458    2.228150 ^ _40_/RESET_B (sky130_fd_sc_hd__dfrtp_4)
                                              2.228150   data arrival time

                                  0.000000    0.000000   clock clk (rise edge)
                                  0.000000    0.000000   clock source latency
     1    0.019874    0.095206    0.065702    0.065702 ^ clk (in)
                      0.095230    0.000000    0.065702 ^ clkbuf_0_clk/A (sky130_fd_sc_hd__clkbuf_16)
     2    0.017801    0.040015    0.141788    0.207491 ^ clkbuf_0_clk/X (sky130_fd_sc_hd__clkbuf_16)
                      0.040015    0.000176    0.207667 ^ clkbuf_1_0__f_clk/A (sky130_fd_sc_hd__clkbuf_16)
     5    0.016269    0.038664    0.120079    0.327746 ^ clkbuf_1_0__f_clk/X (sky130_fd_sc_hd__clkbuf_16)
                      0.038671    0.000094    0.327840 ^ _40_/CLK (sky130_fd_sc_hd__dfrtp_4)
                                  0.250000    0.577840   clock uncertainty
                                  0.000000    0.577840   clock reconvergence pessimism
                                  0.351748    0.929587   library removal time
                                              0.929587   data required time
---------------------------------------------------------------------------------------------
                                              0.929587   data required time
                                             -2.228150   data arrival time
---------------------------------------------------------------------------------------------
                                              1.298563   slack (MET)


Startpoint: rst_n (input port clocked by clk)
Endpoint: _44_ (removal check against rising-edge clock clk)
Path Group: asynchronous
Path Type: min

Fanout         Cap        Slew       Delay        Time   Description
---------------------------------------------------------------------------------------------
                                  0.000000    0.000000   clock clk (rise edge)
                                  0.000000    0.000000   clock network delay (propagated)
                                  2.000000    2.000000 ^ input external delay
     1    0.002844    0.019923    0.010455    2.010455 ^ rst_n (in)
                      0.019923    0.000000    2.010455 ^ input2/A (sky130_fd_sc_hd__clkbuf_4)
     8    0.053441    0.165391    0.213237    2.223691 ^ input2/X (sky130_fd_sc_hd__clkbuf_4)
                      0.165533    0.003970    2.227661 ^ _44_/RESET_B (sky130_fd_sc_hd__dfrtp_1)
                                              2.227661   data arrival time

                                  0.000000    0.000000   clock clk (rise edge)
                                  0.000000    0.000000   clock source latency
     1    0.019874    0.095206    0.065702    0.065702 ^ clk (in)
                      0.095230    0.000000    0.065702 ^ clkbuf_0_clk/A (sky130_fd_sc_hd__clkbuf_16)
     2    0.017801    0.040015    0.141788    0.207491 ^ clkbuf_0_clk/X (sky130_fd_sc_hd__clkbuf_16)
                      0.040015    0.000136    0.207627 ^ clkbuf_1_1__f_clk/A (sky130_fd_sc_hd__clkbuf_16)
     4    0.015374    0.037907    0.119178    0.326805 ^ clkbuf_1_1__f_clk/X (sky130_fd_sc_hd__clkbuf_16)
                      0.037907    0.000174    0.326979 ^ _44_/CLK (sky130_fd_sc_hd__dfrtp_1)
                                  0.250000    0.576979   clock uncertainty
                                  0.000000    0.576979   clock reconvergence pessimism
                                  0.351480    0.928459   library removal time
                                              0.928459   data required time
---------------------------------------------------------------------------------------------
                                              0.928459   data required time
                                             -2.227661   data arrival time
---------------------------------------------------------------------------------------------
                                              1.299202   slack (MET)


Startpoint: rst_n (input port clocked by clk)
Endpoint: _43_ (removal check against rising-edge clock clk)
Path Group: asynchronous
Path Type: min

Fanout         Cap        Slew       Delay        Time   Description
---------------------------------------------------------------------------------------------
                                  0.000000    0.000000   clock clk (rise edge)
                                  0.000000    0.000000   clock network delay (propagated)
                                  2.000000    2.000000 ^ input external delay
     1    0.002844    0.019923    0.010455    2.010455 ^ rst_n (in)
                      0.019923    0.000000    2.010455 ^ input2/A (sky130_fd_sc_hd__clkbuf_4)
     8    0.053441    0.165391    0.213237    2.223691 ^ input2/X (sky130_fd_sc_hd__clkbuf_4)
                      0.165545    0.004136    2.227828 ^ _43_/RESET_B (sky130_fd_sc_hd__dfrtp_1)
                                              2.227828   data arrival time

                                  0.000000    0.000000   clock clk (rise edge)
                                  0.000000    0.000000   clock source latency
     1    0.019874    0.095206    0.065702    0.065702 ^ clk (in)
                      0.095230    0.000000    0.065702 ^ clkbuf_0_clk/A (sky130_fd_sc_hd__clkbuf_16)
     2    0.017801    0.040015    0.141788    0.207491 ^ clkbuf_0_clk/X (sky130_fd_sc_hd__clkbuf_16)
                      0.040015    0.000136    0.207627 ^ clkbuf_1_1__f_clk/A (sky130_fd_sc_hd__clkbuf_16)
     4    0.015374    0.037907    0.119178    0.326805 ^ clkbuf_1_1__f_clk/X (sky130_fd_sc_hd__clkbuf_16)
                      0.037907    0.000153    0.326957 ^ _43_/CLK (sky130_fd_sc_hd__dfrtp_1)
                                  0.250000    0.576957   clock uncertainty
                                  0.000000    0.576957   clock reconvergence pessimism
                                  0.351484    0.928441   library removal time
                                              0.928441   data required time
---------------------------------------------------------------------------------------------
                                              0.928441   data required time
                                             -2.227828   data arrival time
---------------------------------------------------------------------------------------------
                                              1.299387   slack (MET)


Startpoint: rst_n (input port clocked by clk)
Endpoint: _42_ (removal check against rising-edge clock clk)
Path Group: asynchronous
Path Type: min

Fanout         Cap        Slew       Delay        Time   Description
---------------------------------------------------------------------------------------------
                                  0.000000    0.000000   clock clk (rise edge)
                                  0.000000    0.000000   clock network delay (propagated)
                                  2.000000    2.000000 ^ input external delay
     1    0.002844    0.019923    0.010455    2.010455 ^ rst_n (in)
                      0.019923    0.000000    2.010455 ^ input2/A (sky130_fd_sc_hd__clkbuf_4)
     8    0.053441    0.165391    0.213237    2.223691 ^ input2/X (sky130_fd_sc_hd__clkbuf_4)
                      0.165560    0.004324    2.228015 ^ _42_/RESET_B (sky130_fd_sc_hd__dfrtp_1)
                                              2.228015   data arrival time

                                  0.000000    0.000000   clock clk (rise edge)
                                  0.000000    0.000000   clock source latency
     1    0.019874    0.095206    0.065702    0.065702 ^ clk (in)
                      0.095230    0.000000    0.065702 ^ clkbuf_0_clk/A (sky130_fd_sc_hd__clkbuf_16)
     2    0.017801    0.040015    0.141788    0.207491 ^ clkbuf_0_clk/X (sky130_fd_sc_hd__clkbuf_16)
                      0.040015    0.000136    0.207627 ^ clkbuf_1_1__f_clk/A (sky130_fd_sc_hd__clkbuf_16)
     4    0.015374    0.037907    0.119178    0.326805 ^ clkbuf_1_1__f_clk/X (sky130_fd_sc_hd__clkbuf_16)
                      0.037907    0.000248    0.327052 ^ _42_/CLK (sky130_fd_sc_hd__dfrtp_1)
                                  0.250000    0.577052   clock uncertainty
                                  0.000000    0.577052   clock reconvergence pessimism
                                  0.351488    0.928540   library removal time
                                              0.928540   data required time
---------------------------------------------------------------------------------------------
                                              0.928540   data required time
                                             -2.228015   data arrival time
---------------------------------------------------------------------------------------------
                                              1.299475   slack (MET)


Startpoint: rst_n (input port clocked by clk)
Endpoint: _41_ (removal check against rising-edge clock clk)
Path Group: asynchronous
Path Type: min

Fanout         Cap        Slew       Delay        Time   Description
---------------------------------------------------------------------------------------------
                                  0.000000    0.000000   clock clk (rise edge)
                                  0.000000    0.000000   clock network delay (propagated)
                                  2.000000    2.000000 ^ input external delay
     1    0.002844    0.019923    0.010455    2.010455 ^ rst_n (in)
                      0.019923    0.000000    2.010455 ^ input2/A (sky130_fd_sc_hd__clkbuf_4)
     8    0.053441    0.165391    0.213237    2.223691 ^ input2/X (sky130_fd_sc_hd__clkbuf_4)
                      0.165569    0.004437    2.228128 ^ _41_/RESET_B (sky130_fd_sc_hd__dfrtp_4)
                                              2.228128   data arrival time

                                  0.000000    0.000000   clock clk (rise edge)
                                  0.000000    0.000000   clock source latency
     1    0.019874    0.095206    0.065702    0.065702 ^ clk (in)
                      0.095230    0.000000    0.065702 ^ clkbuf_0_clk/A (sky130_fd_sc_hd__clkbuf_16)
     2    0.017801    0.040015    0.141788    0.207491 ^ clkbuf_0_clk/X (sky130_fd_sc_hd__clkbuf_16)
                      0.040015    0.000136    0.207627 ^ clkbuf_1_1__f_clk/A (sky130_fd_sc_hd__clkbuf_16)
     4    0.015374    0.037907    0.119178    0.326805 ^ clkbuf_1_1__f_clk/X (sky130_fd_sc_hd__clkbuf_16)
                      0.037907    0.000297    0.327102 ^ _41_/CLK (sky130_fd_sc_hd__dfrtp_4)
                                  0.250000    0.577102   clock uncertainty
                                  0.000000    0.577102   clock reconvergence pessimism
                                  0.351538    0.928640   library removal time
                                              0.928640   data required time
---------------------------------------------------------------------------------------------
                                              0.928640   data required time
                                             -2.228128   data arrival time
---------------------------------------------------------------------------------------------
                                              1.299488   slack (MET)


Startpoint: _44_ (rising edge-triggered flip-flop clocked by clk)
Endpoint: count[7] (output port clocked by clk)
Path Group: clk
Path Type: min

Fanout         Cap        Slew       Delay        Time   Description
---------------------------------------------------------------------------------------------
                                  0.000000    0.000000   clock clk (rise edge)
                                  0.000000    0.000000   clock source latency
     1    0.019874    0.095206    0.065702    0.065702 ^ clk (in)
                      0.095230    0.000000    0.065702 ^ clkbuf_0_clk/A (sky130_fd_sc_hd__clkbuf_16)
     2    0.017801    0.040015    0.141788    0.207491 ^ clkbuf_0_clk/X (sky130_fd_sc_hd__clkbuf_16)
                      0.040015    0.000136    0.207627 ^ clkbuf_1_1__f_clk/A (sky130_fd_sc_hd__clkbuf_16)
     4    0.015374    0.037907    0.119178    0.326805 ^ clkbuf_1_1__f_clk/X (sky130_fd_sc_hd__clkbuf_16)
                      0.037907    0.000174    0.326979 ^ _44_/CLK (sky130_fd_sc_hd__dfrtp_1)
     3    0.013621    0.086342    0.403694    0.730673 v _44_/Q (sky130_fd_sc_hd__dfrtp_1)
                      0.086342    0.000446    0.731119 v output10/A (sky130_fd_sc_hd__buf_2)
     1    0.034012    0.088732    0.198600    0.929719 v output10/X (sky130_fd_sc_hd__buf_2)
                      0.088732    0.000200    0.929919 v count[7] (out)
                                              0.929919   data arrival time

                                  0.000000    0.000000   clock clk (rise edge)
                                  0.000000    0.000000   clock network delay (propagated)
                                  0.250000    0.250000   clock uncertainty
                                  0.000000    0.250000   clock reconvergence pessimism
                                 -2.000000   -1.750000   output external delay
                                             -1.750000   data required time
---------------------------------------------------------------------------------------------
                                             -1.750000   data required time
                                             -0.929919   data arrival time
---------------------------------------------------------------------------------------------
                                              2.679919   slack (MET)


Startpoint: _43_ (rising edge-triggered flip-flop clocked by clk)
Endpoint: count[6] (output port clocked by clk)
Path Group: clk
Path Type: min

Fanout         Cap        Slew       Delay        Time   Description
---------------------------------------------------------------------------------------------
                                  0.000000    0.000000   clock clk (rise edge)
                                  0.000000    0.000000   clock source latency
     1    0.019874    0.095206    0.065702    0.065702 ^ clk (in)
                      0.095230    0.000000    0.065702 ^ clkbuf_0_clk/A (sky130_fd_sc_hd__clkbuf_16)
     2    0.017801    0.040015    0.141788    0.207491 ^ clkbuf_0_clk/X (sky130_fd_sc_hd__clkbuf_16)
                      0.040015    0.000136    0.207627 ^ clkbuf_1_1__f_clk/A (sky130_fd_sc_hd__clkbuf_16)
     4    0.015374    0.037907    0.119178    0.326805 ^ clkbuf_1_1__f_clk/X (sky130_fd_sc_hd__clkbuf_16)
                      0.037907    0.000153    0.326957 ^ _43_/CLK (sky130_fd_sc_hd__dfrtp_1)
     3    0.015283    0.093726    0.410337    0.737294 v _43_/Q (sky130_fd_sc_hd__dfrtp_1)
                      0.093728    0.000587    0.737881 v output9/A (sky130_fd_sc_hd__buf_2)
     1    0.034503    0.089897    0.202699    0.940579 v output9/X (sky130_fd_sc_hd__buf_2)
                      0.089898    0.000424    0.941003 v count[6] (out)
                                              0.941003   data arrival time

                                  0.000000    0.000000   clock clk (rise edge)
                                  0.000000    0.000000   clock network delay (propagated)
                                  0.250000    0.250000   clock uncertainty
                                  0.000000    0.250000   clock reconvergence pessimism
                                 -2.000000   -1.750000   output external delay
                                             -1.750000   data required time
---------------------------------------------------------------------------------------------
                                             -1.750000   data required time
                                             -0.941003   data arrival time
---------------------------------------------------------------------------------------------
                                              2.691003   slack (MET)


Startpoint: _37_ (rising edge-triggered flip-flop clocked by clk)
Endpoint: count[0] (output port clocked by clk)
Path Group: clk
Path Type: min

Fanout         Cap        Slew       Delay        Time   Description
---------------------------------------------------------------------------------------------
                                  0.000000    0.000000   clock clk (rise edge)
                                  0.000000    0.000000   clock source latency
     1    0.019874    0.095206    0.065702    0.065702 ^ clk (in)
                      0.095230    0.000000    0.065702 ^ clkbuf_0_clk/A (sky130_fd_sc_hd__clkbuf_16)
     2    0.017801    0.040015    0.141788    0.207491 ^ clkbuf_0_clk/X (sky130_fd_sc_hd__clkbuf_16)
                      0.040015    0.000176    0.207667 ^ clkbuf_1_0__f_clk/A (sky130_fd_sc_hd__clkbuf_16)
     5    0.016269    0.038664    0.120079    0.327746 ^ clkbuf_1_0__f_clk/X (sky130_fd_sc_hd__clkbuf_16)
                      0.038671    0.000101    0.327847 ^ _37_/CLK (sky130_fd_sc_hd__dfrtp_2)
     5    0.022404    0.121197    0.406089    0.733936 ^ _37_/Q (sky130_fd_sc_hd__dfrtp_2)
                      0.121199    0.000769    0.734705 ^ output3/A (sky130_fd_sc_hd__buf_2)
     1    0.034337    0.170852    0.226607    0.961312 ^ output3/X (sky130_fd_sc_hd__buf_2)
                      0.170852    0.000357    0.961670 ^ count[0] (out)
                                              0.961670   data arrival time

                                  0.000000    0.000000   clock clk (rise edge)
                                  0.000000    0.000000   clock network delay (propagated)
                                  0.250000    0.250000   clock uncertainty
                                  0.000000    0.250000   clock reconvergence pessimism
                                 -2.000000   -1.750000   output external delay
                                             -1.750000   data required time
---------------------------------------------------------------------------------------------
                                             -1.750000   data required time
                                             -0.961670   data arrival time
---------------------------------------------------------------------------------------------
                                              2.711670   slack (MET)


Startpoint: _42_ (rising edge-triggered flip-flop clocked by clk)
Endpoint: count[5] (output port clocked by clk)
Path Group: clk
Path Type: min

Fanout         Cap        Slew       Delay        Time   Description
---------------------------------------------------------------------------------------------
                                  0.000000    0.000000   clock clk (rise edge)
                                  0.000000    0.000000   clock source latency
     1    0.019874    0.095206    0.065702    0.065702 ^ clk (in)
                      0.095230    0.000000    0.065702 ^ clkbuf_0_clk/A (sky130_fd_sc_hd__clkbuf_16)
     2    0.017801    0.040015    0.141788    0.207491 ^ clkbuf_0_clk/X (sky130_fd_sc_hd__clkbuf_16)
                      0.040015    0.000136    0.207627 ^ clkbuf_1_1__f_clk/A (sky130_fd_sc_hd__clkbuf_16)
     4    0.015374    0.037907    0.119178    0.326805 ^ clkbuf_1_1__f_clk/X (sky130_fd_sc_hd__clkbuf_16)
                      0.037907    0.000248    0.327052 ^ _42_/CLK (sky130_fd_sc_hd__dfrtp_1)
     3    0.018989    0.110501    0.425058    0.752111 v _42_/Q (sky130_fd_sc_hd__dfrtp_1)
                      0.110511    0.001085    0.753196 v output8/A (sky130_fd_sc_hd__buf_2)
     1    0.034503    0.089915    0.210334    0.963530 v output8/X (sky130_fd_sc_hd__buf_2)
                      0.089916    0.000424    0.963954 v count[5] (out)
                                              0.963954   data arrival time

                                  0.000000    0.000000   clock clk (rise edge)
                                  0.000000    0.000000   clock network delay (propagated)
                                  0.250000    0.250000   clock uncertainty
                                  0.000000    0.250000   clock reconvergence pessimism
                                 -2.000000   -1.750000   output external delay
                                             -1.750000   data required time
---------------------------------------------------------------------------------------------
                                             -1.750000   data required time
                                             -0.963954   data arrival time
---------------------------------------------------------------------------------------------
                                              2.713954   slack (MET)


Startpoint: _39_ (rising edge-triggered flip-flop clocked by clk)
Endpoint: count[2] (output port clocked by clk)
Path Group: clk
Path Type: min

Fanout         Cap        Slew       Delay        Time   Description
---------------------------------------------------------------------------------------------
                                  0.000000    0.000000   clock clk (rise edge)
                                  0.000000    0.000000   clock source latency
     1    0.019874    0.095206    0.065702    0.065702 ^ clk (in)
                      0.095230    0.000000    0.065702 ^ clkbuf_0_clk/A (sky130_fd_sc_hd__clkbuf_16)
     2    0.017801    0.040015    0.141788    0.207491 ^ clkbuf_0_clk/X (sky130_fd_sc_hd__clkbuf_16)
                      0.040015    0.000176    0.207667 ^ clkbuf_1_0__f_clk/A (sky130_fd_sc_hd__clkbuf_16)
     5    0.016269    0.038664    0.120079    0.327746 ^ clkbuf_1_0__f_clk/X (sky130_fd_sc_hd__clkbuf_16)
                      0.038671    0.000073    0.327819 ^ _39_/CLK (sky130_fd_sc_hd__dfrtp_1)
     3    0.019054    0.110707    0.425738    0.753557 v _39_/Q (sky130_fd_sc_hd__dfrtp_1)
                      0.110712    0.000835    0.754391 v output5/A (sky130_fd_sc_hd__buf_2)
     1    0.034090    0.088944    0.209799    0.964190 v output5/X (sky130_fd_sc_hd__buf_2)
                      0.088944    0.000242    0.964433 v count[2] (out)
                                              0.964433   data arrival time

                                  0.000000    0.000000   clock clk (rise edge)
                                  0.000000    0.000000   clock network delay (propagated)
                                  0.250000    0.250000   clock uncertainty
                                  0.000000    0.250000   clock reconvergence pessimism
                                 -2.000000   -1.750000   output external delay
                                             -1.750000   data required time
---------------------------------------------------------------------------------------------
                                             -1.750000   data required time
                                             -0.964433   data arrival time
---------------------------------------------------------------------------------------------
                                              2.714433   slack (MET)


Startpoint: _38_ (rising edge-triggered flip-flop clocked by clk)
Endpoint: count[1] (output port clocked by clk)
Path Group: clk
Path Type: min

Fanout         Cap        Slew       Delay        Time   Description
---------------------------------------------------------------------------------------------
                                  0.000000    0.000000   clock clk (rise edge)
                                  0.000000    0.000000   clock source latency
     1    0.019874    0.095206    0.065702    0.065702 ^ clk (in)
                      0.095230    0.000000    0.065702 ^ clkbuf_0_clk/A (sky130_fd_sc_hd__clkbuf_16)
     2    0.017801    0.040015    0.141788    0.207491 ^ clkbuf_0_clk/X (sky130_fd_sc_hd__clkbuf_16)
                      0.040015    0.000176    0.207667 ^ clkbuf_1_0__f_clk/A (sky130_fd_sc_hd__clkbuf_16)
     5    0.016269    0.038664    0.120079    0.327746 ^ clkbuf_1_0__f_clk/X (sky130_fd_sc_hd__clkbuf_16)
                      0.038671    0.000116    0.327862 ^ _38_/CLK (sky130_fd_sc_hd__dfrtp_1)
     4    0.019810    0.114177    0.428707    0.756568 v _38_/Q (sky130_fd_sc_hd__dfrtp_1)
                      0.114185    0.001006    0.757574 v output4/A (sky130_fd_sc_hd__buf_2)
     1    0.034327    0.089511    0.211730    0.969304 v output4/X (sky130_fd_sc_hd__buf_2)
                      0.089511    0.000357    0.969661 v count[1] (out)
                                              0.969661   data arrival time

                                  0.000000    0.000000   clock clk (rise edge)
                                  0.000000    0.000000   clock network delay (propagated)
                                  0.250000    0.250000   clock uncertainty
                                  0.000000    0.250000   clock reconvergence pessimism
                                 -2.000000   -1.750000   output external delay
                                             -1.750000   data required time
---------------------------------------------------------------------------------------------
                                             -1.750000   data required time
                                             -0.969661   data arrival time
---------------------------------------------------------------------------------------------
                                              2.719661   slack (MET)


Startpoint: _41_ (rising edge-triggered flip-flop clocked by clk)
Endpoint: count[4] (output port clocked by clk)
Path Group: clk
Path Type: min

Fanout         Cap        Slew       Delay        Time   Description
---------------------------------------------------------------------------------------------
                                  0.000000    0.000000   clock clk (rise edge)
                                  0.000000    0.000000   clock source latency
     1    0.019874    0.095206    0.065702    0.065702 ^ clk (in)
                      0.095230    0.000000    0.065702 ^ clkbuf_0_clk/A (sky130_fd_sc_hd__clkbuf_16)
     2    0.017801    0.040015    0.141788    0.207491 ^ clkbuf_0_clk/X (sky130_fd_sc_hd__clkbuf_16)
                      0.040015    0.000136    0.207627 ^ clkbuf_1_1__f_clk/A (sky130_fd_sc_hd__clkbuf_16)
     4    0.015374    0.037907    0.119178    0.326805 ^ clkbuf_1_1__f_clk/X (sky130_fd_sc_hd__clkbuf_16)
                      0.037907    0.000297    0.327102 ^ _41_/CLK (sky130_fd_sc_hd__dfrtp_4)
     4    0.022951    0.096514    0.438402    0.765504 ^ _41_/Q (sky130_fd_sc_hd__dfrtp_4)
                      0.096527    0.001115    0.766620 ^ output7/A (sky130_fd_sc_hd__buf_2)
     1    0.034061    0.169386    0.216709    0.983329 ^ output7/X (sky130_fd_sc_hd__buf_2)
                      0.169386    0.000200    0.983529 ^ count[4] (out)
                                              0.983529   data arrival time

                                  0.000000    0.000000   clock clk (rise edge)
                                  0.000000    0.000000   clock network delay (propagated)
                                  0.250000    0.250000   clock uncertainty
                                  0.000000    0.250000   clock reconvergence pessimism
                                 -2.000000   -1.750000   output external delay
                                             -1.750000   data required time
---------------------------------------------------------------------------------------------
                                             -1.750000   data required time
                                             -0.983529   data arrival time
---------------------------------------------------------------------------------------------
                                              2.733529   slack (MET)


Startpoint: _40_ (rising edge-triggered flip-flop clocked by clk)
Endpoint: count[3] (output port clocked by clk)
Path Group: clk
Path Type: min

Fanout         Cap        Slew       Delay        Time   Description
---------------------------------------------------------------------------------------------
                                  0.000000    0.000000   clock clk (rise edge)
                                  0.000000    0.000000   clock source latency
     1    0.019874    0.095206    0.065702    0.065702 ^ clk (in)
                      0.095230    0.000000    0.065702 ^ clkbuf_0_clk/A (sky130_fd_sc_hd__clkbuf_16)
     2    0.017801    0.040015    0.141788    0.207491 ^ clkbuf_0_clk/X (sky130_fd_sc_hd__clkbuf_16)
                      0.040015    0.000176    0.207667 ^ clkbuf_1_0__f_clk/A (sky130_fd_sc_hd__clkbuf_16)
     5    0.016269    0.038664    0.120079    0.327746 ^ clkbuf_1_0__f_clk/X (sky130_fd_sc_hd__clkbuf_16)
                      0.038671    0.000094    0.327840 ^ _40_/CLK (sky130_fd_sc_hd__dfrtp_4)
     6    0.028055    0.109092    0.450142    0.777981 ^ _40_/Q (sky130_fd_sc_hd__dfrtp_4)
                      0.109097    0.000841    0.778823 ^ output6/A (sky130_fd_sc_hd__buf_2)
     1    0.034115    0.169723    0.221492    1.000314 ^ output6/X (sky130_fd_sc_hd__buf_2)
                      0.169723    0.000243    1.000557 ^ count[3] (out)
                                              1.000557   data arrival time

                                  0.000000    0.000000   clock clk (rise edge)
                                  0.000000    0.000000   clock network delay (propagated)
                                  0.250000    0.250000   clock uncertainty
                                  0.000000    0.250000   clock reconvergence pessimism
                                 -2.000000   -1.750000   output external delay
                                             -1.750000   data required time
---------------------------------------------------------------------------------------------
                                             -1.750000   data required time
                                             -1.000557   data arrival time
---------------------------------------------------------------------------------------------
                                              2.750557   slack (MET)


Startpoint: _44_ (rising edge-triggered flip-flop clocked by clk)
Endpoint: overflow (output port clocked by clk)
Path Group: clk
Path Type: min

Fanout         Cap        Slew       Delay        Time   Description
---------------------------------------------------------------------------------------------
                                  0.000000    0.000000   clock clk (rise edge)
                                  0.000000    0.000000   clock source latency
     1    0.019874    0.095206    0.065702    0.065702 ^ clk (in)
                      0.095230    0.000000    0.065702 ^ clkbuf_0_clk/A (sky130_fd_sc_hd__clkbuf_16)
     2    0.017801    0.040015    0.141788    0.207491 ^ clkbuf_0_clk/X (sky130_fd_sc_hd__clkbuf_16)
                      0.040015    0.000136    0.207627 ^ clkbuf_1_1__f_clk/A (sky130_fd_sc_hd__clkbuf_16)
     4    0.015374    0.037907    0.119178    0.326805 ^ clkbuf_1_1__f_clk/X (sky130_fd_sc_hd__clkbuf_16)
                      0.037907    0.000174    0.326979 ^ _44_/CLK (sky130_fd_sc_hd__dfrtp_1)
     3    0.013621    0.086342    0.403694    0.730673 v _44_/Q (sky130_fd_sc_hd__dfrtp_1)
                      0.086342    0.000068    0.730740 v _24_/A (sky130_fd_sc_hd__and2_1)
     1    0.009377    0.060392    0.179912    0.910652 v _24_/X (sky130_fd_sc_hd__and2_1)
                      0.060393    0.000377    0.911029 v output11/A (sky130_fd_sc_hd__buf_2)
     1    0.033963    0.088591    0.186718    1.097747 v output11/X (sky130_fd_sc_hd__buf_2)
                      0.088591    0.000183    1.097929 v overflow (out)
                                              1.097929   data arrival time

                                  0.000000    0.000000   clock clk (rise edge)
                                  0.000000    0.000000   clock network delay (propagated)
                                  0.250000    0.250000   clock uncertainty
                                  0.000000    0.250000   clock reconvergence pessimism
                                 -2.000000   -1.750000   output external delay
                                             -1.750000   data required time
---------------------------------------------------------------------------------------------
                                             -1.750000   data required time
                                             -1.097929   data arrival time
---------------------------------------------------------------------------------------------
                                              2.847929   slack (MET)



