[INFO GRT-0043] No OR_DEFAULT vias defined.
Net: net7
  Pin:   _21_/B (sky130_fd_sc_hd__and2_1)
    Layer: mcon
      Partial area ratio:    0.23
      Required ratio:    3.00 (Gate area) 
      Cumulative area ratio:    0.23
      Required ratio:    0.00 (Cumulative area) 

    Layer: met1
      Partial area ratio:    4.65
      Required ratio:    0.00 (Gate area) 
      Cumulative area ratio:    4.65
      Required ratio:    0.00 (Cumulative area) 
      Partial area ratio:   22.27
      Required ratio:  400.00 (Side area) 
      Cumulative area ratio:   22.27
      Required ratio:    0.00 (Cumulative side area) 

    Layer: via
      Partial area ratio:    0.18
      Required ratio:    6.00 (Gate area) 
      Cumulative area ratio:    0.41
      Required ratio:    0.00 (Cumulative area) 

    Layer: met2
      Partial area ratio:    9.68
      Required ratio:    0.00 (Gate area) 
      Cumulative area ratio:   14.32
      Required ratio:    0.00 (Cumulative area) 
      Partial area ratio:   47.96
      Required ratio: 2956.40 (Side area) 
      Cumulative area ratio:   70.24
      Required ratio:    0.00 (Cumulative side area) 


  Pin:   _33_/A2 (sky130_fd_sc_hd__a31o_1)
    Layer: mcon
      Partial area ratio:    0.12
      Required ratio:    3.00 (Gate area) 
      Cumulative area ratio:    0.12
      Required ratio:    0.00 (Cumulative area) 

    Layer: met1
      Partial area ratio:    4.65
      Required ratio:    0.00 (Gate area) 
      Cumulative area ratio:    4.65
      Required ratio:    0.00 (Cumulative area) 
      Partial area ratio:   22.27
      Required ratio:  400.00 (Side area) 
      Cumulative area ratio:   22.27
      Required ratio:    0.00 (Cumulative side area) 

    Layer: via
      Partial area ratio:    0.18
      Required ratio:    6.00 (Gate area) 
      Cumulative area ratio:    0.30
      Required ratio:    0.00 (Cumulative area) 

    Layer: met2
      Partial area ratio:    9.68
      Required ratio:    0.00 (Gate area) 
      Cumulative area ratio:   14.32
      Required ratio:    0.00 (Cumulative area) 
      Partial area ratio:   47.96
      Required ratio: 2956.40 (Side area) 
      Cumulative area ratio:   70.24
      Required ratio:    0.00 (Cumulative side area) 


  Pin:   output7/A (sky130_fd_sc_hd__buf_2)
    Layer: mcon
      Partial area ratio:    0.18
      Required ratio:    3.00 (Gate area) 
      Cumulative area ratio:    0.18
      Required ratio:    0.00 (Cumulative area) 

    Layer: met1
      Partial area ratio:   89.65
      Required ratio:    0.00 (Gate area) 
      Cumulative area ratio:   89.65
      Required ratio:    0.00 (Cumulative area) 
      Partial area ratio:  447.07
      Required ratio:  400.00 (Side area) (VIOLATED)
      Cumulative area ratio:  447.07
      Required ratio:    0.00 (Cumulative side area) 

    Layer: via
      Partial area ratio:    0.28
      Required ratio:    6.00 (Gate area) 
      Cumulative area ratio:    0.46
      Required ratio:    0.00 (Cumulative area) 

    Layer: met2
      Partial area ratio:    9.68
      Required ratio:    0.00 (Gate area) 
      Cumulative area ratio:   99.32
      Required ratio:    0.00 (Cumulative area) 
      Partial area ratio:   47.96
      Required ratio: 2956.40 (Side area) 
      Cumulative area ratio:  495.03
      Required ratio:    0.00 (Cumulative side area) 


  Pin:   hold4/A (sky130_fd_sc_hd__dlygate4sd3_1)
    Layer: mcon
      Partial area ratio:    0.23
      Required ratio:    3.00 (Gate area) 
      Cumulative area ratio:    0.23
      Required ratio:    0.00 (Cumulative area) 

    Layer: met1
      Partial area ratio:    7.06
      Required ratio:    0.00 (Gate area) 
      Cumulative area ratio:    7.06
      Required ratio:    0.00 (Cumulative area) 
      Partial area ratio:   32.46
      Required ratio: 2956.40 (Side area) 
      Cumulative area ratio:   32.46
      Required ratio:    0.00 (Cumulative side area) 

    Layer: via
      Partial area ratio:    0.54
      Required ratio:   38.08 (Gate area) 
      Cumulative area ratio:    0.77
      Required ratio:    0.00 (Cumulative area) 

    Layer: met2
      Partial area ratio:    9.68
      Required ratio:    0.00 (Gate area) 
      Cumulative area ratio:   16.74
      Required ratio:    0.00 (Cumulative area) 
      Partial area ratio:   47.96
      Required ratio: 2956.40 (Side area) 
      Cumulative area ratio:   80.42
      Required ratio:    0.00 (Cumulative side area) 



[INFO ANT-0002] Found 1 net violations.
[INFO ANT-0001] Found 1 pin violations.
