
===========================================================================
report_checks -unconstrained
===========================================================================
======================= min_ss_100C_1v60 Corner ===================================

Warning: corner.tcl line 77, unknown field nets.
Startpoint: rst_n (input port clocked by clk)
Endpoint: _42_ (recovery check against rising-edge clock clk)
Path Group: asynchronous
Path Type: max

Fanout         Cap        Slew       Delay        Time   Description
---------------------------------------------------------------------------------------------
                                  0.000000    0.000000   clock clk (rise edge)
                                  0.000000    0.000000   clock network delay (propagated)
                                  2.000000    2.000000 ^ input external delay
     1    0.003034    0.033800    0.017008    2.017008 ^ rst_n (in)
                      0.033800    0.000000    2.017008 ^ input2/A (sky130_fd_sc_hd__clkbuf_4)
     8    0.039808    0.203555    0.329472    2.346480 ^ input2/X (sky130_fd_sc_hd__clkbuf_4)
                      0.203563    0.001549    2.348029 ^ _42_/RESET_B (sky130_fd_sc_hd__dfrtp_1)
                                              2.348029   data arrival time

                                 10.000000   10.000000   clock clk (rise edge)
                                  0.000000   10.000000   clock source latency
     1    0.013726    0.106656    0.070906   10.070907 ^ clk (in)
                      0.106657    0.000000   10.070907 ^ clkbuf_0_clk/A (sky130_fd_sc_hd__clkbuf_16)
     2    0.017669    0.064518    0.235059   10.305965 ^ clkbuf_0_clk/X (sky130_fd_sc_hd__clkbuf_16)
                      0.064518    0.000179   10.306144 ^ clkbuf_1_1__f_clk/A (sky130_fd_sc_hd__clkbuf_16)
     4    0.011690    0.057060    0.207313   10.513457 ^ clkbuf_1_1__f_clk/X (sky130_fd_sc_hd__clkbuf_16)
                      0.057060    0.000137   10.513594 ^ _42_/CLK (sky130_fd_sc_hd__dfrtp_1)
                                 -0.250000   10.263594   clock uncertainty
                                  0.000000   10.263594   clock reconvergence pessimism
                                  0.408753   10.672347   library recovery time
                                             10.672347   data required time
---------------------------------------------------------------------------------------------
                                             10.672347   data required time
                                             -2.348029   data arrival time
---------------------------------------------------------------------------------------------
                                              8.324318   slack (MET)


Startpoint: enable (input port clocked by clk)
Endpoint: overflow (output port clocked by clk)
Path Group: clk
Path Type: max

Fanout         Cap        Slew       Delay        Time   Description
---------------------------------------------------------------------------------------------
                                  0.000000    0.000000   clock clk (rise edge)
                                  0.000000    0.000000   clock network delay (propagated)
                                  2.000000    2.000000 ^ input external delay
     1    0.002916    0.033020    0.016385    2.016385 ^ enable (in)
                      0.033020    0.000000    2.016385 ^ input1/A (sky130_fd_sc_hd__buf_1)
     4    0.013811    0.270152    0.276781    2.293166 ^ input1/X (sky130_fd_sc_hd__buf_1)
                      0.270152    0.000325    2.293491 ^ _19_/D (sky130_fd_sc_hd__and4_1)
     6    0.021018    0.345597    0.675622    2.969113 ^ _19_/X (sky130_fd_sc_hd__and4_1)
                      0.345597    0.000514    2.969627 ^ _23_/C (sky130_fd_sc_hd__and4_1)
     2    0.008437    0.176512    0.544283    3.513911 ^ _23_/X (sky130_fd_sc_hd__and4_1)
                      0.176512    0.000118    3.514029 ^ _24_/B (sky130_fd_sc_hd__and2_1)
     1    0.004945    0.107868    0.292274    3.806303 ^ _24_/X (sky130_fd_sc_hd__and2_1)
                      0.107868    0.000099    3.806401 ^ output11/A (sky130_fd_sc_hd__buf_2)
     1    0.034004    0.270146    0.360102    4.166503 ^ output11/X (sky130_fd_sc_hd__buf_2)
                      0.270146    0.000185    4.166687 ^ overflow (out)
                                              4.166687   data arrival time

                                 10.000000   10.000000   clock clk (rise edge)
                                  0.000000   10.000000   clock network delay (propagated)
                                 -0.250000    9.750000   clock uncertainty
                                  0.000000    9.750000   clock reconvergence pessimism
                                 -2.000000    7.750000   output external delay
                                              7.750000   data required time
---------------------------------------------------------------------------------------------
                                              7.750000   data required time
                                             -4.166687   data arrival time
---------------------------------------------------------------------------------------------
                                              3.583313   slack (MET)




===========================================================================
report_checks --slack_max -0.01
============================================================================
======================= min_ss_100C_1v60 Corner ===================================

Warning: corner.tcl line 85, unknown field nets.
No paths found.


===========================================================================
 report_check_types -max_slew -max_cap -max_fanout -violators
============================================================================
======================= min_ss_100C_1v60 Corner ===================================



===========================================================================
report_parasitic_annotation -report_unannotated
============================================================================
Found 0 unannotated drivers.
Found 0 partially unannotated drivers.

===========================================================================
max slew violation count 0
max fanout violation count 0
max cap violation count 0
============================================================================

===========================================================================
check_setup -verbose -unconstrained_endpoints -multiple_clock -no_clock -no_input_delay -loops -generated_clocks
===========================================================================
