
===========================================================================
report_checks -path_delay max (Setup)
============================================================================
======================= max_ff_n40C_1v95 Corner ===================================

Warning: corner.tcl line 67, unknown field nets.
Warning: corner.tcl line 67, report_checks -group_count is deprecated. Use -group_path_count instead.
Startpoint: enable (input port clocked by clk)
Endpoint: overflow (output port clocked by clk)
Path Group: clk
Path Type: max

Fanout         Cap        Slew       Delay        Time   Description
---------------------------------------------------------------------------------------------
                      0.150000    0.000000    0.000000   clock clk (rise edge)
                                  0.000000    0.000000   clock network delay (ideal)
                                  2.000000    2.000000 ^ input external delay
     4    0.016840    0.062563    0.041384    2.041384 ^ enable (in)
                      0.062563    0.000000    2.041384 ^ _19_/D (sky130_fd_sc_hd__and4_2)
     6    0.027481    0.117994    0.199793    2.241178 ^ _19_/X (sky130_fd_sc_hd__and4_2)
                      0.118029    0.001938    2.243115 ^ _23_/C (sky130_fd_sc_hd__and4_2)
     2    0.012948    0.068279    0.167315    2.410430 ^ _23_/X (sky130_fd_sc_hd__and4_2)
                      0.068286    0.000723    2.411153 ^ _24_/B (sky130_fd_sc_hd__and2_2)
     1    0.033442    0.135355    0.169721    2.580873 ^ _24_/X (sky130_fd_sc_hd__and2_2)
                      0.135355    0.000000    2.580873 ^ overflow (out)
                                              2.580873   data arrival time

                      0.150000   10.000000   10.000000   clock clk (rise edge)
                                  0.000000   10.000000   clock network delay (ideal)
                                 -0.250000    9.750000   clock uncertainty
                                  0.000000    9.750000   clock reconvergence pessimism
                                 -2.000000    7.750000   output external delay
                                              7.750000   data required time
---------------------------------------------------------------------------------------------
                                              7.750000   data required time
                                             -2.580873   data arrival time
---------------------------------------------------------------------------------------------
                                              5.169127   slack (MET)


Startpoint: enable (input port clocked by clk)
Endpoint: _42_ (rising edge-triggered flip-flop clocked by clk)
Path Group: clk
Path Type: max

Fanout         Cap        Slew       Delay        Time   Description
---------------------------------------------------------------------------------------------
                      0.150000    0.000000    0.000000   clock clk (rise edge)
                                  0.000000    0.000000   clock network delay (ideal)
                                  2.000000    2.000000 ^ input external delay
     4    0.016840    0.062563    0.041384    2.041384 ^ enable (in)
                      0.062563    0.000000    2.041384 ^ _19_/D (sky130_fd_sc_hd__and4_2)
     6    0.027481    0.117994    0.199793    2.241178 ^ _19_/X (sky130_fd_sc_hd__and4_2)
                      0.118022    0.001771    2.242949 ^ _22_/B (sky130_fd_sc_hd__and3_2)
     2    0.011512    0.057896    0.141865    2.384814 ^ _22_/X (sky130_fd_sc_hd__and3_2)
                      0.057897    0.000385    2.385198 ^ _34_/A_N (sky130_fd_sc_hd__and2b_2)
     1    0.002656    0.025658    0.128806    2.514004 v _34_/X (sky130_fd_sc_hd__and2b_2)
                      0.025658    0.000179    2.514183 v _42_/D (sky130_fd_sc_hd__dfrtp_2)
                                              2.514183   data arrival time

                      0.150000   10.000000   10.000000   clock clk (rise edge)
                                  0.000000   10.000000   clock network delay (ideal)
                                 -0.250000    9.750000   clock uncertainty
                                  0.000000    9.750000   clock reconvergence pessimism
                                              9.750000 ^ _42_/CLK (sky130_fd_sc_hd__dfrtp_2)
                                 -0.060057    9.689943   library setup time
                                              9.689943   data required time
---------------------------------------------------------------------------------------------
                                              9.689943   data required time
                                             -2.514183   data arrival time
---------------------------------------------------------------------------------------------
                                              7.175760   slack (MET)


Startpoint: enable (input port clocked by clk)
Endpoint: _40_ (rising edge-triggered flip-flop clocked by clk)
Path Group: clk
Path Type: max

Fanout         Cap        Slew       Delay        Time   Description
---------------------------------------------------------------------------------------------
                      0.150000    0.000000    0.000000   clock clk (rise edge)
                                  0.000000    0.000000   clock network delay (ideal)
                                  2.000000    2.000000 v input external delay
     4    0.015432    0.025221    0.015927    2.015927 v enable (in)
                      0.025221    0.000000    2.015927 v _19_/D (sky130_fd_sc_hd__and4_2)
     6    0.026059    0.064704    0.184450    2.200377 v _19_/X (sky130_fd_sc_hd__and4_2)
                      0.064743    0.001473    2.201850 v _30_/B (sky130_fd_sc_hd__or2_2)
     1    0.001752    0.033764    0.161916    2.363766 v _30_/X (sky130_fd_sc_hd__or2_2)
                      0.033764    0.000081    2.363848 v _31_/B (sky130_fd_sc_hd__and2_2)
     1    0.002943    0.026725    0.114175    2.478023 v _31_/X (sky130_fd_sc_hd__and2_2)
                      0.026725    0.000125    2.478148 v _40_/D (sky130_fd_sc_hd__dfrtp_2)
                                              2.478148   data arrival time

                      0.150000   10.000000   10.000000   clock clk (rise edge)
                                  0.000000   10.000000   clock network delay (ideal)
                                 -0.250000    9.750000   clock uncertainty
                                  0.000000    9.750000   clock reconvergence pessimism
                                              9.750000 ^ _40_/CLK (sky130_fd_sc_hd__dfrtp_2)
                                 -0.060436    9.689565   library setup time
                                              9.689565   data required time
---------------------------------------------------------------------------------------------
                                              9.689565   data required time
                                             -2.478148   data arrival time
---------------------------------------------------------------------------------------------
                                              7.211418   slack (MET)


Startpoint: enable (input port clocked by clk)
Endpoint: _44_ (rising edge-triggered flip-flop clocked by clk)
Path Group: clk
Path Type: max

Fanout         Cap        Slew       Delay        Time   Description
---------------------------------------------------------------------------------------------
                      0.150000    0.000000    0.000000   clock clk (rise edge)
                                  0.000000    0.000000   clock network delay (ideal)
                                  2.000000    2.000000 v input external delay
     4    0.015432    0.025221    0.015927    2.015927 v enable (in)
                      0.025221    0.000000    2.015927 v _19_/D (sky130_fd_sc_hd__and4_2)
     6    0.026059    0.064704    0.184450    2.200377 v _19_/X (sky130_fd_sc_hd__and4_2)
                      0.064769    0.001841    2.202217 v _23_/C (sky130_fd_sc_hd__and4_2)
     2    0.012118    0.046281    0.169467    2.371684 v _23_/X (sky130_fd_sc_hd__and4_2)
                      0.046305    0.000992    2.372677 v _36_/B (sky130_fd_sc_hd__xor2_2)
     1    0.002526    0.041917    0.088626    2.461303 v _36_/X (sky130_fd_sc_hd__xor2_2)
                      0.041917    0.000174    2.461476 v _44_/D (sky130_fd_sc_hd__dfrtp_2)
                                              2.461476   data arrival time

                      0.150000   10.000000   10.000000   clock clk (rise edge)
                                  0.000000   10.000000   clock network delay (ideal)
                                 -0.250000    9.750000   clock uncertainty
                                  0.000000    9.750000   clock reconvergence pessimism
                                              9.750000 ^ _44_/CLK (sky130_fd_sc_hd__dfrtp_2)
                                 -0.065834    9.684167   library setup time
                                              9.684167   data required time
---------------------------------------------------------------------------------------------
                                              9.684167   data required time
                                             -2.461476   data arrival time
---------------------------------------------------------------------------------------------
                                              7.222690   slack (MET)


Startpoint: enable (input port clocked by clk)
Endpoint: _43_ (rising edge-triggered flip-flop clocked by clk)
Path Group: clk
Path Type: max

Fanout         Cap        Slew       Delay        Time   Description
---------------------------------------------------------------------------------------------
                      0.150000    0.000000    0.000000   clock clk (rise edge)
                                  0.000000    0.000000   clock network delay (ideal)
                                  2.000000    2.000000 v input external delay
     4    0.015432    0.025221    0.015927    2.015927 v enable (in)
                      0.025221    0.000000    2.015927 v _19_/D (sky130_fd_sc_hd__and4_2)
     6    0.026059    0.064704    0.184450    2.200377 v _19_/X (sky130_fd_sc_hd__and4_2)
                      0.064757    0.001681    2.202058 v _22_/B (sky130_fd_sc_hd__and3_2)
     2    0.010687    0.041496    0.149200    2.351257 v _22_/X (sky130_fd_sc_hd__and3_2)
                      0.041501    0.000473    2.351730 v _35_/B (sky130_fd_sc_hd__xor2_2)
     1    0.003158    0.043577    0.088681    2.440412 v _35_/X (sky130_fd_sc_hd__xor2_2)
                      0.043577    0.000207    2.440619 v _43_/D (sky130_fd_sc_hd__dfrtp_2)
                                              2.440619   data arrival time

                      0.150000   10.000000   10.000000   clock clk (rise edge)
                                  0.000000   10.000000   clock network delay (ideal)
                                 -0.250000    9.750000   clock uncertainty
                                  0.000000    9.750000   clock reconvergence pessimism
                                              9.750000 ^ _43_/CLK (sky130_fd_sc_hd__dfrtp_2)
                                 -0.066424    9.683576   library setup time
                                              9.683576   data required time
---------------------------------------------------------------------------------------------
                                              9.683576   data required time
                                             -2.440619   data arrival time
---------------------------------------------------------------------------------------------
                                              7.242957   slack (MET)


Startpoint: enable (input port clocked by clk)
Endpoint: _41_ (rising edge-triggered flip-flop clocked by clk)
Path Group: clk
Path Type: max

Fanout         Cap        Slew       Delay        Time   Description
---------------------------------------------------------------------------------------------
                      0.150000    0.000000    0.000000   clock clk (rise edge)
                                  0.000000    0.000000   clock network delay (ideal)
                                  2.000000    2.000000 ^ input external delay
     4    0.016840    0.062563    0.041384    2.041384 ^ enable (in)
                      0.062563    0.000000    2.041384 ^ _19_/D (sky130_fd_sc_hd__and4_2)
     6    0.027481    0.117994    0.199793    2.241178 ^ _19_/X (sky130_fd_sc_hd__and4_2)
                      0.118017    0.001631    2.242809 ^ _20_/B (sky130_fd_sc_hd__nand2_2)
     2    0.009990    0.056547    0.051191    2.293999 v _20_/Y (sky130_fd_sc_hd__nand2_2)
                      0.056558    0.000631    2.294631 v _32_/B (sky130_fd_sc_hd__xnor2_2)
     1    0.002493    0.040756    0.085227    2.379857 v _32_/Y (sky130_fd_sc_hd__xnor2_2)
                      0.040756    0.000173    2.380030 v _41_/D (sky130_fd_sc_hd__dfrtp_2)
                                              2.380030   data arrival time

                      0.150000   10.000000   10.000000   clock clk (rise edge)
                                  0.000000   10.000000   clock network delay (ideal)
                                 -0.250000    9.750000   clock uncertainty
                                  0.000000    9.750000   clock reconvergence pessimism
                                              9.750000 ^ _41_/CLK (sky130_fd_sc_hd__dfrtp_2)
                                 -0.065421    9.684579   library setup time
                                              9.684579   data required time
---------------------------------------------------------------------------------------------
                                              9.684579   data required time
                                             -2.380030   data arrival time
---------------------------------------------------------------------------------------------
                                              7.304549   slack (MET)


Startpoint: _37_ (rising edge-triggered flip-flop clocked by clk)
Endpoint: count[0] (output port clocked by clk)
Path Group: clk
Path Type: max

Fanout         Cap        Slew       Delay        Time   Description
---------------------------------------------------------------------------------------------
                      0.150000    0.000000    0.000000   clock clk (rise edge)
                                  0.000000    0.000000   clock network delay (ideal)
                      0.150000    0.000000    0.000000 ^ _37_/CLK (sky130_fd_sc_hd__dfrtp_2)
     5    0.050585    0.186671    0.359548    0.359548 ^ _37_/Q (sky130_fd_sc_hd__dfrtp_2)
                      0.186671    0.000000    0.359548 ^ count[0] (out)
                                              0.359548   data arrival time

                      0.150000   10.000000   10.000000   clock clk (rise edge)
                                  0.000000   10.000000   clock network delay (ideal)
                                 -0.250000    9.750000   clock uncertainty
                                  0.000000    9.750000   clock reconvergence pessimism
                                 -2.000000    7.750000   output external delay
                                              7.750000   data required time
---------------------------------------------------------------------------------------------
                                              7.750000   data required time
                                             -0.359548   data arrival time
---------------------------------------------------------------------------------------------
                                              7.390452   slack (MET)


Startpoint: _41_ (rising edge-triggered flip-flop clocked by clk)
Endpoint: count[4] (output port clocked by clk)
Path Group: clk
Path Type: max

Fanout         Cap        Slew       Delay        Time   Description
---------------------------------------------------------------------------------------------
                      0.150000    0.000000    0.000000   clock clk (rise edge)
                                  0.000000    0.000000   clock network delay (ideal)
                      0.150000    0.000000    0.000000 ^ _41_/CLK (sky130_fd_sc_hd__dfrtp_2)
     4    0.046514    0.172459    0.349741    0.349741 ^ _41_/Q (sky130_fd_sc_hd__dfrtp_2)
                      0.172459    0.000000    0.349741 ^ count[4] (out)
                                              0.349741   data arrival time

                      0.150000   10.000000   10.000000   clock clk (rise edge)
                                  0.000000   10.000000   clock network delay (ideal)
                                 -0.250000    9.750000   clock uncertainty
                                  0.000000    9.750000   clock reconvergence pessimism
                                 -2.000000    7.750000   output external delay
                                              7.750000   data required time
---------------------------------------------------------------------------------------------
                                              7.750000   data required time
                                             -0.349741   data arrival time
---------------------------------------------------------------------------------------------
                                              7.400259   slack (MET)


Startpoint: _40_ (rising edge-triggered flip-flop clocked by clk)
Endpoint: count[3] (output port clocked by clk)
Path Group: clk
Path Type: max

Fanout         Cap        Slew       Delay        Time   Description
---------------------------------------------------------------------------------------------
                      0.150000    0.000000    0.000000   clock clk (rise edge)
                                  0.000000    0.000000   clock network delay (ideal)
                      0.150000    0.000000    0.000000 ^ _40_/CLK (sky130_fd_sc_hd__dfrtp_2)
     6    0.045353    0.168407    0.346944    0.346944 ^ _40_/Q (sky130_fd_sc_hd__dfrtp_2)
                      0.168407    0.000000    0.346944 ^ count[3] (out)
                                              0.346944   data arrival time

                      0.150000   10.000000   10.000000   clock clk (rise edge)
                                  0.000000   10.000000   clock network delay (ideal)
                                 -0.250000    9.750000   clock uncertainty
                                  0.000000    9.750000   clock reconvergence pessimism
                                 -2.000000    7.750000   output external delay
                                              7.750000   data required time
---------------------------------------------------------------------------------------------
                                              7.750000   data required time
                                             -0.346944   data arrival time
---------------------------------------------------------------------------------------------
                                              7.403056   slack (MET)


Startpoint: _43_ (rising edge-triggered flip-flop clocked by clk)
Endpoint: count[6] (output port clocked by clk)
Path Group: clk
Path Type: max

Fanout         Cap        Slew       Delay        Time   Description
---------------------------------------------------------------------------------------------
                      0.150000    0.000000    0.000000   clock clk (rise edge)
                                  0.000000    0.000000   clock network delay (ideal)
                      0.150000    0.000000    0.000000 ^ _43_/CLK (sky130_fd_sc_hd__dfrtp_2)
     3    0.044434    0.165258    0.344700    0.344700 ^ _43_/Q (sky130_fd_sc_hd__dfrtp_2)
                      0.165258    0.000000    0.344700 ^ count[6] (out)
                                              0.344700   data arrival time

                      0.150000   10.000000   10.000000   clock clk (rise edge)
                                  0.000000   10.000000   clock network delay (ideal)
                                 -0.250000    9.750000   clock uncertainty
                                  0.000000    9.750000   clock reconvergence pessimism
                                 -2.000000    7.750000   output external delay
                                              7.750000   data required time
---------------------------------------------------------------------------------------------
                                              7.750000   data required time
                                             -0.344700   data arrival time
---------------------------------------------------------------------------------------------
                                              7.405300   slack (MET)


Startpoint: _44_ (rising edge-triggered flip-flop clocked by clk)
Endpoint: count[7] (output port clocked by clk)
Path Group: clk
Path Type: max

Fanout         Cap        Slew       Delay        Time   Description
---------------------------------------------------------------------------------------------
                      0.150000    0.000000    0.000000   clock clk (rise edge)
                                  0.000000    0.000000   clock network delay (ideal)
                      0.150000    0.000000    0.000000 ^ _44_/CLK (sky130_fd_sc_hd__dfrtp_2)
     3    0.044368    0.165036    0.344537    0.344537 ^ _44_/Q (sky130_fd_sc_hd__dfrtp_2)
                      0.165036    0.000000    0.344537 ^ count[7] (out)
                                              0.344537   data arrival time

                      0.150000   10.000000   10.000000   clock clk (rise edge)
                                  0.000000   10.000000   clock network delay (ideal)
                                 -0.250000    9.750000   clock uncertainty
                                  0.000000    9.750000   clock reconvergence pessimism
                                 -2.000000    7.750000   output external delay
                                              7.750000   data required time
---------------------------------------------------------------------------------------------
                                              7.750000   data required time
                                             -0.344537   data arrival time
---------------------------------------------------------------------------------------------
                                              7.405463   slack (MET)


Startpoint: _38_ (rising edge-triggered flip-flop clocked by clk)
Endpoint: count[1] (output port clocked by clk)
Path Group: clk
Path Type: max

Fanout         Cap        Slew       Delay        Time   Description
---------------------------------------------------------------------------------------------
                      0.150000    0.000000    0.000000   clock clk (rise edge)
                                  0.000000    0.000000   clock network delay (ideal)
                      0.150000    0.000000    0.000000 ^ _38_/CLK (sky130_fd_sc_hd__dfrtp_2)
     4    0.041469    0.155272    0.337373    0.337373 ^ _38_/Q (sky130_fd_sc_hd__dfrtp_2)
                      0.155272    0.000000    0.337373 ^ count[1] (out)
                                              0.337373   data arrival time

                      0.150000   10.000000   10.000000   clock clk (rise edge)
                                  0.000000   10.000000   clock network delay (ideal)
                                 -0.250000    9.750000   clock uncertainty
                                  0.000000    9.750000   clock reconvergence pessimism
                                 -2.000000    7.750000   output external delay
                                              7.750000   data required time
---------------------------------------------------------------------------------------------
                                              7.750000   data required time
                                             -0.337373   data arrival time
---------------------------------------------------------------------------------------------
                                              7.412627   slack (MET)


Startpoint: _39_ (rising edge-triggered flip-flop clocked by clk)
Endpoint: count[2] (output port clocked by clk)
Path Group: clk
Path Type: max

Fanout         Cap        Slew       Delay        Time   Description
---------------------------------------------------------------------------------------------
                      0.150000    0.000000    0.000000   clock clk (rise edge)
                                  0.000000    0.000000   clock network delay (ideal)
                      0.150000    0.000000    0.000000 ^ _39_/CLK (sky130_fd_sc_hd__dfrtp_2)
     3    0.039193    0.086771    0.334593    0.334593 v _39_/Q (sky130_fd_sc_hd__dfrtp_2)
                      0.086771    0.000000    0.334593 v count[2] (out)
                                              0.334593   data arrival time

                      0.150000   10.000000   10.000000   clock clk (rise edge)
                                  0.000000   10.000000   clock network delay (ideal)
                                 -0.250000    9.750000   clock uncertainty
                                  0.000000    9.750000   clock reconvergence pessimism
                                 -2.000000    7.750000   output external delay
                                              7.750000   data required time
---------------------------------------------------------------------------------------------
                                              7.750000   data required time
                                             -0.334593   data arrival time
---------------------------------------------------------------------------------------------
                                              7.415407   slack (MET)


Startpoint: _42_ (rising edge-triggered flip-flop clocked by clk)
Endpoint: count[5] (output port clocked by clk)
Path Group: clk
Path Type: max

Fanout         Cap        Slew       Delay        Time   Description
---------------------------------------------------------------------------------------------
                      0.150000    0.000000    0.000000   clock clk (rise edge)
                                  0.000000    0.000000   clock network delay (ideal)
                      0.150000    0.000000    0.000000 ^ _42_/CLK (sky130_fd_sc_hd__dfrtp_2)
     3    0.037211    0.083858    0.331366    0.331366 v _42_/Q (sky130_fd_sc_hd__dfrtp_2)
                      0.083858    0.000000    0.331366 v count[5] (out)
                                              0.331366   data arrival time

                      0.150000   10.000000   10.000000   clock clk (rise edge)
                                  0.000000   10.000000   clock network delay (ideal)
                                 -0.250000    9.750000   clock uncertainty
                                  0.000000    9.750000   clock reconvergence pessimism
                                 -2.000000    7.750000   output external delay
                                              7.750000   data required time
---------------------------------------------------------------------------------------------
                                              7.750000   data required time
                                             -0.331366   data arrival time
---------------------------------------------------------------------------------------------
                                              7.418634   slack (MET)


Startpoint: enable (input port clocked by clk)
Endpoint: _39_ (rising edge-triggered flip-flop clocked by clk)
Path Group: clk
Path Type: max

Fanout         Cap        Slew       Delay        Time   Description
---------------------------------------------------------------------------------------------
                      0.150000    0.000000    0.000000   clock clk (rise edge)
                                  0.000000    0.000000   clock network delay (ideal)
                                  2.000000    2.000000 ^ input external delay
     4    0.016840    0.062563    0.041384    2.041384 ^ enable (in)
                      0.062563    0.000000    2.041384 ^ _19_/D (sky130_fd_sc_hd__and4_2)
     6    0.027481    0.117994    0.199793    2.241178 ^ _19_/X (sky130_fd_sc_hd__and4_2)
                      0.118000    0.001004    2.242182 ^ _29_/A (sky130_fd_sc_hd__nor2_2)
     1    0.002564    0.029626    0.024473    2.266654 v _29_/Y (sky130_fd_sc_hd__nor2_2)
                      0.029626    0.000122    2.266777 v _39_/D (sky130_fd_sc_hd__dfrtp_2)
                                              2.266777   data arrival time

                      0.150000   10.000000   10.000000   clock clk (rise edge)
                                  0.000000   10.000000   clock network delay (ideal)
                                 -0.250000    9.750000   clock uncertainty
                                  0.000000    9.750000   clock reconvergence pessimism
                                              9.750000 ^ _39_/CLK (sky130_fd_sc_hd__dfrtp_2)
                                 -0.061467    9.688534   library setup time
                                              9.688534   data required time
---------------------------------------------------------------------------------------------
                                              9.688534   data required time
                                             -2.266777   data arrival time
---------------------------------------------------------------------------------------------
                                              7.421757   slack (MET)


Startpoint: enable (input port clocked by clk)
Endpoint: _38_ (rising edge-triggered flip-flop clocked by clk)
Path Group: clk
Path Type: max

Fanout         Cap        Slew       Delay        Time   Description
---------------------------------------------------------------------------------------------
                      0.150000    0.000000    0.000000   clock clk (rise edge)
                                  0.000000    0.000000   clock network delay (ideal)
                                  2.000000    2.000000 v input external delay
     4    0.015432    0.025221    0.015927    2.015927 v enable (in)
                      0.025221    0.000000    2.015927 v _18_/C (sky130_fd_sc_hd__and3_2)
     2    0.009825    0.039889    0.141207    2.157133 v _18_/X (sky130_fd_sc_hd__and3_2)
                      0.039901    0.000648    2.157781 v _27_/A (sky130_fd_sc_hd__nor2_2)
     1    0.002929    0.044957    0.066233    2.224014 ^ _27_/Y (sky130_fd_sc_hd__nor2_2)
                      0.044957    0.000193    2.224207 ^ _38_/D (sky130_fd_sc_hd__dfrtp_2)
                                              2.224207   data arrival time

                      0.150000   10.000000   10.000000   clock clk (rise edge)
                                  0.000000   10.000000   clock network delay (ideal)
                                 -0.250000    9.750000   clock uncertainty
                                  0.000000    9.750000   clock reconvergence pessimism
                                              9.750000 ^ _38_/CLK (sky130_fd_sc_hd__dfrtp_2)
                                 -0.033244    9.716757   library setup time
                                              9.716757   data required time
---------------------------------------------------------------------------------------------
                                              9.716757   data required time
                                             -2.224207   data arrival time
---------------------------------------------------------------------------------------------
                                              7.492550   slack (MET)


Startpoint: enable (input port clocked by clk)
Endpoint: _37_ (rising edge-triggered flip-flop clocked by clk)
Path Group: clk
Path Type: max

Fanout         Cap        Slew       Delay        Time   Description
---------------------------------------------------------------------------------------------
                      0.150000    0.000000    0.000000   clock clk (rise edge)
                                  0.000000    0.000000   clock network delay (ideal)
                                  2.000000    2.000000 v input external delay
     4    0.015432    0.025221    0.015927    2.015927 v enable (in)
                      0.025221    0.000000    2.015927 v _25_/B (sky130_fd_sc_hd__xor2_2)
     1    0.003343    0.046817    0.083397    2.099324 v _25_/X (sky130_fd_sc_hd__xor2_2)
                      0.046817    0.000210    2.099534 v _37_/D (sky130_fd_sc_hd__dfrtp_2)
                                              2.099534   data arrival time

                      0.150000   10.000000   10.000000   clock clk (rise edge)
                                  0.000000   10.000000   clock network delay (ideal)
                                 -0.250000    9.750000   clock uncertainty
                                  0.000000    9.750000   clock reconvergence pessimism
                                              9.750000 ^ _37_/CLK (sky130_fd_sc_hd__dfrtp_2)
                                 -0.067575    9.682425   library setup time
                                              9.682425   data required time
---------------------------------------------------------------------------------------------
                                              9.682425   data required time
                                             -2.099534   data arrival time
---------------------------------------------------------------------------------------------
                                              7.582891   slack (MET)


Startpoint: rst_n (input port clocked by clk)
Endpoint: _37_ (recovery check against rising-edge clock clk)
Path Group: asynchronous
Path Type: max

Fanout         Cap        Slew       Delay        Time   Description
---------------------------------------------------------------------------------------------
                      0.150000    0.000000    0.000000   clock clk (rise edge)
                                  0.000000    0.000000   clock network delay (ideal)
                                  2.000000    2.000000 ^ input external delay
     8    0.028936    0.102866    0.069482    2.069482 ^ rst_n (in)
                      0.102866    0.000000    2.069482 ^ _37_/RESET_B (sky130_fd_sc_hd__dfrtp_2)
                                              2.069482   data arrival time

                      0.150000   10.000000   10.000000   clock clk (rise edge)
                                  0.000000   10.000000   clock network delay (ideal)
                                 -0.250000    9.750000   clock uncertainty
                                  0.000000    9.750000   clock reconvergence pessimism
                                              9.750000 ^ _37_/CLK (sky130_fd_sc_hd__dfrtp_2)
                                  0.133756    9.883756   library recovery time
                                              9.883756   data required time
---------------------------------------------------------------------------------------------
                                              9.883756   data required time
                                             -2.069482   data arrival time
---------------------------------------------------------------------------------------------
                                              7.814274   slack (MET)


Startpoint: rst_n (input port clocked by clk)
Endpoint: _38_ (recovery check against rising-edge clock clk)
Path Group: asynchronous
Path Type: max

Fanout         Cap        Slew       Delay        Time   Description
---------------------------------------------------------------------------------------------
                      0.150000    0.000000    0.000000   clock clk (rise edge)
                                  0.000000    0.000000   clock network delay (ideal)
                                  2.000000    2.000000 ^ input external delay
     8    0.028936    0.102866    0.069482    2.069482 ^ rst_n (in)
                      0.102866    0.000000    2.069482 ^ _38_/RESET_B (sky130_fd_sc_hd__dfrtp_2)
                                              2.069482   data arrival time

                      0.150000   10.000000   10.000000   clock clk (rise edge)
                                  0.000000   10.000000   clock network delay (ideal)
                                 -0.250000    9.750000   clock uncertainty
                                  0.000000    9.750000   clock reconvergence pessimism
                                              9.750000 ^ _38_/CLK (sky130_fd_sc_hd__dfrtp_2)
                                  0.133756    9.883756   library recovery time
                                              9.883756   data required time
---------------------------------------------------------------------------------------------
                                              9.883756   data required time
                                             -2.069482   data arrival time
---------------------------------------------------------------------------------------------
                                              7.814274   slack (MET)


Startpoint: rst_n (input port clocked by clk)
Endpoint: _39_ (recovery check against rising-edge clock clk)
Path Group: asynchronous
Path Type: max

Fanout         Cap        Slew       Delay        Time   Description
---------------------------------------------------------------------------------------------
                      0.150000    0.000000    0.000000   clock clk (rise edge)
                                  0.000000    0.000000   clock network delay (ideal)
                                  2.000000    2.000000 ^ input external delay
     8    0.028936    0.102866    0.069482    2.069482 ^ rst_n (in)
                      0.102866    0.000000    2.069482 ^ _39_/RESET_B (sky130_fd_sc_hd__dfrtp_2)
                                              2.069482   data arrival time

                      0.150000   10.000000   10.000000   clock clk (rise edge)
                                  0.000000   10.000000   clock network delay (ideal)
                                 -0.250000    9.750000   clock uncertainty
                                  0.000000    9.750000   clock reconvergence pessimism
                                              9.750000 ^ _39_/CLK (sky130_fd_sc_hd__dfrtp_2)
                                  0.133756    9.883756   library recovery time
                                              9.883756   data required time
---------------------------------------------------------------------------------------------
                                              9.883756   data required time
                                             -2.069482   data arrival time
---------------------------------------------------------------------------------------------
                                              7.814274   slack (MET)


Startpoint: rst_n (input port clocked by clk)
Endpoint: _40_ (recovery check against rising-edge clock clk)
Path Group: asynchronous
Path Type: max

Fanout         Cap        Slew       Delay        Time   Description
---------------------------------------------------------------------------------------------
                      0.150000    0.000000    0.000000   clock clk (rise edge)
                                  0.000000    0.000000   clock network delay (ideal)
                                  2.000000    2.000000 ^ input external delay
     8    0.028936    0.102866    0.069482    2.069482 ^ rst_n (in)
                      0.102866    0.000000    2.069482 ^ _40_/RESET_B (sky130_fd_sc_hd__dfrtp_2)
                                              2.069482   data arrival time

                      0.150000   10.000000   10.000000   clock clk (rise edge)
                                  0.000000   10.000000   clock network delay (ideal)
                                 -0.250000    9.750000   clock uncertainty
                                  0.000000    9.750000   clock reconvergence pessimism
                                              9.750000 ^ _40_/CLK (sky130_fd_sc_hd__dfrtp_2)
                                  0.133756    9.883756   library recovery time
                                              9.883756   data required time
---------------------------------------------------------------------------------------------
                                              9.883756   data required time
                                             -2.069482   data arrival time
---------------------------------------------------------------------------------------------
                                              7.814274   slack (MET)


Startpoint: rst_n (input port clocked by clk)
Endpoint: _41_ (recovery check against rising-edge clock clk)
Path Group: asynchronous
Path Type: max

Fanout         Cap        Slew       Delay        Time   Description
---------------------------------------------------------------------------------------------
                      0.150000    0.000000    0.000000   clock clk (rise edge)
                                  0.000000    0.000000   clock network delay (ideal)
                                  2.000000    2.000000 ^ input external delay
     8    0.028936    0.102866    0.069482    2.069482 ^ rst_n (in)
                      0.102866    0.000000    2.069482 ^ _41_/RESET_B (sky130_fd_sc_hd__dfrtp_2)
                                              2.069482   data arrival time

                      0.150000   10.000000   10.000000   clock clk (rise edge)
                                  0.000000   10.000000   clock network delay (ideal)
                                 -0.250000    9.750000   clock uncertainty
                                  0.000000    9.750000   clock reconvergence pessimism
                                              9.750000 ^ _41_/CLK (sky130_fd_sc_hd__dfrtp_2)
                                  0.133756    9.883756   library recovery time
                                              9.883756   data required time
---------------------------------------------------------------------------------------------
                                              9.883756   data required time
                                             -2.069482   data arrival time
---------------------------------------------------------------------------------------------
                                              7.814274   slack (MET)


Startpoint: rst_n (input port clocked by clk)
Endpoint: _42_ (recovery check against rising-edge clock clk)
Path Group: asynchronous
Path Type: max

Fanout         Cap        Slew       Delay        Time   Description
---------------------------------------------------------------------------------------------
                      0.150000    0.000000    0.000000   clock clk (rise edge)
                                  0.000000    0.000000   clock network delay (ideal)
                                  2.000000    2.000000 ^ input external delay
     8    0.028936    0.102866    0.069482    2.069482 ^ rst_n (in)
                      0.102866    0.000000    2.069482 ^ _42_/RESET_B (sky130_fd_sc_hd__dfrtp_2)
                                              2.069482   data arrival time

                      0.150000   10.000000   10.000000   clock clk (rise edge)
                                  0.000000   10.000000   clock network delay (ideal)
                                 -0.250000    9.750000   clock uncertainty
                                  0.000000    9.750000   clock reconvergence pessimism
                                              9.750000 ^ _42_/CLK (sky130_fd_sc_hd__dfrtp_2)
                                  0.133756    9.883756   library recovery time
                                              9.883756   data required time
---------------------------------------------------------------------------------------------
                                              9.883756   data required time
                                             -2.069482   data arrival time
---------------------------------------------------------------------------------------------
                                              7.814274   slack (MET)


Startpoint: rst_n (input port clocked by clk)
Endpoint: _43_ (recovery check against rising-edge clock clk)
Path Group: asynchronous
Path Type: max

Fanout         Cap        Slew       Delay        Time   Description
---------------------------------------------------------------------------------------------
                      0.150000    0.000000    0.000000   clock clk (rise edge)
                                  0.000000    0.000000   clock network delay (ideal)
                                  2.000000    2.000000 ^ input external delay
     8    0.028936    0.102866    0.069482    2.069482 ^ rst_n (in)
                      0.102866    0.000000    2.069482 ^ _43_/RESET_B (sky130_fd_sc_hd__dfrtp_2)
                                              2.069482   data arrival time

                      0.150000   10.000000   10.000000   clock clk (rise edge)
                                  0.000000   10.000000   clock network delay (ideal)
                                 -0.250000    9.750000   clock uncertainty
                                  0.000000    9.750000   clock reconvergence pessimism
                                              9.750000 ^ _43_/CLK (sky130_fd_sc_hd__dfrtp_2)
                                  0.133756    9.883756   library recovery time
                                              9.883756   data required time
---------------------------------------------------------------------------------------------
                                              9.883756   data required time
                                             -2.069482   data arrival time
---------------------------------------------------------------------------------------------
                                              7.814274   slack (MET)


Startpoint: rst_n (input port clocked by clk)
Endpoint: _44_ (recovery check against rising-edge clock clk)
Path Group: asynchronous
Path Type: max

Fanout         Cap        Slew       Delay        Time   Description
---------------------------------------------------------------------------------------------
                      0.150000    0.000000    0.000000   clock clk (rise edge)
                                  0.000000    0.000000   clock network delay (ideal)
                                  2.000000    2.000000 ^ input external delay
     8    0.028936    0.102866    0.069482    2.069482 ^ rst_n (in)
                      0.102866    0.000000    2.069482 ^ _44_/RESET_B (sky130_fd_sc_hd__dfrtp_2)
                                              2.069482   data arrival time

                      0.150000   10.000000   10.000000   clock clk (rise edge)
                                  0.000000   10.000000   clock network delay (ideal)
                                 -0.250000    9.750000   clock uncertainty
                                  0.000000    9.750000   clock reconvergence pessimism
                                              9.750000 ^ _44_/CLK (sky130_fd_sc_hd__dfrtp_2)
                                  0.133756    9.883756   library recovery time
                                              9.883756   data required time
---------------------------------------------------------------------------------------------
                                              9.883756   data required time
                                             -2.069482   data arrival time
---------------------------------------------------------------------------------------------
                                              7.814274   slack (MET)



