
===========================================================================
report_checks -unconstrained
===========================================================================
======================= max_tt_025C_1v80 Corner ===================================

Warning: corner.tcl line 77, unknown field nets.
Startpoint: rst_n (input port clocked by clk)
Endpoint: _42_ (recovery check against rising-edge clock clk)
Path Group: asynchronous
Path Type: max

Fanout         Cap        Slew       Delay        Time   Description
---------------------------------------------------------------------------------------------
                                  0.000000    0.000000   clock clk (rise edge)
                                  0.000000    0.000000   clock network delay (propagated)
                                  2.000000    2.000000 ^ input external delay
     1    0.003159    0.021284    0.011620    2.011620 ^ rst_n (in)
                      0.021292    0.000000    2.011620 ^ input2/A (sky130_fd_sc_hd__clkbuf_4)
     8    0.045111    0.143170    0.195940    2.207560 ^ input2/X (sky130_fd_sc_hd__clkbuf_4)
                      0.143444    0.005122    2.212682 ^ _42_/RESET_B (sky130_fd_sc_hd__dfrtp_1)
                                              2.212682   data arrival time

                                 10.000000   10.000000   clock clk (rise edge)
                                  0.000000   10.000000   clock source latency
     1    0.014661    0.071934    0.049179   10.049179 ^ clk (in)
                      0.071943    0.000000   10.049179 ^ clkbuf_0_clk/A (sky130_fd_sc_hd__clkbuf_16)
     2    0.017928    0.040151    0.132935   10.182115 ^ clkbuf_0_clk/X (sky130_fd_sc_hd__clkbuf_16)
                      0.040168    0.001222   10.183337 ^ clkbuf_1_1__f_clk/A (sky130_fd_sc_hd__clkbuf_16)
     4    0.013020    0.035928    0.116851   10.300188 ^ clkbuf_1_1__f_clk/X (sky130_fd_sc_hd__clkbuf_16)
                      0.035929    0.000697   10.300885 ^ _42_/CLK (sky130_fd_sc_hd__dfrtp_1)
                                 -0.250000   10.050885   clock uncertainty
                                  0.000000   10.050885   clock reconvergence pessimism
                                  0.202028   10.252913   library recovery time
                                             10.252913   data required time
---------------------------------------------------------------------------------------------
                                             10.252913   data required time
                                             -2.212682   data arrival time
---------------------------------------------------------------------------------------------
                                              8.040231   slack (MET)


Startpoint: enable (input port clocked by clk)
Endpoint: overflow (output port clocked by clk)
Path Group: clk
Path Type: max

Fanout         Cap        Slew       Delay        Time   Description
---------------------------------------------------------------------------------------------
                                  0.000000    0.000000   clock clk (rise edge)
                                  0.000000    0.000000   clock network delay (propagated)
                                  2.000000    2.000000 ^ input external delay
     1    0.003101    0.021031    0.011416    2.011415 ^ enable (in)
                      0.021039    0.000000    2.011415 ^ input1/A (sky130_fd_sc_hd__buf_1)
     4    0.014668    0.177761    0.165494    2.176909 ^ input1/X (sky130_fd_sc_hd__buf_1)
                      0.177771    0.001081    2.177990 ^ _19_/D (sky130_fd_sc_hd__and4_1)
     6    0.022953    0.227688    0.352096    2.530087 ^ _19_/X (sky130_fd_sc_hd__and4_1)
                      0.227697    0.001720    2.531806 ^ _23_/C (sky130_fd_sc_hd__and4_1)
     2    0.008976    0.106509    0.267328    2.799134 ^ _23_/X (sky130_fd_sc_hd__and4_1)
                      0.106509    0.000509    2.799643 ^ _24_/B (sky130_fd_sc_hd__and2_1)
     1    0.005431    0.068677    0.150662    2.950305 ^ _24_/X (sky130_fd_sc_hd__and2_1)
                      0.068677    0.000299    2.950604 ^ output11/A (sky130_fd_sc_hd__buf_2)
     1    0.034086    0.169608    0.205529    3.156133 ^ output11/X (sky130_fd_sc_hd__buf_2)
                      0.169680    0.001620    3.157753 ^ overflow (out)
                                              3.157753   data arrival time

                                 10.000000   10.000000   clock clk (rise edge)
                                  0.000000   10.000000   clock network delay (propagated)
                                 -0.250000    9.750000   clock uncertainty
                                  0.000000    9.750000   clock reconvergence pessimism
                                 -2.000000    7.750000   output external delay
                                              7.750000   data required time
---------------------------------------------------------------------------------------------
                                              7.750000   data required time
                                             -3.157753   data arrival time
---------------------------------------------------------------------------------------------
                                              4.592247   slack (MET)




===========================================================================
report_checks --slack_max -0.01
============================================================================
======================= max_tt_025C_1v80 Corner ===================================

Warning: corner.tcl line 85, unknown field nets.
No paths found.


===========================================================================
 report_check_types -max_slew -max_cap -max_fanout -violators
============================================================================
======================= max_tt_025C_1v80 Corner ===================================



===========================================================================
report_parasitic_annotation -report_unannotated
============================================================================
Found 0 unannotated drivers.
Found 0 partially unannotated drivers.

===========================================================================
max slew violation count 0
max fanout violation count 0
max cap violation count 0
============================================================================

===========================================================================
check_setup -verbose -unconstrained_endpoints -multiple_clock -no_clock -no_input_delay -loops -generated_clocks
===========================================================================
