
===========================================================================
report_checks -unconstrained
===========================================================================
======================= max_tt_025C_1v80 Corner ===================================

Warning: corner.tcl line 77, unknown field nets.
Startpoint: rst_n (input port clocked by clk)
Endpoint: _41_ (recovery check against rising-edge clock clk)
Path Group: asynchronous
Path Type: max

Fanout         Cap        Slew       Delay        Time   Description
---------------------------------------------------------------------------------------------
                                  0.000000    0.000000   clock clk (rise edge)
                                  0.000000    0.000000   clock network delay (propagated)
                                  2.000000    2.000000 ^ input external delay
     1    0.002952    0.020387    0.010897    2.010897 ^ rst_n (in)
                      0.020388    0.000000    2.010897 ^ input2/A (sky130_fd_sc_hd__clkbuf_4)
     8    0.057390    0.177146    0.218633    2.229530 ^ input2/X (sky130_fd_sc_hd__clkbuf_4)
                      0.177885    0.009272    2.238802 ^ _41_/RESET_B (sky130_fd_sc_hd__dfrtp_4)
                                              2.238802   data arrival time

                                 10.000000   10.000000   clock clk (rise edge)
                                  0.000000   10.000000   clock source latency
     1    0.021612    0.102622    0.071709   10.071709 ^ clk (in)
                      0.102703    0.000000   10.071709 ^ clkbuf_0_clk/A (sky130_fd_sc_hd__clkbuf_16)
     2    0.018124    0.040302    0.144507   10.216216 ^ clkbuf_0_clk/X (sky130_fd_sc_hd__clkbuf_16)
                      0.040317    0.001060   10.217277 ^ clkbuf_1_1__f_clk/A (sky130_fd_sc_hd__clkbuf_16)
     4    0.016921    0.039231    0.120480   10.337756 ^ clkbuf_1_1__f_clk/X (sky130_fd_sc_hd__clkbuf_16)
                      0.039249    0.001285   10.339041 ^ _41_/CLK (sky130_fd_sc_hd__dfrtp_4)
                                 -0.250000   10.089041   clock uncertainty
                                  0.000000   10.089041   clock reconvergence pessimism
                                  0.172372   10.261414   library recovery time
                                             10.261414   data required time
---------------------------------------------------------------------------------------------
                                             10.261414   data required time
                                             -2.238802   data arrival time
---------------------------------------------------------------------------------------------
                                              8.022612   slack (MET)


Startpoint: enable (input port clocked by clk)
Endpoint: overflow (output port clocked by clk)
Path Group: clk
Path Type: max

Fanout         Cap        Slew       Delay        Time   Description
---------------------------------------------------------------------------------------------
                                  0.000000    0.000000   clock clk (rise edge)
                                  0.000000    0.000000   clock network delay (propagated)
                                  2.000000    2.000000 ^ input external delay
     1    0.003293    0.021875    0.012091    2.012091 ^ enable (in)
                      0.021877    0.000000    2.012091 ^ input1/A (sky130_fd_sc_hd__clkbuf_2)
     4    0.029608    0.164778    0.179606    2.191697 ^ input1/X (sky130_fd_sc_hd__clkbuf_2)
                      0.164909    0.003817    2.195514 ^ _19_/D (sky130_fd_sc_hd__and4_1)
     6    0.020945    0.211053    0.336088    2.531602 ^ _19_/X (sky130_fd_sc_hd__and4_1)
                      0.211067    0.001879    2.533481 ^ _23_/C (sky130_fd_sc_hd__and4_1)
     2    0.009722    0.112751    0.268753    2.802233 ^ _23_/X (sky130_fd_sc_hd__and4_1)
                      0.112752    0.000652    2.802886 ^ _24_/B (sky130_fd_sc_hd__and2_1)
     1    0.010565    0.114572    0.186849    2.989735 ^ _24_/X (sky130_fd_sc_hd__and2_1)
                      0.114580    0.001074    2.990808 ^ output11/A (sky130_fd_sc_hd__buf_2)
     1    0.034041    0.169656    0.222301    3.213109 ^ output11/X (sky130_fd_sc_hd__buf_2)
                      0.169670    0.001616    3.214725 ^ overflow (out)
                                              3.214725   data arrival time

                                 10.000000   10.000000   clock clk (rise edge)
                                  0.000000   10.000000   clock network delay (propagated)
                                 -0.250000    9.750000   clock uncertainty
                                  0.000000    9.750000   clock reconvergence pessimism
                                 -2.000000    7.750000   output external delay
                                              7.750000   data required time
---------------------------------------------------------------------------------------------
                                              7.750000   data required time
                                             -3.214725   data arrival time
---------------------------------------------------------------------------------------------
                                              4.535275   slack (MET)




===========================================================================
report_checks --slack_max -0.01
============================================================================
======================= max_tt_025C_1v80 Corner ===================================

Warning: corner.tcl line 85, unknown field nets.
No paths found.


===========================================================================
 report_check_types -max_slew -max_cap -max_fanout -violators
============================================================================
======================= max_tt_025C_1v80 Corner ===================================



===========================================================================
report_parasitic_annotation -report_unannotated
============================================================================
Found 1 unannotated drivers.
 clkload0/X
Found 0 partially unannotated drivers.

===========================================================================
max slew violation count 0
max fanout violation count 0
max cap violation count 0
============================================================================

===========================================================================
check_setup -verbose -unconstrained_endpoints -multiple_clock -no_clock -no_input_delay -loops -generated_clocks
===========================================================================
