Clock: clk
Sources: clk 
Generated: no
Virtual: yes
Propagated: no
Period: 10.000000

===========================================================================
report_clock_properties
============================================================================
Clock                   Period          Waveform
----------------------------------------------------
clk                  10.000000    0.000000  5.000000

===========================================================================
report_clock_latency
============================================================================
Clock clk
rise -> rise
    min     max
0.000000 0.000000 source latency
0.338659         network latency _44_/CLK
        0.339123 network latency _38_/CLK
---------------
0.338659 0.339123 latency
        0.000463 skew

fall -> fall
    min     max
0.000000 0.000000 source latency
0.319183         network latency _44_/CLK
        0.319547 network latency _41_/CLK
---------------
0.319183 0.319547 latency
        0.000363 skew



===========================================================================
report_clock_min_period
============================================================================
clk period_min = 1.58 fmax = 634.34
