
===========================================================================
report_checks -path_delay max (Setup)
============================================================================
======================= max_tt_025C_1v80 Corner ===================================

Warning: corner.tcl line 67, unknown field nets.
Warning: corner.tcl line 67, report_checks -group_count is deprecated. Use -group_path_count instead.
Startpoint: enable (input port clocked by clk)
Endpoint: overflow (output port clocked by clk)
Path Group: clk
Path Type: max

Fanout         Cap        Slew       Delay        Time   Description
---------------------------------------------------------------------------------------------
                                  0.000000    0.000000   clock clk (rise edge)
                                  0.000000    0.000000   clock network delay (propagated)
                                  2.000000    2.000000 ^ input external delay
     1    0.003293    0.021875    0.012091    2.012091 ^ enable (in)
                      0.021877    0.000000    2.012091 ^ input1/A (sky130_fd_sc_hd__clkbuf_2)
     4    0.029608    0.164778    0.179606    2.191697 ^ input1/X (sky130_fd_sc_hd__clkbuf_2)
                      0.164909    0.003817    2.195514 ^ _19_/D (sky130_fd_sc_hd__and4_1)
     6    0.020945    0.211053    0.336088    2.531602 ^ _19_/X (sky130_fd_sc_hd__and4_1)
                      0.211067    0.001879    2.533481 ^ _23_/C (sky130_fd_sc_hd__and4_1)
     2    0.009722    0.112751    0.268753    2.802233 ^ _23_/X (sky130_fd_sc_hd__and4_1)
                      0.112752    0.000652    2.802886 ^ _24_/B (sky130_fd_sc_hd__and2_1)
     1    0.010565    0.114572    0.186849    2.989735 ^ _24_/X (sky130_fd_sc_hd__and2_1)
                      0.114580    0.001074    2.990808 ^ output11/A (sky130_fd_sc_hd__buf_2)
     1    0.034041    0.169656    0.222301    3.213109 ^ output11/X (sky130_fd_sc_hd__buf_2)
                      0.169670    0.001616    3.214725 ^ overflow (out)
                                              3.214725   data arrival time

                                 10.000000   10.000000   clock clk (rise edge)
                                  0.000000   10.000000   clock network delay (propagated)
                                 -0.250000    9.750000   clock uncertainty
                                  0.000000    9.750000   clock reconvergence pessimism
                                 -2.000000    7.750000   output external delay
                                              7.750000   data required time
---------------------------------------------------------------------------------------------
                                              7.750000   data required time
                                             -3.214725   data arrival time
---------------------------------------------------------------------------------------------
                                              4.535275   slack (MET)


Startpoint: _40_ (rising edge-triggered flip-flop clocked by clk)
Endpoint: count[3] (output port clocked by clk)
Path Group: clk
Path Type: max

Fanout         Cap        Slew       Delay        Time   Description
---------------------------------------------------------------------------------------------
                                  0.000000    0.000000   clock clk (rise edge)
                                  0.000000    0.000000   clock source latency
     1    0.021612    0.102622    0.071709    0.071709 ^ clk (in)
                      0.102703    0.000000    0.071709 ^ clkbuf_0_clk/A (sky130_fd_sc_hd__clkbuf_16)
     2    0.018124    0.040302    0.144506    0.216215 ^ clkbuf_0_clk/X (sky130_fd_sc_hd__clkbuf_16)
                      0.040318    0.001113    0.217328 ^ clkbuf_1_0__f_clk/A (sky130_fd_sc_hd__clkbuf_16)
     5    0.017512    0.039730    0.121261    0.338589 ^ clkbuf_1_0__f_clk/X (sky130_fd_sc_hd__clkbuf_16)
                      0.039731    0.000442    0.339031 ^ _40_/CLK (sky130_fd_sc_hd__dfrtp_4)
     6    0.029943    0.092656    0.512750    0.851781 v _40_/Q (sky130_fd_sc_hd__dfrtp_4)
                      0.092831    0.002867    0.854648 v output6/A (sky130_fd_sc_hd__buf_2)
     1    0.034232    0.089850    0.200765    1.055413 v output6/X (sky130_fd_sc_hd__buf_2)
                      0.089888    0.001702    1.057116 v count[3] (out)
                                              1.057116   data arrival time

                                 10.000000   10.000000   clock clk (rise edge)
                                  0.000000   10.000000   clock network delay (propagated)
                                 -0.250000    9.750000   clock uncertainty
                                  0.000000    9.750000   clock reconvergence pessimism
                                 -2.000000    7.750000   output external delay
                                              7.750000   data required time
---------------------------------------------------------------------------------------------
                                              7.750000   data required time
                                             -1.057116   data arrival time
---------------------------------------------------------------------------------------------
                                              6.692884   slack (MET)


Startpoint: _41_ (rising edge-triggered flip-flop clocked by clk)
Endpoint: count[4] (output port clocked by clk)
Path Group: clk
Path Type: max

Fanout         Cap        Slew       Delay        Time   Description
---------------------------------------------------------------------------------------------
                                  0.000000    0.000000   clock clk (rise edge)
                                  0.000000    0.000000   clock source latency
     1    0.021612    0.102622    0.071709    0.071709 ^ clk (in)
                      0.102703    0.000000    0.071709 ^ clkbuf_0_clk/A (sky130_fd_sc_hd__clkbuf_16)
     2    0.018124    0.040302    0.144506    0.216215 ^ clkbuf_0_clk/X (sky130_fd_sc_hd__clkbuf_16)
                      0.040317    0.001060    0.217276 ^ clkbuf_1_1__f_clk/A (sky130_fd_sc_hd__clkbuf_16)
     4    0.016921    0.039231    0.120480    0.337756 ^ clkbuf_1_1__f_clk/X (sky130_fd_sc_hd__clkbuf_16)
                      0.039249    0.001286    0.339041 ^ _41_/CLK (sky130_fd_sc_hd__dfrtp_4)
     4    0.024618    0.085842    0.503706    0.842747 v _41_/Q (sky130_fd_sc_hd__dfrtp_4)
                      0.085919    0.002685    0.845432 v output7/A (sky130_fd_sc_hd__buf_2)
     1    0.034164    0.089673    0.197542    1.042974 v output7/X (sky130_fd_sc_hd__buf_2)
                      0.089708    0.001642    1.044616 v count[4] (out)
                                              1.044616   data arrival time

                                 10.000000   10.000000   clock clk (rise edge)
                                  0.000000   10.000000   clock network delay (propagated)
                                 -0.250000    9.750000   clock uncertainty
                                  0.000000    9.750000   clock reconvergence pessimism
                                 -2.000000    7.750000   output external delay
                                              7.750000   data required time
---------------------------------------------------------------------------------------------
                                              7.750000   data required time
                                             -1.044616   data arrival time
---------------------------------------------------------------------------------------------
                                              6.705384   slack (MET)


Startpoint: _38_ (rising edge-triggered flip-flop clocked by clk)
Endpoint: count[1] (output port clocked by clk)
Path Group: clk
Path Type: max

Fanout         Cap        Slew       Delay        Time   Description
---------------------------------------------------------------------------------------------
                                  0.000000    0.000000   clock clk (rise edge)
                                  0.000000    0.000000   clock source latency
     1    0.021612    0.102622    0.071709    0.071709 ^ clk (in)
                      0.102703    0.000000    0.071709 ^ clkbuf_0_clk/A (sky130_fd_sc_hd__clkbuf_16)
     2    0.018124    0.040302    0.144506    0.216215 ^ clkbuf_0_clk/X (sky130_fd_sc_hd__clkbuf_16)
                      0.040318    0.001113    0.217328 ^ clkbuf_1_0__f_clk/A (sky130_fd_sc_hd__clkbuf_16)
     5    0.017512    0.039730    0.121261    0.338589 ^ clkbuf_1_0__f_clk/X (sky130_fd_sc_hd__clkbuf_16)
                      0.039732    0.000533    0.339123 ^ _38_/CLK (sky130_fd_sc_hd__dfrtp_1)
     4    0.022964    0.207315    0.438450    0.777572 ^ _38_/Q (sky130_fd_sc_hd__dfrtp_1)
                      0.207355    0.002854    0.780426 ^ output4/A (sky130_fd_sc_hd__buf_2)
     1    0.034457    0.171749    0.249555    1.029980 ^ output4/X (sky130_fd_sc_hd__buf_2)
                      0.171763    0.001615    1.031595 ^ count[1] (out)
                                              1.031595   data arrival time

                                 10.000000   10.000000   clock clk (rise edge)
                                  0.000000   10.000000   clock network delay (propagated)
                                 -0.250000    9.750000   clock uncertainty
                                  0.000000    9.750000   clock reconvergence pessimism
                                 -2.000000    7.750000   output external delay
                                              7.750000   data required time
---------------------------------------------------------------------------------------------
                                              7.750000   data required time
                                             -1.031595   data arrival time
---------------------------------------------------------------------------------------------
                                              6.718405   slack (MET)


Startpoint: _42_ (rising edge-triggered flip-flop clocked by clk)
Endpoint: count[5] (output port clocked by clk)
Path Group: clk
Path Type: max

Fanout         Cap        Slew       Delay        Time   Description
---------------------------------------------------------------------------------------------
                                  0.000000    0.000000   clock clk (rise edge)
                                  0.000000    0.000000   clock source latency
     1    0.021612    0.102622    0.071709    0.071709 ^ clk (in)
                      0.102703    0.000000    0.071709 ^ clkbuf_0_clk/A (sky130_fd_sc_hd__clkbuf_16)
     2    0.018124    0.040302    0.144506    0.216215 ^ clkbuf_0_clk/X (sky130_fd_sc_hd__clkbuf_16)
                      0.040317    0.001060    0.217276 ^ clkbuf_1_1__f_clk/A (sky130_fd_sc_hd__clkbuf_16)
     4    0.016921    0.039231    0.120480    0.337756 ^ clkbuf_1_1__f_clk/X (sky130_fd_sc_hd__clkbuf_16)
                      0.039247    0.001200    0.338956 ^ _42_/CLK (sky130_fd_sc_hd__dfrtp_1)
     3    0.022023    0.199640    0.432173    0.771129 ^ _42_/Q (sky130_fd_sc_hd__dfrtp_1)
                      0.199705    0.003420    0.774549 ^ output8/A (sky130_fd_sc_hd__buf_2)
     1    0.034642    0.172616    0.248008    1.022557 ^ output8/X (sky130_fd_sc_hd__buf_2)
                      0.172631    0.001728    1.024286 ^ count[5] (out)
                                              1.024286   data arrival time

                                 10.000000   10.000000   clock clk (rise edge)
                                  0.000000   10.000000   clock network delay (propagated)
                                 -0.250000    9.750000   clock uncertainty
                                  0.000000    9.750000   clock reconvergence pessimism
                                 -2.000000    7.750000   output external delay
                                              7.750000   data required time
---------------------------------------------------------------------------------------------
                                              7.750000   data required time
                                             -1.024286   data arrival time
---------------------------------------------------------------------------------------------
                                              6.725714   slack (MET)


Startpoint: _39_ (rising edge-triggered flip-flop clocked by clk)
Endpoint: count[2] (output port clocked by clk)
Path Group: clk
Path Type: max

Fanout         Cap        Slew       Delay        Time   Description
---------------------------------------------------------------------------------------------
                                  0.000000    0.000000   clock clk (rise edge)
                                  0.000000    0.000000   clock source latency
     1    0.021612    0.102622    0.071709    0.071709 ^ clk (in)
                      0.102703    0.000000    0.071709 ^ clkbuf_0_clk/A (sky130_fd_sc_hd__clkbuf_16)
     2    0.018124    0.040302    0.144506    0.216215 ^ clkbuf_0_clk/X (sky130_fd_sc_hd__clkbuf_16)
                      0.040318    0.001113    0.217328 ^ clkbuf_1_0__f_clk/A (sky130_fd_sc_hd__clkbuf_16)
     5    0.017512    0.039730    0.121261    0.338589 ^ clkbuf_1_0__f_clk/X (sky130_fd_sc_hd__clkbuf_16)
                      0.039731    0.000426    0.339015 ^ _39_/CLK (sky130_fd_sc_hd__dfrtp_1)
     3    0.021648    0.196328    0.430899    0.769914 ^ _39_/Q (sky130_fd_sc_hd__dfrtp_1)
                      0.196349    0.002114    0.772028 ^ output5/A (sky130_fd_sc_hd__buf_2)
     1    0.034189    0.170509    0.245622    1.017650 ^ output5/X (sky130_fd_sc_hd__buf_2)
                      0.170524    0.001703    1.019353 ^ count[2] (out)
                                              1.019353   data arrival time

                                 10.000000   10.000000   clock clk (rise edge)
                                  0.000000   10.000000   clock network delay (propagated)
                                 -0.250000    9.750000   clock uncertainty
                                  0.000000    9.750000   clock reconvergence pessimism
                                 -2.000000    7.750000   output external delay
                                              7.750000   data required time
---------------------------------------------------------------------------------------------
                                              7.750000   data required time
                                             -1.019353   data arrival time
---------------------------------------------------------------------------------------------
                                              6.730647   slack (MET)


Startpoint: _37_ (rising edge-triggered flip-flop clocked by clk)
Endpoint: count[0] (output port clocked by clk)
Path Group: clk
Path Type: max

Fanout         Cap        Slew       Delay        Time   Description
---------------------------------------------------------------------------------------------
                                  0.000000    0.000000   clock clk (rise edge)
                                  0.000000    0.000000   clock source latency
     1    0.021612    0.102622    0.071709    0.071709 ^ clk (in)
                      0.102703    0.000000    0.071709 ^ clkbuf_0_clk/A (sky130_fd_sc_hd__clkbuf_16)
     2    0.018124    0.040302    0.144506    0.216215 ^ clkbuf_0_clk/X (sky130_fd_sc_hd__clkbuf_16)
                      0.040318    0.001113    0.217328 ^ clkbuf_1_0__f_clk/A (sky130_fd_sc_hd__clkbuf_16)
     5    0.017512    0.039730    0.121261    0.338589 ^ clkbuf_1_0__f_clk/X (sky130_fd_sc_hd__clkbuf_16)
                      0.039732    0.000527    0.339117 ^ _37_/CLK (sky130_fd_sc_hd__dfrtp_2)
     5    0.025306    0.134115    0.415783    0.754900 ^ _37_/Q (sky130_fd_sc_hd__dfrtp_2)
                      0.134147    0.002024    0.756924 ^ output3/A (sky130_fd_sc_hd__buf_2)
     1    0.034469    0.171714    0.229794    0.986718 ^ output3/X (sky130_fd_sc_hd__buf_2)
                      0.171727    0.001615    0.988333 ^ count[0] (out)
                                              0.988333   data arrival time

                                 10.000000   10.000000   clock clk (rise edge)
                                  0.000000   10.000000   clock network delay (propagated)
                                 -0.250000    9.750000   clock uncertainty
                                  0.000000    9.750000   clock reconvergence pessimism
                                 -2.000000    7.750000   output external delay
                                              7.750000   data required time
---------------------------------------------------------------------------------------------
                                              7.750000   data required time
                                             -0.988333   data arrival time
---------------------------------------------------------------------------------------------
                                              6.761667   slack (MET)


Startpoint: _43_ (rising edge-triggered flip-flop clocked by clk)
Endpoint: count[6] (output port clocked by clk)
Path Group: clk
Path Type: max

Fanout         Cap        Slew       Delay        Time   Description
---------------------------------------------------------------------------------------------
                                  0.000000    0.000000   clock clk (rise edge)
                                  0.000000    0.000000   clock source latency
     1    0.021612    0.102622    0.071709    0.071709 ^ clk (in)
                      0.102703    0.000000    0.071709 ^ clkbuf_0_clk/A (sky130_fd_sc_hd__clkbuf_16)
     2    0.018124    0.040302    0.144506    0.216215 ^ clkbuf_0_clk/X (sky130_fd_sc_hd__clkbuf_16)
                      0.040317    0.001060    0.217276 ^ clkbuf_1_1__f_clk/A (sky130_fd_sc_hd__clkbuf_16)
     4    0.016921    0.039231    0.120480    0.337756 ^ clkbuf_1_1__f_clk/X (sky130_fd_sc_hd__clkbuf_16)
                      0.039243    0.000955    0.338711 ^ _43_/CLK (sky130_fd_sc_hd__dfrtp_1)
     3    0.017600    0.162908    0.406159    0.744870 ^ _43_/Q (sky130_fd_sc_hd__dfrtp_1)
                      0.162931    0.001952    0.746822 ^ output9/A (sky130_fd_sc_hd__buf_2)
     1    0.034642    0.172573    0.238062    0.984884 ^ output9/X (sky130_fd_sc_hd__buf_2)
                      0.172588    0.001728    0.986612 ^ count[6] (out)
                                              0.986612   data arrival time

                                 10.000000   10.000000   clock clk (rise edge)
                                  0.000000   10.000000   clock network delay (propagated)
                                 -0.250000    9.750000   clock uncertainty
                                  0.000000    9.750000   clock reconvergence pessimism
                                 -2.000000    7.750000   output external delay
                                              7.750000   data required time
---------------------------------------------------------------------------------------------
                                              7.750000   data required time
                                             -0.986612   data arrival time
---------------------------------------------------------------------------------------------
                                              6.763388   slack (MET)


Startpoint: _44_ (rising edge-triggered flip-flop clocked by clk)
Endpoint: count[7] (output port clocked by clk)
Path Group: clk
Path Type: max

Fanout         Cap        Slew       Delay        Time   Description
---------------------------------------------------------------------------------------------
                                  0.000000    0.000000   clock clk (rise edge)
                                  0.000000    0.000000   clock source latency
     1    0.021612    0.102622    0.071709    0.071709 ^ clk (in)
                      0.102703    0.000000    0.071709 ^ clkbuf_0_clk/A (sky130_fd_sc_hd__clkbuf_16)
     2    0.018124    0.040302    0.144506    0.216215 ^ clkbuf_0_clk/X (sky130_fd_sc_hd__clkbuf_16)
                      0.040317    0.001060    0.217276 ^ clkbuf_1_1__f_clk/A (sky130_fd_sc_hd__clkbuf_16)
     4    0.016921    0.039231    0.120480    0.337756 ^ clkbuf_1_1__f_clk/X (sky130_fd_sc_hd__clkbuf_16)
                      0.039242    0.000904    0.338659 ^ _44_/CLK (sky130_fd_sc_hd__dfrtp_1)
     3    0.015248    0.143389    0.392430    0.731089 ^ _44_/Q (sky130_fd_sc_hd__dfrtp_1)
                      0.143395    0.001110    0.732200 ^ output10/A (sky130_fd_sc_hd__buf_2)
     1    0.034092    0.169973    0.231022    0.963222 ^ output10/X (sky130_fd_sc_hd__buf_2)
                      0.169987    0.001641    0.964862 ^ count[7] (out)
                                              0.964862   data arrival time

                                 10.000000   10.000000   clock clk (rise edge)
                                  0.000000   10.000000   clock network delay (propagated)
                                 -0.250000    9.750000   clock uncertainty
                                  0.000000    9.750000   clock reconvergence pessimism
                                 -2.000000    7.750000   output external delay
                                              7.750000   data required time
---------------------------------------------------------------------------------------------
                                              7.750000   data required time
                                             -0.964862   data arrival time
---------------------------------------------------------------------------------------------
                                              6.785138   slack (MET)


Startpoint: enable (input port clocked by clk)
Endpoint: _42_ (rising edge-triggered flip-flop clocked by clk)
Path Group: clk
Path Type: max

Fanout         Cap        Slew       Delay        Time   Description
---------------------------------------------------------------------------------------------
                                  0.000000    0.000000   clock clk (rise edge)
                                  0.000000    0.000000   clock network delay (propagated)
                                  2.000000    2.000000 ^ input external delay
     1    0.003293    0.021875    0.012091    2.012091 ^ enable (in)
                      0.021877    0.000000    2.012091 ^ input1/A (sky130_fd_sc_hd__clkbuf_2)
     4    0.029608    0.164778    0.179606    2.191697 ^ input1/X (sky130_fd_sc_hd__clkbuf_2)
                      0.164909    0.003817    2.195514 ^ _19_/D (sky130_fd_sc_hd__and4_1)
     6    0.020945    0.211053    0.336088    2.531602 ^ _19_/X (sky130_fd_sc_hd__and4_1)
                      0.211066    0.001830    2.533432 ^ _22_/B (sky130_fd_sc_hd__and3_1)
     2    0.008424    0.098569    0.226839    2.760271 ^ _22_/X (sky130_fd_sc_hd__and3_1)
                      0.098569    0.000444    2.760715 ^ _34_/A_N (sky130_fd_sc_hd__and2b_1)
     1    0.002864    0.033978    0.183872    2.944587 v _34_/X (sky130_fd_sc_hd__and2b_1)
                      0.033996    0.000183    2.944770 v _42_/D (sky130_fd_sc_hd__dfrtp_1)
                                              2.944770   data arrival time

                                 10.000000   10.000000   clock clk (rise edge)
                                  0.000000   10.000000   clock source latency
     1    0.021612    0.102622    0.071709   10.071709 ^ clk (in)
                      0.102703    0.000000   10.071709 ^ clkbuf_0_clk/A (sky130_fd_sc_hd__clkbuf_16)
     2    0.018124    0.040302    0.144507   10.216216 ^ clkbuf_0_clk/X (sky130_fd_sc_hd__clkbuf_16)
                      0.040317    0.001060   10.217277 ^ clkbuf_1_1__f_clk/A (sky130_fd_sc_hd__clkbuf_16)
     4    0.016921    0.039231    0.120480   10.337756 ^ clkbuf_1_1__f_clk/X (sky130_fd_sc_hd__clkbuf_16)
                      0.039247    0.001200   10.338956 ^ _42_/CLK (sky130_fd_sc_hd__dfrtp_1)
                                 -0.250000   10.088956   clock uncertainty
                                  0.000000   10.088956   clock reconvergence pessimism
                                 -0.110787    9.978168   library setup time
                                              9.978168   data required time
---------------------------------------------------------------------------------------------
                                              9.978168   data required time
                                             -2.944770   data arrival time
---------------------------------------------------------------------------------------------
                                              7.033399   slack (MET)


Startpoint: enable (input port clocked by clk)
Endpoint: _44_ (rising edge-triggered flip-flop clocked by clk)
Path Group: clk
Path Type: max

Fanout         Cap        Slew       Delay        Time   Description
---------------------------------------------------------------------------------------------
                                  0.000000    0.000000   clock clk (rise edge)
                                  0.000000    0.000000   clock network delay (propagated)
                                  2.000000    2.000000 ^ input external delay
     1    0.003293    0.021875    0.012091    2.012091 ^ enable (in)
                      0.021877    0.000000    2.012091 ^ input1/A (sky130_fd_sc_hd__clkbuf_2)
     4    0.029608    0.164778    0.179606    2.191697 ^ input1/X (sky130_fd_sc_hd__clkbuf_2)
                      0.164909    0.003817    2.195514 ^ _19_/D (sky130_fd_sc_hd__and4_1)
     6    0.020945    0.211053    0.336088    2.531602 ^ _19_/X (sky130_fd_sc_hd__and4_1)
                      0.211067    0.001879    2.533481 ^ _23_/C (sky130_fd_sc_hd__and4_1)
     2    0.009722    0.112751    0.268753    2.802233 ^ _23_/X (sky130_fd_sc_hd__and4_1)
                      0.112753    0.000705    2.802938 ^ _36_/B (sky130_fd_sc_hd__xor2_1)
     1    0.002537    0.107028    0.146221    2.949159 ^ _36_/X (sky130_fd_sc_hd__xor2_1)
                      0.107028    0.000173    2.949332 ^ _44_/D (sky130_fd_sc_hd__dfrtp_1)
                                              2.949332   data arrival time

                                 10.000000   10.000000   clock clk (rise edge)
                                  0.000000   10.000000   clock source latency
     1    0.021612    0.102622    0.071709   10.071709 ^ clk (in)
                      0.102703    0.000000   10.071709 ^ clkbuf_0_clk/A (sky130_fd_sc_hd__clkbuf_16)
     2    0.018124    0.040302    0.144507   10.216216 ^ clkbuf_0_clk/X (sky130_fd_sc_hd__clkbuf_16)
                      0.040317    0.001060   10.217277 ^ clkbuf_1_1__f_clk/A (sky130_fd_sc_hd__clkbuf_16)
     4    0.016921    0.039231    0.120480   10.337756 ^ clkbuf_1_1__f_clk/X (sky130_fd_sc_hd__clkbuf_16)
                      0.039242    0.000903   10.338659 ^ _44_/CLK (sky130_fd_sc_hd__dfrtp_1)
                                 -0.250000   10.088659   clock uncertainty
                                  0.000000   10.088659   clock reconvergence pessimism
                                 -0.075038   10.013621   library setup time
                                             10.013621   data required time
---------------------------------------------------------------------------------------------
                                             10.013621   data required time
                                             -2.949332   data arrival time
---------------------------------------------------------------------------------------------
                                              7.064290   slack (MET)


Startpoint: enable (input port clocked by clk)
Endpoint: _43_ (rising edge-triggered flip-flop clocked by clk)
Path Group: clk
Path Type: max

Fanout         Cap        Slew       Delay        Time   Description
---------------------------------------------------------------------------------------------
                                  0.000000    0.000000   clock clk (rise edge)
                                  0.000000    0.000000   clock network delay (propagated)
                                  2.000000    2.000000 ^ input external delay
     1    0.003293    0.021875    0.012091    2.012091 ^ enable (in)
                      0.021877    0.000000    2.012091 ^ input1/A (sky130_fd_sc_hd__clkbuf_2)
     4    0.029608    0.164778    0.179606    2.191697 ^ input1/X (sky130_fd_sc_hd__clkbuf_2)
                      0.164909    0.003817    2.195514 ^ _19_/D (sky130_fd_sc_hd__and4_1)
     6    0.020945    0.211053    0.336088    2.531602 ^ _19_/X (sky130_fd_sc_hd__and4_1)
                      0.211066    0.001830    2.533432 ^ _22_/B (sky130_fd_sc_hd__and3_1)
     2    0.008424    0.098569    0.226839    2.760271 ^ _22_/X (sky130_fd_sc_hd__and3_1)
                      0.098570    0.000550    2.760821 ^ _35_/B (sky130_fd_sc_hd__xor2_1)
     1    0.002283    0.102635    0.139931    2.900752 ^ _35_/X (sky130_fd_sc_hd__xor2_1)
                      0.102635    0.000106    2.900859 ^ _43_/D (sky130_fd_sc_hd__dfrtp_1)
                                              2.900859   data arrival time

                                 10.000000   10.000000   clock clk (rise edge)
                                  0.000000   10.000000   clock source latency
     1    0.021612    0.102622    0.071709   10.071709 ^ clk (in)
                      0.102703    0.000000   10.071709 ^ clkbuf_0_clk/A (sky130_fd_sc_hd__clkbuf_16)
     2    0.018124    0.040302    0.144507   10.216216 ^ clkbuf_0_clk/X (sky130_fd_sc_hd__clkbuf_16)
                      0.040317    0.001060   10.217277 ^ clkbuf_1_1__f_clk/A (sky130_fd_sc_hd__clkbuf_16)
     4    0.016921    0.039231    0.120480   10.337756 ^ clkbuf_1_1__f_clk/X (sky130_fd_sc_hd__clkbuf_16)
                      0.039243    0.000956   10.338712 ^ _43_/CLK (sky130_fd_sc_hd__dfrtp_1)
                                 -0.250000   10.088712   clock uncertainty
                                  0.000000   10.088712   clock reconvergence pessimism
                                 -0.074022   10.014689   library setup time
                                             10.014689   data required time
---------------------------------------------------------------------------------------------
                                             10.014689   data required time
                                             -2.900859   data arrival time
---------------------------------------------------------------------------------------------
                                              7.113832   slack (MET)


Startpoint: enable (input port clocked by clk)
Endpoint: _40_ (rising edge-triggered flip-flop clocked by clk)
Path Group: clk
Path Type: max

Fanout         Cap        Slew       Delay        Time   Description
---------------------------------------------------------------------------------------------
                                  0.000000    0.000000   clock clk (rise edge)
                                  0.000000    0.000000   clock network delay (propagated)
                                  2.000000    2.000000 v input external delay
     1    0.003063    0.009226    0.004919    2.004919 v enable (in)
                      0.009233    0.000000    2.004919 v input1/A (sky130_fd_sc_hd__clkbuf_2)
     4    0.028811    0.113819    0.155896    2.160815 v input1/X (sky130_fd_sc_hd__clkbuf_2)
                      0.114030    0.003694    2.164509 v _19_/D (sky130_fd_sc_hd__and4_1)
     6    0.020000    0.108619    0.296751    2.461260 v _19_/X (sky130_fd_sc_hd__and4_1)
                      0.108639    0.001419    2.462679 v _30_/B (sky130_fd_sc_hd__or2_1)
     1    0.001945    0.043286    0.218985    2.681664 v _30_/X (sky130_fd_sc_hd__or2_1)
                      0.043286    0.000134    2.681798 v _31_/B (sky130_fd_sc_hd__and2_1)
     1    0.002268    0.032831    0.146096    2.827893 v _31_/X (sky130_fd_sc_hd__and2_1)
                      0.032831    0.000105    2.827999 v _40_/D (sky130_fd_sc_hd__dfrtp_4)
                                              2.827999   data arrival time

                                 10.000000   10.000000   clock clk (rise edge)
                                  0.000000   10.000000   clock source latency
     1    0.021612    0.102622    0.071709   10.071709 ^ clk (in)
                      0.102703    0.000000   10.071709 ^ clkbuf_0_clk/A (sky130_fd_sc_hd__clkbuf_16)
     2    0.018124    0.040302    0.144507   10.216216 ^ clkbuf_0_clk/X (sky130_fd_sc_hd__clkbuf_16)
                      0.040318    0.001113   10.217329 ^ clkbuf_1_0__f_clk/A (sky130_fd_sc_hd__clkbuf_16)
     5    0.017512    0.039730    0.121261   10.338590 ^ clkbuf_1_0__f_clk/X (sky130_fd_sc_hd__clkbuf_16)
                      0.039731    0.000441   10.339031 ^ _40_/CLK (sky130_fd_sc_hd__dfrtp_4)
                                 -0.250000   10.089031   clock uncertainty
                                  0.000000   10.089031   clock reconvergence pessimism
                                 -0.110168    9.978864   library setup time
                                              9.978864   data required time
---------------------------------------------------------------------------------------------
                                              9.978864   data required time
                                             -2.827999   data arrival time
---------------------------------------------------------------------------------------------
                                              7.150865   slack (MET)


Startpoint: enable (input port clocked by clk)
Endpoint: _41_ (rising edge-triggered flip-flop clocked by clk)
Path Group: clk
Path Type: max

Fanout         Cap        Slew       Delay        Time   Description
---------------------------------------------------------------------------------------------
                                  0.000000    0.000000   clock clk (rise edge)
                                  0.000000    0.000000   clock network delay (propagated)
                                  2.000000    2.000000 ^ input external delay
     1    0.003293    0.021875    0.012091    2.012091 ^ enable (in)
                      0.021877    0.000000    2.012091 ^ input1/A (sky130_fd_sc_hd__clkbuf_2)
     4    0.029608    0.164778    0.179606    2.191697 ^ input1/X (sky130_fd_sc_hd__clkbuf_2)
                      0.164909    0.003817    2.195514 ^ _19_/D (sky130_fd_sc_hd__and4_1)
     6    0.020945    0.211053    0.336088    2.531602 ^ _19_/X (sky130_fd_sc_hd__and4_1)
                      0.211061    0.001541    2.533142 ^ _20_/B (sky130_fd_sc_hd__nand2_1)
     2    0.007213    0.077604    0.112478    2.645620 v _20_/Y (sky130_fd_sc_hd__nand2_1)
                      0.077609    0.000680    2.646300 v _32_/B (sky130_fd_sc_hd__xnor2_1)
     1    0.002367    0.042608    0.128592    2.774892 v _32_/Y (sky130_fd_sc_hd__xnor2_1)
                      0.042608    0.000173    2.775065 v _41_/D (sky130_fd_sc_hd__dfrtp_4)
                                              2.775065   data arrival time

                                 10.000000   10.000000   clock clk (rise edge)
                                  0.000000   10.000000   clock source latency
     1    0.021612    0.102622    0.071709   10.071709 ^ clk (in)
                      0.102703    0.000000   10.071709 ^ clkbuf_0_clk/A (sky130_fd_sc_hd__clkbuf_16)
     2    0.018124    0.040302    0.144507   10.216216 ^ clkbuf_0_clk/X (sky130_fd_sc_hd__clkbuf_16)
                      0.040317    0.001060   10.217277 ^ clkbuf_1_1__f_clk/A (sky130_fd_sc_hd__clkbuf_16)
     4    0.016921    0.039231    0.120480   10.337756 ^ clkbuf_1_1__f_clk/X (sky130_fd_sc_hd__clkbuf_16)
                      0.039249    0.001285   10.339041 ^ _41_/CLK (sky130_fd_sc_hd__dfrtp_4)
                                 -0.250000   10.089041   clock uncertainty
                                  0.000000   10.089041   clock reconvergence pessimism
                                 -0.114546    9.974495   library setup time
                                              9.974495   data required time
---------------------------------------------------------------------------------------------
                                              9.974495   data required time
                                             -2.775065   data arrival time
---------------------------------------------------------------------------------------------
                                              7.199430   slack (MET)


Startpoint: enable (input port clocked by clk)
Endpoint: _39_ (rising edge-triggered flip-flop clocked by clk)
Path Group: clk
Path Type: max

Fanout         Cap        Slew       Delay        Time   Description
---------------------------------------------------------------------------------------------
                                  0.000000    0.000000   clock clk (rise edge)
                                  0.000000    0.000000   clock network delay (propagated)
                                  2.000000    2.000000 ^ input external delay
     1    0.003293    0.021875    0.012091    2.012091 ^ enable (in)
                      0.021877    0.000000    2.012091 ^ input1/A (sky130_fd_sc_hd__clkbuf_2)
     4    0.029608    0.164778    0.179606    2.191697 ^ input1/X (sky130_fd_sc_hd__clkbuf_2)
                      0.164909    0.003817    2.195514 ^ _19_/D (sky130_fd_sc_hd__and4_1)
     6    0.020945    0.211053    0.336088    2.531602 ^ _19_/X (sky130_fd_sc_hd__and4_1)
                      0.211055    0.001034    2.532636 ^ _29_/A (sky130_fd_sc_hd__nor2_1)
     1    0.002590    0.052397    0.073876    2.606512 v _29_/Y (sky130_fd_sc_hd__nor2_1)
                      0.052397    0.000193    2.606705 v _39_/D (sky130_fd_sc_hd__dfrtp_1)
                                              2.606705   data arrival time

                                 10.000000   10.000000   clock clk (rise edge)
                                  0.000000   10.000000   clock source latency
     1    0.021612    0.102622    0.071709   10.071709 ^ clk (in)
                      0.102703    0.000000   10.071709 ^ clkbuf_0_clk/A (sky130_fd_sc_hd__clkbuf_16)
     2    0.018124    0.040302    0.144507   10.216216 ^ clkbuf_0_clk/X (sky130_fd_sc_hd__clkbuf_16)
                      0.040318    0.001113   10.217329 ^ clkbuf_1_0__f_clk/A (sky130_fd_sc_hd__clkbuf_16)
     5    0.017512    0.039730    0.121261   10.338590 ^ clkbuf_1_0__f_clk/X (sky130_fd_sc_hd__clkbuf_16)
                      0.039731    0.000425   10.339015 ^ _39_/CLK (sky130_fd_sc_hd__dfrtp_1)
                                 -0.250000   10.089015   clock uncertainty
                                  0.000000   10.089015   clock reconvergence pessimism
                                 -0.118708    9.970307   library setup time
                                              9.970307   data required time
---------------------------------------------------------------------------------------------
                                              9.970307   data required time
                                             -2.606705   data arrival time
---------------------------------------------------------------------------------------------
                                              7.363602   slack (MET)


Startpoint: enable (input port clocked by clk)
Endpoint: _38_ (rising edge-triggered flip-flop clocked by clk)
Path Group: clk
Path Type: max

Fanout         Cap        Slew       Delay        Time   Description
---------------------------------------------------------------------------------------------
                                  0.000000    0.000000   clock clk (rise edge)
                                  0.000000    0.000000   clock network delay (propagated)
                                  2.000000    2.000000 ^ input external delay
     1    0.003293    0.021875    0.012091    2.012091 ^ enable (in)
                      0.021877    0.000000    2.012091 ^ input1/A (sky130_fd_sc_hd__clkbuf_2)
     4    0.029608    0.164778    0.179606    2.191697 ^ input1/X (sky130_fd_sc_hd__clkbuf_2)
                      0.164915    0.003904    2.195601 ^ _18_/C (sky130_fd_sc_hd__and3_1)
     2    0.007729    0.093015    0.209673    2.405274 ^ _18_/X (sky130_fd_sc_hd__and3_1)
                      0.093016    0.000442    2.405715 ^ _27_/A (sky130_fd_sc_hd__nor2_1)
     1    0.003192    0.036570    0.055880    2.461595 v _27_/Y (sky130_fd_sc_hd__nor2_1)
                      0.036570    0.000220    2.461815 v _38_/D (sky130_fd_sc_hd__dfrtp_1)
                                              2.461815   data arrival time

                                 10.000000   10.000000   clock clk (rise edge)
                                  0.000000   10.000000   clock source latency
     1    0.021612    0.102622    0.071709   10.071709 ^ clk (in)
                      0.102703    0.000000   10.071709 ^ clkbuf_0_clk/A (sky130_fd_sc_hd__clkbuf_16)
     2    0.018124    0.040302    0.144507   10.216216 ^ clkbuf_0_clk/X (sky130_fd_sc_hd__clkbuf_16)
                      0.040318    0.001113   10.217329 ^ clkbuf_1_0__f_clk/A (sky130_fd_sc_hd__clkbuf_16)
     5    0.017512    0.039730    0.121261   10.338590 ^ clkbuf_1_0__f_clk/X (sky130_fd_sc_hd__clkbuf_16)
                      0.039732    0.000533   10.339123 ^ _38_/CLK (sky130_fd_sc_hd__dfrtp_1)
                                 -0.250000   10.089123   clock uncertainty
                                  0.000000   10.089123   clock reconvergence pessimism
                                 -0.111800    9.977324   library setup time
                                              9.977324   data required time
---------------------------------------------------------------------------------------------
                                              9.977324   data required time
                                             -2.461815   data arrival time
---------------------------------------------------------------------------------------------
                                              7.515509   slack (MET)


Startpoint: enable (input port clocked by clk)
Endpoint: _37_ (rising edge-triggered flip-flop clocked by clk)
Path Group: clk
Path Type: max

Fanout         Cap        Slew       Delay        Time   Description
---------------------------------------------------------------------------------------------
                                  0.000000    0.000000   clock clk (rise edge)
                                  0.000000    0.000000   clock network delay (propagated)
                                  2.000000    2.000000 v input external delay
     1    0.003063    0.009226    0.004919    2.004919 v enable (in)
                      0.009233    0.000000    2.004919 v input1/A (sky130_fd_sc_hd__clkbuf_2)
     4    0.028811    0.113819    0.155896    2.160815 v input1/X (sky130_fd_sc_hd__clkbuf_2)
                      0.114047    0.003869    2.164684 v _25_/B (sky130_fd_sc_hd__xor2_1)
     1    0.002883    0.060978    0.162847    2.327531 v _25_/X (sky130_fd_sc_hd__xor2_1)
                      0.060978    0.000191    2.327722 v _37_/D (sky130_fd_sc_hd__dfrtp_2)
                                              2.327722   data arrival time

                                 10.000000   10.000000   clock clk (rise edge)
                                  0.000000   10.000000   clock source latency
     1    0.021612    0.102622    0.071709   10.071709 ^ clk (in)
                      0.102703    0.000000   10.071709 ^ clkbuf_0_clk/A (sky130_fd_sc_hd__clkbuf_16)
     2    0.018124    0.040302    0.144507   10.216216 ^ clkbuf_0_clk/X (sky130_fd_sc_hd__clkbuf_16)
                      0.040318    0.001113   10.217329 ^ clkbuf_1_0__f_clk/A (sky130_fd_sc_hd__clkbuf_16)
     5    0.017512    0.039730    0.121261   10.338590 ^ clkbuf_1_0__f_clk/X (sky130_fd_sc_hd__clkbuf_16)
                      0.039732    0.000527   10.339116 ^ _37_/CLK (sky130_fd_sc_hd__dfrtp_2)
                                 -0.250000   10.089116   clock uncertainty
                                  0.000000   10.089116   clock reconvergence pessimism
                                 -0.123726    9.965390   library setup time
                                              9.965390   data required time
---------------------------------------------------------------------------------------------
                                              9.965390   data required time
                                             -2.327722   data arrival time
---------------------------------------------------------------------------------------------
                                              7.637669   slack (MET)


Startpoint: rst_n (input port clocked by clk)
Endpoint: _41_ (recovery check against rising-edge clock clk)
Path Group: asynchronous
Path Type: max

Fanout         Cap        Slew       Delay        Time   Description
---------------------------------------------------------------------------------------------
                                  0.000000    0.000000   clock clk (rise edge)
                                  0.000000    0.000000   clock network delay (propagated)
                                  2.000000    2.000000 ^ input external delay
     1    0.002952    0.020387    0.010897    2.010897 ^ rst_n (in)
                      0.020388    0.000000    2.010897 ^ input2/A (sky130_fd_sc_hd__clkbuf_4)
     8    0.057390    0.177146    0.218633    2.229530 ^ input2/X (sky130_fd_sc_hd__clkbuf_4)
                      0.177885    0.009272    2.238802 ^ _41_/RESET_B (sky130_fd_sc_hd__dfrtp_4)
                                              2.238802   data arrival time

                                 10.000000   10.000000   clock clk (rise edge)
                                  0.000000   10.000000   clock source latency
     1    0.021612    0.102622    0.071709   10.071709 ^ clk (in)
                      0.102703    0.000000   10.071709 ^ clkbuf_0_clk/A (sky130_fd_sc_hd__clkbuf_16)
     2    0.018124    0.040302    0.144507   10.216216 ^ clkbuf_0_clk/X (sky130_fd_sc_hd__clkbuf_16)
                      0.040317    0.001060   10.217277 ^ clkbuf_1_1__f_clk/A (sky130_fd_sc_hd__clkbuf_16)
     4    0.016921    0.039231    0.120480   10.337756 ^ clkbuf_1_1__f_clk/X (sky130_fd_sc_hd__clkbuf_16)
                      0.039249    0.001285   10.339041 ^ _41_/CLK (sky130_fd_sc_hd__dfrtp_4)
                                 -0.250000   10.089041   clock uncertainty
                                  0.000000   10.089041   clock reconvergence pessimism
                                  0.172372   10.261414   library recovery time
                                             10.261414   data required time
---------------------------------------------------------------------------------------------
                                             10.261414   data required time
                                             -2.238802   data arrival time
---------------------------------------------------------------------------------------------
                                              8.022612   slack (MET)


Startpoint: rst_n (input port clocked by clk)
Endpoint: _40_ (recovery check against rising-edge clock clk)
Path Group: asynchronous
Path Type: max

Fanout         Cap        Slew       Delay        Time   Description
---------------------------------------------------------------------------------------------
                                  0.000000    0.000000   clock clk (rise edge)
                                  0.000000    0.000000   clock network delay (propagated)
                                  2.000000    2.000000 ^ input external delay
     1    0.002952    0.020387    0.010897    2.010897 ^ rst_n (in)
                      0.020388    0.000000    2.010897 ^ input2/A (sky130_fd_sc_hd__clkbuf_4)
     8    0.057390    0.177146    0.218633    2.229530 ^ input2/X (sky130_fd_sc_hd__clkbuf_4)
                      0.177874    0.009207    2.238737 ^ _40_/RESET_B (sky130_fd_sc_hd__dfrtp_4)
                                              2.238737   data arrival time

                                 10.000000   10.000000   clock clk (rise edge)
                                  0.000000   10.000000   clock source latency
     1    0.021612    0.102622    0.071709   10.071709 ^ clk (in)
                      0.102703    0.000000   10.071709 ^ clkbuf_0_clk/A (sky130_fd_sc_hd__clkbuf_16)
     2    0.018124    0.040302    0.144507   10.216216 ^ clkbuf_0_clk/X (sky130_fd_sc_hd__clkbuf_16)
                      0.040318    0.001113   10.217329 ^ clkbuf_1_0__f_clk/A (sky130_fd_sc_hd__clkbuf_16)
     5    0.017512    0.039730    0.121261   10.338590 ^ clkbuf_1_0__f_clk/X (sky130_fd_sc_hd__clkbuf_16)
                      0.039731    0.000441   10.339031 ^ _40_/CLK (sky130_fd_sc_hd__dfrtp_4)
                                 -0.250000   10.089031   clock uncertainty
                                  0.000000   10.089031   clock reconvergence pessimism
                                  0.172528   10.261559   library recovery time
                                             10.261559   data required time
---------------------------------------------------------------------------------------------
                                             10.261559   data required time
                                             -2.238737   data arrival time
---------------------------------------------------------------------------------------------
                                              8.022821   slack (MET)


Startpoint: rst_n (input port clocked by clk)
Endpoint: _37_ (recovery check against rising-edge clock clk)
Path Group: asynchronous
Path Type: max

Fanout         Cap        Slew       Delay        Time   Description
---------------------------------------------------------------------------------------------
                                  0.000000    0.000000   clock clk (rise edge)
                                  0.000000    0.000000   clock network delay (propagated)
                                  2.000000    2.000000 ^ input external delay
     1    0.002952    0.020387    0.010897    2.010897 ^ rst_n (in)
                      0.020388    0.000000    2.010897 ^ input2/A (sky130_fd_sc_hd__clkbuf_4)
     8    0.057390    0.177146    0.218633    2.229530 ^ input2/X (sky130_fd_sc_hd__clkbuf_4)
                      0.177477    0.006293    2.235823 ^ _37_/RESET_B (sky130_fd_sc_hd__dfrtp_2)
                                              2.235823   data arrival time

                                 10.000000   10.000000   clock clk (rise edge)
                                  0.000000   10.000000   clock source latency
     1    0.021612    0.102622    0.071709   10.071709 ^ clk (in)
                      0.102703    0.000000   10.071709 ^ clkbuf_0_clk/A (sky130_fd_sc_hd__clkbuf_16)
     2    0.018124    0.040302    0.144507   10.216216 ^ clkbuf_0_clk/X (sky130_fd_sc_hd__clkbuf_16)
                      0.040318    0.001113   10.217329 ^ clkbuf_1_0__f_clk/A (sky130_fd_sc_hd__clkbuf_16)
     5    0.017512    0.039730    0.121261   10.338590 ^ clkbuf_1_0__f_clk/X (sky130_fd_sc_hd__clkbuf_16)
                      0.039732    0.000527   10.339116 ^ _37_/CLK (sky130_fd_sc_hd__dfrtp_2)
                                 -0.250000   10.089116   clock uncertainty
                                  0.000000   10.089116   clock reconvergence pessimism
                                  0.178001   10.267118   library recovery time
                                             10.267118   data required time
---------------------------------------------------------------------------------------------
                                             10.267118   data required time
                                             -2.235823   data arrival time
---------------------------------------------------------------------------------------------
                                              8.031294   slack (MET)


Startpoint: rst_n (input port clocked by clk)
Endpoint: _42_ (recovery check against rising-edge clock clk)
Path Group: asynchronous
Path Type: max

Fanout         Cap        Slew       Delay        Time   Description
---------------------------------------------------------------------------------------------
                                  0.000000    0.000000   clock clk (rise edge)
                                  0.000000    0.000000   clock network delay (propagated)
                                  2.000000    2.000000 ^ input external delay
     1    0.002952    0.020387    0.010897    2.010897 ^ rst_n (in)
                      0.020388    0.000000    2.010897 ^ input2/A (sky130_fd_sc_hd__clkbuf_4)
     8    0.057390    0.177146    0.218633    2.229530 ^ input2/X (sky130_fd_sc_hd__clkbuf_4)
                      0.177830    0.008934    2.238464 ^ _42_/RESET_B (sky130_fd_sc_hd__dfrtp_1)
                                              2.238464   data arrival time

                                 10.000000   10.000000   clock clk (rise edge)
                                  0.000000   10.000000   clock source latency
     1    0.021612    0.102622    0.071709   10.071709 ^ clk (in)
                      0.102703    0.000000   10.071709 ^ clkbuf_0_clk/A (sky130_fd_sc_hd__clkbuf_16)
     2    0.018124    0.040302    0.144507   10.216216 ^ clkbuf_0_clk/X (sky130_fd_sc_hd__clkbuf_16)
                      0.040317    0.001060   10.217277 ^ clkbuf_1_1__f_clk/A (sky130_fd_sc_hd__clkbuf_16)
     4    0.016921    0.039231    0.120480   10.337756 ^ clkbuf_1_1__f_clk/X (sky130_fd_sc_hd__clkbuf_16)
                      0.039247    0.001200   10.338956 ^ _42_/CLK (sky130_fd_sc_hd__dfrtp_1)
                                 -0.250000   10.088956   clock uncertainty
                                  0.000000   10.088956   clock reconvergence pessimism
                                  0.194149   10.283105   library recovery time
                                             10.283105   data required time
---------------------------------------------------------------------------------------------
                                             10.283105   data required time
                                             -2.238464   data arrival time
---------------------------------------------------------------------------------------------
                                              8.044641   slack (MET)


Startpoint: rst_n (input port clocked by clk)
Endpoint: _43_ (recovery check against rising-edge clock clk)
Path Group: asynchronous
Path Type: max

Fanout         Cap        Slew       Delay        Time   Description
---------------------------------------------------------------------------------------------
                                  0.000000    0.000000   clock clk (rise edge)
                                  0.000000    0.000000   clock network delay (propagated)
                                  2.000000    2.000000 ^ input external delay
     1    0.002952    0.020387    0.010897    2.010897 ^ rst_n (in)
                      0.020388    0.000000    2.010897 ^ input2/A (sky130_fd_sc_hd__clkbuf_4)
     8    0.057390    0.177146    0.218633    2.229530 ^ input2/X (sky130_fd_sc_hd__clkbuf_4)
                      0.177788    0.008665    2.238195 ^ _43_/RESET_B (sky130_fd_sc_hd__dfrtp_1)
                                              2.238195   data arrival time

                                 10.000000   10.000000   clock clk (rise edge)
                                  0.000000   10.000000   clock source latency
     1    0.021612    0.102622    0.071709   10.071709 ^ clk (in)
                      0.102703    0.000000   10.071709 ^ clkbuf_0_clk/A (sky130_fd_sc_hd__clkbuf_16)
     2    0.018124    0.040302    0.144507   10.216216 ^ clkbuf_0_clk/X (sky130_fd_sc_hd__clkbuf_16)
                      0.040317    0.001060   10.217277 ^ clkbuf_1_1__f_clk/A (sky130_fd_sc_hd__clkbuf_16)
     4    0.016921    0.039231    0.120480   10.337756 ^ clkbuf_1_1__f_clk/X (sky130_fd_sc_hd__clkbuf_16)
                      0.039243    0.000956   10.338712 ^ _43_/CLK (sky130_fd_sc_hd__dfrtp_1)
                                 -0.250000   10.088712   clock uncertainty
                                  0.000000   10.088712   clock reconvergence pessimism
                                  0.194158   10.282870   library recovery time
                                             10.282870   data required time
---------------------------------------------------------------------------------------------
                                             10.282870   data required time
                                             -2.238195   data arrival time
---------------------------------------------------------------------------------------------
                                              8.044675   slack (MET)


Startpoint: rst_n (input port clocked by clk)
Endpoint: _44_ (recovery check against rising-edge clock clk)
Path Group: asynchronous
Path Type: max

Fanout         Cap        Slew       Delay        Time   Description
---------------------------------------------------------------------------------------------
                                  0.000000    0.000000   clock clk (rise edge)
                                  0.000000    0.000000   clock network delay (propagated)
                                  2.000000    2.000000 ^ input external delay
     1    0.002952    0.020387    0.010897    2.010897 ^ rst_n (in)
                      0.020388    0.000000    2.010897 ^ input2/A (sky130_fd_sc_hd__clkbuf_4)
     8    0.057390    0.177146    0.218633    2.229530 ^ input2/X (sky130_fd_sc_hd__clkbuf_4)
                      0.177720    0.008209    2.237739 ^ _44_/RESET_B (sky130_fd_sc_hd__dfrtp_1)
                                              2.237739   data arrival time

                                 10.000000   10.000000   clock clk (rise edge)
                                  0.000000   10.000000   clock source latency
     1    0.021612    0.102622    0.071709   10.071709 ^ clk (in)
                      0.102703    0.000000   10.071709 ^ clkbuf_0_clk/A (sky130_fd_sc_hd__clkbuf_16)
     2    0.018124    0.040302    0.144507   10.216216 ^ clkbuf_0_clk/X (sky130_fd_sc_hd__clkbuf_16)
                      0.040317    0.001060   10.217277 ^ clkbuf_1_1__f_clk/A (sky130_fd_sc_hd__clkbuf_16)
     4    0.016921    0.039231    0.120480   10.337756 ^ clkbuf_1_1__f_clk/X (sky130_fd_sc_hd__clkbuf_16)
                      0.039242    0.000903   10.338659 ^ _44_/CLK (sky130_fd_sc_hd__dfrtp_1)
                                 -0.250000   10.088659   clock uncertainty
                                  0.000000   10.088659   clock reconvergence pessimism
                                  0.194176   10.282834   library recovery time
                                             10.282834   data required time
---------------------------------------------------------------------------------------------
                                             10.282834   data required time
                                             -2.237739   data arrival time
---------------------------------------------------------------------------------------------
                                              8.045095   slack (MET)


Startpoint: rst_n (input port clocked by clk)
Endpoint: _39_ (recovery check against rising-edge clock clk)
Path Group: asynchronous
Path Type: max

Fanout         Cap        Slew       Delay        Time   Description
---------------------------------------------------------------------------------------------
                                  0.000000    0.000000   clock clk (rise edge)
                                  0.000000    0.000000   clock network delay (propagated)
                                  2.000000    2.000000 ^ input external delay
     1    0.002952    0.020387    0.010897    2.010897 ^ rst_n (in)
                      0.020388    0.000000    2.010897 ^ input2/A (sky130_fd_sc_hd__clkbuf_4)
     8    0.057390    0.177146    0.218633    2.229530 ^ input2/X (sky130_fd_sc_hd__clkbuf_4)
                      0.177647    0.007691    2.237221 ^ _39_/RESET_B (sky130_fd_sc_hd__dfrtp_1)
                                              2.237221   data arrival time

                                 10.000000   10.000000   clock clk (rise edge)
                                  0.000000   10.000000   clock source latency
     1    0.021612    0.102622    0.071709   10.071709 ^ clk (in)
                      0.102703    0.000000   10.071709 ^ clkbuf_0_clk/A (sky130_fd_sc_hd__clkbuf_16)
     2    0.018124    0.040302    0.144507   10.216216 ^ clkbuf_0_clk/X (sky130_fd_sc_hd__clkbuf_16)
                      0.040318    0.001113   10.217329 ^ clkbuf_1_0__f_clk/A (sky130_fd_sc_hd__clkbuf_16)
     5    0.017512    0.039730    0.121261   10.338590 ^ clkbuf_1_0__f_clk/X (sky130_fd_sc_hd__clkbuf_16)
                      0.039731    0.000425   10.339015 ^ _39_/CLK (sky130_fd_sc_hd__dfrtp_1)
                                 -0.250000   10.089015   clock uncertainty
                                  0.000000   10.089015   clock reconvergence pessimism
                                  0.194347   10.283362   library recovery time
                                             10.283362   data required time
---------------------------------------------------------------------------------------------
                                             10.283362   data required time
                                             -2.237221   data arrival time
---------------------------------------------------------------------------------------------
                                              8.046142   slack (MET)


Startpoint: rst_n (input port clocked by clk)
Endpoint: _38_ (recovery check against rising-edge clock clk)
Path Group: asynchronous
Path Type: max

Fanout         Cap        Slew       Delay        Time   Description
---------------------------------------------------------------------------------------------
                                  0.000000    0.000000   clock clk (rise edge)
                                  0.000000    0.000000   clock network delay (propagated)
                                  2.000000    2.000000 ^ input external delay
     1    0.002952    0.020387    0.010897    2.010897 ^ rst_n (in)
                      0.020388    0.000000    2.010897 ^ input2/A (sky130_fd_sc_hd__clkbuf_4)
     8    0.057390    0.177146    0.218633    2.229530 ^ input2/X (sky130_fd_sc_hd__clkbuf_4)
                      0.177433    0.005869    2.235399 ^ _38_/RESET_B (sky130_fd_sc_hd__dfrtp_1)
                                              2.235399   data arrival time

                                 10.000000   10.000000   clock clk (rise edge)
                                  0.000000   10.000000   clock source latency
     1    0.021612    0.102622    0.071709   10.071709 ^ clk (in)
                      0.102703    0.000000   10.071709 ^ clkbuf_0_clk/A (sky130_fd_sc_hd__clkbuf_16)
     2    0.018124    0.040302    0.144507   10.216216 ^ clkbuf_0_clk/X (sky130_fd_sc_hd__clkbuf_16)
                      0.040318    0.001113   10.217329 ^ clkbuf_1_0__f_clk/A (sky130_fd_sc_hd__clkbuf_16)
     5    0.017512    0.039730    0.121261   10.338590 ^ clkbuf_1_0__f_clk/X (sky130_fd_sc_hd__clkbuf_16)
                      0.039732    0.000533   10.339123 ^ _38_/CLK (sky130_fd_sc_hd__dfrtp_1)
                                 -0.250000   10.089123   clock uncertainty
                                  0.000000   10.089123   clock reconvergence pessimism
                                  0.194403   10.283525   library recovery time
                                             10.283525   data required time
---------------------------------------------------------------------------------------------
                                             10.283525   data required time
                                             -2.235399   data arrival time
---------------------------------------------------------------------------------------------
                                              8.048126   slack (MET)



