
===========================================================================
report_checks -path_delay min (Hold)
============================================================================
======================= max_tt_025C_1v80 Corner ===================================

Warning: corner.tcl line 57, unknown field nets.
Warning: corner.tcl line 57, report_checks -group_count is deprecated. Use -group_path_count instead.
Startpoint: _39_ (rising edge-triggered flip-flop clocked by clk)
Endpoint: _39_ (rising edge-triggered flip-flop clocked by clk)
Path Group: clk
Path Type: min

Fanout         Cap        Slew       Delay        Time   Description
---------------------------------------------------------------------------------------------
                                  0.000000    0.000000   clock clk (rise edge)
                                  0.000000    0.000000   clock source latency
     1    0.021612    0.102622    0.071709    0.071709 ^ clk (in)
                      0.102703    0.000000    0.071709 ^ clkbuf_0_clk/A (sky130_fd_sc_hd__clkbuf_16)
     2    0.018124    0.040302    0.144506    0.216215 ^ clkbuf_0_clk/X (sky130_fd_sc_hd__clkbuf_16)
                      0.040318    0.001113    0.217328 ^ clkbuf_1_0__f_clk/A (sky130_fd_sc_hd__clkbuf_16)
     5    0.017512    0.039730    0.121261    0.338589 ^ clkbuf_1_0__f_clk/X (sky130_fd_sc_hd__clkbuf_16)
                      0.039731    0.000426    0.339015 ^ _39_/CLK (sky130_fd_sc_hd__dfrtp_1)
     3    0.021648    0.196328    0.430899    0.769914 ^ _39_/Q (sky130_fd_sc_hd__dfrtp_1)
                      0.196329    0.000847    0.770761 ^ _28_/A (sky130_fd_sc_hd__nor2_1)
     1    0.003147    0.031329    0.075401    0.846162 v _28_/Y (sky130_fd_sc_hd__nor2_1)
                      0.031329    0.000219    0.846381 v _29_/B (sky130_fd_sc_hd__nor2_1)
     1    0.002647    0.073362    0.074711    0.921092 ^ _29_/Y (sky130_fd_sc_hd__nor2_1)
                      0.073362    0.000198    0.921290 ^ _39_/D (sky130_fd_sc_hd__dfrtp_1)
                                              0.921290   data arrival time

                                  0.000000    0.000000   clock clk (rise edge)
                                  0.000000    0.000000   clock source latency
     1    0.021612    0.102622    0.071709    0.071709 ^ clk (in)
                      0.102703    0.000000    0.071709 ^ clkbuf_0_clk/A (sky130_fd_sc_hd__clkbuf_16)
     2    0.018124    0.040302    0.144506    0.216215 ^ clkbuf_0_clk/X (sky130_fd_sc_hd__clkbuf_16)
                      0.040318    0.001113    0.217328 ^ clkbuf_1_0__f_clk/A (sky130_fd_sc_hd__clkbuf_16)
     5    0.017512    0.039730    0.121261    0.338589 ^ clkbuf_1_0__f_clk/X (sky130_fd_sc_hd__clkbuf_16)
                      0.039731    0.000426    0.339015 ^ _39_/CLK (sky130_fd_sc_hd__dfrtp_1)
                                  0.250000    0.589015   clock uncertainty
                                  0.000000    0.589015   clock reconvergence pessimism
                                 -0.041433    0.547582   library hold time
                                              0.547582   data required time
---------------------------------------------------------------------------------------------
                                              0.547582   data required time
                                             -0.921290   data arrival time
---------------------------------------------------------------------------------------------
                                              0.373708   slack (MET)


Startpoint: _37_ (rising edge-triggered flip-flop clocked by clk)
Endpoint: _38_ (rising edge-triggered flip-flop clocked by clk)
Path Group: clk
Path Type: min

Fanout         Cap        Slew       Delay        Time   Description
---------------------------------------------------------------------------------------------
                                  0.000000    0.000000   clock clk (rise edge)
                                  0.000000    0.000000   clock source latency
     1    0.021612    0.102622    0.071709    0.071709 ^ clk (in)
                      0.102703    0.000000    0.071709 ^ clkbuf_0_clk/A (sky130_fd_sc_hd__clkbuf_16)
     2    0.018124    0.040302    0.144506    0.216215 ^ clkbuf_0_clk/X (sky130_fd_sc_hd__clkbuf_16)
                      0.040318    0.001113    0.217328 ^ clkbuf_1_0__f_clk/A (sky130_fd_sc_hd__clkbuf_16)
     5    0.017512    0.039730    0.121261    0.338589 ^ clkbuf_1_0__f_clk/X (sky130_fd_sc_hd__clkbuf_16)
                      0.039732    0.000527    0.339117 ^ _37_/CLK (sky130_fd_sc_hd__dfrtp_2)
     5    0.025306    0.134115    0.415783    0.754900 ^ _37_/Q (sky130_fd_sc_hd__dfrtp_2)
                      0.134119    0.000990    0.755890 ^ _26_/A1 (sky130_fd_sc_hd__a21oi_1)
     1    0.003178    0.053780    0.082786    0.838676 v _26_/Y (sky130_fd_sc_hd__a21oi_1)
                      0.053780    0.000235    0.838911 v _27_/B (sky130_fd_sc_hd__nor2_1)
     1    0.003249    0.082787    0.089766    0.928677 ^ _27_/Y (sky130_fd_sc_hd__nor2_1)
                      0.082787    0.000225    0.928902 ^ _38_/D (sky130_fd_sc_hd__dfrtp_1)
                                              0.928902   data arrival time

                                  0.000000    0.000000   clock clk (rise edge)
                                  0.000000    0.000000   clock source latency
     1    0.021612    0.102622    0.071709    0.071709 ^ clk (in)
                      0.102703    0.000000    0.071709 ^ clkbuf_0_clk/A (sky130_fd_sc_hd__clkbuf_16)
     2    0.018124    0.040302    0.144506    0.216215 ^ clkbuf_0_clk/X (sky130_fd_sc_hd__clkbuf_16)
                      0.040318    0.001113    0.217328 ^ clkbuf_1_0__f_clk/A (sky130_fd_sc_hd__clkbuf_16)
     5    0.017512    0.039730    0.121261    0.338589 ^ clkbuf_1_0__f_clk/X (sky130_fd_sc_hd__clkbuf_16)
                      0.039732    0.000533    0.339123 ^ _38_/CLK (sky130_fd_sc_hd__dfrtp_1)
                                  0.250000    0.589123   clock uncertainty
                                  0.000000    0.589123   clock reconvergence pessimism
                                 -0.043410    0.545713   library hold time
                                              0.545713   data required time
---------------------------------------------------------------------------------------------
                                              0.545713   data required time
                                             -0.928902   data arrival time
---------------------------------------------------------------------------------------------
                                              0.383189   slack (MET)


Startpoint: _42_ (rising edge-triggered flip-flop clocked by clk)
Endpoint: _42_ (rising edge-triggered flip-flop clocked by clk)
Path Group: clk
Path Type: min

Fanout         Cap        Slew       Delay        Time   Description
---------------------------------------------------------------------------------------------
                                  0.000000    0.000000   clock clk (rise edge)
                                  0.000000    0.000000   clock source latency
     1    0.021612    0.102622    0.071709    0.071709 ^ clk (in)
                      0.102703    0.000000    0.071709 ^ clkbuf_0_clk/A (sky130_fd_sc_hd__clkbuf_16)
     2    0.018124    0.040302    0.144506    0.216215 ^ clkbuf_0_clk/X (sky130_fd_sc_hd__clkbuf_16)
                      0.040317    0.001060    0.217276 ^ clkbuf_1_1__f_clk/A (sky130_fd_sc_hd__clkbuf_16)
     4    0.016921    0.039231    0.120480    0.337756 ^ clkbuf_1_1__f_clk/X (sky130_fd_sc_hd__clkbuf_16)
                      0.039247    0.001200    0.338956 ^ _42_/CLK (sky130_fd_sc_hd__dfrtp_1)
     3    0.022023    0.199640    0.432173    0.771129 ^ _42_/Q (sky130_fd_sc_hd__dfrtp_1)
                      0.199662    0.002195    0.773324 ^ _33_/B1 (sky130_fd_sc_hd__a31o_1)
     1    0.002039    0.038669    0.119180    0.892504 ^ _33_/X (sky130_fd_sc_hd__a31o_1)
                      0.038669    0.000092    0.892596 ^ _34_/B (sky130_fd_sc_hd__and2b_1)
     1    0.002921    0.042254    0.111722    1.004317 ^ _34_/X (sky130_fd_sc_hd__and2b_1)
                      0.042254    0.000188    1.004505 ^ _42_/D (sky130_fd_sc_hd__dfrtp_1)
                                              1.004505   data arrival time

                                  0.000000    0.000000   clock clk (rise edge)
                                  0.000000    0.000000   clock source latency
     1    0.021612    0.102622    0.071709    0.071709 ^ clk (in)
                      0.102703    0.000000    0.071709 ^ clkbuf_0_clk/A (sky130_fd_sc_hd__clkbuf_16)
     2    0.018124    0.040302    0.144506    0.216215 ^ clkbuf_0_clk/X (sky130_fd_sc_hd__clkbuf_16)
                      0.040317    0.001060    0.217276 ^ clkbuf_1_1__f_clk/A (sky130_fd_sc_hd__clkbuf_16)
     4    0.016921    0.039231    0.120480    0.337756 ^ clkbuf_1_1__f_clk/X (sky130_fd_sc_hd__clkbuf_16)
                      0.039247    0.001200    0.338956 ^ _42_/CLK (sky130_fd_sc_hd__dfrtp_1)
                                  0.250000    0.588956   clock uncertainty
                                  0.000000    0.588956   clock reconvergence pessimism
                                 -0.034974    0.553981   library hold time
                                              0.553981   data required time
---------------------------------------------------------------------------------------------
                                              0.553981   data required time
                                             -1.004505   data arrival time
---------------------------------------------------------------------------------------------
                                              0.450524   slack (MET)


Startpoint: _40_ (rising edge-triggered flip-flop clocked by clk)
Endpoint: _40_ (rising edge-triggered flip-flop clocked by clk)
Path Group: clk
Path Type: min

Fanout         Cap        Slew       Delay        Time   Description
---------------------------------------------------------------------------------------------
                                  0.000000    0.000000   clock clk (rise edge)
                                  0.000000    0.000000   clock source latency
     1    0.021612    0.102622    0.071709    0.071709 ^ clk (in)
                      0.102703    0.000000    0.071709 ^ clkbuf_0_clk/A (sky130_fd_sc_hd__clkbuf_16)
     2    0.018124    0.040302    0.144506    0.216215 ^ clkbuf_0_clk/X (sky130_fd_sc_hd__clkbuf_16)
                      0.040318    0.001113    0.217328 ^ clkbuf_1_0__f_clk/A (sky130_fd_sc_hd__clkbuf_16)
     5    0.017512    0.039730    0.121261    0.338589 ^ clkbuf_1_0__f_clk/X (sky130_fd_sc_hd__clkbuf_16)
                      0.039731    0.000442    0.339031 ^ _40_/CLK (sky130_fd_sc_hd__dfrtp_4)
     6    0.030599    0.115501    0.455241    0.794272 ^ _40_/Q (sky130_fd_sc_hd__dfrtp_4)
                      0.115539    0.002003    0.796275 ^ _30_/A (sky130_fd_sc_hd__or2_1)
     1    0.002074    0.034543    0.109041    0.905316 ^ _30_/X (sky130_fd_sc_hd__or2_1)
                      0.034551    0.000144    0.905460 ^ _31_/B (sky130_fd_sc_hd__and2_1)
     1    0.002325    0.042128    0.107837    1.013297 ^ _31_/X (sky130_fd_sc_hd__and2_1)
                      0.042128    0.000108    1.013405 ^ _40_/D (sky130_fd_sc_hd__dfrtp_4)
                                              1.013405   data arrival time

                                  0.000000    0.000000   clock clk (rise edge)
                                  0.000000    0.000000   clock source latency
     1    0.021612    0.102622    0.071709    0.071709 ^ clk (in)
                      0.102703    0.000000    0.071709 ^ clkbuf_0_clk/A (sky130_fd_sc_hd__clkbuf_16)
     2    0.018124    0.040302    0.144506    0.216215 ^ clkbuf_0_clk/X (sky130_fd_sc_hd__clkbuf_16)
                      0.040318    0.001113    0.217328 ^ clkbuf_1_0__f_clk/A (sky130_fd_sc_hd__clkbuf_16)
     5    0.017512    0.039730    0.121261    0.338589 ^ clkbuf_1_0__f_clk/X (sky130_fd_sc_hd__clkbuf_16)
                      0.039731    0.000442    0.339031 ^ _40_/CLK (sky130_fd_sc_hd__dfrtp_4)
                                  0.250000    0.589031   clock uncertainty
                                  0.000000    0.589031   clock reconvergence pessimism
                                 -0.034882    0.554149   library hold time
                                              0.554149   data required time
---------------------------------------------------------------------------------------------
                                              0.554149   data required time
                                             -1.013405   data arrival time
---------------------------------------------------------------------------------------------
                                              0.459256   slack (MET)


Startpoint: _40_ (rising edge-triggered flip-flop clocked by clk)
Endpoint: _41_ (rising edge-triggered flip-flop clocked by clk)
Path Group: clk
Path Type: min

Fanout         Cap        Slew       Delay        Time   Description
---------------------------------------------------------------------------------------------
                                  0.000000    0.000000   clock clk (rise edge)
                                  0.000000    0.000000   clock source latency
     1    0.021612    0.102622    0.071709    0.071709 ^ clk (in)
                      0.102703    0.000000    0.071709 ^ clkbuf_0_clk/A (sky130_fd_sc_hd__clkbuf_16)
     2    0.018124    0.040302    0.144506    0.216215 ^ clkbuf_0_clk/X (sky130_fd_sc_hd__clkbuf_16)
                      0.040318    0.001113    0.217328 ^ clkbuf_1_0__f_clk/A (sky130_fd_sc_hd__clkbuf_16)
     5    0.017512    0.039730    0.121261    0.338589 ^ clkbuf_1_0__f_clk/X (sky130_fd_sc_hd__clkbuf_16)
                      0.039731    0.000442    0.339031 ^ _40_/CLK (sky130_fd_sc_hd__dfrtp_4)
     6    0.030599    0.115501    0.455241    0.794272 ^ _40_/Q (sky130_fd_sc_hd__dfrtp_4)
                      0.115541    0.002043    0.796316 ^ _20_/A (sky130_fd_sc_hd__nand2_1)
     2    0.007213    0.067487    0.089719    0.886034 v _20_/Y (sky130_fd_sc_hd__nand2_1)
                      0.067521    0.000680    0.886714 v _32_/B (sky130_fd_sc_hd__xnor2_1)
     1    0.002367    0.033022    0.124204    1.010918 v _32_/Y (sky130_fd_sc_hd__xnor2_1)
                      0.033022    0.000173    1.011092 v _41_/D (sky130_fd_sc_hd__dfrtp_4)
                                              1.011092   data arrival time

                                  0.000000    0.000000   clock clk (rise edge)
                                  0.000000    0.000000   clock source latency
     1    0.021612    0.102622    0.071709    0.071709 ^ clk (in)
                      0.102703    0.000000    0.071709 ^ clkbuf_0_clk/A (sky130_fd_sc_hd__clkbuf_16)
     2    0.018124    0.040302    0.144506    0.216215 ^ clkbuf_0_clk/X (sky130_fd_sc_hd__clkbuf_16)
                      0.040317    0.001060    0.217276 ^ clkbuf_1_1__f_clk/A (sky130_fd_sc_hd__clkbuf_16)
     4    0.016921    0.039231    0.120480    0.337756 ^ clkbuf_1_1__f_clk/X (sky130_fd_sc_hd__clkbuf_16)
                      0.039249    0.001286    0.339041 ^ _41_/CLK (sky130_fd_sc_hd__dfrtp_4)
                                  0.250000    0.589041   clock uncertainty
                                  0.000000    0.589041   clock reconvergence pessimism
                                 -0.038495    0.550546   library hold time
                                              0.550546   data required time
---------------------------------------------------------------------------------------------
                                              0.550546   data required time
                                             -1.011092   data arrival time
---------------------------------------------------------------------------------------------
                                              0.460545   slack (MET)


Startpoint: _40_ (rising edge-triggered flip-flop clocked by clk)
Endpoint: _43_ (rising edge-triggered flip-flop clocked by clk)
Path Group: clk
Path Type: min

Fanout         Cap        Slew       Delay        Time   Description
---------------------------------------------------------------------------------------------
                                  0.000000    0.000000   clock clk (rise edge)
                                  0.000000    0.000000   clock source latency
     1    0.021612    0.102622    0.071709    0.071709 ^ clk (in)
                      0.102703    0.000000    0.071709 ^ clkbuf_0_clk/A (sky130_fd_sc_hd__clkbuf_16)
     2    0.018124    0.040302    0.144506    0.216215 ^ clkbuf_0_clk/X (sky130_fd_sc_hd__clkbuf_16)
                      0.040318    0.001113    0.217328 ^ clkbuf_1_0__f_clk/A (sky130_fd_sc_hd__clkbuf_16)
     5    0.017512    0.039730    0.121261    0.338589 ^ clkbuf_1_0__f_clk/X (sky130_fd_sc_hd__clkbuf_16)
                      0.039731    0.000442    0.339031 ^ _40_/CLK (sky130_fd_sc_hd__dfrtp_4)
     6    0.030599    0.115501    0.455241    0.794272 ^ _40_/Q (sky130_fd_sc_hd__dfrtp_4)
                      0.115554    0.002293    0.796566 ^ _22_/A (sky130_fd_sc_hd__and3_1)
     2    0.008424    0.097542    0.198923    0.995489 ^ _22_/X (sky130_fd_sc_hd__and3_1)
                      0.097543    0.000550    0.996039 ^ _35_/B (sky130_fd_sc_hd__xor2_1)
     1    0.002226    0.033869    0.067580    1.063619 v _35_/X (sky130_fd_sc_hd__xor2_1)
                      0.033869    0.000103    1.063723 v _43_/D (sky130_fd_sc_hd__dfrtp_1)
                                              1.063723   data arrival time

                                  0.000000    0.000000   clock clk (rise edge)
                                  0.000000    0.000000   clock source latency
     1    0.021612    0.102622    0.071709    0.071709 ^ clk (in)
                      0.102703    0.000000    0.071709 ^ clkbuf_0_clk/A (sky130_fd_sc_hd__clkbuf_16)
     2    0.018124    0.040302    0.144506    0.216215 ^ clkbuf_0_clk/X (sky130_fd_sc_hd__clkbuf_16)
                      0.040317    0.001060    0.217276 ^ clkbuf_1_1__f_clk/A (sky130_fd_sc_hd__clkbuf_16)
     4    0.016921    0.039231    0.120480    0.337756 ^ clkbuf_1_1__f_clk/X (sky130_fd_sc_hd__clkbuf_16)
                      0.039243    0.000955    0.338711 ^ _43_/CLK (sky130_fd_sc_hd__dfrtp_1)
                                  0.250000    0.588711   clock uncertainty
                                  0.000000    0.588711   clock reconvergence pessimism
                                 -0.042557    0.546154   library hold time
                                              0.546154   data required time
---------------------------------------------------------------------------------------------
                                              0.546154   data required time
                                             -1.063723   data arrival time
---------------------------------------------------------------------------------------------
                                              0.517569   slack (MET)


Startpoint: _43_ (rising edge-triggered flip-flop clocked by clk)
Endpoint: _44_ (rising edge-triggered flip-flop clocked by clk)
Path Group: clk
Path Type: min

Fanout         Cap        Slew       Delay        Time   Description
---------------------------------------------------------------------------------------------
                                  0.000000    0.000000   clock clk (rise edge)
                                  0.000000    0.000000   clock source latency
     1    0.021612    0.102622    0.071709    0.071709 ^ clk (in)
                      0.102703    0.000000    0.071709 ^ clkbuf_0_clk/A (sky130_fd_sc_hd__clkbuf_16)
     2    0.018124    0.040302    0.144506    0.216215 ^ clkbuf_0_clk/X (sky130_fd_sc_hd__clkbuf_16)
                      0.040317    0.001060    0.217276 ^ clkbuf_1_1__f_clk/A (sky130_fd_sc_hd__clkbuf_16)
     4    0.016921    0.039231    0.120480    0.337756 ^ clkbuf_1_1__f_clk/X (sky130_fd_sc_hd__clkbuf_16)
                      0.039243    0.000955    0.338711 ^ _43_/CLK (sky130_fd_sc_hd__dfrtp_1)
     3    0.017600    0.162908    0.406159    0.744870 ^ _43_/Q (sky130_fd_sc_hd__dfrtp_1)
                      0.162918    0.001437    0.746307 ^ _23_/B (sky130_fd_sc_hd__and4_1)
     2    0.009722    0.112084    0.256478    1.002785 ^ _23_/X (sky130_fd_sc_hd__and4_1)
                      0.112086    0.000705    1.003490 ^ _36_/B (sky130_fd_sc_hd__xor2_1)
     1    0.002480    0.034945    0.073641    1.077131 v _36_/X (sky130_fd_sc_hd__xor2_1)
                      0.034945    0.000169    1.077300 v _44_/D (sky130_fd_sc_hd__dfrtp_1)
                                              1.077300   data arrival time

                                  0.000000    0.000000   clock clk (rise edge)
                                  0.000000    0.000000   clock source latency
     1    0.021612    0.102622    0.071709    0.071709 ^ clk (in)
                      0.102703    0.000000    0.071709 ^ clkbuf_0_clk/A (sky130_fd_sc_hd__clkbuf_16)
     2    0.018124    0.040302    0.144506    0.216215 ^ clkbuf_0_clk/X (sky130_fd_sc_hd__clkbuf_16)
                      0.040317    0.001060    0.217276 ^ clkbuf_1_1__f_clk/A (sky130_fd_sc_hd__clkbuf_16)
     4    0.016921    0.039231    0.120480    0.337756 ^ clkbuf_1_1__f_clk/X (sky130_fd_sc_hd__clkbuf_16)
                      0.039242    0.000904    0.338659 ^ _44_/CLK (sky130_fd_sc_hd__dfrtp_1)
                                  0.250000    0.588659   clock uncertainty
                                  0.000000    0.588659   clock reconvergence pessimism
                                 -0.042995    0.545664   library hold time
                                              0.545664   data required time
---------------------------------------------------------------------------------------------
                                              0.545664   data required time
                                             -1.077300   data arrival time
---------------------------------------------------------------------------------------------
                                              0.531635   slack (MET)


Startpoint: _37_ (rising edge-triggered flip-flop clocked by clk)
Endpoint: _37_ (rising edge-triggered flip-flop clocked by clk)
Path Group: clk
Path Type: min

Fanout         Cap        Slew       Delay        Time   Description
---------------------------------------------------------------------------------------------
                                  0.000000    0.000000   clock clk (rise edge)
                                  0.000000    0.000000   clock source latency
     1    0.021612    0.102622    0.071709    0.071709 ^ clk (in)
                      0.102703    0.000000    0.071709 ^ clkbuf_0_clk/A (sky130_fd_sc_hd__clkbuf_16)
     2    0.018124    0.040302    0.144506    0.216215 ^ clkbuf_0_clk/X (sky130_fd_sc_hd__clkbuf_16)
                      0.040318    0.001113    0.217328 ^ clkbuf_1_0__f_clk/A (sky130_fd_sc_hd__clkbuf_16)
     5    0.017512    0.039730    0.121261    0.338589 ^ clkbuf_1_0__f_clk/X (sky130_fd_sc_hd__clkbuf_16)
                      0.039732    0.000527    0.339117 ^ _37_/CLK (sky130_fd_sc_hd__dfrtp_2)
     5    0.025306    0.134115    0.415783    0.754900 ^ _37_/Q (sky130_fd_sc_hd__dfrtp_2)
                      0.134117    0.000888    0.755788 ^ hold1/A (sky130_fd_sc_hd__dlygate4sd3_1)
     1    0.005545    0.076832    0.581858    1.337645 ^ hold1/X (sky130_fd_sc_hd__dlygate4sd3_1)
                      0.076832    0.000433    1.338078 ^ _25_/A (sky130_fd_sc_hd__xor2_1)
     1    0.002883    0.036577    0.067907    1.405986 v _25_/X (sky130_fd_sc_hd__xor2_1)
                      0.036577    0.000191    1.406177 v _37_/D (sky130_fd_sc_hd__dfrtp_2)
                                              1.406177   data arrival time

                                  0.000000    0.000000   clock clk (rise edge)
                                  0.000000    0.000000   clock source latency
     1    0.021612    0.102622    0.071709    0.071709 ^ clk (in)
                      0.102703    0.000000    0.071709 ^ clkbuf_0_clk/A (sky130_fd_sc_hd__clkbuf_16)
     2    0.018124    0.040302    0.144506    0.216215 ^ clkbuf_0_clk/X (sky130_fd_sc_hd__clkbuf_16)
                      0.040318    0.001113    0.217328 ^ clkbuf_1_0__f_clk/A (sky130_fd_sc_hd__clkbuf_16)
     5    0.017512    0.039730    0.121261    0.338589 ^ clkbuf_1_0__f_clk/X (sky130_fd_sc_hd__clkbuf_16)
                      0.039732    0.000527    0.339117 ^ _37_/CLK (sky130_fd_sc_hd__dfrtp_2)
                                  0.250000    0.589117   clock uncertainty
                                  0.000000    0.589117   clock reconvergence pessimism
                                 -0.039886    0.549231   library hold time
                                              0.549231   data required time
---------------------------------------------------------------------------------------------
                                              0.549231   data required time
                                             -1.406177   data arrival time
---------------------------------------------------------------------------------------------
                                              0.856946   slack (MET)


Startpoint: rst_n (input port clocked by clk)
Endpoint: _38_ (removal check against rising-edge clock clk)
Path Group: asynchronous
Path Type: min

Fanout         Cap        Slew       Delay        Time   Description
---------------------------------------------------------------------------------------------
                                  0.000000    0.000000   clock clk (rise edge)
                                  0.000000    0.000000   clock network delay (propagated)
                                  2.000000    2.000000 ^ input external delay
     1    0.002952    0.020387    0.010897    2.010897 ^ rst_n (in)
                      0.020388    0.000000    2.010897 ^ input2/A (sky130_fd_sc_hd__clkbuf_4)
     8    0.057390    0.177146    0.218633    2.229530 ^ input2/X (sky130_fd_sc_hd__clkbuf_4)
                      0.177433    0.005869    2.235399 ^ _38_/RESET_B (sky130_fd_sc_hd__dfrtp_1)
                                              2.235399   data arrival time

                                  0.000000    0.000000   clock clk (rise edge)
                                  0.000000    0.000000   clock source latency
     1    0.021612    0.102622    0.071709    0.071709 ^ clk (in)
                      0.102703    0.000000    0.071709 ^ clkbuf_0_clk/A (sky130_fd_sc_hd__clkbuf_16)
     2    0.018124    0.040302    0.144506    0.216215 ^ clkbuf_0_clk/X (sky130_fd_sc_hd__clkbuf_16)
                      0.040318    0.001113    0.217328 ^ clkbuf_1_0__f_clk/A (sky130_fd_sc_hd__clkbuf_16)
     5    0.017512    0.039730    0.121261    0.338589 ^ clkbuf_1_0__f_clk/X (sky130_fd_sc_hd__clkbuf_16)
                      0.039732    0.000533    0.339123 ^ _38_/CLK (sky130_fd_sc_hd__dfrtp_1)
                                  0.250000    0.589123   clock uncertainty
                                  0.000000    0.589123   clock reconvergence pessimism
                                  0.355251    0.944373   library removal time
                                              0.944373   data required time
---------------------------------------------------------------------------------------------
                                              0.944373   data required time
                                             -2.235399   data arrival time
---------------------------------------------------------------------------------------------
                                              1.291026   slack (MET)


Startpoint: rst_n (input port clocked by clk)
Endpoint: _37_ (removal check against rising-edge clock clk)
Path Group: asynchronous
Path Type: min

Fanout         Cap        Slew       Delay        Time   Description
---------------------------------------------------------------------------------------------
                                  0.000000    0.000000   clock clk (rise edge)
                                  0.000000    0.000000   clock network delay (propagated)
                                  2.000000    2.000000 ^ input external delay
     1    0.002952    0.020387    0.010897    2.010897 ^ rst_n (in)
                      0.020388    0.000000    2.010897 ^ input2/A (sky130_fd_sc_hd__clkbuf_4)
     8    0.057390    0.177146    0.218633    2.229530 ^ input2/X (sky130_fd_sc_hd__clkbuf_4)
                      0.177477    0.006293    2.235823 ^ _37_/RESET_B (sky130_fd_sc_hd__dfrtp_2)
                                              2.235823   data arrival time

                                  0.000000    0.000000   clock clk (rise edge)
                                  0.000000    0.000000   clock source latency
     1    0.021612    0.102622    0.071709    0.071709 ^ clk (in)
                      0.102703    0.000000    0.071709 ^ clkbuf_0_clk/A (sky130_fd_sc_hd__clkbuf_16)
     2    0.018124    0.040302    0.144506    0.216215 ^ clkbuf_0_clk/X (sky130_fd_sc_hd__clkbuf_16)
                      0.040318    0.001113    0.217328 ^ clkbuf_1_0__f_clk/A (sky130_fd_sc_hd__clkbuf_16)
     5    0.017512    0.039730    0.121261    0.338589 ^ clkbuf_1_0__f_clk/X (sky130_fd_sc_hd__clkbuf_16)
                      0.039732    0.000527    0.339117 ^ _37_/CLK (sky130_fd_sc_hd__dfrtp_2)
                                  0.250000    0.589117   clock uncertainty
                                  0.000000    0.589117   clock reconvergence pessimism
                                  0.354920    0.944037   library removal time
                                              0.944037   data required time
---------------------------------------------------------------------------------------------
                                              0.944037   data required time
                                             -2.235823   data arrival time
---------------------------------------------------------------------------------------------
                                              1.291787   slack (MET)


Startpoint: rst_n (input port clocked by clk)
Endpoint: _39_ (removal check against rising-edge clock clk)
Path Group: asynchronous
Path Type: min

Fanout         Cap        Slew       Delay        Time   Description
---------------------------------------------------------------------------------------------
                                  0.000000    0.000000   clock clk (rise edge)
                                  0.000000    0.000000   clock network delay (propagated)
                                  2.000000    2.000000 ^ input external delay
     1    0.002952    0.020387    0.010897    2.010897 ^ rst_n (in)
                      0.020388    0.000000    2.010897 ^ input2/A (sky130_fd_sc_hd__clkbuf_4)
     8    0.057390    0.177146    0.218633    2.229530 ^ input2/X (sky130_fd_sc_hd__clkbuf_4)
                      0.177647    0.007691    2.237221 ^ _39_/RESET_B (sky130_fd_sc_hd__dfrtp_1)
                                              2.237221   data arrival time

                                  0.000000    0.000000   clock clk (rise edge)
                                  0.000000    0.000000   clock source latency
     1    0.021612    0.102622    0.071709    0.071709 ^ clk (in)
                      0.102703    0.000000    0.071709 ^ clkbuf_0_clk/A (sky130_fd_sc_hd__clkbuf_16)
     2    0.018124    0.040302    0.144506    0.216215 ^ clkbuf_0_clk/X (sky130_fd_sc_hd__clkbuf_16)
                      0.040318    0.001113    0.217328 ^ clkbuf_1_0__f_clk/A (sky130_fd_sc_hd__clkbuf_16)
     5    0.017512    0.039730    0.121261    0.338589 ^ clkbuf_1_0__f_clk/X (sky130_fd_sc_hd__clkbuf_16)
                      0.039731    0.000426    0.339015 ^ _39_/CLK (sky130_fd_sc_hd__dfrtp_1)
                                  0.250000    0.589015   clock uncertainty
                                  0.000000    0.589015   clock reconvergence pessimism
                                  0.355310    0.944325   library removal time
                                              0.944325   data required time
---------------------------------------------------------------------------------------------
                                              0.944325   data required time
                                             -2.237221   data arrival time
---------------------------------------------------------------------------------------------
                                              1.292896   slack (MET)


Startpoint: rst_n (input port clocked by clk)
Endpoint: _44_ (removal check against rising-edge clock clk)
Path Group: asynchronous
Path Type: min

Fanout         Cap        Slew       Delay        Time   Description
---------------------------------------------------------------------------------------------
                                  0.000000    0.000000   clock clk (rise edge)
                                  0.000000    0.000000   clock network delay (propagated)
                                  2.000000    2.000000 ^ input external delay
     1    0.002952    0.020387    0.010897    2.010897 ^ rst_n (in)
                      0.020388    0.000000    2.010897 ^ input2/A (sky130_fd_sc_hd__clkbuf_4)
     8    0.057390    0.177146    0.218633    2.229530 ^ input2/X (sky130_fd_sc_hd__clkbuf_4)
                      0.177720    0.008209    2.237739 ^ _44_/RESET_B (sky130_fd_sc_hd__dfrtp_1)
                                              2.237739   data arrival time

                                  0.000000    0.000000   clock clk (rise edge)
                                  0.000000    0.000000   clock source latency
     1    0.021612    0.102622    0.071709    0.071709 ^ clk (in)
                      0.102703    0.000000    0.071709 ^ clkbuf_0_clk/A (sky130_fd_sc_hd__clkbuf_16)
     2    0.018124    0.040302    0.144506    0.216215 ^ clkbuf_0_clk/X (sky130_fd_sc_hd__clkbuf_16)
                      0.040317    0.001060    0.217276 ^ clkbuf_1_1__f_clk/A (sky130_fd_sc_hd__clkbuf_16)
     4    0.016921    0.039231    0.120480    0.337756 ^ clkbuf_1_1__f_clk/X (sky130_fd_sc_hd__clkbuf_16)
                      0.039242    0.000904    0.338659 ^ _44_/CLK (sky130_fd_sc_hd__dfrtp_1)
                                  0.250000    0.588659   clock uncertainty
                                  0.000000    0.588659   clock reconvergence pessimism
                                  0.355197    0.943856   library removal time
                                              0.943856   data required time
---------------------------------------------------------------------------------------------
                                              0.943856   data required time
                                             -2.237739   data arrival time
---------------------------------------------------------------------------------------------
                                              1.293883   slack (MET)


Startpoint: rst_n (input port clocked by clk)
Endpoint: _43_ (removal check against rising-edge clock clk)
Path Group: asynchronous
Path Type: min

Fanout         Cap        Slew       Delay        Time   Description
---------------------------------------------------------------------------------------------
                                  0.000000    0.000000   clock clk (rise edge)
                                  0.000000    0.000000   clock network delay (propagated)
                                  2.000000    2.000000 ^ input external delay
     1    0.002952    0.020387    0.010897    2.010897 ^ rst_n (in)
                      0.020388    0.000000    2.010897 ^ input2/A (sky130_fd_sc_hd__clkbuf_4)
     8    0.057390    0.177146    0.218633    2.229530 ^ input2/X (sky130_fd_sc_hd__clkbuf_4)
                      0.177788    0.008665    2.238195 ^ _43_/RESET_B (sky130_fd_sc_hd__dfrtp_1)
                                              2.238195   data arrival time

                                  0.000000    0.000000   clock clk (rise edge)
                                  0.000000    0.000000   clock source latency
     1    0.021612    0.102622    0.071709    0.071709 ^ clk (in)
                      0.102703    0.000000    0.071709 ^ clkbuf_0_clk/A (sky130_fd_sc_hd__clkbuf_16)
     2    0.018124    0.040302    0.144506    0.216215 ^ clkbuf_0_clk/X (sky130_fd_sc_hd__clkbuf_16)
                      0.040317    0.001060    0.217276 ^ clkbuf_1_1__f_clk/A (sky130_fd_sc_hd__clkbuf_16)
     4    0.016921    0.039231    0.120480    0.337756 ^ clkbuf_1_1__f_clk/X (sky130_fd_sc_hd__clkbuf_16)
                      0.039243    0.000955    0.338711 ^ _43_/CLK (sky130_fd_sc_hd__dfrtp_1)
                                  0.250000    0.588711   clock uncertainty
                                  0.000000    0.588711   clock reconvergence pessimism
                                  0.355216    0.943927   library removal time
                                              0.943927   data required time
---------------------------------------------------------------------------------------------
                                              0.943927   data required time
                                             -2.238195   data arrival time
---------------------------------------------------------------------------------------------
                                              1.294268   slack (MET)


Startpoint: rst_n (input port clocked by clk)
Endpoint: _42_ (removal check against rising-edge clock clk)
Path Group: asynchronous
Path Type: min

Fanout         Cap        Slew       Delay        Time   Description
---------------------------------------------------------------------------------------------
                                  0.000000    0.000000   clock clk (rise edge)
                                  0.000000    0.000000   clock network delay (propagated)
                                  2.000000    2.000000 ^ input external delay
     1    0.002952    0.020387    0.010897    2.010897 ^ rst_n (in)
                      0.020388    0.000000    2.010897 ^ input2/A (sky130_fd_sc_hd__clkbuf_4)
     8    0.057390    0.177146    0.218633    2.229530 ^ input2/X (sky130_fd_sc_hd__clkbuf_4)
                      0.177830    0.008934    2.238464 ^ _42_/RESET_B (sky130_fd_sc_hd__dfrtp_1)
                                              2.238464   data arrival time

                                  0.000000    0.000000   clock clk (rise edge)
                                  0.000000    0.000000   clock source latency
     1    0.021612    0.102622    0.071709    0.071709 ^ clk (in)
                      0.102703    0.000000    0.071709 ^ clkbuf_0_clk/A (sky130_fd_sc_hd__clkbuf_16)
     2    0.018124    0.040302    0.144506    0.216215 ^ clkbuf_0_clk/X (sky130_fd_sc_hd__clkbuf_16)
                      0.040317    0.001060    0.217276 ^ clkbuf_1_1__f_clk/A (sky130_fd_sc_hd__clkbuf_16)
     4    0.016921    0.039231    0.120480    0.337756 ^ clkbuf_1_1__f_clk/X (sky130_fd_sc_hd__clkbuf_16)
                      0.039247    0.001200    0.338956 ^ _42_/CLK (sky130_fd_sc_hd__dfrtp_1)
                                  0.250000    0.588956   clock uncertainty
                                  0.000000    0.588956   clock reconvergence pessimism
                                  0.355228    0.944184   library removal time
                                              0.944184   data required time
---------------------------------------------------------------------------------------------
                                              0.944184   data required time
                                             -2.238464   data arrival time
---------------------------------------------------------------------------------------------
                                              1.294280   slack (MET)


Startpoint: rst_n (input port clocked by clk)
Endpoint: _40_ (removal check against rising-edge clock clk)
Path Group: asynchronous
Path Type: min

Fanout         Cap        Slew       Delay        Time   Description
---------------------------------------------------------------------------------------------
                                  0.000000    0.000000   clock clk (rise edge)
                                  0.000000    0.000000   clock network delay (propagated)
                                  2.000000    2.000000 ^ input external delay
     1    0.002952    0.020387    0.010897    2.010897 ^ rst_n (in)
                      0.020388    0.000000    2.010897 ^ input2/A (sky130_fd_sc_hd__clkbuf_4)
     8    0.057390    0.177146    0.218633    2.229530 ^ input2/X (sky130_fd_sc_hd__clkbuf_4)
                      0.177874    0.009207    2.238737 ^ _40_/RESET_B (sky130_fd_sc_hd__dfrtp_4)
                                              2.238737   data arrival time

                                  0.000000    0.000000   clock clk (rise edge)
                                  0.000000    0.000000   clock source latency
     1    0.021612    0.102622    0.071709    0.071709 ^ clk (in)
                      0.102703    0.000000    0.071709 ^ clkbuf_0_clk/A (sky130_fd_sc_hd__clkbuf_16)
     2    0.018124    0.040302    0.144506    0.216215 ^ clkbuf_0_clk/X (sky130_fd_sc_hd__clkbuf_16)
                      0.040318    0.001113    0.217328 ^ clkbuf_1_0__f_clk/A (sky130_fd_sc_hd__clkbuf_16)
     5    0.017512    0.039730    0.121261    0.338589 ^ clkbuf_1_0__f_clk/X (sky130_fd_sc_hd__clkbuf_16)
                      0.039731    0.000442    0.339031 ^ _40_/CLK (sky130_fd_sc_hd__dfrtp_4)
                                  0.250000    0.589031   clock uncertainty
                                  0.000000    0.589031   clock reconvergence pessimism
                                  0.355421    0.944452   library removal time
                                              0.944452   data required time
---------------------------------------------------------------------------------------------
                                              0.944452   data required time
                                             -2.238737   data arrival time
---------------------------------------------------------------------------------------------
                                              1.294285   slack (MET)


Startpoint: rst_n (input port clocked by clk)
Endpoint: _41_ (removal check against rising-edge clock clk)
Path Group: asynchronous
Path Type: min

Fanout         Cap        Slew       Delay        Time   Description
---------------------------------------------------------------------------------------------
                                  0.000000    0.000000   clock clk (rise edge)
                                  0.000000    0.000000   clock network delay (propagated)
                                  2.000000    2.000000 ^ input external delay
     1    0.002952    0.020387    0.010897    2.010897 ^ rst_n (in)
                      0.020388    0.000000    2.010897 ^ input2/A (sky130_fd_sc_hd__clkbuf_4)
     8    0.057390    0.177146    0.218633    2.229530 ^ input2/X (sky130_fd_sc_hd__clkbuf_4)
                      0.177885    0.009272    2.238802 ^ _41_/RESET_B (sky130_fd_sc_hd__dfrtp_4)
                                              2.238802   data arrival time

                                  0.000000    0.000000   clock clk (rise edge)
                                  0.000000    0.000000   clock source latency
     1    0.021612    0.102622    0.071709    0.071709 ^ clk (in)
                      0.102703    0.000000    0.071709 ^ clkbuf_0_clk/A (sky130_fd_sc_hd__clkbuf_16)
     2    0.018124    0.040302    0.144506    0.216215 ^ clkbuf_0_clk/X (sky130_fd_sc_hd__clkbuf_16)
                      0.040317    0.001060    0.217276 ^ clkbuf_1_1__f_clk/A (sky130_fd_sc_hd__clkbuf_16)
     4    0.016921    0.039231    0.120480    0.337756 ^ clkbuf_1_1__f_clk/X (sky130_fd_sc_hd__clkbuf_16)
                      0.039249    0.001286    0.339041 ^ _41_/CLK (sky130_fd_sc_hd__dfrtp_4)
                                  0.250000    0.589041   clock uncertainty
                                  0.000000    0.589041   clock reconvergence pessimism
                                  0.355292    0.944333   library removal time
                                              0.944333   data required time
---------------------------------------------------------------------------------------------
                                              0.944333   data required time
                                             -2.238802   data arrival time
---------------------------------------------------------------------------------------------
                                              1.294469   slack (MET)


Startpoint: _44_ (rising edge-triggered flip-flop clocked by clk)
Endpoint: count[7] (output port clocked by clk)
Path Group: clk
Path Type: min

Fanout         Cap        Slew       Delay        Time   Description
---------------------------------------------------------------------------------------------
                                  0.000000    0.000000   clock clk (rise edge)
                                  0.000000    0.000000   clock source latency
     1    0.021612    0.102622    0.071709    0.071709 ^ clk (in)
                      0.102703    0.000000    0.071709 ^ clkbuf_0_clk/A (sky130_fd_sc_hd__clkbuf_16)
     2    0.018124    0.040302    0.144506    0.216215 ^ clkbuf_0_clk/X (sky130_fd_sc_hd__clkbuf_16)
                      0.040317    0.001060    0.217276 ^ clkbuf_1_1__f_clk/A (sky130_fd_sc_hd__clkbuf_16)
     4    0.016921    0.039231    0.120480    0.337756 ^ clkbuf_1_1__f_clk/X (sky130_fd_sc_hd__clkbuf_16)
                      0.039242    0.000904    0.338659 ^ _44_/CLK (sky130_fd_sc_hd__dfrtp_1)
     3    0.014862    0.091966    0.408888    0.747548 v _44_/Q (sky130_fd_sc_hd__dfrtp_1)
                      0.091978    0.001077    0.748625 v output10/A (sky130_fd_sc_hd__buf_2)
     1    0.034092    0.089525    0.200167    0.948792 v output10/X (sky130_fd_sc_hd__buf_2)
                      0.089560    0.001639    0.950430 v count[7] (out)
                                              0.950430   data arrival time

                                  0.000000    0.000000   clock clk (rise edge)
                                  0.000000    0.000000   clock network delay (propagated)
                                  0.250000    0.250000   clock uncertainty
                                  0.000000    0.250000   clock reconvergence pessimism
                                 -2.000000   -1.750000   output external delay
                                             -1.750000   data required time
---------------------------------------------------------------------------------------------
                                             -1.750000   data required time
                                             -0.950430   data arrival time
---------------------------------------------------------------------------------------------
                                              2.700430   slack (MET)


Startpoint: _43_ (rising edge-triggered flip-flop clocked by clk)
Endpoint: count[6] (output port clocked by clk)
Path Group: clk
Path Type: min

Fanout         Cap        Slew       Delay        Time   Description
---------------------------------------------------------------------------------------------
                                  0.000000    0.000000   clock clk (rise edge)
                                  0.000000    0.000000   clock source latency
     1    0.021612    0.102622    0.071709    0.071709 ^ clk (in)
                      0.102703    0.000000    0.071709 ^ clkbuf_0_clk/A (sky130_fd_sc_hd__clkbuf_16)
     2    0.018124    0.040302    0.144506    0.216215 ^ clkbuf_0_clk/X (sky130_fd_sc_hd__clkbuf_16)
                      0.040317    0.001060    0.217276 ^ clkbuf_1_1__f_clk/A (sky130_fd_sc_hd__clkbuf_16)
     4    0.016921    0.039231    0.120480    0.337756 ^ clkbuf_1_1__f_clk/X (sky130_fd_sc_hd__clkbuf_16)
                      0.039243    0.000955    0.338711 ^ _43_/CLK (sky130_fd_sc_hd__dfrtp_1)
     3    0.017220    0.102799    0.417852    0.756563 v _43_/Q (sky130_fd_sc_hd__dfrtp_1)
                      0.102839    0.001903    0.758466 v output9/A (sky130_fd_sc_hd__buf_2)
     1    0.034642    0.090756    0.206058    0.964524 v output9/X (sky130_fd_sc_hd__buf_2)
                      0.090795    0.001726    0.966250 v count[6] (out)
                                              0.966250   data arrival time

                                  0.000000    0.000000   clock clk (rise edge)
                                  0.000000    0.000000   clock network delay (propagated)
                                  0.250000    0.250000   clock uncertainty
                                  0.000000    0.250000   clock reconvergence pessimism
                                 -2.000000   -1.750000   output external delay
                                             -1.750000   data required time
---------------------------------------------------------------------------------------------
                                             -1.750000   data required time
                                             -0.966250   data arrival time
---------------------------------------------------------------------------------------------
                                              2.716249   slack (MET)


Startpoint: _37_ (rising edge-triggered flip-flop clocked by clk)
Endpoint: count[0] (output port clocked by clk)
Path Group: clk
Path Type: min

Fanout         Cap        Slew       Delay        Time   Description
---------------------------------------------------------------------------------------------
                                  0.000000    0.000000   clock clk (rise edge)
                                  0.000000    0.000000   clock source latency
     1    0.021612    0.102622    0.071709    0.071709 ^ clk (in)
                      0.102703    0.000000    0.071709 ^ clkbuf_0_clk/A (sky130_fd_sc_hd__clkbuf_16)
     2    0.018124    0.040302    0.144506    0.216215 ^ clkbuf_0_clk/X (sky130_fd_sc_hd__clkbuf_16)
                      0.040318    0.001113    0.217328 ^ clkbuf_1_0__f_clk/A (sky130_fd_sc_hd__clkbuf_16)
     5    0.017512    0.039730    0.121261    0.338589 ^ clkbuf_1_0__f_clk/X (sky130_fd_sc_hd__clkbuf_16)
                      0.039732    0.000527    0.339117 ^ _37_/CLK (sky130_fd_sc_hd__dfrtp_2)
     5    0.024755    0.090595    0.443885    0.783002 v _37_/Q (sky130_fd_sc_hd__dfrtp_2)
                      0.090646    0.001985    0.784987 v output3/A (sky130_fd_sc_hd__buf_2)
     1    0.034469    0.090322    0.200289    0.985276 v output3/X (sky130_fd_sc_hd__buf_2)
                      0.090356    0.001613    0.986889 v count[0] (out)
                                              0.986889   data arrival time

                                  0.000000    0.000000   clock clk (rise edge)
                                  0.000000    0.000000   clock network delay (propagated)
                                  0.250000    0.250000   clock uncertainty
                                  0.000000    0.250000   clock reconvergence pessimism
                                 -2.000000   -1.750000   output external delay
                                             -1.750000   data required time
---------------------------------------------------------------------------------------------
                                             -1.750000   data required time
                                             -0.986889   data arrival time
---------------------------------------------------------------------------------------------
                                              2.736889   slack (MET)


Startpoint: _39_ (rising edge-triggered flip-flop clocked by clk)
Endpoint: count[2] (output port clocked by clk)
Path Group: clk
Path Type: min

Fanout         Cap        Slew       Delay        Time   Description
---------------------------------------------------------------------------------------------
                                  0.000000    0.000000   clock clk (rise edge)
                                  0.000000    0.000000   clock source latency
     1    0.021612    0.102622    0.071709    0.071709 ^ clk (in)
                      0.102703    0.000000    0.071709 ^ clkbuf_0_clk/A (sky130_fd_sc_hd__clkbuf_16)
     2    0.018124    0.040302    0.144506    0.216215 ^ clkbuf_0_clk/X (sky130_fd_sc_hd__clkbuf_16)
                      0.040318    0.001113    0.217328 ^ clkbuf_1_0__f_clk/A (sky130_fd_sc_hd__clkbuf_16)
     5    0.017512    0.039730    0.121261    0.338589 ^ clkbuf_1_0__f_clk/X (sky130_fd_sc_hd__clkbuf_16)
                      0.039731    0.000426    0.339015 ^ _39_/CLK (sky130_fd_sc_hd__dfrtp_1)
     3    0.021237    0.121003    0.434227    0.773242 v _39_/Q (sky130_fd_sc_hd__dfrtp_1)
                      0.121043    0.002071    0.775313 v output5/A (sky130_fd_sc_hd__buf_2)
     1    0.034189    0.089789    0.213518    0.988831 v output5/X (sky130_fd_sc_hd__buf_2)
                      0.089827    0.001701    0.990532 v count[2] (out)
                                              0.990532   data arrival time

                                  0.000000    0.000000   clock clk (rise edge)
                                  0.000000    0.000000   clock network delay (propagated)
                                  0.250000    0.250000   clock uncertainty
                                  0.000000    0.250000   clock reconvergence pessimism
                                 -2.000000   -1.750000   output external delay
                                             -1.750000   data required time
---------------------------------------------------------------------------------------------
                                             -1.750000   data required time
                                             -0.990532   data arrival time
---------------------------------------------------------------------------------------------
                                              2.740531   slack (MET)


Startpoint: _42_ (rising edge-triggered flip-flop clocked by clk)
Endpoint: count[5] (output port clocked by clk)
Path Group: clk
Path Type: min

Fanout         Cap        Slew       Delay        Time   Description
---------------------------------------------------------------------------------------------
                                  0.000000    0.000000   clock clk (rise edge)
                                  0.000000    0.000000   clock source latency
     1    0.021612    0.102622    0.071709    0.071709 ^ clk (in)
                      0.102703    0.000000    0.071709 ^ clkbuf_0_clk/A (sky130_fd_sc_hd__clkbuf_16)
     2    0.018124    0.040302    0.144506    0.216215 ^ clkbuf_0_clk/X (sky130_fd_sc_hd__clkbuf_16)
                      0.040317    0.001060    0.217276 ^ clkbuf_1_1__f_clk/A (sky130_fd_sc_hd__clkbuf_16)
     4    0.016921    0.039231    0.120480    0.337756 ^ clkbuf_1_1__f_clk/X (sky130_fd_sc_hd__clkbuf_16)
                      0.039247    0.001200    0.338956 ^ _42_/CLK (sky130_fd_sc_hd__dfrtp_1)
     3    0.021464    0.122495    0.434088    0.773044 v _42_/Q (sky130_fd_sc_hd__dfrtp_1)
                      0.122608    0.003331    0.776375 v output8/A (sky130_fd_sc_hd__buf_2)
     1    0.034642    0.090780    0.215048    0.991424 v output8/X (sky130_fd_sc_hd__buf_2)
                      0.090819    0.001726    0.993150 v count[5] (out)
                                              0.993150   data arrival time

                                  0.000000    0.000000   clock clk (rise edge)
                                  0.000000    0.000000   clock network delay (propagated)
                                  0.250000    0.250000   clock uncertainty
                                  0.000000    0.250000   clock reconvergence pessimism
                                 -2.000000   -1.750000   output external delay
                                             -1.750000   data required time
---------------------------------------------------------------------------------------------
                                             -1.750000   data required time
                                             -0.993150   data arrival time
---------------------------------------------------------------------------------------------
                                              2.743150   slack (MET)


Startpoint: _38_ (rising edge-triggered flip-flop clocked by clk)
Endpoint: count[1] (output port clocked by clk)
Path Group: clk
Path Type: min

Fanout         Cap        Slew       Delay        Time   Description
---------------------------------------------------------------------------------------------
                                  0.000000    0.000000   clock clk (rise edge)
                                  0.000000    0.000000   clock source latency
     1    0.021612    0.102622    0.071709    0.071709 ^ clk (in)
                      0.102703    0.000000    0.071709 ^ clkbuf_0_clk/A (sky130_fd_sc_hd__clkbuf_16)
     2    0.018124    0.040302    0.144506    0.216215 ^ clkbuf_0_clk/X (sky130_fd_sc_hd__clkbuf_16)
                      0.040318    0.001113    0.217328 ^ clkbuf_1_0__f_clk/A (sky130_fd_sc_hd__clkbuf_16)
     5    0.017512    0.039730    0.121261    0.338589 ^ clkbuf_1_0__f_clk/X (sky130_fd_sc_hd__clkbuf_16)
                      0.039732    0.000533    0.339123 ^ _38_/CLK (sky130_fd_sc_hd__dfrtp_1)
     4    0.022378    0.126456    0.438357    0.777479 v _38_/Q (sky130_fd_sc_hd__dfrtp_1)
                      0.126530    0.002793    0.780272 v output4/A (sky130_fd_sc_hd__buf_2)
     1    0.034457    0.090367    0.216541    0.996813 v output4/X (sky130_fd_sc_hd__buf_2)
                      0.090400    0.001612    0.998426 v count[1] (out)
                                              0.998426   data arrival time

                                  0.000000    0.000000   clock clk (rise edge)
                                  0.000000    0.000000   clock network delay (propagated)
                                  0.250000    0.250000   clock uncertainty
                                  0.000000    0.250000   clock reconvergence pessimism
                                 -2.000000   -1.750000   output external delay
                                             -1.750000   data required time
---------------------------------------------------------------------------------------------
                                             -1.750000   data required time
                                             -0.998426   data arrival time
---------------------------------------------------------------------------------------------
                                              2.748425   slack (MET)


Startpoint: _41_ (rising edge-triggered flip-flop clocked by clk)
Endpoint: count[4] (output port clocked by clk)
Path Group: clk
Path Type: min

Fanout         Cap        Slew       Delay        Time   Description
---------------------------------------------------------------------------------------------
                                  0.000000    0.000000   clock clk (rise edge)
                                  0.000000    0.000000   clock source latency
     1    0.021612    0.102622    0.071709    0.071709 ^ clk (in)
                      0.102703    0.000000    0.071709 ^ clkbuf_0_clk/A (sky130_fd_sc_hd__clkbuf_16)
     2    0.018124    0.040302    0.144506    0.216215 ^ clkbuf_0_clk/X (sky130_fd_sc_hd__clkbuf_16)
                      0.040317    0.001060    0.217276 ^ clkbuf_1_1__f_clk/A (sky130_fd_sc_hd__clkbuf_16)
     4    0.016921    0.039231    0.120480    0.337756 ^ clkbuf_1_1__f_clk/X (sky130_fd_sc_hd__clkbuf_16)
                      0.039249    0.001286    0.339041 ^ _41_/CLK (sky130_fd_sc_hd__dfrtp_4)
     4    0.025258    0.102180    0.443404    0.782445 ^ _41_/Q (sky130_fd_sc_hd__dfrtp_4)
                      0.102275    0.002743    0.785187 ^ output7/A (sky130_fd_sc_hd__buf_2)
     1    0.034164    0.170163    0.218153    1.003340 ^ output7/X (sky130_fd_sc_hd__buf_2)
                      0.170237    0.001644    1.004984 ^ count[4] (out)
                                              1.004984   data arrival time

                                  0.000000    0.000000   clock clk (rise edge)
                                  0.000000    0.000000   clock network delay (propagated)
                                  0.250000    0.250000   clock uncertainty
                                  0.000000    0.250000   clock reconvergence pessimism
                                 -2.000000   -1.750000   output external delay
                                             -1.750000   data required time
---------------------------------------------------------------------------------------------
                                             -1.750000   data required time
                                             -1.004984   data arrival time
---------------------------------------------------------------------------------------------
                                              2.754984   slack (MET)


Startpoint: _40_ (rising edge-triggered flip-flop clocked by clk)
Endpoint: count[3] (output port clocked by clk)
Path Group: clk
Path Type: min

Fanout         Cap        Slew       Delay        Time   Description
---------------------------------------------------------------------------------------------
                                  0.000000    0.000000   clock clk (rise edge)
                                  0.000000    0.000000   clock source latency
     1    0.021612    0.102622    0.071709    0.071709 ^ clk (in)
                      0.102703    0.000000    0.071709 ^ clkbuf_0_clk/A (sky130_fd_sc_hd__clkbuf_16)
     2    0.018124    0.040302    0.144506    0.216215 ^ clkbuf_0_clk/X (sky130_fd_sc_hd__clkbuf_16)
                      0.040318    0.001113    0.217328 ^ clkbuf_1_0__f_clk/A (sky130_fd_sc_hd__clkbuf_16)
     5    0.017512    0.039730    0.121261    0.338589 ^ clkbuf_1_0__f_clk/X (sky130_fd_sc_hd__clkbuf_16)
                      0.039731    0.000442    0.339031 ^ _40_/CLK (sky130_fd_sc_hd__dfrtp_4)
     6    0.030599    0.115501    0.455241    0.794272 ^ _40_/Q (sky130_fd_sc_hd__dfrtp_4)
                      0.115594    0.002931    0.797203 ^ output6/A (sky130_fd_sc_hd__buf_2)
     1    0.034232    0.170565    0.223245    1.020449 ^ output6/X (sky130_fd_sc_hd__buf_2)
                      0.170580    0.001705    1.022153 ^ count[3] (out)
                                              1.022153   data arrival time

                                  0.000000    0.000000   clock clk (rise edge)
                                  0.000000    0.000000   clock network delay (propagated)
                                  0.250000    0.250000   clock uncertainty
                                  0.000000    0.250000   clock reconvergence pessimism
                                 -2.000000   -1.750000   output external delay
                                             -1.750000   data required time
---------------------------------------------------------------------------------------------
                                             -1.750000   data required time
                                             -1.022153   data arrival time
---------------------------------------------------------------------------------------------
                                              2.772153   slack (MET)


Startpoint: _44_ (rising edge-triggered flip-flop clocked by clk)
Endpoint: overflow (output port clocked by clk)
Path Group: clk
Path Type: min

Fanout         Cap        Slew       Delay        Time   Description
---------------------------------------------------------------------------------------------
                                  0.000000    0.000000   clock clk (rise edge)
                                  0.000000    0.000000   clock source latency
     1    0.021612    0.102622    0.071709    0.071709 ^ clk (in)
                      0.102703    0.000000    0.071709 ^ clkbuf_0_clk/A (sky130_fd_sc_hd__clkbuf_16)
     2    0.018124    0.040302    0.144506    0.216215 ^ clkbuf_0_clk/X (sky130_fd_sc_hd__clkbuf_16)
                      0.040317    0.001060    0.217276 ^ clkbuf_1_1__f_clk/A (sky130_fd_sc_hd__clkbuf_16)
     4    0.016921    0.039231    0.120480    0.337756 ^ clkbuf_1_1__f_clk/X (sky130_fd_sc_hd__clkbuf_16)
                      0.039242    0.000904    0.338659 ^ _44_/CLK (sky130_fd_sc_hd__dfrtp_1)
     3    0.014862    0.091966    0.408888    0.747548 v _44_/Q (sky130_fd_sc_hd__dfrtp_1)
                      0.091967    0.000437    0.747985 v _24_/A (sky130_fd_sc_hd__and2_1)
     1    0.010405    0.064638    0.185911    0.933896 v _24_/X (sky130_fd_sc_hd__and2_1)
                      0.064656    0.001048    0.934944 v output11/A (sky130_fd_sc_hd__buf_2)
     1    0.034041    0.089376    0.187664    1.122608 v output11/X (sky130_fd_sc_hd__buf_2)
                      0.089409    0.001614    1.124222 v overflow (out)
                                              1.124222   data arrival time

                                  0.000000    0.000000   clock clk (rise edge)
                                  0.000000    0.000000   clock network delay (propagated)
                                  0.250000    0.250000   clock uncertainty
                                  0.000000    0.250000   clock reconvergence pessimism
                                 -2.000000   -1.750000   output external delay
                                             -1.750000   data required time
---------------------------------------------------------------------------------------------
                                             -1.750000   data required time
                                             -1.124222   data arrival time
---------------------------------------------------------------------------------------------
                                              2.874222   slack (MET)



