Clock: clk
Sources: clk 
Generated: no
Virtual: yes
Propagated: no
Period: 10.000000

===========================================================================
report_clock_properties
============================================================================
Clock                   Period          Waveform
----------------------------------------------------
clk                  10.000000    0.000000  5.000000

===========================================================================
report_clock_latency
============================================================================
Clock clk
rise -> rise
    min     max
0.000000 0.000000 source latency
0.229329         network latency _43_/CLK
        0.229931 network latency _38_/CLK
---------------
0.229329 0.229931 latency
        0.000602 skew

fall -> fall
    min     max
0.000000 0.000000 source latency
0.213109         network latency _43_/CLK
        0.213470 network latency _38_/CLK
---------------
0.213109 0.213470 latency
        0.000361 skew



===========================================================================
report_clock_min_period
============================================================================
clk period_min = 1.10 fmax = 907.55
