
===========================================================================
report_checks -path_delay max (Setup)
============================================================================
======================= min_ff_n40C_1v95 Corner ===================================

Warning: corner.tcl line 67, unknown field nets.
Warning: corner.tcl line 67, report_checks -group_count is deprecated. Use -group_path_count instead.
Startpoint: enable (input port clocked by clk)
Endpoint: overflow (output port clocked by clk)
Path Group: clk
Path Type: max

Fanout         Cap        Slew       Delay        Time   Description
---------------------------------------------------------------------------------------------
                                  0.000000    0.000000   clock clk (rise edge)
                                  0.000000    0.000000   clock network delay (propagated)
                                  2.000000    2.000000 ^ input external delay
     1    0.003049    0.014803    0.007877    2.007877 ^ enable (in)
                      0.014803    0.000000    2.007877 ^ input1/A (sky130_fd_sc_hd__buf_1)
     4    0.014111    0.127539    0.114027    2.121903 ^ input1/X (sky130_fd_sc_hd__buf_1)
                      0.127540    0.000333    2.122236 ^ _19_/D (sky130_fd_sc_hd__and4_1)
     6    0.021540    0.159108    0.214579    2.336815 ^ _19_/X (sky130_fd_sc_hd__and4_1)
                      0.159108    0.000532    2.337347 ^ _23_/C (sky130_fd_sc_hd__and4_1)
     2    0.008579    0.073998    0.153729    2.491076 ^ _23_/X (sky130_fd_sc_hd__and4_1)
                      0.073998    0.000121    2.491196 ^ _24_/B (sky130_fd_sc_hd__and2_1)
     1    0.005070    0.047550    0.092252    2.583448 ^ _24_/X (sky130_fd_sc_hd__and2_1)
                      0.047550    0.000102    2.583550 ^ output11/A (sky130_fd_sc_hd__buf_2)
     1    0.034004    0.127145    0.141912    2.725462 ^ output11/X (sky130_fd_sc_hd__buf_2)
                      0.127145    0.000185    2.725647 ^ overflow (out)
                                              2.725647   data arrival time

                                 10.000000   10.000000   clock clk (rise edge)
                                  0.000000   10.000000   clock network delay (propagated)
                                 -0.250000    9.750000   clock uncertainty
                                  0.000000    9.750000   clock reconvergence pessimism
                                 -2.000000    7.750000   output external delay
                                              7.750000   data required time
---------------------------------------------------------------------------------------------
                                              7.750000   data required time
                                             -2.725647   data arrival time
---------------------------------------------------------------------------------------------
                                              5.024353   slack (MET)


Startpoint: _40_ (rising edge-triggered flip-flop clocked by clk)
Endpoint: count[3] (output port clocked by clk)
Path Group: clk
Path Type: max

Fanout         Cap        Slew       Delay        Time   Description
---------------------------------------------------------------------------------------------
                                  0.000000    0.000000   clock clk (rise edge)
                                  0.000000    0.000000   clock source latency
     1    0.013795    0.051348    0.034309    0.034309 ^ clk (in)
                      0.051350    0.000000    0.034309 ^ clkbuf_0_clk/A (sky130_fd_sc_hd__clkbuf_16)
     2    0.017807    0.029777    0.088875    0.123184 ^ clkbuf_0_clk/X (sky130_fd_sc_hd__clkbuf_16)
                      0.029777    0.000210    0.123394 ^ clkbuf_1_0__f_clk/A (sky130_fd_sc_hd__clkbuf_16)
     4    0.013309    0.026715    0.079591    0.202985 ^ clkbuf_1_0__f_clk/X (sky130_fd_sc_hd__clkbuf_16)
                      0.026715    0.000104    0.203089 ^ _40_/CLK (sky130_fd_sc_hd__dfrtp_1)
     6    0.020367    0.139452    0.277886    0.480975 ^ _40_/Q (sky130_fd_sc_hd__dfrtp_1)
                      0.139452    0.000112    0.481087 ^ output6/A (sky130_fd_sc_hd__buf_2)
     1    0.034012    0.127247    0.161277    0.642364 ^ output6/X (sky130_fd_sc_hd__buf_2)
                      0.127247    0.000200    0.642564 ^ count[3] (out)
                                              0.642564   data arrival time

                                 10.000000   10.000000   clock clk (rise edge)
                                  0.000000   10.000000   clock network delay (propagated)
                                 -0.250000    9.750000   clock uncertainty
                                  0.000000    9.750000   clock reconvergence pessimism
                                 -2.000000    7.750000   output external delay
                                              7.750000   data required time
---------------------------------------------------------------------------------------------
                                              7.750000   data required time
                                             -0.642564   data arrival time
---------------------------------------------------------------------------------------------
                                              7.107436   slack (MET)


Startpoint: _41_ (rising edge-triggered flip-flop clocked by clk)
Endpoint: count[4] (output port clocked by clk)
Path Group: clk
Path Type: max

Fanout         Cap        Slew       Delay        Time   Description
---------------------------------------------------------------------------------------------
                                  0.000000    0.000000   clock clk (rise edge)
                                  0.000000    0.000000   clock source latency
     1    0.013795    0.051348    0.034309    0.034309 ^ clk (in)
                      0.051350    0.000000    0.034309 ^ clkbuf_0_clk/A (sky130_fd_sc_hd__clkbuf_16)
     2    0.017807    0.029777    0.088875    0.123184 ^ clkbuf_0_clk/X (sky130_fd_sc_hd__clkbuf_16)
                      0.029777    0.000210    0.123394 ^ clkbuf_1_0__f_clk/A (sky130_fd_sc_hd__clkbuf_16)
     4    0.013309    0.026715    0.079591    0.202985 ^ clkbuf_1_0__f_clk/X (sky130_fd_sc_hd__clkbuf_16)
                      0.026715    0.000072    0.203056 ^ _41_/CLK (sky130_fd_sc_hd__dfrtp_1)
     4    0.013541    0.096122    0.247021    0.450077 ^ _41_/Q (sky130_fd_sc_hd__dfrtp_1)
                      0.096122    0.000289    0.450366 ^ output7/A (sky130_fd_sc_hd__buf_2)
     1    0.034490    0.128891    0.154508    0.604875 ^ output7/X (sky130_fd_sc_hd__buf_2)
                      0.128891    0.000410    0.605284 ^ count[4] (out)
                                              0.605284   data arrival time

                                 10.000000   10.000000   clock clk (rise edge)
                                  0.000000   10.000000   clock network delay (propagated)
                                 -0.250000    9.750000   clock uncertainty
                                  0.000000    9.750000   clock reconvergence pessimism
                                 -2.000000    7.750000   output external delay
                                              7.750000   data required time
---------------------------------------------------------------------------------------------
                                              7.750000   data required time
                                             -0.605284   data arrival time
---------------------------------------------------------------------------------------------
                                              7.144716   slack (MET)


Startpoint: _37_ (rising edge-triggered flip-flop clocked by clk)
Endpoint: count[0] (output port clocked by clk)
Path Group: clk
Path Type: max

Fanout         Cap        Slew       Delay        Time   Description
---------------------------------------------------------------------------------------------
                                  0.000000    0.000000   clock clk (rise edge)
                                  0.000000    0.000000   clock source latency
     1    0.013795    0.051348    0.034309    0.034309 ^ clk (in)
                      0.051350    0.000000    0.034309 ^ clkbuf_0_clk/A (sky130_fd_sc_hd__clkbuf_16)
     2    0.017807    0.029777    0.088875    0.123184 ^ clkbuf_0_clk/X (sky130_fd_sc_hd__clkbuf_16)
                      0.029777    0.000179    0.123363 ^ clkbuf_1_1__f_clk/A (sky130_fd_sc_hd__clkbuf_16)
     4    0.012430    0.026133    0.078974    0.202337 ^ clkbuf_1_1__f_clk/X (sky130_fd_sc_hd__clkbuf_16)
                      0.026133    0.000157    0.202494 ^ _37_/CLK (sky130_fd_sc_hd__dfrtp_1)
     5    0.013687    0.097038    0.247532    0.450025 ^ _37_/Q (sky130_fd_sc_hd__dfrtp_1)
                      0.097038    0.000235    0.450260 ^ output3/A (sky130_fd_sc_hd__buf_2)
     1    0.034256    0.128055    0.154188    0.604448 ^ output3/X (sky130_fd_sc_hd__buf_2)
                      0.128055    0.000345    0.604793 ^ count[0] (out)
                                              0.604793   data arrival time

                                 10.000000   10.000000   clock clk (rise edge)
                                  0.000000   10.000000   clock network delay (propagated)
                                 -0.250000    9.750000   clock uncertainty
                                  0.000000    9.750000   clock reconvergence pessimism
                                 -2.000000    7.750000   output external delay
                                              7.750000   data required time
---------------------------------------------------------------------------------------------
                                              7.750000   data required time
                                             -0.604793   data arrival time
---------------------------------------------------------------------------------------------
                                              7.145207   slack (MET)


Startpoint: _38_ (rising edge-triggered flip-flop clocked by clk)
Endpoint: count[1] (output port clocked by clk)
Path Group: clk
Path Type: max

Fanout         Cap        Slew       Delay        Time   Description
---------------------------------------------------------------------------------------------
                                  0.000000    0.000000   clock clk (rise edge)
                                  0.000000    0.000000   clock source latency
     1    0.013795    0.051348    0.034309    0.034309 ^ clk (in)
                      0.051350    0.000000    0.034309 ^ clkbuf_0_clk/A (sky130_fd_sc_hd__clkbuf_16)
     2    0.017807    0.029777    0.088875    0.123184 ^ clkbuf_0_clk/X (sky130_fd_sc_hd__clkbuf_16)
                      0.029777    0.000210    0.123394 ^ clkbuf_1_0__f_clk/A (sky130_fd_sc_hd__clkbuf_16)
     4    0.013309    0.026715    0.079591    0.202985 ^ clkbuf_1_0__f_clk/X (sky130_fd_sc_hd__clkbuf_16)
                      0.026715    0.000118    0.203102 ^ _38_/CLK (sky130_fd_sc_hd__dfrtp_1)
     4    0.011955    0.086077    0.239878    0.442980 ^ _38_/Q (sky130_fd_sc_hd__dfrtp_1)
                      0.086077    0.000154    0.443133 ^ output4/A (sky130_fd_sc_hd__buf_2)
     1    0.033937    0.126902    0.151004    0.594138 ^ output4/X (sky130_fd_sc_hd__buf_2)
                      0.126902    0.000174    0.594312 ^ count[1] (out)
                                              0.594312   data arrival time

                                 10.000000   10.000000   clock clk (rise edge)
                                  0.000000   10.000000   clock network delay (propagated)
                                 -0.250000    9.750000   clock uncertainty
                                  0.000000    9.750000   clock reconvergence pessimism
                                 -2.000000    7.750000   output external delay
                                              7.750000   data required time
---------------------------------------------------------------------------------------------
                                              7.750000   data required time
                                             -0.594312   data arrival time
---------------------------------------------------------------------------------------------
                                              7.155688   slack (MET)


Startpoint: _39_ (rising edge-triggered flip-flop clocked by clk)
Endpoint: count[2] (output port clocked by clk)
Path Group: clk
Path Type: max

Fanout         Cap        Slew       Delay        Time   Description
---------------------------------------------------------------------------------------------
                                  0.000000    0.000000   clock clk (rise edge)
                                  0.000000    0.000000   clock source latency
     1    0.013795    0.051348    0.034309    0.034309 ^ clk (in)
                      0.051350    0.000000    0.034309 ^ clkbuf_0_clk/A (sky130_fd_sc_hd__clkbuf_16)
     2    0.017807    0.029777    0.088875    0.123184 ^ clkbuf_0_clk/X (sky130_fd_sc_hd__clkbuf_16)
                      0.029777    0.000210    0.123394 ^ clkbuf_1_0__f_clk/A (sky130_fd_sc_hd__clkbuf_16)
     4    0.013309    0.026715    0.079591    0.202985 ^ clkbuf_1_0__f_clk/X (sky130_fd_sc_hd__clkbuf_16)
                      0.026715    0.000095    0.203080 ^ _39_/CLK (sky130_fd_sc_hd__dfrtp_1)
     3    0.011581    0.083698    0.238218    0.441297 ^ _39_/Q (sky130_fd_sc_hd__dfrtp_1)
                      0.083698    0.000104    0.441401 ^ output5/A (sky130_fd_sc_hd__buf_2)
     1    0.034029    0.127231    0.150666    0.592068 ^ output5/X (sky130_fd_sc_hd__buf_2)
                      0.127231    0.000200    0.592267 ^ count[2] (out)
                                              0.592267   data arrival time

                                 10.000000   10.000000   clock clk (rise edge)
                                  0.000000   10.000000   clock network delay (propagated)
                                 -0.250000    9.750000   clock uncertainty
                                  0.000000    9.750000   clock reconvergence pessimism
                                 -2.000000    7.750000   output external delay
                                              7.750000   data required time
---------------------------------------------------------------------------------------------
                                              7.750000   data required time
                                             -0.592267   data arrival time
---------------------------------------------------------------------------------------------
                                              7.157732   slack (MET)


Startpoint: _42_ (rising edge-triggered flip-flop clocked by clk)
Endpoint: count[5] (output port clocked by clk)
Path Group: clk
Path Type: max

Fanout         Cap        Slew       Delay        Time   Description
---------------------------------------------------------------------------------------------
                                  0.000000    0.000000   clock clk (rise edge)
                                  0.000000    0.000000   clock source latency
     1    0.013795    0.051348    0.034309    0.034309 ^ clk (in)
                      0.051350    0.000000    0.034309 ^ clkbuf_0_clk/A (sky130_fd_sc_hd__clkbuf_16)
     2    0.017807    0.029777    0.088875    0.123184 ^ clkbuf_0_clk/X (sky130_fd_sc_hd__clkbuf_16)
                      0.029777    0.000179    0.123363 ^ clkbuf_1_1__f_clk/A (sky130_fd_sc_hd__clkbuf_16)
     4    0.012430    0.026133    0.078974    0.202337 ^ clkbuf_1_1__f_clk/X (sky130_fd_sc_hd__clkbuf_16)
                      0.026133    0.000146    0.202483 ^ _42_/CLK (sky130_fd_sc_hd__dfrtp_1)
     3    0.011509    0.083249    0.237688    0.440171 ^ _42_/Q (sky130_fd_sc_hd__dfrtp_1)
                      0.083249    0.000118    0.440288 ^ output8/A (sky130_fd_sc_hd__buf_2)
     1    0.033988    0.127086    0.150475    0.590763 ^ output8/X (sky130_fd_sc_hd__buf_2)
                      0.127086    0.000185    0.590948 ^ count[5] (out)
                                              0.590948   data arrival time

                                 10.000000   10.000000   clock clk (rise edge)
                                  0.000000   10.000000   clock network delay (propagated)
                                 -0.250000    9.750000   clock uncertainty
                                  0.000000    9.750000   clock reconvergence pessimism
                                 -2.000000    7.750000   output external delay
                                              7.750000   data required time
---------------------------------------------------------------------------------------------
                                              7.750000   data required time
                                             -0.590948   data arrival time
---------------------------------------------------------------------------------------------
                                              7.159052   slack (MET)


Startpoint: _43_ (rising edge-triggered flip-flop clocked by clk)
Endpoint: count[6] (output port clocked by clk)
Path Group: clk
Path Type: max

Fanout         Cap        Slew       Delay        Time   Description
---------------------------------------------------------------------------------------------
                                  0.000000    0.000000   clock clk (rise edge)
                                  0.000000    0.000000   clock source latency
     1    0.013795    0.051348    0.034309    0.034309 ^ clk (in)
                      0.051350    0.000000    0.034309 ^ clkbuf_0_clk/A (sky130_fd_sc_hd__clkbuf_16)
     2    0.017807    0.029777    0.088875    0.123184 ^ clkbuf_0_clk/X (sky130_fd_sc_hd__clkbuf_16)
                      0.029777    0.000179    0.123363 ^ clkbuf_1_1__f_clk/A (sky130_fd_sc_hd__clkbuf_16)
     4    0.012430    0.026133    0.078974    0.202337 ^ clkbuf_1_1__f_clk/X (sky130_fd_sc_hd__clkbuf_16)
                      0.026133    0.000120    0.202457 ^ _43_/CLK (sky130_fd_sc_hd__dfrtp_1)
     3    0.009578    0.071897    0.228647    0.431104 ^ _43_/Q (sky130_fd_sc_hd__dfrtp_1)
                      0.071897    0.000088    0.431192 ^ output9/A (sky130_fd_sc_hd__buf_2)
     1    0.034060    0.127346    0.148034    0.579226 ^ output9/X (sky130_fd_sc_hd__buf_2)
                      0.127346    0.000202    0.579428 ^ count[6] (out)
                                              0.579428   data arrival time

                                 10.000000   10.000000   clock clk (rise edge)
                                  0.000000   10.000000   clock network delay (propagated)
                                 -0.250000    9.750000   clock uncertainty
                                  0.000000    9.750000   clock reconvergence pessimism
                                 -2.000000    7.750000   output external delay
                                              7.750000   data required time
---------------------------------------------------------------------------------------------
                                              7.750000   data required time
                                             -0.579428   data arrival time
---------------------------------------------------------------------------------------------
                                              7.170572   slack (MET)


Startpoint: _44_ (rising edge-triggered flip-flop clocked by clk)
Endpoint: count[7] (output port clocked by clk)
Path Group: clk
Path Type: max

Fanout         Cap        Slew       Delay        Time   Description
---------------------------------------------------------------------------------------------
                                  0.000000    0.000000   clock clk (rise edge)
                                  0.000000    0.000000   clock source latency
     1    0.013795    0.051348    0.034309    0.034309 ^ clk (in)
                      0.051350    0.000000    0.034309 ^ clkbuf_0_clk/A (sky130_fd_sc_hd__clkbuf_16)
     2    0.017807    0.029777    0.088875    0.123184 ^ clkbuf_0_clk/X (sky130_fd_sc_hd__clkbuf_16)
                      0.029777    0.000179    0.123363 ^ clkbuf_1_1__f_clk/A (sky130_fd_sc_hd__clkbuf_16)
     4    0.012430    0.026133    0.078974    0.202337 ^ clkbuf_1_1__f_clk/X (sky130_fd_sc_hd__clkbuf_16)
                      0.026133    0.000152    0.202488 ^ _44_/CLK (sky130_fd_sc_hd__dfrtp_1)
     3    0.008701    0.066541    0.224421    0.426910 ^ _44_/Q (sky130_fd_sc_hd__dfrtp_1)
                      0.066541    0.000104    0.427014 ^ output10/A (sky130_fd_sc_hd__buf_2)
     1    0.034068    0.127357    0.146826    0.573841 ^ output10/X (sky130_fd_sc_hd__buf_2)
                      0.127357    0.000202    0.574043 ^ count[7] (out)
                                              0.574043   data arrival time

                                 10.000000   10.000000   clock clk (rise edge)
                                  0.000000   10.000000   clock network delay (propagated)
                                 -0.250000    9.750000   clock uncertainty
                                  0.000000    9.750000   clock reconvergence pessimism
                                 -2.000000    7.750000   output external delay
                                              7.750000   data required time
---------------------------------------------------------------------------------------------
                                              7.750000   data required time
                                             -0.574043   data arrival time
---------------------------------------------------------------------------------------------
                                              7.175957   slack (MET)


Startpoint: enable (input port clocked by clk)
Endpoint: _42_ (rising edge-triggered flip-flop clocked by clk)
Path Group: clk
Path Type: max

Fanout         Cap        Slew       Delay        Time   Description
---------------------------------------------------------------------------------------------
                                  0.000000    0.000000   clock clk (rise edge)
                                  0.000000    0.000000   clock network delay (propagated)
                                  2.000000    2.000000 ^ input external delay
     1    0.003049    0.014803    0.007877    2.007877 ^ enable (in)
                      0.014803    0.000000    2.007877 ^ input1/A (sky130_fd_sc_hd__buf_1)
     4    0.014111    0.127539    0.114027    2.121903 ^ input1/X (sky130_fd_sc_hd__buf_1)
                      0.127540    0.000333    2.122236 ^ _19_/D (sky130_fd_sc_hd__and4_1)
     6    0.021540    0.159108    0.214579    2.336815 ^ _19_/X (sky130_fd_sc_hd__and4_1)
                      0.159108    0.000498    2.337313 ^ _22_/B (sky130_fd_sc_hd__and3_1)
     2    0.007346    0.065531    0.131944    2.469258 ^ _22_/X (sky130_fd_sc_hd__and3_1)
                      0.065531    0.000032    2.469290 ^ _34_/A_N (sky130_fd_sc_hd__and2b_1)
     1    0.002557    0.024013    0.108922    2.578212 v _34_/X (sky130_fd_sc_hd__and2b_1)
                      0.024013    0.000024    2.578236 v _42_/D (sky130_fd_sc_hd__dfrtp_1)
                                              2.578236   data arrival time

                                 10.000000   10.000000   clock clk (rise edge)
                                  0.000000   10.000000   clock source latency
     1    0.013795    0.051348    0.034309   10.034309 ^ clk (in)
                      0.051350    0.000000   10.034309 ^ clkbuf_0_clk/A (sky130_fd_sc_hd__clkbuf_16)
     2    0.017807    0.029777    0.088875   10.123184 ^ clkbuf_0_clk/X (sky130_fd_sc_hd__clkbuf_16)
                      0.029777    0.000179   10.123363 ^ clkbuf_1_1__f_clk/A (sky130_fd_sc_hd__clkbuf_16)
     4    0.012430    0.026133    0.078973   10.202337 ^ clkbuf_1_1__f_clk/X (sky130_fd_sc_hd__clkbuf_16)
                      0.026133    0.000146   10.202483 ^ _42_/CLK (sky130_fd_sc_hd__dfrtp_1)
                                 -0.250000    9.952482   clock uncertainty
                                  0.000000    9.952482   clock reconvergence pessimism
                                 -0.070156    9.882326   library setup time
                                              9.882326   data required time
---------------------------------------------------------------------------------------------
                                              9.882326   data required time
                                             -2.578236   data arrival time
---------------------------------------------------------------------------------------------
                                              7.304090   slack (MET)


Startpoint: enable (input port clocked by clk)
Endpoint: _44_ (rising edge-triggered flip-flop clocked by clk)
Path Group: clk
Path Type: max

Fanout         Cap        Slew       Delay        Time   Description
---------------------------------------------------------------------------------------------
                                  0.000000    0.000000   clock clk (rise edge)
                                  0.000000    0.000000   clock network delay (propagated)
                                  2.000000    2.000000 ^ input external delay
     1    0.003049    0.014803    0.007877    2.007877 ^ enable (in)
                      0.014803    0.000000    2.007877 ^ input1/A (sky130_fd_sc_hd__buf_1)
     4    0.014111    0.127539    0.114027    2.121903 ^ input1/X (sky130_fd_sc_hd__buf_1)
                      0.127540    0.000333    2.122236 ^ _19_/D (sky130_fd_sc_hd__and4_1)
     6    0.021540    0.159108    0.214579    2.336815 ^ _19_/X (sky130_fd_sc_hd__and4_1)
                      0.159108    0.000532    2.337347 ^ _23_/C (sky130_fd_sc_hd__and4_1)
     2    0.008579    0.073998    0.153729    2.491076 ^ _23_/X (sky130_fd_sc_hd__and4_1)
                      0.073998    0.000160    2.491236 ^ _36_/B (sky130_fd_sc_hd__xor2_1)
     1    0.002463    0.075855    0.088502    2.579738 ^ _36_/X (sky130_fd_sc_hd__xor2_1)
                      0.075855    0.000022    2.579760 ^ _44_/D (sky130_fd_sc_hd__dfrtp_1)
                                              2.579760   data arrival time

                                 10.000000   10.000000   clock clk (rise edge)
                                  0.000000   10.000000   clock source latency
     1    0.013795    0.051348    0.034309   10.034309 ^ clk (in)
                      0.051350    0.000000   10.034309 ^ clkbuf_0_clk/A (sky130_fd_sc_hd__clkbuf_16)
     2    0.017807    0.029777    0.088875   10.123184 ^ clkbuf_0_clk/X (sky130_fd_sc_hd__clkbuf_16)
                      0.029777    0.000179   10.123363 ^ clkbuf_1_1__f_clk/A (sky130_fd_sc_hd__clkbuf_16)
     4    0.012430    0.026133    0.078973   10.202337 ^ clkbuf_1_1__f_clk/X (sky130_fd_sc_hd__clkbuf_16)
                      0.026133    0.000152   10.202489 ^ _44_/CLK (sky130_fd_sc_hd__dfrtp_1)
                                 -0.250000    9.952489   clock uncertainty
                                  0.000000    9.952489   clock reconvergence pessimism
                                 -0.038242    9.914247   library setup time
                                              9.914247   data required time
---------------------------------------------------------------------------------------------
                                              9.914247   data required time
                                             -2.579760   data arrival time
---------------------------------------------------------------------------------------------
                                              7.334486   slack (MET)


Startpoint: enable (input port clocked by clk)
Endpoint: _43_ (rising edge-triggered flip-flop clocked by clk)
Path Group: clk
Path Type: max

Fanout         Cap        Slew       Delay        Time   Description
---------------------------------------------------------------------------------------------
                                  0.000000    0.000000   clock clk (rise edge)
                                  0.000000    0.000000   clock network delay (propagated)
                                  2.000000    2.000000 ^ input external delay
     1    0.003049    0.014803    0.007877    2.007877 ^ enable (in)
                      0.014803    0.000000    2.007877 ^ input1/A (sky130_fd_sc_hd__buf_1)
     4    0.014111    0.127539    0.114027    2.121903 ^ input1/X (sky130_fd_sc_hd__buf_1)
                      0.127540    0.000333    2.122236 ^ _19_/D (sky130_fd_sc_hd__and4_1)
     6    0.021540    0.159108    0.214579    2.336815 ^ _19_/X (sky130_fd_sc_hd__and4_1)
                      0.159108    0.000498    2.337313 ^ _22_/B (sky130_fd_sc_hd__and3_1)
     2    0.007346    0.065531    0.131944    2.469258 ^ _22_/X (sky130_fd_sc_hd__and3_1)
                      0.065531    0.000038    2.469296 ^ _35_/B (sky130_fd_sc_hd__xor2_1)
     1    0.003020    0.082901    0.093701    2.562997 ^ _35_/X (sky130_fd_sc_hd__xor2_1)
                      0.082901    0.000035    2.563032 ^ _43_/D (sky130_fd_sc_hd__dfrtp_1)
                                              2.563032   data arrival time

                                 10.000000   10.000000   clock clk (rise edge)
                                  0.000000   10.000000   clock source latency
     1    0.013795    0.051348    0.034309   10.034309 ^ clk (in)
                      0.051350    0.000000   10.034309 ^ clkbuf_0_clk/A (sky130_fd_sc_hd__clkbuf_16)
     2    0.017807    0.029777    0.088875   10.123184 ^ clkbuf_0_clk/X (sky130_fd_sc_hd__clkbuf_16)
                      0.029777    0.000179   10.123363 ^ clkbuf_1_1__f_clk/A (sky130_fd_sc_hd__clkbuf_16)
     4    0.012430    0.026133    0.078973   10.202337 ^ clkbuf_1_1__f_clk/X (sky130_fd_sc_hd__clkbuf_16)
                      0.026133    0.000120   10.202456 ^ _43_/CLK (sky130_fd_sc_hd__dfrtp_1)
                                 -0.250000    9.952456   clock uncertainty
                                  0.000000    9.952456   clock reconvergence pessimism
                                 -0.038912    9.913545   library setup time
                                              9.913545   data required time
---------------------------------------------------------------------------------------------
                                              9.913545   data required time
                                             -2.563032   data arrival time
---------------------------------------------------------------------------------------------
                                              7.350513   slack (MET)


Startpoint: enable (input port clocked by clk)
Endpoint: _40_ (rising edge-triggered flip-flop clocked by clk)
Path Group: clk
Path Type: max

Fanout         Cap        Slew       Delay        Time   Description
---------------------------------------------------------------------------------------------
                                  0.000000    0.000000   clock clk (rise edge)
                                  0.000000    0.000000   clock network delay (propagated)
                                  2.000000    2.000000 v input external delay
     1    0.002861    0.004817    0.002317    2.002317 v enable (in)
                      0.004817    0.000000    2.002317 v input1/A (sky130_fd_sc_hd__buf_1)
     4    0.013300    0.056018    0.078681    2.080998 v input1/X (sky130_fd_sc_hd__buf_1)
                      0.056019    0.000312    2.081309 v _19_/D (sky130_fd_sc_hd__and4_1)
     6    0.020569    0.077187    0.185671    2.266980 v _19_/X (sky130_fd_sc_hd__and4_1)
                      0.077188    0.000377    2.267357 v _30_/B (sky130_fd_sc_hd__or2_1)
     1    0.001749    0.028638    0.129208    2.396565 v _30_/X (sky130_fd_sc_hd__or2_1)
                      0.028638    0.000007    2.396573 v _31_/B (sky130_fd_sc_hd__and2_1)
     1    0.002822    0.025296    0.093873    2.490446 v _31_/X (sky130_fd_sc_hd__and2_1)
                      0.025296    0.000019    2.490465 v _40_/D (sky130_fd_sc_hd__dfrtp_1)
                                              2.490465   data arrival time

                                 10.000000   10.000000   clock clk (rise edge)
                                  0.000000   10.000000   clock source latency
     1    0.013795    0.051348    0.034309   10.034309 ^ clk (in)
                      0.051350    0.000000   10.034309 ^ clkbuf_0_clk/A (sky130_fd_sc_hd__clkbuf_16)
     2    0.017807    0.029777    0.088875   10.123184 ^ clkbuf_0_clk/X (sky130_fd_sc_hd__clkbuf_16)
                      0.029777    0.000210   10.123394 ^ clkbuf_1_0__f_clk/A (sky130_fd_sc_hd__clkbuf_16)
     4    0.013309    0.026715    0.079591   10.202985 ^ clkbuf_1_0__f_clk/X (sky130_fd_sc_hd__clkbuf_16)
                      0.026715    0.000104   10.203089 ^ _40_/CLK (sky130_fd_sc_hd__dfrtp_1)
                                 -0.250000    9.953089   clock uncertainty
                                  0.000000    9.953089   clock reconvergence pessimism
                                 -0.070558    9.882530   library setup time
                                              9.882530   data required time
---------------------------------------------------------------------------------------------
                                              9.882530   data required time
                                             -2.490465   data arrival time
---------------------------------------------------------------------------------------------
                                              7.392065   slack (MET)


Startpoint: enable (input port clocked by clk)
Endpoint: _41_ (rising edge-triggered flip-flop clocked by clk)
Path Group: clk
Path Type: max

Fanout         Cap        Slew       Delay        Time   Description
---------------------------------------------------------------------------------------------
                                  0.000000    0.000000   clock clk (rise edge)
                                  0.000000    0.000000   clock network delay (propagated)
                                  2.000000    2.000000 ^ input external delay
     1    0.003049    0.014803    0.007877    2.007877 ^ enable (in)
                      0.014803    0.000000    2.007877 ^ input1/A (sky130_fd_sc_hd__buf_1)
     4    0.014111    0.127539    0.114027    2.121903 ^ input1/X (sky130_fd_sc_hd__buf_1)
                      0.127540    0.000333    2.122236 ^ _19_/D (sky130_fd_sc_hd__and4_1)
     6    0.021540    0.159108    0.214579    2.336815 ^ _19_/X (sky130_fd_sc_hd__and4_1)
                      0.159108    0.000386    2.337202 ^ _20_/B (sky130_fd_sc_hd__nand2_1)
     2    0.006361    0.052892    0.055671    2.392873 v _20_/Y (sky130_fd_sc_hd__nand2_1)
                      0.052892    0.000040    2.392913 v _32_/B (sky130_fd_sc_hd__xnor2_1)
     1    0.002412    0.027692    0.082287    2.475200 v _32_/Y (sky130_fd_sc_hd__xnor2_1)
                      0.027692    0.000021    2.475221 v _41_/D (sky130_fd_sc_hd__dfrtp_1)
                                              2.475221   data arrival time

                                 10.000000   10.000000   clock clk (rise edge)
                                  0.000000   10.000000   clock source latency
     1    0.013795    0.051348    0.034309   10.034309 ^ clk (in)
                      0.051350    0.000000   10.034309 ^ clkbuf_0_clk/A (sky130_fd_sc_hd__clkbuf_16)
     2    0.017807    0.029777    0.088875   10.123184 ^ clkbuf_0_clk/X (sky130_fd_sc_hd__clkbuf_16)
                      0.029777    0.000210   10.123394 ^ clkbuf_1_0__f_clk/A (sky130_fd_sc_hd__clkbuf_16)
     4    0.013309    0.026715    0.079591   10.202985 ^ clkbuf_1_0__f_clk/X (sky130_fd_sc_hd__clkbuf_16)
                      0.026715    0.000072   10.203056 ^ _41_/CLK (sky130_fd_sc_hd__dfrtp_1)
                                 -0.250000    9.953056   clock uncertainty
                                  0.000000    9.953056   clock reconvergence pessimism
                                 -0.071414    9.881642   library setup time
                                              9.881642   data required time
---------------------------------------------------------------------------------------------
                                              9.881642   data required time
                                             -2.475221   data arrival time
---------------------------------------------------------------------------------------------
                                              7.406422   slack (MET)


Startpoint: enable (input port clocked by clk)
Endpoint: _39_ (rising edge-triggered flip-flop clocked by clk)
Path Group: clk
Path Type: max

Fanout         Cap        Slew       Delay        Time   Description
---------------------------------------------------------------------------------------------
                                  0.000000    0.000000   clock clk (rise edge)
                                  0.000000    0.000000   clock network delay (propagated)
                                  2.000000    2.000000 ^ input external delay
     1    0.003049    0.014803    0.007877    2.007877 ^ enable (in)
                      0.014803    0.000000    2.007877 ^ input1/A (sky130_fd_sc_hd__buf_1)
     4    0.014111    0.127539    0.114027    2.121903 ^ input1/X (sky130_fd_sc_hd__buf_1)
                      0.127540    0.000333    2.122236 ^ _19_/D (sky130_fd_sc_hd__and4_1)
     6    0.021540    0.159108    0.214579    2.336815 ^ _19_/X (sky130_fd_sc_hd__and4_1)
                      0.159108    0.000176    2.336991 ^ _29_/A (sky130_fd_sc_hd__nor2_1)
     1    0.002500    0.039243    0.031504    2.368495 v _29_/Y (sky130_fd_sc_hd__nor2_1)
                      0.039243    0.000013    2.368508 v _39_/D (sky130_fd_sc_hd__dfrtp_1)
                                              2.368508   data arrival time

                                 10.000000   10.000000   clock clk (rise edge)
                                  0.000000   10.000000   clock source latency
     1    0.013795    0.051348    0.034309   10.034309 ^ clk (in)
                      0.051350    0.000000   10.034309 ^ clkbuf_0_clk/A (sky130_fd_sc_hd__clkbuf_16)
     2    0.017807    0.029777    0.088875   10.123184 ^ clkbuf_0_clk/X (sky130_fd_sc_hd__clkbuf_16)
                      0.029777    0.000210   10.123394 ^ clkbuf_1_0__f_clk/A (sky130_fd_sc_hd__clkbuf_16)
     4    0.013309    0.026715    0.079591   10.202985 ^ clkbuf_1_0__f_clk/X (sky130_fd_sc_hd__clkbuf_16)
                      0.026715    0.000095   10.203079 ^ _39_/CLK (sky130_fd_sc_hd__dfrtp_1)
                                 -0.250000    9.953079   clock uncertainty
                                  0.000000    9.953079   clock reconvergence pessimism
                                 -0.075540    9.877539   library setup time
                                              9.877539   data required time
---------------------------------------------------------------------------------------------
                                              9.877539   data required time
                                             -2.368508   data arrival time
---------------------------------------------------------------------------------------------
                                              7.509031   slack (MET)


Startpoint: enable (input port clocked by clk)
Endpoint: _38_ (rising edge-triggered flip-flop clocked by clk)
Path Group: clk
Path Type: max

Fanout         Cap        Slew       Delay        Time   Description
---------------------------------------------------------------------------------------------
                                  0.000000    0.000000   clock clk (rise edge)
                                  0.000000    0.000000   clock network delay (propagated)
                                  2.000000    2.000000 ^ input external delay
     1    0.003049    0.014803    0.007877    2.007877 ^ enable (in)
                      0.014803    0.000000    2.007877 ^ input1/A (sky130_fd_sc_hd__buf_1)
     4    0.014111    0.127539    0.114027    2.121903 ^ input1/X (sky130_fd_sc_hd__buf_1)
                      0.127540    0.000313    2.122217 ^ _18_/C (sky130_fd_sc_hd__and3_1)
     2    0.006187    0.057260    0.121481    2.243698 ^ _18_/X (sky130_fd_sc_hd__and3_1)
                      0.057260    0.000064    2.243762 ^ _27_/A (sky130_fd_sc_hd__nor2_1)
     1    0.002704    0.024621    0.028935    2.272697 v _27_/Y (sky130_fd_sc_hd__nor2_1)
                      0.024621    0.000027    2.272724 v _38_/D (sky130_fd_sc_hd__dfrtp_1)
                                              2.272724   data arrival time

                                 10.000000   10.000000   clock clk (rise edge)
                                  0.000000   10.000000   clock source latency
     1    0.013795    0.051348    0.034309   10.034309 ^ clk (in)
                      0.051350    0.000000   10.034309 ^ clkbuf_0_clk/A (sky130_fd_sc_hd__clkbuf_16)
     2    0.017807    0.029777    0.088875   10.123184 ^ clkbuf_0_clk/X (sky130_fd_sc_hd__clkbuf_16)
                      0.029777    0.000210   10.123394 ^ clkbuf_1_0__f_clk/A (sky130_fd_sc_hd__clkbuf_16)
     4    0.013309    0.026715    0.079591   10.202985 ^ clkbuf_1_0__f_clk/X (sky130_fd_sc_hd__clkbuf_16)
                      0.026715    0.000118   10.203103 ^ _38_/CLK (sky130_fd_sc_hd__dfrtp_1)
                                 -0.250000    9.953103   clock uncertainty
                                  0.000000    9.953103   clock reconvergence pessimism
                                 -0.070317    9.882786   library setup time
                                              9.882786   data required time
---------------------------------------------------------------------------------------------
                                              9.882786   data required time
                                             -2.272724   data arrival time
---------------------------------------------------------------------------------------------
                                              7.610062   slack (MET)


Startpoint: enable (input port clocked by clk)
Endpoint: _37_ (rising edge-triggered flip-flop clocked by clk)
Path Group: clk
Path Type: max

Fanout         Cap        Slew       Delay        Time   Description
---------------------------------------------------------------------------------------------
                                  0.000000    0.000000   clock clk (rise edge)
                                  0.000000    0.000000   clock network delay (propagated)
                                  2.000000    2.000000 ^ input external delay
     1    0.003049    0.014803    0.007877    2.007877 ^ enable (in)
                      0.014803    0.000000    2.007877 ^ input1/A (sky130_fd_sc_hd__buf_1)
     4    0.014111    0.127539    0.114027    2.121903 ^ input1/X (sky130_fd_sc_hd__buf_1)
                      0.127540    0.000348    2.122252 ^ _25_/B (sky130_fd_sc_hd__xor2_1)
     1    0.003208    0.085269    0.097083    2.219335 ^ _25_/X (sky130_fd_sc_hd__xor2_1)
                      0.085269    0.000040    2.219375 ^ _37_/D (sky130_fd_sc_hd__dfrtp_1)
                                              2.219375   data arrival time

                                 10.000000   10.000000   clock clk (rise edge)
                                  0.000000   10.000000   clock source latency
     1    0.013795    0.051348    0.034309   10.034309 ^ clk (in)
                      0.051350    0.000000   10.034309 ^ clkbuf_0_clk/A (sky130_fd_sc_hd__clkbuf_16)
     2    0.017807    0.029777    0.088875   10.123184 ^ clkbuf_0_clk/X (sky130_fd_sc_hd__clkbuf_16)
                      0.029777    0.000179   10.123363 ^ clkbuf_1_1__f_clk/A (sky130_fd_sc_hd__clkbuf_16)
     4    0.012430    0.026133    0.078973   10.202337 ^ clkbuf_1_1__f_clk/X (sky130_fd_sc_hd__clkbuf_16)
                      0.026133    0.000156   10.202494 ^ _37_/CLK (sky130_fd_sc_hd__dfrtp_1)
                                 -0.250000    9.952494   clock uncertainty
                                  0.000000    9.952494   clock reconvergence pessimism
                                 -0.039138    9.913356   library setup time
                                              9.913356   data required time
---------------------------------------------------------------------------------------------
                                              9.913356   data required time
                                             -2.219375   data arrival time
---------------------------------------------------------------------------------------------
                                              7.693981   slack (MET)


Startpoint: rst_n (input port clocked by clk)
Endpoint: _42_ (recovery check against rising-edge clock clk)
Path Group: asynchronous
Path Type: max

Fanout         Cap        Slew       Delay        Time   Description
---------------------------------------------------------------------------------------------
                                  0.000000    0.000000   clock clk (rise edge)
                                  0.000000    0.000000   clock network delay (propagated)
                                  2.000000    2.000000 ^ input external delay
     1    0.003072    0.014886    0.007937    2.007937 ^ rst_n (in)
                      0.014886    0.000000    2.007937 ^ input2/A (sky130_fd_sc_hd__clkbuf_4)
     8    0.042656    0.101999    0.133288    2.141225 ^ input2/X (sky130_fd_sc_hd__clkbuf_4)
                      0.102076    0.001664    2.142889 ^ _42_/RESET_B (sky130_fd_sc_hd__dfrtp_1)
                                              2.142889   data arrival time

                                 10.000000   10.000000   clock clk (rise edge)
                                  0.000000   10.000000   clock source latency
     1    0.013795    0.051348    0.034309   10.034309 ^ clk (in)
                      0.051350    0.000000   10.034309 ^ clkbuf_0_clk/A (sky130_fd_sc_hd__clkbuf_16)
     2    0.017807    0.029777    0.088875   10.123184 ^ clkbuf_0_clk/X (sky130_fd_sc_hd__clkbuf_16)
                      0.029777    0.000179   10.123363 ^ clkbuf_1_1__f_clk/A (sky130_fd_sc_hd__clkbuf_16)
     4    0.012430    0.026133    0.078973   10.202337 ^ clkbuf_1_1__f_clk/X (sky130_fd_sc_hd__clkbuf_16)
                      0.026133    0.000146   10.202483 ^ _42_/CLK (sky130_fd_sc_hd__dfrtp_1)
                                 -0.250000    9.952482   clock uncertainty
                                  0.000000    9.952482   clock reconvergence pessimism
                                  0.129627   10.082109   library recovery time
                                             10.082109   data required time
---------------------------------------------------------------------------------------------
                                             10.082109   data required time
                                             -2.142889   data arrival time
---------------------------------------------------------------------------------------------
                                              7.939220   slack (MET)


Startpoint: rst_n (input port clocked by clk)
Endpoint: _43_ (recovery check against rising-edge clock clk)
Path Group: asynchronous
Path Type: max

Fanout         Cap        Slew       Delay        Time   Description
---------------------------------------------------------------------------------------------
                                  0.000000    0.000000   clock clk (rise edge)
                                  0.000000    0.000000   clock network delay (propagated)
                                  2.000000    2.000000 ^ input external delay
     1    0.003072    0.014886    0.007937    2.007937 ^ rst_n (in)
                      0.014886    0.000000    2.007937 ^ input2/A (sky130_fd_sc_hd__clkbuf_4)
     8    0.042656    0.101999    0.133288    2.141225 ^ input2/X (sky130_fd_sc_hd__clkbuf_4)
                      0.102074    0.001615    2.142840 ^ _43_/RESET_B (sky130_fd_sc_hd__dfrtp_1)
                                              2.142840   data arrival time

                                 10.000000   10.000000   clock clk (rise edge)
                                  0.000000   10.000000   clock source latency
     1    0.013795    0.051348    0.034309   10.034309 ^ clk (in)
                      0.051350    0.000000   10.034309 ^ clkbuf_0_clk/A (sky130_fd_sc_hd__clkbuf_16)
     2    0.017807    0.029777    0.088875   10.123184 ^ clkbuf_0_clk/X (sky130_fd_sc_hd__clkbuf_16)
                      0.029777    0.000179   10.123363 ^ clkbuf_1_1__f_clk/A (sky130_fd_sc_hd__clkbuf_16)
     4    0.012430    0.026133    0.078973   10.202337 ^ clkbuf_1_1__f_clk/X (sky130_fd_sc_hd__clkbuf_16)
                      0.026133    0.000120   10.202456 ^ _43_/CLK (sky130_fd_sc_hd__dfrtp_1)
                                 -0.250000    9.952456   clock uncertainty
                                  0.000000    9.952456   clock reconvergence pessimism
                                  0.129627   10.082084   library recovery time
                                             10.082084   data required time
---------------------------------------------------------------------------------------------
                                             10.082084   data required time
                                             -2.142840   data arrival time
---------------------------------------------------------------------------------------------
                                              7.939244   slack (MET)


Startpoint: rst_n (input port clocked by clk)
Endpoint: _44_ (recovery check against rising-edge clock clk)
Path Group: asynchronous
Path Type: max

Fanout         Cap        Slew       Delay        Time   Description
---------------------------------------------------------------------------------------------
                                  0.000000    0.000000   clock clk (rise edge)
                                  0.000000    0.000000   clock network delay (propagated)
                                  2.000000    2.000000 ^ input external delay
     1    0.003072    0.014886    0.007937    2.007937 ^ rst_n (in)
                      0.014886    0.000000    2.007937 ^ input2/A (sky130_fd_sc_hd__clkbuf_4)
     8    0.042656    0.101999    0.133288    2.141225 ^ input2/X (sky130_fd_sc_hd__clkbuf_4)
                      0.102068    0.001481    2.142706 ^ _44_/RESET_B (sky130_fd_sc_hd__dfrtp_1)
                                              2.142706   data arrival time

                                 10.000000   10.000000   clock clk (rise edge)
                                  0.000000   10.000000   clock source latency
     1    0.013795    0.051348    0.034309   10.034309 ^ clk (in)
                      0.051350    0.000000   10.034309 ^ clkbuf_0_clk/A (sky130_fd_sc_hd__clkbuf_16)
     2    0.017807    0.029777    0.088875   10.123184 ^ clkbuf_0_clk/X (sky130_fd_sc_hd__clkbuf_16)
                      0.029777    0.000179   10.123363 ^ clkbuf_1_1__f_clk/A (sky130_fd_sc_hd__clkbuf_16)
     4    0.012430    0.026133    0.078973   10.202337 ^ clkbuf_1_1__f_clk/X (sky130_fd_sc_hd__clkbuf_16)
                      0.026133    0.000152   10.202489 ^ _44_/CLK (sky130_fd_sc_hd__dfrtp_1)
                                 -0.250000    9.952489   clock uncertainty
                                  0.000000    9.952489   clock reconvergence pessimism
                                  0.129628   10.082117   library recovery time
                                             10.082117   data required time
---------------------------------------------------------------------------------------------
                                             10.082117   data required time
                                             -2.142706   data arrival time
---------------------------------------------------------------------------------------------
                                              7.939411   slack (MET)


Startpoint: rst_n (input port clocked by clk)
Endpoint: _37_ (recovery check against rising-edge clock clk)
Path Group: asynchronous
Path Type: max

Fanout         Cap        Slew       Delay        Time   Description
---------------------------------------------------------------------------------------------
                                  0.000000    0.000000   clock clk (rise edge)
                                  0.000000    0.000000   clock network delay (propagated)
                                  2.000000    2.000000 ^ input external delay
     1    0.003072    0.014886    0.007937    2.007937 ^ rst_n (in)
                      0.014886    0.000000    2.007937 ^ input2/A (sky130_fd_sc_hd__clkbuf_4)
     8    0.042656    0.101999    0.133288    2.141225 ^ input2/X (sky130_fd_sc_hd__clkbuf_4)
                      0.102062    0.001358    2.142583 ^ _37_/RESET_B (sky130_fd_sc_hd__dfrtp_1)
                                              2.142583   data arrival time

                                 10.000000   10.000000   clock clk (rise edge)
                                  0.000000   10.000000   clock source latency
     1    0.013795    0.051348    0.034309   10.034309 ^ clk (in)
                      0.051350    0.000000   10.034309 ^ clkbuf_0_clk/A (sky130_fd_sc_hd__clkbuf_16)
     2    0.017807    0.029777    0.088875   10.123184 ^ clkbuf_0_clk/X (sky130_fd_sc_hd__clkbuf_16)
                      0.029777    0.000179   10.123363 ^ clkbuf_1_1__f_clk/A (sky130_fd_sc_hd__clkbuf_16)
     4    0.012430    0.026133    0.078973   10.202337 ^ clkbuf_1_1__f_clk/X (sky130_fd_sc_hd__clkbuf_16)
                      0.026133    0.000156   10.202494 ^ _37_/CLK (sky130_fd_sc_hd__dfrtp_1)
                                 -0.250000    9.952494   clock uncertainty
                                  0.000000    9.952494   clock reconvergence pessimism
                                  0.129629   10.082122   library recovery time
                                             10.082122   data required time
---------------------------------------------------------------------------------------------
                                             10.082122   data required time
                                             -2.142583   data arrival time
---------------------------------------------------------------------------------------------
                                              7.939539   slack (MET)


Startpoint: rst_n (input port clocked by clk)
Endpoint: _41_ (recovery check against rising-edge clock clk)
Path Group: asynchronous
Path Type: max

Fanout         Cap        Slew       Delay        Time   Description
---------------------------------------------------------------------------------------------
                                  0.000000    0.000000   clock clk (rise edge)
                                  0.000000    0.000000   clock network delay (propagated)
                                  2.000000    2.000000 ^ input external delay
     1    0.003072    0.014886    0.007937    2.007937 ^ rst_n (in)
                      0.014886    0.000000    2.007937 ^ input2/A (sky130_fd_sc_hd__clkbuf_4)
     8    0.042656    0.101999    0.133288    2.141225 ^ input2/X (sky130_fd_sc_hd__clkbuf_4)
                      0.102065    0.001411    2.142636 ^ _41_/RESET_B (sky130_fd_sc_hd__dfrtp_1)
                                              2.142636   data arrival time

                                 10.000000   10.000000   clock clk (rise edge)
                                  0.000000   10.000000   clock source latency
     1    0.013795    0.051348    0.034309   10.034309 ^ clk (in)
                      0.051350    0.000000   10.034309 ^ clkbuf_0_clk/A (sky130_fd_sc_hd__clkbuf_16)
     2    0.017807    0.029777    0.088875   10.123184 ^ clkbuf_0_clk/X (sky130_fd_sc_hd__clkbuf_16)
                      0.029777    0.000210   10.123394 ^ clkbuf_1_0__f_clk/A (sky130_fd_sc_hd__clkbuf_16)
     4    0.013309    0.026715    0.079591   10.202985 ^ clkbuf_1_0__f_clk/X (sky130_fd_sc_hd__clkbuf_16)
                      0.026715    0.000072   10.203056 ^ _41_/CLK (sky130_fd_sc_hd__dfrtp_1)
                                 -0.250000    9.953056   clock uncertainty
                                  0.000000    9.953056   clock reconvergence pessimism
                                  0.129717   10.082774   library recovery time
                                             10.082774   data required time
---------------------------------------------------------------------------------------------
                                             10.082774   data required time
                                             -2.142636   data arrival time
---------------------------------------------------------------------------------------------
                                              7.940138   slack (MET)


Startpoint: rst_n (input port clocked by clk)
Endpoint: _40_ (recovery check against rising-edge clock clk)
Path Group: asynchronous
Path Type: max

Fanout         Cap        Slew       Delay        Time   Description
---------------------------------------------------------------------------------------------
                                  0.000000    0.000000   clock clk (rise edge)
                                  0.000000    0.000000   clock network delay (propagated)
                                  2.000000    2.000000 ^ input external delay
     1    0.003072    0.014886    0.007937    2.007937 ^ rst_n (in)
                      0.014886    0.000000    2.007937 ^ input2/A (sky130_fd_sc_hd__clkbuf_4)
     8    0.042656    0.101999    0.133288    2.141225 ^ input2/X (sky130_fd_sc_hd__clkbuf_4)
                      0.102061    0.001320    2.142545 ^ _40_/RESET_B (sky130_fd_sc_hd__dfrtp_1)
                                              2.142545   data arrival time

                                 10.000000   10.000000   clock clk (rise edge)
                                  0.000000   10.000000   clock source latency
     1    0.013795    0.051348    0.034309   10.034309 ^ clk (in)
                      0.051350    0.000000   10.034309 ^ clkbuf_0_clk/A (sky130_fd_sc_hd__clkbuf_16)
     2    0.017807    0.029777    0.088875   10.123184 ^ clkbuf_0_clk/X (sky130_fd_sc_hd__clkbuf_16)
                      0.029777    0.000210   10.123394 ^ clkbuf_1_0__f_clk/A (sky130_fd_sc_hd__clkbuf_16)
     4    0.013309    0.026715    0.079591   10.202985 ^ clkbuf_1_0__f_clk/X (sky130_fd_sc_hd__clkbuf_16)
                      0.026715    0.000104   10.203089 ^ _40_/CLK (sky130_fd_sc_hd__dfrtp_1)
                                 -0.250000    9.953089   clock uncertainty
                                  0.000000    9.953089   clock reconvergence pessimism
                                  0.129718   10.082807   library recovery time
                                             10.082807   data required time
---------------------------------------------------------------------------------------------
                                             10.082807   data required time
                                             -2.142545   data arrival time
---------------------------------------------------------------------------------------------
                                              7.940261   slack (MET)


Startpoint: rst_n (input port clocked by clk)
Endpoint: _39_ (recovery check against rising-edge clock clk)
Path Group: asynchronous
Path Type: max

Fanout         Cap        Slew       Delay        Time   Description
---------------------------------------------------------------------------------------------
                                  0.000000    0.000000   clock clk (rise edge)
                                  0.000000    0.000000   clock network delay (propagated)
                                  2.000000    2.000000 ^ input external delay
     1    0.003072    0.014886    0.007937    2.007937 ^ rst_n (in)
                      0.014886    0.000000    2.007937 ^ input2/A (sky130_fd_sc_hd__clkbuf_4)
     8    0.042656    0.101999    0.133288    2.141225 ^ input2/X (sky130_fd_sc_hd__clkbuf_4)
                      0.102056    0.001195    2.142420 ^ _39_/RESET_B (sky130_fd_sc_hd__dfrtp_1)
                                              2.142420   data arrival time

                                 10.000000   10.000000   clock clk (rise edge)
                                  0.000000   10.000000   clock source latency
     1    0.013795    0.051348    0.034309   10.034309 ^ clk (in)
                      0.051350    0.000000   10.034309 ^ clkbuf_0_clk/A (sky130_fd_sc_hd__clkbuf_16)
     2    0.017807    0.029777    0.088875   10.123184 ^ clkbuf_0_clk/X (sky130_fd_sc_hd__clkbuf_16)
                      0.029777    0.000210   10.123394 ^ clkbuf_1_0__f_clk/A (sky130_fd_sc_hd__clkbuf_16)
     4    0.013309    0.026715    0.079591   10.202985 ^ clkbuf_1_0__f_clk/X (sky130_fd_sc_hd__clkbuf_16)
                      0.026715    0.000095   10.203079 ^ _39_/CLK (sky130_fd_sc_hd__dfrtp_1)
                                 -0.250000    9.953079   clock uncertainty
                                  0.000000    9.953079   clock reconvergence pessimism
                                  0.129719   10.082799   library recovery time
                                             10.082799   data required time
---------------------------------------------------------------------------------------------
                                             10.082799   data required time
                                             -2.142420   data arrival time
---------------------------------------------------------------------------------------------
                                              7.940379   slack (MET)


Startpoint: rst_n (input port clocked by clk)
Endpoint: _38_ (recovery check against rising-edge clock clk)
Path Group: asynchronous
Path Type: max

Fanout         Cap        Slew       Delay        Time   Description
---------------------------------------------------------------------------------------------
                                  0.000000    0.000000   clock clk (rise edge)
                                  0.000000    0.000000   clock network delay (propagated)
                                  2.000000    2.000000 ^ input external delay
     1    0.003072    0.014886    0.007937    2.007937 ^ rst_n (in)
                      0.014886    0.000000    2.007937 ^ input2/A (sky130_fd_sc_hd__clkbuf_4)
     8    0.042656    0.101999    0.133288    2.141225 ^ input2/X (sky130_fd_sc_hd__clkbuf_4)
                      0.102051    0.001020    2.142245 ^ _38_/RESET_B (sky130_fd_sc_hd__dfrtp_1)
                                              2.142245   data arrival time

                                 10.000000   10.000000   clock clk (rise edge)
                                  0.000000   10.000000   clock source latency
     1    0.013795    0.051348    0.034309   10.034309 ^ clk (in)
                      0.051350    0.000000   10.034309 ^ clkbuf_0_clk/A (sky130_fd_sc_hd__clkbuf_16)
     2    0.017807    0.029777    0.088875   10.123184 ^ clkbuf_0_clk/X (sky130_fd_sc_hd__clkbuf_16)
                      0.029777    0.000210   10.123394 ^ clkbuf_1_0__f_clk/A (sky130_fd_sc_hd__clkbuf_16)
     4    0.013309    0.026715    0.079591   10.202985 ^ clkbuf_1_0__f_clk/X (sky130_fd_sc_hd__clkbuf_16)
                      0.026715    0.000118   10.203103 ^ _38_/CLK (sky130_fd_sc_hd__dfrtp_1)
                                 -0.250000    9.953103   clock uncertainty
                                  0.000000    9.953103   clock reconvergence pessimism
                                  0.129720   10.082823   library recovery time
                                             10.082823   data required time
---------------------------------------------------------------------------------------------
                                             10.082823   data required time
                                             -2.142245   data arrival time
---------------------------------------------------------------------------------------------
                                              7.940578   slack (MET)



