
===========================================================================
report_checks -path_delay min (Hold)
============================================================================
======================= min_ff_n40C_1v95 Corner ===================================

Warning: corner.tcl line 57, unknown field nets.
Warning: corner.tcl line 57, report_checks -group_count is deprecated. Use -group_path_count instead.
Startpoint: _42_ (rising edge-triggered flip-flop clocked by clk)
Endpoint: _42_ (rising edge-triggered flip-flop clocked by clk)
Path Group: clk
Path Type: min

Fanout         Cap        Slew       Delay        Time   Description
---------------------------------------------------------------------------------------------
                                  0.000000    0.000000   clock clk (rise edge)
                                  0.000000    0.000000   clock source latency
     1    0.013795    0.051348    0.034309    0.034309 ^ clk (in)
                      0.051350    0.000000    0.034309 ^ clkbuf_0_clk/A (sky130_fd_sc_hd__clkbuf_16)
     2    0.017807    0.029777    0.088875    0.123184 ^ clkbuf_0_clk/X (sky130_fd_sc_hd__clkbuf_16)
                      0.029777    0.000179    0.123363 ^ clkbuf_1_1__f_clk/A (sky130_fd_sc_hd__clkbuf_16)
     4    0.012430    0.026133    0.078974    0.202337 ^ clkbuf_1_1__f_clk/X (sky130_fd_sc_hd__clkbuf_16)
                      0.026133    0.000146    0.202483 ^ _42_/CLK (sky130_fd_sc_hd__dfrtp_1)
     3    0.011509    0.083249    0.237688    0.440171 ^ _42_/Q (sky130_fd_sc_hd__dfrtp_1)
                      0.083249    0.000143    0.440314 ^ _33_/B1 (sky130_fd_sc_hd__a31o_1)
     1    0.002121    0.023676    0.054139    0.494453 ^ _33_/X (sky130_fd_sc_hd__a31o_1)
                      0.023676    0.000010    0.494463 ^ _34_/B (sky130_fd_sc_hd__and2b_1)
     1    0.002584    0.027891    0.067344    0.561807 ^ _34_/X (sky130_fd_sc_hd__and2b_1)
                      0.027891    0.000024    0.561831 ^ _42_/D (sky130_fd_sc_hd__dfrtp_1)
                                              0.561831   data arrival time

                                  0.000000    0.000000   clock clk (rise edge)
                                  0.000000    0.000000   clock source latency
     1    0.013795    0.051348    0.034309    0.034309 ^ clk (in)
                      0.051350    0.000000    0.034309 ^ clkbuf_0_clk/A (sky130_fd_sc_hd__clkbuf_16)
     2    0.017807    0.029777    0.088875    0.123184 ^ clkbuf_0_clk/X (sky130_fd_sc_hd__clkbuf_16)
                      0.029777    0.000179    0.123363 ^ clkbuf_1_1__f_clk/A (sky130_fd_sc_hd__clkbuf_16)
     4    0.012430    0.026133    0.078974    0.202337 ^ clkbuf_1_1__f_clk/X (sky130_fd_sc_hd__clkbuf_16)
                      0.026133    0.000146    0.202483 ^ _42_/CLK (sky130_fd_sc_hd__dfrtp_1)
                                  0.250000    0.452483   clock uncertainty
                                  0.000000    0.452483   clock reconvergence pessimism
                                 -0.019685    0.432798   library hold time
                                              0.432798   data required time
---------------------------------------------------------------------------------------------
                                              0.432798   data required time
                                             -0.561831   data arrival time
---------------------------------------------------------------------------------------------
                                              0.129033   slack (MET)


Startpoint: _38_ (rising edge-triggered flip-flop clocked by clk)
Endpoint: _38_ (rising edge-triggered flip-flop clocked by clk)
Path Group: clk
Path Type: min

Fanout         Cap        Slew       Delay        Time   Description
---------------------------------------------------------------------------------------------
                                  0.000000    0.000000   clock clk (rise edge)
                                  0.000000    0.000000   clock source latency
     1    0.013795    0.051348    0.034309    0.034309 ^ clk (in)
                      0.051350    0.000000    0.034309 ^ clkbuf_0_clk/A (sky130_fd_sc_hd__clkbuf_16)
     2    0.017807    0.029777    0.088875    0.123184 ^ clkbuf_0_clk/X (sky130_fd_sc_hd__clkbuf_16)
                      0.029777    0.000210    0.123394 ^ clkbuf_1_0__f_clk/A (sky130_fd_sc_hd__clkbuf_16)
     4    0.013309    0.026715    0.079591    0.202985 ^ clkbuf_1_0__f_clk/X (sky130_fd_sc_hd__clkbuf_16)
                      0.026715    0.000118    0.203102 ^ _38_/CLK (sky130_fd_sc_hd__dfrtp_1)
     4    0.011955    0.086077    0.239878    0.442980 ^ _38_/Q (sky130_fd_sc_hd__dfrtp_1)
                      0.086077    0.000153    0.443133 ^ _18_/B (sky130_fd_sc_hd__and3_1)
     2    0.006187    0.056804    0.114962    0.558095 ^ _18_/X (sky130_fd_sc_hd__and3_1)
                      0.056804    0.000064    0.558159 ^ _27_/A (sky130_fd_sc_hd__nor2_1)
     1    0.002704    0.019154    0.028904    0.587063 v _27_/Y (sky130_fd_sc_hd__nor2_1)
                      0.019154    0.000027    0.587090 v _38_/D (sky130_fd_sc_hd__dfrtp_1)
                                              0.587090   data arrival time

                                  0.000000    0.000000   clock clk (rise edge)
                                  0.000000    0.000000   clock source latency
     1    0.013795    0.051348    0.034309    0.034309 ^ clk (in)
                      0.051350    0.000000    0.034309 ^ clkbuf_0_clk/A (sky130_fd_sc_hd__clkbuf_16)
     2    0.017807    0.029777    0.088875    0.123184 ^ clkbuf_0_clk/X (sky130_fd_sc_hd__clkbuf_16)
                      0.029777    0.000210    0.123394 ^ clkbuf_1_0__f_clk/A (sky130_fd_sc_hd__clkbuf_16)
     4    0.013309    0.026715    0.079591    0.202985 ^ clkbuf_1_0__f_clk/X (sky130_fd_sc_hd__clkbuf_16)
                      0.026715    0.000118    0.203102 ^ _38_/CLK (sky130_fd_sc_hd__dfrtp_1)
                                  0.250000    0.453102   clock uncertainty
                                  0.000000    0.453102   clock reconvergence pessimism
                                 -0.028628    0.424474   library hold time
                                              0.424474   data required time
---------------------------------------------------------------------------------------------
                                              0.424474   data required time
                                             -0.587090   data arrival time
---------------------------------------------------------------------------------------------
                                              0.162616   slack (MET)


Startpoint: _40_ (rising edge-triggered flip-flop clocked by clk)
Endpoint: _41_ (rising edge-triggered flip-flop clocked by clk)
Path Group: clk
Path Type: min

Fanout         Cap        Slew       Delay        Time   Description
---------------------------------------------------------------------------------------------
                                  0.000000    0.000000   clock clk (rise edge)
                                  0.000000    0.000000   clock source latency
     1    0.013795    0.051348    0.034309    0.034309 ^ clk (in)
                      0.051350    0.000000    0.034309 ^ clkbuf_0_clk/A (sky130_fd_sc_hd__clkbuf_16)
     2    0.017807    0.029777    0.088875    0.123184 ^ clkbuf_0_clk/X (sky130_fd_sc_hd__clkbuf_16)
                      0.029777    0.000210    0.123394 ^ clkbuf_1_0__f_clk/A (sky130_fd_sc_hd__clkbuf_16)
     4    0.013309    0.026715    0.079591    0.202985 ^ clkbuf_1_0__f_clk/X (sky130_fd_sc_hd__clkbuf_16)
                      0.026715    0.000104    0.203089 ^ _40_/CLK (sky130_fd_sc_hd__dfrtp_1)
     6    0.019656    0.078779    0.273541    0.476629 v _40_/Q (sky130_fd_sc_hd__dfrtp_1)
                      0.078779    0.000280    0.476909 v _20_/A (sky130_fd_sc_hd__nand2_1)
     2    0.006633    0.056893    0.074251    0.551160 ^ _20_/Y (sky130_fd_sc_hd__nand2_1)
                      0.056893    0.000042    0.551202 ^ _32_/B (sky130_fd_sc_hd__xnor2_1)
     1    0.002412    0.022192    0.035865    0.587067 v _32_/Y (sky130_fd_sc_hd__xnor2_1)
                      0.022192    0.000021    0.587088 v _41_/D (sky130_fd_sc_hd__dfrtp_1)
                                              0.587088   data arrival time

                                  0.000000    0.000000   clock clk (rise edge)
                                  0.000000    0.000000   clock source latency
     1    0.013795    0.051348    0.034309    0.034309 ^ clk (in)
                      0.051350    0.000000    0.034309 ^ clkbuf_0_clk/A (sky130_fd_sc_hd__clkbuf_16)
     2    0.017807    0.029777    0.088875    0.123184 ^ clkbuf_0_clk/X (sky130_fd_sc_hd__clkbuf_16)
                      0.029777    0.000210    0.123394 ^ clkbuf_1_0__f_clk/A (sky130_fd_sc_hd__clkbuf_16)
     4    0.013309    0.026715    0.079591    0.202985 ^ clkbuf_1_0__f_clk/X (sky130_fd_sc_hd__clkbuf_16)
                      0.026715    0.000072    0.203056 ^ _41_/CLK (sky130_fd_sc_hd__dfrtp_1)
                                  0.250000    0.453056   clock uncertainty
                                  0.000000    0.453056   clock reconvergence pessimism
                                 -0.029616    0.423440   library hold time
                                              0.423440   data required time
---------------------------------------------------------------------------------------------
                                              0.423440   data required time
                                             -0.587088   data arrival time
---------------------------------------------------------------------------------------------
                                              0.163648   slack (MET)


Startpoint: _43_ (rising edge-triggered flip-flop clocked by clk)
Endpoint: _44_ (rising edge-triggered flip-flop clocked by clk)
Path Group: clk
Path Type: min

Fanout         Cap        Slew       Delay        Time   Description
---------------------------------------------------------------------------------------------
                                  0.000000    0.000000   clock clk (rise edge)
                                  0.000000    0.000000   clock source latency
     1    0.013795    0.051348    0.034309    0.034309 ^ clk (in)
                      0.051350    0.000000    0.034309 ^ clkbuf_0_clk/A (sky130_fd_sc_hd__clkbuf_16)
     2    0.017807    0.029777    0.088875    0.123184 ^ clkbuf_0_clk/X (sky130_fd_sc_hd__clkbuf_16)
                      0.029777    0.000179    0.123363 ^ clkbuf_1_1__f_clk/A (sky130_fd_sc_hd__clkbuf_16)
     4    0.012430    0.026133    0.078974    0.202337 ^ clkbuf_1_1__f_clk/X (sky130_fd_sc_hd__clkbuf_16)
                      0.026133    0.000120    0.202457 ^ _43_/CLK (sky130_fd_sc_hd__dfrtp_1)
     3    0.009578    0.071897    0.228647    0.431104 ^ _43_/Q (sky130_fd_sc_hd__dfrtp_1)
                      0.071897    0.000057    0.431162 ^ _23_/B (sky130_fd_sc_hd__and4_1)
     2    0.008579    0.073112    0.139546    0.570708 ^ _23_/X (sky130_fd_sc_hd__and4_1)
                      0.073112    0.000160    0.570868 ^ _36_/B (sky130_fd_sc_hd__xor2_1)
     1    0.002436    0.023986    0.037462    0.608330 v _36_/X (sky130_fd_sc_hd__xor2_1)
                      0.023986    0.000022    0.608352 v _44_/D (sky130_fd_sc_hd__dfrtp_1)
                                              0.608352   data arrival time

                                  0.000000    0.000000   clock clk (rise edge)
                                  0.000000    0.000000   clock source latency
     1    0.013795    0.051348    0.034309    0.034309 ^ clk (in)
                      0.051350    0.000000    0.034309 ^ clkbuf_0_clk/A (sky130_fd_sc_hd__clkbuf_16)
     2    0.017807    0.029777    0.088875    0.123184 ^ clkbuf_0_clk/X (sky130_fd_sc_hd__clkbuf_16)
                      0.029777    0.000179    0.123363 ^ clkbuf_1_1__f_clk/A (sky130_fd_sc_hd__clkbuf_16)
     4    0.012430    0.026133    0.078974    0.202337 ^ clkbuf_1_1__f_clk/X (sky130_fd_sc_hd__clkbuf_16)
                      0.026133    0.000152    0.202488 ^ _44_/CLK (sky130_fd_sc_hd__dfrtp_1)
                                  0.250000    0.452489   clock uncertainty
                                  0.000000    0.452489   clock reconvergence pessimism
                                 -0.030256    0.422232   library hold time
                                              0.422232   data required time
---------------------------------------------------------------------------------------------
                                              0.422232   data required time
                                             -0.608352   data arrival time
---------------------------------------------------------------------------------------------
                                              0.186120   slack (MET)


Startpoint: _40_ (rising edge-triggered flip-flop clocked by clk)
Endpoint: _40_ (rising edge-triggered flip-flop clocked by clk)
Path Group: clk
Path Type: min

Fanout         Cap        Slew       Delay        Time   Description
---------------------------------------------------------------------------------------------
                                  0.000000    0.000000   clock clk (rise edge)
                                  0.000000    0.000000   clock source latency
     1    0.013795    0.051348    0.034309    0.034309 ^ clk (in)
                      0.051350    0.000000    0.034309 ^ clkbuf_0_clk/A (sky130_fd_sc_hd__clkbuf_16)
     2    0.017807    0.029777    0.088875    0.123184 ^ clkbuf_0_clk/X (sky130_fd_sc_hd__clkbuf_16)
                      0.029777    0.000210    0.123394 ^ clkbuf_1_0__f_clk/A (sky130_fd_sc_hd__clkbuf_16)
     4    0.013309    0.026715    0.079591    0.202985 ^ clkbuf_1_0__f_clk/X (sky130_fd_sc_hd__clkbuf_16)
                      0.026715    0.000104    0.203089 ^ _40_/CLK (sky130_fd_sc_hd__dfrtp_1)
     6    0.020367    0.139452    0.277886    0.480975 ^ _40_/Q (sky130_fd_sc_hd__dfrtp_1)
                      0.139452    0.000241    0.481215 ^ _30_/A (sky130_fd_sc_hd__or2_1)
     1    0.001882    0.025466    0.073516    0.554731 ^ _30_/X (sky130_fd_sc_hd__or2_1)
                      0.025466    0.000008    0.554739 ^ _31_/B (sky130_fd_sc_hd__and2_1)
     1    0.002849    0.032795    0.070694    0.625433 ^ _31_/X (sky130_fd_sc_hd__and2_1)
                      0.032795    0.000019    0.625452 ^ _40_/D (sky130_fd_sc_hd__dfrtp_1)
                                              0.625452   data arrival time

                                  0.000000    0.000000   clock clk (rise edge)
                                  0.000000    0.000000   clock source latency
     1    0.013795    0.051348    0.034309    0.034309 ^ clk (in)
                      0.051350    0.000000    0.034309 ^ clkbuf_0_clk/A (sky130_fd_sc_hd__clkbuf_16)
     2    0.017807    0.029777    0.088875    0.123184 ^ clkbuf_0_clk/X (sky130_fd_sc_hd__clkbuf_16)
                      0.029777    0.000210    0.123394 ^ clkbuf_1_0__f_clk/A (sky130_fd_sc_hd__clkbuf_16)
     4    0.013309    0.026715    0.079591    0.202985 ^ clkbuf_1_0__f_clk/X (sky130_fd_sc_hd__clkbuf_16)
                      0.026715    0.000104    0.203089 ^ _40_/CLK (sky130_fd_sc_hd__dfrtp_1)
                                  0.250000    0.453089   clock uncertainty
                                  0.000000    0.453089   clock reconvergence pessimism
                                 -0.020041    0.433048   library hold time
                                              0.433048   data required time
---------------------------------------------------------------------------------------------
                                              0.433048   data required time
                                             -0.625452   data arrival time
---------------------------------------------------------------------------------------------
                                              0.192405   slack (MET)


Startpoint: _38_ (rising edge-triggered flip-flop clocked by clk)
Endpoint: _39_ (rising edge-triggered flip-flop clocked by clk)
Path Group: clk
Path Type: min

Fanout         Cap        Slew       Delay        Time   Description
---------------------------------------------------------------------------------------------
                                  0.000000    0.000000   clock clk (rise edge)
                                  0.000000    0.000000   clock source latency
     1    0.013795    0.051348    0.034309    0.034309 ^ clk (in)
                      0.051350    0.000000    0.034309 ^ clkbuf_0_clk/A (sky130_fd_sc_hd__clkbuf_16)
     2    0.017807    0.029777    0.088875    0.123184 ^ clkbuf_0_clk/X (sky130_fd_sc_hd__clkbuf_16)
                      0.029777    0.000210    0.123394 ^ clkbuf_1_0__f_clk/A (sky130_fd_sc_hd__clkbuf_16)
     4    0.013309    0.026715    0.079591    0.202985 ^ clkbuf_1_0__f_clk/X (sky130_fd_sc_hd__clkbuf_16)
                      0.026715    0.000118    0.203102 ^ _38_/CLK (sky130_fd_sc_hd__dfrtp_1)
     4    0.011955    0.086077    0.239878    0.442980 ^ _38_/Q (sky130_fd_sc_hd__dfrtp_1)
                      0.086077    0.000153    0.443133 ^ _18_/B (sky130_fd_sc_hd__and3_1)
     2    0.006187    0.056804    0.114962    0.558095 ^ _18_/X (sky130_fd_sc_hd__and3_1)
                      0.056804    0.000069    0.558164 ^ _28_/B (sky130_fd_sc_hd__nor2_1)
     1    0.002715    0.019525    0.024278    0.582442 v _28_/Y (sky130_fd_sc_hd__nor2_1)
                      0.019525    0.000015    0.582457 v _29_/B (sky130_fd_sc_hd__nor2_1)
     1    0.002527    0.051525    0.048635    0.631092 ^ _29_/Y (sky130_fd_sc_hd__nor2_1)
                      0.051525    0.000013    0.631105 ^ _39_/D (sky130_fd_sc_hd__dfrtp_1)
                                              0.631105   data arrival time

                                  0.000000    0.000000   clock clk (rise edge)
                                  0.000000    0.000000   clock source latency
     1    0.013795    0.051348    0.034309    0.034309 ^ clk (in)
                      0.051350    0.000000    0.034309 ^ clkbuf_0_clk/A (sky130_fd_sc_hd__clkbuf_16)
     2    0.017807    0.029777    0.088875    0.123184 ^ clkbuf_0_clk/X (sky130_fd_sc_hd__clkbuf_16)
                      0.029777    0.000210    0.123394 ^ clkbuf_1_0__f_clk/A (sky130_fd_sc_hd__clkbuf_16)
     4    0.013309    0.026715    0.079591    0.202985 ^ clkbuf_1_0__f_clk/X (sky130_fd_sc_hd__clkbuf_16)
                      0.026715    0.000095    0.203080 ^ _39_/CLK (sky130_fd_sc_hd__dfrtp_1)
                                  0.250000    0.453080   clock uncertainty
                                  0.000000    0.453080   clock reconvergence pessimism
                                 -0.021459    0.431621   library hold time
                                              0.431621   data required time
---------------------------------------------------------------------------------------------
                                              0.431621   data required time
                                             -0.631105   data arrival time
---------------------------------------------------------------------------------------------
                                              0.199484   slack (MET)


Startpoint: _40_ (rising edge-triggered flip-flop clocked by clk)
Endpoint: _43_ (rising edge-triggered flip-flop clocked by clk)
Path Group: clk
Path Type: min

Fanout         Cap        Slew       Delay        Time   Description
---------------------------------------------------------------------------------------------
                                  0.000000    0.000000   clock clk (rise edge)
                                  0.000000    0.000000   clock source latency
     1    0.013795    0.051348    0.034309    0.034309 ^ clk (in)
                      0.051350    0.000000    0.034309 ^ clkbuf_0_clk/A (sky130_fd_sc_hd__clkbuf_16)
     2    0.017807    0.029777    0.088875    0.123184 ^ clkbuf_0_clk/X (sky130_fd_sc_hd__clkbuf_16)
                      0.029777    0.000210    0.123394 ^ clkbuf_1_0__f_clk/A (sky130_fd_sc_hd__clkbuf_16)
     4    0.013309    0.026715    0.079591    0.202985 ^ clkbuf_1_0__f_clk/X (sky130_fd_sc_hd__clkbuf_16)
                      0.026715    0.000104    0.203089 ^ _40_/CLK (sky130_fd_sc_hd__dfrtp_1)
     6    0.020367    0.139452    0.277886    0.480975 ^ _40_/Q (sky130_fd_sc_hd__dfrtp_1)
                      0.139452    0.000447    0.481422 ^ _22_/A (sky130_fd_sc_hd__and3_1)
     2    0.007346    0.064270    0.127196    0.608617 ^ _22_/X (sky130_fd_sc_hd__and3_1)
                      0.064270    0.000038    0.608655 ^ _35_/B (sky130_fd_sc_hd__xor2_1)
     1    0.002993    0.025710    0.038859    0.647515 v _35_/X (sky130_fd_sc_hd__xor2_1)
                      0.025710    0.000034    0.647549 v _43_/D (sky130_fd_sc_hd__dfrtp_1)
                                              0.647549   data arrival time

                                  0.000000    0.000000   clock clk (rise edge)
                                  0.000000    0.000000   clock source latency
     1    0.013795    0.051348    0.034309    0.034309 ^ clk (in)
                      0.051350    0.000000    0.034309 ^ clkbuf_0_clk/A (sky130_fd_sc_hd__clkbuf_16)
     2    0.017807    0.029777    0.088875    0.123184 ^ clkbuf_0_clk/X (sky130_fd_sc_hd__clkbuf_16)
                      0.029777    0.000179    0.123363 ^ clkbuf_1_1__f_clk/A (sky130_fd_sc_hd__clkbuf_16)
     4    0.012430    0.026133    0.078974    0.202337 ^ clkbuf_1_1__f_clk/X (sky130_fd_sc_hd__clkbuf_16)
                      0.026133    0.000120    0.202457 ^ _43_/CLK (sky130_fd_sc_hd__dfrtp_1)
                                  0.250000    0.452457   clock uncertainty
                                  0.000000    0.452457   clock reconvergence pessimism
                                 -0.030817    0.421640   library hold time
                                              0.421640   data required time
---------------------------------------------------------------------------------------------
                                              0.421640   data required time
                                             -0.647549   data arrival time
---------------------------------------------------------------------------------------------
                                              0.225909   slack (MET)


Startpoint: _37_ (rising edge-triggered flip-flop clocked by clk)
Endpoint: _37_ (rising edge-triggered flip-flop clocked by clk)
Path Group: clk
Path Type: min

Fanout         Cap        Slew       Delay        Time   Description
---------------------------------------------------------------------------------------------
                                  0.000000    0.000000   clock clk (rise edge)
                                  0.000000    0.000000   clock source latency
     1    0.013795    0.051348    0.034309    0.034309 ^ clk (in)
                      0.051350    0.000000    0.034309 ^ clkbuf_0_clk/A (sky130_fd_sc_hd__clkbuf_16)
     2    0.017807    0.029777    0.088875    0.123184 ^ clkbuf_0_clk/X (sky130_fd_sc_hd__clkbuf_16)
                      0.029777    0.000179    0.123363 ^ clkbuf_1_1__f_clk/A (sky130_fd_sc_hd__clkbuf_16)
     4    0.012430    0.026133    0.078974    0.202337 ^ clkbuf_1_1__f_clk/X (sky130_fd_sc_hd__clkbuf_16)
                      0.026133    0.000157    0.202494 ^ _37_/CLK (sky130_fd_sc_hd__dfrtp_1)
     5    0.013687    0.097038    0.247532    0.450025 ^ _37_/Q (sky130_fd_sc_hd__dfrtp_1)
                      0.097038    0.000050    0.450075 ^ hold6/A (sky130_fd_sc_hd__dlygate4sd3_1)
     1    0.004902    0.051477    0.394786    0.844861 ^ hold6/X (sky130_fd_sc_hd__dlygate4sd3_1)
                      0.051477    0.000046    0.844906 ^ _25_/A (sky130_fd_sc_hd__xor2_1)
     1    0.003181    0.026200    0.041223    0.886129 v _25_/X (sky130_fd_sc_hd__xor2_1)
                      0.026200    0.000040    0.886169 v _37_/D (sky130_fd_sc_hd__dfrtp_1)
                                              0.886169   data arrival time

                                  0.000000    0.000000   clock clk (rise edge)
                                  0.000000    0.000000   clock source latency
     1    0.013795    0.051348    0.034309    0.034309 ^ clk (in)
                      0.051350    0.000000    0.034309 ^ clkbuf_0_clk/A (sky130_fd_sc_hd__clkbuf_16)
     2    0.017807    0.029777    0.088875    0.123184 ^ clkbuf_0_clk/X (sky130_fd_sc_hd__clkbuf_16)
                      0.029777    0.000179    0.123363 ^ clkbuf_1_1__f_clk/A (sky130_fd_sc_hd__clkbuf_16)
     4    0.012430    0.026133    0.078974    0.202337 ^ clkbuf_1_1__f_clk/X (sky130_fd_sc_hd__clkbuf_16)
                      0.026133    0.000157    0.202494 ^ _37_/CLK (sky130_fd_sc_hd__dfrtp_1)
                                  0.250000    0.452493   clock uncertainty
                                  0.000000    0.452493   clock reconvergence pessimism
                                 -0.030976    0.421518   library hold time
                                              0.421518   data required time
---------------------------------------------------------------------------------------------
                                              0.421518   data required time
                                             -0.886169   data arrival time
---------------------------------------------------------------------------------------------
                                              0.464652   slack (MET)


Startpoint: rst_n (input port clocked by clk)
Endpoint: _38_ (removal check against rising-edge clock clk)
Path Group: asynchronous
Path Type: min

Fanout         Cap        Slew       Delay        Time   Description
---------------------------------------------------------------------------------------------
                                  0.000000    0.000000   clock clk (rise edge)
                                  0.000000    0.000000   clock network delay (propagated)
                                  2.000000    2.000000 ^ input external delay
     1    0.003072    0.014886    0.007937    2.007937 ^ rst_n (in)
                      0.014886    0.000000    2.007937 ^ input2/A (sky130_fd_sc_hd__clkbuf_4)
     8    0.042656    0.101999    0.133288    2.141225 ^ input2/X (sky130_fd_sc_hd__clkbuf_4)
                      0.102051    0.001020    2.142245 ^ _38_/RESET_B (sky130_fd_sc_hd__dfrtp_1)
                                              2.142245   data arrival time

                                  0.000000    0.000000   clock clk (rise edge)
                                  0.000000    0.000000   clock source latency
     1    0.013795    0.051348    0.034309    0.034309 ^ clk (in)
                      0.051350    0.000000    0.034309 ^ clkbuf_0_clk/A (sky130_fd_sc_hd__clkbuf_16)
     2    0.017807    0.029777    0.088875    0.123184 ^ clkbuf_0_clk/X (sky130_fd_sc_hd__clkbuf_16)
                      0.029777    0.000210    0.123394 ^ clkbuf_1_0__f_clk/A (sky130_fd_sc_hd__clkbuf_16)
     4    0.013309    0.026715    0.079591    0.202985 ^ clkbuf_1_0__f_clk/X (sky130_fd_sc_hd__clkbuf_16)
                      0.026715    0.000118    0.203102 ^ _38_/CLK (sky130_fd_sc_hd__dfrtp_1)
                                  0.250000    0.453102   clock uncertainty
                                  0.000000    0.453102   clock reconvergence pessimism
                                  0.215020    0.668123   library removal time
                                              0.668123   data required time
---------------------------------------------------------------------------------------------
                                              0.668123   data required time
                                             -2.142245   data arrival time
---------------------------------------------------------------------------------------------
                                              1.474122   slack (MET)


Startpoint: rst_n (input port clocked by clk)
Endpoint: _39_ (removal check against rising-edge clock clk)
Path Group: asynchronous
Path Type: min

Fanout         Cap        Slew       Delay        Time   Description
---------------------------------------------------------------------------------------------
                                  0.000000    0.000000   clock clk (rise edge)
                                  0.000000    0.000000   clock network delay (propagated)
                                  2.000000    2.000000 ^ input external delay
     1    0.003072    0.014886    0.007937    2.007937 ^ rst_n (in)
                      0.014886    0.000000    2.007937 ^ input2/A (sky130_fd_sc_hd__clkbuf_4)
     8    0.042656    0.101999    0.133288    2.141225 ^ input2/X (sky130_fd_sc_hd__clkbuf_4)
                      0.102056    0.001195    2.142420 ^ _39_/RESET_B (sky130_fd_sc_hd__dfrtp_1)
                                              2.142420   data arrival time

                                  0.000000    0.000000   clock clk (rise edge)
                                  0.000000    0.000000   clock source latency
     1    0.013795    0.051348    0.034309    0.034309 ^ clk (in)
                      0.051350    0.000000    0.034309 ^ clkbuf_0_clk/A (sky130_fd_sc_hd__clkbuf_16)
     2    0.017807    0.029777    0.088875    0.123184 ^ clkbuf_0_clk/X (sky130_fd_sc_hd__clkbuf_16)
                      0.029777    0.000210    0.123394 ^ clkbuf_1_0__f_clk/A (sky130_fd_sc_hd__clkbuf_16)
     4    0.013309    0.026715    0.079591    0.202985 ^ clkbuf_1_0__f_clk/X (sky130_fd_sc_hd__clkbuf_16)
                      0.026715    0.000095    0.203080 ^ _39_/CLK (sky130_fd_sc_hd__dfrtp_1)
                                  0.250000    0.453080   clock uncertainty
                                  0.000000    0.453080   clock reconvergence pessimism
                                  0.215022    0.668101   library removal time
                                              0.668101   data required time
---------------------------------------------------------------------------------------------
                                              0.668101   data required time
                                             -2.142420   data arrival time
---------------------------------------------------------------------------------------------
                                              1.474318   slack (MET)


Startpoint: rst_n (input port clocked by clk)
Endpoint: _40_ (removal check against rising-edge clock clk)
Path Group: asynchronous
Path Type: min

Fanout         Cap        Slew       Delay        Time   Description
---------------------------------------------------------------------------------------------
                                  0.000000    0.000000   clock clk (rise edge)
                                  0.000000    0.000000   clock network delay (propagated)
                                  2.000000    2.000000 ^ input external delay
     1    0.003072    0.014886    0.007937    2.007937 ^ rst_n (in)
                      0.014886    0.000000    2.007937 ^ input2/A (sky130_fd_sc_hd__clkbuf_4)
     8    0.042656    0.101999    0.133288    2.141225 ^ input2/X (sky130_fd_sc_hd__clkbuf_4)
                      0.102061    0.001320    2.142545 ^ _40_/RESET_B (sky130_fd_sc_hd__dfrtp_1)
                                              2.142545   data arrival time

                                  0.000000    0.000000   clock clk (rise edge)
                                  0.000000    0.000000   clock source latency
     1    0.013795    0.051348    0.034309    0.034309 ^ clk (in)
                      0.051350    0.000000    0.034309 ^ clkbuf_0_clk/A (sky130_fd_sc_hd__clkbuf_16)
     2    0.017807    0.029777    0.088875    0.123184 ^ clkbuf_0_clk/X (sky130_fd_sc_hd__clkbuf_16)
                      0.029777    0.000210    0.123394 ^ clkbuf_1_0__f_clk/A (sky130_fd_sc_hd__clkbuf_16)
     4    0.013309    0.026715    0.079591    0.202985 ^ clkbuf_1_0__f_clk/X (sky130_fd_sc_hd__clkbuf_16)
                      0.026715    0.000104    0.203089 ^ _40_/CLK (sky130_fd_sc_hd__dfrtp_1)
                                  0.250000    0.453089   clock uncertainty
                                  0.000000    0.453089   clock reconvergence pessimism
                                  0.215023    0.668112   library removal time
                                              0.668112   data required time
---------------------------------------------------------------------------------------------
                                              0.668112   data required time
                                             -2.142545   data arrival time
---------------------------------------------------------------------------------------------
                                              1.474434   slack (MET)


Startpoint: rst_n (input port clocked by clk)
Endpoint: _41_ (removal check against rising-edge clock clk)
Path Group: asynchronous
Path Type: min

Fanout         Cap        Slew       Delay        Time   Description
---------------------------------------------------------------------------------------------
                                  0.000000    0.000000   clock clk (rise edge)
                                  0.000000    0.000000   clock network delay (propagated)
                                  2.000000    2.000000 ^ input external delay
     1    0.003072    0.014886    0.007937    2.007937 ^ rst_n (in)
                      0.014886    0.000000    2.007937 ^ input2/A (sky130_fd_sc_hd__clkbuf_4)
     8    0.042656    0.101999    0.133288    2.141225 ^ input2/X (sky130_fd_sc_hd__clkbuf_4)
                      0.102065    0.001411    2.142636 ^ _41_/RESET_B (sky130_fd_sc_hd__dfrtp_1)
                                              2.142636   data arrival time

                                  0.000000    0.000000   clock clk (rise edge)
                                  0.000000    0.000000   clock source latency
     1    0.013795    0.051348    0.034309    0.034309 ^ clk (in)
                      0.051350    0.000000    0.034309 ^ clkbuf_0_clk/A (sky130_fd_sc_hd__clkbuf_16)
     2    0.017807    0.029777    0.088875    0.123184 ^ clkbuf_0_clk/X (sky130_fd_sc_hd__clkbuf_16)
                      0.029777    0.000210    0.123394 ^ clkbuf_1_0__f_clk/A (sky130_fd_sc_hd__clkbuf_16)
     4    0.013309    0.026715    0.079591    0.202985 ^ clkbuf_1_0__f_clk/X (sky130_fd_sc_hd__clkbuf_16)
                      0.026715    0.000072    0.203056 ^ _41_/CLK (sky130_fd_sc_hd__dfrtp_1)
                                  0.250000    0.453056   clock uncertainty
                                  0.000000    0.453056   clock reconvergence pessimism
                                  0.215024    0.668080   library removal time
                                              0.668080   data required time
---------------------------------------------------------------------------------------------
                                              0.668080   data required time
                                             -2.142636   data arrival time
---------------------------------------------------------------------------------------------
                                              1.474555   slack (MET)


Startpoint: rst_n (input port clocked by clk)
Endpoint: _37_ (removal check against rising-edge clock clk)
Path Group: asynchronous
Path Type: min

Fanout         Cap        Slew       Delay        Time   Description
---------------------------------------------------------------------------------------------
                                  0.000000    0.000000   clock clk (rise edge)
                                  0.000000    0.000000   clock network delay (propagated)
                                  2.000000    2.000000 ^ input external delay
     1    0.003072    0.014886    0.007937    2.007937 ^ rst_n (in)
                      0.014886    0.000000    2.007937 ^ input2/A (sky130_fd_sc_hd__clkbuf_4)
     8    0.042656    0.101999    0.133288    2.141225 ^ input2/X (sky130_fd_sc_hd__clkbuf_4)
                      0.102062    0.001358    2.142583 ^ _37_/RESET_B (sky130_fd_sc_hd__dfrtp_1)
                                              2.142583   data arrival time

                                  0.000000    0.000000   clock clk (rise edge)
                                  0.000000    0.000000   clock source latency
     1    0.013795    0.051348    0.034309    0.034309 ^ clk (in)
                      0.051350    0.000000    0.034309 ^ clkbuf_0_clk/A (sky130_fd_sc_hd__clkbuf_16)
     2    0.017807    0.029777    0.088875    0.123184 ^ clkbuf_0_clk/X (sky130_fd_sc_hd__clkbuf_16)
                      0.029777    0.000179    0.123363 ^ clkbuf_1_1__f_clk/A (sky130_fd_sc_hd__clkbuf_16)
     4    0.012430    0.026133    0.078974    0.202337 ^ clkbuf_1_1__f_clk/X (sky130_fd_sc_hd__clkbuf_16)
                      0.026133    0.000157    0.202494 ^ _37_/CLK (sky130_fd_sc_hd__dfrtp_1)
                                  0.250000    0.452493   clock uncertainty
                                  0.000000    0.452493   clock reconvergence pessimism
                                  0.214944    0.667437   library removal time
                                              0.667437   data required time
---------------------------------------------------------------------------------------------
                                              0.667437   data required time
                                             -2.142583   data arrival time
---------------------------------------------------------------------------------------------
                                              1.475146   slack (MET)


Startpoint: rst_n (input port clocked by clk)
Endpoint: _44_ (removal check against rising-edge clock clk)
Path Group: asynchronous
Path Type: min

Fanout         Cap        Slew       Delay        Time   Description
---------------------------------------------------------------------------------------------
                                  0.000000    0.000000   clock clk (rise edge)
                                  0.000000    0.000000   clock network delay (propagated)
                                  2.000000    2.000000 ^ input external delay
     1    0.003072    0.014886    0.007937    2.007937 ^ rst_n (in)
                      0.014886    0.000000    2.007937 ^ input2/A (sky130_fd_sc_hd__clkbuf_4)
     8    0.042656    0.101999    0.133288    2.141225 ^ input2/X (sky130_fd_sc_hd__clkbuf_4)
                      0.102068    0.001481    2.142706 ^ _44_/RESET_B (sky130_fd_sc_hd__dfrtp_1)
                                              2.142706   data arrival time

                                  0.000000    0.000000   clock clk (rise edge)
                                  0.000000    0.000000   clock source latency
     1    0.013795    0.051348    0.034309    0.034309 ^ clk (in)
                      0.051350    0.000000    0.034309 ^ clkbuf_0_clk/A (sky130_fd_sc_hd__clkbuf_16)
     2    0.017807    0.029777    0.088875    0.123184 ^ clkbuf_0_clk/X (sky130_fd_sc_hd__clkbuf_16)
                      0.029777    0.000179    0.123363 ^ clkbuf_1_1__f_clk/A (sky130_fd_sc_hd__clkbuf_16)
     4    0.012430    0.026133    0.078974    0.202337 ^ clkbuf_1_1__f_clk/X (sky130_fd_sc_hd__clkbuf_16)
                      0.026133    0.000152    0.202488 ^ _44_/CLK (sky130_fd_sc_hd__dfrtp_1)
                                  0.250000    0.452489   clock uncertainty
                                  0.000000    0.452489   clock reconvergence pessimism
                                  0.214945    0.667434   library removal time
                                              0.667434   data required time
---------------------------------------------------------------------------------------------
                                              0.667434   data required time
                                             -2.142706   data arrival time
---------------------------------------------------------------------------------------------
                                              1.475272   slack (MET)


Startpoint: rst_n (input port clocked by clk)
Endpoint: _43_ (removal check against rising-edge clock clk)
Path Group: asynchronous
Path Type: min

Fanout         Cap        Slew       Delay        Time   Description
---------------------------------------------------------------------------------------------
                                  0.000000    0.000000   clock clk (rise edge)
                                  0.000000    0.000000   clock network delay (propagated)
                                  2.000000    2.000000 ^ input external delay
     1    0.003072    0.014886    0.007937    2.007937 ^ rst_n (in)
                      0.014886    0.000000    2.007937 ^ input2/A (sky130_fd_sc_hd__clkbuf_4)
     8    0.042656    0.101999    0.133288    2.141225 ^ input2/X (sky130_fd_sc_hd__clkbuf_4)
                      0.102074    0.001615    2.142840 ^ _43_/RESET_B (sky130_fd_sc_hd__dfrtp_1)
                                              2.142840   data arrival time

                                  0.000000    0.000000   clock clk (rise edge)
                                  0.000000    0.000000   clock source latency
     1    0.013795    0.051348    0.034309    0.034309 ^ clk (in)
                      0.051350    0.000000    0.034309 ^ clkbuf_0_clk/A (sky130_fd_sc_hd__clkbuf_16)
     2    0.017807    0.029777    0.088875    0.123184 ^ clkbuf_0_clk/X (sky130_fd_sc_hd__clkbuf_16)
                      0.029777    0.000179    0.123363 ^ clkbuf_1_1__f_clk/A (sky130_fd_sc_hd__clkbuf_16)
     4    0.012430    0.026133    0.078974    0.202337 ^ clkbuf_1_1__f_clk/X (sky130_fd_sc_hd__clkbuf_16)
                      0.026133    0.000120    0.202457 ^ _43_/CLK (sky130_fd_sc_hd__dfrtp_1)
                                  0.250000    0.452457   clock uncertainty
                                  0.000000    0.452457   clock reconvergence pessimism
                                  0.214947    0.667404   library removal time
                                              0.667404   data required time
---------------------------------------------------------------------------------------------
                                              0.667404   data required time
                                             -2.142840   data arrival time
---------------------------------------------------------------------------------------------
                                              1.475436   slack (MET)


Startpoint: rst_n (input port clocked by clk)
Endpoint: _42_ (removal check against rising-edge clock clk)
Path Group: asynchronous
Path Type: min

Fanout         Cap        Slew       Delay        Time   Description
---------------------------------------------------------------------------------------------
                                  0.000000    0.000000   clock clk (rise edge)
                                  0.000000    0.000000   clock network delay (propagated)
                                  2.000000    2.000000 ^ input external delay
     1    0.003072    0.014886    0.007937    2.007937 ^ rst_n (in)
                      0.014886    0.000000    2.007937 ^ input2/A (sky130_fd_sc_hd__clkbuf_4)
     8    0.042656    0.101999    0.133288    2.141225 ^ input2/X (sky130_fd_sc_hd__clkbuf_4)
                      0.102076    0.001664    2.142889 ^ _42_/RESET_B (sky130_fd_sc_hd__dfrtp_1)
                                              2.142889   data arrival time

                                  0.000000    0.000000   clock clk (rise edge)
                                  0.000000    0.000000   clock source latency
     1    0.013795    0.051348    0.034309    0.034309 ^ clk (in)
                      0.051350    0.000000    0.034309 ^ clkbuf_0_clk/A (sky130_fd_sc_hd__clkbuf_16)
     2    0.017807    0.029777    0.088875    0.123184 ^ clkbuf_0_clk/X (sky130_fd_sc_hd__clkbuf_16)
                      0.029777    0.000179    0.123363 ^ clkbuf_1_1__f_clk/A (sky130_fd_sc_hd__clkbuf_16)
     4    0.012430    0.026133    0.078974    0.202337 ^ clkbuf_1_1__f_clk/X (sky130_fd_sc_hd__clkbuf_16)
                      0.026133    0.000146    0.202483 ^ _42_/CLK (sky130_fd_sc_hd__dfrtp_1)
                                  0.250000    0.452483   clock uncertainty
                                  0.000000    0.452483   clock reconvergence pessimism
                                  0.214947    0.667430   library removal time
                                              0.667430   data required time
---------------------------------------------------------------------------------------------
                                              0.667430   data required time
                                             -2.142889   data arrival time
---------------------------------------------------------------------------------------------
                                              1.475459   slack (MET)


Startpoint: _44_ (rising edge-triggered flip-flop clocked by clk)
Endpoint: count[7] (output port clocked by clk)
Path Group: clk
Path Type: min

Fanout         Cap        Slew       Delay        Time   Description
---------------------------------------------------------------------------------------------
                                  0.000000    0.000000   clock clk (rise edge)
                                  0.000000    0.000000   clock source latency
     1    0.013795    0.051348    0.034309    0.034309 ^ clk (in)
                      0.051350    0.000000    0.034309 ^ clkbuf_0_clk/A (sky130_fd_sc_hd__clkbuf_16)
     2    0.017807    0.029777    0.088875    0.123184 ^ clkbuf_0_clk/X (sky130_fd_sc_hd__clkbuf_16)
                      0.029777    0.000179    0.123363 ^ clkbuf_1_1__f_clk/A (sky130_fd_sc_hd__clkbuf_16)
     4    0.012430    0.026133    0.078974    0.202337 ^ clkbuf_1_1__f_clk/X (sky130_fd_sc_hd__clkbuf_16)
                      0.026133    0.000152    0.202488 ^ _44_/CLK (sky130_fd_sc_hd__dfrtp_1)
     3    0.008301    0.045789    0.240316    0.442805 v _44_/Q (sky130_fd_sc_hd__dfrtp_1)
                      0.045789    0.000099    0.442903 v output10/A (sky130_fd_sc_hd__buf_2)
     1    0.034068    0.062299    0.123632    0.566535 v output10/X (sky130_fd_sc_hd__buf_2)
                      0.062299    0.000202    0.566737 v count[7] (out)
                                              0.566737   data arrival time

                                  0.000000    0.000000   clock clk (rise edge)
                                  0.000000    0.000000   clock network delay (propagated)
                                  0.250000    0.250000   clock uncertainty
                                  0.000000    0.250000   clock reconvergence pessimism
                                 -2.000000   -1.750000   output external delay
                                             -1.750000   data required time
---------------------------------------------------------------------------------------------
                                             -1.750000   data required time
                                             -0.566737   data arrival time
---------------------------------------------------------------------------------------------
                                              2.316737   slack (MET)


Startpoint: _43_ (rising edge-triggered flip-flop clocked by clk)
Endpoint: count[6] (output port clocked by clk)
Path Group: clk
Path Type: min

Fanout         Cap        Slew       Delay        Time   Description
---------------------------------------------------------------------------------------------
                                  0.000000    0.000000   clock clk (rise edge)
                                  0.000000    0.000000   clock source latency
     1    0.013795    0.051348    0.034309    0.034309 ^ clk (in)
                      0.051350    0.000000    0.034309 ^ clkbuf_0_clk/A (sky130_fd_sc_hd__clkbuf_16)
     2    0.017807    0.029777    0.088875    0.123184 ^ clkbuf_0_clk/X (sky130_fd_sc_hd__clkbuf_16)
                      0.029777    0.000179    0.123363 ^ clkbuf_1_1__f_clk/A (sky130_fd_sc_hd__clkbuf_16)
     4    0.012430    0.026133    0.078974    0.202337 ^ clkbuf_1_1__f_clk/X (sky130_fd_sc_hd__clkbuf_16)
                      0.026133    0.000120    0.202457 ^ _43_/CLK (sky130_fd_sc_hd__dfrtp_1)
     3    0.009180    0.048859    0.243525    0.445982 v _43_/Q (sky130_fd_sc_hd__dfrtp_1)
                      0.048859    0.000083    0.446065 v output9/A (sky130_fd_sc_hd__buf_2)
     1    0.034060    0.062287    0.124852    0.570917 v output9/X (sky130_fd_sc_hd__buf_2)
                      0.062287    0.000202    0.571119 v count[6] (out)
                                              0.571119   data arrival time

                                  0.000000    0.000000   clock clk (rise edge)
                                  0.000000    0.000000   clock network delay (propagated)
                                  0.250000    0.250000   clock uncertainty
                                  0.000000    0.250000   clock reconvergence pessimism
                                 -2.000000   -1.750000   output external delay
                                             -1.750000   data required time
---------------------------------------------------------------------------------------------
                                             -1.750000   data required time
                                             -0.571119   data arrival time
---------------------------------------------------------------------------------------------
                                              2.321119   slack (MET)


Startpoint: _42_ (rising edge-triggered flip-flop clocked by clk)
Endpoint: count[5] (output port clocked by clk)
Path Group: clk
Path Type: min

Fanout         Cap        Slew       Delay        Time   Description
---------------------------------------------------------------------------------------------
                                  0.000000    0.000000   clock clk (rise edge)
                                  0.000000    0.000000   clock source latency
     1    0.013795    0.051348    0.034309    0.034309 ^ clk (in)
                      0.051350    0.000000    0.034309 ^ clkbuf_0_clk/A (sky130_fd_sc_hd__clkbuf_16)
     2    0.017807    0.029777    0.088875    0.123184 ^ clkbuf_0_clk/X (sky130_fd_sc_hd__clkbuf_16)
                      0.029777    0.000179    0.123363 ^ clkbuf_1_1__f_clk/A (sky130_fd_sc_hd__clkbuf_16)
     4    0.012430    0.026133    0.078974    0.202337 ^ clkbuf_1_1__f_clk/X (sky130_fd_sc_hd__clkbuf_16)
                      0.026133    0.000146    0.202483 ^ _42_/CLK (sky130_fd_sc_hd__dfrtp_1)
     3    0.011012    0.053064    0.249938    0.452421 v _42_/Q (sky130_fd_sc_hd__dfrtp_1)
                      0.053064    0.000112    0.452533 v output8/A (sky130_fd_sc_hd__buf_2)
     1    0.033988    0.062174    0.126458    0.578991 v output8/X (sky130_fd_sc_hd__buf_2)
                      0.062174    0.000184    0.579176 v count[5] (out)
                                              0.579176   data arrival time

                                  0.000000    0.000000   clock clk (rise edge)
                                  0.000000    0.000000   clock network delay (propagated)
                                  0.250000    0.250000   clock uncertainty
                                  0.000000    0.250000   clock reconvergence pessimism
                                 -2.000000   -1.750000   output external delay
                                             -1.750000   data required time
---------------------------------------------------------------------------------------------
                                             -1.750000   data required time
                                             -0.579176   data arrival time
---------------------------------------------------------------------------------------------
                                              2.329176   slack (MET)


Startpoint: _39_ (rising edge-triggered flip-flop clocked by clk)
Endpoint: count[2] (output port clocked by clk)
Path Group: clk
Path Type: min

Fanout         Cap        Slew       Delay        Time   Description
---------------------------------------------------------------------------------------------
                                  0.000000    0.000000   clock clk (rise edge)
                                  0.000000    0.000000   clock source latency
     1    0.013795    0.051348    0.034309    0.034309 ^ clk (in)
                      0.051350    0.000000    0.034309 ^ clkbuf_0_clk/A (sky130_fd_sc_hd__clkbuf_16)
     2    0.017807    0.029777    0.088875    0.123184 ^ clkbuf_0_clk/X (sky130_fd_sc_hd__clkbuf_16)
                      0.029777    0.000210    0.123394 ^ clkbuf_1_0__f_clk/A (sky130_fd_sc_hd__clkbuf_16)
     4    0.013309    0.026715    0.079591    0.202985 ^ clkbuf_1_0__f_clk/X (sky130_fd_sc_hd__clkbuf_16)
                      0.026715    0.000095    0.203080 ^ _39_/CLK (sky130_fd_sc_hd__dfrtp_1)
     3    0.011178    0.053528    0.250583    0.453662 v _39_/Q (sky130_fd_sc_hd__dfrtp_1)
                      0.053528    0.000099    0.453761 v output5/A (sky130_fd_sc_hd__buf_2)
     1    0.034029    0.062241    0.126686    0.580447 v output5/X (sky130_fd_sc_hd__buf_2)
                      0.062241    0.000200    0.580647 v count[2] (out)
                                              0.580647   data arrival time

                                  0.000000    0.000000   clock clk (rise edge)
                                  0.000000    0.000000   clock network delay (propagated)
                                  0.250000    0.250000   clock uncertainty
                                  0.000000    0.250000   clock reconvergence pessimism
                                 -2.000000   -1.750000   output external delay
                                             -1.750000   data required time
---------------------------------------------------------------------------------------------
                                             -1.750000   data required time
                                             -0.580647   data arrival time
---------------------------------------------------------------------------------------------
                                              2.330647   slack (MET)


Startpoint: _38_ (rising edge-triggered flip-flop clocked by clk)
Endpoint: count[1] (output port clocked by clk)
Path Group: clk
Path Type: min

Fanout         Cap        Slew       Delay        Time   Description
---------------------------------------------------------------------------------------------
                                  0.000000    0.000000   clock clk (rise edge)
                                  0.000000    0.000000   clock source latency
     1    0.013795    0.051348    0.034309    0.034309 ^ clk (in)
                      0.051350    0.000000    0.034309 ^ clkbuf_0_clk/A (sky130_fd_sc_hd__clkbuf_16)
     2    0.017807    0.029777    0.088875    0.123184 ^ clkbuf_0_clk/X (sky130_fd_sc_hd__clkbuf_16)
                      0.029777    0.000210    0.123394 ^ clkbuf_1_0__f_clk/A (sky130_fd_sc_hd__clkbuf_16)
     4    0.013309    0.026715    0.079591    0.202985 ^ clkbuf_1_0__f_clk/X (sky130_fd_sc_hd__clkbuf_16)
                      0.026715    0.000118    0.203102 ^ _38_/CLK (sky130_fd_sc_hd__dfrtp_1)
     4    0.011485    0.054421    0.251390    0.454492 v _38_/Q (sky130_fd_sc_hd__dfrtp_1)
                      0.054421    0.000147    0.454639 v output4/A (sky130_fd_sc_hd__buf_2)
     1    0.033937    0.062097    0.126952    0.581591 v output4/X (sky130_fd_sc_hd__buf_2)
                      0.062097    0.000174    0.581764 v count[1] (out)
                                              0.581764   data arrival time

                                  0.000000    0.000000   clock clk (rise edge)
                                  0.000000    0.000000   clock network delay (propagated)
                                  0.250000    0.250000   clock uncertainty
                                  0.000000    0.250000   clock reconvergence pessimism
                                 -2.000000   -1.750000   output external delay
                                             -1.750000   data required time
---------------------------------------------------------------------------------------------
                                             -1.750000   data required time
                                             -0.581764   data arrival time
---------------------------------------------------------------------------------------------
                                              2.331764   slack (MET)


Startpoint: _37_ (rising edge-triggered flip-flop clocked by clk)
Endpoint: count[0] (output port clocked by clk)
Path Group: clk
Path Type: min

Fanout         Cap        Slew       Delay        Time   Description
---------------------------------------------------------------------------------------------
                                  0.000000    0.000000   clock clk (rise edge)
                                  0.000000    0.000000   clock source latency
     1    0.013795    0.051348    0.034309    0.034309 ^ clk (in)
                      0.051350    0.000000    0.034309 ^ clkbuf_0_clk/A (sky130_fd_sc_hd__clkbuf_16)
     2    0.017807    0.029777    0.088875    0.123184 ^ clkbuf_0_clk/X (sky130_fd_sc_hd__clkbuf_16)
                      0.029777    0.000179    0.123363 ^ clkbuf_1_1__f_clk/A (sky130_fd_sc_hd__clkbuf_16)
     4    0.012430    0.026133    0.078974    0.202337 ^ clkbuf_1_1__f_clk/X (sky130_fd_sc_hd__clkbuf_16)
                      0.026133    0.000157    0.202494 ^ _37_/CLK (sky130_fd_sc_hd__dfrtp_1)
     5    0.013079    0.059042    0.255547    0.458040 v _37_/Q (sky130_fd_sc_hd__dfrtp_1)
                      0.059042    0.000225    0.458265 v output3/A (sky130_fd_sc_hd__buf_2)
     1    0.034256    0.062655    0.129106    0.587371 v output3/X (sky130_fd_sc_hd__buf_2)
                      0.062656    0.000345    0.587715 v count[0] (out)
                                              0.587715   data arrival time

                                  0.000000    0.000000   clock clk (rise edge)
                                  0.000000    0.000000   clock network delay (propagated)
                                  0.250000    0.250000   clock uncertainty
                                  0.000000    0.250000   clock reconvergence pessimism
                                 -2.000000   -1.750000   output external delay
                                             -1.750000   data required time
---------------------------------------------------------------------------------------------
                                             -1.750000   data required time
                                             -0.587715   data arrival time
---------------------------------------------------------------------------------------------
                                              2.337715   slack (MET)


Startpoint: _41_ (rising edge-triggered flip-flop clocked by clk)
Endpoint: count[4] (output port clocked by clk)
Path Group: clk
Path Type: min

Fanout         Cap        Slew       Delay        Time   Description
---------------------------------------------------------------------------------------------
                                  0.000000    0.000000   clock clk (rise edge)
                                  0.000000    0.000000   clock source latency
     1    0.013795    0.051348    0.034309    0.034309 ^ clk (in)
                      0.051350    0.000000    0.034309 ^ clkbuf_0_clk/A (sky130_fd_sc_hd__clkbuf_16)
     2    0.017807    0.029777    0.088875    0.123184 ^ clkbuf_0_clk/X (sky130_fd_sc_hd__clkbuf_16)
                      0.029777    0.000210    0.123394 ^ clkbuf_1_0__f_clk/A (sky130_fd_sc_hd__clkbuf_16)
     4    0.013309    0.026715    0.079591    0.202985 ^ clkbuf_1_0__f_clk/X (sky130_fd_sc_hd__clkbuf_16)
                      0.026715    0.000072    0.203056 ^ _41_/CLK (sky130_fd_sc_hd__dfrtp_1)
     4    0.012887    0.058492    0.255173    0.458229 v _41_/Q (sky130_fd_sc_hd__dfrtp_1)
                      0.058492    0.000276    0.458505 v output7/A (sky130_fd_sc_hd__buf_2)
     1    0.034490    0.063025    0.129133    0.587638 v output7/X (sky130_fd_sc_hd__buf_2)
                      0.063027    0.000409    0.588047 v count[4] (out)
                                              0.588047   data arrival time

                                  0.000000    0.000000   clock clk (rise edge)
                                  0.000000    0.000000   clock network delay (propagated)
                                  0.250000    0.250000   clock uncertainty
                                  0.000000    0.250000   clock reconvergence pessimism
                                 -2.000000   -1.750000   output external delay
                                             -1.750000   data required time
---------------------------------------------------------------------------------------------
                                             -1.750000   data required time
                                             -0.588047   data arrival time
---------------------------------------------------------------------------------------------
                                              2.338047   slack (MET)


Startpoint: _40_ (rising edge-triggered flip-flop clocked by clk)
Endpoint: count[3] (output port clocked by clk)
Path Group: clk
Path Type: min

Fanout         Cap        Slew       Delay        Time   Description
---------------------------------------------------------------------------------------------
                                  0.000000    0.000000   clock clk (rise edge)
                                  0.000000    0.000000   clock source latency
     1    0.013795    0.051348    0.034309    0.034309 ^ clk (in)
                      0.051350    0.000000    0.034309 ^ clkbuf_0_clk/A (sky130_fd_sc_hd__clkbuf_16)
     2    0.017807    0.029777    0.088875    0.123184 ^ clkbuf_0_clk/X (sky130_fd_sc_hd__clkbuf_16)
                      0.029777    0.000210    0.123394 ^ clkbuf_1_0__f_clk/A (sky130_fd_sc_hd__clkbuf_16)
     4    0.013309    0.026715    0.079591    0.202985 ^ clkbuf_1_0__f_clk/X (sky130_fd_sc_hd__clkbuf_16)
                      0.026715    0.000104    0.203089 ^ _40_/CLK (sky130_fd_sc_hd__dfrtp_1)
     6    0.019656    0.078779    0.273541    0.476629 v _40_/Q (sky130_fd_sc_hd__dfrtp_1)
                      0.078779    0.000107    0.476737 v output6/A (sky130_fd_sc_hd__buf_2)
     1    0.034012    0.062290    0.136922    0.613659 v output6/X (sky130_fd_sc_hd__buf_2)
                      0.062290    0.000200    0.613859 v count[3] (out)
                                              0.613859   data arrival time

                                  0.000000    0.000000   clock clk (rise edge)
                                  0.000000    0.000000   clock network delay (propagated)
                                  0.250000    0.250000   clock uncertainty
                                  0.000000    0.250000   clock reconvergence pessimism
                                 -2.000000   -1.750000   output external delay
                                             -1.750000   data required time
---------------------------------------------------------------------------------------------
                                             -1.750000   data required time
                                             -0.613859   data arrival time
---------------------------------------------------------------------------------------------
                                              2.363858   slack (MET)


Startpoint: _44_ (rising edge-triggered flip-flop clocked by clk)
Endpoint: overflow (output port clocked by clk)
Path Group: clk
Path Type: min

Fanout         Cap        Slew       Delay        Time   Description
---------------------------------------------------------------------------------------------
                                  0.000000    0.000000   clock clk (rise edge)
                                  0.000000    0.000000   clock source latency
     1    0.013795    0.051348    0.034309    0.034309 ^ clk (in)
                      0.051350    0.000000    0.034309 ^ clkbuf_0_clk/A (sky130_fd_sc_hd__clkbuf_16)
     2    0.017807    0.029777    0.088875    0.123184 ^ clkbuf_0_clk/X (sky130_fd_sc_hd__clkbuf_16)
                      0.029777    0.000179    0.123363 ^ clkbuf_1_1__f_clk/A (sky130_fd_sc_hd__clkbuf_16)
     4    0.012430    0.026133    0.078974    0.202337 ^ clkbuf_1_1__f_clk/X (sky130_fd_sc_hd__clkbuf_16)
                      0.026133    0.000152    0.202488 ^ _44_/CLK (sky130_fd_sc_hd__dfrtp_1)
     3    0.008301    0.045789    0.240316    0.442805 v _44_/Q (sky130_fd_sc_hd__dfrtp_1)
                      0.045789    0.000039    0.442844 v _24_/A (sky130_fd_sc_hd__and2_1)
     1    0.004911    0.029630    0.095852    0.538696 v _24_/X (sky130_fd_sc_hd__and2_1)
                      0.029630    0.000098    0.538794 v output11/A (sky130_fd_sc_hd__buf_2)
     1    0.034004    0.062195    0.117089    0.655883 v output11/X (sky130_fd_sc_hd__buf_2)
                      0.062195    0.000185    0.656068 v overflow (out)
                                              0.656068   data arrival time

                                  0.000000    0.000000   clock clk (rise edge)
                                  0.000000    0.000000   clock network delay (propagated)
                                  0.250000    0.250000   clock uncertainty
                                  0.000000    0.250000   clock reconvergence pessimism
                                 -2.000000   -1.750000   output external delay
                                             -1.750000   data required time
---------------------------------------------------------------------------------------------
                                             -1.750000   data required time
                                             -0.656068   data arrival time
---------------------------------------------------------------------------------------------
                                              2.406068   slack (MET)



