
===========================================================================
report_checks -unconstrained
===========================================================================
======================= min_ss_100C_1v60 Corner ===================================

Warning: corner.tcl line 77, unknown field nets.
Startpoint: rst_n (input port clocked by clk)
Endpoint: _41_ (recovery check against rising-edge clock clk)
Path Group: asynchronous
Path Type: max

Fanout         Cap        Slew       Delay        Time   Description
---------------------------------------------------------------------------------------------
                                  0.000000    0.000000   clock clk (rise edge)
                                  0.000000    0.000000   clock network delay (propagated)
                                  2.000000    2.000000 ^ input external delay
     1    0.002837    0.032504    0.015968    2.015968 ^ rst_n (in)
                      0.032504    0.000000    2.015968 ^ input2/A (sky130_fd_sc_hd__clkbuf_4)
     8    0.050513    0.250612    0.362157    2.378125 ^ input2/X (sky130_fd_sc_hd__clkbuf_4)
                      0.250805    0.004170    2.382295 ^ _41_/RESET_B (sky130_fd_sc_hd__dfrtp_4)
                                              2.382295   data arrival time

                                 10.000000   10.000000   clock clk (rise edge)
                                  0.000000   10.000000   clock source latency
     1    0.019874    0.149108    0.101883   10.101883 ^ clk (in)
                      0.149123    0.000000   10.101883 ^ clkbuf_0_clk/A (sky130_fd_sc_hd__clkbuf_16)
     2    0.017801    0.064680    0.254793   10.356676 ^ clkbuf_0_clk/X (sky130_fd_sc_hd__clkbuf_16)
                      0.064680    0.000136   10.356812 ^ clkbuf_1_1__f_clk/A (sky130_fd_sc_hd__clkbuf_16)
     4    0.014988    0.061187    0.212068   10.568879 ^ clkbuf_1_1__f_clk/X (sky130_fd_sc_hd__clkbuf_16)
                      0.061187    0.000290   10.569170 ^ _41_/CLK (sky130_fd_sc_hd__dfrtp_4)
                                 -0.250000   10.319170   clock uncertainty
                                  0.000000   10.319170   clock reconvergence pessimism
                                  0.356165   10.675335   library recovery time
                                             10.675335   data required time
---------------------------------------------------------------------------------------------
                                             10.675335   data required time
                                             -2.382295   data arrival time
---------------------------------------------------------------------------------------------
                                              8.293039   slack (MET)


Startpoint: enable (input port clocked by clk)
Endpoint: overflow (output port clocked by clk)
Path Group: clk
Path Type: max

Fanout         Cap        Slew       Delay        Time   Description
---------------------------------------------------------------------------------------------
                                  0.000000    0.000000   clock clk (rise edge)
                                  0.000000    0.000000   clock network delay (propagated)
                                  2.000000    2.000000 ^ input external delay
     1    0.003142    0.034523    0.017581    2.017581 ^ enable (in)
                      0.034523    0.000000    2.017581 ^ input1/A (sky130_fd_sc_hd__clkbuf_2)
     4    0.026098    0.228752    0.289964    2.307546 ^ input1/X (sky130_fd_sc_hd__clkbuf_2)
                      0.228847    0.001829    2.309375 ^ _19_/D (sky130_fd_sc_hd__and4_1)
     6    0.019325    0.322003    0.646075    2.955449 ^ _19_/X (sky130_fd_sc_hd__and4_1)
                      0.322003    0.000576    2.956025 ^ _23_/C (sky130_fd_sc_hd__and4_1)
     2    0.009081    0.185282    0.545413    3.501439 ^ _23_/X (sky130_fd_sc_hd__and4_1)
                      0.185282    0.000164    3.501602 ^ _24_/B (sky130_fd_sc_hd__and2_1)
     1    0.009483    0.171131    0.345305    3.846908 ^ _24_/X (sky130_fd_sc_hd__and2_1)
                      0.171131    0.000384    3.847291 ^ output11/A (sky130_fd_sc_hd__buf_2)
     1    0.033963    0.269958    0.389559    4.236850 ^ output11/X (sky130_fd_sc_hd__buf_2)
                      0.269958    0.000183    4.237033 ^ overflow (out)
                                              4.237033   data arrival time

                                 10.000000   10.000000   clock clk (rise edge)
                                  0.000000   10.000000   clock network delay (propagated)
                                 -0.250000    9.750000   clock uncertainty
                                  0.000000    9.750000   clock reconvergence pessimism
                                 -2.000000    7.750000   output external delay
                                              7.750000   data required time
---------------------------------------------------------------------------------------------
                                              7.750000   data required time
                                             -4.237033   data arrival time
---------------------------------------------------------------------------------------------
                                              3.512967   slack (MET)




===========================================================================
report_checks --slack_max -0.01
============================================================================
======================= min_ss_100C_1v60 Corner ===================================

Warning: corner.tcl line 85, unknown field nets.
No paths found.


===========================================================================
 report_check_types -max_slew -max_cap -max_fanout -violators
============================================================================
======================= min_ss_100C_1v60 Corner ===================================



===========================================================================
report_parasitic_annotation -report_unannotated
============================================================================
Found 1 unannotated drivers.
 clkload0/X
Found 0 partially unannotated drivers.

===========================================================================
max slew violation count 0
max fanout violation count 0
max cap violation count 0
============================================================================

===========================================================================
check_setup -verbose -unconstrained_endpoints -multiple_clock -no_clock -no_input_delay -loops -generated_clocks
===========================================================================
