Clock: clk
Sources: clk 
Generated: no
Virtual: yes
Propagated: no
Period: 10.000000

===========================================================================
report_clock_properties
============================================================================
Clock                   Period          Waveform
----------------------------------------------------
clk                  10.000000    0.000000  5.000000

===========================================================================
report_clock_latency
============================================================================
Clock clk
rise -> rise
    min     max
0.000000 0.000000 source latency
0.569028         network latency _43_/CLK
        0.570347 network latency _38_/CLK
---------------
0.569028 0.570347 latency
        0.001319 skew

fall -> fall
    min     max
0.000000 0.000000 source latency
0.561450         network latency _43_/CLK
        0.562294 network latency _38_/CLK
---------------
0.561450 0.562294 latency
        0.000844 skew



===========================================================================
report_clock_min_period
============================================================================
clk period_min = 3.02 fmax = 331.32
