
===========================================================================
report_checks -path_delay max (Setup)
============================================================================
======================= min_ss_100C_1v60 Corner ===================================

Warning: corner.tcl line 67, unknown field nets.
Warning: corner.tcl line 67, report_checks -group_count is deprecated. Use -group_path_count instead.
Startpoint: enable (input port clocked by clk)
Endpoint: overflow (output port clocked by clk)
Path Group: clk
Path Type: max

Fanout         Cap        Slew       Delay        Time   Description
---------------------------------------------------------------------------------------------
                                  0.000000    0.000000   clock clk (rise edge)
                                  0.000000    0.000000   clock network delay (propagated)
                                  2.000000    2.000000 ^ input external delay
     1    0.003142    0.034523    0.017581    2.017581 ^ enable (in)
                      0.034523    0.000000    2.017581 ^ input1/A (sky130_fd_sc_hd__clkbuf_2)
     4    0.026098    0.228752    0.289964    2.307546 ^ input1/X (sky130_fd_sc_hd__clkbuf_2)
                      0.228847    0.001829    2.309375 ^ _19_/D (sky130_fd_sc_hd__and4_1)
     6    0.019325    0.322003    0.646075    2.955449 ^ _19_/X (sky130_fd_sc_hd__and4_1)
                      0.322003    0.000576    2.956025 ^ _23_/C (sky130_fd_sc_hd__and4_1)
     2    0.009081    0.185282    0.545413    3.501439 ^ _23_/X (sky130_fd_sc_hd__and4_1)
                      0.185282    0.000164    3.501602 ^ _24_/B (sky130_fd_sc_hd__and2_1)
     1    0.009483    0.171131    0.345305    3.846908 ^ _24_/X (sky130_fd_sc_hd__and2_1)
                      0.171131    0.000384    3.847291 ^ output11/A (sky130_fd_sc_hd__buf_2)
     1    0.033963    0.269958    0.389559    4.236850 ^ output11/X (sky130_fd_sc_hd__buf_2)
                      0.269958    0.000183    4.237033 ^ overflow (out)
                                              4.237033   data arrival time

                                 10.000000   10.000000   clock clk (rise edge)
                                  0.000000   10.000000   clock network delay (propagated)
                                 -0.250000    9.750000   clock uncertainty
                                  0.000000    9.750000   clock reconvergence pessimism
                                 -2.000000    7.750000   output external delay
                                              7.750000   data required time
---------------------------------------------------------------------------------------------
                                              7.750000   data required time
                                             -4.237033   data arrival time
---------------------------------------------------------------------------------------------
                                              3.512967   slack (MET)


Startpoint: _40_ (rising edge-triggered flip-flop clocked by clk)
Endpoint: count[3] (output port clocked by clk)
Path Group: clk
Path Type: max

Fanout         Cap        Slew       Delay        Time   Description
---------------------------------------------------------------------------------------------
                                  0.000000    0.000000   clock clk (rise edge)
                                  0.000000    0.000000   clock source latency
     1    0.019874    0.149108    0.101883    0.101883 ^ clk (in)
                      0.149123    0.000000    0.101883 ^ clkbuf_0_clk/A (sky130_fd_sc_hd__clkbuf_16)
     2    0.017801    0.064680    0.254792    0.356676 ^ clkbuf_0_clk/X (sky130_fd_sc_hd__clkbuf_16)
                      0.064680    0.000176    0.356852 ^ clkbuf_1_0__f_clk/A (sky130_fd_sc_hd__clkbuf_16)
     5    0.015885    0.062302    0.213384    0.570236 ^ clkbuf_1_0__f_clk/X (sky130_fd_sc_hd__clkbuf_16)
                      0.062302    0.000091    0.570327 ^ _40_/CLK (sky130_fd_sc_hd__dfrtp_4)
     6    0.027264    0.171407    1.069920    1.640247 v _40_/Q (sky130_fd_sc_hd__dfrtp_4)
                      0.171407    0.000820    1.641067 v output6/A (sky130_fd_sc_hd__buf_2)
     1    0.034115    0.165258    0.393050    2.034117 v output6/X (sky130_fd_sc_hd__buf_2)
                      0.165258    0.000243    2.034360 v count[3] (out)
                                              2.034360   data arrival time

                                 10.000000   10.000000   clock clk (rise edge)
                                  0.000000   10.000000   clock network delay (propagated)
                                 -0.250000    9.750000   clock uncertainty
                                  0.000000    9.750000   clock reconvergence pessimism
                                 -2.000000    7.750000   output external delay
                                              7.750000   data required time
---------------------------------------------------------------------------------------------
                                              7.750000   data required time
                                             -2.034360   data arrival time
---------------------------------------------------------------------------------------------
                                              5.715641   slack (MET)


Startpoint: _41_ (rising edge-triggered flip-flop clocked by clk)
Endpoint: count[4] (output port clocked by clk)
Path Group: clk
Path Type: max

Fanout         Cap        Slew       Delay        Time   Description
---------------------------------------------------------------------------------------------
                                  0.000000    0.000000   clock clk (rise edge)
                                  0.000000    0.000000   clock source latency
     1    0.019874    0.149108    0.101883    0.101883 ^ clk (in)
                      0.149123    0.000000    0.101883 ^ clkbuf_0_clk/A (sky130_fd_sc_hd__clkbuf_16)
     2    0.017801    0.064680    0.254792    0.356676 ^ clkbuf_0_clk/X (sky130_fd_sc_hd__clkbuf_16)
                      0.064680    0.000136    0.356811 ^ clkbuf_1_1__f_clk/A (sky130_fd_sc_hd__clkbuf_16)
     4    0.014988    0.061187    0.212068    0.568880 ^ clkbuf_1_1__f_clk/X (sky130_fd_sc_hd__clkbuf_16)
                      0.061187    0.000290    0.569169 ^ _41_/CLK (sky130_fd_sc_hd__dfrtp_4)
     4    0.022213    0.160678    1.051488    1.620657 v _41_/Q (sky130_fd_sc_hd__dfrtp_4)
                      0.160898    0.001090    1.621748 v output7/A (sky130_fd_sc_hd__buf_2)
     1    0.034061    0.165015    0.387837    2.009585 v output7/X (sky130_fd_sc_hd__buf_2)
                      0.165015    0.000201    2.009785 v count[4] (out)
                                              2.009785   data arrival time

                                 10.000000   10.000000   clock clk (rise edge)
                                  0.000000   10.000000   clock network delay (propagated)
                                 -0.250000    9.750000   clock uncertainty
                                  0.000000    9.750000   clock reconvergence pessimism
                                 -2.000000    7.750000   output external delay
                                              7.750000   data required time
---------------------------------------------------------------------------------------------
                                              7.750000   data required time
                                             -2.009785   data arrival time
---------------------------------------------------------------------------------------------
                                              5.740215   slack (MET)


Startpoint: _37_ (rising edge-triggered flip-flop clocked by clk)
Endpoint: count[0] (output port clocked by clk)
Path Group: clk
Path Type: max

Fanout         Cap        Slew       Delay        Time   Description
---------------------------------------------------------------------------------------------
                                  0.000000    0.000000   clock clk (rise edge)
                                  0.000000    0.000000   clock source latency
     1    0.019874    0.149108    0.101883    0.101883 ^ clk (in)
                      0.149123    0.000000    0.101883 ^ clkbuf_0_clk/A (sky130_fd_sc_hd__clkbuf_16)
     2    0.017801    0.064680    0.254792    0.356676 ^ clkbuf_0_clk/X (sky130_fd_sc_hd__clkbuf_16)
                      0.064680    0.000176    0.356852 ^ clkbuf_1_0__f_clk/A (sky130_fd_sc_hd__clkbuf_16)
     5    0.015885    0.062302    0.213384    0.570236 ^ clkbuf_1_0__f_clk/X (sky130_fd_sc_hd__clkbuf_16)
                      0.062302    0.000098    0.570334 ^ _37_/CLK (sky130_fd_sc_hd__dfrtp_2)
     5    0.021697    0.157422    0.906148    1.476482 v _37_/Q (sky130_fd_sc_hd__dfrtp_2)
                      0.157422    0.000754    1.477236 v output3/A (sky130_fd_sc_hd__buf_2)
     1    0.034337    0.166151    0.386937    1.864173 v output3/X (sky130_fd_sc_hd__buf_2)
                      0.166151    0.000357    1.864530 v count[0] (out)
                                              1.864530   data arrival time

                                 10.000000   10.000000   clock clk (rise edge)
                                  0.000000   10.000000   clock network delay (propagated)
                                 -0.250000    9.750000   clock uncertainty
                                  0.000000    9.750000   clock reconvergence pessimism
                                 -2.000000    7.750000   output external delay
                                              7.750000   data required time
---------------------------------------------------------------------------------------------
                                              7.750000   data required time
                                             -1.864530   data arrival time
---------------------------------------------------------------------------------------------
                                              5.885469   slack (MET)


Startpoint: _38_ (rising edge-triggered flip-flop clocked by clk)
Endpoint: count[1] (output port clocked by clk)
Path Group: clk
Path Type: max

Fanout         Cap        Slew       Delay        Time   Description
---------------------------------------------------------------------------------------------
                                  0.000000    0.000000   clock clk (rise edge)
                                  0.000000    0.000000   clock source latency
     1    0.019874    0.149108    0.101883    0.101883 ^ clk (in)
                      0.149123    0.000000    0.101883 ^ clkbuf_0_clk/A (sky130_fd_sc_hd__clkbuf_16)
     2    0.017801    0.064680    0.254792    0.356676 ^ clkbuf_0_clk/X (sky130_fd_sc_hd__clkbuf_16)
                      0.064680    0.000176    0.356852 ^ clkbuf_1_0__f_clk/A (sky130_fd_sc_hd__clkbuf_16)
     5    0.015885    0.062302    0.213384    0.570236 ^ clkbuf_1_0__f_clk/X (sky130_fd_sc_hd__clkbuf_16)
                      0.062302    0.000112    0.570347 ^ _38_/CLK (sky130_fd_sc_hd__dfrtp_1)
     4    0.019721    0.216162    0.875777    1.446125 v _38_/Q (sky130_fd_sc_hd__dfrtp_1)
                      0.216163    0.001004    1.447128 v output4/A (sky130_fd_sc_hd__buf_2)
     1    0.034327    0.166190    0.415230    1.862359 v output4/X (sky130_fd_sc_hd__buf_2)
                      0.166190    0.000357    1.862716 v count[1] (out)
                                              1.862716   data arrival time

                                 10.000000   10.000000   clock clk (rise edge)
                                  0.000000   10.000000   clock network delay (propagated)
                                 -0.250000    9.750000   clock uncertainty
                                  0.000000    9.750000   clock reconvergence pessimism
                                 -2.000000    7.750000   output external delay
                                              7.750000   data required time
---------------------------------------------------------------------------------------------
                                              7.750000   data required time
                                             -1.862716   data arrival time
---------------------------------------------------------------------------------------------
                                              5.887285   slack (MET)


Startpoint: _39_ (rising edge-triggered flip-flop clocked by clk)
Endpoint: count[2] (output port clocked by clk)
Path Group: clk
Path Type: max

Fanout         Cap        Slew       Delay        Time   Description
---------------------------------------------------------------------------------------------
                                  0.000000    0.000000   clock clk (rise edge)
                                  0.000000    0.000000   clock source latency
     1    0.019874    0.149108    0.101883    0.101883 ^ clk (in)
                      0.149123    0.000000    0.101883 ^ clkbuf_0_clk/A (sky130_fd_sc_hd__clkbuf_16)
     2    0.017801    0.064680    0.254792    0.356676 ^ clkbuf_0_clk/X (sky130_fd_sc_hd__clkbuf_16)
                      0.064680    0.000176    0.356852 ^ clkbuf_1_0__f_clk/A (sky130_fd_sc_hd__clkbuf_16)
     5    0.015885    0.062302    0.213384    0.570236 ^ clkbuf_1_0__f_clk/X (sky130_fd_sc_hd__clkbuf_16)
                      0.062302    0.000071    0.570306 ^ _39_/CLK (sky130_fd_sc_hd__dfrtp_1)
     3    0.019006    0.210078    0.870812    1.441118 v _39_/Q (sky130_fd_sc_hd__dfrtp_1)
                      0.210078    0.000833    1.441951 v output5/A (sky130_fd_sc_hd__buf_2)
     1    0.034090    0.165210    0.411617    1.853568 v output5/X (sky130_fd_sc_hd__buf_2)
                      0.165210    0.000242    1.853810 v count[2] (out)
                                              1.853810   data arrival time

                                 10.000000   10.000000   clock clk (rise edge)
                                  0.000000   10.000000   clock network delay (propagated)
                                 -0.250000    9.750000   clock uncertainty
                                  0.000000    9.750000   clock reconvergence pessimism
                                 -2.000000    7.750000   output external delay
                                              7.750000   data required time
---------------------------------------------------------------------------------------------
                                              7.750000   data required time
                                             -1.853810   data arrival time
---------------------------------------------------------------------------------------------
                                              5.896190   slack (MET)


Startpoint: _42_ (rising edge-triggered flip-flop clocked by clk)
Endpoint: count[5] (output port clocked by clk)
Path Group: clk
Path Type: max

Fanout         Cap        Slew       Delay        Time   Description
---------------------------------------------------------------------------------------------
                                  0.000000    0.000000   clock clk (rise edge)
                                  0.000000    0.000000   clock source latency
     1    0.019874    0.149108    0.101883    0.101883 ^ clk (in)
                      0.149123    0.000000    0.101883 ^ clkbuf_0_clk/A (sky130_fd_sc_hd__clkbuf_16)
     2    0.017801    0.064680    0.254792    0.356676 ^ clkbuf_0_clk/X (sky130_fd_sc_hd__clkbuf_16)
                      0.064680    0.000136    0.356811 ^ clkbuf_1_1__f_clk/A (sky130_fd_sc_hd__clkbuf_16)
     4    0.014988    0.061187    0.212068    0.568880 ^ clkbuf_1_1__f_clk/X (sky130_fd_sc_hd__clkbuf_16)
                      0.061187    0.000241    0.569120 ^ _42_/CLK (sky130_fd_sc_hd__dfrtp_1)
     3    0.018957    0.209727    0.869827    1.438947 v _42_/Q (sky130_fd_sc_hd__dfrtp_1)
                      0.209729    0.001084    1.440031 v output8/A (sky130_fd_sc_hd__buf_2)
     1    0.034503    0.166897    0.412645    1.852676 v output8/X (sky130_fd_sc_hd__buf_2)
                      0.166897    0.000424    1.853099 v count[5] (out)
                                              1.853099   data arrival time

                                 10.000000   10.000000   clock clk (rise edge)
                                  0.000000   10.000000   clock network delay (propagated)
                                 -0.250000    9.750000   clock uncertainty
                                  0.000000    9.750000   clock reconvergence pessimism
                                 -2.000000    7.750000   output external delay
                                              7.750000   data required time
---------------------------------------------------------------------------------------------
                                              7.750000   data required time
                                             -1.853099   data arrival time
---------------------------------------------------------------------------------------------
                                              5.896901   slack (MET)


Startpoint: _43_ (rising edge-triggered flip-flop clocked by clk)
Endpoint: count[6] (output port clocked by clk)
Path Group: clk
Path Type: max

Fanout         Cap        Slew       Delay        Time   Description
---------------------------------------------------------------------------------------------
                                  0.000000    0.000000   clock clk (rise edge)
                                  0.000000    0.000000   clock source latency
     1    0.019874    0.149108    0.101883    0.101883 ^ clk (in)
                      0.149123    0.000000    0.101883 ^ clkbuf_0_clk/A (sky130_fd_sc_hd__clkbuf_16)
     2    0.017801    0.064680    0.254792    0.356676 ^ clkbuf_0_clk/X (sky130_fd_sc_hd__clkbuf_16)
                      0.064680    0.000136    0.356811 ^ clkbuf_1_1__f_clk/A (sky130_fd_sc_hd__clkbuf_16)
     4    0.014988    0.061187    0.212068    0.568880 ^ clkbuf_1_1__f_clk/X (sky130_fd_sc_hd__clkbuf_16)
                      0.061187    0.000148    0.569028 ^ _43_/CLK (sky130_fd_sc_hd__dfrtp_1)
     3    0.015160    0.177748    0.843286    1.412314 v _43_/Q (sky130_fd_sc_hd__dfrtp_1)
                      0.177748    0.000584    1.412898 v output9/A (sky130_fd_sc_hd__buf_2)
     1    0.034503    0.166854    0.397223    1.810121 v output9/X (sky130_fd_sc_hd__buf_2)
                      0.166854    0.000424    1.810545 v count[6] (out)
                                              1.810545   data arrival time

                                 10.000000   10.000000   clock clk (rise edge)
                                  0.000000   10.000000   clock network delay (propagated)
                                 -0.250000    9.750000   clock uncertainty
                                  0.000000    9.750000   clock reconvergence pessimism
                                 -2.000000    7.750000   output external delay
                                              7.750000   data required time
---------------------------------------------------------------------------------------------
                                              7.750000   data required time
                                             -1.810545   data arrival time
---------------------------------------------------------------------------------------------
                                              5.939456   slack (MET)


Startpoint: _44_ (rising edge-triggered flip-flop clocked by clk)
Endpoint: count[7] (output port clocked by clk)
Path Group: clk
Path Type: max

Fanout         Cap        Slew       Delay        Time   Description
---------------------------------------------------------------------------------------------
                                  0.000000    0.000000   clock clk (rise edge)
                                  0.000000    0.000000   clock source latency
     1    0.019874    0.149108    0.101883    0.101883 ^ clk (in)
                      0.149123    0.000000    0.101883 ^ clkbuf_0_clk/A (sky130_fd_sc_hd__clkbuf_16)
     2    0.017801    0.064680    0.254792    0.356676 ^ clkbuf_0_clk/X (sky130_fd_sc_hd__clkbuf_16)
                      0.064680    0.000136    0.356811 ^ clkbuf_1_1__f_clk/A (sky130_fd_sc_hd__clkbuf_16)
     4    0.014988    0.061187    0.212068    0.568880 ^ clkbuf_1_1__f_clk/X (sky130_fd_sc_hd__clkbuf_16)
                      0.061187    0.000170    0.569049 ^ _44_/CLK (sky130_fd_sc_hd__dfrtp_1)
     3    0.013492    0.164743    0.831104    1.400153 v _44_/Q (sky130_fd_sc_hd__dfrtp_1)
                      0.164743    0.000444    1.400597 v output10/A (sky130_fd_sc_hd__buf_2)
     1    0.034012    0.164827    0.389535    1.790132 v output10/X (sky130_fd_sc_hd__buf_2)
                      0.164827    0.000200    1.790332 v count[7] (out)
                                              1.790332   data arrival time

                                 10.000000   10.000000   clock clk (rise edge)
                                  0.000000   10.000000   clock network delay (propagated)
                                 -0.250000    9.750000   clock uncertainty
                                  0.000000    9.750000   clock reconvergence pessimism
                                 -2.000000    7.750000   output external delay
                                              7.750000   data required time
---------------------------------------------------------------------------------------------
                                              7.750000   data required time
                                             -1.790332   data arrival time
---------------------------------------------------------------------------------------------
                                              5.959668   slack (MET)


Startpoint: enable (input port clocked by clk)
Endpoint: _42_ (rising edge-triggered flip-flop clocked by clk)
Path Group: clk
Path Type: max

Fanout         Cap        Slew       Delay        Time   Description
---------------------------------------------------------------------------------------------
                                  0.000000    0.000000   clock clk (rise edge)
                                  0.000000    0.000000   clock network delay (propagated)
                                  2.000000    2.000000 ^ input external delay
     1    0.003142    0.034523    0.017581    2.017581 ^ enable (in)
                      0.034523    0.000000    2.017581 ^ input1/A (sky130_fd_sc_hd__clkbuf_2)
     4    0.026098    0.228752    0.289964    2.307546 ^ input1/X (sky130_fd_sc_hd__clkbuf_2)
                      0.228847    0.001829    2.309375 ^ _19_/D (sky130_fd_sc_hd__and4_1)
     6    0.019325    0.322003    0.646075    2.955449 ^ _19_/X (sky130_fd_sc_hd__and4_1)
                      0.322003    0.000562    2.956011 ^ _22_/B (sky130_fd_sc_hd__and3_1)
     2    0.007912    0.154916    0.442331    3.398342 ^ _22_/X (sky130_fd_sc_hd__and3_1)
                      0.154916    0.000064    3.398406 ^ _34_/A_N (sky130_fd_sc_hd__and2b_1)
     1    0.002575    0.063766    0.386836    3.785242 v _34_/X (sky130_fd_sc_hd__and2b_1)
                      0.063766    0.000027    3.785268 v _42_/D (sky130_fd_sc_hd__dfrtp_1)
                                              3.785268   data arrival time

                                 10.000000   10.000000   clock clk (rise edge)
                                  0.000000   10.000000   clock source latency
     1    0.019874    0.149108    0.101883   10.101883 ^ clk (in)
                      0.149123    0.000000   10.101883 ^ clkbuf_0_clk/A (sky130_fd_sc_hd__clkbuf_16)
     2    0.017801    0.064680    0.254793   10.356676 ^ clkbuf_0_clk/X (sky130_fd_sc_hd__clkbuf_16)
                      0.064680    0.000136   10.356812 ^ clkbuf_1_1__f_clk/A (sky130_fd_sc_hd__clkbuf_16)
     4    0.014988    0.061187    0.212068   10.568879 ^ clkbuf_1_1__f_clk/X (sky130_fd_sc_hd__clkbuf_16)
                      0.061187    0.000242   10.569121 ^ _42_/CLK (sky130_fd_sc_hd__dfrtp_1)
                                 -0.250000   10.319121   clock uncertainty
                                  0.000000   10.319121   clock reconvergence pessimism
                                 -0.276313   10.042809   library setup time
                                             10.042809   data required time
---------------------------------------------------------------------------------------------
                                             10.042809   data required time
                                             -3.785268   data arrival time
---------------------------------------------------------------------------------------------
                                              6.257540   slack (MET)


Startpoint: enable (input port clocked by clk)
Endpoint: _44_ (rising edge-triggered flip-flop clocked by clk)
Path Group: clk
Path Type: max

Fanout         Cap        Slew       Delay        Time   Description
---------------------------------------------------------------------------------------------
                                  0.000000    0.000000   clock clk (rise edge)
                                  0.000000    0.000000   clock network delay (propagated)
                                  2.000000    2.000000 ^ input external delay
     1    0.003142    0.034523    0.017581    2.017581 ^ enable (in)
                      0.034523    0.000000    2.017581 ^ input1/A (sky130_fd_sc_hd__clkbuf_2)
     4    0.026098    0.228752    0.289964    2.307546 ^ input1/X (sky130_fd_sc_hd__clkbuf_2)
                      0.228847    0.001829    2.309375 ^ _19_/D (sky130_fd_sc_hd__and4_1)
     6    0.019325    0.322003    0.646075    2.955449 ^ _19_/X (sky130_fd_sc_hd__and4_1)
                      0.322003    0.000576    2.956025 ^ _23_/C (sky130_fd_sc_hd__and4_1)
     2    0.009081    0.185282    0.545413    3.501439 ^ _23_/X (sky130_fd_sc_hd__and4_1)
                      0.185282    0.000156    3.501595 ^ _36_/B (sky130_fd_sc_hd__xor2_1)
     1    0.002280    0.093175    0.160132    3.661727 v _36_/X (sky130_fd_sc_hd__xor2_1)
                      0.093175    0.000022    3.661749 v _44_/D (sky130_fd_sc_hd__dfrtp_1)
                                              3.661749   data arrival time

                                 10.000000   10.000000   clock clk (rise edge)
                                  0.000000   10.000000   clock source latency
     1    0.019874    0.149108    0.101883   10.101883 ^ clk (in)
                      0.149123    0.000000   10.101883 ^ clkbuf_0_clk/A (sky130_fd_sc_hd__clkbuf_16)
     2    0.017801    0.064680    0.254793   10.356676 ^ clkbuf_0_clk/X (sky130_fd_sc_hd__clkbuf_16)
                      0.064680    0.000136   10.356812 ^ clkbuf_1_1__f_clk/A (sky130_fd_sc_hd__clkbuf_16)
     4    0.014988    0.061187    0.212068   10.568879 ^ clkbuf_1_1__f_clk/X (sky130_fd_sc_hd__clkbuf_16)
                      0.061187    0.000171   10.569050 ^ _44_/CLK (sky130_fd_sc_hd__dfrtp_1)
                                 -0.250000   10.319050   clock uncertainty
                                  0.000000   10.319050   clock reconvergence pessimism
                                 -0.288580   10.030470   library setup time
                                             10.030470   data required time
---------------------------------------------------------------------------------------------
                                             10.030470   data required time
                                             -3.661749   data arrival time
---------------------------------------------------------------------------------------------
                                              6.368721   slack (MET)


Startpoint: enable (input port clocked by clk)
Endpoint: _40_ (rising edge-triggered flip-flop clocked by clk)
Path Group: clk
Path Type: max

Fanout         Cap        Slew       Delay        Time   Description
---------------------------------------------------------------------------------------------
                                  0.000000    0.000000   clock clk (rise edge)
                                  0.000000    0.000000   clock network delay (propagated)
                                  2.000000    2.000000 v input external delay
     1    0.002957    0.019062    0.009715    2.009715 v enable (in)
                      0.019062    0.000000    2.009715 v input1/A (sky130_fd_sc_hd__clkbuf_2)
     4    0.025450    0.183527    0.269765    2.279480 v input1/X (sky130_fd_sc_hd__clkbuf_2)
                      0.183542    0.001777    2.281257 v _19_/D (sky130_fd_sc_hd__and4_1)
     6    0.018558    0.193243    0.583597    2.864853 v _19_/X (sky130_fd_sc_hd__and4_1)
                      0.193243    0.000375    2.865229 v _30_/B (sky130_fd_sc_hd__or2_1)
     1    0.001799    0.089248    0.489998    3.355227 v _30_/X (sky130_fd_sc_hd__or2_1)
                      0.089248    0.000016    3.355243 v _31_/B (sky130_fd_sc_hd__and2_1)
     1    0.002117    0.064063    0.314609    3.669852 v _31_/X (sky130_fd_sc_hd__and2_1)
                      0.064063    0.000010    3.669862 v _40_/D (sky130_fd_sc_hd__dfrtp_4)
                                              3.669862   data arrival time

                                 10.000000   10.000000   clock clk (rise edge)
                                  0.000000   10.000000   clock source latency
     1    0.019874    0.149108    0.101883   10.101883 ^ clk (in)
                      0.149123    0.000000   10.101883 ^ clkbuf_0_clk/A (sky130_fd_sc_hd__clkbuf_16)
     2    0.017801    0.064680    0.254793   10.356676 ^ clkbuf_0_clk/X (sky130_fd_sc_hd__clkbuf_16)
                      0.064680    0.000177   10.356853 ^ clkbuf_1_0__f_clk/A (sky130_fd_sc_hd__clkbuf_16)
     5    0.015885    0.062302    0.213383   10.570235 ^ clkbuf_1_0__f_clk/X (sky130_fd_sc_hd__clkbuf_16)
                      0.062302    0.000091   10.570327 ^ _40_/CLK (sky130_fd_sc_hd__dfrtp_4)
                                 -0.250000   10.320327   clock uncertainty
                                  0.000000   10.320327   clock reconvergence pessimism
                                 -0.274347   10.045980   library setup time
                                             10.045980   data required time
---------------------------------------------------------------------------------------------
                                             10.045980   data required time
                                             -3.669862   data arrival time
---------------------------------------------------------------------------------------------
                                              6.376118   slack (MET)


Startpoint: enable (input port clocked by clk)
Endpoint: _43_ (rising edge-triggered flip-flop clocked by clk)
Path Group: clk
Path Type: max

Fanout         Cap        Slew       Delay        Time   Description
---------------------------------------------------------------------------------------------
                                  0.000000    0.000000   clock clk (rise edge)
                                  0.000000    0.000000   clock network delay (propagated)
                                  2.000000    2.000000 v input external delay
     1    0.002957    0.019062    0.009715    2.009715 v enable (in)
                      0.019062    0.000000    2.009715 v input1/A (sky130_fd_sc_hd__clkbuf_2)
     4    0.025450    0.183527    0.269765    2.279480 v input1/X (sky130_fd_sc_hd__clkbuf_2)
                      0.183542    0.001777    2.281257 v _19_/D (sky130_fd_sc_hd__and4_1)
     6    0.018558    0.193243    0.583597    2.864853 v _19_/X (sky130_fd_sc_hd__and4_1)
                      0.193243    0.000540    2.865394 v _22_/B (sky130_fd_sc_hd__and3_1)
     2    0.007543    0.109133    0.435237    3.300631 v _22_/X (sky130_fd_sc_hd__and3_1)
                      0.109133    0.000075    3.300706 v _35_/B (sky130_fd_sc_hd__xor2_1)
     1    0.002084    0.089335    0.269651    3.570357 v _35_/X (sky130_fd_sc_hd__xor2_1)
                      0.089335    0.000010    3.570366 v _43_/D (sky130_fd_sc_hd__dfrtp_1)
                                              3.570366   data arrival time

                                 10.000000   10.000000   clock clk (rise edge)
                                  0.000000   10.000000   clock source latency
     1    0.019874    0.149108    0.101883   10.101883 ^ clk (in)
                      0.149123    0.000000   10.101883 ^ clkbuf_0_clk/A (sky130_fd_sc_hd__clkbuf_16)
     2    0.017801    0.064680    0.254793   10.356676 ^ clkbuf_0_clk/X (sky130_fd_sc_hd__clkbuf_16)
                      0.064680    0.000136   10.356812 ^ clkbuf_1_1__f_clk/A (sky130_fd_sc_hd__clkbuf_16)
     4    0.014988    0.061187    0.212068   10.568879 ^ clkbuf_1_1__f_clk/X (sky130_fd_sc_hd__clkbuf_16)
                      0.061187    0.000149   10.569029 ^ _43_/CLK (sky130_fd_sc_hd__dfrtp_1)
                                 -0.250000   10.319029   clock uncertainty
                                  0.000000   10.319029   clock reconvergence pessimism
                                 -0.286978   10.032050   library setup time
                                             10.032050   data required time
---------------------------------------------------------------------------------------------
                                             10.032050   data required time
                                             -3.570366   data arrival time
---------------------------------------------------------------------------------------------
                                              6.461684   slack (MET)


Startpoint: enable (input port clocked by clk)
Endpoint: _41_ (rising edge-triggered flip-flop clocked by clk)
Path Group: clk
Path Type: max

Fanout         Cap        Slew       Delay        Time   Description
---------------------------------------------------------------------------------------------
                                  0.000000    0.000000   clock clk (rise edge)
                                  0.000000    0.000000   clock network delay (propagated)
                                  2.000000    2.000000 ^ input external delay
     1    0.003142    0.034523    0.017581    2.017581 ^ enable (in)
                      0.034523    0.000000    2.017581 ^ input1/A (sky130_fd_sc_hd__clkbuf_2)
     4    0.026098    0.228752    0.289964    2.307546 ^ input1/X (sky130_fd_sc_hd__clkbuf_2)
                      0.228847    0.001829    2.309375 ^ _19_/D (sky130_fd_sc_hd__and4_1)
     6    0.019325    0.322003    0.646075    2.955449 ^ _19_/X (sky130_fd_sc_hd__and4_1)
                      0.322003    0.000412    2.955861 ^ _20_/B (sky130_fd_sc_hd__nand2_1)
     2    0.006874    0.144958    0.244644    3.200505 v _20_/Y (sky130_fd_sc_hd__nand2_1)
                      0.144958    0.000105    3.200611 v _32_/B (sky130_fd_sc_hd__xnor2_1)
     1    0.002184    0.082498    0.229580    3.430190 v _32_/Y (sky130_fd_sc_hd__xnor2_1)
                      0.082498    0.000019    3.430209 v _41_/D (sky130_fd_sc_hd__dfrtp_4)
                                              3.430209   data arrival time

                                 10.000000   10.000000   clock clk (rise edge)
                                  0.000000   10.000000   clock source latency
     1    0.019874    0.149108    0.101883   10.101883 ^ clk (in)
                      0.149123    0.000000   10.101883 ^ clkbuf_0_clk/A (sky130_fd_sc_hd__clkbuf_16)
     2    0.017801    0.064680    0.254793   10.356676 ^ clkbuf_0_clk/X (sky130_fd_sc_hd__clkbuf_16)
                      0.064680    0.000136   10.356812 ^ clkbuf_1_1__f_clk/A (sky130_fd_sc_hd__clkbuf_16)
     4    0.014988    0.061187    0.212068   10.568879 ^ clkbuf_1_1__f_clk/X (sky130_fd_sc_hd__clkbuf_16)
                      0.061187    0.000290   10.569170 ^ _41_/CLK (sky130_fd_sc_hd__dfrtp_4)
                                 -0.250000   10.319170   clock uncertainty
                                  0.000000   10.319170   clock reconvergence pessimism
                                 -0.282333   10.036838   library setup time
                                             10.036838   data required time
---------------------------------------------------------------------------------------------
                                             10.036838   data required time
                                             -3.430209   data arrival time
---------------------------------------------------------------------------------------------
                                              6.606628   slack (MET)


Startpoint: enable (input port clocked by clk)
Endpoint: _39_ (rising edge-triggered flip-flop clocked by clk)
Path Group: clk
Path Type: max

Fanout         Cap        Slew       Delay        Time   Description
---------------------------------------------------------------------------------------------
                                  0.000000    0.000000   clock clk (rise edge)
                                  0.000000    0.000000   clock network delay (propagated)
                                  2.000000    2.000000 ^ input external delay
     1    0.003142    0.034523    0.017581    2.017581 ^ enable (in)
                      0.034523    0.000000    2.017581 ^ input1/A (sky130_fd_sc_hd__clkbuf_2)
     4    0.026098    0.228752    0.289964    2.307546 ^ input1/X (sky130_fd_sc_hd__clkbuf_2)
                      0.228847    0.001829    2.309375 ^ _19_/D (sky130_fd_sc_hd__and4_1)
     6    0.019325    0.322003    0.646075    2.955449 ^ _19_/X (sky130_fd_sc_hd__and4_1)
                      0.322003    0.000176    2.955625 ^ _29_/A (sky130_fd_sc_hd__nor2_1)
     1    0.002377    0.079255    0.167647    3.123272 v _29_/Y (sky130_fd_sc_hd__nor2_1)
                      0.079255    0.000023    3.123295 v _39_/D (sky130_fd_sc_hd__dfrtp_1)
                                              3.123295   data arrival time

                                 10.000000   10.000000   clock clk (rise edge)
                                  0.000000   10.000000   clock source latency
     1    0.019874    0.149108    0.101883   10.101883 ^ clk (in)
                      0.149123    0.000000   10.101883 ^ clkbuf_0_clk/A (sky130_fd_sc_hd__clkbuf_16)
     2    0.017801    0.064680    0.254793   10.356676 ^ clkbuf_0_clk/X (sky130_fd_sc_hd__clkbuf_16)
                      0.064680    0.000177   10.356853 ^ clkbuf_1_0__f_clk/A (sky130_fd_sc_hd__clkbuf_16)
     5    0.015885    0.062302    0.213383   10.570235 ^ clkbuf_1_0__f_clk/X (sky130_fd_sc_hd__clkbuf_16)
                      0.062302    0.000071   10.570307 ^ _39_/CLK (sky130_fd_sc_hd__dfrtp_1)
                                 -0.250000   10.320307   clock uncertainty
                                  0.000000   10.320307   clock reconvergence pessimism
                                 -0.282476   10.037830   library setup time
                                             10.037830   data required time
---------------------------------------------------------------------------------------------
                                             10.037830   data required time
                                             -3.123295   data arrival time
---------------------------------------------------------------------------------------------
                                              6.914536   slack (MET)


Startpoint: _37_ (rising edge-triggered flip-flop clocked by clk)
Endpoint: _37_ (rising edge-triggered flip-flop clocked by clk)
Path Group: clk
Path Type: max

Fanout         Cap        Slew       Delay        Time   Description
---------------------------------------------------------------------------------------------
                                  0.000000    0.000000   clock clk (rise edge)
                                  0.000000    0.000000   clock source latency
     1    0.019874    0.149108    0.101883    0.101883 ^ clk (in)
                      0.149123    0.000000    0.101883 ^ clkbuf_0_clk/A (sky130_fd_sc_hd__clkbuf_16)
     2    0.017801    0.064680    0.254792    0.356676 ^ clkbuf_0_clk/X (sky130_fd_sc_hd__clkbuf_16)
                      0.064680    0.000176    0.356852 ^ clkbuf_1_0__f_clk/A (sky130_fd_sc_hd__clkbuf_16)
     5    0.015885    0.062302    0.213384    0.570236 ^ clkbuf_1_0__f_clk/X (sky130_fd_sc_hd__clkbuf_16)
                      0.062302    0.000098    0.570334 ^ _37_/CLK (sky130_fd_sc_hd__dfrtp_2)
     5    0.021697    0.157422    0.906148    1.476482 v _37_/Q (sky130_fd_sc_hd__dfrtp_2)
                      0.157422    0.000120    1.476602 v hold1/A (sky130_fd_sc_hd__dlygate4sd3_1)
     1    0.005088    0.129909    1.200362    2.676965 v hold1/X (sky130_fd_sc_hd__dlygate4sd3_1)
                      0.129909    0.000055    2.677020 v _25_/A (sky130_fd_sc_hd__xor2_1)
     1    0.002600    0.100640    0.314455    2.991474 v _25_/X (sky130_fd_sc_hd__xor2_1)
                      0.100640    0.000029    2.991503 v _37_/D (sky130_fd_sc_hd__dfrtp_2)
                                              2.991503   data arrival time

                                 10.000000   10.000000   clock clk (rise edge)
                                  0.000000   10.000000   clock source latency
     1    0.019874    0.149108    0.101883   10.101883 ^ clk (in)
                      0.149123    0.000000   10.101883 ^ clkbuf_0_clk/A (sky130_fd_sc_hd__clkbuf_16)
     2    0.017801    0.064680    0.254793   10.356676 ^ clkbuf_0_clk/X (sky130_fd_sc_hd__clkbuf_16)
                      0.064680    0.000177   10.356853 ^ clkbuf_1_0__f_clk/A (sky130_fd_sc_hd__clkbuf_16)
     5    0.015885    0.062302    0.213383   10.570235 ^ clkbuf_1_0__f_clk/X (sky130_fd_sc_hd__clkbuf_16)
                      0.062302    0.000099   10.570334 ^ _37_/CLK (sky130_fd_sc_hd__dfrtp_2)
                                 -0.250000   10.320334   clock uncertainty
                                  0.000000   10.320334   clock reconvergence pessimism
                                 -0.291463   10.028872   library setup time
                                             10.028872   data required time
---------------------------------------------------------------------------------------------
                                             10.028872   data required time
                                             -2.991503   data arrival time
---------------------------------------------------------------------------------------------
                                              7.037368   slack (MET)


Startpoint: enable (input port clocked by clk)
Endpoint: _38_ (rising edge-triggered flip-flop clocked by clk)
Path Group: clk
Path Type: max

Fanout         Cap        Slew       Delay        Time   Description
---------------------------------------------------------------------------------------------
                                  0.000000    0.000000   clock clk (rise edge)
                                  0.000000    0.000000   clock network delay (propagated)
                                  2.000000    2.000000 ^ input external delay
     1    0.003142    0.034523    0.017581    2.017581 ^ enable (in)
                      0.034523    0.000000    2.017581 ^ input1/A (sky130_fd_sc_hd__clkbuf_2)
     4    0.026098    0.228752    0.289964    2.307546 ^ input1/X (sky130_fd_sc_hd__clkbuf_2)
                      0.228848    0.001856    2.309402 ^ _18_/C (sky130_fd_sc_hd__and3_1)
     2    0.007227    0.145381    0.411612    2.721014 ^ _18_/X (sky130_fd_sc_hd__and3_1)
                      0.145381    0.000058    2.721072 ^ _27_/A (sky130_fd_sc_hd__nor2_1)
     1    0.002862    0.056927    0.111245    2.832317 v _27_/Y (sky130_fd_sc_hd__nor2_1)
                      0.056927    0.000035    2.832352 v _38_/D (sky130_fd_sc_hd__dfrtp_1)
                                              2.832352   data arrival time

                                 10.000000   10.000000   clock clk (rise edge)
                                  0.000000   10.000000   clock source latency
     1    0.019874    0.149108    0.101883   10.101883 ^ clk (in)
                      0.149123    0.000000   10.101883 ^ clkbuf_0_clk/A (sky130_fd_sc_hd__clkbuf_16)
     2    0.017801    0.064680    0.254793   10.356676 ^ clkbuf_0_clk/X (sky130_fd_sc_hd__clkbuf_16)
                      0.064680    0.000177   10.356853 ^ clkbuf_1_0__f_clk/A (sky130_fd_sc_hd__clkbuf_16)
     5    0.015885    0.062302    0.213383   10.570235 ^ clkbuf_1_0__f_clk/X (sky130_fd_sc_hd__clkbuf_16)
                      0.062302    0.000112   10.570348 ^ _38_/CLK (sky130_fd_sc_hd__dfrtp_1)
                                 -0.250000   10.320348   clock uncertainty
                                  0.000000   10.320348   clock reconvergence pessimism
                                 -0.273163   10.047185   library setup time
                                             10.047185   data required time
---------------------------------------------------------------------------------------------
                                             10.047185   data required time
                                             -2.832352   data arrival time
---------------------------------------------------------------------------------------------
                                              7.214832   slack (MET)


Startpoint: rst_n (input port clocked by clk)
Endpoint: _41_ (recovery check against rising-edge clock clk)
Path Group: asynchronous
Path Type: max

Fanout         Cap        Slew       Delay        Time   Description
---------------------------------------------------------------------------------------------
                                  0.000000    0.000000   clock clk (rise edge)
                                  0.000000    0.000000   clock network delay (propagated)
                                  2.000000    2.000000 ^ input external delay
     1    0.002837    0.032504    0.015968    2.015968 ^ rst_n (in)
                      0.032504    0.000000    2.015968 ^ input2/A (sky130_fd_sc_hd__clkbuf_4)
     8    0.050513    0.250612    0.362157    2.378125 ^ input2/X (sky130_fd_sc_hd__clkbuf_4)
                      0.250805    0.004170    2.382295 ^ _41_/RESET_B (sky130_fd_sc_hd__dfrtp_4)
                                              2.382295   data arrival time

                                 10.000000   10.000000   clock clk (rise edge)
                                  0.000000   10.000000   clock source latency
     1    0.019874    0.149108    0.101883   10.101883 ^ clk (in)
                      0.149123    0.000000   10.101883 ^ clkbuf_0_clk/A (sky130_fd_sc_hd__clkbuf_16)
     2    0.017801    0.064680    0.254793   10.356676 ^ clkbuf_0_clk/X (sky130_fd_sc_hd__clkbuf_16)
                      0.064680    0.000136   10.356812 ^ clkbuf_1_1__f_clk/A (sky130_fd_sc_hd__clkbuf_16)
     4    0.014988    0.061187    0.212068   10.568879 ^ clkbuf_1_1__f_clk/X (sky130_fd_sc_hd__clkbuf_16)
                      0.061187    0.000290   10.569170 ^ _41_/CLK (sky130_fd_sc_hd__dfrtp_4)
                                 -0.250000   10.319170   clock uncertainty
                                  0.000000   10.319170   clock reconvergence pessimism
                                  0.356165   10.675335   library recovery time
                                             10.675335   data required time
---------------------------------------------------------------------------------------------
                                             10.675335   data required time
                                             -2.382295   data arrival time
---------------------------------------------------------------------------------------------
                                              8.293039   slack (MET)


Startpoint: rst_n (input port clocked by clk)
Endpoint: _40_ (recovery check against rising-edge clock clk)
Path Group: asynchronous
Path Type: max

Fanout         Cap        Slew       Delay        Time   Description
---------------------------------------------------------------------------------------------
                                  0.000000    0.000000   clock clk (rise edge)
                                  0.000000    0.000000   clock network delay (propagated)
                                  2.000000    2.000000 ^ input external delay
     1    0.002837    0.032504    0.015968    2.015968 ^ rst_n (in)
                      0.032504    0.000000    2.015968 ^ input2/A (sky130_fd_sc_hd__clkbuf_4)
     8    0.050513    0.250612    0.362157    2.378125 ^ input2/X (sky130_fd_sc_hd__clkbuf_4)
                      0.250806    0.004191    2.382316 ^ _40_/RESET_B (sky130_fd_sc_hd__dfrtp_4)
                                              2.382316   data arrival time

                                 10.000000   10.000000   clock clk (rise edge)
                                  0.000000   10.000000   clock source latency
     1    0.019874    0.149108    0.101883   10.101883 ^ clk (in)
                      0.149123    0.000000   10.101883 ^ clkbuf_0_clk/A (sky130_fd_sc_hd__clkbuf_16)
     2    0.017801    0.064680    0.254793   10.356676 ^ clkbuf_0_clk/X (sky130_fd_sc_hd__clkbuf_16)
                      0.064680    0.000177   10.356853 ^ clkbuf_1_0__f_clk/A (sky130_fd_sc_hd__clkbuf_16)
     5    0.015885    0.062302    0.213383   10.570235 ^ clkbuf_1_0__f_clk/X (sky130_fd_sc_hd__clkbuf_16)
                      0.062302    0.000091   10.570327 ^ _40_/CLK (sky130_fd_sc_hd__dfrtp_4)
                                 -0.250000   10.320327   clock uncertainty
                                  0.000000   10.320327   clock reconvergence pessimism
                                  0.356542   10.676869   library recovery time
                                             10.676869   data required time
---------------------------------------------------------------------------------------------
                                             10.676869   data required time
                                             -2.382316   data arrival time
---------------------------------------------------------------------------------------------
                                              8.294554   slack (MET)


Startpoint: rst_n (input port clocked by clk)
Endpoint: _37_ (recovery check against rising-edge clock clk)
Path Group: asynchronous
Path Type: max

Fanout         Cap        Slew       Delay        Time   Description
---------------------------------------------------------------------------------------------
                                  0.000000    0.000000   clock clk (rise edge)
                                  0.000000    0.000000   clock network delay (propagated)
                                  2.000000    2.000000 ^ input external delay
     1    0.002837    0.032504    0.015968    2.015968 ^ rst_n (in)
                      0.032504    0.000000    2.015968 ^ input2/A (sky130_fd_sc_hd__clkbuf_4)
     8    0.050513    0.250612    0.362157    2.378125 ^ input2/X (sky130_fd_sc_hd__clkbuf_4)
                      0.250750    0.002845    2.380970 ^ _37_/RESET_B (sky130_fd_sc_hd__dfrtp_2)
                                              2.380970   data arrival time

                                 10.000000   10.000000   clock clk (rise edge)
                                  0.000000   10.000000   clock source latency
     1    0.019874    0.149108    0.101883   10.101883 ^ clk (in)
                      0.149123    0.000000   10.101883 ^ clkbuf_0_clk/A (sky130_fd_sc_hd__clkbuf_16)
     2    0.017801    0.064680    0.254793   10.356676 ^ clkbuf_0_clk/X (sky130_fd_sc_hd__clkbuf_16)
                      0.064680    0.000177   10.356853 ^ clkbuf_1_0__f_clk/A (sky130_fd_sc_hd__clkbuf_16)
     5    0.015885    0.062302    0.213383   10.570235 ^ clkbuf_1_0__f_clk/X (sky130_fd_sc_hd__clkbuf_16)
                      0.062302    0.000099   10.570334 ^ _37_/CLK (sky130_fd_sc_hd__dfrtp_2)
                                 -0.250000   10.320334   clock uncertainty
                                  0.000000   10.320334   clock reconvergence pessimism
                                  0.364683   10.685017   library recovery time
                                             10.685017   data required time
---------------------------------------------------------------------------------------------
                                             10.685017   data required time
                                             -2.380970   data arrival time
---------------------------------------------------------------------------------------------
                                              8.304047   slack (MET)


Startpoint: rst_n (input port clocked by clk)
Endpoint: _42_ (recovery check against rising-edge clock clk)
Path Group: asynchronous
Path Type: max

Fanout         Cap        Slew       Delay        Time   Description
---------------------------------------------------------------------------------------------
                                  0.000000    0.000000   clock clk (rise edge)
                                  0.000000    0.000000   clock network delay (propagated)
                                  2.000000    2.000000 ^ input external delay
     1    0.002837    0.032504    0.015968    2.015968 ^ rst_n (in)
                      0.032504    0.000000    2.015968 ^ input2/A (sky130_fd_sc_hd__clkbuf_4)
     8    0.050513    0.250612    0.362157    2.378125 ^ input2/X (sky130_fd_sc_hd__clkbuf_4)
                      0.250800    0.004065    2.382190 ^ _42_/RESET_B (sky130_fd_sc_hd__dfrtp_1)
                                              2.382190   data arrival time

                                 10.000000   10.000000   clock clk (rise edge)
                                  0.000000   10.000000   clock source latency
     1    0.019874    0.149108    0.101883   10.101883 ^ clk (in)
                      0.149123    0.000000   10.101883 ^ clkbuf_0_clk/A (sky130_fd_sc_hd__clkbuf_16)
     2    0.017801    0.064680    0.254793   10.356676 ^ clkbuf_0_clk/X (sky130_fd_sc_hd__clkbuf_16)
                      0.064680    0.000136   10.356812 ^ clkbuf_1_1__f_clk/A (sky130_fd_sc_hd__clkbuf_16)
     4    0.014988    0.061187    0.212068   10.568879 ^ clkbuf_1_1__f_clk/X (sky130_fd_sc_hd__clkbuf_16)
                      0.061187    0.000242   10.569121 ^ _42_/CLK (sky130_fd_sc_hd__dfrtp_1)
                                 -0.250000   10.319121   clock uncertainty
                                  0.000000   10.319121   clock reconvergence pessimism
                                  0.392632   10.711754   library recovery time
                                             10.711754   data required time
---------------------------------------------------------------------------------------------
                                             10.711754   data required time
                                             -2.382190   data arrival time
---------------------------------------------------------------------------------------------
                                              8.329563   slack (MET)


Startpoint: rst_n (input port clocked by clk)
Endpoint: _43_ (recovery check against rising-edge clock clk)
Path Group: asynchronous
Path Type: max

Fanout         Cap        Slew       Delay        Time   Description
---------------------------------------------------------------------------------------------
                                  0.000000    0.000000   clock clk (rise edge)
                                  0.000000    0.000000   clock network delay (propagated)
                                  2.000000    2.000000 ^ input external delay
     1    0.002837    0.032504    0.015968    2.015968 ^ rst_n (in)
                      0.032504    0.000000    2.015968 ^ input2/A (sky130_fd_sc_hd__clkbuf_4)
     8    0.050513    0.250612    0.362157    2.378125 ^ input2/X (sky130_fd_sc_hd__clkbuf_4)
                      0.250791    0.003890    2.382015 ^ _43_/RESET_B (sky130_fd_sc_hd__dfrtp_1)
                                              2.382015   data arrival time

                                 10.000000   10.000000   clock clk (rise edge)
                                  0.000000   10.000000   clock source latency
     1    0.019874    0.149108    0.101883   10.101883 ^ clk (in)
                      0.149123    0.000000   10.101883 ^ clkbuf_0_clk/A (sky130_fd_sc_hd__clkbuf_16)
     2    0.017801    0.064680    0.254793   10.356676 ^ clkbuf_0_clk/X (sky130_fd_sc_hd__clkbuf_16)
                      0.064680    0.000136   10.356812 ^ clkbuf_1_1__f_clk/A (sky130_fd_sc_hd__clkbuf_16)
     4    0.014988    0.061187    0.212068   10.568879 ^ clkbuf_1_1__f_clk/X (sky130_fd_sc_hd__clkbuf_16)
                      0.061187    0.000149   10.569029 ^ _43_/CLK (sky130_fd_sc_hd__dfrtp_1)
                                 -0.250000   10.319029   clock uncertainty
                                  0.000000   10.319029   clock reconvergence pessimism
                                  0.392635   10.711664   library recovery time
                                             10.711664   data required time
---------------------------------------------------------------------------------------------
                                             10.711664   data required time
                                             -2.382015   data arrival time
---------------------------------------------------------------------------------------------
                                              8.329649   slack (MET)


Startpoint: rst_n (input port clocked by clk)
Endpoint: _44_ (recovery check against rising-edge clock clk)
Path Group: asynchronous
Path Type: max

Fanout         Cap        Slew       Delay        Time   Description
---------------------------------------------------------------------------------------------
                                  0.000000    0.000000   clock clk (rise edge)
                                  0.000000    0.000000   clock network delay (propagated)
                                  2.000000    2.000000 ^ input external delay
     1    0.002837    0.032504    0.015968    2.015968 ^ rst_n (in)
                      0.032504    0.000000    2.015968 ^ input2/A (sky130_fd_sc_hd__clkbuf_4)
     8    0.050513    0.250612    0.362157    2.378125 ^ input2/X (sky130_fd_sc_hd__clkbuf_4)
                      0.250784    0.003735    2.381860 ^ _44_/RESET_B (sky130_fd_sc_hd__dfrtp_1)
                                              2.381860   data arrival time

                                 10.000000   10.000000   clock clk (rise edge)
                                  0.000000   10.000000   clock source latency
     1    0.019874    0.149108    0.101883   10.101883 ^ clk (in)
                      0.149123    0.000000   10.101883 ^ clkbuf_0_clk/A (sky130_fd_sc_hd__clkbuf_16)
     2    0.017801    0.064680    0.254793   10.356676 ^ clkbuf_0_clk/X (sky130_fd_sc_hd__clkbuf_16)
                      0.064680    0.000136   10.356812 ^ clkbuf_1_1__f_clk/A (sky130_fd_sc_hd__clkbuf_16)
     4    0.014988    0.061187    0.212068   10.568879 ^ clkbuf_1_1__f_clk/X (sky130_fd_sc_hd__clkbuf_16)
                      0.061187    0.000171   10.569050 ^ _44_/CLK (sky130_fd_sc_hd__dfrtp_1)
                                 -0.250000   10.319050   clock uncertainty
                                  0.000000   10.319050   clock reconvergence pessimism
                                  0.392638   10.711688   library recovery time
                                             10.711688   data required time
---------------------------------------------------------------------------------------------
                                             10.711688   data required time
                                             -2.381860   data arrival time
---------------------------------------------------------------------------------------------
                                              8.329828   slack (MET)


Startpoint: rst_n (input port clocked by clk)
Endpoint: _39_ (recovery check against rising-edge clock clk)
Path Group: asynchronous
Path Type: max

Fanout         Cap        Slew       Delay        Time   Description
---------------------------------------------------------------------------------------------
                                  0.000000    0.000000   clock clk (rise edge)
                                  0.000000    0.000000   clock network delay (propagated)
                                  2.000000    2.000000 ^ input external delay
     1    0.002837    0.032504    0.015968    2.015968 ^ rst_n (in)
                      0.032504    0.000000    2.015968 ^ input2/A (sky130_fd_sc_hd__clkbuf_4)
     8    0.050513    0.250612    0.362157    2.378125 ^ input2/X (sky130_fd_sc_hd__clkbuf_4)
                      0.250774    0.003484    2.381609 ^ _39_/RESET_B (sky130_fd_sc_hd__dfrtp_1)
                                              2.381609   data arrival time

                                 10.000000   10.000000   clock clk (rise edge)
                                  0.000000   10.000000   clock source latency
     1    0.019874    0.149108    0.101883   10.101883 ^ clk (in)
                      0.149123    0.000000   10.101883 ^ clkbuf_0_clk/A (sky130_fd_sc_hd__clkbuf_16)
     2    0.017801    0.064680    0.254793   10.356676 ^ clkbuf_0_clk/X (sky130_fd_sc_hd__clkbuf_16)
                      0.064680    0.000177   10.356853 ^ clkbuf_1_0__f_clk/A (sky130_fd_sc_hd__clkbuf_16)
     5    0.015885    0.062302    0.213383   10.570235 ^ clkbuf_1_0__f_clk/X (sky130_fd_sc_hd__clkbuf_16)
                      0.062302    0.000071   10.570307 ^ _39_/CLK (sky130_fd_sc_hd__dfrtp_1)
                                 -0.250000   10.320307   clock uncertainty
                                  0.000000   10.320307   clock reconvergence pessimism
                                  0.393018   10.713325   library recovery time
                                             10.713325   data required time
---------------------------------------------------------------------------------------------
                                             10.713325   data required time
                                             -2.381609   data arrival time
---------------------------------------------------------------------------------------------
                                              8.331716   slack (MET)


Startpoint: rst_n (input port clocked by clk)
Endpoint: _38_ (recovery check against rising-edge clock clk)
Path Group: asynchronous
Path Type: max

Fanout         Cap        Slew       Delay        Time   Description
---------------------------------------------------------------------------------------------
                                  0.000000    0.000000   clock clk (rise edge)
                                  0.000000    0.000000   clock network delay (propagated)
                                  2.000000    2.000000 ^ input external delay
     1    0.002837    0.032504    0.015968    2.015968 ^ rst_n (in)
                      0.032504    0.000000    2.015968 ^ input2/A (sky130_fd_sc_hd__clkbuf_4)
     8    0.050513    0.250612    0.362157    2.378125 ^ input2/X (sky130_fd_sc_hd__clkbuf_4)
                      0.250741    0.002577    2.380702 ^ _38_/RESET_B (sky130_fd_sc_hd__dfrtp_1)
                                              2.380702   data arrival time

                                 10.000000   10.000000   clock clk (rise edge)
                                  0.000000   10.000000   clock source latency
     1    0.019874    0.149108    0.101883   10.101883 ^ clk (in)
                      0.149123    0.000000   10.101883 ^ clkbuf_0_clk/A (sky130_fd_sc_hd__clkbuf_16)
     2    0.017801    0.064680    0.254793   10.356676 ^ clkbuf_0_clk/X (sky130_fd_sc_hd__clkbuf_16)
                      0.064680    0.000177   10.356853 ^ clkbuf_1_0__f_clk/A (sky130_fd_sc_hd__clkbuf_16)
     5    0.015885    0.062302    0.213383   10.570235 ^ clkbuf_1_0__f_clk/X (sky130_fd_sc_hd__clkbuf_16)
                      0.062302    0.000112   10.570348 ^ _38_/CLK (sky130_fd_sc_hd__dfrtp_1)
                                 -0.250000   10.320348   clock uncertainty
                                  0.000000   10.320348   clock reconvergence pessimism
                                  0.393030   10.713378   library recovery time
                                             10.713378   data required time
---------------------------------------------------------------------------------------------
                                             10.713378   data required time
                                             -2.380702   data arrival time
---------------------------------------------------------------------------------------------
                                              8.332677   slack (MET)



