Clock: clk
Sources: clk 
Generated: no
Virtual: yes
Propagated: no
Period: 10.000000

===========================================================================
report_clock_properties
============================================================================
Clock                   Period          Waveform
----------------------------------------------------
clk                  10.000000    0.000000  5.000000

===========================================================================
report_clock_latency
============================================================================
Clock clk
rise -> rise
    min     max
0.000000 0.000000 source latency
0.204836         network latency _43_/CLK
        0.205562 network latency _38_/CLK
---------------
0.204836 0.205562 latency
        0.000725 skew

fall -> fall
    min     max
0.000000 0.000000 source latency
0.198727         network latency _43_/CLK
        0.199348 network latency _38_/CLK
---------------
0.198727 0.199348 latency
        0.000621 skew



===========================================================================
report_clock_min_period
============================================================================
clk period_min = 1.07 fmax = 935.13
