Clock: clk
Sources: clk 
Generated: no
Virtual: yes
Propagated: no
Period: 10.000000

===========================================================================
report_clock_properties
============================================================================
Clock                   Period          Waveform
----------------------------------------------------
clk                  10.000000    0.000000  5.000000

===========================================================================
report_clock_latency
============================================================================
Clock clk
rise -> rise
    min     max
0.000000 0.000000 source latency
0.207758         network latency _43_/CLK
        0.208597 network latency _38_/CLK
---------------
0.207758 0.208597 latency
        0.000840 skew

fall -> fall
    min     max
0.000000 0.000000 source latency
0.200817         network latency _43_/CLK
        0.201535 network latency _38_/CLK
---------------
0.200817 0.201535 latency
        0.000719 skew



===========================================================================
report_clock_min_period
============================================================================
clk period_min = 1.07 fmax = 932.55
