
===========================================================================
report_checks -path_delay max (Setup)
============================================================================
======================= max_ff_n40C_1v95 Corner ===================================

Warning: corner.tcl line 67, unknown field nets.
Warning: corner.tcl line 67, report_checks -group_count is deprecated. Use -group_path_count instead.
Startpoint: enable (input port clocked by clk)
Endpoint: overflow (output port clocked by clk)
Path Group: clk
Path Type: max

Fanout         Cap        Slew       Delay        Time   Description
---------------------------------------------------------------------------------------------
                                  0.000000    0.000000   clock clk (rise edge)
                                  0.000000    0.000000   clock network delay (propagated)
                                  2.000000    2.000000 ^ input external delay
     1    0.003168    0.015237    0.008246    2.008246 ^ enable (in)
                      0.015239    0.000000    2.008246 ^ input1/A (sky130_fd_sc_hd__buf_1)
     4    0.014823    0.133684    0.117798    2.126044 ^ input1/X (sky130_fd_sc_hd__buf_1)
                      0.133697    0.001094    2.127138 ^ _19_/D (sky130_fd_sc_hd__and4_1)
     6    0.023226    0.170676    0.222645    2.349783 ^ _19_/X (sky130_fd_sc_hd__and4_1)
                      0.170754    0.001747    2.351531 ^ _23_/C (sky130_fd_sc_hd__and4_1)
     2    0.009042    0.077282    0.157156    2.508687 ^ _23_/X (sky130_fd_sc_hd__and4_1)
                      0.077284    0.000516    2.509202 ^ _24_/B (sky130_fd_sc_hd__and2_1)
     1    0.005502    0.050461    0.094923    2.604126 ^ _24_/X (sky130_fd_sc_hd__and2_1)
                      0.050462    0.000307    2.604433 ^ output11/A (sky130_fd_sc_hd__buf_2)
     1    0.034086    0.127612    0.142007    2.746439 ^ output11/X (sky130_fd_sc_hd__buf_2)
                      0.127642    0.001619    2.748059 ^ overflow (out)
                                              2.748059   data arrival time

                                 10.000000   10.000000   clock clk (rise edge)
                                  0.000000   10.000000   clock network delay (propagated)
                                 -0.250000    9.750000   clock uncertainty
                                  0.000000    9.750000   clock reconvergence pessimism
                                 -2.000000    7.750000   output external delay
                                              7.750000   data required time
---------------------------------------------------------------------------------------------
                                              7.750000   data required time
                                             -2.748059   data arrival time
---------------------------------------------------------------------------------------------
                                              5.001941   slack (MET)


Startpoint: _40_ (rising edge-triggered flip-flop clocked by clk)
Endpoint: count[3] (output port clocked by clk)
Path Group: clk
Path Type: max

Fanout         Cap        Slew       Delay        Time   Description
---------------------------------------------------------------------------------------------
                                  0.000000    0.000000   clock clk (rise edge)
                                  0.000000    0.000000   clock source latency
     1    0.014730    0.054253    0.036833    0.036833 ^ clk (in)
                      0.054266    0.000000    0.036833 ^ clkbuf_0_clk/A (sky130_fd_sc_hd__clkbuf_16)
     2    0.018066    0.029997    0.089495    0.126328 ^ clkbuf_0_clk/X (sky130_fd_sc_hd__clkbuf_16)
                      0.030017    0.001278    0.127606 ^ clkbuf_1_0__f_clk/A (sky130_fd_sc_hd__clkbuf_16)
     4    0.014506    0.027511    0.080369    0.207975 ^ clkbuf_1_0__f_clk/X (sky130_fd_sc_hd__clkbuf_16)
                      0.027511    0.000540    0.208515 ^ _40_/CLK (sky130_fd_sc_hd__dfrtp_1)
     6    0.021881    0.149251    0.284271    0.492786 ^ _40_/Q (sky130_fd_sc_hd__dfrtp_1)
                      0.149253    0.000787    0.493573 ^ output6/A (sky130_fd_sc_hd__buf_2)
     1    0.034092    0.127340    0.161559    0.655132 ^ output6/X (sky130_fd_sc_hd__buf_2)
                      0.127412    0.001640    0.656772 ^ count[3] (out)
                                              0.656772   data arrival time

                                 10.000000   10.000000   clock clk (rise edge)
                                  0.000000   10.000000   clock network delay (propagated)
                                 -0.250000    9.750000   clock uncertainty
                                  0.000000    9.750000   clock reconvergence pessimism
                                 -2.000000    7.750000   output external delay
                                              7.750000   data required time
---------------------------------------------------------------------------------------------
                                              7.750000   data required time
                                             -0.656772   data arrival time
---------------------------------------------------------------------------------------------
                                              7.093227   slack (MET)


Startpoint: _41_ (rising edge-triggered flip-flop clocked by clk)
Endpoint: count[4] (output port clocked by clk)
Path Group: clk
Path Type: max

Fanout         Cap        Slew       Delay        Time   Description
---------------------------------------------------------------------------------------------
                                  0.000000    0.000000   clock clk (rise edge)
                                  0.000000    0.000000   clock source latency
     1    0.014730    0.054253    0.036833    0.036833 ^ clk (in)
                      0.054266    0.000000    0.036833 ^ clkbuf_0_clk/A (sky130_fd_sc_hd__clkbuf_16)
     2    0.018066    0.029997    0.089495    0.126328 ^ clkbuf_0_clk/X (sky130_fd_sc_hd__clkbuf_16)
                      0.030017    0.001278    0.127606 ^ clkbuf_1_0__f_clk/A (sky130_fd_sc_hd__clkbuf_16)
     4    0.014506    0.027511    0.080369    0.207975 ^ clkbuf_1_0__f_clk/X (sky130_fd_sc_hd__clkbuf_16)
                      0.027511    0.000418    0.208394 ^ _41_/CLK (sky130_fd_sc_hd__dfrtp_1)
     4    0.014617    0.103041    0.251703    0.460097 ^ _41_/Q (sky130_fd_sc_hd__dfrtp_1)
                      0.103052    0.001116    0.461214 ^ output7/A (sky130_fd_sc_hd__buf_2)
     1    0.034639    0.129172    0.155654    0.616867 ^ output7/X (sky130_fd_sc_hd__buf_2)
                      0.129204    0.001689    0.618556 ^ count[4] (out)
                                              0.618556   data arrival time

                                 10.000000   10.000000   clock clk (rise edge)
                                  0.000000   10.000000   clock network delay (propagated)
                                 -0.250000    9.750000   clock uncertainty
                                  0.000000    9.750000   clock reconvergence pessimism
                                 -2.000000    7.750000   output external delay
                                              7.750000   data required time
---------------------------------------------------------------------------------------------
                                              7.750000   data required time
                                             -0.618556   data arrival time
---------------------------------------------------------------------------------------------
                                              7.131444   slack (MET)


Startpoint: _37_ (rising edge-triggered flip-flop clocked by clk)
Endpoint: count[0] (output port clocked by clk)
Path Group: clk
Path Type: max

Fanout         Cap        Slew       Delay        Time   Description
---------------------------------------------------------------------------------------------
                                  0.000000    0.000000   clock clk (rise edge)
                                  0.000000    0.000000   clock source latency
     1    0.014730    0.054253    0.036833    0.036833 ^ clk (in)
                      0.054266    0.000000    0.036833 ^ clkbuf_0_clk/A (sky130_fd_sc_hd__clkbuf_16)
     2    0.018066    0.029997    0.089495    0.126328 ^ clkbuf_0_clk/X (sky130_fd_sc_hd__clkbuf_16)
                      0.030016    0.001230    0.127558 ^ clkbuf_1_1__f_clk/A (sky130_fd_sc_hd__clkbuf_16)
     4    0.013340    0.026747    0.079517    0.207075 ^ clkbuf_1_1__f_clk/X (sky130_fd_sc_hd__clkbuf_16)
                      0.026749    0.000759    0.207834 ^ _37_/CLK (sky130_fd_sc_hd__dfrtp_1)
     5    0.014579    0.102837    0.251079    0.458912 ^ _37_/Q (sky130_fd_sc_hd__dfrtp_1)
                      0.102857    0.001407    0.460320 ^ output3/A (sky130_fd_sc_hd__buf_2)
     1    0.034377    0.128623    0.154966    0.615286 ^ output3/X (sky130_fd_sc_hd__buf_2)
                      0.128652    0.001595    0.616881 ^ count[0] (out)
                                              0.616881   data arrival time

                                 10.000000   10.000000   clock clk (rise edge)
                                  0.000000   10.000000   clock network delay (propagated)
                                 -0.250000    9.750000   clock uncertainty
                                  0.000000    9.750000   clock reconvergence pessimism
                                 -2.000000    7.750000   output external delay
                                              7.750000   data required time
---------------------------------------------------------------------------------------------
                                              7.750000   data required time
                                             -0.616881   data arrival time
---------------------------------------------------------------------------------------------
                                              7.133119   slack (MET)


Startpoint: _38_ (rising edge-triggered flip-flop clocked by clk)
Endpoint: count[1] (output port clocked by clk)
Path Group: clk
Path Type: max

Fanout         Cap        Slew       Delay        Time   Description
---------------------------------------------------------------------------------------------
                                  0.000000    0.000000   clock clk (rise edge)
                                  0.000000    0.000000   clock source latency
     1    0.014730    0.054253    0.036833    0.036833 ^ clk (in)
                      0.054266    0.000000    0.036833 ^ clkbuf_0_clk/A (sky130_fd_sc_hd__clkbuf_16)
     2    0.018066    0.029997    0.089495    0.126328 ^ clkbuf_0_clk/X (sky130_fd_sc_hd__clkbuf_16)
                      0.030017    0.001278    0.127606 ^ clkbuf_1_0__f_clk/A (sky130_fd_sc_hd__clkbuf_16)
     4    0.014506    0.027511    0.080369    0.207975 ^ clkbuf_1_0__f_clk/X (sky130_fd_sc_hd__clkbuf_16)
                      0.027517    0.000622    0.208597 ^ _38_/CLK (sky130_fd_sc_hd__dfrtp_1)
     4    0.012730    0.091054    0.243274    0.451872 ^ _38_/Q (sky130_fd_sc_hd__dfrtp_1)
                      0.091058    0.000713    0.452585 ^ output4/A (sky130_fd_sc_hd__buf_2)
     1    0.034003    0.126937    0.151389    0.603974 ^ output4/X (sky130_fd_sc_hd__buf_2)
                      0.126967    0.001600    0.605574 ^ count[1] (out)
                                              0.605574   data arrival time

                                 10.000000   10.000000   clock clk (rise edge)
                                  0.000000   10.000000   clock network delay (propagated)
                                 -0.250000    9.750000   clock uncertainty
                                  0.000000    9.750000   clock reconvergence pessimism
                                 -2.000000    7.750000   output external delay
                                              7.750000   data required time
---------------------------------------------------------------------------------------------
                                              7.750000   data required time
                                             -0.605574   data arrival time
---------------------------------------------------------------------------------------------
                                              7.144426   slack (MET)


Startpoint: _39_ (rising edge-triggered flip-flop clocked by clk)
Endpoint: count[2] (output port clocked by clk)
Path Group: clk
Path Type: max

Fanout         Cap        Slew       Delay        Time   Description
---------------------------------------------------------------------------------------------
                                  0.000000    0.000000   clock clk (rise edge)
                                  0.000000    0.000000   clock source latency
     1    0.014730    0.054253    0.036833    0.036833 ^ clk (in)
                      0.054266    0.000000    0.036833 ^ clkbuf_0_clk/A (sky130_fd_sc_hd__clkbuf_16)
     2    0.018066    0.029997    0.089495    0.126328 ^ clkbuf_0_clk/X (sky130_fd_sc_hd__clkbuf_16)
                      0.030017    0.001278    0.127606 ^ clkbuf_1_0__f_clk/A (sky130_fd_sc_hd__clkbuf_16)
     4    0.014506    0.027511    0.080369    0.207975 ^ clkbuf_1_0__f_clk/X (sky130_fd_sc_hd__clkbuf_16)
                      0.027511    0.000523    0.208499 ^ _39_/CLK (sky130_fd_sc_hd__dfrtp_1)
     3    0.012610    0.090268    0.242865    0.451364 ^ _39_/Q (sky130_fd_sc_hd__dfrtp_1)
                      0.090270    0.000571    0.451935 ^ output5/A (sky130_fd_sc_hd__buf_2)
     1    0.034122    0.127354    0.151476    0.603411 ^ output5/X (sky130_fd_sc_hd__buf_2)
                      0.127385    0.001639    0.605049 ^ count[2] (out)
                                              0.605049   data arrival time

                                 10.000000   10.000000   clock clk (rise edge)
                                  0.000000   10.000000   clock network delay (propagated)
                                 -0.250000    9.750000   clock uncertainty
                                  0.000000    9.750000   clock reconvergence pessimism
                                 -2.000000    7.750000   output external delay
                                              7.750000   data required time
---------------------------------------------------------------------------------------------
                                              7.750000   data required time
                                             -0.605049   data arrival time
---------------------------------------------------------------------------------------------
                                              7.144950   slack (MET)


Startpoint: _42_ (rising edge-triggered flip-flop clocked by clk)
Endpoint: count[5] (output port clocked by clk)
Path Group: clk
Path Type: max

Fanout         Cap        Slew       Delay        Time   Description
---------------------------------------------------------------------------------------------
                                  0.000000    0.000000   clock clk (rise edge)
                                  0.000000    0.000000   clock source latency
     1    0.014730    0.054253    0.036833    0.036833 ^ clk (in)
                      0.054266    0.000000    0.036833 ^ clkbuf_0_clk/A (sky130_fd_sc_hd__clkbuf_16)
     2    0.018066    0.029997    0.089495    0.126328 ^ clkbuf_0_clk/X (sky130_fd_sc_hd__clkbuf_16)
                      0.030016    0.001230    0.127558 ^ clkbuf_1_1__f_clk/A (sky130_fd_sc_hd__clkbuf_16)
     4    0.013340    0.026747    0.079517    0.207075 ^ clkbuf_1_1__f_clk/X (sky130_fd_sc_hd__clkbuf_16)
                      0.026749    0.000716    0.207791 ^ _42_/CLK (sky130_fd_sc_hd__dfrtp_1)
     3    0.012379    0.088832    0.241464    0.449255 ^ _42_/Q (sky130_fd_sc_hd__dfrtp_1)
                      0.088835    0.000658    0.449913 ^ output8/A (sky130_fd_sc_hd__buf_2)
     1    0.034069    0.127170    0.151031    0.600944 ^ output8/X (sky130_fd_sc_hd__buf_2)
                      0.127199    0.001617    0.602561 ^ count[5] (out)
                                              0.602561   data arrival time

                                 10.000000   10.000000   clock clk (rise edge)
                                  0.000000   10.000000   clock network delay (propagated)
                                 -0.250000    9.750000   clock uncertainty
                                  0.000000    9.750000   clock reconvergence pessimism
                                 -2.000000    7.750000   output external delay
                                              7.750000   data required time
---------------------------------------------------------------------------------------------
                                              7.750000   data required time
                                             -0.602561   data arrival time
---------------------------------------------------------------------------------------------
                                              7.147439   slack (MET)


Startpoint: _43_ (rising edge-triggered flip-flop clocked by clk)
Endpoint: count[6] (output port clocked by clk)
Path Group: clk
Path Type: max

Fanout         Cap        Slew       Delay        Time   Description
---------------------------------------------------------------------------------------------
                                  0.000000    0.000000   clock clk (rise edge)
                                  0.000000    0.000000   clock source latency
     1    0.014730    0.054253    0.036833    0.036833 ^ clk (in)
                      0.054266    0.000000    0.036833 ^ clkbuf_0_clk/A (sky130_fd_sc_hd__clkbuf_16)
     2    0.018066    0.029997    0.089495    0.126328 ^ clkbuf_0_clk/X (sky130_fd_sc_hd__clkbuf_16)
                      0.030016    0.001230    0.127558 ^ clkbuf_1_1__f_clk/A (sky130_fd_sc_hd__clkbuf_16)
     4    0.013340    0.026747    0.079517    0.207075 ^ clkbuf_1_1__f_clk/X (sky130_fd_sc_hd__clkbuf_16)
                      0.026748    0.000683    0.207758 ^ _43_/CLK (sky130_fd_sc_hd__dfrtp_1)
     3    0.010191    0.075441    0.231559    0.439316 ^ _43_/Q (sky130_fd_sc_hd__dfrtp_1)
                      0.075443    0.000490    0.439807 ^ output9/A (sky130_fd_sc_hd__buf_2)
     1    0.034156    0.127478    0.148154    0.587961 ^ output9/X (sky130_fd_sc_hd__buf_2)
                      0.127508    0.001642    0.589604 ^ count[6] (out)
                                              0.589604   data arrival time

                                 10.000000   10.000000   clock clk (rise edge)
                                  0.000000   10.000000   clock network delay (propagated)
                                 -0.250000    9.750000   clock uncertainty
                                  0.000000    9.750000   clock reconvergence pessimism
                                 -2.000000    7.750000   output external delay
                                              7.750000   data required time
---------------------------------------------------------------------------------------------
                                              7.750000   data required time
                                             -0.589604   data arrival time
---------------------------------------------------------------------------------------------
                                              7.160396   slack (MET)


Startpoint: _44_ (rising edge-triggered flip-flop clocked by clk)
Endpoint: count[7] (output port clocked by clk)
Path Group: clk
Path Type: max

Fanout         Cap        Slew       Delay        Time   Description
---------------------------------------------------------------------------------------------
                                  0.000000    0.000000   clock clk (rise edge)
                                  0.000000    0.000000   clock source latency
     1    0.014730    0.054253    0.036833    0.036833 ^ clk (in)
                      0.054266    0.000000    0.036833 ^ clkbuf_0_clk/A (sky130_fd_sc_hd__clkbuf_16)
     2    0.018066    0.029997    0.089495    0.126328 ^ clkbuf_0_clk/X (sky130_fd_sc_hd__clkbuf_16)
                      0.030016    0.001230    0.127558 ^ clkbuf_1_1__f_clk/A (sky130_fd_sc_hd__clkbuf_16)
     4    0.013340    0.026747    0.079517    0.207075 ^ clkbuf_1_1__f_clk/X (sky130_fd_sc_hd__clkbuf_16)
                      0.026749    0.000747    0.207822 ^ _44_/CLK (sky130_fd_sc_hd__dfrtp_1)
     3    0.009225    0.069834    0.226868    0.434690 ^ _44_/Q (sky130_fd_sc_hd__dfrtp_1)
                      0.069840    0.000679    0.435370 ^ output10/A (sky130_fd_sc_hd__buf_2)
     1    0.034161    0.127496    0.146878    0.582247 ^ output10/X (sky130_fd_sc_hd__buf_2)
                      0.127527    0.001645    0.583892 ^ count[7] (out)
                                              0.583892   data arrival time

                                 10.000000   10.000000   clock clk (rise edge)
                                  0.000000   10.000000   clock network delay (propagated)
                                 -0.250000    9.750000   clock uncertainty
                                  0.000000    9.750000   clock reconvergence pessimism
                                 -2.000000    7.750000   output external delay
                                              7.750000   data required time
---------------------------------------------------------------------------------------------
                                              7.750000   data required time
                                             -0.583892   data arrival time
---------------------------------------------------------------------------------------------
                                              7.166108   slack (MET)


Startpoint: enable (input port clocked by clk)
Endpoint: _42_ (rising edge-triggered flip-flop clocked by clk)
Path Group: clk
Path Type: max

Fanout         Cap        Slew       Delay        Time   Description
---------------------------------------------------------------------------------------------
                                  0.000000    0.000000   clock clk (rise edge)
                                  0.000000    0.000000   clock network delay (propagated)
                                  2.000000    2.000000 ^ input external delay
     1    0.003168    0.015237    0.008246    2.008246 ^ enable (in)
                      0.015239    0.000000    2.008246 ^ input1/A (sky130_fd_sc_hd__buf_1)
     4    0.014823    0.133684    0.117798    2.126044 ^ input1/X (sky130_fd_sc_hd__buf_1)
                      0.133697    0.001094    2.127138 ^ _19_/D (sky130_fd_sc_hd__and4_1)
     6    0.023226    0.170676    0.222645    2.349783 ^ _19_/X (sky130_fd_sc_hd__and4_1)
                      0.170749    0.001579    2.351362 ^ _22_/B (sky130_fd_sc_hd__and3_1)
     2    0.007589    0.067364    0.134208    2.485570 ^ _22_/X (sky130_fd_sc_hd__and3_1)
                      0.067364    0.000295    2.485865 ^ _34_/A_N (sky130_fd_sc_hd__and2b_1)
     1    0.002656    0.024318    0.109506    2.595371 v _34_/X (sky130_fd_sc_hd__and2b_1)
                      0.024319    0.000179    2.595551 v _42_/D (sky130_fd_sc_hd__dfrtp_1)
                                              2.595551   data arrival time

                                 10.000000   10.000000   clock clk (rise edge)
                                  0.000000   10.000000   clock source latency
     1    0.014730    0.054253    0.036833   10.036833 ^ clk (in)
                      0.054266    0.000000   10.036833 ^ clkbuf_0_clk/A (sky130_fd_sc_hd__clkbuf_16)
     2    0.018066    0.029997    0.089495   10.126328 ^ clkbuf_0_clk/X (sky130_fd_sc_hd__clkbuf_16)
                      0.030016    0.001230   10.127558 ^ clkbuf_1_1__f_clk/A (sky130_fd_sc_hd__clkbuf_16)
     4    0.013340    0.026747    0.079518   10.207075 ^ clkbuf_1_1__f_clk/X (sky130_fd_sc_hd__clkbuf_16)
                      0.026749    0.000716   10.207791 ^ _42_/CLK (sky130_fd_sc_hd__dfrtp_1)
                                 -0.250000    9.957791   clock uncertainty
                                  0.000000    9.957791   clock reconvergence pessimism
                                 -0.070206    9.887586   library setup time
                                              9.887586   data required time
---------------------------------------------------------------------------------------------
                                              9.887586   data required time
                                             -2.595551   data arrival time
---------------------------------------------------------------------------------------------
                                              7.292034   slack (MET)


Startpoint: enable (input port clocked by clk)
Endpoint: _44_ (rising edge-triggered flip-flop clocked by clk)
Path Group: clk
Path Type: max

Fanout         Cap        Slew       Delay        Time   Description
---------------------------------------------------------------------------------------------
                                  0.000000    0.000000   clock clk (rise edge)
                                  0.000000    0.000000   clock network delay (propagated)
                                  2.000000    2.000000 ^ input external delay
     1    0.003168    0.015237    0.008246    2.008246 ^ enable (in)
                      0.015239    0.000000    2.008246 ^ input1/A (sky130_fd_sc_hd__buf_1)
     4    0.014823    0.133684    0.117798    2.126044 ^ input1/X (sky130_fd_sc_hd__buf_1)
                      0.133697    0.001094    2.127138 ^ _19_/D (sky130_fd_sc_hd__and4_1)
     6    0.023226    0.170676    0.222645    2.349783 ^ _19_/X (sky130_fd_sc_hd__and4_1)
                      0.170754    0.001747    2.351531 ^ _23_/C (sky130_fd_sc_hd__and4_1)
     2    0.009042    0.077282    0.157156    2.508687 ^ _23_/X (sky130_fd_sc_hd__and4_1)
                      0.077287    0.000682    2.509369 ^ _36_/B (sky130_fd_sc_hd__xor2_1)
     1    0.002553    0.076984    0.089454    2.598823 ^ _36_/X (sky130_fd_sc_hd__xor2_1)
                      0.076984    0.000176    2.598999 ^ _44_/D (sky130_fd_sc_hd__dfrtp_1)
                                              2.598999   data arrival time

                                 10.000000   10.000000   clock clk (rise edge)
                                  0.000000   10.000000   clock source latency
     1    0.014730    0.054253    0.036833   10.036833 ^ clk (in)
                      0.054266    0.000000   10.036833 ^ clkbuf_0_clk/A (sky130_fd_sc_hd__clkbuf_16)
     2    0.018066    0.029997    0.089495   10.126328 ^ clkbuf_0_clk/X (sky130_fd_sc_hd__clkbuf_16)
                      0.030016    0.001230   10.127558 ^ clkbuf_1_1__f_clk/A (sky130_fd_sc_hd__clkbuf_16)
     4    0.013340    0.026747    0.079518   10.207075 ^ clkbuf_1_1__f_clk/X (sky130_fd_sc_hd__clkbuf_16)
                      0.026749    0.000747   10.207823 ^ _44_/CLK (sky130_fd_sc_hd__dfrtp_1)
                                 -0.250000    9.957823   clock uncertainty
                                  0.000000    9.957823   clock reconvergence pessimism
                                 -0.038327    9.919496   library setup time
                                              9.919496   data required time
---------------------------------------------------------------------------------------------
                                              9.919496   data required time
                                             -2.598999   data arrival time
---------------------------------------------------------------------------------------------
                                              7.320497   slack (MET)


Startpoint: enable (input port clocked by clk)
Endpoint: _43_ (rising edge-triggered flip-flop clocked by clk)
Path Group: clk
Path Type: max

Fanout         Cap        Slew       Delay        Time   Description
---------------------------------------------------------------------------------------------
                                  0.000000    0.000000   clock clk (rise edge)
                                  0.000000    0.000000   clock network delay (propagated)
                                  2.000000    2.000000 ^ input external delay
     1    0.003168    0.015237    0.008246    2.008246 ^ enable (in)
                      0.015239    0.000000    2.008246 ^ input1/A (sky130_fd_sc_hd__buf_1)
     4    0.014823    0.133684    0.117798    2.126044 ^ input1/X (sky130_fd_sc_hd__buf_1)
                      0.133697    0.001094    2.127138 ^ _19_/D (sky130_fd_sc_hd__and4_1)
     6    0.023226    0.170676    0.222645    2.349783 ^ _19_/X (sky130_fd_sc_hd__and4_1)
                      0.170749    0.001579    2.351362 ^ _22_/B (sky130_fd_sc_hd__and3_1)
     2    0.007589    0.067364    0.134208    2.485570 ^ _22_/X (sky130_fd_sc_hd__and3_1)
                      0.067364    0.000311    2.485881 ^ _35_/B (sky130_fd_sc_hd__xor2_1)
     1    0.003185    0.084978    0.095332    2.581213 ^ _35_/X (sky130_fd_sc_hd__xor2_1)
                      0.084979    0.000209    2.581423 ^ _43_/D (sky130_fd_sc_hd__dfrtp_1)
                                              2.581423   data arrival time

                                 10.000000   10.000000   clock clk (rise edge)
                                  0.000000   10.000000   clock source latency
     1    0.014730    0.054253    0.036833   10.036833 ^ clk (in)
                      0.054266    0.000000   10.036833 ^ clkbuf_0_clk/A (sky130_fd_sc_hd__clkbuf_16)
     2    0.018066    0.029997    0.089495   10.126328 ^ clkbuf_0_clk/X (sky130_fd_sc_hd__clkbuf_16)
                      0.030016    0.001230   10.127558 ^ clkbuf_1_1__f_clk/A (sky130_fd_sc_hd__clkbuf_16)
     4    0.013340    0.026747    0.079518   10.207075 ^ clkbuf_1_1__f_clk/X (sky130_fd_sc_hd__clkbuf_16)
                      0.026748    0.000683   10.207759 ^ _43_/CLK (sky130_fd_sc_hd__dfrtp_1)
                                 -0.250000    9.957759   clock uncertainty
                                  0.000000    9.957759   clock reconvergence pessimism
                                 -0.039087    9.918672   library setup time
                                              9.918672   data required time
---------------------------------------------------------------------------------------------
                                              9.918672   data required time
                                             -2.581423   data arrival time
---------------------------------------------------------------------------------------------
                                              7.337249   slack (MET)


Startpoint: enable (input port clocked by clk)
Endpoint: _40_ (rising edge-triggered flip-flop clocked by clk)
Path Group: clk
Path Type: max

Fanout         Cap        Slew       Delay        Time   Description
---------------------------------------------------------------------------------------------
                                  0.000000    0.000000   clock clk (rise edge)
                                  0.000000    0.000000   clock network delay (propagated)
                                  2.000000    2.000000 v input external delay
     1    0.002980    0.004978    0.002476    2.002476 v enable (in)
                      0.004986    0.000000    2.002476 v input1/A (sky130_fd_sc_hd__buf_1)
     4    0.014012    0.058848    0.080279    2.082755 v input1/X (sky130_fd_sc_hd__buf_1)
                      0.058891    0.001029    2.083784 v _19_/D (sky130_fd_sc_hd__and4_1)
     6    0.022255    0.082344    0.190526    2.274310 v _19_/X (sky130_fd_sc_hd__and4_1)
                      0.082367    0.001300    2.275610 v _30_/B (sky130_fd_sc_hd__or2_1)
     1    0.001779    0.028756    0.131322    2.406932 v _30_/X (sky130_fd_sc_hd__or2_1)
                      0.028756    0.000083    2.407015 v _31_/B (sky130_fd_sc_hd__and2_1)
     1    0.002943    0.025682    0.094388    2.501402 v _31_/X (sky130_fd_sc_hd__and2_1)
                      0.025682    0.000125    2.501527 v _40_/D (sky130_fd_sc_hd__dfrtp_1)
                                              2.501527   data arrival time

                                 10.000000   10.000000   clock clk (rise edge)
                                  0.000000   10.000000   clock source latency
     1    0.014730    0.054253    0.036833   10.036833 ^ clk (in)
                      0.054266    0.000000   10.036833 ^ clkbuf_0_clk/A (sky130_fd_sc_hd__clkbuf_16)
     2    0.018066    0.029997    0.089495   10.126328 ^ clkbuf_0_clk/X (sky130_fd_sc_hd__clkbuf_16)
                      0.030017    0.001279   10.127606 ^ clkbuf_1_0__f_clk/A (sky130_fd_sc_hd__clkbuf_16)
     4    0.014506    0.027511    0.080369   10.207975 ^ clkbuf_1_0__f_clk/X (sky130_fd_sc_hd__clkbuf_16)
                      0.027511    0.000540   10.208515 ^ _40_/CLK (sky130_fd_sc_hd__dfrtp_1)
                                 -0.250000    9.958515   clock uncertainty
                                  0.000000    9.958515   clock reconvergence pessimism
                                 -0.070620    9.887896   library setup time
                                              9.887896   data required time
---------------------------------------------------------------------------------------------
                                              9.887896   data required time
                                             -2.501527   data arrival time
---------------------------------------------------------------------------------------------
                                              7.386368   slack (MET)


Startpoint: enable (input port clocked by clk)
Endpoint: _41_ (rising edge-triggered flip-flop clocked by clk)
Path Group: clk
Path Type: max

Fanout         Cap        Slew       Delay        Time   Description
---------------------------------------------------------------------------------------------
                                  0.000000    0.000000   clock clk (rise edge)
                                  0.000000    0.000000   clock network delay (propagated)
                                  2.000000    2.000000 ^ input external delay
     1    0.003168    0.015237    0.008246    2.008246 ^ enable (in)
                      0.015239    0.000000    2.008246 ^ input1/A (sky130_fd_sc_hd__buf_1)
     4    0.014823    0.133684    0.117798    2.126044 ^ input1/X (sky130_fd_sc_hd__buf_1)
                      0.133697    0.001094    2.127138 ^ _19_/D (sky130_fd_sc_hd__and4_1)
     6    0.023226    0.170676    0.222645    2.349783 ^ _19_/X (sky130_fd_sc_hd__and4_1)
                      0.170743    0.001349    2.351132 ^ _20_/B (sky130_fd_sc_hd__nand2_1)
     2    0.006448    0.054970    0.056368    2.407501 v _20_/Y (sky130_fd_sc_hd__nand2_1)
                      0.054973    0.000353    2.407854 v _32_/B (sky130_fd_sc_hd__xnor2_1)
     1    0.002493    0.028058    0.083380    2.491234 v _32_/Y (sky130_fd_sc_hd__xnor2_1)
                      0.028058    0.000173    2.491406 v _41_/D (sky130_fd_sc_hd__dfrtp_1)
                                              2.491406   data arrival time

                                 10.000000   10.000000   clock clk (rise edge)
                                  0.000000   10.000000   clock source latency
     1    0.014730    0.054253    0.036833   10.036833 ^ clk (in)
                      0.054266    0.000000   10.036833 ^ clkbuf_0_clk/A (sky130_fd_sc_hd__clkbuf_16)
     2    0.018066    0.029997    0.089495   10.126328 ^ clkbuf_0_clk/X (sky130_fd_sc_hd__clkbuf_16)
                      0.030017    0.001279   10.127606 ^ clkbuf_1_0__f_clk/A (sky130_fd_sc_hd__clkbuf_16)
     4    0.014506    0.027511    0.080369   10.207975 ^ clkbuf_1_0__f_clk/X (sky130_fd_sc_hd__clkbuf_16)
                      0.027511    0.000418   10.208393 ^ _41_/CLK (sky130_fd_sc_hd__dfrtp_1)
                                 -0.250000    9.958393   clock uncertainty
                                  0.000000    9.958393   clock reconvergence pessimism
                                 -0.071469    9.886925   library setup time
                                              9.886925   data required time
---------------------------------------------------------------------------------------------
                                              9.886925   data required time
                                             -2.491406   data arrival time
---------------------------------------------------------------------------------------------
                                              7.395518   slack (MET)


Startpoint: enable (input port clocked by clk)
Endpoint: _39_ (rising edge-triggered flip-flop clocked by clk)
Path Group: clk
Path Type: max

Fanout         Cap        Slew       Delay        Time   Description
---------------------------------------------------------------------------------------------
                                  0.000000    0.000000   clock clk (rise edge)
                                  0.000000    0.000000   clock network delay (propagated)
                                  2.000000    2.000000 ^ input external delay
     1    0.003168    0.015237    0.008246    2.008246 ^ enable (in)
                      0.015239    0.000000    2.008246 ^ input1/A (sky130_fd_sc_hd__buf_1)
     4    0.014823    0.133684    0.117798    2.126044 ^ input1/X (sky130_fd_sc_hd__buf_1)
                      0.133697    0.001094    2.127138 ^ _19_/D (sky130_fd_sc_hd__and4_1)
     6    0.023226    0.170676    0.222645    2.349783 ^ _19_/X (sky130_fd_sc_hd__and4_1)
                      0.170677    0.000810    2.350593 ^ _29_/A (sky130_fd_sc_hd__nor2_1)
     1    0.002564    0.041020    0.031601    2.382194 v _29_/Y (sky130_fd_sc_hd__nor2_1)
                      0.041020    0.000122    2.382317 v _39_/D (sky130_fd_sc_hd__dfrtp_1)
                                              2.382317   data arrival time

                                 10.000000   10.000000   clock clk (rise edge)
                                  0.000000   10.000000   clock source latency
     1    0.014730    0.054253    0.036833   10.036833 ^ clk (in)
                      0.054266    0.000000   10.036833 ^ clkbuf_0_clk/A (sky130_fd_sc_hd__clkbuf_16)
     2    0.018066    0.029997    0.089495   10.126328 ^ clkbuf_0_clk/X (sky130_fd_sc_hd__clkbuf_16)
                      0.030017    0.001279   10.127606 ^ clkbuf_1_0__f_clk/A (sky130_fd_sc_hd__clkbuf_16)
     4    0.014506    0.027511    0.080369   10.207975 ^ clkbuf_1_0__f_clk/X (sky130_fd_sc_hd__clkbuf_16)
                      0.027511    0.000524   10.208499 ^ _39_/CLK (sky130_fd_sc_hd__dfrtp_1)
                                 -0.250000    9.958499   clock uncertainty
                                  0.000000    9.958499   clock reconvergence pessimism
                                 -0.076098    9.882401   library setup time
                                              9.882401   data required time
---------------------------------------------------------------------------------------------
                                              9.882401   data required time
                                             -2.382317   data arrival time
---------------------------------------------------------------------------------------------
                                              7.500084   slack (MET)


Startpoint: enable (input port clocked by clk)
Endpoint: _38_ (rising edge-triggered flip-flop clocked by clk)
Path Group: clk
Path Type: max

Fanout         Cap        Slew       Delay        Time   Description
---------------------------------------------------------------------------------------------
                                  0.000000    0.000000   clock clk (rise edge)
                                  0.000000    0.000000   clock network delay (propagated)
                                  2.000000    2.000000 ^ input external delay
     1    0.003168    0.015237    0.008246    2.008246 ^ enable (in)
                      0.015239    0.000000    2.008246 ^ input1/A (sky130_fd_sc_hd__buf_1)
     4    0.014823    0.133684    0.117798    2.126044 ^ input1/X (sky130_fd_sc_hd__buf_1)
                      0.133696    0.001039    2.127083 ^ _18_/C (sky130_fd_sc_hd__and3_1)
     2    0.006467    0.059256    0.123266    2.250349 ^ _18_/X (sky130_fd_sc_hd__and3_1)
                      0.059257    0.000410    2.250760 ^ _27_/A (sky130_fd_sc_hd__nor2_1)
     1    0.002901    0.025552    0.029737    2.280497 v _27_/Y (sky130_fd_sc_hd__nor2_1)
                      0.025553    0.000190    2.280687 v _38_/D (sky130_fd_sc_hd__dfrtp_1)
                                              2.280687   data arrival time

                                 10.000000   10.000000   clock clk (rise edge)
                                  0.000000   10.000000   clock source latency
     1    0.014730    0.054253    0.036833   10.036833 ^ clk (in)
                      0.054266    0.000000   10.036833 ^ clkbuf_0_clk/A (sky130_fd_sc_hd__clkbuf_16)
     2    0.018066    0.029997    0.089495   10.126328 ^ clkbuf_0_clk/X (sky130_fd_sc_hd__clkbuf_16)
                      0.030017    0.001279   10.127606 ^ clkbuf_1_0__f_clk/A (sky130_fd_sc_hd__clkbuf_16)
     4    0.014506    0.027511    0.080369   10.207975 ^ clkbuf_1_0__f_clk/X (sky130_fd_sc_hd__clkbuf_16)
                      0.027517    0.000623   10.208598 ^ _38_/CLK (sky130_fd_sc_hd__dfrtp_1)
                                 -0.250000    9.958598   clock uncertainty
                                  0.000000    9.958598   clock reconvergence pessimism
                                 -0.070573    9.888025   library setup time
                                              9.888025   data required time
---------------------------------------------------------------------------------------------
                                              9.888025   data required time
                                             -2.280687   data arrival time
---------------------------------------------------------------------------------------------
                                              7.607338   slack (MET)


Startpoint: enable (input port clocked by clk)
Endpoint: _37_ (rising edge-triggered flip-flop clocked by clk)
Path Group: clk
Path Type: max

Fanout         Cap        Slew       Delay        Time   Description
---------------------------------------------------------------------------------------------
                                  0.000000    0.000000   clock clk (rise edge)
                                  0.000000    0.000000   clock network delay (propagated)
                                  2.000000    2.000000 ^ input external delay
     1    0.003168    0.015237    0.008246    2.008246 ^ enable (in)
                      0.015239    0.000000    2.008246 ^ input1/A (sky130_fd_sc_hd__buf_1)
     4    0.014823    0.133684    0.117798    2.126044 ^ input1/X (sky130_fd_sc_hd__buf_1)
                      0.133700    0.001176    2.127221 ^ _25_/B (sky130_fd_sc_hd__xor2_1)
     1    0.003370    0.087302    0.098439    2.225660 ^ _25_/X (sky130_fd_sc_hd__xor2_1)
                      0.087302    0.000213    2.225873 ^ _37_/D (sky130_fd_sc_hd__dfrtp_1)
                                              2.225873   data arrival time

                                 10.000000   10.000000   clock clk (rise edge)
                                  0.000000   10.000000   clock source latency
     1    0.014730    0.054253    0.036833   10.036833 ^ clk (in)
                      0.054266    0.000000   10.036833 ^ clkbuf_0_clk/A (sky130_fd_sc_hd__clkbuf_16)
     2    0.018066    0.029997    0.089495   10.126328 ^ clkbuf_0_clk/X (sky130_fd_sc_hd__clkbuf_16)
                      0.030016    0.001230   10.127558 ^ clkbuf_1_1__f_clk/A (sky130_fd_sc_hd__clkbuf_16)
     4    0.013340    0.026747    0.079518   10.207075 ^ clkbuf_1_1__f_clk/X (sky130_fd_sc_hd__clkbuf_16)
                      0.026749    0.000759   10.207834 ^ _37_/CLK (sky130_fd_sc_hd__dfrtp_1)
                                 -0.250000    9.957834   clock uncertainty
                                  0.000000    9.957834   clock reconvergence pessimism
                                 -0.039308    9.918526   library setup time
                                              9.918526   data required time
---------------------------------------------------------------------------------------------
                                              9.918526   data required time
                                             -2.225873   data arrival time
---------------------------------------------------------------------------------------------
                                              7.692653   slack (MET)


Startpoint: rst_n (input port clocked by clk)
Endpoint: _42_ (recovery check against rising-edge clock clk)
Path Group: asynchronous
Path Type: max

Fanout         Cap        Slew       Delay        Time   Description
---------------------------------------------------------------------------------------------
                                  0.000000    0.000000   clock clk (rise edge)
                                  0.000000    0.000000   clock network delay (propagated)
                                  2.000000    2.000000 ^ input external delay
     1    0.003190    0.015317    0.008304    2.008304 ^ rst_n (in)
                      0.015318    0.000000    2.008304 ^ input2/A (sky130_fd_sc_hd__clkbuf_4)
     8    0.045023    0.107784    0.134980    2.143284 ^ input2/X (sky130_fd_sc_hd__clkbuf_4)
                      0.108153    0.005105    2.148389 ^ _42_/RESET_B (sky130_fd_sc_hd__dfrtp_1)
                                              2.148389   data arrival time

                                 10.000000   10.000000   clock clk (rise edge)
                                  0.000000   10.000000   clock source latency
     1    0.014730    0.054253    0.036833   10.036833 ^ clk (in)
                      0.054266    0.000000   10.036833 ^ clkbuf_0_clk/A (sky130_fd_sc_hd__clkbuf_16)
     2    0.018066    0.029997    0.089495   10.126328 ^ clkbuf_0_clk/X (sky130_fd_sc_hd__clkbuf_16)
                      0.030016    0.001230   10.127558 ^ clkbuf_1_1__f_clk/A (sky130_fd_sc_hd__clkbuf_16)
     4    0.013340    0.026747    0.079518   10.207075 ^ clkbuf_1_1__f_clk/X (sky130_fd_sc_hd__clkbuf_16)
                      0.026749    0.000716   10.207791 ^ _42_/CLK (sky130_fd_sc_hd__dfrtp_1)
                                 -0.250000    9.957791   clock uncertainty
                                  0.000000    9.957791   clock reconvergence pessimism
                                  0.128582   10.086373   library recovery time
                                             10.086373   data required time
---------------------------------------------------------------------------------------------
                                             10.086373   data required time
                                             -2.148389   data arrival time
---------------------------------------------------------------------------------------------
                                              7.937985   slack (MET)


Startpoint: rst_n (input port clocked by clk)
Endpoint: _43_ (recovery check against rising-edge clock clk)
Path Group: asynchronous
Path Type: max

Fanout         Cap        Slew       Delay        Time   Description
---------------------------------------------------------------------------------------------
                                  0.000000    0.000000   clock clk (rise edge)
                                  0.000000    0.000000   clock network delay (propagated)
                                  2.000000    2.000000 ^ input external delay
     1    0.003190    0.015317    0.008304    2.008304 ^ rst_n (in)
                      0.015318    0.000000    2.008304 ^ input2/A (sky130_fd_sc_hd__clkbuf_4)
     8    0.045023    0.107784    0.134980    2.143284 ^ input2/X (sky130_fd_sc_hd__clkbuf_4)
                      0.108141    0.005024    2.148309 ^ _43_/RESET_B (sky130_fd_sc_hd__dfrtp_1)
                                              2.148309   data arrival time

                                 10.000000   10.000000   clock clk (rise edge)
                                  0.000000   10.000000   clock source latency
     1    0.014730    0.054253    0.036833   10.036833 ^ clk (in)
                      0.054266    0.000000   10.036833 ^ clkbuf_0_clk/A (sky130_fd_sc_hd__clkbuf_16)
     2    0.018066    0.029997    0.089495   10.126328 ^ clkbuf_0_clk/X (sky130_fd_sc_hd__clkbuf_16)
                      0.030016    0.001230   10.127558 ^ clkbuf_1_1__f_clk/A (sky130_fd_sc_hd__clkbuf_16)
     4    0.013340    0.026747    0.079518   10.207075 ^ clkbuf_1_1__f_clk/X (sky130_fd_sc_hd__clkbuf_16)
                      0.026748    0.000683   10.207759 ^ _43_/CLK (sky130_fd_sc_hd__dfrtp_1)
                                 -0.250000    9.957759   clock uncertainty
                                  0.000000    9.957759   clock reconvergence pessimism
                                  0.128584   10.086343   library recovery time
                                             10.086343   data required time
---------------------------------------------------------------------------------------------
                                             10.086343   data required time
                                             -2.148309   data arrival time
---------------------------------------------------------------------------------------------
                                              7.938035   slack (MET)


Startpoint: rst_n (input port clocked by clk)
Endpoint: _44_ (recovery check against rising-edge clock clk)
Path Group: asynchronous
Path Type: max

Fanout         Cap        Slew       Delay        Time   Description
---------------------------------------------------------------------------------------------
                                  0.000000    0.000000   clock clk (rise edge)
                                  0.000000    0.000000   clock network delay (propagated)
                                  2.000000    2.000000 ^ input external delay
     1    0.003190    0.015317    0.008304    2.008304 ^ rst_n (in)
                      0.015318    0.000000    2.008304 ^ input2/A (sky130_fd_sc_hd__clkbuf_4)
     8    0.045023    0.107784    0.134980    2.143284 ^ input2/X (sky130_fd_sc_hd__clkbuf_4)
                      0.108091    0.004670    2.147954 ^ _44_/RESET_B (sky130_fd_sc_hd__dfrtp_1)
                                              2.147954   data arrival time

                                 10.000000   10.000000   clock clk (rise edge)
                                  0.000000   10.000000   clock source latency
     1    0.014730    0.054253    0.036833   10.036833 ^ clk (in)
                      0.054266    0.000000   10.036833 ^ clkbuf_0_clk/A (sky130_fd_sc_hd__clkbuf_16)
     2    0.018066    0.029997    0.089495   10.126328 ^ clkbuf_0_clk/X (sky130_fd_sc_hd__clkbuf_16)
                      0.030016    0.001230   10.127558 ^ clkbuf_1_1__f_clk/A (sky130_fd_sc_hd__clkbuf_16)
     4    0.013340    0.026747    0.079518   10.207075 ^ clkbuf_1_1__f_clk/X (sky130_fd_sc_hd__clkbuf_16)
                      0.026749    0.000747   10.207823 ^ _44_/CLK (sky130_fd_sc_hd__dfrtp_1)
                                 -0.250000    9.957823   clock uncertainty
                                  0.000000    9.957823   clock reconvergence pessimism
                                  0.128594   10.086416   library recovery time
                                             10.086416   data required time
---------------------------------------------------------------------------------------------
                                             10.086416   data required time
                                             -2.147954   data arrival time
---------------------------------------------------------------------------------------------
                                              7.938463   slack (MET)


Startpoint: rst_n (input port clocked by clk)
Endpoint: _37_ (recovery check against rising-edge clock clk)
Path Group: asynchronous
Path Type: max

Fanout         Cap        Slew       Delay        Time   Description
---------------------------------------------------------------------------------------------
                                  0.000000    0.000000   clock clk (rise edge)
                                  0.000000    0.000000   clock network delay (propagated)
                                  2.000000    2.000000 ^ input external delay
     1    0.003190    0.015317    0.008304    2.008304 ^ rst_n (in)
                      0.015318    0.000000    2.008304 ^ input2/A (sky130_fd_sc_hd__clkbuf_4)
     8    0.045023    0.107784    0.134980    2.143284 ^ input2/X (sky130_fd_sc_hd__clkbuf_4)
                      0.108067    0.004494    2.147778 ^ _37_/RESET_B (sky130_fd_sc_hd__dfrtp_1)
                                              2.147778   data arrival time

                                 10.000000   10.000000   clock clk (rise edge)
                                  0.000000   10.000000   clock source latency
     1    0.014730    0.054253    0.036833   10.036833 ^ clk (in)
                      0.054266    0.000000   10.036833 ^ clkbuf_0_clk/A (sky130_fd_sc_hd__clkbuf_16)
     2    0.018066    0.029997    0.089495   10.126328 ^ clkbuf_0_clk/X (sky130_fd_sc_hd__clkbuf_16)
                      0.030016    0.001230   10.127558 ^ clkbuf_1_1__f_clk/A (sky130_fd_sc_hd__clkbuf_16)
     4    0.013340    0.026747    0.079518   10.207075 ^ clkbuf_1_1__f_clk/X (sky130_fd_sc_hd__clkbuf_16)
                      0.026749    0.000759   10.207834 ^ _37_/CLK (sky130_fd_sc_hd__dfrtp_1)
                                 -0.250000    9.957834   clock uncertainty
                                  0.000000    9.957834   clock reconvergence pessimism
                                  0.128598   10.086432   library recovery time
                                             10.086432   data required time
---------------------------------------------------------------------------------------------
                                             10.086432   data required time
                                             -2.147778   data arrival time
---------------------------------------------------------------------------------------------
                                              7.938654   slack (MET)


Startpoint: rst_n (input port clocked by clk)
Endpoint: _41_ (recovery check against rising-edge clock clk)
Path Group: asynchronous
Path Type: max

Fanout         Cap        Slew       Delay        Time   Description
---------------------------------------------------------------------------------------------
                                  0.000000    0.000000   clock clk (rise edge)
                                  0.000000    0.000000   clock network delay (propagated)
                                  2.000000    2.000000 ^ input external delay
     1    0.003190    0.015317    0.008304    2.008304 ^ rst_n (in)
                      0.015318    0.000000    2.008304 ^ input2/A (sky130_fd_sc_hd__clkbuf_4)
     8    0.045023    0.107784    0.134980    2.143284 ^ input2/X (sky130_fd_sc_hd__clkbuf_4)
                      0.108057    0.004418    2.147702 ^ _41_/RESET_B (sky130_fd_sc_hd__dfrtp_1)
                                              2.147702   data arrival time

                                 10.000000   10.000000   clock clk (rise edge)
                                  0.000000   10.000000   clock source latency
     1    0.014730    0.054253    0.036833   10.036833 ^ clk (in)
                      0.054266    0.000000   10.036833 ^ clkbuf_0_clk/A (sky130_fd_sc_hd__clkbuf_16)
     2    0.018066    0.029997    0.089495   10.126328 ^ clkbuf_0_clk/X (sky130_fd_sc_hd__clkbuf_16)
                      0.030017    0.001279   10.127606 ^ clkbuf_1_0__f_clk/A (sky130_fd_sc_hd__clkbuf_16)
     4    0.014506    0.027511    0.080369   10.207975 ^ clkbuf_1_0__f_clk/X (sky130_fd_sc_hd__clkbuf_16)
                      0.027511    0.000418   10.208393 ^ _41_/CLK (sky130_fd_sc_hd__dfrtp_1)
                                 -0.250000    9.958393   clock uncertainty
                                  0.000000    9.958393   clock reconvergence pessimism
                                  0.128717   10.087111   library recovery time
                                             10.087111   data required time
---------------------------------------------------------------------------------------------
                                             10.087111   data required time
                                             -2.147702   data arrival time
---------------------------------------------------------------------------------------------
                                              7.939407   slack (MET)


Startpoint: rst_n (input port clocked by clk)
Endpoint: _40_ (recovery check against rising-edge clock clk)
Path Group: asynchronous
Path Type: max

Fanout         Cap        Slew       Delay        Time   Description
---------------------------------------------------------------------------------------------
                                  0.000000    0.000000   clock clk (rise edge)
                                  0.000000    0.000000   clock network delay (propagated)
                                  2.000000    2.000000 ^ input external delay
     1    0.003190    0.015317    0.008304    2.008304 ^ rst_n (in)
                      0.015318    0.000000    2.008304 ^ input2/A (sky130_fd_sc_hd__clkbuf_4)
     8    0.045023    0.107784    0.134980    2.143284 ^ input2/X (sky130_fd_sc_hd__clkbuf_4)
                      0.108026    0.004166    2.147450 ^ _40_/RESET_B (sky130_fd_sc_hd__dfrtp_1)
                                              2.147450   data arrival time

                                 10.000000   10.000000   clock clk (rise edge)
                                  0.000000   10.000000   clock source latency
     1    0.014730    0.054253    0.036833   10.036833 ^ clk (in)
                      0.054266    0.000000   10.036833 ^ clkbuf_0_clk/A (sky130_fd_sc_hd__clkbuf_16)
     2    0.018066    0.029997    0.089495   10.126328 ^ clkbuf_0_clk/X (sky130_fd_sc_hd__clkbuf_16)
                      0.030017    0.001279   10.127606 ^ clkbuf_1_0__f_clk/A (sky130_fd_sc_hd__clkbuf_16)
     4    0.014506    0.027511    0.080369   10.207975 ^ clkbuf_1_0__f_clk/X (sky130_fd_sc_hd__clkbuf_16)
                      0.027511    0.000540   10.208515 ^ _40_/CLK (sky130_fd_sc_hd__dfrtp_1)
                                 -0.250000    9.958515   clock uncertainty
                                  0.000000    9.958515   clock reconvergence pessimism
                                  0.128722   10.087238   library recovery time
                                             10.087238   data required time
---------------------------------------------------------------------------------------------
                                             10.087238   data required time
                                             -2.147450   data arrival time
---------------------------------------------------------------------------------------------
                                              7.939788   slack (MET)


Startpoint: rst_n (input port clocked by clk)
Endpoint: _39_ (recovery check against rising-edge clock clk)
Path Group: asynchronous
Path Type: max

Fanout         Cap        Slew       Delay        Time   Description
---------------------------------------------------------------------------------------------
                                  0.000000    0.000000   clock clk (rise edge)
                                  0.000000    0.000000   clock network delay (propagated)
                                  2.000000    2.000000 ^ input external delay
     1    0.003190    0.015317    0.008304    2.008304 ^ rst_n (in)
                      0.015318    0.000000    2.008304 ^ input2/A (sky130_fd_sc_hd__clkbuf_4)
     8    0.045023    0.107784    0.134980    2.143284 ^ input2/X (sky130_fd_sc_hd__clkbuf_4)
                      0.108005    0.003985    2.147269 ^ _39_/RESET_B (sky130_fd_sc_hd__dfrtp_1)
                                              2.147269   data arrival time

                                 10.000000   10.000000   clock clk (rise edge)
                                  0.000000   10.000000   clock source latency
     1    0.014730    0.054253    0.036833   10.036833 ^ clk (in)
                      0.054266    0.000000   10.036833 ^ clkbuf_0_clk/A (sky130_fd_sc_hd__clkbuf_16)
     2    0.018066    0.029997    0.089495   10.126328 ^ clkbuf_0_clk/X (sky130_fd_sc_hd__clkbuf_16)
                      0.030017    0.001279   10.127606 ^ clkbuf_1_0__f_clk/A (sky130_fd_sc_hd__clkbuf_16)
     4    0.014506    0.027511    0.080369   10.207975 ^ clkbuf_1_0__f_clk/X (sky130_fd_sc_hd__clkbuf_16)
                      0.027511    0.000524   10.208499 ^ _39_/CLK (sky130_fd_sc_hd__dfrtp_1)
                                 -0.250000    9.958499   clock uncertainty
                                  0.000000    9.958499   clock reconvergence pessimism
                                  0.128726   10.087226   library recovery time
                                             10.087226   data required time
---------------------------------------------------------------------------------------------
                                             10.087226   data required time
                                             -2.147269   data arrival time
---------------------------------------------------------------------------------------------
                                              7.939957   slack (MET)


Startpoint: rst_n (input port clocked by clk)
Endpoint: _38_ (recovery check against rising-edge clock clk)
Path Group: asynchronous
Path Type: max

Fanout         Cap        Slew       Delay        Time   Description
---------------------------------------------------------------------------------------------
                                  0.000000    0.000000   clock clk (rise edge)
                                  0.000000    0.000000   clock network delay (propagated)
                                  2.000000    2.000000 ^ input external delay
     1    0.003190    0.015317    0.008304    2.008304 ^ rst_n (in)
                      0.015318    0.000000    2.008304 ^ input2/A (sky130_fd_sc_hd__clkbuf_4)
     8    0.045023    0.107784    0.134980    2.143284 ^ input2/X (sky130_fd_sc_hd__clkbuf_4)
                      0.107953    0.003494    2.146778 ^ _38_/RESET_B (sky130_fd_sc_hd__dfrtp_1)
                                              2.146778   data arrival time

                                 10.000000   10.000000   clock clk (rise edge)
                                  0.000000   10.000000   clock source latency
     1    0.014730    0.054253    0.036833   10.036833 ^ clk (in)
                      0.054266    0.000000   10.036833 ^ clkbuf_0_clk/A (sky130_fd_sc_hd__clkbuf_16)
     2    0.018066    0.029997    0.089495   10.126328 ^ clkbuf_0_clk/X (sky130_fd_sc_hd__clkbuf_16)
                      0.030017    0.001279   10.127606 ^ clkbuf_1_0__f_clk/A (sky130_fd_sc_hd__clkbuf_16)
     4    0.014506    0.027511    0.080369   10.207975 ^ clkbuf_1_0__f_clk/X (sky130_fd_sc_hd__clkbuf_16)
                      0.027517    0.000623   10.208598 ^ _38_/CLK (sky130_fd_sc_hd__dfrtp_1)
                                 -0.250000    9.958598   clock uncertainty
                                  0.000000    9.958598   clock reconvergence pessimism
                                  0.128737   10.087335   library recovery time
                                             10.087335   data required time
---------------------------------------------------------------------------------------------
                                             10.087335   data required time
                                             -2.146778   data arrival time
---------------------------------------------------------------------------------------------
                                              7.940557   slack (MET)



