
===========================================================================
report_checks -path_delay min (Hold)
============================================================================
======================= max_ff_n40C_1v95 Corner ===================================

Warning: corner.tcl line 57, unknown field nets.
Warning: corner.tcl line 57, report_checks -group_count is deprecated. Use -group_path_count instead.
Startpoint: _44_ (rising edge-triggered flip-flop clocked by clk)
Endpoint: _44_ (rising edge-triggered flip-flop clocked by clk)
Path Group: clk
Path Type: min

Fanout         Cap        Slew       Delay        Time   Description
---------------------------------------------------------------------------------------------
                      0.150000    0.000000    0.000000   clock clk (rise edge)
                                  0.000000    0.000000   clock network delay (ideal)
                      0.150000    0.000000    0.000000 ^ _44_/CLK (sky130_fd_sc_hd__dfrtp_2)
     3    0.044368    0.165036    0.344537    0.344537 ^ _44_/Q (sky130_fd_sc_hd__dfrtp_2)
                      0.165036    0.000000    0.344537 ^ _36_/A (sky130_fd_sc_hd__xor2_2)
     1    0.002526    0.020738    0.045253    0.389790 v _36_/X (sky130_fd_sc_hd__xor2_2)
                      0.020738    0.000174    0.389964 v _44_/D (sky130_fd_sc_hd__dfrtp_2)
                                              0.389964   data arrival time

                      0.150000    0.000000    0.000000   clock clk (rise edge)
                                  0.000000    0.000000   clock network delay (ideal)
                                  0.250000    0.250000   clock uncertainty
                                  0.000000    0.250000   clock reconvergence pessimism
                                              0.250000 ^ _44_/CLK (sky130_fd_sc_hd__dfrtp_2)
                                 -0.014178    0.235823   library hold time
                                              0.235823   data required time
---------------------------------------------------------------------------------------------
                                              0.235823   data required time
                                             -0.389964   data arrival time
---------------------------------------------------------------------------------------------
                                              0.154141   slack (MET)


Startpoint: _41_ (rising edge-triggered flip-flop clocked by clk)
Endpoint: _41_ (rising edge-triggered flip-flop clocked by clk)
Path Group: clk
Path Type: min

Fanout         Cap        Slew       Delay        Time   Description
---------------------------------------------------------------------------------------------
                      0.150000    0.000000    0.000000   clock clk (rise edge)
                                  0.000000    0.000000   clock network delay (ideal)
                      0.150000    0.000000    0.000000 ^ _41_/CLK (sky130_fd_sc_hd__dfrtp_2)
     4    0.046514    0.172459    0.349741    0.349741 ^ _41_/Q (sky130_fd_sc_hd__dfrtp_2)
                      0.172459    0.000000    0.349741 ^ _32_/A (sky130_fd_sc_hd__xnor2_2)
     1    0.002493    0.019783    0.042027    0.391768 v _32_/Y (sky130_fd_sc_hd__xnor2_2)
                      0.019783    0.000173    0.391941 v _41_/D (sky130_fd_sc_hd__dfrtp_2)
                                              0.391941   data arrival time

                      0.150000    0.000000    0.000000   clock clk (rise edge)
                                  0.000000    0.000000   clock network delay (ideal)
                                  0.250000    0.250000   clock uncertainty
                                  0.000000    0.250000   clock reconvergence pessimism
                                              0.250000 ^ _41_/CLK (sky130_fd_sc_hd__dfrtp_2)
                                 -0.013871    0.236129   library hold time
                                              0.236129   data required time
---------------------------------------------------------------------------------------------
                                              0.236129   data required time
                                             -0.391941   data arrival time
---------------------------------------------------------------------------------------------
                                              0.155812   slack (MET)


Startpoint: _43_ (rising edge-triggered flip-flop clocked by clk)
Endpoint: _43_ (rising edge-triggered flip-flop clocked by clk)
Path Group: clk
Path Type: min

Fanout         Cap        Slew       Delay        Time   Description
---------------------------------------------------------------------------------------------
                      0.150000    0.000000    0.000000   clock clk (rise edge)
                                  0.000000    0.000000   clock network delay (ideal)
                      0.150000    0.000000    0.000000 ^ _43_/CLK (sky130_fd_sc_hd__dfrtp_2)
     3    0.044434    0.165258    0.344700    0.344700 ^ _43_/Q (sky130_fd_sc_hd__dfrtp_2)
                      0.165258    0.000000    0.344700 ^ _35_/A (sky130_fd_sc_hd__xor2_2)
     1    0.003158    0.022049    0.047638    0.392339 v _35_/X (sky130_fd_sc_hd__xor2_2)
                      0.022049    0.000207    0.392546 v _43_/D (sky130_fd_sc_hd__dfrtp_2)
                                              0.392546   data arrival time

                      0.150000    0.000000    0.000000   clock clk (rise edge)
                                  0.000000    0.000000   clock network delay (ideal)
                                  0.250000    0.250000   clock uncertainty
                                  0.000000    0.250000   clock reconvergence pessimism
                                              0.250000 ^ _43_/CLK (sky130_fd_sc_hd__dfrtp_2)
                                 -0.014598    0.235402   library hold time
                                              0.235402   data required time
---------------------------------------------------------------------------------------------
                                              0.235402   data required time
                                             -0.392546   data arrival time
---------------------------------------------------------------------------------------------
                                              0.157144   slack (MET)


Startpoint: _38_ (rising edge-triggered flip-flop clocked by clk)
Endpoint: _38_ (rising edge-triggered flip-flop clocked by clk)
Path Group: clk
Path Type: min

Fanout         Cap        Slew       Delay        Time   Description
---------------------------------------------------------------------------------------------
                      0.150000    0.000000    0.000000   clock clk (rise edge)
                                  0.000000    0.000000   clock network delay (ideal)
                      0.150000    0.000000    0.000000 ^ _38_/CLK (sky130_fd_sc_hd__dfrtp_2)
     4    0.041469    0.155272    0.337373    0.337373 ^ _38_/Q (sky130_fd_sc_hd__dfrtp_2)
                      0.155272    0.000000    0.337373 ^ _26_/B1 (sky130_fd_sc_hd__a21oi_2)
     1    0.004660    0.026297    0.018110    0.355482 v _26_/Y (sky130_fd_sc_hd__a21oi_2)
                      0.026298    0.000342    0.355824 v _27_/B (sky130_fd_sc_hd__nor2_2)
     1    0.002929    0.044121    0.045353    0.401177 ^ _27_/Y (sky130_fd_sc_hd__nor2_2)
                      0.044122    0.000193    0.401369 ^ _38_/D (sky130_fd_sc_hd__dfrtp_2)
                                              0.401369   data arrival time

                      0.150000    0.000000    0.000000   clock clk (rise edge)
                                  0.000000    0.000000   clock network delay (ideal)
                                  0.250000    0.250000   clock uncertainty
                                  0.000000    0.250000   clock reconvergence pessimism
                                              0.250000 ^ _38_/CLK (sky130_fd_sc_hd__dfrtp_2)
                                 -0.017551    0.232449   library hold time
                                              0.232449   data required time
---------------------------------------------------------------------------------------------
                                              0.232449   data required time
                                             -0.401369   data arrival time
---------------------------------------------------------------------------------------------
                                              0.168920   slack (MET)


Startpoint: _39_ (rising edge-triggered flip-flop clocked by clk)
Endpoint: _39_ (rising edge-triggered flip-flop clocked by clk)
Path Group: clk
Path Type: min

Fanout         Cap        Slew       Delay        Time   Description
---------------------------------------------------------------------------------------------
                      0.150000    0.000000    0.000000   clock clk (rise edge)
                                  0.000000    0.000000   clock network delay (ideal)
                      0.150000    0.000000    0.000000 ^ _39_/CLK (sky130_fd_sc_hd__dfrtp_2)
     3    0.039693    0.149291    0.332983    0.332983 ^ _39_/Q (sky130_fd_sc_hd__dfrtp_2)
                      0.149291    0.000000    0.332983 ^ _28_/A (sky130_fd_sc_hd__nor2_2)
     1    0.004720    0.019415    0.029328    0.362311 v _28_/Y (sky130_fd_sc_hd__nor2_2)
                      0.019416    0.000230    0.362541 v _29_/B (sky130_fd_sc_hd__nor2_2)
     1    0.002592    0.041659    0.041300    0.403842 ^ _29_/Y (sky130_fd_sc_hd__nor2_2)
                      0.041660    0.000124    0.403966 ^ _39_/D (sky130_fd_sc_hd__dfrtp_2)
                                              0.403966   data arrival time

                      0.150000    0.000000    0.000000   clock clk (rise edge)
                                  0.000000    0.000000   clock network delay (ideal)
                                  0.250000    0.250000   clock uncertainty
                                  0.000000    0.250000   clock reconvergence pessimism
                                              0.250000 ^ _39_/CLK (sky130_fd_sc_hd__dfrtp_2)
                                 -0.017373    0.232627   library hold time
                                              0.232627   data required time
---------------------------------------------------------------------------------------------
                                              0.232627   data required time
                                             -0.403966   data arrival time
---------------------------------------------------------------------------------------------
                                              0.171339   slack (MET)


Startpoint: _37_ (rising edge-triggered flip-flop clocked by clk)
Endpoint: _37_ (rising edge-triggered flip-flop clocked by clk)
Path Group: clk
Path Type: min

Fanout         Cap        Slew       Delay        Time   Description
---------------------------------------------------------------------------------------------
                      0.150000    0.000000    0.000000   clock clk (rise edge)
                                  0.000000    0.000000   clock network delay (ideal)
                      0.150000    0.000000    0.000000 ^ _37_/CLK (sky130_fd_sc_hd__dfrtp_2)
     5    0.050585    0.186671    0.359548    0.359548 ^ _37_/Q (sky130_fd_sc_hd__dfrtp_2)
                      0.186671    0.000000    0.359548 ^ _25_/A (sky130_fd_sc_hd__xor2_2)
     1    0.003343    0.022436    0.048500    0.408048 v _25_/X (sky130_fd_sc_hd__xor2_2)
                      0.022436    0.000210    0.408259 v _37_/D (sky130_fd_sc_hd__dfrtp_2)
                                              0.408259   data arrival time

                      0.150000    0.000000    0.000000   clock clk (rise edge)
                                  0.000000    0.000000   clock network delay (ideal)
                                  0.250000    0.250000   clock uncertainty
                                  0.000000    0.250000   clock reconvergence pessimism
                                              0.250000 ^ _37_/CLK (sky130_fd_sc_hd__dfrtp_2)
                                 -0.014722    0.235278   library hold time
                                              0.235278   data required time
---------------------------------------------------------------------------------------------
                                              0.235278   data required time
                                             -0.408259   data arrival time
---------------------------------------------------------------------------------------------
                                              0.172981   slack (MET)


Startpoint: _42_ (rising edge-triggered flip-flop clocked by clk)
Endpoint: _42_ (rising edge-triggered flip-flop clocked by clk)
Path Group: clk
Path Type: min

Fanout         Cap        Slew       Delay        Time   Description
---------------------------------------------------------------------------------------------
                      0.150000    0.000000    0.000000   clock clk (rise edge)
                                  0.000000    0.000000   clock network delay (ideal)
                      0.150000    0.000000    0.000000 ^ _42_/CLK (sky130_fd_sc_hd__dfrtp_2)
     3    0.037576    0.142162    0.327752    0.327752 ^ _42_/Q (sky130_fd_sc_hd__dfrtp_2)
                      0.142162    0.000000    0.327752 ^ _33_/B1 (sky130_fd_sc_hd__a31o_2)
     1    0.002135    0.020937    0.065905    0.393657 ^ _33_/X (sky130_fd_sc_hd__a31o_2)
                      0.020937    0.000099    0.393755 ^ _34_/B (sky130_fd_sc_hd__and2b_2)
     1    0.002684    0.022952    0.075784    0.469539 ^ _34_/X (sky130_fd_sc_hd__and2b_2)
                      0.022956    0.000182    0.469720 ^ _42_/D (sky130_fd_sc_hd__dfrtp_2)
                                              0.469720   data arrival time

                      0.150000    0.000000    0.000000   clock clk (rise edge)
                                  0.000000    0.000000   clock network delay (ideal)
                                  0.250000    0.250000   clock uncertainty
                                  0.000000    0.250000   clock reconvergence pessimism
                                              0.250000 ^ _42_/CLK (sky130_fd_sc_hd__dfrtp_2)
                                 -0.016026    0.233974   library hold time
                                              0.233974   data required time
---------------------------------------------------------------------------------------------
                                              0.233974   data required time
                                             -0.469720   data arrival time
---------------------------------------------------------------------------------------------
                                              0.235746   slack (MET)


Startpoint: _40_ (rising edge-triggered flip-flop clocked by clk)
Endpoint: _40_ (rising edge-triggered flip-flop clocked by clk)
Path Group: clk
Path Type: min

Fanout         Cap        Slew       Delay        Time   Description
---------------------------------------------------------------------------------------------
                      0.150000    0.000000    0.000000   clock clk (rise edge)
                                  0.000000    0.000000   clock network delay (ideal)
                      0.150000    0.000000    0.000000 ^ _40_/CLK (sky130_fd_sc_hd__dfrtp_2)
     6    0.045353    0.168407    0.346944    0.346944 ^ _40_/Q (sky130_fd_sc_hd__dfrtp_2)
                      0.168407    0.000000    0.346944 ^ _20_/A (sky130_fd_sc_hd__nand2_2)
     2    0.009990    0.044315    0.047844    0.394789 v _20_/Y (sky130_fd_sc_hd__nand2_2)
                      0.044315    0.000080    0.394869 v _31_/A (sky130_fd_sc_hd__and2_2)
     1    0.002943    0.024687    0.105845    0.500713 v _31_/X (sky130_fd_sc_hd__and2_2)
                      0.024687    0.000125    0.500838 v _40_/D (sky130_fd_sc_hd__dfrtp_2)
                                              0.500838   data arrival time

                      0.150000    0.000000    0.000000   clock clk (rise edge)
                                  0.000000    0.000000   clock network delay (ideal)
                                  0.250000    0.250000   clock uncertainty
                                  0.000000    0.250000   clock reconvergence pessimism
                                              0.250000 ^ _40_/CLK (sky130_fd_sc_hd__dfrtp_2)
                                 -0.015444    0.234556   library hold time
                                              0.234556   data required time
---------------------------------------------------------------------------------------------
                                              0.234556   data required time
                                             -0.500838   data arrival time
---------------------------------------------------------------------------------------------
                                              0.266283   slack (MET)


Startpoint: rst_n (input port clocked by clk)
Endpoint: _37_ (removal check against rising-edge clock clk)
Path Group: asynchronous
Path Type: min

Fanout         Cap        Slew       Delay        Time   Description
---------------------------------------------------------------------------------------------
                      0.150000    0.000000    0.000000   clock clk (rise edge)
                                  0.000000    0.000000   clock network delay (ideal)
                                  2.000000    2.000000 ^ input external delay
     8    0.028936    0.102866    0.069482    2.069482 ^ rst_n (in)
                      0.102866    0.000000    2.069482 ^ _37_/RESET_B (sky130_fd_sc_hd__dfrtp_2)
                                              2.069482   data arrival time

                      0.150000    0.000000    0.000000   clock clk (rise edge)
                                  0.000000    0.000000   clock network delay (ideal)
                                  0.250000    0.250000   clock uncertainty
                                  0.000000    0.250000   clock reconvergence pessimism
                                              0.250000 ^ _37_/CLK (sky130_fd_sc_hd__dfrtp_2)
                                  0.232102    0.482102   library removal time
                                              0.482102   data required time
---------------------------------------------------------------------------------------------
                                              0.482102   data required time
                                             -2.069482   data arrival time
---------------------------------------------------------------------------------------------
                                              1.587380   slack (MET)


Startpoint: rst_n (input port clocked by clk)
Endpoint: _38_ (removal check against rising-edge clock clk)
Path Group: asynchronous
Path Type: min

Fanout         Cap        Slew       Delay        Time   Description
---------------------------------------------------------------------------------------------
                      0.150000    0.000000    0.000000   clock clk (rise edge)
                                  0.000000    0.000000   clock network delay (ideal)
                                  2.000000    2.000000 ^ input external delay
     8    0.028936    0.102866    0.069482    2.069482 ^ rst_n (in)
                      0.102866    0.000000    2.069482 ^ _38_/RESET_B (sky130_fd_sc_hd__dfrtp_2)
                                              2.069482   data arrival time

                      0.150000    0.000000    0.000000   clock clk (rise edge)
                                  0.000000    0.000000   clock network delay (ideal)
                                  0.250000    0.250000   clock uncertainty
                                  0.000000    0.250000   clock reconvergence pessimism
                                              0.250000 ^ _38_/CLK (sky130_fd_sc_hd__dfrtp_2)
                                  0.232102    0.482102   library removal time
                                              0.482102   data required time
---------------------------------------------------------------------------------------------
                                              0.482102   data required time
                                             -2.069482   data arrival time
---------------------------------------------------------------------------------------------
                                              1.587380   slack (MET)


Startpoint: rst_n (input port clocked by clk)
Endpoint: _39_ (removal check against rising-edge clock clk)
Path Group: asynchronous
Path Type: min

Fanout         Cap        Slew       Delay        Time   Description
---------------------------------------------------------------------------------------------
                      0.150000    0.000000    0.000000   clock clk (rise edge)
                                  0.000000    0.000000   clock network delay (ideal)
                                  2.000000    2.000000 ^ input external delay
     8    0.028936    0.102866    0.069482    2.069482 ^ rst_n (in)
                      0.102866    0.000000    2.069482 ^ _39_/RESET_B (sky130_fd_sc_hd__dfrtp_2)
                                              2.069482   data arrival time

                      0.150000    0.000000    0.000000   clock clk (rise edge)
                                  0.000000    0.000000   clock network delay (ideal)
                                  0.250000    0.250000   clock uncertainty
                                  0.000000    0.250000   clock reconvergence pessimism
                                              0.250000 ^ _39_/CLK (sky130_fd_sc_hd__dfrtp_2)
                                  0.232102    0.482102   library removal time
                                              0.482102   data required time
---------------------------------------------------------------------------------------------
                                              0.482102   data required time
                                             -2.069482   data arrival time
---------------------------------------------------------------------------------------------
                                              1.587380   slack (MET)


Startpoint: rst_n (input port clocked by clk)
Endpoint: _40_ (removal check against rising-edge clock clk)
Path Group: asynchronous
Path Type: min

Fanout         Cap        Slew       Delay        Time   Description
---------------------------------------------------------------------------------------------
                      0.150000    0.000000    0.000000   clock clk (rise edge)
                                  0.000000    0.000000   clock network delay (ideal)
                                  2.000000    2.000000 ^ input external delay
     8    0.028936    0.102866    0.069482    2.069482 ^ rst_n (in)
                      0.102866    0.000000    2.069482 ^ _40_/RESET_B (sky130_fd_sc_hd__dfrtp_2)
                                              2.069482   data arrival time

                      0.150000    0.000000    0.000000   clock clk (rise edge)
                                  0.000000    0.000000   clock network delay (ideal)
                                  0.250000    0.250000   clock uncertainty
                                  0.000000    0.250000   clock reconvergence pessimism
                                              0.250000 ^ _40_/CLK (sky130_fd_sc_hd__dfrtp_2)
                                  0.232102    0.482102   library removal time
                                              0.482102   data required time
---------------------------------------------------------------------------------------------
                                              0.482102   data required time
                                             -2.069482   data arrival time
---------------------------------------------------------------------------------------------
                                              1.587380   slack (MET)


Startpoint: rst_n (input port clocked by clk)
Endpoint: _41_ (removal check against rising-edge clock clk)
Path Group: asynchronous
Path Type: min

Fanout         Cap        Slew       Delay        Time   Description
---------------------------------------------------------------------------------------------
                      0.150000    0.000000    0.000000   clock clk (rise edge)
                                  0.000000    0.000000   clock network delay (ideal)
                                  2.000000    2.000000 ^ input external delay
     8    0.028936    0.102866    0.069482    2.069482 ^ rst_n (in)
                      0.102866    0.000000    2.069482 ^ _41_/RESET_B (sky130_fd_sc_hd__dfrtp_2)
                                              2.069482   data arrival time

                      0.150000    0.000000    0.000000   clock clk (rise edge)
                                  0.000000    0.000000   clock network delay (ideal)
                                  0.250000    0.250000   clock uncertainty
                                  0.000000    0.250000   clock reconvergence pessimism
                                              0.250000 ^ _41_/CLK (sky130_fd_sc_hd__dfrtp_2)
                                  0.232102    0.482102   library removal time
                                              0.482102   data required time
---------------------------------------------------------------------------------------------
                                              0.482102   data required time
                                             -2.069482   data arrival time
---------------------------------------------------------------------------------------------
                                              1.587380   slack (MET)


Startpoint: rst_n (input port clocked by clk)
Endpoint: _42_ (removal check against rising-edge clock clk)
Path Group: asynchronous
Path Type: min

Fanout         Cap        Slew       Delay        Time   Description
---------------------------------------------------------------------------------------------
                      0.150000    0.000000    0.000000   clock clk (rise edge)
                                  0.000000    0.000000   clock network delay (ideal)
                                  2.000000    2.000000 ^ input external delay
     8    0.028936    0.102866    0.069482    2.069482 ^ rst_n (in)
                      0.102866    0.000000    2.069482 ^ _42_/RESET_B (sky130_fd_sc_hd__dfrtp_2)
                                              2.069482   data arrival time

                      0.150000    0.000000    0.000000   clock clk (rise edge)
                                  0.000000    0.000000   clock network delay (ideal)
                                  0.250000    0.250000   clock uncertainty
                                  0.000000    0.250000   clock reconvergence pessimism
                                              0.250000 ^ _42_/CLK (sky130_fd_sc_hd__dfrtp_2)
                                  0.232102    0.482102   library removal time
                                              0.482102   data required time
---------------------------------------------------------------------------------------------
                                              0.482102   data required time
                                             -2.069482   data arrival time
---------------------------------------------------------------------------------------------
                                              1.587380   slack (MET)


Startpoint: rst_n (input port clocked by clk)
Endpoint: _43_ (removal check against rising-edge clock clk)
Path Group: asynchronous
Path Type: min

Fanout         Cap        Slew       Delay        Time   Description
---------------------------------------------------------------------------------------------
                      0.150000    0.000000    0.000000   clock clk (rise edge)
                                  0.000000    0.000000   clock network delay (ideal)
                                  2.000000    2.000000 ^ input external delay
     8    0.028936    0.102866    0.069482    2.069482 ^ rst_n (in)
                      0.102866    0.000000    2.069482 ^ _43_/RESET_B (sky130_fd_sc_hd__dfrtp_2)
                                              2.069482   data arrival time

                      0.150000    0.000000    0.000000   clock clk (rise edge)
                                  0.000000    0.000000   clock network delay (ideal)
                                  0.250000    0.250000   clock uncertainty
                                  0.000000    0.250000   clock reconvergence pessimism
                                              0.250000 ^ _43_/CLK (sky130_fd_sc_hd__dfrtp_2)
                                  0.232102    0.482102   library removal time
                                              0.482102   data required time
---------------------------------------------------------------------------------------------
                                              0.482102   data required time
                                             -2.069482   data arrival time
---------------------------------------------------------------------------------------------
                                              1.587380   slack (MET)


Startpoint: rst_n (input port clocked by clk)
Endpoint: _44_ (removal check against rising-edge clock clk)
Path Group: asynchronous
Path Type: min

Fanout         Cap        Slew       Delay        Time   Description
---------------------------------------------------------------------------------------------
                      0.150000    0.000000    0.000000   clock clk (rise edge)
                                  0.000000    0.000000   clock network delay (ideal)
                                  2.000000    2.000000 ^ input external delay
     8    0.028936    0.102866    0.069482    2.069482 ^ rst_n (in)
                      0.102866    0.000000    2.069482 ^ _44_/RESET_B (sky130_fd_sc_hd__dfrtp_2)
                                              2.069482   data arrival time

                      0.150000    0.000000    0.000000   clock clk (rise edge)
                                  0.000000    0.000000   clock network delay (ideal)
                                  0.250000    0.250000   clock uncertainty
                                  0.000000    0.250000   clock reconvergence pessimism
                                              0.250000 ^ _44_/CLK (sky130_fd_sc_hd__dfrtp_2)
                                  0.232102    0.482102   library removal time
                                              0.482102   data required time
---------------------------------------------------------------------------------------------
                                              0.482102   data required time
                                             -2.069482   data arrival time
---------------------------------------------------------------------------------------------
                                              1.587380   slack (MET)


Startpoint: _42_ (rising edge-triggered flip-flop clocked by clk)
Endpoint: count[5] (output port clocked by clk)
Path Group: clk
Path Type: min

Fanout         Cap        Slew       Delay        Time   Description
---------------------------------------------------------------------------------------------
                      0.150000    0.000000    0.000000   clock clk (rise edge)
                                  0.000000    0.000000   clock network delay (ideal)
                      0.150000    0.000000    0.000000 ^ _42_/CLK (sky130_fd_sc_hd__dfrtp_2)
     3    0.037576    0.142162    0.327752    0.327752 ^ _42_/Q (sky130_fd_sc_hd__dfrtp_2)
                      0.142162    0.000000    0.327752 ^ count[5] (out)
                                              0.327752   data arrival time

                      0.150000    0.000000    0.000000   clock clk (rise edge)
                                  0.000000    0.000000   clock network delay (ideal)
                                  0.250000    0.250000   clock uncertainty
                                  0.000000    0.250000   clock reconvergence pessimism
                                 -2.000000   -1.750000   output external delay
                                             -1.750000   data required time
---------------------------------------------------------------------------------------------
                                             -1.750000   data required time
                                             -0.327752   data arrival time
---------------------------------------------------------------------------------------------
                                              2.077752   slack (MET)


Startpoint: _39_ (rising edge-triggered flip-flop clocked by clk)
Endpoint: count[2] (output port clocked by clk)
Path Group: clk
Path Type: min

Fanout         Cap        Slew       Delay        Time   Description
---------------------------------------------------------------------------------------------
                      0.150000    0.000000    0.000000   clock clk (rise edge)
                                  0.000000    0.000000   clock network delay (ideal)
                      0.150000    0.000000    0.000000 ^ _39_/CLK (sky130_fd_sc_hd__dfrtp_2)
     3    0.039693    0.149291    0.332983    0.332983 ^ _39_/Q (sky130_fd_sc_hd__dfrtp_2)
                      0.149291    0.000000    0.332983 ^ count[2] (out)
                                              0.332983   data arrival time

                      0.150000    0.000000    0.000000   clock clk (rise edge)
                                  0.000000    0.000000   clock network delay (ideal)
                                  0.250000    0.250000   clock uncertainty
                                  0.000000    0.250000   clock reconvergence pessimism
                                 -2.000000   -1.750000   output external delay
                                             -1.750000   data required time
---------------------------------------------------------------------------------------------
                                             -1.750000   data required time
                                             -0.332983   data arrival time
---------------------------------------------------------------------------------------------
                                              2.082983   slack (MET)


Startpoint: _38_ (rising edge-triggered flip-flop clocked by clk)
Endpoint: count[1] (output port clocked by clk)
Path Group: clk
Path Type: min

Fanout         Cap        Slew       Delay        Time   Description
---------------------------------------------------------------------------------------------
                      0.150000    0.000000    0.000000   clock clk (rise edge)
                                  0.000000    0.000000   clock network delay (ideal)
                      0.150000    0.000000    0.000000 ^ _38_/CLK (sky130_fd_sc_hd__dfrtp_2)
     4    0.040785    0.089111    0.337186    0.337186 v _38_/Q (sky130_fd_sc_hd__dfrtp_2)
                      0.089111    0.000000    0.337186 v count[1] (out)
                                              0.337186   data arrival time

                      0.150000    0.000000    0.000000   clock clk (rise edge)
                                  0.000000    0.000000   clock network delay (ideal)
                                  0.250000    0.250000   clock uncertainty
                                  0.000000    0.250000   clock reconvergence pessimism
                                 -2.000000   -1.750000   output external delay
                                             -1.750000   data required time
---------------------------------------------------------------------------------------------
                                             -1.750000   data required time
                                             -0.337186   data arrival time
---------------------------------------------------------------------------------------------
                                              2.087186   slack (MET)


Startpoint: _44_ (rising edge-triggered flip-flop clocked by clk)
Endpoint: count[7] (output port clocked by clk)
Path Group: clk
Path Type: min

Fanout         Cap        Slew       Delay        Time   Description
---------------------------------------------------------------------------------------------
                      0.150000    0.000000    0.000000   clock clk (rise edge)
                                  0.000000    0.000000   clock network delay (ideal)
                      0.150000    0.000000    0.000000 ^ _44_/CLK (sky130_fd_sc_hd__dfrtp_2)
     3    0.043505    0.093108    0.341614    0.341614 v _44_/Q (sky130_fd_sc_hd__dfrtp_2)
                      0.093108    0.000000    0.341614 v count[7] (out)
                                              0.341614   data arrival time

                      0.150000    0.000000    0.000000   clock clk (rise edge)
                                  0.000000    0.000000   clock network delay (ideal)
                                  0.250000    0.250000   clock uncertainty
                                  0.000000    0.250000   clock reconvergence pessimism
                                 -2.000000   -1.750000   output external delay
                                             -1.750000   data required time
---------------------------------------------------------------------------------------------
                                             -1.750000   data required time
                                             -0.341614   data arrival time
---------------------------------------------------------------------------------------------
                                              2.091614   slack (MET)


Startpoint: _43_ (rising edge-triggered flip-flop clocked by clk)
Endpoint: count[6] (output port clocked by clk)
Path Group: clk
Path Type: min

Fanout         Cap        Slew       Delay        Time   Description
---------------------------------------------------------------------------------------------
                      0.150000    0.000000    0.000000   clock clk (rise edge)
                                  0.000000    0.000000   clock network delay (ideal)
                      0.150000    0.000000    0.000000 ^ _43_/CLK (sky130_fd_sc_hd__dfrtp_2)
     3    0.043583    0.093223    0.341741    0.341741 v _43_/Q (sky130_fd_sc_hd__dfrtp_2)
                      0.093223    0.000000    0.341741 v count[6] (out)
                                              0.341741   data arrival time

                      0.150000    0.000000    0.000000   clock clk (rise edge)
                                  0.000000    0.000000   clock network delay (ideal)
                                  0.250000    0.250000   clock uncertainty
                                  0.000000    0.250000   clock reconvergence pessimism
                                 -2.000000   -1.750000   output external delay
                                             -1.750000   data required time
---------------------------------------------------------------------------------------------
                                             -1.750000   data required time
                                             -0.341741   data arrival time
---------------------------------------------------------------------------------------------
                                              2.091741   slack (MET)


Startpoint: _40_ (rising edge-triggered flip-flop clocked by clk)
Endpoint: count[3] (output port clocked by clk)
Path Group: clk
Path Type: min

Fanout         Cap        Slew       Delay        Time   Description
---------------------------------------------------------------------------------------------
                      0.150000    0.000000    0.000000   clock clk (rise edge)
                                  0.000000    0.000000   clock network delay (ideal)
                      0.150000    0.000000    0.000000 ^ _40_/CLK (sky130_fd_sc_hd__dfrtp_2)
     6    0.044640    0.094776    0.343462    0.343462 v _40_/Q (sky130_fd_sc_hd__dfrtp_2)
                      0.094776    0.000000    0.343462 v count[3] (out)
                                              0.343462   data arrival time

                      0.150000    0.000000    0.000000   clock clk (rise edge)
                                  0.000000    0.000000   clock network delay (ideal)
                                  0.250000    0.250000   clock uncertainty
                                  0.000000    0.250000   clock reconvergence pessimism
                                 -2.000000   -1.750000   output external delay
                                             -1.750000   data required time
---------------------------------------------------------------------------------------------
                                             -1.750000   data required time
                                             -0.343462   data arrival time
---------------------------------------------------------------------------------------------
                                              2.093462   slack (MET)


Startpoint: _41_ (rising edge-triggered flip-flop clocked by clk)
Endpoint: count[4] (output port clocked by clk)
Path Group: clk
Path Type: min

Fanout         Cap        Slew       Delay        Time   Description
---------------------------------------------------------------------------------------------
                      0.150000    0.000000    0.000000   clock clk (rise edge)
                                  0.000000    0.000000   clock network delay (ideal)
                      0.150000    0.000000    0.000000 ^ _41_/CLK (sky130_fd_sc_hd__dfrtp_2)
     4    0.045470    0.095989    0.344604    0.344604 v _41_/Q (sky130_fd_sc_hd__dfrtp_2)
                      0.095989    0.000000    0.344604 v count[4] (out)
                                              0.344604   data arrival time

                      0.150000    0.000000    0.000000   clock clk (rise edge)
                                  0.000000    0.000000   clock network delay (ideal)
                                  0.250000    0.250000   clock uncertainty
                                  0.000000    0.250000   clock reconvergence pessimism
                                 -2.000000   -1.750000   output external delay
                                             -1.750000   data required time
---------------------------------------------------------------------------------------------
                                             -1.750000   data required time
                                             -0.344604   data arrival time
---------------------------------------------------------------------------------------------
                                              2.094604   slack (MET)


Startpoint: _37_ (rising edge-triggered flip-flop clocked by clk)
Endpoint: count[0] (output port clocked by clk)
Path Group: clk
Path Type: min

Fanout         Cap        Slew       Delay        Time   Description
---------------------------------------------------------------------------------------------
                      0.150000    0.000000    0.000000   clock clk (rise edge)
                                  0.000000    0.000000   clock network delay (ideal)
                      0.150000    0.000000    0.000000 ^ _37_/CLK (sky130_fd_sc_hd__dfrtp_2)
     5    0.049354    0.101649    0.349457    0.349457 v _37_/Q (sky130_fd_sc_hd__dfrtp_2)
                      0.101649    0.000000    0.349457 v count[0] (out)
                                              0.349457   data arrival time

                      0.150000    0.000000    0.000000   clock clk (rise edge)
                                  0.000000    0.000000   clock network delay (ideal)
                                  0.250000    0.250000   clock uncertainty
                                  0.000000    0.250000   clock reconvergence pessimism
                                 -2.000000   -1.750000   output external delay
                                             -1.750000   data required time
---------------------------------------------------------------------------------------------
                                             -1.750000   data required time
                                             -0.349457   data arrival time
---------------------------------------------------------------------------------------------
                                              2.099457   slack (MET)


Startpoint: _44_ (rising edge-triggered flip-flop clocked by clk)
Endpoint: overflow (output port clocked by clk)
Path Group: clk
Path Type: min

Fanout         Cap        Slew       Delay        Time   Description
---------------------------------------------------------------------------------------------
                      0.150000    0.000000    0.000000   clock clk (rise edge)
                                  0.000000    0.000000   clock network delay (ideal)
                      0.150000    0.000000    0.000000 ^ _44_/CLK (sky130_fd_sc_hd__dfrtp_2)
     3    0.043505    0.093108    0.341614    0.341614 v _44_/Q (sky130_fd_sc_hd__dfrtp_2)
                      0.093108    0.000000    0.341614 v _24_/A (sky130_fd_sc_hd__and2_2)
     1    0.033442    0.071032    0.178574    0.520188 v _24_/X (sky130_fd_sc_hd__and2_2)
                      0.071032    0.000000    0.520188 v overflow (out)
                                              0.520188   data arrival time

                      0.150000    0.000000    0.000000   clock clk (rise edge)
                                  0.000000    0.000000   clock network delay (ideal)
                                  0.250000    0.250000   clock uncertainty
                                  0.000000    0.250000   clock reconvergence pessimism
                                 -2.000000   -1.750000   output external delay
                                             -1.750000   data required time
---------------------------------------------------------------------------------------------
                                             -1.750000   data required time
                                             -0.520188   data arrival time
---------------------------------------------------------------------------------------------
                                              2.270188   slack (MET)



