
===========================================================================
report_checks -unconstrained
===========================================================================
======================= nom_ff_n40C_1v95 Corner ===================================

Warning: corner.tcl line 77, unknown field nets.
Startpoint: rst_n (input port clocked by clk)
Endpoint: _37_ (recovery check against rising-edge clock clk)
Path Group: asynchronous
Path Type: max

Fanout         Cap        Slew       Delay        Time   Description
---------------------------------------------------------------------------------------------
                      0.150000    0.000000    0.000000   clock clk (rise edge)
                                  0.000000    0.000000   clock network delay (ideal)
                                  2.000000    2.000000 ^ input external delay
     8    0.028936    0.102866    0.069482    2.069482 ^ rst_n (in)
                      0.102866    0.000000    2.069482 ^ _37_/RESET_B (sky130_fd_sc_hd__dfrtp_2)
                                              2.069482   data arrival time

                      0.150000   10.000000   10.000000   clock clk (rise edge)
                                  0.000000   10.000000   clock network delay (ideal)
                                 -0.250000    9.750000   clock uncertainty
                                  0.000000    9.750000   clock reconvergence pessimism
                                              9.750000 ^ _37_/CLK (sky130_fd_sc_hd__dfrtp_2)
                                  0.133756    9.883756   library recovery time
                                              9.883756   data required time
---------------------------------------------------------------------------------------------
                                              9.883756   data required time
                                             -2.069482   data arrival time
---------------------------------------------------------------------------------------------
                                              7.814274   slack (MET)


Startpoint: enable (input port clocked by clk)
Endpoint: overflow (output port clocked by clk)
Path Group: clk
Path Type: max

Fanout         Cap        Slew       Delay        Time   Description
---------------------------------------------------------------------------------------------
                      0.150000    0.000000    0.000000   clock clk (rise edge)
                                  0.000000    0.000000   clock network delay (ideal)
                                  2.000000    2.000000 ^ input external delay
     4    0.016840    0.062563    0.041384    2.041384 ^ enable (in)
                      0.062563    0.000000    2.041384 ^ _19_/D (sky130_fd_sc_hd__and4_2)
     6    0.026837    0.115582    0.198507    2.239891 ^ _19_/X (sky130_fd_sc_hd__and4_2)
                      0.115589    0.001019    2.240910 ^ _23_/C (sky130_fd_sc_hd__and4_2)
     2    0.012738    0.067337    0.166497    2.407408 ^ _23_/X (sky130_fd_sc_hd__and4_2)
                      0.067337    0.000344    2.407752 ^ _24_/B (sky130_fd_sc_hd__and2_2)
     1    0.033442    0.135355    0.169515    2.577267 ^ _24_/X (sky130_fd_sc_hd__and2_2)
                      0.135355    0.000000    2.577267 ^ overflow (out)
                                              2.577267   data arrival time

                      0.150000   10.000000   10.000000   clock clk (rise edge)
                                  0.000000   10.000000   clock network delay (ideal)
                                 -0.250000    9.750000   clock uncertainty
                                  0.000000    9.750000   clock reconvergence pessimism
                                 -2.000000    7.750000   output external delay
                                              7.750000   data required time
---------------------------------------------------------------------------------------------
                                              7.750000   data required time
                                             -2.577267   data arrival time
---------------------------------------------------------------------------------------------
                                              5.172733   slack (MET)




===========================================================================
report_checks --slack_max -0.01
============================================================================
======================= nom_ff_n40C_1v95 Corner ===================================

Warning: corner.tcl line 85, unknown field nets.
No paths found.


===========================================================================
 report_check_types -max_slew -max_cap -max_fanout -violators
============================================================================
======================= nom_ff_n40C_1v95 Corner ===================================



===========================================================================
report_parasitic_annotation -report_unannotated
============================================================================
Found 0 unannotated drivers.
Found 12 partially unannotated drivers.
 clk
  _37_/CLK
  _38_/CLK
  _39_/CLK
  _40_/CLK
  _41_/CLK
  _42_/CLK
  _43_/CLK
  _44_/CLK
 enable
  _18_/C
  _19_/D
  _25_/B
  _26_/A2
 rst_n
  _37_/RESET_B
  _38_/RESET_B
  _39_/RESET_B
  _40_/RESET_B
  _41_/RESET_B
  _42_/RESET_B
  _43_/RESET_B
  _44_/RESET_B
 _24_/X
  overflow
 _37_/Q
  count[0]
  _18_/A
  _19_/A
  _25_/A
  _26_/A1
 _38_/Q
  count[1]
  _18_/B
  _19_/B
  _26_/B1
 _39_/Q
  count[2]
  _19_/C
  _28_/A
 _40_/Q
  count[3]
  _20_/A
  _22_/A
  _23_/A
  _30_/A
  _33_/A1
 _41_/Q
  count[4]
  _21_/B
  _32_/A
  _33_/A2
 _42_/Q
  count[5]
  _21_/A
  _33_/B1
 _43_/Q
  count[6]
  _23_/B
  _35_/A
 _44_/Q
  count[7]
  _24_/A
  _36_/A

===========================================================================
max slew violation count 0
max fanout violation count 0
max cap violation count 0
============================================================================

===========================================================================
check_setup -verbose -unconstrained_endpoints -multiple_clock -no_clock -no_input_delay -loops -generated_clocks
===========================================================================
