                                                                        Cells by Master                                                                         
┏━━━━━━━━━━━━━━━━━━━━━━━━━━━━━━━━━━━━━━━━━━━━━━━━━━━━━━━━━━━━━━━━━━━━━━━━━━━━━━━━━━━━━━━━━━━━━━━━━━━━━━━━━━━━━━━━━━━━━━━━━━━━━━━━━┳━━━━━━━━━━━━━━━━━━━━━━━━━━━━┓
┃ Cell                                                                                                                            ┃ Count                      ┃
┡━━━━━━━━━━━━━━━━━━━━━━━━━━━━━━━━━━━━━━━━━━━━━━━━━━━━━━━━━━━━━━━━━━━━━━━━━━━━━━━━━━━━━━━━━━━━━━━━━━━━━━━━━━━━━━━━━━━━━━━━━━━━━━━━━╇━━━━━━━━━━━━━━━━━━━━━━━━━━━━┩
│ sky130_ef_sc_hd__decap_12                                                                                                       │ 1841                       │
│ sky130_fd_sc_hd__a21oi_1                                                                                                        │ 1                          │
│ sky130_fd_sc_hd__a31o_1                                                                                                         │ 1                          │
│ sky130_fd_sc_hd__and2_1                                                                                                         │ 3                          │
│ sky130_fd_sc_hd__and2b_1                                                                                                        │ 1                          │
│ sky130_fd_sc_hd__and3_1                                                                                                         │ 2                          │
│ sky130_fd_sc_hd__and4_1                                                                                                         │ 2                          │
│ sky130_fd_sc_hd__buf_2                                                                                                          │ 9                          │
│ sky130_fd_sc_hd__clkbuf_16                                                                                                      │ 3                          │
│ sky130_fd_sc_hd__clkbuf_2                                                                                                       │ 1                          │
│ sky130_fd_sc_hd__clkbuf_4                                                                                                       │ 2                          │
│ sky130_fd_sc_hd__decap_3                                                                                                        │ 162                        │
│ sky130_fd_sc_hd__decap_4                                                                                                        │ 39                         │
│ sky130_fd_sc_hd__decap_6                                                                                                        │ 397                        │
│ sky130_fd_sc_hd__decap_8                                                                                                        │ 16                         │
│ sky130_fd_sc_hd__dfrtp_1                                                                                                        │ 5                          │
│ sky130_fd_sc_hd__dfrtp_2                                                                                                        │ 1                          │
│ sky130_fd_sc_hd__dfrtp_4                                                                                                        │ 2                          │
│ sky130_fd_sc_hd__dlygate4sd3_1                                                                                                  │ 4                          │
│ sky130_fd_sc_hd__fill_1                                                                                                         │ 441                        │
│ sky130_fd_sc_hd__fill_2                                                                                                         │ 42                         │
│ sky130_fd_sc_hd__nand2_1                                                                                                        │ 1                          │
│ sky130_fd_sc_hd__nor2_1                                                                                                         │ 3                          │
│ sky130_fd_sc_hd__or2_1                                                                                                          │ 1                          │
│ sky130_fd_sc_hd__tapvpwrvgnd_1                                                                                                  │ 469                        │
│ sky130_fd_sc_hd__xnor2_1                                                                                                        │ 1                          │
│ sky130_fd_sc_hd__xor2_1                                                                                                         │ 3                          │
└─────────────────────────────────────────────────────────────────────────────────────────────────────────────────────────────────┴────────────────────────────┘
