108. Printing statistics.

=== counter ===

   Number of wires:                 23
   Number of wire bits:             30
   Number of public wires:           5
   Number of public wire bits:      12
   Number of ports:                  5
   Number of port bits:             12
   Number of memories:               0
   Number of memory bits:            0
   Number of processes:              0
   Number of cells:                 27
     sky130_fd_sc_hd__a21oi_2        1
     sky130_fd_sc_hd__a31o_2         1
     sky130_fd_sc_hd__and2_2         3
     sky130_fd_sc_hd__and2b_2        1
     sky130_fd_sc_hd__and3_2         2
     sky130_fd_sc_hd__and4_2         2
     sky130_fd_sc_hd__dfrtp_2        8
     sky130_fd_sc_hd__nand2_2        1
     sky130_fd_sc_hd__nor2_2         3
     sky130_fd_sc_hd__or2_2          1
     sky130_fd_sc_hd__xnor2_2        1
     sky130_fd_sc_hd__xor2_2         3

   Chip area for module '\counter': 390.374400
     of which used for sequential elements: 210.201600 (53.85%)

