                                                                       Cells by Function                                                                        
┏━━━━━━━━━━━━━━━━━━━━━━━━━━━━━━━━━━━━━━━━━━━━━━━━━━━━━━━━━━━━━━━━━━━━━━━━━━━━━━━━━━━━━━━━━━━━━━━━━━━━━━━━━━━━━━━━━━━━━━━━━━━━━━━━┳━━━━━━━━━━━━━━━━━━━━━━━━━━━━━┓
┃ Cell Function                                                                                                                  ┃ Count                       ┃
┡━━━━━━━━━━━━━━━━━━━━━━━━━━━━━━━━━━━━━━━━━━━━━━━━━━━━━━━━━━━━━━━━━━━━━━━━━━━━━━━━━━━━━━━━━━━━━━━━━━━━━━━━━━━━━━━━━━━━━━━━━━━━━━━━╇━━━━━━━━━━━━━━━━━━━━━━━━━━━━━┩
│ sky130_ef_sc_hd__decap                                                                                                         │ 334                         │
│ sky130_fd_sc_hd__a21oi                                                                                                         │ 1                           │
│ sky130_fd_sc_hd__a31o                                                                                                          │ 1                           │
│ sky130_fd_sc_hd__and2                                                                                                          │ 3                           │
│ sky130_fd_sc_hd__and2b                                                                                                         │ 1                           │
│ sky130_fd_sc_hd__and3                                                                                                          │ 2                           │
│ sky130_fd_sc_hd__and4                                                                                                          │ 2                           │
│ sky130_fd_sc_hd__buf                                                                                                           │ 10                          │
│ sky130_fd_sc_hd__clkbuf                                                                                                        │ 4                           │
│ sky130_fd_sc_hd__decap                                                                                                         │ 160                         │
│ sky130_fd_sc_hd__dfrtp                                                                                                         │ 8                           │
│ sky130_fd_sc_hd__dlygate4sd3                                                                                                   │ 7                           │
│ sky130_fd_sc_hd__fill                                                                                                          │ 112                         │
│ sky130_fd_sc_hd__nand2                                                                                                         │ 1                           │
│ sky130_fd_sc_hd__nor2                                                                                                          │ 3                           │
│ sky130_fd_sc_hd__or2                                                                                                           │ 1                           │
│ sky130_fd_sc_hd__tapvpwrvgnd                                                                                                   │ 90                          │
│ sky130_fd_sc_hd__xnor2                                                                                                         │ 1                           │
│ sky130_fd_sc_hd__xor2                                                                                                          │ 3                           │
└────────────────────────────────────────────────────────────────────────────────────────────────────────────────────────────────┴─────────────────────────────┘
