
===========================================================================
report_checks -unconstrained
===========================================================================
======================= nom_ff_n40C_1v95 Corner ===================================

Warning: corner.tcl line 77, unknown field nets.
Startpoint: rst_n (input port clocked by clk)
Endpoint: _42_ (recovery check against rising-edge clock clk)
Path Group: asynchronous
Path Type: max

Fanout         Cap        Slew       Delay        Time   Description
---------------------------------------------------------------------------------------------
                                  0.000000    0.000000   clock clk (rise edge)
                                  0.000000    0.000000   clock network delay (propagated)
                                  2.000000    2.000000 ^ input external delay
     1    0.003131    0.015105    0.008111    2.008111 ^ rst_n (in)
                      0.015105    0.000000    2.008111 ^ input2/A (sky130_fd_sc_hd__clkbuf_4)
     8    0.043942    0.105196    0.134728    2.142839 ^ input2/X (sky130_fd_sc_hd__clkbuf_4)
                      0.105296    0.002645    2.145484 ^ _42_/RESET_B (sky130_fd_sc_hd__dfrtp_1)
                                              2.145484   data arrival time

                                 10.000000   10.000000   clock clk (rise edge)
                                  0.000000   10.000000   clock source latency
     1    0.014248    0.052760    0.035493   10.035494 ^ clk (in)
                      0.052764    0.000000   10.035494 ^ clkbuf_0_clk/A (sky130_fd_sc_hd__clkbuf_16)
     2    0.017944    0.029863    0.089268   10.124762 ^ clkbuf_0_clk/X (sky130_fd_sc_hd__clkbuf_16)
                      0.029869    0.000483   10.125245 ^ clkbuf_1_1__f_clk/A (sky130_fd_sc_hd__clkbuf_16)
     4    0.012933    0.026469    0.079302   10.204547 ^ clkbuf_1_1__f_clk/X (sky130_fd_sc_hd__clkbuf_16)
                      0.026469    0.000327   10.204874 ^ _42_/CLK (sky130_fd_sc_hd__dfrtp_1)
                                 -0.250000    9.954874   clock uncertainty
                                  0.000000    9.954874   clock reconvergence pessimism
                                  0.129075   10.083948   library recovery time
                                             10.083948   data required time
---------------------------------------------------------------------------------------------
                                             10.083948   data required time
                                             -2.145484   data arrival time
---------------------------------------------------------------------------------------------
                                              7.938463   slack (MET)


Startpoint: enable (input port clocked by clk)
Endpoint: overflow (output port clocked by clk)
Path Group: clk
Path Type: max

Fanout         Cap        Slew       Delay        Time   Description
---------------------------------------------------------------------------------------------
                                  0.000000    0.000000   clock clk (rise edge)
                                  0.000000    0.000000   clock network delay (propagated)
                                  2.000000    2.000000 ^ input external delay
     1    0.003107    0.015012    0.008047    2.008047 ^ enable (in)
                      0.015018    0.000000    2.008047 ^ input1/A (sky130_fd_sc_hd__buf_1)
     4    0.014473    0.130649    0.116058    2.124105 ^ input1/X (sky130_fd_sc_hd__buf_1)
                      0.130653    0.000557    2.124662 ^ _19_/D (sky130_fd_sc_hd__and4_1)
     6    0.022582    0.166203    0.219694    2.344356 ^ _19_/X (sky130_fd_sc_hd__and4_1)
                      0.166206    0.000915    2.345271 ^ _23_/C (sky130_fd_sc_hd__and4_1)
     2    0.008832    0.075773    0.155750    2.501021 ^ _23_/X (sky130_fd_sc_hd__and4_1)
                      0.075773    0.000239    2.501261 ^ _24_/B (sky130_fd_sc_hd__and2_1)
     1    0.005335    0.049332    0.093859    2.595120 ^ _24_/X (sky130_fd_sc_hd__and2_1)
                      0.049332    0.000181    2.595301 ^ output11/A (sky130_fd_sc_hd__buf_2)
     1    0.034044    0.127363    0.142239    2.737540 ^ output11/X (sky130_fd_sc_hd__buf_2)
                      0.127368    0.000637    2.738178 ^ overflow (out)
                                              2.738178   data arrival time

                                 10.000000   10.000000   clock clk (rise edge)
                                  0.000000   10.000000   clock network delay (propagated)
                                 -0.250000    9.750000   clock uncertainty
                                  0.000000    9.750000   clock reconvergence pessimism
                                 -2.000000    7.750000   output external delay
                                              7.750000   data required time
---------------------------------------------------------------------------------------------
                                              7.750000   data required time
                                             -2.738178   data arrival time
---------------------------------------------------------------------------------------------
                                              5.011822   slack (MET)




===========================================================================
report_checks --slack_max -0.01
============================================================================
======================= nom_ff_n40C_1v95 Corner ===================================

Warning: corner.tcl line 85, unknown field nets.
No paths found.


===========================================================================
 report_check_types -max_slew -max_cap -max_fanout -violators
============================================================================
======================= nom_ff_n40C_1v95 Corner ===================================



===========================================================================
report_parasitic_annotation -report_unannotated
============================================================================
Found 0 unannotated drivers.
Found 0 partially unannotated drivers.

===========================================================================
max slew violation count 0
max fanout violation count 0
max cap violation count 0
============================================================================

===========================================================================
check_setup -verbose -unconstrained_endpoints -multiple_clock -no_clock -no_input_delay -loops -generated_clocks
===========================================================================
