
===========================================================================
report_checks -path_delay max (Setup)
============================================================================
======================= nom_tt_025C_1v80 Corner ===================================

Startpoint: enable (input port clocked by clk)
Endpoint: overflow (output port clocked by clk)
Path Group: clk
Path Type: max

Fanout         Cap        Slew       Delay        Time   Description
---------------------------------------------------------------------------------------------
                                  0.000000    0.000000   clock clk (rise edge)
                                  0.000000    0.000000   clock network delay (propagated)
                                  2.000000    2.000000 ^ input external delay
     1    0.003007    0.020624    0.011021    2.011021 ^ enable (in)
                      0.020624    0.000000    2.011021 ^ input1/A (sky130_fd_sc_hd__buf_1)
     4    0.013130    0.160169    0.153861    2.164882 ^ input1/X (sky130_fd_sc_hd__buf_1)
                      0.160169    0.000177    2.165059 ^ _19_/D (sky130_fd_sc_hd__and4_1)
     6    0.017674    0.181516    0.314161    2.479220 ^ _19_/X (sky130_fd_sc_hd__and4_1)
                      0.181516    0.000078    2.479298 ^ _23_/C (sky130_fd_sc_hd__and4_1)
     2    0.007711    0.096644    0.247534    2.726832 ^ _23_/X (sky130_fd_sc_hd__and4_1)
                      0.096644    0.000048    2.726880 ^ _24_/B (sky130_fd_sc_hd__and2_1)
     1    0.004224    0.058396    0.139660    2.866541 ^ _24_/X (sky130_fd_sc_hd__and2_1)
                      0.058396    0.000032    2.866573 ^ output11/A (sky130_fd_sc_hd__buf_2)
     1    0.034057    0.169123    0.202718    3.069291 ^ output11/X (sky130_fd_sc_hd__buf_2)
                      0.169123    0.000097    3.069387 ^ overflow (out)
                                              3.069387   data arrival time

                                 10.000000   10.000000   clock clk (rise edge)
                                  0.000000   10.000000   clock network delay (propagated)
                                 -0.250000    9.750000   clock uncertainty
                                  0.000000    9.750000   clock reconvergence pessimism
                                 -2.000000    7.750000   output external delay
                                              7.750000   data required time
---------------------------------------------------------------------------------------------
                                              7.750000   data required time
                                             -3.069387   data arrival time
---------------------------------------------------------------------------------------------
                                              4.680613   slack (MET)


Startpoint: _40_ (rising edge-triggered flip-flop clocked by clk)
Endpoint: count[3] (output port clocked by clk)
Path Group: clk
Path Type: max

Fanout         Cap        Slew       Delay        Time   Description
---------------------------------------------------------------------------------------------
                                  0.000000    0.000000   clock clk (rise edge)
                                  0.000000    0.000000   clock source latency
     1    0.012752    0.063443    0.042958    0.042958 ^ clk (in)
                      0.063445    0.000000    0.042958 ^ clkbuf_0_clk/A (sky130_fd_sc_hd__clkbuf_16)
     2    0.017453    0.039689    0.129785    0.172743 ^ clkbuf_0_clk/X (sky130_fd_sc_hd__clkbuf_16)
                      0.039689    0.000056    0.172799 ^ clkbuf_1_0__f_clk/A (sky130_fd_sc_hd__clkbuf_16)
     4    0.010641    0.033879    0.114567    0.287366 ^ clkbuf_1_0__f_clk/X (sky130_fd_sc_hd__clkbuf_16)
                      0.033879    0.000027    0.287393 ^ _40_/CLK (sky130_fd_sc_hd__dfrtp_1)
     6    0.016493    0.153497    0.398402    0.685795 ^ _40_/Q (sky130_fd_sc_hd__dfrtp_1)
                      0.153497    0.000020    0.685816 ^ output6/A (sky130_fd_sc_hd__buf_2)
     1    0.034110    0.169789    0.234888    0.920703 ^ output6/X (sky130_fd_sc_hd__buf_2)
                      0.169789    0.000111    0.920814 ^ count[3] (out)
                                              0.920814   data arrival time

                                 10.000000   10.000000   clock clk (rise edge)
                                  0.000000   10.000000   clock network delay (propagated)
                                 -0.250000    9.750000   clock uncertainty
                                  0.000000    9.750000   clock reconvergence pessimism
                                 -2.000000    7.750000   output external delay
                                              7.750000   data required time
---------------------------------------------------------------------------------------------
                                              7.750000   data required time
                                             -0.920814   data arrival time
---------------------------------------------------------------------------------------------
                                              6.829186   slack (MET)


Startpoint: _41_ (rising edge-triggered flip-flop clocked by clk)
Endpoint: count[4] (output port clocked by clk)
Path Group: clk
Path Type: max

Fanout         Cap        Slew       Delay        Time   Description
---------------------------------------------------------------------------------------------
                                  0.000000    0.000000   clock clk (rise edge)
                                  0.000000    0.000000   clock source latency
     1    0.012752    0.063443    0.042958    0.042958 ^ clk (in)
                      0.063445    0.000000    0.042958 ^ clkbuf_0_clk/A (sky130_fd_sc_hd__clkbuf_16)
     2    0.017453    0.039689    0.129785    0.172743 ^ clkbuf_0_clk/X (sky130_fd_sc_hd__clkbuf_16)
                      0.039689    0.000056    0.172799 ^ clkbuf_1_0__f_clk/A (sky130_fd_sc_hd__clkbuf_16)
     4    0.010641    0.033879    0.114567    0.287366 ^ clkbuf_1_0__f_clk/X (sky130_fd_sc_hd__clkbuf_16)
                      0.033879    0.000021    0.287388 ^ _41_/CLK (sky130_fd_sc_hd__dfrtp_1)
     4    0.015029    0.141445    0.389547    0.676935 ^ _41_/Q (sky130_fd_sc_hd__dfrtp_1)
                      0.141445    0.000080    0.677015 ^ output7/A (sky130_fd_sc_hd__buf_2)
     1    0.034504    0.171635    0.232847    0.909863 ^ output7/X (sky130_fd_sc_hd__buf_2)
                      0.171635    0.000235    0.910098 ^ count[4] (out)
                                              0.910098   data arrival time

                                 10.000000   10.000000   clock clk (rise edge)
                                  0.000000   10.000000   clock network delay (propagated)
                                 -0.250000    9.750000   clock uncertainty
                                  0.000000    9.750000   clock reconvergence pessimism
                                 -2.000000    7.750000   output external delay
                                              7.750000   data required time
---------------------------------------------------------------------------------------------
                                              7.750000   data required time
                                             -0.910098   data arrival time
---------------------------------------------------------------------------------------------
                                              6.839902   slack (MET)


Startpoint: _37_ (rising edge-triggered flip-flop clocked by clk)
Endpoint: count[0] (output port clocked by clk)
Path Group: clk
Path Type: max

Fanout         Cap        Slew       Delay        Time   Description
---------------------------------------------------------------------------------------------
                                  0.000000    0.000000   clock clk (rise edge)
                                  0.000000    0.000000   clock source latency
     1    0.012752    0.063443    0.042958    0.042958 ^ clk (in)
                      0.063445    0.000000    0.042958 ^ clkbuf_0_clk/A (sky130_fd_sc_hd__clkbuf_16)
     2    0.017453    0.039689    0.129785    0.172743 ^ clkbuf_0_clk/X (sky130_fd_sc_hd__clkbuf_16)
                      0.039689    0.000049    0.172792 ^ clkbuf_1_1__f_clk/A (sky130_fd_sc_hd__clkbuf_16)
     4    0.010669    0.033904    0.114594    0.287386 ^ clkbuf_1_1__f_clk/X (sky130_fd_sc_hd__clkbuf_16)
                      0.033904    0.000038    0.287423 ^ _37_/CLK (sky130_fd_sc_hd__dfrtp_1)
     5    0.014959    0.140864    0.389128    0.676552 ^ _37_/Q (sky130_fd_sc_hd__dfrtp_1)
                      0.140864    0.000076    0.676627 ^ output3/A (sky130_fd_sc_hd__buf_2)
     1    0.034296    0.170654    0.232030    0.908657 ^ output3/X (sky130_fd_sc_hd__buf_2)
                      0.170654    0.000191    0.908848 ^ count[0] (out)
                                              0.908848   data arrival time

                                 10.000000   10.000000   clock clk (rise edge)
                                  0.000000   10.000000   clock network delay (propagated)
                                 -0.250000    9.750000   clock uncertainty
                                  0.000000    9.750000   clock reconvergence pessimism
                                 -2.000000    7.750000   output external delay
                                              7.750000   data required time
---------------------------------------------------------------------------------------------
                                              7.750000   data required time
                                             -0.908848   data arrival time
---------------------------------------------------------------------------------------------
                                              6.841152   slack (MET)


Startpoint: _43_ (rising edge-triggered flip-flop clocked by clk)
Endpoint: count[6] (output port clocked by clk)
Path Group: clk
Path Type: max

Fanout         Cap        Slew       Delay        Time   Description
---------------------------------------------------------------------------------------------
                                  0.000000    0.000000   clock clk (rise edge)
                                  0.000000    0.000000   clock source latency
     1    0.012752    0.063443    0.042958    0.042958 ^ clk (in)
                      0.063445    0.000000    0.042958 ^ clkbuf_0_clk/A (sky130_fd_sc_hd__clkbuf_16)
     2    0.017453    0.039689    0.129785    0.172743 ^ clkbuf_0_clk/X (sky130_fd_sc_hd__clkbuf_16)
                      0.039689    0.000049    0.172792 ^ clkbuf_1_1__f_clk/A (sky130_fd_sc_hd__clkbuf_16)
     4    0.010669    0.033904    0.114594    0.287386 ^ clkbuf_1_1__f_clk/X (sky130_fd_sc_hd__clkbuf_16)
                      0.033904    0.000011    0.287396 ^ _43_/CLK (sky130_fd_sc_hd__dfrtp_1)
     3    0.011169    0.112827    0.366161    0.653558 ^ _43_/Q (sky130_fd_sc_hd__dfrtp_1)
                      0.112827    0.000021    0.653579 ^ output9/A (sky130_fd_sc_hd__buf_2)
     1    0.034109    0.169685    0.222940    0.876518 ^ output9/X (sky130_fd_sc_hd__buf_2)
                      0.169685    0.000109    0.876627 ^ count[6] (out)
                                              0.876627   data arrival time

                                 10.000000   10.000000   clock clk (rise edge)
                                  0.000000   10.000000   clock network delay (propagated)
                                 -0.250000    9.750000   clock uncertainty
                                  0.000000    9.750000   clock reconvergence pessimism
                                 -2.000000    7.750000   output external delay
                                              7.750000   data required time
---------------------------------------------------------------------------------------------
                                              7.750000   data required time
                                             -0.876627   data arrival time
---------------------------------------------------------------------------------------------
                                              6.873373   slack (MET)


Startpoint: _38_ (rising edge-triggered flip-flop clocked by clk)
Endpoint: count[1] (output port clocked by clk)
Path Group: clk
Path Type: max

Fanout         Cap        Slew       Delay        Time   Description
---------------------------------------------------------------------------------------------
                                  0.000000    0.000000   clock clk (rise edge)
                                  0.000000    0.000000   clock source latency
     1    0.012752    0.063443    0.042958    0.042958 ^ clk (in)
                      0.063445    0.000000    0.042958 ^ clkbuf_0_clk/A (sky130_fd_sc_hd__clkbuf_16)
     2    0.017453    0.039689    0.129785    0.172743 ^ clkbuf_0_clk/X (sky130_fd_sc_hd__clkbuf_16)
                      0.039689    0.000056    0.172799 ^ clkbuf_1_0__f_clk/A (sky130_fd_sc_hd__clkbuf_16)
     4    0.010641    0.033879    0.114567    0.287366 ^ clkbuf_1_0__f_clk/X (sky130_fd_sc_hd__clkbuf_16)
                      0.033879    0.000030    0.287396 ^ _38_/CLK (sky130_fd_sc_hd__dfrtp_1)
     4    0.011005    0.111483    0.365159    0.652555 ^ _38_/Q (sky130_fd_sc_hd__dfrtp_1)
                      0.111483    0.000042    0.652597 ^ output4/A (sky130_fd_sc_hd__buf_2)
     1    0.034006    0.169190    0.222118    0.874715 ^ output4/X (sky130_fd_sc_hd__buf_2)
                      0.169190    0.000086    0.874801 ^ count[1] (out)
                                              0.874801   data arrival time

                                 10.000000   10.000000   clock clk (rise edge)
                                  0.000000   10.000000   clock network delay (propagated)
                                 -0.250000    9.750000   clock uncertainty
                                  0.000000    9.750000   clock reconvergence pessimism
                                 -2.000000    7.750000   output external delay
                                              7.750000   data required time
---------------------------------------------------------------------------------------------
                                              7.750000   data required time
                                             -0.874801   data arrival time
---------------------------------------------------------------------------------------------
                                              6.875198   slack (MET)


Startpoint: _44_ (rising edge-triggered flip-flop clocked by clk)
Endpoint: count[7] (output port clocked by clk)
Path Group: clk
Path Type: max

Fanout         Cap        Slew       Delay        Time   Description
---------------------------------------------------------------------------------------------
                                  0.000000    0.000000   clock clk (rise edge)
                                  0.000000    0.000000   clock source latency
     1    0.012752    0.063443    0.042958    0.042958 ^ clk (in)
                      0.063445    0.000000    0.042958 ^ clkbuf_0_clk/A (sky130_fd_sc_hd__clkbuf_16)
     2    0.017453    0.039689    0.129785    0.172743 ^ clkbuf_0_clk/X (sky130_fd_sc_hd__clkbuf_16)
                      0.039689    0.000049    0.172792 ^ clkbuf_1_1__f_clk/A (sky130_fd_sc_hd__clkbuf_16)
     4    0.010669    0.033904    0.114594    0.287386 ^ clkbuf_1_1__f_clk/X (sky130_fd_sc_hd__clkbuf_16)
                      0.033904    0.000036    0.287421 ^ _44_/CLK (sky130_fd_sc_hd__dfrtp_1)
     3    0.010843    0.110157    0.364188    0.651609 ^ _44_/Q (sky130_fd_sc_hd__dfrtp_1)
                      0.110157    0.000025    0.651635 ^ output10/A (sky130_fd_sc_hd__buf_2)
     1    0.034126    0.169750    0.222009    0.873644 ^ output10/X (sky130_fd_sc_hd__buf_2)
                      0.169750    0.000113    0.873757 ^ count[7] (out)
                                              0.873757   data arrival time

                                 10.000000   10.000000   clock clk (rise edge)
                                  0.000000   10.000000   clock network delay (propagated)
                                 -0.250000    9.750000   clock uncertainty
                                  0.000000    9.750000   clock reconvergence pessimism
                                 -2.000000    7.750000   output external delay
                                              7.750000   data required time
---------------------------------------------------------------------------------------------
                                              7.750000   data required time
                                             -0.873757   data arrival time
---------------------------------------------------------------------------------------------
                                              6.876243   slack (MET)


Startpoint: _42_ (rising edge-triggered flip-flop clocked by clk)
Endpoint: count[5] (output port clocked by clk)
Path Group: clk
Path Type: max

Fanout         Cap        Slew       Delay        Time   Description
---------------------------------------------------------------------------------------------
                                  0.000000    0.000000   clock clk (rise edge)
                                  0.000000    0.000000   clock source latency
     1    0.012752    0.063443    0.042958    0.042958 ^ clk (in)
                      0.063445    0.000000    0.042958 ^ clkbuf_0_clk/A (sky130_fd_sc_hd__clkbuf_16)
     2    0.017453    0.039689    0.129785    0.172743 ^ clkbuf_0_clk/X (sky130_fd_sc_hd__clkbuf_16)
                      0.039689    0.000049    0.172792 ^ clkbuf_1_1__f_clk/A (sky130_fd_sc_hd__clkbuf_16)
     4    0.010669    0.033904    0.114594    0.287386 ^ clkbuf_1_1__f_clk/X (sky130_fd_sc_hd__clkbuf_16)
                      0.033904    0.000032    0.287418 ^ _42_/CLK (sky130_fd_sc_hd__dfrtp_1)
     3    0.009767    0.101325    0.357659    0.645077 ^ _42_/Q (sky130_fd_sc_hd__dfrtp_1)
                      0.101325    0.000030    0.645107 ^ output8/A (sky130_fd_sc_hd__buf_2)
     1    0.034057    0.169372    0.218536    0.863643 ^ output8/X (sky130_fd_sc_hd__buf_2)
                      0.169372    0.000097    0.863740 ^ count[5] (out)
                                              0.863740   data arrival time

                                 10.000000   10.000000   clock clk (rise edge)
                                  0.000000   10.000000   clock network delay (propagated)
                                 -0.250000    9.750000   clock uncertainty
                                  0.000000    9.750000   clock reconvergence pessimism
                                 -2.000000    7.750000   output external delay
                                              7.750000   data required time
---------------------------------------------------------------------------------------------
                                              7.750000   data required time
                                             -0.863740   data arrival time
---------------------------------------------------------------------------------------------
                                              6.886260   slack (MET)


Startpoint: _39_ (rising edge-triggered flip-flop clocked by clk)
Endpoint: count[2] (output port clocked by clk)
Path Group: clk
Path Type: max

Fanout         Cap        Slew       Delay        Time   Description
---------------------------------------------------------------------------------------------
                                  0.000000    0.000000   clock clk (rise edge)
                                  0.000000    0.000000   clock source latency
     1    0.012752    0.063443    0.042958    0.042958 ^ clk (in)
                      0.063445    0.000000    0.042958 ^ clkbuf_0_clk/A (sky130_fd_sc_hd__clkbuf_16)
     2    0.017453    0.039689    0.129785    0.172743 ^ clkbuf_0_clk/X (sky130_fd_sc_hd__clkbuf_16)
                      0.039689    0.000056    0.172799 ^ clkbuf_1_0__f_clk/A (sky130_fd_sc_hd__clkbuf_16)
     4    0.010641    0.033879    0.114567    0.287366 ^ clkbuf_1_0__f_clk/X (sky130_fd_sc_hd__clkbuf_16)
                      0.033879    0.000028    0.287395 ^ _39_/CLK (sky130_fd_sc_hd__dfrtp_1)
     3    0.008991    0.066911    0.383109    0.670503 v _39_/Q (sky130_fd_sc_hd__dfrtp_1)
                      0.066911    0.000023    0.670526 v output5/A (sky130_fd_sc_hd__buf_2)
     1    0.034093    0.088841    0.189989    0.860515 v output5/X (sky130_fd_sc_hd__buf_2)
                      0.088841    0.000107    0.860622 v count[2] (out)
                                              0.860622   data arrival time

                                 10.000000   10.000000   clock clk (rise edge)
                                  0.000000   10.000000   clock network delay (propagated)
                                 -0.250000    9.750000   clock uncertainty
                                  0.000000    9.750000   clock reconvergence pessimism
                                 -2.000000    7.750000   output external delay
                                              7.750000   data required time
---------------------------------------------------------------------------------------------
                                              7.750000   data required time
                                             -0.860622   data arrival time
---------------------------------------------------------------------------------------------
                                              6.889378   slack (MET)


Startpoint: enable (input port clocked by clk)
Endpoint: _42_ (rising edge-triggered flip-flop clocked by clk)
Path Group: clk
Path Type: max

Fanout         Cap        Slew       Delay        Time   Description
---------------------------------------------------------------------------------------------
                                  0.000000    0.000000   clock clk (rise edge)
                                  0.000000    0.000000   clock network delay (propagated)
                                  2.000000    2.000000 ^ input external delay
     1    0.003007    0.020624    0.011021    2.011021 ^ enable (in)
                      0.020624    0.000000    2.011021 ^ input1/A (sky130_fd_sc_hd__buf_1)
     4    0.013130    0.160169    0.153861    2.164882 ^ input1/X (sky130_fd_sc_hd__buf_1)
                      0.160169    0.000177    2.165059 ^ _19_/D (sky130_fd_sc_hd__and4_1)
     6    0.017674    0.181516    0.314161    2.479220 ^ _19_/X (sky130_fd_sc_hd__and4_1)
                      0.181516    0.000083    2.479303 ^ _22_/B (sky130_fd_sc_hd__and3_1)
     2    0.006979    0.088498    0.209097    2.688400 ^ _22_/X (sky130_fd_sc_hd__and3_1)
                      0.088498    0.000006    2.688405 ^ _34_/A_N (sky130_fd_sc_hd__and2b_1)
     1    0.002306    0.032533    0.177530    2.865936 v _34_/X (sky130_fd_sc_hd__and2b_1)
                      0.032533    0.000004    2.865940 v _42_/D (sky130_fd_sc_hd__dfrtp_1)
                                              2.865940   data arrival time

                                 10.000000   10.000000   clock clk (rise edge)
                                  0.000000   10.000000   clock source latency
     1    0.012752    0.063443    0.042958   10.042958 ^ clk (in)
                      0.063445    0.000000   10.042958 ^ clkbuf_0_clk/A (sky130_fd_sc_hd__clkbuf_16)
     2    0.017453    0.039689    0.129786   10.172744 ^ clkbuf_0_clk/X (sky130_fd_sc_hd__clkbuf_16)
                      0.039689    0.000048   10.172791 ^ clkbuf_1_1__f_clk/A (sky130_fd_sc_hd__clkbuf_16)
     4    0.010669    0.033904    0.114595   10.287386 ^ clkbuf_1_1__f_clk/X (sky130_fd_sc_hd__clkbuf_16)
                      0.033904    0.000032   10.287418 ^ _42_/CLK (sky130_fd_sc_hd__dfrtp_1)
                                 -0.250000   10.037418   clock uncertainty
                                  0.000000   10.037418   clock reconvergence pessimism
                                 -0.111370    9.926048   library setup time
                                              9.926048   data required time
---------------------------------------------------------------------------------------------
                                              9.926048   data required time
                                             -2.865940   data arrival time
---------------------------------------------------------------------------------------------
                                              7.060109   slack (MET)


Startpoint: enable (input port clocked by clk)
Endpoint: _44_ (rising edge-triggered flip-flop clocked by clk)
Path Group: clk
Path Type: max

Fanout         Cap        Slew       Delay        Time   Description
---------------------------------------------------------------------------------------------
                                  0.000000    0.000000   clock clk (rise edge)
                                  0.000000    0.000000   clock network delay (propagated)
                                  2.000000    2.000000 ^ input external delay
     1    0.003007    0.020624    0.011021    2.011021 ^ enable (in)
                      0.020624    0.000000    2.011021 ^ input1/A (sky130_fd_sc_hd__buf_1)
     4    0.013130    0.160169    0.153861    2.164882 ^ input1/X (sky130_fd_sc_hd__buf_1)
                      0.160169    0.000177    2.165059 ^ _19_/D (sky130_fd_sc_hd__and4_1)
     6    0.017674    0.181516    0.314161    2.479220 ^ _19_/X (sky130_fd_sc_hd__and4_1)
                      0.181516    0.000078    2.479298 ^ _23_/C (sky130_fd_sc_hd__and4_1)
     2    0.007711    0.096644    0.247534    2.726832 ^ _23_/X (sky130_fd_sc_hd__and4_1)
                      0.096644    0.000061    2.726893 ^ _36_/B (sky130_fd_sc_hd__xor2_1)
     1    0.002268    0.103919    0.139362    2.866255 ^ _36_/X (sky130_fd_sc_hd__xor2_1)
                      0.103919    0.000004    2.866259 ^ _44_/D (sky130_fd_sc_hd__dfrtp_1)
                                              2.866259   data arrival time

                                 10.000000   10.000000   clock clk (rise edge)
                                  0.000000   10.000000   clock source latency
     1    0.012752    0.063443    0.042958   10.042958 ^ clk (in)
                      0.063445    0.000000   10.042958 ^ clkbuf_0_clk/A (sky130_fd_sc_hd__clkbuf_16)
     2    0.017453    0.039689    0.129786   10.172744 ^ clkbuf_0_clk/X (sky130_fd_sc_hd__clkbuf_16)
                      0.039689    0.000048   10.172791 ^ clkbuf_1_1__f_clk/A (sky130_fd_sc_hd__clkbuf_16)
     4    0.010669    0.033904    0.114595   10.287386 ^ clkbuf_1_1__f_clk/X (sky130_fd_sc_hd__clkbuf_16)
                      0.033904    0.000036   10.287422 ^ _44_/CLK (sky130_fd_sc_hd__dfrtp_1)
                                 -0.250000   10.037422   clock uncertainty
                                  0.000000   10.037422   clock reconvergence pessimism
                                 -0.075138    9.962284   library setup time
                                              9.962284   data required time
---------------------------------------------------------------------------------------------
                                              9.962284   data required time
                                             -2.866259   data arrival time
---------------------------------------------------------------------------------------------
                                              7.096025   slack (MET)


Startpoint: enable (input port clocked by clk)
Endpoint: _43_ (rising edge-triggered flip-flop clocked by clk)
Path Group: clk
Path Type: max

Fanout         Cap        Slew       Delay        Time   Description
---------------------------------------------------------------------------------------------
                                  0.000000    0.000000   clock clk (rise edge)
                                  0.000000    0.000000   clock network delay (propagated)
                                  2.000000    2.000000 ^ input external delay
     1    0.003007    0.020624    0.011021    2.011021 ^ enable (in)
                      0.020624    0.000000    2.011021 ^ input1/A (sky130_fd_sc_hd__buf_1)
     4    0.013130    0.160169    0.153861    2.164882 ^ input1/X (sky130_fd_sc_hd__buf_1)
                      0.160169    0.000177    2.165059 ^ _19_/D (sky130_fd_sc_hd__and4_1)
     6    0.017674    0.181516    0.314161    2.479220 ^ _19_/X (sky130_fd_sc_hd__and4_1)
                      0.181516    0.000083    2.479303 ^ _22_/B (sky130_fd_sc_hd__and3_1)
     2    0.006979    0.088498    0.209097    2.688400 ^ _22_/X (sky130_fd_sc_hd__and3_1)
                      0.088498    0.000008    2.688408 ^ _35_/B (sky130_fd_sc_hd__xor2_1)
     1    0.002644    0.110887    0.142963    2.831370 ^ _35_/X (sky130_fd_sc_hd__xor2_1)
                      0.110887    0.000008    2.831378 ^ _43_/D (sky130_fd_sc_hd__dfrtp_1)
                                              2.831378   data arrival time

                                 10.000000   10.000000   clock clk (rise edge)
                                  0.000000   10.000000   clock source latency
     1    0.012752    0.063443    0.042958   10.042958 ^ clk (in)
                      0.063445    0.000000   10.042958 ^ clkbuf_0_clk/A (sky130_fd_sc_hd__clkbuf_16)
     2    0.017453    0.039689    0.129786   10.172744 ^ clkbuf_0_clk/X (sky130_fd_sc_hd__clkbuf_16)
                      0.039689    0.000048   10.172791 ^ clkbuf_1_1__f_clk/A (sky130_fd_sc_hd__clkbuf_16)
     4    0.010669    0.033904    0.114595   10.287386 ^ clkbuf_1_1__f_clk/X (sky130_fd_sc_hd__clkbuf_16)
                      0.033904    0.000011   10.287397 ^ _43_/CLK (sky130_fd_sc_hd__dfrtp_1)
                                 -0.250000   10.037397   clock uncertainty
                                  0.000000   10.037397   clock reconvergence pessimism
                                 -0.076752    9.960645   library setup time
                                              9.960645   data required time
---------------------------------------------------------------------------------------------
                                              9.960645   data required time
                                             -2.831378   data arrival time
---------------------------------------------------------------------------------------------
                                              7.129267   slack (MET)


Startpoint: enable (input port clocked by clk)
Endpoint: _40_ (rising edge-triggered flip-flop clocked by clk)
Path Group: clk
Path Type: max

Fanout         Cap        Slew       Delay        Time   Description
---------------------------------------------------------------------------------------------
                                  0.000000    0.000000   clock clk (rise edge)
                                  0.000000    0.000000   clock network delay (propagated)
                                  2.000000    2.000000 v input external delay
     1    0.002831    0.008704    0.004467    2.004467 v enable (in)
                      0.008704    0.000000    2.004467 v input1/A (sky130_fd_sc_hd__buf_1)
     4    0.012333    0.077367    0.114766    2.119233 v input1/X (sky130_fd_sc_hd__buf_1)
                      0.077367    0.000165    2.119398 v _19_/D (sky130_fd_sc_hd__and4_1)
     6    0.016729    0.094370    0.268376    2.387774 v _19_/X (sky130_fd_sc_hd__and4_1)
                      0.094370    0.000077    2.387851 v _30_/B (sky130_fd_sc_hd__or2_1)
     1    0.001571    0.041965    0.210391    2.598242 v _30_/X (sky130_fd_sc_hd__or2_1)
                      0.041965    0.000000    2.598243 v _31_/B (sky130_fd_sc_hd__and2_1)
     1    0.002373    0.034178    0.146172    2.744416 v _31_/X (sky130_fd_sc_hd__and2_1)
                      0.034178    0.000004    2.744420 v _40_/D (sky130_fd_sc_hd__dfrtp_1)
                                              2.744420   data arrival time

                                 10.000000   10.000000   clock clk (rise edge)
                                  0.000000   10.000000   clock source latency
     1    0.012752    0.063443    0.042958   10.042958 ^ clk (in)
                      0.063445    0.000000   10.042958 ^ clkbuf_0_clk/A (sky130_fd_sc_hd__clkbuf_16)
     2    0.017453    0.039689    0.129786   10.172744 ^ clkbuf_0_clk/X (sky130_fd_sc_hd__clkbuf_16)
                      0.039689    0.000056   10.172800 ^ clkbuf_1_0__f_clk/A (sky130_fd_sc_hd__clkbuf_16)
     4    0.010641    0.033879    0.114567   10.287367 ^ clkbuf_1_0__f_clk/X (sky130_fd_sc_hd__clkbuf_16)
                      0.033879    0.000027   10.287394 ^ _40_/CLK (sky130_fd_sc_hd__dfrtp_1)
                                 -0.250000   10.037394   clock uncertainty
                                  0.000000   10.037394   clock reconvergence pessimism
                                 -0.112094    9.925300   library setup time
                                              9.925300   data required time
---------------------------------------------------------------------------------------------
                                              9.925300   data required time
                                             -2.744420   data arrival time
---------------------------------------------------------------------------------------------
                                              7.180880   slack (MET)


Startpoint: enable (input port clocked by clk)
Endpoint: _41_ (rising edge-triggered flip-flop clocked by clk)
Path Group: clk
Path Type: max

Fanout         Cap        Slew       Delay        Time   Description
---------------------------------------------------------------------------------------------
                                  0.000000    0.000000   clock clk (rise edge)
                                  0.000000    0.000000   clock network delay (propagated)
                                  2.000000    2.000000 ^ input external delay
     1    0.003007    0.020624    0.011021    2.011021 ^ enable (in)
                      0.020624    0.000000    2.011021 ^ input1/A (sky130_fd_sc_hd__buf_1)
     4    0.013130    0.160169    0.153861    2.164882 ^ input1/X (sky130_fd_sc_hd__buf_1)
                      0.160169    0.000177    2.165059 ^ _19_/D (sky130_fd_sc_hd__and4_1)
     6    0.017674    0.181516    0.314161    2.479220 ^ _19_/X (sky130_fd_sc_hd__and4_1)
                      0.181516    0.000088    2.479307 ^ _20_/B (sky130_fd_sc_hd__nand2_1)
     2    0.006188    0.070689    0.099659    2.578966 v _20_/Y (sky130_fd_sc_hd__nand2_1)
                      0.070689    0.000006    2.578973 v _32_/B (sky130_fd_sc_hd__xnor2_1)
     1    0.002290    0.046838    0.125146    2.704119 v _32_/Y (sky130_fd_sc_hd__xnor2_1)
                      0.046838    0.000004    2.704123 v _41_/D (sky130_fd_sc_hd__dfrtp_1)
                                              2.704123   data arrival time

                                 10.000000   10.000000   clock clk (rise edge)
                                  0.000000   10.000000   clock source latency
     1    0.012752    0.063443    0.042958   10.042958 ^ clk (in)
                      0.063445    0.000000   10.042958 ^ clkbuf_0_clk/A (sky130_fd_sc_hd__clkbuf_16)
     2    0.017453    0.039689    0.129786   10.172744 ^ clkbuf_0_clk/X (sky130_fd_sc_hd__clkbuf_16)
                      0.039689    0.000056   10.172800 ^ clkbuf_1_0__f_clk/A (sky130_fd_sc_hd__clkbuf_16)
     4    0.010641    0.033879    0.114567   10.287367 ^ clkbuf_1_0__f_clk/X (sky130_fd_sc_hd__clkbuf_16)
                      0.033879    0.000021   10.287388 ^ _41_/CLK (sky130_fd_sc_hd__dfrtp_1)
                                 -0.250000   10.037388   clock uncertainty
                                  0.000000   10.037388   clock reconvergence pessimism
                                 -0.117621    9.919767   library setup time
                                              9.919767   data required time
---------------------------------------------------------------------------------------------
                                              9.919767   data required time
                                             -2.704123   data arrival time
---------------------------------------------------------------------------------------------
                                              7.215644   slack (MET)


Startpoint: enable (input port clocked by clk)
Endpoint: _39_ (rising edge-triggered flip-flop clocked by clk)
Path Group: clk
Path Type: max

Fanout         Cap        Slew       Delay        Time   Description
---------------------------------------------------------------------------------------------
                                  0.000000    0.000000   clock clk (rise edge)
                                  0.000000    0.000000   clock network delay (propagated)
                                  2.000000    2.000000 ^ input external delay
     1    0.003007    0.020624    0.011021    2.011021 ^ enable (in)
                      0.020624    0.000000    2.011021 ^ input1/A (sky130_fd_sc_hd__buf_1)
     4    0.013130    0.160169    0.153861    2.164882 ^ input1/X (sky130_fd_sc_hd__buf_1)
                      0.160169    0.000177    2.165059 ^ _19_/D (sky130_fd_sc_hd__and4_1)
     6    0.017674    0.181516    0.314161    2.479220 ^ _19_/X (sky130_fd_sc_hd__and4_1)
                      0.181516    0.000039    2.479259 ^ _29_/A (sky130_fd_sc_hd__nor2_1)
     1    0.002218    0.046690    0.066959    2.546217 v _29_/Y (sky130_fd_sc_hd__nor2_1)
                      0.046690    0.000002    2.546220 v _39_/D (sky130_fd_sc_hd__dfrtp_1)
                                              2.546220   data arrival time

                                 10.000000   10.000000   clock clk (rise edge)
                                  0.000000   10.000000   clock source latency
     1    0.012752    0.063443    0.042958   10.042958 ^ clk (in)
                      0.063445    0.000000   10.042958 ^ clkbuf_0_clk/A (sky130_fd_sc_hd__clkbuf_16)
     2    0.017453    0.039689    0.129786   10.172744 ^ clkbuf_0_clk/X (sky130_fd_sc_hd__clkbuf_16)
                      0.039689    0.000056   10.172800 ^ clkbuf_1_0__f_clk/A (sky130_fd_sc_hd__clkbuf_16)
     4    0.010641    0.033879    0.114567   10.287367 ^ clkbuf_1_0__f_clk/X (sky130_fd_sc_hd__clkbuf_16)
                      0.033879    0.000028   10.287395 ^ _39_/CLK (sky130_fd_sc_hd__dfrtp_1)
                                 -0.250000   10.037395   clock uncertainty
                                  0.000000   10.037395   clock reconvergence pessimism
                                 -0.117556    9.919839   library setup time
                                              9.919839   data required time
---------------------------------------------------------------------------------------------
                                              9.919839   data required time
                                             -2.546220   data arrival time
---------------------------------------------------------------------------------------------
                                              7.373619   slack (MET)


Startpoint: enable (input port clocked by clk)
Endpoint: _38_ (rising edge-triggered flip-flop clocked by clk)
Path Group: clk
Path Type: max

Fanout         Cap        Slew       Delay        Time   Description
---------------------------------------------------------------------------------------------
                                  0.000000    0.000000   clock clk (rise edge)
                                  0.000000    0.000000   clock network delay (propagated)
                                  2.000000    2.000000 ^ input external delay
     1    0.003007    0.020624    0.011021    2.011021 ^ enable (in)
                      0.020624    0.000000    2.011021 ^ input1/A (sky130_fd_sc_hd__buf_1)
     4    0.013130    0.160169    0.153861    2.164882 ^ input1/X (sky130_fd_sc_hd__buf_1)
                      0.160169    0.000173    2.165056 ^ _18_/C (sky130_fd_sc_hd__and3_1)
     2    0.005637    0.076532    0.193495    2.358550 ^ _18_/X (sky130_fd_sc_hd__and3_1)
                      0.076532    0.000006    2.358557 ^ _27_/A (sky130_fd_sc_hd__nor2_1)
     1    0.002243    0.030899    0.047205    2.405762 v _27_/Y (sky130_fd_sc_hd__nor2_1)
                      0.030899    0.000004    2.405766 v _38_/D (sky130_fd_sc_hd__dfrtp_1)
                                              2.405766   data arrival time

                                 10.000000   10.000000   clock clk (rise edge)
                                  0.000000   10.000000   clock source latency
     1    0.012752    0.063443    0.042958   10.042958 ^ clk (in)
                      0.063445    0.000000   10.042958 ^ clkbuf_0_clk/A (sky130_fd_sc_hd__clkbuf_16)
     2    0.017453    0.039689    0.129786   10.172744 ^ clkbuf_0_clk/X (sky130_fd_sc_hd__clkbuf_16)
                      0.039689    0.000056   10.172800 ^ clkbuf_1_0__f_clk/A (sky130_fd_sc_hd__clkbuf_16)
     4    0.010641    0.033879    0.114567   10.287367 ^ clkbuf_1_0__f_clk/X (sky130_fd_sc_hd__clkbuf_16)
                      0.033879    0.000030   10.287397 ^ _38_/CLK (sky130_fd_sc_hd__dfrtp_1)
                                 -0.250000   10.037397   clock uncertainty
                                  0.000000   10.037397   clock reconvergence pessimism
                                 -0.110662    9.926735   library setup time
                                              9.926735   data required time
---------------------------------------------------------------------------------------------
                                              9.926735   data required time
                                             -2.405766   data arrival time
---------------------------------------------------------------------------------------------
                                              7.520970   slack (MET)


Startpoint: enable (input port clocked by clk)
Endpoint: _37_ (rising edge-triggered flip-flop clocked by clk)
Path Group: clk
Path Type: max

Fanout         Cap        Slew       Delay        Time   Description
---------------------------------------------------------------------------------------------
                                  0.000000    0.000000   clock clk (rise edge)
                                  0.000000    0.000000   clock network delay (propagated)
                                  2.000000    2.000000 ^ input external delay
     1    0.003007    0.020624    0.011021    2.011021 ^ enable (in)
                      0.020624    0.000000    2.011021 ^ input1/A (sky130_fd_sc_hd__buf_1)
     4    0.013130    0.160169    0.153861    2.164882 ^ input1/X (sky130_fd_sc_hd__buf_1)
                      0.160169    0.000180    2.165062 ^ _25_/B (sky130_fd_sc_hd__xor2_1)
     1    0.002782    0.113492    0.156196    2.321258 ^ _25_/X (sky130_fd_sc_hd__xor2_1)
                      0.113492    0.000008    2.321266 ^ _37_/D (sky130_fd_sc_hd__dfrtp_1)
                                              2.321266   data arrival time

                                 10.000000   10.000000   clock clk (rise edge)
                                  0.000000   10.000000   clock source latency
     1    0.012752    0.063443    0.042958   10.042958 ^ clk (in)
                      0.063445    0.000000   10.042958 ^ clkbuf_0_clk/A (sky130_fd_sc_hd__clkbuf_16)
     2    0.017453    0.039689    0.129786   10.172744 ^ clkbuf_0_clk/X (sky130_fd_sc_hd__clkbuf_16)
                      0.039689    0.000048   10.172791 ^ clkbuf_1_1__f_clk/A (sky130_fd_sc_hd__clkbuf_16)
     4    0.010669    0.033904    0.114595   10.287386 ^ clkbuf_1_1__f_clk/X (sky130_fd_sc_hd__clkbuf_16)
                      0.033904    0.000037   10.287424 ^ _37_/CLK (sky130_fd_sc_hd__dfrtp_1)
                                 -0.250000   10.037424   clock uncertainty
                                  0.000000   10.037424   clock reconvergence pessimism
                                 -0.077355    9.960069   library setup time
                                              9.960069   data required time
---------------------------------------------------------------------------------------------
                                              9.960069   data required time
                                             -2.321266   data arrival time
---------------------------------------------------------------------------------------------
                                              7.638803   slack (MET)


Startpoint: rst_n (input port clocked by clk)
Endpoint: _42_ (recovery check against rising-edge clock clk)
Path Group: asynchronous
Path Type: max

Fanout         Cap        Slew       Delay        Time   Description
---------------------------------------------------------------------------------------------
                                  0.000000    0.000000   clock clk (rise edge)
                                  0.000000    0.000000   clock network delay (propagated)
                                  2.000000    2.000000 ^ input external delay
     1    0.003062    0.020861    0.011213    2.011214 ^ rst_n (in)
                      0.020861    0.000000    2.011214 ^ input2/A (sky130_fd_sc_hd__clkbuf_4)
     8    0.040416    0.129506    0.188517    2.199730 ^ input2/X (sky130_fd_sc_hd__clkbuf_4)
                      0.129510    0.000844    2.200574 ^ _42_/RESET_B (sky130_fd_sc_hd__dfrtp_1)
                                              2.200574   data arrival time

                                 10.000000   10.000000   clock clk (rise edge)
                                  0.000000   10.000000   clock source latency
     1    0.012752    0.063443    0.042958   10.042958 ^ clk (in)
                      0.063445    0.000000   10.042958 ^ clkbuf_0_clk/A (sky130_fd_sc_hd__clkbuf_16)
     2    0.017453    0.039689    0.129786   10.172744 ^ clkbuf_0_clk/X (sky130_fd_sc_hd__clkbuf_16)
                      0.039689    0.000048   10.172791 ^ clkbuf_1_1__f_clk/A (sky130_fd_sc_hd__clkbuf_16)
     4    0.010669    0.033904    0.114595   10.287386 ^ clkbuf_1_1__f_clk/X (sky130_fd_sc_hd__clkbuf_16)
                      0.033904    0.000032   10.287418 ^ _42_/CLK (sky130_fd_sc_hd__dfrtp_1)
                                 -0.250000   10.037418   clock uncertainty
                                  0.000000   10.037418   clock reconvergence pessimism
                                  0.205013   10.242432   library recovery time
                                             10.242432   data required time
---------------------------------------------------------------------------------------------
                                             10.242432   data required time
                                             -2.200574   data arrival time
---------------------------------------------------------------------------------------------
                                              8.041857   slack (MET)


Startpoint: rst_n (input port clocked by clk)
Endpoint: _43_ (recovery check against rising-edge clock clk)
Path Group: asynchronous
Path Type: max

Fanout         Cap        Slew       Delay        Time   Description
---------------------------------------------------------------------------------------------
                                  0.000000    0.000000   clock clk (rise edge)
                                  0.000000    0.000000   clock network delay (propagated)
                                  2.000000    2.000000 ^ input external delay
     1    0.003062    0.020861    0.011213    2.011214 ^ rst_n (in)
                      0.020861    0.000000    2.011214 ^ input2/A (sky130_fd_sc_hd__clkbuf_4)
     8    0.040416    0.129506    0.188517    2.199730 ^ input2/X (sky130_fd_sc_hd__clkbuf_4)
                      0.129509    0.000821    2.200551 ^ _43_/RESET_B (sky130_fd_sc_hd__dfrtp_1)
                                              2.200551   data arrival time

                                 10.000000   10.000000   clock clk (rise edge)
                                  0.000000   10.000000   clock source latency
     1    0.012752    0.063443    0.042958   10.042958 ^ clk (in)
                      0.063445    0.000000   10.042958 ^ clkbuf_0_clk/A (sky130_fd_sc_hd__clkbuf_16)
     2    0.017453    0.039689    0.129786   10.172744 ^ clkbuf_0_clk/X (sky130_fd_sc_hd__clkbuf_16)
                      0.039689    0.000048   10.172791 ^ clkbuf_1_1__f_clk/A (sky130_fd_sc_hd__clkbuf_16)
     4    0.010669    0.033904    0.114595   10.287386 ^ clkbuf_1_1__f_clk/X (sky130_fd_sc_hd__clkbuf_16)
                      0.033904    0.000011   10.287397 ^ _43_/CLK (sky130_fd_sc_hd__dfrtp_1)
                                 -0.250000   10.037397   clock uncertainty
                                  0.000000   10.037397   clock reconvergence pessimism
                                  0.205013   10.242410   library recovery time
                                             10.242410   data required time
---------------------------------------------------------------------------------------------
                                             10.242410   data required time
                                             -2.200551   data arrival time
---------------------------------------------------------------------------------------------
                                              8.041859   slack (MET)


Startpoint: rst_n (input port clocked by clk)
Endpoint: _41_ (recovery check against rising-edge clock clk)
Path Group: asynchronous
Path Type: max

Fanout         Cap        Slew       Delay        Time   Description
---------------------------------------------------------------------------------------------
                                  0.000000    0.000000   clock clk (rise edge)
                                  0.000000    0.000000   clock network delay (propagated)
                                  2.000000    2.000000 ^ input external delay
     1    0.003062    0.020861    0.011213    2.011214 ^ rst_n (in)
                      0.020861    0.000000    2.011214 ^ input2/A (sky130_fd_sc_hd__clkbuf_4)
     8    0.040416    0.129506    0.188517    2.199730 ^ input2/X (sky130_fd_sc_hd__clkbuf_4)
                      0.129508    0.000741    2.200471 ^ _41_/RESET_B (sky130_fd_sc_hd__dfrtp_1)
                                              2.200471   data arrival time

                                 10.000000   10.000000   clock clk (rise edge)
                                  0.000000   10.000000   clock source latency
     1    0.012752    0.063443    0.042958   10.042958 ^ clk (in)
                      0.063445    0.000000   10.042958 ^ clkbuf_0_clk/A (sky130_fd_sc_hd__clkbuf_16)
     2    0.017453    0.039689    0.129786   10.172744 ^ clkbuf_0_clk/X (sky130_fd_sc_hd__clkbuf_16)
                      0.039689    0.000056   10.172800 ^ clkbuf_1_0__f_clk/A (sky130_fd_sc_hd__clkbuf_16)
     4    0.010641    0.033879    0.114567   10.287367 ^ clkbuf_1_0__f_clk/X (sky130_fd_sc_hd__clkbuf_16)
                      0.033879    0.000021   10.287388 ^ _41_/CLK (sky130_fd_sc_hd__dfrtp_1)
                                 -0.250000   10.037388   clock uncertainty
                                  0.000000   10.037388   clock reconvergence pessimism
                                  0.205006   10.242393   library recovery time
                                             10.242393   data required time
---------------------------------------------------------------------------------------------
                                             10.242393   data required time
                                             -2.200471   data arrival time
---------------------------------------------------------------------------------------------
                                              8.041923   slack (MET)


Startpoint: rst_n (input port clocked by clk)
Endpoint: _40_ (recovery check against rising-edge clock clk)
Path Group: asynchronous
Path Type: max

Fanout         Cap        Slew       Delay        Time   Description
---------------------------------------------------------------------------------------------
                                  0.000000    0.000000   clock clk (rise edge)
                                  0.000000    0.000000   clock network delay (propagated)
                                  2.000000    2.000000 ^ input external delay
     1    0.003062    0.020861    0.011213    2.011214 ^ rst_n (in)
                      0.020861    0.000000    2.011214 ^ input2/A (sky130_fd_sc_hd__clkbuf_4)
     8    0.040416    0.129506    0.188517    2.199730 ^ input2/X (sky130_fd_sc_hd__clkbuf_4)
                      0.129508    0.000712    2.200442 ^ _40_/RESET_B (sky130_fd_sc_hd__dfrtp_1)
                                              2.200442   data arrival time

                                 10.000000   10.000000   clock clk (rise edge)
                                  0.000000   10.000000   clock source latency
     1    0.012752    0.063443    0.042958   10.042958 ^ clk (in)
                      0.063445    0.000000   10.042958 ^ clkbuf_0_clk/A (sky130_fd_sc_hd__clkbuf_16)
     2    0.017453    0.039689    0.129786   10.172744 ^ clkbuf_0_clk/X (sky130_fd_sc_hd__clkbuf_16)
                      0.039689    0.000056   10.172800 ^ clkbuf_1_0__f_clk/A (sky130_fd_sc_hd__clkbuf_16)
     4    0.010641    0.033879    0.114567   10.287367 ^ clkbuf_1_0__f_clk/X (sky130_fd_sc_hd__clkbuf_16)
                      0.033879    0.000027   10.287394 ^ _40_/CLK (sky130_fd_sc_hd__dfrtp_1)
                                 -0.250000   10.037394   clock uncertainty
                                  0.000000   10.037394   clock reconvergence pessimism
                                  0.205006   10.242399   library recovery time
                                             10.242399   data required time
---------------------------------------------------------------------------------------------
                                             10.242399   data required time
                                             -2.200442   data arrival time
---------------------------------------------------------------------------------------------
                                              8.041958   slack (MET)


Startpoint: rst_n (input port clocked by clk)
Endpoint: _44_ (recovery check against rising-edge clock clk)
Path Group: asynchronous
Path Type: max

Fanout         Cap        Slew       Delay        Time   Description
---------------------------------------------------------------------------------------------
                                  0.000000    0.000000   clock clk (rise edge)
                                  0.000000    0.000000   clock network delay (propagated)
                                  2.000000    2.000000 ^ input external delay
     1    0.003062    0.020861    0.011213    2.011214 ^ rst_n (in)
                      0.020861    0.000000    2.011214 ^ input2/A (sky130_fd_sc_hd__clkbuf_4)
     8    0.040416    0.129506    0.188517    2.199730 ^ input2/X (sky130_fd_sc_hd__clkbuf_4)
                      0.129508    0.000744    2.200475 ^ _44_/RESET_B (sky130_fd_sc_hd__dfrtp_1)
                                              2.200475   data arrival time

                                 10.000000   10.000000   clock clk (rise edge)
                                  0.000000   10.000000   clock source latency
     1    0.012752    0.063443    0.042958   10.042958 ^ clk (in)
                      0.063445    0.000000   10.042958 ^ clkbuf_0_clk/A (sky130_fd_sc_hd__clkbuf_16)
     2    0.017453    0.039689    0.129786   10.172744 ^ clkbuf_0_clk/X (sky130_fd_sc_hd__clkbuf_16)
                      0.039689    0.000048   10.172791 ^ clkbuf_1_1__f_clk/A (sky130_fd_sc_hd__clkbuf_16)
     4    0.010669    0.033904    0.114595   10.287386 ^ clkbuf_1_1__f_clk/X (sky130_fd_sc_hd__clkbuf_16)
                      0.033904    0.000036   10.287422 ^ _44_/CLK (sky130_fd_sc_hd__dfrtp_1)
                                 -0.250000   10.037422   clock uncertainty
                                  0.000000   10.037422   clock reconvergence pessimism
                                  0.205013   10.242435   library recovery time
                                             10.242435   data required time
---------------------------------------------------------------------------------------------
                                             10.242435   data required time
                                             -2.200475   data arrival time
---------------------------------------------------------------------------------------------
                                              8.041961   slack (MET)


Startpoint: rst_n (input port clocked by clk)
Endpoint: _37_ (recovery check against rising-edge clock clk)
Path Group: asynchronous
Path Type: max

Fanout         Cap        Slew       Delay        Time   Description
---------------------------------------------------------------------------------------------
                                  0.000000    0.000000   clock clk (rise edge)
                                  0.000000    0.000000   clock network delay (propagated)
                                  2.000000    2.000000 ^ input external delay
     1    0.003062    0.020861    0.011213    2.011214 ^ rst_n (in)
                      0.020861    0.000000    2.011214 ^ input2/A (sky130_fd_sc_hd__clkbuf_4)
     8    0.040416    0.129506    0.188517    2.199730 ^ input2/X (sky130_fd_sc_hd__clkbuf_4)
                      0.129508    0.000673    2.200403 ^ _37_/RESET_B (sky130_fd_sc_hd__dfrtp_1)
                                              2.200403   data arrival time

                                 10.000000   10.000000   clock clk (rise edge)
                                  0.000000   10.000000   clock source latency
     1    0.012752    0.063443    0.042958   10.042958 ^ clk (in)
                      0.063445    0.000000   10.042958 ^ clkbuf_0_clk/A (sky130_fd_sc_hd__clkbuf_16)
     2    0.017453    0.039689    0.129786   10.172744 ^ clkbuf_0_clk/X (sky130_fd_sc_hd__clkbuf_16)
                      0.039689    0.000048   10.172791 ^ clkbuf_1_1__f_clk/A (sky130_fd_sc_hd__clkbuf_16)
     4    0.010669    0.033904    0.114595   10.287386 ^ clkbuf_1_1__f_clk/X (sky130_fd_sc_hd__clkbuf_16)
                      0.033904    0.000037   10.287424 ^ _37_/CLK (sky130_fd_sc_hd__dfrtp_1)
                                 -0.250000   10.037424   clock uncertainty
                                  0.000000   10.037424   clock reconvergence pessimism
                                  0.205014   10.242437   library recovery time
                                             10.242437   data required time
---------------------------------------------------------------------------------------------
                                             10.242437   data required time
                                             -2.200403   data arrival time
---------------------------------------------------------------------------------------------
                                              8.042035   slack (MET)


Startpoint: rst_n (input port clocked by clk)
Endpoint: _39_ (recovery check against rising-edge clock clk)
Path Group: asynchronous
Path Type: max

Fanout         Cap        Slew       Delay        Time   Description
---------------------------------------------------------------------------------------------
                                  0.000000    0.000000   clock clk (rise edge)
                                  0.000000    0.000000   clock network delay (propagated)
                                  2.000000    2.000000 ^ input external delay
     1    0.003062    0.020861    0.011213    2.011214 ^ rst_n (in)
                      0.020861    0.000000    2.011214 ^ input2/A (sky130_fd_sc_hd__clkbuf_4)
     8    0.040416    0.129506    0.188517    2.199730 ^ input2/X (sky130_fd_sc_hd__clkbuf_4)
                      0.129507    0.000631    2.200361 ^ _39_/RESET_B (sky130_fd_sc_hd__dfrtp_1)
                                              2.200361   data arrival time

                                 10.000000   10.000000   clock clk (rise edge)
                                  0.000000   10.000000   clock source latency
     1    0.012752    0.063443    0.042958   10.042958 ^ clk (in)
                      0.063445    0.000000   10.042958 ^ clkbuf_0_clk/A (sky130_fd_sc_hd__clkbuf_16)
     2    0.017453    0.039689    0.129786   10.172744 ^ clkbuf_0_clk/X (sky130_fd_sc_hd__clkbuf_16)
                      0.039689    0.000056   10.172800 ^ clkbuf_1_0__f_clk/A (sky130_fd_sc_hd__clkbuf_16)
     4    0.010641    0.033879    0.114567   10.287367 ^ clkbuf_1_0__f_clk/X (sky130_fd_sc_hd__clkbuf_16)
                      0.033879    0.000028   10.287395 ^ _39_/CLK (sky130_fd_sc_hd__dfrtp_1)
                                 -0.250000   10.037395   clock uncertainty
                                  0.000000   10.037395   clock reconvergence pessimism
                                  0.205006   10.242400   library recovery time
                                             10.242400   data required time
---------------------------------------------------------------------------------------------
                                             10.242400   data required time
                                             -2.200361   data arrival time
---------------------------------------------------------------------------------------------
                                              8.042039   slack (MET)


Startpoint: rst_n (input port clocked by clk)
Endpoint: _38_ (recovery check against rising-edge clock clk)
Path Group: asynchronous
Path Type: max

Fanout         Cap        Slew       Delay        Time   Description
---------------------------------------------------------------------------------------------
                                  0.000000    0.000000   clock clk (rise edge)
                                  0.000000    0.000000   clock network delay (propagated)
                                  2.000000    2.000000 ^ input external delay
     1    0.003062    0.020861    0.011213    2.011214 ^ rst_n (in)
                      0.020861    0.000000    2.011214 ^ input2/A (sky130_fd_sc_hd__clkbuf_4)
     8    0.040416    0.129506    0.188517    2.199730 ^ input2/X (sky130_fd_sc_hd__clkbuf_4)
                      0.129507    0.000522    2.200252 ^ _38_/RESET_B (sky130_fd_sc_hd__dfrtp_1)
                                              2.200252   data arrival time

                                 10.000000   10.000000   clock clk (rise edge)
                                  0.000000   10.000000   clock source latency
     1    0.012752    0.063443    0.042958   10.042958 ^ clk (in)
                      0.063445    0.000000   10.042958 ^ clkbuf_0_clk/A (sky130_fd_sc_hd__clkbuf_16)
     2    0.017453    0.039689    0.129786   10.172744 ^ clkbuf_0_clk/X (sky130_fd_sc_hd__clkbuf_16)
                      0.039689    0.000056   10.172800 ^ clkbuf_1_0__f_clk/A (sky130_fd_sc_hd__clkbuf_16)
     4    0.010641    0.033879    0.114567   10.287367 ^ clkbuf_1_0__f_clk/X (sky130_fd_sc_hd__clkbuf_16)
                      0.033879    0.000030   10.287397 ^ _38_/CLK (sky130_fd_sc_hd__dfrtp_1)
                                 -0.250000   10.037397   clock uncertainty
                                  0.000000   10.037397   clock reconvergence pessimism
                                  0.205006   10.242404   library recovery time
                                             10.242404   data required time
---------------------------------------------------------------------------------------------
                                             10.242404   data required time
                                             -2.200252   data arrival time
---------------------------------------------------------------------------------------------
                                              8.042152   slack (MET)



