Clock: clk
Sources: clk 
Generated: no
Virtual: yes
Propagated: no
Period: 10.000000

===========================================================================
report_clock_properties
============================================================================
Clock                   Period          Waveform
----------------------------------------------------
clk                  10.000000    0.000000  5.000000

===========================================================================
report_clock_latency
============================================================================
Clock clk
rise -> rise
    min     max
0.000000 0.000000 source latency
0.297060         network latency _43_/CLK
        0.298056 network latency _38_/CLK
---------------
0.297060 0.298056 latency
        0.000996 skew

fall -> fall
    min     max
0.000000 0.000000 source latency
0.294585         network latency _43_/CLK
        0.295425 network latency _38_/CLK
---------------
0.294585 0.295425 latency
        0.000840 skew



===========================================================================
report_clock_min_period
============================================================================
clk period_min = 1.52 fmax = 659.53
