
===========================================================================
report_checks -path_delay min (Hold)
============================================================================
======================= min_ss_100C_1v60 Corner ===================================

Warning: corner.tcl line 57, unknown field nets.
Warning: corner.tcl line 57, report_checks -group_count is deprecated. Use -group_path_count instead.
Startpoint: _44_ (rising edge-triggered flip-flop clocked by clk)
Endpoint: _44_ (rising edge-triggered flip-flop clocked by clk)
Path Group: clk
Path Type: min

Fanout         Cap        Slew       Delay        Time   Description
---------------------------------------------------------------------------------------------
                      0.150000    0.000000    0.000000   clock clk (rise edge)
                                  0.000000    0.000000   clock network delay (ideal)
                      0.150000    0.000000    0.000000 ^ _44_/CLK (sky130_fd_sc_hd__dfrtp_2)
     3    0.044250    0.355573    0.964222    0.964222 ^ _44_/Q (sky130_fd_sc_hd__dfrtp_2)
                      0.355573    0.000000    0.964222 ^ _36_/A (sky130_fd_sc_hd__xor2_2)
     1    0.002215    0.050966    0.209829    1.174051 v _36_/X (sky130_fd_sc_hd__xor2_2)
                      0.050966    0.000020    1.174071 v _44_/D (sky130_fd_sc_hd__dfrtp_2)
                                              1.174071   data arrival time

                      0.150000    0.000000    0.000000   clock clk (rise edge)
                                  0.000000    0.000000   clock network delay (ideal)
                                  0.250000    0.250000   clock uncertainty
                                  0.000000    0.250000   clock reconvergence pessimism
                                              0.250000 ^ _44_/CLK (sky130_fd_sc_hd__dfrtp_2)
                                 -0.063287    0.186713   library hold time
                                              0.186713   data required time
---------------------------------------------------------------------------------------------
                                              0.186713   data required time
                                             -1.174071   data arrival time
---------------------------------------------------------------------------------------------
                                              0.987358   slack (MET)


Startpoint: _43_ (rising edge-triggered flip-flop clocked by clk)
Endpoint: _43_ (rising edge-triggered flip-flop clocked by clk)
Path Group: clk
Path Type: min

Fanout         Cap        Slew       Delay        Time   Description
---------------------------------------------------------------------------------------------
                      0.150000    0.000000    0.000000   clock clk (rise edge)
                                  0.000000    0.000000   clock network delay (ideal)
                      0.150000    0.000000    0.000000 ^ _43_/CLK (sky130_fd_sc_hd__dfrtp_2)
     3    0.044321    0.356059    0.964603    0.964603 ^ _43_/Q (sky130_fd_sc_hd__dfrtp_2)
                      0.356059    0.000000    0.964603 ^ _35_/A (sky130_fd_sc_hd__xor2_2)
     1    0.002772    0.053466    0.214699    1.179302 v _35_/X (sky130_fd_sc_hd__xor2_2)
                      0.053466    0.000032    1.179333 v _43_/D (sky130_fd_sc_hd__dfrtp_2)
                                              1.179333   data arrival time

                      0.150000    0.000000    0.000000   clock clk (rise edge)
                                  0.000000    0.000000   clock network delay (ideal)
                                  0.250000    0.250000   clock uncertainty
                                  0.000000    0.250000   clock reconvergence pessimism
                                              0.250000 ^ _43_/CLK (sky130_fd_sc_hd__dfrtp_2)
                                 -0.064203    0.185797   library hold time
                                              0.185797   data required time
---------------------------------------------------------------------------------------------
                                              0.185797   data required time
                                             -1.179333   data arrival time
---------------------------------------------------------------------------------------------
                                              0.993536   slack (MET)


Startpoint: _41_ (rising edge-triggered flip-flop clocked by clk)
Endpoint: _41_ (rising edge-triggered flip-flop clocked by clk)
Path Group: clk
Path Type: min

Fanout         Cap        Slew       Delay        Time   Description
---------------------------------------------------------------------------------------------
                      0.150000    0.000000    0.000000   clock clk (rise edge)
                                  0.000000    0.000000   clock network delay (ideal)
                      0.150000    0.000000    0.000000 ^ _41_/CLK (sky130_fd_sc_hd__dfrtp_2)
     4    0.046415    0.370399    0.975825    0.975825 ^ _41_/Q (sky130_fd_sc_hd__dfrtp_2)
                      0.370399    0.000000    0.975825 ^ _32_/A (sky130_fd_sc_hd__xnor2_2)
     1    0.002191    0.054765    0.215667    1.191492 v _32_/Y (sky130_fd_sc_hd__xnor2_2)
                      0.054765    0.000019    1.191511 v _41_/D (sky130_fd_sc_hd__dfrtp_2)
                                              1.191511   data arrival time

                      0.150000    0.000000    0.000000   clock clk (rise edge)
                                  0.000000    0.000000   clock network delay (ideal)
                                  0.250000    0.250000   clock uncertainty
                                  0.000000    0.250000   clock reconvergence pessimism
                                              0.250000 ^ _41_/CLK (sky130_fd_sc_hd__dfrtp_2)
                                 -0.064679    0.185321   library hold time
                                              0.185321   data required time
---------------------------------------------------------------------------------------------
                                              0.185321   data required time
                                             -1.191511   data arrival time
---------------------------------------------------------------------------------------------
                                              1.006190   slack (MET)


Startpoint: _38_ (rising edge-triggered flip-flop clocked by clk)
Endpoint: _38_ (rising edge-triggered flip-flop clocked by clk)
Path Group: clk
Path Type: min

Fanout         Cap        Slew       Delay        Time   Description
---------------------------------------------------------------------------------------------
                      0.150000    0.000000    0.000000   clock clk (rise edge)
                                  0.000000    0.000000   clock network delay (ideal)
                      0.150000    0.000000    0.000000 ^ _38_/CLK (sky130_fd_sc_hd__dfrtp_2)
     4    0.041085    0.333900    0.947260    0.947260 ^ _38_/Q (sky130_fd_sc_hd__dfrtp_2)
                      0.333900    0.000000    0.947260 ^ _26_/B1 (sky130_fd_sc_hd__a21oi_2)
     1    0.004581    0.075556    0.136055    1.083315 v _26_/Y (sky130_fd_sc_hd__a21oi_2)
                      0.075556    0.000042    1.083356 v _27_/B (sky130_fd_sc_hd__nor2_2)
     1    0.002498    0.095168    0.116650    1.200006 ^ _27_/Y (sky130_fd_sc_hd__nor2_2)
                      0.095168    0.000025    1.200031 ^ _38_/D (sky130_fd_sc_hd__dfrtp_2)
                                              1.200031   data arrival time

                      0.150000    0.000000    0.000000   clock clk (rise edge)
                                  0.000000    0.000000   clock network delay (ideal)
                                  0.250000    0.250000   clock uncertainty
                                  0.000000    0.250000   clock reconvergence pessimism
                                              0.250000 ^ _38_/CLK (sky130_fd_sc_hd__dfrtp_2)
                                 -0.069490    0.180510   library hold time
                                              0.180510   data required time
---------------------------------------------------------------------------------------------
                                              0.180510   data required time
                                             -1.200031   data arrival time
---------------------------------------------------------------------------------------------
                                              1.019521   slack (MET)


Startpoint: _39_ (rising edge-triggered flip-flop clocked by clk)
Endpoint: _39_ (rising edge-triggered flip-flop clocked by clk)
Path Group: clk
Path Type: min

Fanout         Cap        Slew       Delay        Time   Description
---------------------------------------------------------------------------------------------
                      0.150000    0.000000    0.000000   clock clk (rise edge)
                                  0.000000    0.000000   clock network delay (ideal)
                      0.150000    0.000000    0.000000 ^ _39_/CLK (sky130_fd_sc_hd__dfrtp_2)
     3    0.039513    0.323135    0.938834    0.938834 ^ _39_/Q (sky130_fd_sc_hd__dfrtp_2)
                      0.323135    0.000000    0.938834 ^ _28_/A (sky130_fd_sc_hd__nor2_2)
     1    0.004685    0.042791    0.161204    1.100038 v _28_/Y (sky130_fd_sc_hd__nor2_2)
                      0.042791    0.000027    1.100065 v _29_/B (sky130_fd_sc_hd__nor2_2)
     1    0.002294    0.093896    0.102779    1.202844 ^ _29_/Y (sky130_fd_sc_hd__nor2_2)
                      0.093896    0.000012    1.202856 ^ _39_/D (sky130_fd_sc_hd__dfrtp_2)
                                              1.202856   data arrival time

                      0.150000    0.000000    0.000000   clock clk (rise edge)
                                  0.000000    0.000000   clock network delay (ideal)
                                  0.250000    0.250000   clock uncertainty
                                  0.000000    0.250000   clock reconvergence pessimism
                                              0.250000 ^ _39_/CLK (sky130_fd_sc_hd__dfrtp_2)
                                 -0.069201    0.180799   library hold time
                                              0.180799   data required time
---------------------------------------------------------------------------------------------
                                              0.180799   data required time
                                             -1.202856   data arrival time
---------------------------------------------------------------------------------------------
                                              1.022057   slack (MET)


Startpoint: _37_ (rising edge-triggered flip-flop clocked by clk)
Endpoint: _37_ (rising edge-triggered flip-flop clocked by clk)
Path Group: clk
Path Type: min

Fanout         Cap        Slew       Delay        Time   Description
---------------------------------------------------------------------------------------------
                      0.150000    0.000000    0.000000   clock clk (rise edge)
                                  0.000000    0.000000   clock network delay (ideal)
                      0.150000    0.000000    0.000000 ^ _37_/CLK (sky130_fd_sc_hd__dfrtp_2)
     5    0.050269    0.396790    0.996481    0.996481 ^ _37_/Q (sky130_fd_sc_hd__dfrtp_2)
                      0.396790    0.000000    0.996481 ^ _25_/A (sky130_fd_sc_hd__xor2_2)
     1    0.002960    0.054308    0.228205    1.224686 v _25_/X (sky130_fd_sc_hd__xor2_2)
                      0.054308    0.000036    1.224722 v _37_/D (sky130_fd_sc_hd__dfrtp_2)
                                              1.224722   data arrival time

                      0.150000    0.000000    0.000000   clock clk (rise edge)
                                  0.000000    0.000000   clock network delay (ideal)
                                  0.250000    0.250000   clock uncertainty
                                  0.000000    0.250000   clock reconvergence pessimism
                                              0.250000 ^ _37_/CLK (sky130_fd_sc_hd__dfrtp_2)
                                 -0.064511    0.185489   library hold time
                                              0.185489   data required time
---------------------------------------------------------------------------------------------
                                              0.185489   data required time
                                             -1.224722   data arrival time
---------------------------------------------------------------------------------------------
                                              1.039234   slack (MET)


Startpoint: rst_n (input port clocked by clk)
Endpoint: _37_ (removal check against rising-edge clock clk)
Path Group: asynchronous
Path Type: min

Fanout         Cap        Slew       Delay        Time   Description
---------------------------------------------------------------------------------------------
                      0.150000    0.000000    0.000000   clock clk (rise edge)
                                  0.000000    0.000000   clock network delay (ideal)
                                  2.000000    2.000000 ^ input external delay
     8    0.026104    0.195172    0.132060    2.132060 ^ rst_n (in)
                      0.195172    0.000000    2.132060 ^ _37_/RESET_B (sky130_fd_sc_hd__dfrtp_2)
                                              2.132060   data arrival time

                      0.150000    0.000000    0.000000   clock clk (rise edge)
                                  0.000000    0.000000   clock network delay (ideal)
                                  0.250000    0.250000   clock uncertainty
                                  0.000000    0.250000   clock reconvergence pessimism
                                              0.250000 ^ _37_/CLK (sky130_fd_sc_hd__dfrtp_2)
                                  0.719884    0.969884   library removal time
                                              0.969884   data required time
---------------------------------------------------------------------------------------------
                                              0.969884   data required time
                                             -2.132060   data arrival time
---------------------------------------------------------------------------------------------
                                              1.162175   slack (MET)


Startpoint: rst_n (input port clocked by clk)
Endpoint: _38_ (removal check against rising-edge clock clk)
Path Group: asynchronous
Path Type: min

Fanout         Cap        Slew       Delay        Time   Description
---------------------------------------------------------------------------------------------
                      0.150000    0.000000    0.000000   clock clk (rise edge)
                                  0.000000    0.000000   clock network delay (ideal)
                                  2.000000    2.000000 ^ input external delay
     8    0.026104    0.195172    0.132060    2.132060 ^ rst_n (in)
                      0.195172    0.000000    2.132060 ^ _38_/RESET_B (sky130_fd_sc_hd__dfrtp_2)
                                              2.132060   data arrival time

                      0.150000    0.000000    0.000000   clock clk (rise edge)
                                  0.000000    0.000000   clock network delay (ideal)
                                  0.250000    0.250000   clock uncertainty
                                  0.000000    0.250000   clock reconvergence pessimism
                                              0.250000 ^ _38_/CLK (sky130_fd_sc_hd__dfrtp_2)
                                  0.719884    0.969884   library removal time
                                              0.969884   data required time
---------------------------------------------------------------------------------------------
                                              0.969884   data required time
                                             -2.132060   data arrival time
---------------------------------------------------------------------------------------------
                                              1.162175   slack (MET)


Startpoint: rst_n (input port clocked by clk)
Endpoint: _39_ (removal check against rising-edge clock clk)
Path Group: asynchronous
Path Type: min

Fanout         Cap        Slew       Delay        Time   Description
---------------------------------------------------------------------------------------------
                      0.150000    0.000000    0.000000   clock clk (rise edge)
                                  0.000000    0.000000   clock network delay (ideal)
                                  2.000000    2.000000 ^ input external delay
     8    0.026104    0.195172    0.132060    2.132060 ^ rst_n (in)
                      0.195172    0.000000    2.132060 ^ _39_/RESET_B (sky130_fd_sc_hd__dfrtp_2)
                                              2.132060   data arrival time

                      0.150000    0.000000    0.000000   clock clk (rise edge)
                                  0.000000    0.000000   clock network delay (ideal)
                                  0.250000    0.250000   clock uncertainty
                                  0.000000    0.250000   clock reconvergence pessimism
                                              0.250000 ^ _39_/CLK (sky130_fd_sc_hd__dfrtp_2)
                                  0.719884    0.969884   library removal time
                                              0.969884   data required time
---------------------------------------------------------------------------------------------
                                              0.969884   data required time
                                             -2.132060   data arrival time
---------------------------------------------------------------------------------------------
                                              1.162175   slack (MET)


Startpoint: rst_n (input port clocked by clk)
Endpoint: _40_ (removal check against rising-edge clock clk)
Path Group: asynchronous
Path Type: min

Fanout         Cap        Slew       Delay        Time   Description
---------------------------------------------------------------------------------------------
                      0.150000    0.000000    0.000000   clock clk (rise edge)
                                  0.000000    0.000000   clock network delay (ideal)
                                  2.000000    2.000000 ^ input external delay
     8    0.026104    0.195172    0.132060    2.132060 ^ rst_n (in)
                      0.195172    0.000000    2.132060 ^ _40_/RESET_B (sky130_fd_sc_hd__dfrtp_2)
                                              2.132060   data arrival time

                      0.150000    0.000000    0.000000   clock clk (rise edge)
                                  0.000000    0.000000   clock network delay (ideal)
                                  0.250000    0.250000   clock uncertainty
                                  0.000000    0.250000   clock reconvergence pessimism
                                              0.250000 ^ _40_/CLK (sky130_fd_sc_hd__dfrtp_2)
                                  0.719884    0.969884   library removal time
                                              0.969884   data required time
---------------------------------------------------------------------------------------------
                                              0.969884   data required time
                                             -2.132060   data arrival time
---------------------------------------------------------------------------------------------
                                              1.162175   slack (MET)


Startpoint: rst_n (input port clocked by clk)
Endpoint: _41_ (removal check against rising-edge clock clk)
Path Group: asynchronous
Path Type: min

Fanout         Cap        Slew       Delay        Time   Description
---------------------------------------------------------------------------------------------
                      0.150000    0.000000    0.000000   clock clk (rise edge)
                                  0.000000    0.000000   clock network delay (ideal)
                                  2.000000    2.000000 ^ input external delay
     8    0.026104    0.195172    0.132060    2.132060 ^ rst_n (in)
                      0.195172    0.000000    2.132060 ^ _41_/RESET_B (sky130_fd_sc_hd__dfrtp_2)
                                              2.132060   data arrival time

                      0.150000    0.000000    0.000000   clock clk (rise edge)
                                  0.000000    0.000000   clock network delay (ideal)
                                  0.250000    0.250000   clock uncertainty
                                  0.000000    0.250000   clock reconvergence pessimism
                                              0.250000 ^ _41_/CLK (sky130_fd_sc_hd__dfrtp_2)
                                  0.719884    0.969884   library removal time
                                              0.969884   data required time
---------------------------------------------------------------------------------------------
                                              0.969884   data required time
                                             -2.132060   data arrival time
---------------------------------------------------------------------------------------------
                                              1.162175   slack (MET)


Startpoint: rst_n (input port clocked by clk)
Endpoint: _42_ (removal check against rising-edge clock clk)
Path Group: asynchronous
Path Type: min

Fanout         Cap        Slew       Delay        Time   Description
---------------------------------------------------------------------------------------------
                      0.150000    0.000000    0.000000   clock clk (rise edge)
                                  0.000000    0.000000   clock network delay (ideal)
                                  2.000000    2.000000 ^ input external delay
     8    0.026104    0.195172    0.132060    2.132060 ^ rst_n (in)
                      0.195172    0.000000    2.132060 ^ _42_/RESET_B (sky130_fd_sc_hd__dfrtp_2)
                                              2.132060   data arrival time

                      0.150000    0.000000    0.000000   clock clk (rise edge)
                                  0.000000    0.000000   clock network delay (ideal)
                                  0.250000    0.250000   clock uncertainty
                                  0.000000    0.250000   clock reconvergence pessimism
                                              0.250000 ^ _42_/CLK (sky130_fd_sc_hd__dfrtp_2)
                                  0.719884    0.969884   library removal time
                                              0.969884   data required time
---------------------------------------------------------------------------------------------
                                              0.969884   data required time
                                             -2.132060   data arrival time
---------------------------------------------------------------------------------------------
                                              1.162175   slack (MET)


Startpoint: rst_n (input port clocked by clk)
Endpoint: _43_ (removal check against rising-edge clock clk)
Path Group: asynchronous
Path Type: min

Fanout         Cap        Slew       Delay        Time   Description
---------------------------------------------------------------------------------------------
                      0.150000    0.000000    0.000000   clock clk (rise edge)
                                  0.000000    0.000000   clock network delay (ideal)
                                  2.000000    2.000000 ^ input external delay
     8    0.026104    0.195172    0.132060    2.132060 ^ rst_n (in)
                      0.195172    0.000000    2.132060 ^ _43_/RESET_B (sky130_fd_sc_hd__dfrtp_2)
                                              2.132060   data arrival time

                      0.150000    0.000000    0.000000   clock clk (rise edge)
                                  0.000000    0.000000   clock network delay (ideal)
                                  0.250000    0.250000   clock uncertainty
                                  0.000000    0.250000   clock reconvergence pessimism
                                              0.250000 ^ _43_/CLK (sky130_fd_sc_hd__dfrtp_2)
                                  0.719884    0.969884   library removal time
                                              0.969884   data required time
---------------------------------------------------------------------------------------------
                                              0.969884   data required time
                                             -2.132060   data arrival time
---------------------------------------------------------------------------------------------
                                              1.162175   slack (MET)


Startpoint: rst_n (input port clocked by clk)
Endpoint: _44_ (removal check against rising-edge clock clk)
Path Group: asynchronous
Path Type: min

Fanout         Cap        Slew       Delay        Time   Description
---------------------------------------------------------------------------------------------
                      0.150000    0.000000    0.000000   clock clk (rise edge)
                                  0.000000    0.000000   clock network delay (ideal)
                                  2.000000    2.000000 ^ input external delay
     8    0.026104    0.195172    0.132060    2.132060 ^ rst_n (in)
                      0.195172    0.000000    2.132060 ^ _44_/RESET_B (sky130_fd_sc_hd__dfrtp_2)
                                              2.132060   data arrival time

                      0.150000    0.000000    0.000000   clock clk (rise edge)
                                  0.000000    0.000000   clock network delay (ideal)
                                  0.250000    0.250000   clock uncertainty
                                  0.000000    0.250000   clock reconvergence pessimism
                                              0.250000 ^ _44_/CLK (sky130_fd_sc_hd__dfrtp_2)
                                  0.719884    0.969884   library removal time
                                              0.969884   data required time
---------------------------------------------------------------------------------------------
                                              0.969884   data required time
                                             -2.132060   data arrival time
---------------------------------------------------------------------------------------------
                                              1.162175   slack (MET)


Startpoint: _42_ (rising edge-triggered flip-flop clocked by clk)
Endpoint: _42_ (rising edge-triggered flip-flop clocked by clk)
Path Group: clk
Path Type: min

Fanout         Cap        Slew       Delay        Time   Description
---------------------------------------------------------------------------------------------
                      0.150000    0.000000    0.000000   clock clk (rise edge)
                                  0.000000    0.000000   clock network delay (ideal)
                      0.150000    0.000000    0.000000 ^ _42_/CLK (sky130_fd_sc_hd__dfrtp_2)
     3    0.037353    0.308344    0.927258    0.927258 ^ _42_/Q (sky130_fd_sc_hd__dfrtp_2)
                      0.308344    0.000000    0.927258 ^ _33_/B1 (sky130_fd_sc_hd__a31o_2)
     1    0.001914    0.053015    0.254021    1.181279 ^ _33_/X (sky130_fd_sc_hd__a31o_2)
                      0.053015    0.000009    1.181287 ^ _34_/B (sky130_fd_sc_hd__and2b_2)
     1    0.002351    0.060150    0.251298    1.432585 ^ _34_/X (sky130_fd_sc_hd__and2b_2)
                      0.060150    0.000022    1.432607 ^ _42_/D (sky130_fd_sc_hd__dfrtp_2)
                                              1.432607   data arrival time

                      0.150000    0.000000    0.000000   clock clk (rise edge)
                                  0.000000    0.000000   clock network delay (ideal)
                                  0.250000    0.250000   clock uncertainty
                                  0.000000    0.250000   clock reconvergence pessimism
                                              0.250000 ^ _42_/CLK (sky130_fd_sc_hd__dfrtp_2)
                                 -0.061533    0.188467   library hold time
                                              0.188467   data required time
---------------------------------------------------------------------------------------------
                                              0.188467   data required time
                                             -1.432607   data arrival time
---------------------------------------------------------------------------------------------
                                              1.244141   slack (MET)


Startpoint: _40_ (rising edge-triggered flip-flop clocked by clk)
Endpoint: _40_ (rising edge-triggered flip-flop clocked by clk)
Path Group: clk
Path Type: min

Fanout         Cap        Slew       Delay        Time   Description
---------------------------------------------------------------------------------------------
                      0.150000    0.000000    0.000000   clock clk (rise edge)
                                  0.000000    0.000000   clock network delay (ideal)
                      0.150000    0.000000    0.000000 ^ _40_/CLK (sky130_fd_sc_hd__dfrtp_2)
     6    0.044777    0.359182    0.967047    0.967047 ^ _40_/Q (sky130_fd_sc_hd__dfrtp_2)
                      0.359182    0.000000    0.967047 ^ _30_/A (sky130_fd_sc_hd__or2_2)
     1    0.001687    0.043771    0.288352    1.255398 ^ _30_/X (sky130_fd_sc_hd__or2_2)
                      0.043771    0.000007    1.255405 ^ _31_/B (sky130_fd_sc_hd__and2_2)
     1    0.002616    0.065721    0.246224    1.501630 ^ _31_/X (sky130_fd_sc_hd__and2_2)
                      0.065721    0.000018    1.501647 ^ _40_/D (sky130_fd_sc_hd__dfrtp_2)
                                              1.501647   data arrival time

                      0.150000    0.000000    0.000000   clock clk (rise edge)
                                  0.000000    0.000000   clock network delay (ideal)
                                  0.250000    0.250000   clock uncertainty
                                  0.000000    0.250000   clock reconvergence pessimism
                                              0.250000 ^ _40_/CLK (sky130_fd_sc_hd__dfrtp_2)
                                 -0.062799    0.187201   library hold time
                                              0.187201   data required time
---------------------------------------------------------------------------------------------
                                              0.187201   data required time
                                             -1.501647   data arrival time
---------------------------------------------------------------------------------------------
                                              1.314446   slack (MET)


Startpoint: _42_ (rising edge-triggered flip-flop clocked by clk)
Endpoint: count[5] (output port clocked by clk)
Path Group: clk
Path Type: min

Fanout         Cap        Slew       Delay        Time   Description
---------------------------------------------------------------------------------------------
                      0.150000    0.000000    0.000000   clock clk (rise edge)
                                  0.000000    0.000000   clock network delay (ideal)
                      0.150000    0.000000    0.000000 ^ _42_/CLK (sky130_fd_sc_hd__dfrtp_2)
     3    0.037353    0.308344    0.927258    0.927258 ^ _42_/Q (sky130_fd_sc_hd__dfrtp_2)
                      0.308344    0.000000    0.927258 ^ count[5] (out)
                                              0.927258   data arrival time

                      0.150000    0.000000    0.000000   clock clk (rise edge)
                                  0.000000    0.000000   clock network delay (ideal)
                                  0.250000    0.250000   clock uncertainty
                                  0.000000    0.250000   clock reconvergence pessimism
                                 -2.000000   -1.750000   output external delay
                                             -1.750000   data required time
---------------------------------------------------------------------------------------------
                                             -1.750000   data required time
                                             -0.927258   data arrival time
---------------------------------------------------------------------------------------------
                                              2.677258   slack (MET)


Startpoint: _39_ (rising edge-triggered flip-flop clocked by clk)
Endpoint: count[2] (output port clocked by clk)
Path Group: clk
Path Type: min

Fanout         Cap        Slew       Delay        Time   Description
---------------------------------------------------------------------------------------------
                      0.150000    0.000000    0.000000   clock clk (rise edge)
                                  0.000000    0.000000   clock network delay (ideal)
                      0.150000    0.000000    0.000000 ^ _39_/CLK (sky130_fd_sc_hd__dfrtp_2)
     3    0.039513    0.323135    0.938834    0.938834 ^ _39_/Q (sky130_fd_sc_hd__dfrtp_2)
                      0.323135    0.000000    0.938834 ^ count[2] (out)
                                              0.938834   data arrival time

                      0.150000    0.000000    0.000000   clock clk (rise edge)
                                  0.000000    0.000000   clock network delay (ideal)
                                  0.250000    0.250000   clock uncertainty
                                  0.000000    0.250000   clock reconvergence pessimism
                                 -2.000000   -1.750000   output external delay
                                             -1.750000   data required time
---------------------------------------------------------------------------------------------
                                             -1.750000   data required time
                                             -0.938834   data arrival time
---------------------------------------------------------------------------------------------
                                              2.688834   slack (MET)


Startpoint: _38_ (rising edge-triggered flip-flop clocked by clk)
Endpoint: count[1] (output port clocked by clk)
Path Group: clk
Path Type: min

Fanout         Cap        Slew       Delay        Time   Description
---------------------------------------------------------------------------------------------
                      0.150000    0.000000    0.000000   clock clk (rise edge)
                                  0.000000    0.000000   clock network delay (ideal)
                      0.150000    0.000000    0.000000 ^ _38_/CLK (sky130_fd_sc_hd__dfrtp_2)
     4    0.041085    0.333900    0.947260    0.947260 ^ _38_/Q (sky130_fd_sc_hd__dfrtp_2)
                      0.333900    0.000000    0.947260 ^ count[1] (out)
                                              0.947260   data arrival time

                      0.150000    0.000000    0.000000   clock clk (rise edge)
                                  0.000000    0.000000   clock network delay (ideal)
                                  0.250000    0.250000   clock uncertainty
                                  0.000000    0.250000   clock reconvergence pessimism
                                 -2.000000   -1.750000   output external delay
                                             -1.750000   data required time
---------------------------------------------------------------------------------------------
                                             -1.750000   data required time
                                             -0.947260   data arrival time
---------------------------------------------------------------------------------------------
                                              2.697259   slack (MET)


Startpoint: _44_ (rising edge-triggered flip-flop clocked by clk)
Endpoint: count[7] (output port clocked by clk)
Path Group: clk
Path Type: min

Fanout         Cap        Slew       Delay        Time   Description
---------------------------------------------------------------------------------------------
                      0.150000    0.000000    0.000000   clock clk (rise edge)
                                  0.000000    0.000000   clock network delay (ideal)
                      0.150000    0.000000    0.000000 ^ _44_/CLK (sky130_fd_sc_hd__dfrtp_2)
     3    0.044250    0.355573    0.964222    0.964222 ^ _44_/Q (sky130_fd_sc_hd__dfrtp_2)
                      0.355573    0.000000    0.964222 ^ count[7] (out)
                                              0.964222   data arrival time

                      0.150000    0.000000    0.000000   clock clk (rise edge)
                                  0.000000    0.000000   clock network delay (ideal)
                                  0.250000    0.250000   clock uncertainty
                                  0.000000    0.250000   clock reconvergence pessimism
                                 -2.000000   -1.750000   output external delay
                                             -1.750000   data required time
---------------------------------------------------------------------------------------------
                                             -1.750000   data required time
                                             -0.964222   data arrival time
---------------------------------------------------------------------------------------------
                                              2.714222   slack (MET)


Startpoint: _43_ (rising edge-triggered flip-flop clocked by clk)
Endpoint: count[6] (output port clocked by clk)
Path Group: clk
Path Type: min

Fanout         Cap        Slew       Delay        Time   Description
---------------------------------------------------------------------------------------------
                      0.150000    0.000000    0.000000   clock clk (rise edge)
                                  0.000000    0.000000   clock network delay (ideal)
                      0.150000    0.000000    0.000000 ^ _43_/CLK (sky130_fd_sc_hd__dfrtp_2)
     3    0.044321    0.356059    0.964603    0.964603 ^ _43_/Q (sky130_fd_sc_hd__dfrtp_2)
                      0.356059    0.000000    0.964603 ^ count[6] (out)
                                              0.964603   data arrival time

                      0.150000    0.000000    0.000000   clock clk (rise edge)
                                  0.000000    0.000000   clock network delay (ideal)
                                  0.250000    0.250000   clock uncertainty
                                  0.000000    0.250000   clock reconvergence pessimism
                                 -2.000000   -1.750000   output external delay
                                             -1.750000   data required time
---------------------------------------------------------------------------------------------
                                             -1.750000   data required time
                                             -0.964603   data arrival time
---------------------------------------------------------------------------------------------
                                              2.714603   slack (MET)


Startpoint: _40_ (rising edge-triggered flip-flop clocked by clk)
Endpoint: count[3] (output port clocked by clk)
Path Group: clk
Path Type: min

Fanout         Cap        Slew       Delay        Time   Description
---------------------------------------------------------------------------------------------
                      0.150000    0.000000    0.000000   clock clk (rise edge)
                                  0.000000    0.000000   clock network delay (ideal)
                      0.150000    0.000000    0.000000 ^ _40_/CLK (sky130_fd_sc_hd__dfrtp_2)
     6    0.044777    0.359182    0.967047    0.967047 ^ _40_/Q (sky130_fd_sc_hd__dfrtp_2)
                      0.359182    0.000000    0.967047 ^ count[3] (out)
                                              0.967047   data arrival time

                      0.150000    0.000000    0.000000   clock clk (rise edge)
                                  0.000000    0.000000   clock network delay (ideal)
                                  0.250000    0.250000   clock uncertainty
                                  0.000000    0.250000   clock reconvergence pessimism
                                 -2.000000   -1.750000   output external delay
                                             -1.750000   data required time
---------------------------------------------------------------------------------------------
                                             -1.750000   data required time
                                             -0.967047   data arrival time
---------------------------------------------------------------------------------------------
                                              2.717047   slack (MET)


Startpoint: _41_ (rising edge-triggered flip-flop clocked by clk)
Endpoint: count[4] (output port clocked by clk)
Path Group: clk
Path Type: min

Fanout         Cap        Slew       Delay        Time   Description
---------------------------------------------------------------------------------------------
                      0.150000    0.000000    0.000000   clock clk (rise edge)
                                  0.000000    0.000000   clock network delay (ideal)
                      0.150000    0.000000    0.000000 ^ _41_/CLK (sky130_fd_sc_hd__dfrtp_2)
     4    0.046415    0.370399    0.975825    0.975825 ^ _41_/Q (sky130_fd_sc_hd__dfrtp_2)
                      0.370399    0.000000    0.975825 ^ count[4] (out)
                                              0.975825   data arrival time

                      0.150000    0.000000    0.000000   clock clk (rise edge)
                                  0.000000    0.000000   clock network delay (ideal)
                                  0.250000    0.250000   clock uncertainty
                                  0.000000    0.250000   clock reconvergence pessimism
                                 -2.000000   -1.750000   output external delay
                                             -1.750000   data required time
---------------------------------------------------------------------------------------------
                                             -1.750000   data required time
                                             -0.975825   data arrival time
---------------------------------------------------------------------------------------------
                                              2.725825   slack (MET)


Startpoint: _37_ (rising edge-triggered flip-flop clocked by clk)
Endpoint: count[0] (output port clocked by clk)
Path Group: clk
Path Type: min

Fanout         Cap        Slew       Delay        Time   Description
---------------------------------------------------------------------------------------------
                      0.150000    0.000000    0.000000   clock clk (rise edge)
                                  0.000000    0.000000   clock network delay (ideal)
                      0.150000    0.000000    0.000000 ^ _37_/CLK (sky130_fd_sc_hd__dfrtp_2)
     5    0.050269    0.396790    0.996481    0.996481 ^ _37_/Q (sky130_fd_sc_hd__dfrtp_2)
                      0.396790    0.000000    0.996481 ^ count[0] (out)
                                              0.996481   data arrival time

                      0.150000    0.000000    0.000000   clock clk (rise edge)
                                  0.000000    0.000000   clock network delay (ideal)
                                  0.250000    0.250000   clock uncertainty
                                  0.000000    0.250000   clock reconvergence pessimism
                                 -2.000000   -1.750000   output external delay
                                             -1.750000   data required time
---------------------------------------------------------------------------------------------
                                             -1.750000   data required time
                                             -0.996481   data arrival time
---------------------------------------------------------------------------------------------
                                              2.746481   slack (MET)


Startpoint: _44_ (rising edge-triggered flip-flop clocked by clk)
Endpoint: overflow (output port clocked by clk)
Path Group: clk
Path Type: min

Fanout         Cap        Slew       Delay        Time   Description
---------------------------------------------------------------------------------------------
                      0.150000    0.000000    0.000000   clock clk (rise edge)
                                  0.000000    0.000000   clock network delay (ideal)
                      0.150000    0.000000    0.000000 ^ _44_/CLK (sky130_fd_sc_hd__dfrtp_2)
     3    0.044250    0.355573    0.964222    0.964222 ^ _44_/Q (sky130_fd_sc_hd__dfrtp_2)
                      0.355573    0.000000    0.964222 ^ _24_/A (sky130_fd_sc_hd__and2_2)
     1    0.033442    0.295212    0.560087    1.524309 ^ _24_/X (sky130_fd_sc_hd__and2_2)
                      0.295212    0.000000    1.524309 ^ overflow (out)
                                              1.524309   data arrival time

                      0.150000    0.000000    0.000000   clock clk (rise edge)
                                  0.000000    0.000000   clock network delay (ideal)
                                  0.250000    0.250000   clock uncertainty
                                  0.000000    0.250000   clock reconvergence pessimism
                                 -2.000000   -1.750000   output external delay
                                             -1.750000   data required time
---------------------------------------------------------------------------------------------
                                             -1.750000   data required time
                                             -1.524309   data arrival time
---------------------------------------------------------------------------------------------
                                              3.274309   slack (MET)



