Clock: clk
Sources: clk 
Generated: no
Virtual: yes
Propagated: no
Period: 10.000000

===========================================================================
report_clock_properties
============================================================================
Clock                   Period          Waveform
----------------------------------------------------
clk                  10.000000    0.000000  5.000000

===========================================================================
report_clock_latency
============================================================================
Clock clk
rise -> rise
    min     max
0.000000 0.000000 source latency
0.524378         network latency _43_/CLK
        0.526072 network latency _38_/CLK
---------------
0.524378 0.526072 latency
        0.001694 skew

fall -> fall
    min     max
0.000000 0.000000 source latency
0.533665         network latency _43_/CLK
        0.535090 network latency _38_/CLK
---------------
0.533665 0.535090 latency
        0.001425 skew



===========================================================================
report_clock_min_period
============================================================================
clk period_min = 2.90 fmax = 345.41
