Clock: clk
Sources: clk 
Generated: no
Virtual: yes
Propagated: no
Period: 10.000000

===========================================================================
report_clock_properties
============================================================================
Clock                   Period          Waveform
----------------------------------------------------
clk                  10.000000    0.000000  5.000000

===========================================================================
report_clock_latency
============================================================================
Clock clk
rise -> rise
    min     max
0.000000 0.000000 source latency
0.085900         network latency _40_/CLK
        0.086097 network latency _44_/CLK
---------------
0.085900 0.086097 latency
        0.000197 skew

fall -> fall
    min     max
0.000000 0.000000 source latency
0.040539         network latency _40_/CLK
        0.040726 network latency _44_/CLK
---------------
0.040539 0.040726 latency
        0.000187 skew



===========================================================================
report_clock_min_period
============================================================================
clk period_min = 1.55 fmax = 644.48
