
===========================================================================
report_checks -unconstrained
===========================================================================
======================= nom_tt_025C_1v80 Corner ===================================

Startpoint: rst_n (input port clocked by clk)
Endpoint: _41_ (recovery check against rising-edge clock clk)
Path Group: asynchronous
Path Type: max

Fanout         Cap        Slew       Delay        Time   Description
---------------------------------------------------------------------------------------------
                                  0.000000    0.000000   clock clk (rise edge)
                                  0.000000    0.000000   clock network delay (propagated)
                                  2.000000    2.000000 ^ input external delay
     1    0.002755    0.020245    0.010138    2.010138 ^ rst_n (in)
                      0.020245    0.000000    2.010138 ^ input2/A (sky130_fd_sc_hd__clkbuf_4)
     8    0.046641    0.146995    0.200831    2.210969 ^ input2/X (sky130_fd_sc_hd__clkbuf_4)
                      0.147007    0.001438    2.212407 ^ _41_/RESET_B (sky130_fd_sc_hd__dfrtp_4)
                                              2.212407   data arrival time

                                 10.000000   10.000000   clock clk (rise edge)
                                  0.000000   10.000000   clock source latency
     1    0.017627    0.085129    0.058370   10.058371 ^ clk (in)
                      0.085135    0.000000   10.058371 ^ clkbuf_0_clk/A (sky130_fd_sc_hd__clkbuf_16)
     2    0.017396    0.039657    0.137727   10.196097 ^ clkbuf_0_clk/X (sky130_fd_sc_hd__clkbuf_16)
                      0.039657    0.000029   10.196127 ^ clkbuf_1_1__f_clk/A (sky130_fd_sc_hd__clkbuf_16)
     4    0.013163    0.036027    0.116974   10.313101 ^ clkbuf_1_1__f_clk/X (sky130_fd_sc_hd__clkbuf_16)
                      0.036027    0.000083   10.313184 ^ _41_/CLK (sky130_fd_sc_hd__dfrtp_4)
                                 -0.250000   10.063184   clock uncertainty
                                  0.000000   10.063184   clock reconvergence pessimism
                                  0.181358   10.244540   library recovery time
                                             10.244540   data required time
---------------------------------------------------------------------------------------------
                                             10.244540   data required time
                                             -2.212407   data arrival time
---------------------------------------------------------------------------------------------
                                              8.032134   slack (MET)


Startpoint: enable (input port clocked by clk)
Endpoint: overflow (output port clocked by clk)
Path Group: clk
Path Type: max

Fanout         Cap        Slew       Delay        Time   Description
---------------------------------------------------------------------------------------------
                                  0.000000    0.000000   clock clk (rise edge)
                                  0.000000    0.000000   clock network delay (propagated)
                                  2.000000    2.000000 ^ input external delay
     1    0.003183    0.021387    0.011638    2.011638 ^ enable (in)
                      0.021387    0.000000    2.011638 ^ input1/A (sky130_fd_sc_hd__clkbuf_2)
     4    0.019587    0.112432    0.145153    2.156790 ^ input1/X (sky130_fd_sc_hd__clkbuf_2)
                      0.112482    0.000805    2.157595 ^ _19_/D (sky130_fd_sc_hd__and4_1)
     6    0.016612    0.172343    0.297965    2.455561 ^ _19_/X (sky130_fd_sc_hd__and4_1)
                      0.172343    0.000208    2.455769 ^ _23_/C (sky130_fd_sc_hd__and4_1)
     2    0.008291    0.101073    0.250143    2.705911 ^ _23_/X (sky130_fd_sc_hd__and4_1)
                      0.101073    0.000074    2.705985 ^ _24_/B (sky130_fd_sc_hd__and2_1)
     1    0.008480    0.095403    0.170091    2.876076 ^ _24_/X (sky130_fd_sc_hd__and2_1)
                      0.095403    0.000150    2.876226 ^ output11/A (sky130_fd_sc_hd__buf_2)
     1    0.034089    0.169490    0.216458    3.092684 ^ output11/X (sky130_fd_sc_hd__buf_2)
                      0.169490    0.000103    3.092787 ^ overflow (out)
                                              3.092787   data arrival time

                                 10.000000   10.000000   clock clk (rise edge)
                                  0.000000   10.000000   clock network delay (propagated)
                                 -0.250000    9.750000   clock uncertainty
                                  0.000000    9.750000   clock reconvergence pessimism
                                 -2.000000    7.750000   output external delay
                                              7.750000   data required time
---------------------------------------------------------------------------------------------
                                              7.750000   data required time
                                             -3.092787   data arrival time
---------------------------------------------------------------------------------------------
                                              4.657213   slack (MET)




===========================================================================
report_checks --slack_max -0.01
============================================================================
======================= nom_tt_025C_1v80 Corner ===================================

No paths found.


===========================================================================
 report_check_types -max_slew -max_cap -max_fanout -violators
============================================================================
======================= nom_tt_025C_1v80 Corner ===================================



===========================================================================
report_parasitic_annotation -report_unannotated
============================================================================
Found 1 unannotated drivers.
 clkload0/X
Found 0 partially unannotated drivers.

===========================================================================
max slew violation count 0
Writing metric design__max_slew_violation__count__corner:nom_tt_025C_1v80: 0
max fanout violation count 0
Writing metric design__max_fanout_violation__count__corner:nom_tt_025C_1v80: 0
max cap violation count 0
Writing metric design__max_cap_violation__count__corner:nom_tt_025C_1v80: 0
============================================================================

===========================================================================
check_setup -verbose -unconstrained_endpoints -multiple_clock -no_clock -no_input_delay -loops -generated_clocks
===========================================================================
