
===========================================================================
report_checks -path_delay min (Hold)
============================================================================
======================= nom_tt_025C_1v80 Corner ===================================

Startpoint: _39_ (rising edge-triggered flip-flop clocked by clk)
Endpoint: _39_ (rising edge-triggered flip-flop clocked by clk)
Path Group: clk
Path Type: min

Fanout         Cap        Slew       Delay        Time   Description
---------------------------------------------------------------------------------------------
                                  0.000000    0.000000   clock clk (rise edge)
                                  0.000000    0.000000   clock source latency
     1    0.017627    0.085129    0.058370    0.058370 ^ clk (in)
                      0.085135    0.000000    0.058370 ^ clkbuf_0_clk/A (sky130_fd_sc_hd__clkbuf_16)
     2    0.017396    0.039657    0.137727    0.196098 ^ clkbuf_0_clk/X (sky130_fd_sc_hd__clkbuf_16)
                      0.039657    0.000036    0.196134 ^ clkbuf_1_0__f_clk/A (sky130_fd_sc_hd__clkbuf_16)
     5    0.014578    0.037228    0.118340    0.314473 ^ clkbuf_1_0__f_clk/X (sky130_fd_sc_hd__clkbuf_16)
                      0.037228    0.000015    0.314488 ^ _39_/CLK (sky130_fd_sc_hd__dfrtp_1)
     3    0.015250    0.143290    0.392058    0.706546 ^ _39_/Q (sky130_fd_sc_hd__dfrtp_1)
                      0.143290    0.000070    0.706616 ^ _28_/A (sky130_fd_sc_hd__nor2_1)
     1    0.002737    0.028416    0.065110    0.771726 v _28_/Y (sky130_fd_sc_hd__nor2_1)
                      0.028416    0.000007    0.771733 v _29_/B (sky130_fd_sc_hd__nor2_1)
     1    0.002443    0.072302    0.071182    0.842915 ^ _29_/Y (sky130_fd_sc_hd__nor2_1)
                      0.072302    0.000005    0.842920 ^ _39_/D (sky130_fd_sc_hd__dfrtp_1)
                                              0.842920   data arrival time

                                  0.000000    0.000000   clock clk (rise edge)
                                  0.000000    0.000000   clock source latency
     1    0.017627    0.085129    0.058370    0.058370 ^ clk (in)
                      0.085135    0.000000    0.058370 ^ clkbuf_0_clk/A (sky130_fd_sc_hd__clkbuf_16)
     2    0.017396    0.039657    0.137727    0.196098 ^ clkbuf_0_clk/X (sky130_fd_sc_hd__clkbuf_16)
                      0.039657    0.000036    0.196134 ^ clkbuf_1_0__f_clk/A (sky130_fd_sc_hd__clkbuf_16)
     5    0.014578    0.037228    0.118340    0.314473 ^ clkbuf_1_0__f_clk/X (sky130_fd_sc_hd__clkbuf_16)
                      0.037228    0.000015    0.314488 ^ _39_/CLK (sky130_fd_sc_hd__dfrtp_1)
                                  0.250000    0.564488   clock uncertainty
                                  0.000000    0.564488   clock reconvergence pessimism
                                 -0.041554    0.522933   library hold time
                                              0.522933   data required time
---------------------------------------------------------------------------------------------
                                              0.522933   data required time
                                             -0.842920   data arrival time
---------------------------------------------------------------------------------------------
                                              0.319987   slack (MET)


Startpoint: _38_ (rising edge-triggered flip-flop clocked by clk)
Endpoint: _38_ (rising edge-triggered flip-flop clocked by clk)
Path Group: clk
Path Type: min

Fanout         Cap        Slew       Delay        Time   Description
---------------------------------------------------------------------------------------------
                                  0.000000    0.000000   clock clk (rise edge)
                                  0.000000    0.000000   clock source latency
     1    0.017627    0.085129    0.058370    0.058370 ^ clk (in)
                      0.085135    0.000000    0.058370 ^ clkbuf_0_clk/A (sky130_fd_sc_hd__clkbuf_16)
     2    0.017396    0.039657    0.137727    0.196098 ^ clkbuf_0_clk/X (sky130_fd_sc_hd__clkbuf_16)
                      0.039657    0.000036    0.196134 ^ clkbuf_1_0__f_clk/A (sky130_fd_sc_hd__clkbuf_16)
     5    0.014578    0.037228    0.118340    0.314473 ^ clkbuf_1_0__f_clk/X (sky130_fd_sc_hd__clkbuf_16)
                      0.037228    0.000050    0.314523 ^ _38_/CLK (sky130_fd_sc_hd__dfrtp_1)
     4    0.016289    0.151844    0.398341    0.712864 ^ _38_/Q (sky130_fd_sc_hd__dfrtp_1)
                      0.151844    0.000072    0.712936 ^ _26_/B1 (sky130_fd_sc_hd__a21oi_1)
     1    0.002779    0.045999    0.057537    0.770473 v _26_/Y (sky130_fd_sc_hd__a21oi_1)
                      0.045999    0.000007    0.770480 v _27_/B (sky130_fd_sc_hd__nor2_1)
     1    0.002749    0.077379    0.080981    0.851461 ^ _27_/Y (sky130_fd_sc_hd__nor2_1)
                      0.077379    0.000010    0.851471 ^ _38_/D (sky130_fd_sc_hd__dfrtp_1)
                                              0.851471   data arrival time

                                  0.000000    0.000000   clock clk (rise edge)
                                  0.000000    0.000000   clock source latency
     1    0.017627    0.085129    0.058370    0.058370 ^ clk (in)
                      0.085135    0.000000    0.058370 ^ clkbuf_0_clk/A (sky130_fd_sc_hd__clkbuf_16)
     2    0.017396    0.039657    0.137727    0.196098 ^ clkbuf_0_clk/X (sky130_fd_sc_hd__clkbuf_16)
                      0.039657    0.000036    0.196134 ^ clkbuf_1_0__f_clk/A (sky130_fd_sc_hd__clkbuf_16)
     5    0.014578    0.037228    0.118340    0.314473 ^ clkbuf_1_0__f_clk/X (sky130_fd_sc_hd__clkbuf_16)
                      0.037228    0.000050    0.314523 ^ _38_/CLK (sky130_fd_sc_hd__dfrtp_1)
                                  0.250000    0.564523   clock uncertainty
                                  0.000000    0.564523   clock reconvergence pessimism
                                 -0.042620    0.521903   library hold time
                                              0.521903   data required time
---------------------------------------------------------------------------------------------
                                              0.521903   data required time
                                             -0.851471   data arrival time
---------------------------------------------------------------------------------------------
                                              0.329568   slack (MET)


Startpoint: _42_ (rising edge-triggered flip-flop clocked by clk)
Endpoint: _42_ (rising edge-triggered flip-flop clocked by clk)
Path Group: clk
Path Type: min

Fanout         Cap        Slew       Delay        Time   Description
---------------------------------------------------------------------------------------------
                                  0.000000    0.000000   clock clk (rise edge)
                                  0.000000    0.000000   clock source latency
     1    0.017627    0.085129    0.058370    0.058370 ^ clk (in)
                      0.085135    0.000000    0.058370 ^ clkbuf_0_clk/A (sky130_fd_sc_hd__clkbuf_16)
     2    0.017396    0.039657    0.137727    0.196098 ^ clkbuf_0_clk/X (sky130_fd_sc_hd__clkbuf_16)
                      0.039657    0.000029    0.196127 ^ clkbuf_1_1__f_clk/A (sky130_fd_sc_hd__clkbuf_16)
     4    0.013163    0.036027    0.116974    0.313101 ^ clkbuf_1_1__f_clk/X (sky130_fd_sc_hd__clkbuf_16)
                      0.036027    0.000061    0.313162 ^ _42_/CLK (sky130_fd_sc_hd__dfrtp_1)
     3    0.016495    0.153553    0.399092    0.712254 ^ _42_/Q (sky130_fd_sc_hd__dfrtp_1)
                      0.153553    0.000122    0.712376 ^ _33_/B1 (sky130_fd_sc_hd__a31o_1)
     1    0.001970    0.037548    0.110206    0.822582 ^ _33_/X (sky130_fd_sc_hd__a31o_1)
                      0.037548    0.000002    0.822584 ^ _34_/B (sky130_fd_sc_hd__and2b_1)
     1    0.002609    0.041211    0.109149    0.931733 ^ _34_/X (sky130_fd_sc_hd__and2b_1)
                      0.041211    0.000009    0.931742 ^ _42_/D (sky130_fd_sc_hd__dfrtp_1)
                                              0.931742   data arrival time

                                  0.000000    0.000000   clock clk (rise edge)
                                  0.000000    0.000000   clock source latency
     1    0.017627    0.085129    0.058370    0.058370 ^ clk (in)
                      0.085135    0.000000    0.058370 ^ clkbuf_0_clk/A (sky130_fd_sc_hd__clkbuf_16)
     2    0.017396    0.039657    0.137727    0.196098 ^ clkbuf_0_clk/X (sky130_fd_sc_hd__clkbuf_16)
                      0.039657    0.000029    0.196127 ^ clkbuf_1_1__f_clk/A (sky130_fd_sc_hd__clkbuf_16)
     4    0.013163    0.036027    0.116974    0.313101 ^ clkbuf_1_1__f_clk/X (sky130_fd_sc_hd__clkbuf_16)
                      0.036027    0.000061    0.313162 ^ _42_/CLK (sky130_fd_sc_hd__dfrtp_1)
                                  0.250000    0.563162   clock uncertainty
                                  0.000000    0.563162   clock reconvergence pessimism
                                 -0.035195    0.527966   library hold time
                                              0.527966   data required time
---------------------------------------------------------------------------------------------
                                              0.527966   data required time
                                             -0.931742   data arrival time
---------------------------------------------------------------------------------------------
                                              0.403776   slack (MET)


Startpoint: _40_ (rising edge-triggered flip-flop clocked by clk)
Endpoint: _40_ (rising edge-triggered flip-flop clocked by clk)
Path Group: clk
Path Type: min

Fanout         Cap        Slew       Delay        Time   Description
---------------------------------------------------------------------------------------------
                                  0.000000    0.000000   clock clk (rise edge)
                                  0.000000    0.000000   clock source latency
     1    0.017627    0.085129    0.058370    0.058370 ^ clk (in)
                      0.085135    0.000000    0.058370 ^ clkbuf_0_clk/A (sky130_fd_sc_hd__clkbuf_16)
     2    0.017396    0.039657    0.137727    0.196098 ^ clkbuf_0_clk/X (sky130_fd_sc_hd__clkbuf_16)
                      0.039657    0.000036    0.196134 ^ clkbuf_1_0__f_clk/A (sky130_fd_sc_hd__clkbuf_16)
     5    0.014578    0.037228    0.118340    0.314473 ^ clkbuf_1_0__f_clk/X (sky130_fd_sc_hd__clkbuf_16)
                      0.037228    0.000030    0.314503 ^ _40_/CLK (sky130_fd_sc_hd__dfrtp_4)
     6    0.023251    0.097259    0.439036    0.753540 ^ _40_/Q (sky130_fd_sc_hd__dfrtp_4)
                      0.097259    0.000085    0.753625 ^ _30_/A (sky130_fd_sc_hd__or2_1)
     1    0.001849    0.033390    0.101358    0.854983 ^ _30_/X (sky130_fd_sc_hd__or2_1)
                      0.033390    0.000003    0.854986 ^ _31_/B (sky130_fd_sc_hd__and2_1)
     1    0.002193    0.042189    0.106507    0.961493 ^ _31_/X (sky130_fd_sc_hd__and2_1)
                      0.042189    0.000002    0.961495 ^ _40_/D (sky130_fd_sc_hd__dfrtp_4)
                                              0.961495   data arrival time

                                  0.000000    0.000000   clock clk (rise edge)
                                  0.000000    0.000000   clock source latency
     1    0.017627    0.085129    0.058370    0.058370 ^ clk (in)
                      0.085135    0.000000    0.058370 ^ clkbuf_0_clk/A (sky130_fd_sc_hd__clkbuf_16)
     2    0.017396    0.039657    0.137727    0.196098 ^ clkbuf_0_clk/X (sky130_fd_sc_hd__clkbuf_16)
                      0.039657    0.000036    0.196134 ^ clkbuf_1_0__f_clk/A (sky130_fd_sc_hd__clkbuf_16)
     5    0.014578    0.037228    0.118340    0.314473 ^ clkbuf_1_0__f_clk/X (sky130_fd_sc_hd__clkbuf_16)
                      0.037228    0.000030    0.314503 ^ _40_/CLK (sky130_fd_sc_hd__dfrtp_4)
                                  0.250000    0.564503   clock uncertainty
                                  0.000000    0.564503   clock reconvergence pessimism
                                 -0.035237    0.529267   library hold time
                                              0.529267   data required time
---------------------------------------------------------------------------------------------
                                              0.529267   data required time
                                             -0.961495   data arrival time
---------------------------------------------------------------------------------------------
                                              0.432228   slack (MET)


Startpoint: _40_ (rising edge-triggered flip-flop clocked by clk)
Endpoint: _41_ (rising edge-triggered flip-flop clocked by clk)
Path Group: clk
Path Type: min

Fanout         Cap        Slew       Delay        Time   Description
---------------------------------------------------------------------------------------------
                                  0.000000    0.000000   clock clk (rise edge)
                                  0.000000    0.000000   clock source latency
     1    0.017627    0.085129    0.058370    0.058370 ^ clk (in)
                      0.085135    0.000000    0.058370 ^ clkbuf_0_clk/A (sky130_fd_sc_hd__clkbuf_16)
     2    0.017396    0.039657    0.137727    0.196098 ^ clkbuf_0_clk/X (sky130_fd_sc_hd__clkbuf_16)
                      0.039657    0.000036    0.196134 ^ clkbuf_1_0__f_clk/A (sky130_fd_sc_hd__clkbuf_16)
     5    0.014578    0.037228    0.118340    0.314473 ^ clkbuf_1_0__f_clk/X (sky130_fd_sc_hd__clkbuf_16)
                      0.037228    0.000030    0.314503 ^ _40_/CLK (sky130_fd_sc_hd__dfrtp_4)
     6    0.023251    0.097259    0.439036    0.753540 ^ _40_/Q (sky130_fd_sc_hd__dfrtp_4)
                      0.097259    0.000091    0.753631 ^ _20_/A (sky130_fd_sc_hd__nand2_1)
     2    0.006715    0.063448    0.081329    0.834960 v _20_/Y (sky130_fd_sc_hd__nand2_1)
                      0.063448    0.000023    0.834983 v _32_/B (sky130_fd_sc_hd__xnor2_1)
     1    0.002217    0.032728    0.121537    0.956520 v _32_/Y (sky130_fd_sc_hd__xnor2_1)
                      0.032728    0.000003    0.956523 v _41_/D (sky130_fd_sc_hd__dfrtp_4)
                                              0.956523   data arrival time

                                  0.000000    0.000000   clock clk (rise edge)
                                  0.000000    0.000000   clock source latency
     1    0.017627    0.085129    0.058370    0.058370 ^ clk (in)
                      0.085135    0.000000    0.058370 ^ clkbuf_0_clk/A (sky130_fd_sc_hd__clkbuf_16)
     2    0.017396    0.039657    0.137727    0.196098 ^ clkbuf_0_clk/X (sky130_fd_sc_hd__clkbuf_16)
                      0.039657    0.000029    0.196127 ^ clkbuf_1_1__f_clk/A (sky130_fd_sc_hd__clkbuf_16)
     4    0.013163    0.036027    0.116974    0.313101 ^ clkbuf_1_1__f_clk/X (sky130_fd_sc_hd__clkbuf_16)
                      0.036027    0.000083    0.313183 ^ _41_/CLK (sky130_fd_sc_hd__dfrtp_4)
                                  0.250000    0.563183   clock uncertainty
                                  0.000000    0.563183   clock reconvergence pessimism
                                 -0.039110    0.524073   library hold time
                                              0.524073   data required time
---------------------------------------------------------------------------------------------
                                              0.524073   data required time
                                             -0.956523   data arrival time
---------------------------------------------------------------------------------------------
                                              0.432450   slack (MET)


Startpoint: _40_ (rising edge-triggered flip-flop clocked by clk)
Endpoint: _43_ (rising edge-triggered flip-flop clocked by clk)
Path Group: clk
Path Type: min

Fanout         Cap        Slew       Delay        Time   Description
---------------------------------------------------------------------------------------------
                                  0.000000    0.000000   clock clk (rise edge)
                                  0.000000    0.000000   clock source latency
     1    0.017627    0.085129    0.058370    0.058370 ^ clk (in)
                      0.085135    0.000000    0.058370 ^ clkbuf_0_clk/A (sky130_fd_sc_hd__clkbuf_16)
     2    0.017396    0.039657    0.137727    0.196098 ^ clkbuf_0_clk/X (sky130_fd_sc_hd__clkbuf_16)
                      0.039657    0.000036    0.196134 ^ clkbuf_1_0__f_clk/A (sky130_fd_sc_hd__clkbuf_16)
     5    0.014578    0.037228    0.118340    0.314473 ^ clkbuf_1_0__f_clk/X (sky130_fd_sc_hd__clkbuf_16)
                      0.037228    0.000030    0.314503 ^ _40_/CLK (sky130_fd_sc_hd__dfrtp_4)
     6    0.023251    0.097259    0.439036    0.753540 ^ _40_/Q (sky130_fd_sc_hd__dfrtp_4)
                      0.097259    0.000145    0.753685 ^ _22_/A (sky130_fd_sc_hd__and3_1)
     2    0.007240    0.089988    0.184422    0.938106 ^ _22_/X (sky130_fd_sc_hd__and3_1)
                      0.089988    0.000021    0.938127 ^ _35_/B (sky130_fd_sc_hd__xor2_1)
     1    0.002166    0.034264    0.064955    1.003082 v _35_/X (sky130_fd_sc_hd__xor2_1)
                      0.034264    0.000002    1.003084 v _43_/D (sky130_fd_sc_hd__dfrtp_1)
                                              1.003084   data arrival time

                                  0.000000    0.000000   clock clk (rise edge)
                                  0.000000    0.000000   clock source latency
     1    0.017627    0.085129    0.058370    0.058370 ^ clk (in)
                      0.085135    0.000000    0.058370 ^ clkbuf_0_clk/A (sky130_fd_sc_hd__clkbuf_16)
     2    0.017396    0.039657    0.137727    0.196098 ^ clkbuf_0_clk/X (sky130_fd_sc_hd__clkbuf_16)
                      0.039657    0.000029    0.196127 ^ clkbuf_1_1__f_clk/A (sky130_fd_sc_hd__clkbuf_16)
     4    0.013163    0.036027    0.116974    0.313101 ^ clkbuf_1_1__f_clk/X (sky130_fd_sc_hd__clkbuf_16)
                      0.036027    0.000022    0.313123 ^ _43_/CLK (sky130_fd_sc_hd__dfrtp_1)
                                  0.250000    0.563123   clock uncertainty
                                  0.000000    0.563123   clock reconvergence pessimism
                                 -0.043451    0.519671   library hold time
                                              0.519671   data required time
---------------------------------------------------------------------------------------------
                                              0.519671   data required time
                                             -1.003084   data arrival time
---------------------------------------------------------------------------------------------
                                              0.483413   slack (MET)


Startpoint: _43_ (rising edge-triggered flip-flop clocked by clk)
Endpoint: _44_ (rising edge-triggered flip-flop clocked by clk)
Path Group: clk
Path Type: min

Fanout         Cap        Slew       Delay        Time   Description
---------------------------------------------------------------------------------------------
                                  0.000000    0.000000   clock clk (rise edge)
                                  0.000000    0.000000   clock source latency
     1    0.017627    0.085129    0.058370    0.058370 ^ clk (in)
                      0.085135    0.000000    0.058370 ^ clkbuf_0_clk/A (sky130_fd_sc_hd__clkbuf_16)
     2    0.017396    0.039657    0.137727    0.196098 ^ clkbuf_0_clk/X (sky130_fd_sc_hd__clkbuf_16)
                      0.039657    0.000029    0.196127 ^ clkbuf_1_1__f_clk/A (sky130_fd_sc_hd__clkbuf_16)
     4    0.013163    0.036027    0.116974    0.313101 ^ clkbuf_1_1__f_clk/X (sky130_fd_sc_hd__clkbuf_16)
                      0.036027    0.000022    0.313123 ^ _43_/CLK (sky130_fd_sc_hd__dfrtp_1)
     3    0.013955    0.132628    0.383776    0.696898 ^ _43_/Q (sky130_fd_sc_hd__dfrtp_1)
                      0.132628    0.000020    0.696918 ^ _23_/B (sky130_fd_sc_hd__and4_1)
     2    0.008291    0.100680    0.238483    0.935401 ^ _23_/X (sky130_fd_sc_hd__and4_1)
                      0.100680    0.000069    0.935470 ^ _36_/B (sky130_fd_sc_hd__xor2_1)
     1    0.002354    0.035107    0.069366    1.004835 v _36_/X (sky130_fd_sc_hd__xor2_1)
                      0.035107    0.000005    1.004840 v _44_/D (sky130_fd_sc_hd__dfrtp_1)
                                              1.004840   data arrival time

                                  0.000000    0.000000   clock clk (rise edge)
                                  0.000000    0.000000   clock source latency
     1    0.017627    0.085129    0.058370    0.058370 ^ clk (in)
                      0.085135    0.000000    0.058370 ^ clkbuf_0_clk/A (sky130_fd_sc_hd__clkbuf_16)
     2    0.017396    0.039657    0.137727    0.196098 ^ clkbuf_0_clk/X (sky130_fd_sc_hd__clkbuf_16)
                      0.039657    0.000029    0.196127 ^ clkbuf_1_1__f_clk/A (sky130_fd_sc_hd__clkbuf_16)
     4    0.013163    0.036027    0.116974    0.313101 ^ clkbuf_1_1__f_clk/X (sky130_fd_sc_hd__clkbuf_16)
                      0.036027    0.000038    0.313139 ^ _44_/CLK (sky130_fd_sc_hd__dfrtp_1)
                                  0.250000    0.563139   clock uncertainty
                                  0.000000    0.563139   clock reconvergence pessimism
                                 -0.043794    0.519345   library hold time
                                              0.519345   data required time
---------------------------------------------------------------------------------------------
                                              0.519345   data required time
                                             -1.004840   data arrival time
---------------------------------------------------------------------------------------------
                                              0.485495   slack (MET)


Startpoint: _37_ (rising edge-triggered flip-flop clocked by clk)
Endpoint: _37_ (rising edge-triggered flip-flop clocked by clk)
Path Group: clk
Path Type: min

Fanout         Cap        Slew       Delay        Time   Description
---------------------------------------------------------------------------------------------
                                  0.000000    0.000000   clock clk (rise edge)
                                  0.000000    0.000000   clock source latency
     1    0.017627    0.085129    0.058370    0.058370 ^ clk (in)
                      0.085135    0.000000    0.058370 ^ clkbuf_0_clk/A (sky130_fd_sc_hd__clkbuf_16)
     2    0.017396    0.039657    0.137727    0.196098 ^ clkbuf_0_clk/X (sky130_fd_sc_hd__clkbuf_16)
                      0.039657    0.000036    0.196134 ^ clkbuf_1_0__f_clk/A (sky130_fd_sc_hd__clkbuf_16)
     5    0.014578    0.037228    0.118340    0.314473 ^ clkbuf_1_0__f_clk/X (sky130_fd_sc_hd__clkbuf_16)
                      0.037228    0.000039    0.314513 ^ _37_/CLK (sky130_fd_sc_hd__dfrtp_2)
     5    0.017309    0.099011    0.388278    0.702791 ^ _37_/Q (sky130_fd_sc_hd__dfrtp_2)
                      0.099011    0.000017    0.702808 ^ hold1/A (sky130_fd_sc_hd__dlygate4sd3_1)
     1    0.005005    0.074818    0.568706    1.271514 ^ hold1/X (sky130_fd_sc_hd__dlygate4sd3_1)
                      0.074818    0.000011    1.271526 ^ _25_/A (sky130_fd_sc_hd__xor2_1)
     1    0.002368    0.035169    0.064590    1.336116 v _25_/X (sky130_fd_sc_hd__xor2_1)
                      0.035169    0.000006    1.336122 v _37_/D (sky130_fd_sc_hd__dfrtp_2)
                                              1.336122   data arrival time

                                  0.000000    0.000000   clock clk (rise edge)
                                  0.000000    0.000000   clock source latency
     1    0.017627    0.085129    0.058370    0.058370 ^ clk (in)
                      0.085135    0.000000    0.058370 ^ clkbuf_0_clk/A (sky130_fd_sc_hd__clkbuf_16)
     2    0.017396    0.039657    0.137727    0.196098 ^ clkbuf_0_clk/X (sky130_fd_sc_hd__clkbuf_16)
                      0.039657    0.000036    0.196134 ^ clkbuf_1_0__f_clk/A (sky130_fd_sc_hd__clkbuf_16)
     5    0.014578    0.037228    0.118340    0.314473 ^ clkbuf_1_0__f_clk/X (sky130_fd_sc_hd__clkbuf_16)
                      0.037228    0.000039    0.314513 ^ _37_/CLK (sky130_fd_sc_hd__dfrtp_2)
                                  0.250000    0.564513   clock uncertainty
                                  0.000000    0.564513   clock reconvergence pessimism
                                 -0.039884    0.524629   library hold time
                                              0.524629   data required time
---------------------------------------------------------------------------------------------
                                              0.524629   data required time
                                             -1.336122   data arrival time
---------------------------------------------------------------------------------------------
                                              0.811493   slack (MET)


Startpoint: rst_n (input port clocked by clk)
Endpoint: _38_ (removal check against rising-edge clock clk)
Path Group: asynchronous
Path Type: min

Fanout         Cap        Slew       Delay        Time   Description
---------------------------------------------------------------------------------------------
                                  0.000000    0.000000   clock clk (rise edge)
                                  0.000000    0.000000   clock network delay (propagated)
                                  2.000000    2.000000 ^ input external delay
     1    0.002755    0.020245    0.010138    2.010138 ^ rst_n (in)
                      0.020245    0.000000    2.010138 ^ input2/A (sky130_fd_sc_hd__clkbuf_4)
     8    0.046641    0.146995    0.200831    2.210969 ^ input2/X (sky130_fd_sc_hd__clkbuf_4)
                      0.147000    0.001104    2.212073 ^ _38_/RESET_B (sky130_fd_sc_hd__dfrtp_1)
                                              2.212073   data arrival time

                                  0.000000    0.000000   clock clk (rise edge)
                                  0.000000    0.000000   clock source latency
     1    0.017627    0.085129    0.058370    0.058370 ^ clk (in)
                      0.085135    0.000000    0.058370 ^ clkbuf_0_clk/A (sky130_fd_sc_hd__clkbuf_16)
     2    0.017396    0.039657    0.137727    0.196098 ^ clkbuf_0_clk/X (sky130_fd_sc_hd__clkbuf_16)
                      0.039657    0.000036    0.196134 ^ clkbuf_1_0__f_clk/A (sky130_fd_sc_hd__clkbuf_16)
     5    0.014578    0.037228    0.118340    0.314473 ^ clkbuf_1_0__f_clk/X (sky130_fd_sc_hd__clkbuf_16)
                      0.037228    0.000050    0.314523 ^ _38_/CLK (sky130_fd_sc_hd__dfrtp_1)
                                  0.250000    0.564523   clock uncertainty
                                  0.000000    0.564523   clock reconvergence pessimism
                                  0.346196    0.910719   library removal time
                                              0.910719   data required time
---------------------------------------------------------------------------------------------
                                              0.910719   data required time
                                             -2.212073   data arrival time
---------------------------------------------------------------------------------------------
                                              1.301354   slack (MET)


Startpoint: rst_n (input port clocked by clk)
Endpoint: _40_ (removal check against rising-edge clock clk)
Path Group: asynchronous
Path Type: min

Fanout         Cap        Slew       Delay        Time   Description
---------------------------------------------------------------------------------------------
                                  0.000000    0.000000   clock clk (rise edge)
                                  0.000000    0.000000   clock network delay (propagated)
                                  2.000000    2.000000 ^ input external delay
     1    0.002755    0.020245    0.010138    2.010138 ^ rst_n (in)
                      0.020245    0.000000    2.010138 ^ input2/A (sky130_fd_sc_hd__clkbuf_4)
     8    0.046641    0.146995    0.200831    2.210969 ^ input2/X (sky130_fd_sc_hd__clkbuf_4)
                      0.147006    0.001392    2.212361 ^ _40_/RESET_B (sky130_fd_sc_hd__dfrtp_4)
                                              2.212361   data arrival time

                                  0.000000    0.000000   clock clk (rise edge)
                                  0.000000    0.000000   clock source latency
     1    0.017627    0.085129    0.058370    0.058370 ^ clk (in)
                      0.085135    0.000000    0.058370 ^ clkbuf_0_clk/A (sky130_fd_sc_hd__clkbuf_16)
     2    0.017396    0.039657    0.137727    0.196098 ^ clkbuf_0_clk/X (sky130_fd_sc_hd__clkbuf_16)
                      0.039657    0.000036    0.196134 ^ clkbuf_1_0__f_clk/A (sky130_fd_sc_hd__clkbuf_16)
     5    0.014578    0.037228    0.118340    0.314473 ^ clkbuf_1_0__f_clk/X (sky130_fd_sc_hd__clkbuf_16)
                      0.037228    0.000030    0.314503 ^ _40_/CLK (sky130_fd_sc_hd__dfrtp_4)
                                  0.250000    0.564503   clock uncertainty
                                  0.000000    0.564503   clock reconvergence pessimism
                                  0.346247    0.910750   library removal time
                                              0.910750   data required time
---------------------------------------------------------------------------------------------
                                              0.910750   data required time
                                             -2.212361   data arrival time
---------------------------------------------------------------------------------------------
                                              1.301611   slack (MET)


Startpoint: rst_n (input port clocked by clk)
Endpoint: _39_ (removal check against rising-edge clock clk)
Path Group: asynchronous
Path Type: min

Fanout         Cap        Slew       Delay        Time   Description
---------------------------------------------------------------------------------------------
                                  0.000000    0.000000   clock clk (rise edge)
                                  0.000000    0.000000   clock network delay (propagated)
                                  2.000000    2.000000 ^ input external delay
     1    0.002755    0.020245    0.010138    2.010138 ^ rst_n (in)
                      0.020245    0.000000    2.010138 ^ input2/A (sky130_fd_sc_hd__clkbuf_4)
     8    0.046641    0.146995    0.200831    2.210969 ^ input2/X (sky130_fd_sc_hd__clkbuf_4)
                      0.147006    0.001390    2.212358 ^ _39_/RESET_B (sky130_fd_sc_hd__dfrtp_1)
                                              2.212358   data arrival time

                                  0.000000    0.000000   clock clk (rise edge)
                                  0.000000    0.000000   clock source latency
     1    0.017627    0.085129    0.058370    0.058370 ^ clk (in)
                      0.085135    0.000000    0.058370 ^ clkbuf_0_clk/A (sky130_fd_sc_hd__clkbuf_16)
     2    0.017396    0.039657    0.137727    0.196098 ^ clkbuf_0_clk/X (sky130_fd_sc_hd__clkbuf_16)
                      0.039657    0.000036    0.196134 ^ clkbuf_1_0__f_clk/A (sky130_fd_sc_hd__clkbuf_16)
     5    0.014578    0.037228    0.118340    0.314473 ^ clkbuf_1_0__f_clk/X (sky130_fd_sc_hd__clkbuf_16)
                      0.037228    0.000015    0.314488 ^ _39_/CLK (sky130_fd_sc_hd__dfrtp_1)
                                  0.250000    0.564488   clock uncertainty
                                  0.000000    0.564488   clock reconvergence pessimism
                                  0.346198    0.910685   library removal time
                                              0.910685   data required time
---------------------------------------------------------------------------------------------
                                              0.910685   data required time
                                             -2.212358   data arrival time
---------------------------------------------------------------------------------------------
                                              1.301673   slack (MET)


Startpoint: rst_n (input port clocked by clk)
Endpoint: _37_ (removal check against rising-edge clock clk)
Path Group: asynchronous
Path Type: min

Fanout         Cap        Slew       Delay        Time   Description
---------------------------------------------------------------------------------------------
                                  0.000000    0.000000   clock clk (rise edge)
                                  0.000000    0.000000   clock network delay (propagated)
                                  2.000000    2.000000 ^ input external delay
     1    0.002755    0.020245    0.010138    2.010138 ^ rst_n (in)
                      0.020245    0.000000    2.010138 ^ input2/A (sky130_fd_sc_hd__clkbuf_4)
     8    0.046641    0.146995    0.200831    2.210969 ^ input2/X (sky130_fd_sc_hd__clkbuf_4)
                      0.147004    0.001318    2.212287 ^ _37_/RESET_B (sky130_fd_sc_hd__dfrtp_2)
                                              2.212287   data arrival time

                                  0.000000    0.000000   clock clk (rise edge)
                                  0.000000    0.000000   clock source latency
     1    0.017627    0.085129    0.058370    0.058370 ^ clk (in)
                      0.085135    0.000000    0.058370 ^ clkbuf_0_clk/A (sky130_fd_sc_hd__clkbuf_16)
     2    0.017396    0.039657    0.137727    0.196098 ^ clkbuf_0_clk/X (sky130_fd_sc_hd__clkbuf_16)
                      0.039657    0.000036    0.196134 ^ clkbuf_1_0__f_clk/A (sky130_fd_sc_hd__clkbuf_16)
     5    0.014578    0.037228    0.118340    0.314473 ^ clkbuf_1_0__f_clk/X (sky130_fd_sc_hd__clkbuf_16)
                      0.037228    0.000039    0.314513 ^ _37_/CLK (sky130_fd_sc_hd__dfrtp_2)
                                  0.250000    0.564513   clock uncertainty
                                  0.000000    0.564513   clock reconvergence pessimism
                                  0.345924    0.910436   library removal time
                                              0.910436   data required time
---------------------------------------------------------------------------------------------
                                              0.910436   data required time
                                             -2.212287   data arrival time
---------------------------------------------------------------------------------------------
                                              1.301850   slack (MET)


Startpoint: rst_n (input port clocked by clk)
Endpoint: _41_ (removal check against rising-edge clock clk)
Path Group: asynchronous
Path Type: min

Fanout         Cap        Slew       Delay        Time   Description
---------------------------------------------------------------------------------------------
                                  0.000000    0.000000   clock clk (rise edge)
                                  0.000000    0.000000   clock network delay (propagated)
                                  2.000000    2.000000 ^ input external delay
     1    0.002755    0.020245    0.010138    2.010138 ^ rst_n (in)
                      0.020245    0.000000    2.010138 ^ input2/A (sky130_fd_sc_hd__clkbuf_4)
     8    0.046641    0.146995    0.200831    2.210969 ^ input2/X (sky130_fd_sc_hd__clkbuf_4)
                      0.147007    0.001438    2.212407 ^ _41_/RESET_B (sky130_fd_sc_hd__dfrtp_4)
                                              2.212407   data arrival time

                                  0.000000    0.000000   clock clk (rise edge)
                                  0.000000    0.000000   clock source latency
     1    0.017627    0.085129    0.058370    0.058370 ^ clk (in)
                      0.085135    0.000000    0.058370 ^ clkbuf_0_clk/A (sky130_fd_sc_hd__clkbuf_16)
     2    0.017396    0.039657    0.137727    0.196098 ^ clkbuf_0_clk/X (sky130_fd_sc_hd__clkbuf_16)
                      0.039657    0.000029    0.196127 ^ clkbuf_1_1__f_clk/A (sky130_fd_sc_hd__clkbuf_16)
     4    0.013163    0.036027    0.116974    0.313101 ^ clkbuf_1_1__f_clk/X (sky130_fd_sc_hd__clkbuf_16)
                      0.036027    0.000083    0.313183 ^ _41_/CLK (sky130_fd_sc_hd__dfrtp_4)
                                  0.250000    0.563183   clock uncertainty
                                  0.000000    0.563183   clock reconvergence pessimism
                                  0.345918    0.909101   library removal time
                                              0.909101   data required time
---------------------------------------------------------------------------------------------
                                              0.909101   data required time
                                             -2.212407   data arrival time
---------------------------------------------------------------------------------------------
                                              1.303305   slack (MET)


Startpoint: rst_n (input port clocked by clk)
Endpoint: _44_ (removal check against rising-edge clock clk)
Path Group: asynchronous
Path Type: min

Fanout         Cap        Slew       Delay        Time   Description
---------------------------------------------------------------------------------------------
                                  0.000000    0.000000   clock clk (rise edge)
                                  0.000000    0.000000   clock network delay (propagated)
                                  2.000000    2.000000 ^ input external delay
     1    0.002755    0.020245    0.010138    2.010138 ^ rst_n (in)
                      0.020245    0.000000    2.010138 ^ input2/A (sky130_fd_sc_hd__clkbuf_4)
     8    0.046641    0.146995    0.200831    2.210969 ^ input2/X (sky130_fd_sc_hd__clkbuf_4)
                      0.147008    0.001481    2.212450 ^ _44_/RESET_B (sky130_fd_sc_hd__dfrtp_1)
                                              2.212450   data arrival time

                                  0.000000    0.000000   clock clk (rise edge)
                                  0.000000    0.000000   clock source latency
     1    0.017627    0.085129    0.058370    0.058370 ^ clk (in)
                      0.085135    0.000000    0.058370 ^ clkbuf_0_clk/A (sky130_fd_sc_hd__clkbuf_16)
     2    0.017396    0.039657    0.137727    0.196098 ^ clkbuf_0_clk/X (sky130_fd_sc_hd__clkbuf_16)
                      0.039657    0.000029    0.196127 ^ clkbuf_1_1__f_clk/A (sky130_fd_sc_hd__clkbuf_16)
     4    0.013163    0.036027    0.116974    0.313101 ^ clkbuf_1_1__f_clk/X (sky130_fd_sc_hd__clkbuf_16)
                      0.036027    0.000038    0.313139 ^ _44_/CLK (sky130_fd_sc_hd__dfrtp_1)
                                  0.250000    0.563139   clock uncertainty
                                  0.000000    0.563139   clock reconvergence pessimism
                                  0.345872    0.909011   library removal time
                                              0.909011   data required time
---------------------------------------------------------------------------------------------
                                              0.909011   data required time
                                             -2.212450   data arrival time
---------------------------------------------------------------------------------------------
                                              1.303439   slack (MET)


Startpoint: rst_n (input port clocked by clk)
Endpoint: _42_ (removal check against rising-edge clock clk)
Path Group: asynchronous
Path Type: min

Fanout         Cap        Slew       Delay        Time   Description
---------------------------------------------------------------------------------------------
                                  0.000000    0.000000   clock clk (rise edge)
                                  0.000000    0.000000   clock network delay (propagated)
                                  2.000000    2.000000 ^ input external delay
     1    0.002755    0.020245    0.010138    2.010138 ^ rst_n (in)
                      0.020245    0.000000    2.010138 ^ input2/A (sky130_fd_sc_hd__clkbuf_4)
     8    0.046641    0.146995    0.200831    2.210969 ^ input2/X (sky130_fd_sc_hd__clkbuf_4)
                      0.147010    0.001551    2.212520 ^ _42_/RESET_B (sky130_fd_sc_hd__dfrtp_1)
                                              2.212520   data arrival time

                                  0.000000    0.000000   clock clk (rise edge)
                                  0.000000    0.000000   clock source latency
     1    0.017627    0.085129    0.058370    0.058370 ^ clk (in)
                      0.085135    0.000000    0.058370 ^ clkbuf_0_clk/A (sky130_fd_sc_hd__clkbuf_16)
     2    0.017396    0.039657    0.137727    0.196098 ^ clkbuf_0_clk/X (sky130_fd_sc_hd__clkbuf_16)
                      0.039657    0.000029    0.196127 ^ clkbuf_1_1__f_clk/A (sky130_fd_sc_hd__clkbuf_16)
     4    0.013163    0.036027    0.116974    0.313101 ^ clkbuf_1_1__f_clk/X (sky130_fd_sc_hd__clkbuf_16)
                      0.036027    0.000061    0.313162 ^ _42_/CLK (sky130_fd_sc_hd__dfrtp_1)
                                  0.250000    0.563162   clock uncertainty
                                  0.000000    0.563162   clock reconvergence pessimism
                                  0.345872    0.909034   library removal time
                                              0.909034   data required time
---------------------------------------------------------------------------------------------
                                              0.909034   data required time
                                             -2.212520   data arrival time
---------------------------------------------------------------------------------------------
                                              1.303486   slack (MET)


Startpoint: rst_n (input port clocked by clk)
Endpoint: _43_ (removal check against rising-edge clock clk)
Path Group: asynchronous
Path Type: min

Fanout         Cap        Slew       Delay        Time   Description
---------------------------------------------------------------------------------------------
                                  0.000000    0.000000   clock clk (rise edge)
                                  0.000000    0.000000   clock network delay (propagated)
                                  2.000000    2.000000 ^ input external delay
     1    0.002755    0.020245    0.010138    2.010138 ^ rst_n (in)
                      0.020245    0.000000    2.010138 ^ input2/A (sky130_fd_sc_hd__clkbuf_4)
     8    0.046641    0.146995    0.200831    2.210969 ^ input2/X (sky130_fd_sc_hd__clkbuf_4)
                      0.147009    0.001516    2.212485 ^ _43_/RESET_B (sky130_fd_sc_hd__dfrtp_1)
                                              2.212485   data arrival time

                                  0.000000    0.000000   clock clk (rise edge)
                                  0.000000    0.000000   clock source latency
     1    0.017627    0.085129    0.058370    0.058370 ^ clk (in)
                      0.085135    0.000000    0.058370 ^ clkbuf_0_clk/A (sky130_fd_sc_hd__clkbuf_16)
     2    0.017396    0.039657    0.137727    0.196098 ^ clkbuf_0_clk/X (sky130_fd_sc_hd__clkbuf_16)
                      0.039657    0.000029    0.196127 ^ clkbuf_1_1__f_clk/A (sky130_fd_sc_hd__clkbuf_16)
     4    0.013163    0.036027    0.116974    0.313101 ^ clkbuf_1_1__f_clk/X (sky130_fd_sc_hd__clkbuf_16)
                      0.036027    0.000022    0.313123 ^ _43_/CLK (sky130_fd_sc_hd__dfrtp_1)
                                  0.250000    0.563123   clock uncertainty
                                  0.000000    0.563123   clock reconvergence pessimism
                                  0.345872    0.908994   library removal time
                                              0.908994   data required time
---------------------------------------------------------------------------------------------
                                              0.908994   data required time
                                             -2.212485   data arrival time
---------------------------------------------------------------------------------------------
                                              1.303490   slack (MET)


Startpoint: _44_ (rising edge-triggered flip-flop clocked by clk)
Endpoint: count[7] (output port clocked by clk)
Path Group: clk
Path Type: min

Fanout         Cap        Slew       Delay        Time   Description
---------------------------------------------------------------------------------------------
                                  0.000000    0.000000   clock clk (rise edge)
                                  0.000000    0.000000   clock source latency
     1    0.017627    0.085129    0.058370    0.058370 ^ clk (in)
                      0.085135    0.000000    0.058370 ^ clkbuf_0_clk/A (sky130_fd_sc_hd__clkbuf_16)
     2    0.017396    0.039657    0.137727    0.196098 ^ clkbuf_0_clk/X (sky130_fd_sc_hd__clkbuf_16)
                      0.039657    0.000029    0.196127 ^ clkbuf_1_1__f_clk/A (sky130_fd_sc_hd__clkbuf_16)
     4    0.013163    0.036027    0.116974    0.313101 ^ clkbuf_1_1__f_clk/X (sky130_fd_sc_hd__clkbuf_16)
                      0.036027    0.000038    0.313139 ^ _44_/CLK (sky130_fd_sc_hd__dfrtp_1)
     3    0.012073    0.079577    0.396831    0.709970 v _44_/Q (sky130_fd_sc_hd__dfrtp_1)
                      0.079577    0.000181    0.710151 v output10/A (sky130_fd_sc_hd__buf_2)
     1    0.034124    0.088922    0.195806    0.905957 v output10/X (sky130_fd_sc_hd__buf_2)
                      0.088922    0.000111    0.906068 v count[7] (out)
                                              0.906068   data arrival time

                                  0.000000    0.000000   clock clk (rise edge)
                                  0.000000    0.000000   clock network delay (propagated)
                                  0.250000    0.250000   clock uncertainty
                                  0.000000    0.250000   clock reconvergence pessimism
                                 -2.000000   -1.750000   output external delay
                                             -1.750000   data required time
---------------------------------------------------------------------------------------------
                                             -1.750000   data required time
                                             -0.906068   data arrival time
---------------------------------------------------------------------------------------------
                                              2.656068   slack (MET)


Startpoint: _43_ (rising edge-triggered flip-flop clocked by clk)
Endpoint: count[6] (output port clocked by clk)
Path Group: clk
Path Type: min

Fanout         Cap        Slew       Delay        Time   Description
---------------------------------------------------------------------------------------------
                                  0.000000    0.000000   clock clk (rise edge)
                                  0.000000    0.000000   clock source latency
     1    0.017627    0.085129    0.058370    0.058370 ^ clk (in)
                      0.085135    0.000000    0.058370 ^ clkbuf_0_clk/A (sky130_fd_sc_hd__clkbuf_16)
     2    0.017396    0.039657    0.137727    0.196098 ^ clkbuf_0_clk/X (sky130_fd_sc_hd__clkbuf_16)
                      0.039657    0.000029    0.196127 ^ clkbuf_1_1__f_clk/A (sky130_fd_sc_hd__clkbuf_16)
     4    0.013163    0.036027    0.116974    0.313101 ^ clkbuf_1_1__f_clk/X (sky130_fd_sc_hd__clkbuf_16)
                      0.036027    0.000022    0.313123 ^ _43_/CLK (sky130_fd_sc_hd__dfrtp_1)
     3    0.013575    0.086130    0.402887    0.716009 v _43_/Q (sky130_fd_sc_hd__dfrtp_1)
                      0.086130    0.000275    0.716284 v output9/A (sky130_fd_sc_hd__buf_2)
     1    0.034423    0.089623    0.199258    0.915542 v output9/X (sky130_fd_sc_hd__buf_2)
                      0.089623    0.000220    0.915762 v count[6] (out)
                                              0.915762   data arrival time

                                  0.000000    0.000000   clock clk (rise edge)
                                  0.000000    0.000000   clock network delay (propagated)
                                  0.250000    0.250000   clock uncertainty
                                  0.000000    0.250000   clock reconvergence pessimism
                                 -2.000000   -1.750000   output external delay
                                             -1.750000   data required time
---------------------------------------------------------------------------------------------
                                             -1.750000   data required time
                                             -0.915762   data arrival time
---------------------------------------------------------------------------------------------
                                              2.665762   slack (MET)


Startpoint: _37_ (rising edge-triggered flip-flop clocked by clk)
Endpoint: count[0] (output port clocked by clk)
Path Group: clk
Path Type: min

Fanout         Cap        Slew       Delay        Time   Description
---------------------------------------------------------------------------------------------
                                  0.000000    0.000000   clock clk (rise edge)
                                  0.000000    0.000000   clock source latency
     1    0.017627    0.085129    0.058370    0.058370 ^ clk (in)
                      0.085135    0.000000    0.058370 ^ clkbuf_0_clk/A (sky130_fd_sc_hd__clkbuf_16)
     2    0.017396    0.039657    0.137727    0.196098 ^ clkbuf_0_clk/X (sky130_fd_sc_hd__clkbuf_16)
                      0.039657    0.000036    0.196134 ^ clkbuf_1_0__f_clk/A (sky130_fd_sc_hd__clkbuf_16)
     5    0.014578    0.037228    0.118340    0.314473 ^ clkbuf_1_0__f_clk/X (sky130_fd_sc_hd__clkbuf_16)
                      0.037228    0.000039    0.314513 ^ _37_/CLK (sky130_fd_sc_hd__dfrtp_2)
     5    0.017309    0.099011    0.388278    0.702791 ^ _37_/Q (sky130_fd_sc_hd__dfrtp_2)
                      0.099011    0.000251    0.703042 ^ output3/A (sky130_fd_sc_hd__buf_2)
     1    0.034344    0.170722    0.218567    0.921609 ^ output3/X (sky130_fd_sc_hd__buf_2)
                      0.170722    0.000198    0.921807 ^ count[0] (out)
                                              0.921807   data arrival time

                                  0.000000    0.000000   clock clk (rise edge)
                                  0.000000    0.000000   clock network delay (propagated)
                                  0.250000    0.250000   clock uncertainty
                                  0.000000    0.250000   clock reconvergence pessimism
                                 -2.000000   -1.750000   output external delay
                                             -1.750000   data required time
---------------------------------------------------------------------------------------------
                                             -1.750000   data required time
                                             -0.921807   data arrival time
---------------------------------------------------------------------------------------------
                                              2.671807   slack (MET)


Startpoint: _39_ (rising edge-triggered flip-flop clocked by clk)
Endpoint: count[2] (output port clocked by clk)
Path Group: clk
Path Type: min

Fanout         Cap        Slew       Delay        Time   Description
---------------------------------------------------------------------------------------------
                                  0.000000    0.000000   clock clk (rise edge)
                                  0.000000    0.000000   clock source latency
     1    0.017627    0.085129    0.058370    0.058370 ^ clk (in)
                      0.085135    0.000000    0.058370 ^ clkbuf_0_clk/A (sky130_fd_sc_hd__clkbuf_16)
     2    0.017396    0.039657    0.137727    0.196098 ^ clkbuf_0_clk/X (sky130_fd_sc_hd__clkbuf_16)
                      0.039657    0.000036    0.196134 ^ clkbuf_1_0__f_clk/A (sky130_fd_sc_hd__clkbuf_16)
     5    0.014578    0.037228    0.118340    0.314473 ^ clkbuf_1_0__f_clk/X (sky130_fd_sc_hd__clkbuf_16)
                      0.037228    0.000015    0.314488 ^ _39_/CLK (sky130_fd_sc_hd__dfrtp_1)
     3    0.014839    0.091697    0.408422    0.722910 v _39_/Q (sky130_fd_sc_hd__dfrtp_1)
                      0.091697    0.000285    0.723194 v output5/A (sky130_fd_sc_hd__buf_2)
     1    0.033953    0.088550    0.201029    0.924224 v output5/X (sky130_fd_sc_hd__buf_2)
                      0.088550    0.000074    0.924298 v count[2] (out)
                                              0.924298   data arrival time

                                  0.000000    0.000000   clock clk (rise edge)
                                  0.000000    0.000000   clock network delay (propagated)
                                  0.250000    0.250000   clock uncertainty
                                  0.000000    0.250000   clock reconvergence pessimism
                                 -2.000000   -1.750000   output external delay
                                             -1.750000   data required time
---------------------------------------------------------------------------------------------
                                             -1.750000   data required time
                                             -0.924298   data arrival time
---------------------------------------------------------------------------------------------
                                              2.674298   slack (MET)


Startpoint: _42_ (rising edge-triggered flip-flop clocked by clk)
Endpoint: count[5] (output port clocked by clk)
Path Group: clk
Path Type: min

Fanout         Cap        Slew       Delay        Time   Description
---------------------------------------------------------------------------------------------
                                  0.000000    0.000000   clock clk (rise edge)
                                  0.000000    0.000000   clock source latency
     1    0.017627    0.085129    0.058370    0.058370 ^ clk (in)
                      0.085135    0.000000    0.058370 ^ clkbuf_0_clk/A (sky130_fd_sc_hd__clkbuf_16)
     2    0.017396    0.039657    0.137727    0.196098 ^ clkbuf_0_clk/X (sky130_fd_sc_hd__clkbuf_16)
                      0.039657    0.000029    0.196127 ^ clkbuf_1_1__f_clk/A (sky130_fd_sc_hd__clkbuf_16)
     4    0.013163    0.036027    0.116974    0.313101 ^ clkbuf_1_1__f_clk/X (sky130_fd_sc_hd__clkbuf_16)
                      0.036027    0.000061    0.313162 ^ _42_/CLK (sky130_fd_sc_hd__dfrtp_1)
     3    0.015936    0.096630    0.412348    0.725510 v _42_/Q (sky130_fd_sc_hd__dfrtp_1)
                      0.096630    0.000476    0.725985 v output8/A (sky130_fd_sc_hd__buf_2)
     1    0.034423    0.089634    0.204035    0.930020 v output8/X (sky130_fd_sc_hd__buf_2)
                      0.089634    0.000220    0.930240 v count[5] (out)
                                              0.930240   data arrival time

                                  0.000000    0.000000   clock clk (rise edge)
                                  0.000000    0.000000   clock network delay (propagated)
                                  0.250000    0.250000   clock uncertainty
                                  0.000000    0.250000   clock reconvergence pessimism
                                 -2.000000   -1.750000   output external delay
                                             -1.750000   data required time
---------------------------------------------------------------------------------------------
                                             -1.750000   data required time
                                             -0.930240   data arrival time
---------------------------------------------------------------------------------------------
                                              2.680240   slack (MET)


Startpoint: _38_ (rising edge-triggered flip-flop clocked by clk)
Endpoint: count[1] (output port clocked by clk)
Path Group: clk
Path Type: min

Fanout         Cap        Slew       Delay        Time   Description
---------------------------------------------------------------------------------------------
                                  0.000000    0.000000   clock clk (rise edge)
                                  0.000000    0.000000   clock source latency
     1    0.017627    0.085129    0.058370    0.058370 ^ clk (in)
                      0.085135    0.000000    0.058370 ^ clkbuf_0_clk/A (sky130_fd_sc_hd__clkbuf_16)
     2    0.017396    0.039657    0.137727    0.196098 ^ clkbuf_0_clk/X (sky130_fd_sc_hd__clkbuf_16)
                      0.039657    0.000036    0.196134 ^ clkbuf_1_0__f_clk/A (sky130_fd_sc_hd__clkbuf_16)
     5    0.014578    0.037228    0.118340    0.314473 ^ clkbuf_1_0__f_clk/X (sky130_fd_sc_hd__clkbuf_16)
                      0.037228    0.000050    0.314523 ^ _38_/CLK (sky130_fd_sc_hd__dfrtp_1)
     4    0.015703    0.095543    0.411897    0.726421 v _38_/Q (sky130_fd_sc_hd__dfrtp_1)
                      0.095543    0.000369    0.726790 v output4/A (sky130_fd_sc_hd__buf_2)
     1    0.034344    0.089452    0.203411    0.930200 v output4/X (sky130_fd_sc_hd__buf_2)
                      0.089452    0.000197    0.930398 v count[1] (out)
                                              0.930398   data arrival time

                                  0.000000    0.000000   clock clk (rise edge)
                                  0.000000    0.000000   clock network delay (propagated)
                                  0.250000    0.250000   clock uncertainty
                                  0.000000    0.250000   clock reconvergence pessimism
                                 -2.000000   -1.750000   output external delay
                                             -1.750000   data required time
---------------------------------------------------------------------------------------------
                                             -1.750000   data required time
                                             -0.930398   data arrival time
---------------------------------------------------------------------------------------------
                                              2.680398   slack (MET)


Startpoint: _41_ (rising edge-triggered flip-flop clocked by clk)
Endpoint: count[4] (output port clocked by clk)
Path Group: clk
Path Type: min

Fanout         Cap        Slew       Delay        Time   Description
---------------------------------------------------------------------------------------------
                                  0.000000    0.000000   clock clk (rise edge)
                                  0.000000    0.000000   clock source latency
     1    0.017627    0.085129    0.058370    0.058370 ^ clk (in)
                      0.085135    0.000000    0.058370 ^ clkbuf_0_clk/A (sky130_fd_sc_hd__clkbuf_16)
     2    0.017396    0.039657    0.137727    0.196098 ^ clkbuf_0_clk/X (sky130_fd_sc_hd__clkbuf_16)
                      0.039657    0.000029    0.196127 ^ clkbuf_1_1__f_clk/A (sky130_fd_sc_hd__clkbuf_16)
     4    0.013163    0.036027    0.116974    0.313101 ^ clkbuf_1_1__f_clk/X (sky130_fd_sc_hd__clkbuf_16)
                      0.036027    0.000083    0.313183 ^ _41_/CLK (sky130_fd_sc_hd__dfrtp_4)
     4    0.020046    0.089561    0.431365    0.744548 ^ _41_/Q (sky130_fd_sc_hd__dfrtp_4)
                      0.089611    0.000450    0.744998 ^ output7/A (sky130_fd_sc_hd__buf_2)
     1    0.034110    0.169557    0.214388    0.959386 ^ output7/X (sky130_fd_sc_hd__buf_2)
                      0.169557    0.000111    0.959497 ^ count[4] (out)
                                              0.959497   data arrival time

                                  0.000000    0.000000   clock clk (rise edge)
                                  0.000000    0.000000   clock network delay (propagated)
                                  0.250000    0.250000   clock uncertainty
                                  0.000000    0.250000   clock reconvergence pessimism
                                 -2.000000   -1.750000   output external delay
                                             -1.750000   data required time
---------------------------------------------------------------------------------------------
                                             -1.750000   data required time
                                             -0.959497   data arrival time
---------------------------------------------------------------------------------------------
                                              2.709497   slack (MET)


Startpoint: _40_ (rising edge-triggered flip-flop clocked by clk)
Endpoint: count[3] (output port clocked by clk)
Path Group: clk
Path Type: min

Fanout         Cap        Slew       Delay        Time   Description
---------------------------------------------------------------------------------------------
                                  0.000000    0.000000   clock clk (rise edge)
                                  0.000000    0.000000   clock source latency
     1    0.017627    0.085129    0.058370    0.058370 ^ clk (in)
                      0.085135    0.000000    0.058370 ^ clkbuf_0_clk/A (sky130_fd_sc_hd__clkbuf_16)
     2    0.017396    0.039657    0.137727    0.196098 ^ clkbuf_0_clk/X (sky130_fd_sc_hd__clkbuf_16)
                      0.039657    0.000036    0.196134 ^ clkbuf_1_0__f_clk/A (sky130_fd_sc_hd__clkbuf_16)
     5    0.014578    0.037228    0.118340    0.314473 ^ clkbuf_1_0__f_clk/X (sky130_fd_sc_hd__clkbuf_16)
                      0.037228    0.000030    0.314503 ^ _40_/CLK (sky130_fd_sc_hd__dfrtp_4)
     6    0.023251    0.097259    0.439036    0.753540 ^ _40_/Q (sky130_fd_sc_hd__dfrtp_4)
                      0.097259    0.000279    0.753819 ^ output6/A (sky130_fd_sc_hd__buf_2)
     1    0.033953    0.171416    0.216764    0.970584 ^ output6/X (sky130_fd_sc_hd__buf_2)
                      0.171416    0.000074    0.970658 ^ count[3] (out)
                                              0.970658   data arrival time

                                  0.000000    0.000000   clock clk (rise edge)
                                  0.000000    0.000000   clock network delay (propagated)
                                  0.250000    0.250000   clock uncertainty
                                  0.000000    0.250000   clock reconvergence pessimism
                                 -2.000000   -1.750000   output external delay
                                             -1.750000   data required time
---------------------------------------------------------------------------------------------
                                             -1.750000   data required time
                                             -0.970658   data arrival time
---------------------------------------------------------------------------------------------
                                              2.720658   slack (MET)


Startpoint: _44_ (rising edge-triggered flip-flop clocked by clk)
Endpoint: overflow (output port clocked by clk)
Path Group: clk
Path Type: min

Fanout         Cap        Slew       Delay        Time   Description
---------------------------------------------------------------------------------------------
                                  0.000000    0.000000   clock clk (rise edge)
                                  0.000000    0.000000   clock source latency
     1    0.017627    0.085129    0.058370    0.058370 ^ clk (in)
                      0.085135    0.000000    0.058370 ^ clkbuf_0_clk/A (sky130_fd_sc_hd__clkbuf_16)
     2    0.017396    0.039657    0.137727    0.196098 ^ clkbuf_0_clk/X (sky130_fd_sc_hd__clkbuf_16)
                      0.039657    0.000029    0.196127 ^ clkbuf_1_1__f_clk/A (sky130_fd_sc_hd__clkbuf_16)
     4    0.013163    0.036027    0.116974    0.313101 ^ clkbuf_1_1__f_clk/X (sky130_fd_sc_hd__clkbuf_16)
                      0.036027    0.000038    0.313139 ^ _44_/CLK (sky130_fd_sc_hd__dfrtp_1)
     3    0.012073    0.079577    0.396831    0.709970 v _44_/Q (sky130_fd_sc_hd__dfrtp_1)
                      0.079577    0.000018    0.709989 v _24_/A (sky130_fd_sc_hd__and2_1)
     1    0.008320    0.056425    0.172584    0.882573 v _24_/X (sky130_fd_sc_hd__and2_1)
                      0.056425    0.000146    0.882718 v output11/A (sky130_fd_sc_hd__buf_2)
     1    0.034089    0.088819    0.185214    1.067932 v output11/X (sky130_fd_sc_hd__buf_2)
                      0.088819    0.000103    1.068035 v overflow (out)
                                              1.068035   data arrival time

                                  0.000000    0.000000   clock clk (rise edge)
                                  0.000000    0.000000   clock network delay (propagated)
                                  0.250000    0.250000   clock uncertainty
                                  0.000000    0.250000   clock reconvergence pessimism
                                 -2.000000   -1.750000   output external delay
                                             -1.750000   data required time
---------------------------------------------------------------------------------------------
                                             -1.750000   data required time
                                             -1.068035   data arrival time
---------------------------------------------------------------------------------------------
                                              2.818035   slack (MET)



