
===========================================================================
report_checks -unconstrained
===========================================================================
======================= nom_ss_100C_1v60 Corner ===================================

Warning: corner.tcl line 77, unknown field nets.
Startpoint: rst_n (input port clocked by clk)
Endpoint: _41_ (recovery check against rising-edge clock clk)
Path Group: asynchronous
Path Type: max

Fanout         Cap        Slew       Delay        Time   Description
---------------------------------------------------------------------------------------------
                                  0.000000    0.000000   clock clk (rise edge)
                                  0.000000    0.000000   clock network delay (propagated)
                                  2.000000    2.000000 ^ input external delay
     1    0.002890    0.032848    0.016267    2.016267 ^ rst_n (in)
                      0.032848    0.000000    2.016267 ^ input2/A (sky130_fd_sc_hd__clkbuf_4)
     8    0.052699    0.259340    0.368585    2.384852 ^ input2/X (sky130_fd_sc_hd__clkbuf_4)
                      0.259629    0.005792    2.390644 ^ _41_/RESET_B (sky130_fd_sc_hd__dfrtp_4)
                                              2.390644   data arrival time

                                 10.000000   10.000000   clock clk (rise edge)
                                  0.000000   10.000000   clock source latency
     1    0.020794    0.155587    0.106641   10.106641 ^ clk (in)
                      0.155613    0.000000   10.106641 ^ clkbuf_0_clk/A (sky130_fd_sc_hd__clkbuf_16)
     2    0.017965    0.064891    0.257919   10.364560 ^ clkbuf_0_clk/X (sky130_fd_sc_hd__clkbuf_16)
                      0.064891    0.000412   10.364972 ^ clkbuf_1_1__f_clk/A (sky130_fd_sc_hd__clkbuf_16)
     4    0.015683    0.062063    0.213086   10.578059 ^ clkbuf_1_1__f_clk/X (sky130_fd_sc_hd__clkbuf_16)
                      0.062063    0.000569   10.578628 ^ _41_/CLK (sky130_fd_sc_hd__dfrtp_4)
                                 -0.250000   10.328628   clock uncertainty
                                  0.000000   10.328628   clock reconvergence pessimism
                                  0.352324   10.680952   library recovery time
                                             10.680952   data required time
---------------------------------------------------------------------------------------------
                                             10.680952   data required time
                                             -2.390644   data arrival time
---------------------------------------------------------------------------------------------
                                              8.290308   slack (MET)


Startpoint: enable (input port clocked by clk)
Endpoint: overflow (output port clocked by clk)
Path Group: clk
Path Type: max

Fanout         Cap        Slew       Delay        Time   Description
---------------------------------------------------------------------------------------------
                                  0.000000    0.000000   clock clk (rise edge)
                                  0.000000    0.000000   clock network delay (propagated)
                                  2.000000    2.000000 ^ input external delay
     1    0.003207    0.034955    0.017943    2.017943 ^ enable (in)
                      0.034955    0.000000    2.017943 ^ input1/A (sky130_fd_sc_hd__clkbuf_2)
     4    0.027595    0.241039    0.298233    2.316176 ^ input1/X (sky130_fd_sc_hd__clkbuf_2)
                      0.241079    0.002556    2.318732 ^ _19_/D (sky130_fd_sc_hd__and4_1)
     6    0.020040    0.332079    0.656878    2.975610 ^ _19_/X (sky130_fd_sc_hd__and4_1)
                      0.332079    0.000961    2.976570 ^ _23_/C (sky130_fd_sc_hd__and4_1)
     2    0.009381    0.189540    0.552196    3.528766 ^ _23_/X (sky130_fd_sc_hd__and4_1)
                      0.189540    0.000308    3.529074 ^ _24_/B (sky130_fd_sc_hd__and2_1)
     1    0.010032    0.178962    0.352812    3.881887 ^ _24_/X (sky130_fd_sc_hd__and2_1)
                      0.178962    0.000604    3.882491 ^ output11/A (sky130_fd_sc_hd__buf_2)
     1    0.034000    0.270354    0.393111    4.275603 ^ output11/X (sky130_fd_sc_hd__buf_2)
                      0.270354    0.000635    4.276237 ^ overflow (out)
                                              4.276237   data arrival time

                                 10.000000   10.000000   clock clk (rise edge)
                                  0.000000   10.000000   clock network delay (propagated)
                                 -0.250000    9.750000   clock uncertainty
                                  0.000000    9.750000   clock reconvergence pessimism
                                 -2.000000    7.750000   output external delay
                                              7.750000   data required time
---------------------------------------------------------------------------------------------
                                              7.750000   data required time
                                             -4.276237   data arrival time
---------------------------------------------------------------------------------------------
                                              3.473763   slack (MET)




===========================================================================
report_checks --slack_max -0.01
============================================================================
======================= nom_ss_100C_1v60 Corner ===================================

Warning: corner.tcl line 85, unknown field nets.
No paths found.


===========================================================================
 report_check_types -max_slew -max_cap -max_fanout -violators
============================================================================
======================= nom_ss_100C_1v60 Corner ===================================



===========================================================================
report_parasitic_annotation -report_unannotated
============================================================================
Found 1 unannotated drivers.
 clkload0/X
Found 0 partially unannotated drivers.

===========================================================================
max slew violation count 0
max fanout violation count 0
max cap violation count 0
============================================================================

===========================================================================
check_setup -verbose -unconstrained_endpoints -multiple_clock -no_clock -no_input_delay -loops -generated_clocks
===========================================================================
