Clock: clk
Sources: clk 
Generated: no
Virtual: yes
Propagated: no
Period: 10.000000

===========================================================================
report_clock_properties
============================================================================
Clock                   Period          Waveform
----------------------------------------------------
clk                  10.000000    0.000000  5.000000

===========================================================================
report_clock_latency
============================================================================
Clock clk
rise -> rise
    min     max
0.000000 0.000000 source latency
0.578426         network latency _43_/CLK
        0.579608 network latency _38_/CLK
---------------
0.578426 0.579608 latency
        0.001182 skew

fall -> fall
    min     max
0.000000 0.000000 source latency
0.567842         network latency _43_/CLK
        0.568563 network latency _38_/CLK
---------------
0.567842 0.568563 latency
        0.000721 skew



===========================================================================
report_clock_min_period
============================================================================
clk period_min = 3.03 fmax = 330.57
