
===========================================================================
report_checks -path_delay max (Setup)
============================================================================
======================= nom_ss_100C_1v60 Corner ===================================

Warning: corner.tcl line 67, unknown field nets.
Warning: corner.tcl line 67, report_checks -group_count is deprecated. Use -group_path_count instead.
Startpoint: enable (input port clocked by clk)
Endpoint: overflow (output port clocked by clk)
Path Group: clk
Path Type: max

Fanout         Cap        Slew       Delay        Time   Description
---------------------------------------------------------------------------------------------
                                  0.000000    0.000000   clock clk (rise edge)
                                  0.000000    0.000000   clock network delay (propagated)
                                  2.000000    2.000000 ^ input external delay
     1    0.003207    0.034955    0.017943    2.017943 ^ enable (in)
                      0.034955    0.000000    2.017943 ^ input1/A (sky130_fd_sc_hd__clkbuf_2)
     4    0.027595    0.241039    0.298233    2.316176 ^ input1/X (sky130_fd_sc_hd__clkbuf_2)
                      0.241079    0.002556    2.318732 ^ _19_/D (sky130_fd_sc_hd__and4_1)
     6    0.020040    0.332079    0.656878    2.975610 ^ _19_/X (sky130_fd_sc_hd__and4_1)
                      0.332079    0.000961    2.976570 ^ _23_/C (sky130_fd_sc_hd__and4_1)
     2    0.009381    0.189540    0.552196    3.528766 ^ _23_/X (sky130_fd_sc_hd__and4_1)
                      0.189540    0.000308    3.529074 ^ _24_/B (sky130_fd_sc_hd__and2_1)
     1    0.010032    0.178962    0.352812    3.881887 ^ _24_/X (sky130_fd_sc_hd__and2_1)
                      0.178962    0.000604    3.882491 ^ output11/A (sky130_fd_sc_hd__buf_2)
     1    0.034000    0.270354    0.393111    4.275603 ^ output11/X (sky130_fd_sc_hd__buf_2)
                      0.270354    0.000635    4.276237 ^ overflow (out)
                                              4.276237   data arrival time

                                 10.000000   10.000000   clock clk (rise edge)
                                  0.000000   10.000000   clock network delay (propagated)
                                 -0.250000    9.750000   clock uncertainty
                                  0.000000    9.750000   clock reconvergence pessimism
                                 -2.000000    7.750000   output external delay
                                              7.750000   data required time
---------------------------------------------------------------------------------------------
                                              7.750000   data required time
                                             -4.276237   data arrival time
---------------------------------------------------------------------------------------------
                                              3.473763   slack (MET)


Startpoint: _40_ (rising edge-triggered flip-flop clocked by clk)
Endpoint: count[3] (output port clocked by clk)
Path Group: clk
Path Type: max

Fanout         Cap        Slew       Delay        Time   Description
---------------------------------------------------------------------------------------------
                                  0.000000    0.000000   clock clk (rise edge)
                                  0.000000    0.000000   clock source latency
     1    0.020794    0.155587    0.106641    0.106641 ^ clk (in)
                      0.155613    0.000000    0.106641 ^ clkbuf_0_clk/A (sky130_fd_sc_hd__clkbuf_16)
     2    0.017965    0.064891    0.257919    0.364560 ^ clkbuf_0_clk/X (sky130_fd_sc_hd__clkbuf_16)
                      0.064891    0.000464    0.365024 ^ clkbuf_1_0__f_clk/A (sky130_fd_sc_hd__clkbuf_16)
     5    0.016510    0.063084    0.214338    0.579363 ^ clkbuf_1_0__f_clk/X (sky130_fd_sc_hd__clkbuf_16)
                      0.063084    0.000201    0.579564 ^ _40_/CLK (sky130_fd_sc_hd__dfrtp_4)
     6    0.028711    0.174152    1.073942    1.653505 v _40_/Q (sky130_fd_sc_hd__dfrtp_4)
                      0.174152    0.001431    1.654936 v output6/A (sky130_fd_sc_hd__buf_2)
     1    0.034184    0.165674    0.394272    2.049209 v output6/X (sky130_fd_sc_hd__buf_2)
                      0.165675    0.000707    2.049915 v count[3] (out)
                                              2.049915   data arrival time

                                 10.000000   10.000000   clock clk (rise edge)
                                  0.000000   10.000000   clock network delay (propagated)
                                 -0.250000    9.750000   clock uncertainty
                                  0.000000    9.750000   clock reconvergence pessimism
                                 -2.000000    7.750000   output external delay
                                              7.750000   data required time
---------------------------------------------------------------------------------------------
                                              7.750000   data required time
                                             -2.049915   data arrival time
---------------------------------------------------------------------------------------------
                                              5.700085   slack (MET)


Startpoint: _41_ (rising edge-triggered flip-flop clocked by clk)
Endpoint: count[4] (output port clocked by clk)
Path Group: clk
Path Type: max

Fanout         Cap        Slew       Delay        Time   Description
---------------------------------------------------------------------------------------------
                                  0.000000    0.000000   clock clk (rise edge)
                                  0.000000    0.000000   clock source latency
     1    0.020794    0.155587    0.106641    0.106641 ^ clk (in)
                      0.155613    0.000000    0.106641 ^ clkbuf_0_clk/A (sky130_fd_sc_hd__clkbuf_16)
     2    0.017965    0.064891    0.257919    0.364560 ^ clkbuf_0_clk/X (sky130_fd_sc_hd__clkbuf_16)
                      0.064891    0.000412    0.364972 ^ clkbuf_1_1__f_clk/A (sky130_fd_sc_hd__clkbuf_16)
     4    0.015683    0.062063    0.213086    0.578058 ^ clkbuf_1_1__f_clk/X (sky130_fd_sc_hd__clkbuf_16)
                      0.062063    0.000570    0.578628 ^ _41_/CLK (sky130_fd_sc_hd__dfrtp_4)
     4    0.023397    0.164523    1.057113    1.635741 v _41_/Q (sky130_fd_sc_hd__dfrtp_4)
                      0.164760    0.001632    1.637373 v output7/A (sky130_fd_sc_hd__buf_2)
     1    0.034108    0.165345    0.389533    2.026906 v output7/X (sky130_fd_sc_hd__buf_2)
                      0.165346    0.000657    2.027562 v count[4] (out)
                                              2.027562   data arrival time

                                 10.000000   10.000000   clock clk (rise edge)
                                  0.000000   10.000000   clock network delay (propagated)
                                 -0.250000    9.750000   clock uncertainty
                                  0.000000    9.750000   clock reconvergence pessimism
                                 -2.000000    7.750000   output external delay
                                              7.750000   data required time
---------------------------------------------------------------------------------------------
                                              7.750000   data required time
                                             -2.027562   data arrival time
---------------------------------------------------------------------------------------------
                                              5.722438   slack (MET)


Startpoint: _38_ (rising edge-triggered flip-flop clocked by clk)
Endpoint: count[1] (output port clocked by clk)
Path Group: clk
Path Type: max

Fanout         Cap        Slew       Delay        Time   Description
---------------------------------------------------------------------------------------------
                                  0.000000    0.000000   clock clk (rise edge)
                                  0.000000    0.000000   clock source latency
     1    0.020794    0.155587    0.106641    0.106641 ^ clk (in)
                      0.155613    0.000000    0.106641 ^ clkbuf_0_clk/A (sky130_fd_sc_hd__clkbuf_16)
     2    0.017965    0.064891    0.257919    0.364560 ^ clkbuf_0_clk/X (sky130_fd_sc_hd__clkbuf_16)
                      0.064891    0.000464    0.365024 ^ clkbuf_1_0__f_clk/A (sky130_fd_sc_hd__clkbuf_16)
     5    0.016510    0.063084    0.214338    0.579363 ^ clkbuf_1_0__f_clk/X (sky130_fd_sc_hd__clkbuf_16)
                      0.063084    0.000245    0.579608 ^ _38_/CLK (sky130_fd_sc_hd__dfrtp_1)
     4    0.020942    0.226643    0.884461    1.464068 v _38_/Q (sky130_fd_sc_hd__dfrtp_1)
                      0.226649    0.001565    1.465633 v output4/A (sky130_fd_sc_hd__buf_2)
     1    0.034400    0.166623    0.420225    1.885858 v output4/X (sky130_fd_sc_hd__buf_2)
                      0.166624    0.000748    1.886606 v count[1] (out)
                                              1.886606   data arrival time

                                 10.000000   10.000000   clock clk (rise edge)
                                  0.000000   10.000000   clock network delay (propagated)
                                 -0.250000    9.750000   clock uncertainty
                                  0.000000    9.750000   clock reconvergence pessimism
                                 -2.000000    7.750000   output external delay
                                              7.750000   data required time
---------------------------------------------------------------------------------------------
                                              7.750000   data required time
                                             -1.886606   data arrival time
---------------------------------------------------------------------------------------------
                                              5.863394   slack (MET)


Startpoint: _37_ (rising edge-triggered flip-flop clocked by clk)
Endpoint: count[0] (output port clocked by clk)
Path Group: clk
Path Type: max

Fanout         Cap        Slew       Delay        Time   Description
---------------------------------------------------------------------------------------------
                                  0.000000    0.000000   clock clk (rise edge)
                                  0.000000    0.000000   clock source latency
     1    0.020794    0.155587    0.106641    0.106641 ^ clk (in)
                      0.155613    0.000000    0.106641 ^ clkbuf_0_clk/A (sky130_fd_sc_hd__clkbuf_16)
     2    0.017965    0.064891    0.257919    0.364560 ^ clkbuf_0_clk/X (sky130_fd_sc_hd__clkbuf_16)
                      0.064891    0.000464    0.365024 ^ clkbuf_1_0__f_clk/A (sky130_fd_sc_hd__clkbuf_16)
     5    0.016510    0.063084    0.214338    0.579363 ^ clkbuf_1_0__f_clk/X (sky130_fd_sc_hd__clkbuf_16)
                      0.063084    0.000227    0.579590 ^ _37_/CLK (sky130_fd_sc_hd__dfrtp_2)
     5    0.023012    0.162533    0.911527    1.491117 v _37_/Q (sky130_fd_sc_hd__dfrtp_2)
                      0.162670    0.001183    1.492300 v output3/A (sky130_fd_sc_hd__buf_2)
     1    0.034413    0.166575    0.389439    1.881739 v output3/X (sky130_fd_sc_hd__buf_2)
                      0.166576    0.000749    1.882488 v count[0] (out)
                                              1.882488   data arrival time

                                 10.000000   10.000000   clock clk (rise edge)
                                  0.000000   10.000000   clock network delay (propagated)
                                 -0.250000    9.750000   clock uncertainty
                                  0.000000    9.750000   clock reconvergence pessimism
                                 -2.000000    7.750000   output external delay
                                              7.750000   data required time
---------------------------------------------------------------------------------------------
                                              7.750000   data required time
                                             -1.882488   data arrival time
---------------------------------------------------------------------------------------------
                                              5.867512   slack (MET)


Startpoint: _42_ (rising edge-triggered flip-flop clocked by clk)
Endpoint: count[5] (output port clocked by clk)
Path Group: clk
Path Type: max

Fanout         Cap        Slew       Delay        Time   Description
---------------------------------------------------------------------------------------------
                                  0.000000    0.000000   clock clk (rise edge)
                                  0.000000    0.000000   clock source latency
     1    0.020794    0.155587    0.106641    0.106641 ^ clk (in)
                      0.155613    0.000000    0.106641 ^ clkbuf_0_clk/A (sky130_fd_sc_hd__clkbuf_16)
     2    0.017965    0.064891    0.257919    0.364560 ^ clkbuf_0_clk/X (sky130_fd_sc_hd__clkbuf_16)
                      0.064891    0.000412    0.364972 ^ clkbuf_1_1__f_clk/A (sky130_fd_sc_hd__clkbuf_16)
     4    0.015683    0.062063    0.213086    0.578058 ^ clkbuf_1_1__f_clk/X (sky130_fd_sc_hd__clkbuf_16)
                      0.062063    0.000498    0.578556 ^ _42_/CLK (sky130_fd_sc_hd__dfrtp_1)
     3    0.020215    0.220517    0.878771    1.457327 v _42_/Q (sky130_fd_sc_hd__dfrtp_1)
                      0.220526    0.001719    1.459046 v output8/A (sky130_fd_sc_hd__buf_2)
     1    0.034581    0.167341    0.417822    1.876868 v output8/X (sky130_fd_sc_hd__buf_2)
                      0.167343    0.000828    1.877696 v count[5] (out)
                                              1.877696   data arrival time

                                 10.000000   10.000000   clock clk (rise edge)
                                  0.000000   10.000000   clock network delay (propagated)
                                 -0.250000    9.750000   clock uncertainty
                                  0.000000    9.750000   clock reconvergence pessimism
                                 -2.000000    7.750000   output external delay
                                              7.750000   data required time
---------------------------------------------------------------------------------------------
                                              7.750000   data required time
                                             -1.877696   data arrival time
---------------------------------------------------------------------------------------------
                                              5.872303   slack (MET)


Startpoint: _39_ (rising edge-triggered flip-flop clocked by clk)
Endpoint: count[2] (output port clocked by clk)
Path Group: clk
Path Type: max

Fanout         Cap        Slew       Delay        Time   Description
---------------------------------------------------------------------------------------------
                                  0.000000    0.000000   clock clk (rise edge)
                                  0.000000    0.000000   clock source latency
     1    0.020794    0.155587    0.106641    0.106641 ^ clk (in)
                      0.155613    0.000000    0.106641 ^ clkbuf_0_clk/A (sky130_fd_sc_hd__clkbuf_16)
     2    0.017965    0.064891    0.257919    0.364560 ^ clkbuf_0_clk/X (sky130_fd_sc_hd__clkbuf_16)
                      0.064891    0.000464    0.365024 ^ clkbuf_1_0__f_clk/A (sky130_fd_sc_hd__clkbuf_16)
     5    0.016510    0.063084    0.214338    0.579363 ^ clkbuf_1_0__f_clk/X (sky130_fd_sc_hd__clkbuf_16)
                      0.063084    0.000173    0.579536 ^ _39_/CLK (sky130_fd_sc_hd__dfrtp_1)
     3    0.020229    0.220520    0.879586    1.459122 v _39_/Q (sky130_fd_sc_hd__dfrtp_1)
                      0.220523    0.001263    1.460385 v output5/A (sky130_fd_sc_hd__buf_2)
     1    0.034153    0.165614    0.416535    1.876920 v output5/X (sky130_fd_sc_hd__buf_2)
                      0.165615    0.000706    1.877626 v count[2] (out)
                                              1.877626   data arrival time

                                 10.000000   10.000000   clock clk (rise edge)
                                  0.000000   10.000000   clock network delay (propagated)
                                 -0.250000    9.750000   clock uncertainty
                                  0.000000    9.750000   clock reconvergence pessimism
                                 -2.000000    7.750000   output external delay
                                              7.750000   data required time
---------------------------------------------------------------------------------------------
                                              7.750000   data required time
                                             -1.877626   data arrival time
---------------------------------------------------------------------------------------------
                                              5.872374   slack (MET)


Startpoint: _43_ (rising edge-triggered flip-flop clocked by clk)
Endpoint: count[6] (output port clocked by clk)
Path Group: clk
Path Type: max

Fanout         Cap        Slew       Delay        Time   Description
---------------------------------------------------------------------------------------------
                                  0.000000    0.000000   clock clk (rise edge)
                                  0.000000    0.000000   clock source latency
     1    0.020794    0.155587    0.106641    0.106641 ^ clk (in)
                      0.155613    0.000000    0.106641 ^ clkbuf_0_clk/A (sky130_fd_sc_hd__clkbuf_16)
     2    0.017965    0.064891    0.257919    0.364560 ^ clkbuf_0_clk/X (sky130_fd_sc_hd__clkbuf_16)
                      0.064891    0.000412    0.364972 ^ clkbuf_1_1__f_clk/A (sky130_fd_sc_hd__clkbuf_16)
     4    0.015683    0.062063    0.213086    0.578058 ^ clkbuf_1_1__f_clk/X (sky130_fd_sc_hd__clkbuf_16)
                      0.062063    0.000368    0.578426 ^ _43_/CLK (sky130_fd_sc_hd__dfrtp_1)
     3    0.016140    0.185989    0.850420    1.428846 v _43_/Q (sky130_fd_sc_hd__dfrtp_1)
                      0.185990    0.000966    1.429811 v output9/A (sky130_fd_sc_hd__buf_2)
     1    0.034581    0.167295    0.401168    1.830980 v output9/X (sky130_fd_sc_hd__buf_2)
                      0.167296    0.000829    1.831808 v count[6] (out)
                                              1.831808   data arrival time

                                 10.000000   10.000000   clock clk (rise edge)
                                  0.000000   10.000000   clock network delay (propagated)
                                 -0.250000    9.750000   clock uncertainty
                                  0.000000    9.750000   clock reconvergence pessimism
                                 -2.000000    7.750000   output external delay
                                              7.750000   data required time
---------------------------------------------------------------------------------------------
                                              7.750000   data required time
                                             -1.831808   data arrival time
---------------------------------------------------------------------------------------------
                                              5.918192   slack (MET)


Startpoint: _44_ (rising edge-triggered flip-flop clocked by clk)
Endpoint: count[7] (output port clocked by clk)
Path Group: clk
Path Type: max

Fanout         Cap        Slew       Delay        Time   Description
---------------------------------------------------------------------------------------------
                                  0.000000    0.000000   clock clk (rise edge)
                                  0.000000    0.000000   clock source latency
     1    0.020794    0.155587    0.106641    0.106641 ^ clk (in)
                      0.155613    0.000000    0.106641 ^ clkbuf_0_clk/A (sky130_fd_sc_hd__clkbuf_16)
     2    0.017965    0.064891    0.257919    0.364560 ^ clkbuf_0_clk/X (sky130_fd_sc_hd__clkbuf_16)
                      0.064891    0.000412    0.364972 ^ clkbuf_1_1__f_clk/A (sky130_fd_sc_hd__clkbuf_16)
     4    0.015683    0.062063    0.213086    0.578058 ^ clkbuf_1_1__f_clk/X (sky130_fd_sc_hd__clkbuf_16)
                      0.062063    0.000397    0.578455 ^ _44_/CLK (sky130_fd_sc_hd__dfrtp_1)
     3    0.014179    0.169601    0.836740    1.415195 v _44_/Q (sky130_fd_sc_hd__dfrtp_1)
                      0.169601    0.000688    1.415883 v output10/A (sky130_fd_sc_hd__buf_2)
     1    0.034052    0.165129    0.391688    1.807571 v output10/X (sky130_fd_sc_hd__buf_2)
                      0.165130    0.000656    1.808227 v count[7] (out)
                                              1.808227   data arrival time

                                 10.000000   10.000000   clock clk (rise edge)
                                  0.000000   10.000000   clock network delay (propagated)
                                 -0.250000    9.750000   clock uncertainty
                                  0.000000    9.750000   clock reconvergence pessimism
                                 -2.000000    7.750000   output external delay
                                              7.750000   data required time
---------------------------------------------------------------------------------------------
                                              7.750000   data required time
                                             -1.808227   data arrival time
---------------------------------------------------------------------------------------------
                                              5.941773   slack (MET)


Startpoint: enable (input port clocked by clk)
Endpoint: _42_ (rising edge-triggered flip-flop clocked by clk)
Path Group: clk
Path Type: max

Fanout         Cap        Slew       Delay        Time   Description
---------------------------------------------------------------------------------------------
                                  0.000000    0.000000   clock clk (rise edge)
                                  0.000000    0.000000   clock network delay (propagated)
                                  2.000000    2.000000 ^ input external delay
     1    0.003207    0.034955    0.017943    2.017943 ^ enable (in)
                      0.034955    0.000000    2.017943 ^ input1/A (sky130_fd_sc_hd__clkbuf_2)
     4    0.027595    0.241039    0.298233    2.316176 ^ input1/X (sky130_fd_sc_hd__clkbuf_2)
                      0.241079    0.002556    2.318732 ^ _19_/D (sky130_fd_sc_hd__and4_1)
     6    0.020040    0.332079    0.656878    2.975610 ^ _19_/X (sky130_fd_sc_hd__and4_1)
                      0.332079    0.000936    2.976546 ^ _22_/B (sky130_fd_sc_hd__and3_1)
     2    0.008109    0.157724    0.447960    3.424505 ^ _22_/X (sky130_fd_sc_hd__and3_1)
                      0.157724    0.000174    3.424679 ^ _34_/A_N (sky130_fd_sc_hd__and2b_1)
     1    0.002660    0.064428    0.388974    3.813653 v _34_/X (sky130_fd_sc_hd__and2b_1)
                      0.064428    0.000076    3.813730 v _42_/D (sky130_fd_sc_hd__dfrtp_1)
                                              3.813730   data arrival time

                                 10.000000   10.000000   clock clk (rise edge)
                                  0.000000   10.000000   clock source latency
     1    0.020794    0.155587    0.106641   10.106641 ^ clk (in)
                      0.155613    0.000000   10.106641 ^ clkbuf_0_clk/A (sky130_fd_sc_hd__clkbuf_16)
     2    0.017965    0.064891    0.257919   10.364560 ^ clkbuf_0_clk/X (sky130_fd_sc_hd__clkbuf_16)
                      0.064891    0.000412   10.364972 ^ clkbuf_1_1__f_clk/A (sky130_fd_sc_hd__clkbuf_16)
     4    0.015683    0.062063    0.213086   10.578059 ^ clkbuf_1_1__f_clk/X (sky130_fd_sc_hd__clkbuf_16)
                      0.062063    0.000497   10.578556 ^ _42_/CLK (sky130_fd_sc_hd__dfrtp_1)
                                 -0.250000   10.328556   clock uncertainty
                                  0.000000   10.328556   clock reconvergence pessimism
                                 -0.276356   10.052200   library setup time
                                             10.052200   data required time
---------------------------------------------------------------------------------------------
                                             10.052200   data required time
                                             -3.813730   data arrival time
---------------------------------------------------------------------------------------------
                                              6.238471   slack (MET)


Startpoint: enable (input port clocked by clk)
Endpoint: _44_ (rising edge-triggered flip-flop clocked by clk)
Path Group: clk
Path Type: max

Fanout         Cap        Slew       Delay        Time   Description
---------------------------------------------------------------------------------------------
                                  0.000000    0.000000   clock clk (rise edge)
                                  0.000000    0.000000   clock network delay (propagated)
                                  2.000000    2.000000 ^ input external delay
     1    0.003207    0.034955    0.017943    2.017943 ^ enable (in)
                      0.034955    0.000000    2.017943 ^ input1/A (sky130_fd_sc_hd__clkbuf_2)
     4    0.027595    0.241039    0.298233    2.316176 ^ input1/X (sky130_fd_sc_hd__clkbuf_2)
                      0.241079    0.002556    2.318732 ^ _19_/D (sky130_fd_sc_hd__and4_1)
     6    0.020040    0.332079    0.656878    2.975610 ^ _19_/X (sky130_fd_sc_hd__and4_1)
                      0.332079    0.000961    2.976570 ^ _23_/C (sky130_fd_sc_hd__and4_1)
     2    0.009381    0.189540    0.552196    3.528766 ^ _23_/X (sky130_fd_sc_hd__and4_1)
                      0.189540    0.000318    3.529085 ^ _36_/B (sky130_fd_sc_hd__xor2_1)
     1    0.002320    0.093979    0.162364    3.691449 v _36_/X (sky130_fd_sc_hd__xor2_1)
                      0.093979    0.000066    3.691515 v _44_/D (sky130_fd_sc_hd__dfrtp_1)
                                              3.691515   data arrival time

                                 10.000000   10.000000   clock clk (rise edge)
                                  0.000000   10.000000   clock source latency
     1    0.020794    0.155587    0.106641   10.106641 ^ clk (in)
                      0.155613    0.000000   10.106641 ^ clkbuf_0_clk/A (sky130_fd_sc_hd__clkbuf_16)
     2    0.017965    0.064891    0.257919   10.364560 ^ clkbuf_0_clk/X (sky130_fd_sc_hd__clkbuf_16)
                      0.064891    0.000412   10.364972 ^ clkbuf_1_1__f_clk/A (sky130_fd_sc_hd__clkbuf_16)
     4    0.015683    0.062063    0.213086   10.578059 ^ clkbuf_1_1__f_clk/X (sky130_fd_sc_hd__clkbuf_16)
                      0.062063    0.000397   10.578456 ^ _44_/CLK (sky130_fd_sc_hd__dfrtp_1)
                                 -0.250000   10.328456   clock uncertainty
                                  0.000000   10.328456   clock reconvergence pessimism
                                 -0.288682   10.039774   library setup time
                                             10.039774   data required time
---------------------------------------------------------------------------------------------
                                             10.039774   data required time
                                             -3.691515   data arrival time
---------------------------------------------------------------------------------------------
                                              6.348259   slack (MET)


Startpoint: enable (input port clocked by clk)
Endpoint: _40_ (rising edge-triggered flip-flop clocked by clk)
Path Group: clk
Path Type: max

Fanout         Cap        Slew       Delay        Time   Description
---------------------------------------------------------------------------------------------
                                  0.000000    0.000000   clock clk (rise edge)
                                  0.000000    0.000000   clock network delay (propagated)
                                  2.000000    2.000000 v input external delay
     1    0.003022    0.019311    0.009937    2.009937 v enable (in)
                      0.019311    0.000000    2.009937 v input1/A (sky130_fd_sc_hd__clkbuf_2)
     4    0.026947    0.193463    0.276662    2.286599 v input1/X (sky130_fd_sc_hd__clkbuf_2)
                      0.193495    0.002487    2.289086 v _19_/D (sky130_fd_sc_hd__and4_1)
     6    0.019273    0.198857    0.593081    2.882167 v _19_/X (sky130_fd_sc_hd__and4_1)
                      0.198857    0.000683    2.882850 v _30_/B (sky130_fd_sc_hd__or2_1)
     1    0.001842    0.088375    0.492922    3.375772 v _30_/X (sky130_fd_sc_hd__or2_1)
                      0.088375    0.000052    3.375825 v _31_/B (sky130_fd_sc_hd__and2_1)
     1    0.002140    0.062893    0.314411    3.690235 v _31_/X (sky130_fd_sc_hd__and2_1)
                      0.062893    0.000043    3.690278 v _40_/D (sky130_fd_sc_hd__dfrtp_4)
                                              3.690278   data arrival time

                                 10.000000   10.000000   clock clk (rise edge)
                                  0.000000   10.000000   clock source latency
     1    0.020794    0.155587    0.106641   10.106641 ^ clk (in)
                      0.155613    0.000000   10.106641 ^ clkbuf_0_clk/A (sky130_fd_sc_hd__clkbuf_16)
     2    0.017965    0.064891    0.257919   10.364560 ^ clkbuf_0_clk/X (sky130_fd_sc_hd__clkbuf_16)
                      0.064891    0.000465   10.365025 ^ clkbuf_1_0__f_clk/A (sky130_fd_sc_hd__clkbuf_16)
     5    0.016510    0.063084    0.214338   10.579363 ^ clkbuf_1_0__f_clk/X (sky130_fd_sc_hd__clkbuf_16)
                      0.063084    0.000202   10.579564 ^ _40_/CLK (sky130_fd_sc_hd__dfrtp_4)
                                 -0.250000   10.329564   clock uncertainty
                                  0.000000   10.329564   clock reconvergence pessimism
                                 -0.273651   10.055913   library setup time
                                             10.055913   data required time
---------------------------------------------------------------------------------------------
                                             10.055913   data required time
                                             -3.690278   data arrival time
---------------------------------------------------------------------------------------------
                                              6.365635   slack (MET)


Startpoint: enable (input port clocked by clk)
Endpoint: _43_ (rising edge-triggered flip-flop clocked by clk)
Path Group: clk
Path Type: max

Fanout         Cap        Slew       Delay        Time   Description
---------------------------------------------------------------------------------------------
                                  0.000000    0.000000   clock clk (rise edge)
                                  0.000000    0.000000   clock network delay (propagated)
                                  2.000000    2.000000 v input external delay
     1    0.003022    0.019311    0.009937    2.009937 v enable (in)
                      0.019311    0.000000    2.009937 v input1/A (sky130_fd_sc_hd__clkbuf_2)
     4    0.026947    0.193463    0.276662    2.286599 v input1/X (sky130_fd_sc_hd__clkbuf_2)
                      0.193495    0.002487    2.289086 v _19_/D (sky130_fd_sc_hd__and4_1)
     6    0.019273    0.198857    0.593081    2.882167 v _19_/X (sky130_fd_sc_hd__and4_1)
                      0.198858    0.000901    2.883068 v _22_/B (sky130_fd_sc_hd__and3_1)
     2    0.007740    0.110789    0.439614    3.322682 v _22_/X (sky130_fd_sc_hd__and3_1)
                      0.110789    0.000207    3.322889 v _35_/B (sky130_fd_sc_hd__xor2_1)
     1    0.002107    0.088827    0.270548    3.593437 v _35_/X (sky130_fd_sc_hd__xor2_1)
                      0.088827    0.000042    3.593479 v _43_/D (sky130_fd_sc_hd__dfrtp_1)
                                              3.593479   data arrival time

                                 10.000000   10.000000   clock clk (rise edge)
                                  0.000000   10.000000   clock source latency
     1    0.020794    0.155587    0.106641   10.106641 ^ clk (in)
                      0.155613    0.000000   10.106641 ^ clkbuf_0_clk/A (sky130_fd_sc_hd__clkbuf_16)
     2    0.017965    0.064891    0.257919   10.364560 ^ clkbuf_0_clk/X (sky130_fd_sc_hd__clkbuf_16)
                      0.064891    0.000412   10.364972 ^ clkbuf_1_1__f_clk/A (sky130_fd_sc_hd__clkbuf_16)
     4    0.015683    0.062063    0.213086   10.578059 ^ clkbuf_1_1__f_clk/X (sky130_fd_sc_hd__clkbuf_16)
                      0.062063    0.000368   10.578426 ^ _43_/CLK (sky130_fd_sc_hd__dfrtp_1)
                                 -0.250000   10.328426   clock uncertainty
                                  0.000000   10.328426   clock reconvergence pessimism
                                 -0.286533   10.041894   library setup time
                                             10.041894   data required time
---------------------------------------------------------------------------------------------
                                             10.041894   data required time
                                             -3.593479   data arrival time
---------------------------------------------------------------------------------------------
                                              6.448415   slack (MET)


Startpoint: enable (input port clocked by clk)
Endpoint: _41_ (rising edge-triggered flip-flop clocked by clk)
Path Group: clk
Path Type: max

Fanout         Cap        Slew       Delay        Time   Description
---------------------------------------------------------------------------------------------
                                  0.000000    0.000000   clock clk (rise edge)
                                  0.000000    0.000000   clock network delay (propagated)
                                  2.000000    2.000000 ^ input external delay
     1    0.003207    0.034955    0.017943    2.017943 ^ enable (in)
                      0.034955    0.000000    2.017943 ^ input1/A (sky130_fd_sc_hd__clkbuf_2)
     4    0.027595    0.241039    0.298233    2.316176 ^ input1/X (sky130_fd_sc_hd__clkbuf_2)
                      0.241079    0.002556    2.318732 ^ _19_/D (sky130_fd_sc_hd__and4_1)
     6    0.020040    0.332079    0.656878    2.975610 ^ _19_/X (sky130_fd_sc_hd__and4_1)
                      0.332079    0.000745    2.976354 ^ _20_/B (sky130_fd_sc_hd__nand2_1)
     2    0.006980    0.147643    0.249196    3.225550 v _20_/Y (sky130_fd_sc_hd__nand2_1)
                      0.147643    0.000263    3.225813 v _32_/B (sky130_fd_sc_hd__xnor2_1)
     1    0.002225    0.083081    0.231347    3.457160 v _32_/Y (sky130_fd_sc_hd__xnor2_1)
                      0.083081    0.000062    3.457222 v _41_/D (sky130_fd_sc_hd__dfrtp_4)
                                              3.457222   data arrival time

                                 10.000000   10.000000   clock clk (rise edge)
                                  0.000000   10.000000   clock source latency
     1    0.020794    0.155587    0.106641   10.106641 ^ clk (in)
                      0.155613    0.000000   10.106641 ^ clkbuf_0_clk/A (sky130_fd_sc_hd__clkbuf_16)
     2    0.017965    0.064891    0.257919   10.364560 ^ clkbuf_0_clk/X (sky130_fd_sc_hd__clkbuf_16)
                      0.064891    0.000412   10.364972 ^ clkbuf_1_1__f_clk/A (sky130_fd_sc_hd__clkbuf_16)
     4    0.015683    0.062063    0.213086   10.578059 ^ clkbuf_1_1__f_clk/X (sky130_fd_sc_hd__clkbuf_16)
                      0.062063    0.000569   10.578628 ^ _41_/CLK (sky130_fd_sc_hd__dfrtp_4)
                                 -0.250000   10.328628   clock uncertainty
                                  0.000000   10.328628   clock reconvergence pessimism
                                 -0.282343   10.046285   library setup time
                                             10.046285   data required time
---------------------------------------------------------------------------------------------
                                             10.046285   data required time
                                             -3.457222   data arrival time
---------------------------------------------------------------------------------------------
                                              6.589063   slack (MET)


Startpoint: enable (input port clocked by clk)
Endpoint: _39_ (rising edge-triggered flip-flop clocked by clk)
Path Group: clk
Path Type: max

Fanout         Cap        Slew       Delay        Time   Description
---------------------------------------------------------------------------------------------
                                  0.000000    0.000000   clock clk (rise edge)
                                  0.000000    0.000000   clock network delay (propagated)
                                  2.000000    2.000000 ^ input external delay
     1    0.003207    0.034955    0.017943    2.017943 ^ enable (in)
                      0.034955    0.000000    2.017943 ^ input1/A (sky130_fd_sc_hd__clkbuf_2)
     4    0.027595    0.241039    0.298233    2.316176 ^ input1/X (sky130_fd_sc_hd__clkbuf_2)
                      0.241079    0.002556    2.318732 ^ _19_/D (sky130_fd_sc_hd__and4_1)
     6    0.020040    0.332079    0.656878    2.975610 ^ _19_/X (sky130_fd_sc_hd__and4_1)
                      0.332079    0.000430    2.976040 ^ _29_/A (sky130_fd_sc_hd__nor2_1)
     1    0.002437    0.081155    0.171177    3.147217 v _29_/Y (sky130_fd_sc_hd__nor2_1)
                      0.081155    0.000073    3.147289 v _39_/D (sky130_fd_sc_hd__dfrtp_1)
                                              3.147289   data arrival time

                                 10.000000   10.000000   clock clk (rise edge)
                                  0.000000   10.000000   clock source latency
     1    0.020794    0.155587    0.106641   10.106641 ^ clk (in)
                      0.155613    0.000000   10.106641 ^ clkbuf_0_clk/A (sky130_fd_sc_hd__clkbuf_16)
     2    0.017965    0.064891    0.257919   10.364560 ^ clkbuf_0_clk/X (sky130_fd_sc_hd__clkbuf_16)
                      0.064891    0.000465   10.365025 ^ clkbuf_1_0__f_clk/A (sky130_fd_sc_hd__clkbuf_16)
     5    0.016510    0.063084    0.214338   10.579363 ^ clkbuf_1_0__f_clk/X (sky130_fd_sc_hd__clkbuf_16)
                      0.063084    0.000173   10.579535 ^ _39_/CLK (sky130_fd_sc_hd__dfrtp_1)
                                 -0.250000   10.329535   clock uncertainty
                                  0.000000   10.329535   clock reconvergence pessimism
                                 -0.283060   10.046476   library setup time
                                             10.046476   data required time
---------------------------------------------------------------------------------------------
                                             10.046476   data required time
                                             -3.147289   data arrival time
---------------------------------------------------------------------------------------------
                                              6.899187   slack (MET)


Startpoint: _37_ (rising edge-triggered flip-flop clocked by clk)
Endpoint: _37_ (rising edge-triggered flip-flop clocked by clk)
Path Group: clk
Path Type: max

Fanout         Cap        Slew       Delay        Time   Description
---------------------------------------------------------------------------------------------
                                  0.000000    0.000000   clock clk (rise edge)
                                  0.000000    0.000000   clock source latency
     1    0.020794    0.155587    0.106641    0.106641 ^ clk (in)
                      0.155613    0.000000    0.106641 ^ clkbuf_0_clk/A (sky130_fd_sc_hd__clkbuf_16)
     2    0.017965    0.064891    0.257919    0.364560 ^ clkbuf_0_clk/X (sky130_fd_sc_hd__clkbuf_16)
                      0.064891    0.000464    0.365024 ^ clkbuf_1_0__f_clk/A (sky130_fd_sc_hd__clkbuf_16)
     5    0.016510    0.063084    0.214338    0.579363 ^ clkbuf_1_0__f_clk/X (sky130_fd_sc_hd__clkbuf_16)
                      0.063084    0.000227    0.579590 ^ _37_/CLK (sky130_fd_sc_hd__dfrtp_2)
     5    0.023012    0.162533    0.911527    1.491117 v _37_/Q (sky130_fd_sc_hd__dfrtp_2)
                      0.162533    0.000352    1.491469 v hold1/A (sky130_fd_sc_hd__dlygate4sd3_1)
     1    0.005201    0.130734    1.204097    2.695566 v hold1/X (sky130_fd_sc_hd__dlygate4sd3_1)
                      0.130734    0.000163    2.695729 v _25_/A (sky130_fd_sc_hd__xor2_1)
     1    0.002671    0.103454    0.315516    3.011245 v _25_/X (sky130_fd_sc_hd__xor2_1)
                      0.103454    0.000081    3.011327 v _37_/D (sky130_fd_sc_hd__dfrtp_2)
                                              3.011327   data arrival time

                                 10.000000   10.000000   clock clk (rise edge)
                                  0.000000   10.000000   clock source latency
     1    0.020794    0.155587    0.106641   10.106641 ^ clk (in)
                      0.155613    0.000000   10.106641 ^ clkbuf_0_clk/A (sky130_fd_sc_hd__clkbuf_16)
     2    0.017965    0.064891    0.257919   10.364560 ^ clkbuf_0_clk/X (sky130_fd_sc_hd__clkbuf_16)
                      0.064891    0.000465   10.365025 ^ clkbuf_1_0__f_clk/A (sky130_fd_sc_hd__clkbuf_16)
     5    0.016510    0.063084    0.214338   10.579363 ^ clkbuf_1_0__f_clk/X (sky130_fd_sc_hd__clkbuf_16)
                      0.063084    0.000227   10.579590 ^ _37_/CLK (sky130_fd_sc_hd__dfrtp_2)
                                 -0.250000   10.329590   clock uncertainty
                                  0.000000   10.329590   clock reconvergence pessimism
                                 -0.292430   10.037160   library setup time
                                             10.037160   data required time
---------------------------------------------------------------------------------------------
                                             10.037160   data required time
                                             -3.011327   data arrival time
---------------------------------------------------------------------------------------------
                                              7.025833   slack (MET)


Startpoint: enable (input port clocked by clk)
Endpoint: _38_ (rising edge-triggered flip-flop clocked by clk)
Path Group: clk
Path Type: max

Fanout         Cap        Slew       Delay        Time   Description
---------------------------------------------------------------------------------------------
                                  0.000000    0.000000   clock clk (rise edge)
                                  0.000000    0.000000   clock network delay (propagated)
                                  2.000000    2.000000 ^ input external delay
     1    0.003207    0.034955    0.017943    2.017943 ^ enable (in)
                      0.034955    0.000000    2.017943 ^ input1/A (sky130_fd_sc_hd__clkbuf_2)
     4    0.027595    0.241039    0.298233    2.316176 ^ input1/X (sky130_fd_sc_hd__clkbuf_2)
                      0.241080    0.002598    2.318774 ^ _18_/C (sky130_fd_sc_hd__and3_1)
     2    0.007486    0.149054    0.418123    2.736897 ^ _18_/X (sky130_fd_sc_hd__and3_1)
                      0.149054    0.000171    2.737068 ^ _27_/A (sky130_fd_sc_hd__nor2_1)
     1    0.002964    0.057258    0.113655    2.850724 v _27_/Y (sky130_fd_sc_hd__nor2_1)
                      0.057258    0.000090    2.850814 v _38_/D (sky130_fd_sc_hd__dfrtp_1)
                                              2.850814   data arrival time

                                 10.000000   10.000000   clock clk (rise edge)
                                  0.000000   10.000000   clock source latency
     1    0.020794    0.155587    0.106641   10.106641 ^ clk (in)
                      0.155613    0.000000   10.106641 ^ clkbuf_0_clk/A (sky130_fd_sc_hd__clkbuf_16)
     2    0.017965    0.064891    0.257919   10.364560 ^ clkbuf_0_clk/X (sky130_fd_sc_hd__clkbuf_16)
                      0.064891    0.000465   10.365025 ^ clkbuf_1_0__f_clk/A (sky130_fd_sc_hd__clkbuf_16)
     5    0.016510    0.063084    0.214338   10.579363 ^ clkbuf_1_0__f_clk/X (sky130_fd_sc_hd__clkbuf_16)
                      0.063084    0.000245   10.579608 ^ _38_/CLK (sky130_fd_sc_hd__dfrtp_1)
                                 -0.250000   10.329608   clock uncertainty
                                  0.000000   10.329608   clock reconvergence pessimism
                                 -0.273093   10.056515   library setup time
                                             10.056515   data required time
---------------------------------------------------------------------------------------------
                                             10.056515   data required time
                                             -2.850814   data arrival time
---------------------------------------------------------------------------------------------
                                              7.205701   slack (MET)


Startpoint: rst_n (input port clocked by clk)
Endpoint: _41_ (recovery check against rising-edge clock clk)
Path Group: asynchronous
Path Type: max

Fanout         Cap        Slew       Delay        Time   Description
---------------------------------------------------------------------------------------------
                                  0.000000    0.000000   clock clk (rise edge)
                                  0.000000    0.000000   clock network delay (propagated)
                                  2.000000    2.000000 ^ input external delay
     1    0.002890    0.032848    0.016267    2.016267 ^ rst_n (in)
                      0.032848    0.000000    2.016267 ^ input2/A (sky130_fd_sc_hd__clkbuf_4)
     8    0.052699    0.259340    0.368585    2.384852 ^ input2/X (sky130_fd_sc_hd__clkbuf_4)
                      0.259629    0.005792    2.390644 ^ _41_/RESET_B (sky130_fd_sc_hd__dfrtp_4)
                                              2.390644   data arrival time

                                 10.000000   10.000000   clock clk (rise edge)
                                  0.000000   10.000000   clock source latency
     1    0.020794    0.155587    0.106641   10.106641 ^ clk (in)
                      0.155613    0.000000   10.106641 ^ clkbuf_0_clk/A (sky130_fd_sc_hd__clkbuf_16)
     2    0.017965    0.064891    0.257919   10.364560 ^ clkbuf_0_clk/X (sky130_fd_sc_hd__clkbuf_16)
                      0.064891    0.000412   10.364972 ^ clkbuf_1_1__f_clk/A (sky130_fd_sc_hd__clkbuf_16)
     4    0.015683    0.062063    0.213086   10.578059 ^ clkbuf_1_1__f_clk/X (sky130_fd_sc_hd__clkbuf_16)
                      0.062063    0.000569   10.578628 ^ _41_/CLK (sky130_fd_sc_hd__dfrtp_4)
                                 -0.250000   10.328628   clock uncertainty
                                  0.000000   10.328628   clock reconvergence pessimism
                                  0.352324   10.680952   library recovery time
                                             10.680952   data required time
---------------------------------------------------------------------------------------------
                                             10.680952   data required time
                                             -2.390644   data arrival time
---------------------------------------------------------------------------------------------
                                              8.290308   slack (MET)


Startpoint: rst_n (input port clocked by clk)
Endpoint: _40_ (recovery check against rising-edge clock clk)
Path Group: asynchronous
Path Type: max

Fanout         Cap        Slew       Delay        Time   Description
---------------------------------------------------------------------------------------------
                                  0.000000    0.000000   clock clk (rise edge)
                                  0.000000    0.000000   clock network delay (propagated)
                                  2.000000    2.000000 ^ input external delay
     1    0.002890    0.032848    0.016267    2.016267 ^ rst_n (in)
                      0.032848    0.000000    2.016267 ^ input2/A (sky130_fd_sc_hd__clkbuf_4)
     8    0.052699    0.259340    0.368585    2.384852 ^ input2/X (sky130_fd_sc_hd__clkbuf_4)
                      0.259629    0.005803    2.390655 ^ _40_/RESET_B (sky130_fd_sc_hd__dfrtp_4)
                                              2.390655   data arrival time

                                 10.000000   10.000000   clock clk (rise edge)
                                  0.000000   10.000000   clock source latency
     1    0.020794    0.155587    0.106641   10.106641 ^ clk (in)
                      0.155613    0.000000   10.106641 ^ clkbuf_0_clk/A (sky130_fd_sc_hd__clkbuf_16)
     2    0.017965    0.064891    0.257919   10.364560 ^ clkbuf_0_clk/X (sky130_fd_sc_hd__clkbuf_16)
                      0.064891    0.000465   10.365025 ^ clkbuf_1_0__f_clk/A (sky130_fd_sc_hd__clkbuf_16)
     5    0.016510    0.063084    0.214338   10.579363 ^ clkbuf_1_0__f_clk/X (sky130_fd_sc_hd__clkbuf_16)
                      0.063084    0.000202   10.579564 ^ _40_/CLK (sky130_fd_sc_hd__dfrtp_4)
                                 -0.250000   10.329564   clock uncertainty
                                  0.000000   10.329564   clock reconvergence pessimism
                                  0.352671   10.682235   library recovery time
                                             10.682235   data required time
---------------------------------------------------------------------------------------------
                                             10.682235   data required time
                                             -2.390655   data arrival time
---------------------------------------------------------------------------------------------
                                              8.291580   slack (MET)


Startpoint: rst_n (input port clocked by clk)
Endpoint: _37_ (recovery check against rising-edge clock clk)
Path Group: asynchronous
Path Type: max

Fanout         Cap        Slew       Delay        Time   Description
---------------------------------------------------------------------------------------------
                                  0.000000    0.000000   clock clk (rise edge)
                                  0.000000    0.000000   clock network delay (propagated)
                                  2.000000    2.000000 ^ input external delay
     1    0.002890    0.032848    0.016267    2.016267 ^ rst_n (in)
                      0.032848    0.000000    2.016267 ^ input2/A (sky130_fd_sc_hd__clkbuf_4)
     8    0.052699    0.259340    0.368585    2.384852 ^ input2/X (sky130_fd_sc_hd__clkbuf_4)
                      0.259528    0.004015    2.388867 ^ _37_/RESET_B (sky130_fd_sc_hd__dfrtp_2)
                                              2.388867   data arrival time

                                 10.000000   10.000000   clock clk (rise edge)
                                  0.000000   10.000000   clock source latency
     1    0.020794    0.155587    0.106641   10.106641 ^ clk (in)
                      0.155613    0.000000   10.106641 ^ clkbuf_0_clk/A (sky130_fd_sc_hd__clkbuf_16)
     2    0.017965    0.064891    0.257919   10.364560 ^ clkbuf_0_clk/X (sky130_fd_sc_hd__clkbuf_16)
                      0.064891    0.000465   10.365025 ^ clkbuf_1_0__f_clk/A (sky130_fd_sc_hd__clkbuf_16)
     5    0.016510    0.063084    0.214338   10.579363 ^ clkbuf_1_0__f_clk/X (sky130_fd_sc_hd__clkbuf_16)
                      0.063084    0.000227   10.579590 ^ _37_/CLK (sky130_fd_sc_hd__dfrtp_2)
                                 -0.250000   10.329590   clock uncertainty
                                  0.000000   10.329590   clock reconvergence pessimism
                                  0.361194   10.690784   library recovery time
                                             10.690784   data required time
---------------------------------------------------------------------------------------------
                                             10.690784   data required time
                                             -2.388867   data arrival time
---------------------------------------------------------------------------------------------
                                              8.301917   slack (MET)


Startpoint: rst_n (input port clocked by clk)
Endpoint: _42_ (recovery check against rising-edge clock clk)
Path Group: asynchronous
Path Type: max

Fanout         Cap        Slew       Delay        Time   Description
---------------------------------------------------------------------------------------------
                                  0.000000    0.000000   clock clk (rise edge)
                                  0.000000    0.000000   clock network delay (propagated)
                                  2.000000    2.000000 ^ input external delay
     1    0.002890    0.032848    0.016267    2.016267 ^ rst_n (in)
                      0.032848    0.000000    2.016267 ^ input2/A (sky130_fd_sc_hd__clkbuf_4)
     8    0.052699    0.259340    0.368585    2.384852 ^ input2/X (sky130_fd_sc_hd__clkbuf_4)
                      0.259618    0.005636    2.390488 ^ _42_/RESET_B (sky130_fd_sc_hd__dfrtp_1)
                                              2.390488   data arrival time

                                 10.000000   10.000000   clock clk (rise edge)
                                  0.000000   10.000000   clock source latency
     1    0.020794    0.155587    0.106641   10.106641 ^ clk (in)
                      0.155613    0.000000   10.106641 ^ clkbuf_0_clk/A (sky130_fd_sc_hd__clkbuf_16)
     2    0.017965    0.064891    0.257919   10.364560 ^ clkbuf_0_clk/X (sky130_fd_sc_hd__clkbuf_16)
                      0.064891    0.000412   10.364972 ^ clkbuf_1_1__f_clk/A (sky130_fd_sc_hd__clkbuf_16)
     4    0.015683    0.062063    0.213086   10.578059 ^ clkbuf_1_1__f_clk/X (sky130_fd_sc_hd__clkbuf_16)
                      0.062063    0.000497   10.578556 ^ _42_/CLK (sky130_fd_sc_hd__dfrtp_1)
                                 -0.250000   10.328556   clock uncertainty
                                  0.000000   10.328556   clock reconvergence pessimism
                                  0.389659   10.718215   library recovery time
                                             10.718215   data required time
---------------------------------------------------------------------------------------------
                                             10.718215   data required time
                                             -2.390488   data arrival time
---------------------------------------------------------------------------------------------
                                              8.327726   slack (MET)


Startpoint: rst_n (input port clocked by clk)
Endpoint: _43_ (recovery check against rising-edge clock clk)
Path Group: asynchronous
Path Type: max

Fanout         Cap        Slew       Delay        Time   Description
---------------------------------------------------------------------------------------------
                                  0.000000    0.000000   clock clk (rise edge)
                                  0.000000    0.000000   clock network delay (propagated)
                                  2.000000    2.000000 ^ input external delay
     1    0.002890    0.032848    0.016267    2.016267 ^ rst_n (in)
                      0.032848    0.000000    2.016267 ^ input2/A (sky130_fd_sc_hd__clkbuf_4)
     8    0.052699    0.259340    0.368585    2.384852 ^ input2/X (sky130_fd_sc_hd__clkbuf_4)
                      0.259605    0.005422    2.390274 ^ _43_/RESET_B (sky130_fd_sc_hd__dfrtp_1)
                                              2.390274   data arrival time

                                 10.000000   10.000000   clock clk (rise edge)
                                  0.000000   10.000000   clock source latency
     1    0.020794    0.155587    0.106641   10.106641 ^ clk (in)
                      0.155613    0.000000   10.106641 ^ clkbuf_0_clk/A (sky130_fd_sc_hd__clkbuf_16)
     2    0.017965    0.064891    0.257919   10.364560 ^ clkbuf_0_clk/X (sky130_fd_sc_hd__clkbuf_16)
                      0.064891    0.000412   10.364972 ^ clkbuf_1_1__f_clk/A (sky130_fd_sc_hd__clkbuf_16)
     4    0.015683    0.062063    0.213086   10.578059 ^ clkbuf_1_1__f_clk/X (sky130_fd_sc_hd__clkbuf_16)
                      0.062063    0.000368   10.578426 ^ _43_/CLK (sky130_fd_sc_hd__dfrtp_1)
                                 -0.250000   10.328426   clock uncertainty
                                  0.000000   10.328426   clock reconvergence pessimism
                                  0.389664   10.718091   library recovery time
                                             10.718091   data required time
---------------------------------------------------------------------------------------------
                                             10.718091   data required time
                                             -2.390274   data arrival time
---------------------------------------------------------------------------------------------
                                              8.327817   slack (MET)


Startpoint: rst_n (input port clocked by clk)
Endpoint: _44_ (recovery check against rising-edge clock clk)
Path Group: asynchronous
Path Type: max

Fanout         Cap        Slew       Delay        Time   Description
---------------------------------------------------------------------------------------------
                                  0.000000    0.000000   clock clk (rise edge)
                                  0.000000    0.000000   clock network delay (propagated)
                                  2.000000    2.000000 ^ input external delay
     1    0.002890    0.032848    0.016267    2.016267 ^ rst_n (in)
                      0.032848    0.000000    2.016267 ^ input2/A (sky130_fd_sc_hd__clkbuf_4)
     8    0.052699    0.259340    0.368585    2.384852 ^ input2/X (sky130_fd_sc_hd__clkbuf_4)
                      0.259591    0.005195    2.390047 ^ _44_/RESET_B (sky130_fd_sc_hd__dfrtp_1)
                                              2.390047   data arrival time

                                 10.000000   10.000000   clock clk (rise edge)
                                  0.000000   10.000000   clock source latency
     1    0.020794    0.155587    0.106641   10.106641 ^ clk (in)
                      0.155613    0.000000   10.106641 ^ clkbuf_0_clk/A (sky130_fd_sc_hd__clkbuf_16)
     2    0.017965    0.064891    0.257919   10.364560 ^ clkbuf_0_clk/X (sky130_fd_sc_hd__clkbuf_16)
                      0.064891    0.000412   10.364972 ^ clkbuf_1_1__f_clk/A (sky130_fd_sc_hd__clkbuf_16)
     4    0.015683    0.062063    0.213086   10.578059 ^ clkbuf_1_1__f_clk/X (sky130_fd_sc_hd__clkbuf_16)
                      0.062063    0.000397   10.578456 ^ _44_/CLK (sky130_fd_sc_hd__dfrtp_1)
                                 -0.250000   10.328456   clock uncertainty
                                  0.000000   10.328456   clock reconvergence pessimism
                                  0.389670   10.718125   library recovery time
                                             10.718125   data required time
---------------------------------------------------------------------------------------------
                                             10.718125   data required time
                                             -2.390047   data arrival time
---------------------------------------------------------------------------------------------
                                              8.328078   slack (MET)


Startpoint: rst_n (input port clocked by clk)
Endpoint: _39_ (recovery check against rising-edge clock clk)
Path Group: asynchronous
Path Type: max

Fanout         Cap        Slew       Delay        Time   Description
---------------------------------------------------------------------------------------------
                                  0.000000    0.000000   clock clk (rise edge)
                                  0.000000    0.000000   clock network delay (propagated)
                                  2.000000    2.000000 ^ input external delay
     1    0.002890    0.032848    0.016267    2.016267 ^ rst_n (in)
                      0.032848    0.000000    2.016267 ^ input2/A (sky130_fd_sc_hd__clkbuf_4)
     8    0.052699    0.259340    0.368585    2.384852 ^ input2/X (sky130_fd_sc_hd__clkbuf_4)
                      0.259572    0.004868    2.389720 ^ _39_/RESET_B (sky130_fd_sc_hd__dfrtp_1)
                                              2.389720   data arrival time

                                 10.000000   10.000000   clock clk (rise edge)
                                  0.000000   10.000000   clock source latency
     1    0.020794    0.155587    0.106641   10.106641 ^ clk (in)
                      0.155613    0.000000   10.106641 ^ clkbuf_0_clk/A (sky130_fd_sc_hd__clkbuf_16)
     2    0.017965    0.064891    0.257919   10.364560 ^ clkbuf_0_clk/X (sky130_fd_sc_hd__clkbuf_16)
                      0.064891    0.000465   10.365025 ^ clkbuf_1_0__f_clk/A (sky130_fd_sc_hd__clkbuf_16)
     5    0.016510    0.063084    0.214338   10.579363 ^ clkbuf_1_0__f_clk/X (sky130_fd_sc_hd__clkbuf_16)
                      0.063084    0.000173   10.579535 ^ _39_/CLK (sky130_fd_sc_hd__dfrtp_1)
                                 -0.250000   10.329535   clock uncertainty
                                  0.000000   10.329535   clock reconvergence pessimism
                                  0.390021   10.719557   library recovery time
                                             10.719557   data required time
---------------------------------------------------------------------------------------------
                                             10.719557   data required time
                                             -2.389720   data arrival time
---------------------------------------------------------------------------------------------
                                              8.329837   slack (MET)


Startpoint: rst_n (input port clocked by clk)
Endpoint: _38_ (recovery check against rising-edge clock clk)
Path Group: asynchronous
Path Type: max

Fanout         Cap        Slew       Delay        Time   Description
---------------------------------------------------------------------------------------------
                                  0.000000    0.000000   clock clk (rise edge)
                                  0.000000    0.000000   clock network delay (propagated)
                                  2.000000    2.000000 ^ input external delay
     1    0.002890    0.032848    0.016267    2.016267 ^ rst_n (in)
                      0.032848    0.000000    2.016267 ^ input2/A (sky130_fd_sc_hd__clkbuf_4)
     8    0.052699    0.259340    0.368585    2.384852 ^ input2/X (sky130_fd_sc_hd__clkbuf_4)
                      0.259514    0.003682    2.388534 ^ _38_/RESET_B (sky130_fd_sc_hd__dfrtp_1)
                                              2.388534   data arrival time

                                 10.000000   10.000000   clock clk (rise edge)
                                  0.000000   10.000000   clock source latency
     1    0.020794    0.155587    0.106641   10.106641 ^ clk (in)
                      0.155613    0.000000   10.106641 ^ clkbuf_0_clk/A (sky130_fd_sc_hd__clkbuf_16)
     2    0.017965    0.064891    0.257919   10.364560 ^ clkbuf_0_clk/X (sky130_fd_sc_hd__clkbuf_16)
                      0.064891    0.000465   10.365025 ^ clkbuf_1_0__f_clk/A (sky130_fd_sc_hd__clkbuf_16)
     5    0.016510    0.063084    0.214338   10.579363 ^ clkbuf_1_0__f_clk/X (sky130_fd_sc_hd__clkbuf_16)
                      0.063084    0.000245   10.579608 ^ _38_/CLK (sky130_fd_sc_hd__dfrtp_1)
                                 -0.250000   10.329608   clock uncertainty
                                  0.000000   10.329608   clock reconvergence pessimism
                                  0.390043   10.719650   library recovery time
                                             10.719650   data required time
---------------------------------------------------------------------------------------------
                                             10.719650   data required time
                                             -2.388534   data arrival time
---------------------------------------------------------------------------------------------
                                              8.331117   slack (MET)



