Clock: clk
Sources: clk 
Generated: no
Virtual: yes
Propagated: no
Period: 10.000000

===========================================================================
report_clock_properties
============================================================================
Clock                   Period          Waveform
----------------------------------------------------
clk                  10.000000    0.000000  5.000000

===========================================================================
report_clock_latency
============================================================================
Clock clk
rise -> rise
    min     max
0.000000 0.000000 source latency
0.287388         network latency _41_/CLK
        0.287423 network latency _37_/CLK
---------------
0.287388 0.287423 latency
        0.000036 skew

fall -> fall
    min     max
0.000000 0.000000 source latency
0.288425         network latency _41_/CLK
        0.288456 network latency _37_/CLK
---------------
0.288425 0.288456 latency
        0.000031 skew



===========================================================================
report_clock_min_period
============================================================================
clk period_min = 1.50 fmax = 666.37
