
===========================================================================
report_checks -unconstrained
===========================================================================
======================= nom_tt_025C_1v80 Corner ===================================

Warning: corner.tcl line 77, unknown field nets.
Startpoint: rst_n (input port clocked by clk)
Endpoint: _37_ (recovery check against rising-edge clock clk)
Path Group: asynchronous
Path Type: max

Fanout         Cap        Slew       Delay        Time   Description
---------------------------------------------------------------------------------------------
                      0.150000    0.000000    0.000000   clock clk (rise edge)
                                  0.000000    0.000000   clock network delay (ideal)
                                  2.000000    2.000000 ^ input external delay
     8    0.028896    0.137334    0.093239    2.093239 ^ rst_n (in)
                      0.137334    0.000000    2.093239 ^ _37_/RESET_B (sky130_fd_sc_hd__dfrtp_2)
                                              2.093239   data arrival time

                      0.150000   10.000000   10.000000   clock clk (rise edge)
                                  0.000000   10.000000   clock network delay (ideal)
                                 -0.250000    9.750000   clock uncertainty
                                  0.000000    9.750000   clock reconvergence pessimism
                                              9.750000 ^ _37_/CLK (sky130_fd_sc_hd__dfrtp_2)
                                  0.224353    9.974353   library recovery time
                                              9.974353   data required time
---------------------------------------------------------------------------------------------
                                              9.974353   data required time
                                             -2.093239   data arrival time
---------------------------------------------------------------------------------------------
                                              7.881114   slack (MET)


Startpoint: enable (input port clocked by clk)
Endpoint: overflow (output port clocked by clk)
Path Group: clk
Path Type: max

Fanout         Cap        Slew       Delay        Time   Description
---------------------------------------------------------------------------------------------
                      0.150000    0.000000    0.000000   clock clk (rise edge)
                                  0.000000    0.000000   clock network delay (ideal)
                                  2.000000    2.000000 ^ input external delay
     4    0.016731    0.082822    0.055281    2.055281 ^ enable (in)
                      0.082822    0.000000    2.055281 ^ _19_/D (sky130_fd_sc_hd__and4_2)
     6    0.016321    0.116833    0.286298    2.341579 ^ _19_/X (sky130_fd_sc_hd__and4_2)
                      0.116833    0.000000    2.341579 ^ _23_/C (sky130_fd_sc_hd__and4_2)
     2    0.010034    0.087572    0.261864    2.603443 ^ _23_/X (sky130_fd_sc_hd__and4_2)
                      0.087572    0.000000    2.603443 ^ _24_/B (sky130_fd_sc_hd__and2_2)
     1    0.033442    0.181245    0.254910    2.858354 ^ _24_/X (sky130_fd_sc_hd__and2_2)
                      0.181245    0.000000    2.858354 ^ overflow (out)
                                              2.858354   data arrival time

                      0.150000   10.000000   10.000000   clock clk (rise edge)
                                  0.000000   10.000000   clock network delay (ideal)
                                 -0.250000    9.750000   clock uncertainty
                                  0.000000    9.750000   clock reconvergence pessimism
                                 -2.000000    7.750000   output external delay
                                              7.750000   data required time
---------------------------------------------------------------------------------------------
                                              7.750000   data required time
                                             -2.858354   data arrival time
---------------------------------------------------------------------------------------------
                                              4.891646   slack (MET)




===========================================================================
report_checks --slack_max -0.01
============================================================================
======================= nom_tt_025C_1v80 Corner ===================================

Warning: corner.tcl line 85, unknown field nets.
No paths found.


===========================================================================
 report_check_types -max_slew -max_cap -max_fanout -violators
============================================================================
======================= nom_tt_025C_1v80 Corner ===================================



===========================================================================
report_parasitic_annotation -report_unannotated
============================================================================
Found 30 unannotated drivers.
 clk
 enable
 rst_n
 _18_/X
 _19_/X
 _20_/Y
 _21_/X
 _22_/X
 _23_/X
 _24_/X
 _25_/X
 _26_/Y
 _27_/Y
 _28_/Y
 _29_/Y
 _30_/X
 _31_/X
 _32_/Y
 _33_/X
 _34_/X
 _35_/X
 _36_/X
 _37_/Q
 _38_/Q
 _39_/Q
 _40_/Q
 _41_/Q
 _42_/Q
 _43_/Q
 _44_/Q
Found 0 partially unannotated drivers.

===========================================================================
max slew violation count 0
max fanout violation count 0
max cap violation count 0
============================================================================

===========================================================================
check_setup -verbose -unconstrained_endpoints -multiple_clock -no_clock -no_input_delay -loops -generated_clocks
===========================================================================
