
===========================================================================
report_checks -path_delay max (Setup)
============================================================================
======================= nom_tt_025C_1v80 Corner ===================================

Warning: corner.tcl line 67, unknown field nets.
Warning: corner.tcl line 67, report_checks -group_count is deprecated. Use -group_path_count instead.
Startpoint: enable (input port clocked by clk)
Endpoint: overflow (output port clocked by clk)
Path Group: clk
Path Type: max

Fanout         Cap        Slew       Delay        Time   Description
---------------------------------------------------------------------------------------------
                      0.150000    0.000000    0.000000   clock clk (rise edge)
                                  0.000000    0.000000   clock network delay (ideal)
                                  2.000000    2.000000 ^ input external delay
     4    0.016731    0.082822    0.055281    2.055281 ^ enable (in)
                      0.082822    0.000000    2.055281 ^ _19_/D (sky130_fd_sc_hd__and4_2)
     6    0.016321    0.116833    0.286298    2.341579 ^ _19_/X (sky130_fd_sc_hd__and4_2)
                      0.116833    0.000000    2.341579 ^ _23_/C (sky130_fd_sc_hd__and4_2)
     2    0.010034    0.087572    0.261864    2.603443 ^ _23_/X (sky130_fd_sc_hd__and4_2)
                      0.087572    0.000000    2.603443 ^ _24_/B (sky130_fd_sc_hd__and2_2)
     1    0.033442    0.181245    0.254910    2.858354 ^ _24_/X (sky130_fd_sc_hd__and2_2)
                      0.181245    0.000000    2.858354 ^ overflow (out)
                                              2.858354   data arrival time

                      0.150000   10.000000   10.000000   clock clk (rise edge)
                                  0.000000   10.000000   clock network delay (ideal)
                                 -0.250000    9.750000   clock uncertainty
                                  0.000000    9.750000   clock reconvergence pessimism
                                 -2.000000    7.750000   output external delay
                                              7.750000   data required time
---------------------------------------------------------------------------------------------
                                              7.750000   data required time
                                             -2.858354   data arrival time
---------------------------------------------------------------------------------------------
                                              4.891646   slack (MET)


Startpoint: enable (input port clocked by clk)
Endpoint: _42_ (rising edge-triggered flip-flop clocked by clk)
Path Group: clk
Path Type: max

Fanout         Cap        Slew       Delay        Time   Description
---------------------------------------------------------------------------------------------
                      0.150000    0.000000    0.000000   clock clk (rise edge)
                                  0.000000    0.000000   clock network delay (ideal)
                                  2.000000    2.000000 ^ input external delay
     4    0.016731    0.082822    0.055281    2.055281 ^ enable (in)
                      0.082822    0.000000    2.055281 ^ _19_/D (sky130_fd_sc_hd__and4_2)
     6    0.016321    0.116833    0.286298    2.341579 ^ _19_/X (sky130_fd_sc_hd__and4_2)
                      0.116833    0.000000    2.341579 ^ _22_/B (sky130_fd_sc_hd__and3_2)
     2    0.010107    0.078025    0.216947    2.558526 ^ _22_/X (sky130_fd_sc_hd__and3_2)
                      0.078025    0.000000    2.558526 ^ _34_/A_N (sky130_fd_sc_hd__and2b_2)
     1    0.001949    0.033619    0.207839    2.766365 v _34_/X (sky130_fd_sc_hd__and2b_2)
                      0.033619    0.000000    2.766365 v _42_/D (sky130_fd_sc_hd__dfrtp_2)
                                              2.766365   data arrival time

                      0.150000   10.000000   10.000000   clock clk (rise edge)
                                  0.000000   10.000000   clock network delay (ideal)
                                 -0.250000    9.750000   clock uncertainty
                                  0.000000    9.750000   clock reconvergence pessimism
                                              9.750000 ^ _42_/CLK (sky130_fd_sc_hd__dfrtp_2)
                                 -0.086243    9.663757   library setup time
                                              9.663757   data required time
---------------------------------------------------------------------------------------------
                                              9.663757   data required time
                                             -2.766365   data arrival time
---------------------------------------------------------------------------------------------
                                              6.897392   slack (MET)


Startpoint: enable (input port clocked by clk)
Endpoint: _40_ (rising edge-triggered flip-flop clocked by clk)
Path Group: clk
Path Type: max

Fanout         Cap        Slew       Delay        Time   Description
---------------------------------------------------------------------------------------------
                      0.150000    0.000000    0.000000   clock clk (rise edge)
                                  0.000000    0.000000   clock network delay (ideal)
                                  2.000000    2.000000 v input external delay
     4    0.015382    0.036468    0.024790    2.024790 v enable (in)
                      0.036468    0.000000    2.024790 v _19_/D (sky130_fd_sc_hd__and4_2)
     6    0.014930    0.069073    0.261442    2.286231 v _19_/X (sky130_fd_sc_hd__and4_2)
                      0.069073    0.000000    2.286231 v _30_/B (sky130_fd_sc_hd__or2_2)
     1    0.001403    0.048871    0.266044    2.552276 v _30_/X (sky130_fd_sc_hd__or2_2)
                      0.048871    0.000000    2.552276 v _31_/B (sky130_fd_sc_hd__and2_2)
     1    0.001949    0.034536    0.179985    2.732260 v _31_/X (sky130_fd_sc_hd__and2_2)
                      0.034536    0.000000    2.732260 v _40_/D (sky130_fd_sc_hd__dfrtp_2)
                                              2.732260   data arrival time

                      0.150000   10.000000   10.000000   clock clk (rise edge)
                                  0.000000   10.000000   clock network delay (ideal)
                                 -0.250000    9.750000   clock uncertainty
                                  0.000000    9.750000   clock reconvergence pessimism
                                              9.750000 ^ _40_/CLK (sky130_fd_sc_hd__dfrtp_2)
                                 -0.086643    9.663358   library setup time
                                              9.663358   data required time
---------------------------------------------------------------------------------------------
                                              9.663358   data required time
                                             -2.732260   data arrival time
---------------------------------------------------------------------------------------------
                                              6.931097   slack (MET)


Startpoint: enable (input port clocked by clk)
Endpoint: _44_ (rising edge-triggered flip-flop clocked by clk)
Path Group: clk
Path Type: max

Fanout         Cap        Slew       Delay        Time   Description
---------------------------------------------------------------------------------------------
                      0.150000    0.000000    0.000000   clock clk (rise edge)
                                  0.000000    0.000000   clock network delay (ideal)
                                  2.000000    2.000000 ^ input external delay
     4    0.016731    0.082822    0.055281    2.055281 ^ enable (in)
                      0.082822    0.000000    2.055281 ^ _19_/D (sky130_fd_sc_hd__and4_2)
     6    0.016321    0.116833    0.286298    2.341579 ^ _19_/X (sky130_fd_sc_hd__and4_2)
                      0.116833    0.000000    2.341579 ^ _23_/C (sky130_fd_sc_hd__and4_2)
     2    0.010034    0.087572    0.261864    2.603443 ^ _23_/X (sky130_fd_sc_hd__and4_2)
                      0.087572    0.000000    2.603443 ^ _36_/B (sky130_fd_sc_hd__xor2_2)
     1    0.002005    0.083758    0.120088    2.723532 ^ _36_/X (sky130_fd_sc_hd__xor2_2)
                      0.083758    0.000000    2.723532 ^ _44_/D (sky130_fd_sc_hd__dfrtp_2)
                                              2.723532   data arrival time

                      0.150000   10.000000   10.000000   clock clk (rise edge)
                                  0.000000   10.000000   clock network delay (ideal)
                                 -0.250000    9.750000   clock uncertainty
                                  0.000000    9.750000   clock reconvergence pessimism
                                              9.750000 ^ _44_/CLK (sky130_fd_sc_hd__dfrtp_2)
                                 -0.056333    9.693666   library setup time
                                              9.693666   data required time
---------------------------------------------------------------------------------------------
                                              9.693666   data required time
                                             -2.723532   data arrival time
---------------------------------------------------------------------------------------------
                                              6.970135   slack (MET)


Startpoint: enable (input port clocked by clk)
Endpoint: _43_ (rising edge-triggered flip-flop clocked by clk)
Path Group: clk
Path Type: max

Fanout         Cap        Slew       Delay        Time   Description
---------------------------------------------------------------------------------------------
                      0.150000    0.000000    0.000000   clock clk (rise edge)
                                  0.000000    0.000000   clock network delay (ideal)
                                  2.000000    2.000000 v input external delay
     4    0.015382    0.036468    0.024790    2.024790 v enable (in)
                      0.036468    0.000000    2.024790 v _19_/D (sky130_fd_sc_hd__and4_2)
     6    0.014930    0.069073    0.261442    2.286231 v _19_/X (sky130_fd_sc_hd__and4_2)
                      0.069073    0.000000    2.286231 v _22_/B (sky130_fd_sc_hd__and3_2)
     2    0.009328    0.054744    0.222144    2.508375 v _22_/X (sky130_fd_sc_hd__and3_2)
                      0.054744    0.000000    2.508375 v _35_/B (sky130_fd_sc_hd__xor2_2)
     1    0.001949    0.052093    0.133308    2.641682 v _35_/X (sky130_fd_sc_hd__xor2_2)
                      0.052093    0.000000    2.641682 v _43_/D (sky130_fd_sc_hd__dfrtp_2)
                                              2.641682   data arrival time

                      0.150000   10.000000   10.000000   clock clk (rise edge)
                                  0.000000   10.000000   clock network delay (ideal)
                                 -0.250000    9.750000   clock uncertainty
                                  0.000000    9.750000   clock reconvergence pessimism
                                              9.750000 ^ _43_/CLK (sky130_fd_sc_hd__dfrtp_2)
                                 -0.094300    9.655701   library setup time
                                              9.655701   data required time
---------------------------------------------------------------------------------------------
                                              9.655701   data required time
                                             -2.641682   data arrival time
---------------------------------------------------------------------------------------------
                                              7.014018   slack (MET)


Startpoint: enable (input port clocked by clk)
Endpoint: _41_ (rising edge-triggered flip-flop clocked by clk)
Path Group: clk
Path Type: max

Fanout         Cap        Slew       Delay        Time   Description
---------------------------------------------------------------------------------------------
                      0.150000    0.000000    0.000000   clock clk (rise edge)
                                  0.000000    0.000000   clock network delay (ideal)
                                  2.000000    2.000000 ^ input external delay
     4    0.016731    0.082822    0.055281    2.055281 ^ enable (in)
                      0.082822    0.000000    2.055281 ^ _19_/D (sky130_fd_sc_hd__and4_2)
     6    0.016321    0.116833    0.286298    2.341579 ^ _19_/X (sky130_fd_sc_hd__and4_2)
                      0.116833    0.000000    2.341579 ^ _20_/B (sky130_fd_sc_hd__nand2_2)
     2    0.009495    0.079387    0.081894    2.423473 v _20_/Y (sky130_fd_sc_hd__nand2_2)
                      0.079387    0.000000    2.423473 v _32_/B (sky130_fd_sc_hd__xnor2_2)
     1    0.001949    0.051573    0.130909    2.554382 v _32_/Y (sky130_fd_sc_hd__xnor2_2)
                      0.051573    0.000000    2.554382 v _41_/D (sky130_fd_sc_hd__dfrtp_2)
                                              2.554382   data arrival time

                      0.150000   10.000000   10.000000   clock clk (rise edge)
                                  0.000000   10.000000   clock network delay (ideal)
                                 -0.250000    9.750000   clock uncertainty
                                  0.000000    9.750000   clock reconvergence pessimism
                                              9.750000 ^ _41_/CLK (sky130_fd_sc_hd__dfrtp_2)
                                 -0.094073    9.655927   library setup time
                                              9.655927   data required time
---------------------------------------------------------------------------------------------
                                              9.655927   data required time
                                             -2.554382   data arrival time
---------------------------------------------------------------------------------------------
                                              7.101544   slack (MET)


Startpoint: _37_ (rising edge-triggered flip-flop clocked by clk)
Endpoint: count[0] (output port clocked by clk)
Path Group: clk
Path Type: max

Fanout         Cap        Slew       Delay        Time   Description
---------------------------------------------------------------------------------------------
                      0.150000    0.000000    0.000000   clock clk (rise edge)
                                  0.000000    0.000000   clock network delay (ideal)
                      0.150000    0.000000    0.000000 ^ _37_/CLK (sky130_fd_sc_hd__dfrtp_2)
     5    0.050381    0.248058    0.539228    0.539228 ^ _37_/Q (sky130_fd_sc_hd__dfrtp_2)
                      0.248058    0.000000    0.539228 ^ count[0] (out)
                                              0.539228   data arrival time

                      0.150000   10.000000   10.000000   clock clk (rise edge)
                                  0.000000   10.000000   clock network delay (ideal)
                                 -0.250000    9.750000   clock uncertainty
                                  0.000000    9.750000   clock reconvergence pessimism
                                 -2.000000    7.750000   output external delay
                                              7.750000   data required time
---------------------------------------------------------------------------------------------
                                              7.750000   data required time
                                             -0.539228   data arrival time
---------------------------------------------------------------------------------------------
                                              7.210772   slack (MET)


Startpoint: _41_ (rising edge-triggered flip-flop clocked by clk)
Endpoint: count[4] (output port clocked by clk)
Path Group: clk
Path Type: max

Fanout         Cap        Slew       Delay        Time   Description
---------------------------------------------------------------------------------------------
                      0.150000    0.000000    0.000000   clock clk (rise edge)
                                  0.000000    0.000000   clock network delay (ideal)
                      0.150000    0.000000    0.000000 ^ _41_/CLK (sky130_fd_sc_hd__dfrtp_2)
     4    0.045415    0.135068    0.529130    0.529130 v _41_/Q (sky130_fd_sc_hd__dfrtp_2)
                      0.135068    0.000000    0.529130 v count[4] (out)
                                              0.529130   data arrival time

                      0.150000   10.000000   10.000000   clock clk (rise edge)
                                  0.000000   10.000000   clock network delay (ideal)
                                 -0.250000    9.750000   clock uncertainty
                                  0.000000    9.750000   clock reconvergence pessimism
                                 -2.000000    7.750000   output external delay
                                              7.750000   data required time
---------------------------------------------------------------------------------------------
                                              7.750000   data required time
                                             -0.529130   data arrival time
---------------------------------------------------------------------------------------------
                                              7.220870   slack (MET)


Startpoint: _40_ (rising edge-triggered flip-flop clocked by clk)
Endpoint: count[3] (output port clocked by clk)
Path Group: clk
Path Type: max

Fanout         Cap        Slew       Delay        Time   Description
---------------------------------------------------------------------------------------------
                      0.150000    0.000000    0.000000   clock clk (rise edge)
                                  0.000000    0.000000   clock network delay (ideal)
                      0.150000    0.000000    0.000000 ^ _40_/CLK (sky130_fd_sc_hd__dfrtp_2)
     6    0.044329    0.132828    0.527147    0.527147 v _40_/Q (sky130_fd_sc_hd__dfrtp_2)
                      0.132828    0.000000    0.527147 v count[3] (out)
                                              0.527147   data arrival time

                      0.150000   10.000000   10.000000   clock clk (rise edge)
                                  0.000000   10.000000   clock network delay (ideal)
                                 -0.250000    9.750000   clock uncertainty
                                  0.000000    9.750000   clock reconvergence pessimism
                                 -2.000000    7.750000   output external delay
                                              7.750000   data required time
---------------------------------------------------------------------------------------------
                                              7.750000   data required time
                                             -0.527147   data arrival time
---------------------------------------------------------------------------------------------
                                              7.222854   slack (MET)


Startpoint: _43_ (rising edge-triggered flip-flop clocked by clk)
Endpoint: count[6] (output port clocked by clk)
Path Group: clk
Path Type: max

Fanout         Cap        Slew       Delay        Time   Description
---------------------------------------------------------------------------------------------
                      0.150000    0.000000    0.000000   clock clk (rise edge)
                                  0.000000    0.000000   clock network delay (ideal)
                      0.150000    0.000000    0.000000 ^ _43_/CLK (sky130_fd_sc_hd__dfrtp_2)
     3    0.043523    0.131166    0.525674    0.525674 v _43_/Q (sky130_fd_sc_hd__dfrtp_2)
                      0.131166    0.000000    0.525674 v count[6] (out)
                                              0.525674   data arrival time

                      0.150000   10.000000   10.000000   clock clk (rise edge)
                                  0.000000   10.000000   clock network delay (ideal)
                                 -0.250000    9.750000   clock uncertainty
                                  0.000000    9.750000   clock reconvergence pessimism
                                 -2.000000    7.750000   output external delay
                                              7.750000   data required time
---------------------------------------------------------------------------------------------
                                              7.750000   data required time
                                             -0.525674   data arrival time
---------------------------------------------------------------------------------------------
                                              7.224326   slack (MET)


Startpoint: _44_ (rising edge-triggered flip-flop clocked by clk)
Endpoint: count[7] (output port clocked by clk)
Path Group: clk
Path Type: max

Fanout         Cap        Slew       Delay        Time   Description
---------------------------------------------------------------------------------------------
                      0.150000    0.000000    0.000000   clock clk (rise edge)
                                  0.000000    0.000000   clock network delay (ideal)
                      0.150000    0.000000    0.000000 ^ _44_/CLK (sky130_fd_sc_hd__dfrtp_2)
     3    0.043444    0.131003    0.525530    0.525530 v _44_/Q (sky130_fd_sc_hd__dfrtp_2)
                      0.131003    0.000000    0.525530 v count[7] (out)
                                              0.525530   data arrival time

                      0.150000   10.000000   10.000000   clock clk (rise edge)
                                  0.000000   10.000000   clock network delay (ideal)
                                 -0.250000    9.750000   clock uncertainty
                                  0.000000    9.750000   clock reconvergence pessimism
                                 -2.000000    7.750000   output external delay
                                              7.750000   data required time
---------------------------------------------------------------------------------------------
                                              7.750000   data required time
                                             -0.525530   data arrival time
---------------------------------------------------------------------------------------------
                                              7.224470   slack (MET)


Startpoint: _38_ (rising edge-triggered flip-flop clocked by clk)
Endpoint: count[1] (output port clocked by clk)
Path Group: clk
Path Type: max

Fanout         Cap        Slew       Delay        Time   Description
---------------------------------------------------------------------------------------------
                      0.150000    0.000000    0.000000   clock clk (rise edge)
                                  0.000000    0.000000   clock network delay (ideal)
                      0.150000    0.000000    0.000000 ^ _38_/CLK (sky130_fd_sc_hd__dfrtp_2)
     4    0.040533    0.124999    0.520213    0.520213 v _38_/Q (sky130_fd_sc_hd__dfrtp_2)
                      0.124999    0.000000    0.520213 v count[1] (out)
                                              0.520213   data arrival time

                      0.150000   10.000000   10.000000   clock clk (rise edge)
                                  0.000000   10.000000   clock network delay (ideal)
                                 -0.250000    9.750000   clock uncertainty
                                  0.000000    9.750000   clock reconvergence pessimism
                                 -2.000000    7.750000   output external delay
                                              7.750000   data required time
---------------------------------------------------------------------------------------------
                                              7.750000   data required time
                                             -0.520213   data arrival time
---------------------------------------------------------------------------------------------
                                              7.229787   slack (MET)


Startpoint: _39_ (rising edge-triggered flip-flop clocked by clk)
Endpoint: count[2] (output port clocked by clk)
Path Group: clk
Path Type: max

Fanout         Cap        Slew       Delay        Time   Description
---------------------------------------------------------------------------------------------
                      0.150000    0.000000    0.000000   clock clk (rise edge)
                                  0.000000    0.000000   clock network delay (ideal)
                      0.150000    0.000000    0.000000 ^ _39_/CLK (sky130_fd_sc_hd__dfrtp_2)
     3    0.039121    0.122087    0.517634    0.517634 v _39_/Q (sky130_fd_sc_hd__dfrtp_2)
                      0.122087    0.000000    0.517634 v count[2] (out)
                                              0.517634   data arrival time

                      0.150000   10.000000   10.000000   clock clk (rise edge)
                                  0.000000   10.000000   clock network delay (ideal)
                                 -0.250000    9.750000   clock uncertainty
                                  0.000000    9.750000   clock reconvergence pessimism
                                 -2.000000    7.750000   output external delay
                                              7.750000   data required time
---------------------------------------------------------------------------------------------
                                              7.750000   data required time
                                             -0.517634   data arrival time
---------------------------------------------------------------------------------------------
                                              7.232366   slack (MET)


Startpoint: _42_ (rising edge-triggered flip-flop clocked by clk)
Endpoint: count[5] (output port clocked by clk)
Path Group: clk
Path Type: max

Fanout         Cap        Slew       Delay        Time   Description
---------------------------------------------------------------------------------------------
                      0.150000    0.000000    0.000000   clock clk (rise edge)
                                  0.000000    0.000000   clock network delay (ideal)
                      0.150000    0.000000    0.000000 ^ _42_/CLK (sky130_fd_sc_hd__dfrtp_2)
     3    0.037007    0.117704    0.513590    0.513590 v _42_/Q (sky130_fd_sc_hd__dfrtp_2)
                      0.117704    0.000000    0.513590 v count[5] (out)
                                              0.513590   data arrival time

                      0.150000   10.000000   10.000000   clock clk (rise edge)
                                  0.000000   10.000000   clock network delay (ideal)
                                 -0.250000    9.750000   clock uncertainty
                                  0.000000    9.750000   clock reconvergence pessimism
                                 -2.000000    7.750000   output external delay
                                              7.750000   data required time
---------------------------------------------------------------------------------------------
                                              7.750000   data required time
                                             -0.513590   data arrival time
---------------------------------------------------------------------------------------------
                                              7.236410   slack (MET)


Startpoint: enable (input port clocked by clk)
Endpoint: _39_ (rising edge-triggered flip-flop clocked by clk)
Path Group: clk
Path Type: max

Fanout         Cap        Slew       Delay        Time   Description
---------------------------------------------------------------------------------------------
                      0.150000    0.000000    0.000000   clock clk (rise edge)
                                  0.000000    0.000000   clock network delay (ideal)
                                  2.000000    2.000000 ^ input external delay
     4    0.016731    0.082822    0.055281    2.055281 ^ enable (in)
                      0.082822    0.000000    2.055281 ^ _19_/D (sky130_fd_sc_hd__and4_2)
     6    0.016321    0.116833    0.286298    2.341579 ^ _19_/X (sky130_fd_sc_hd__and4_2)
                      0.116833    0.000000    2.341579 ^ _29_/A (sky130_fd_sc_hd__nor2_2)
     1    0.001949    0.030852    0.047852    2.389431 v _29_/Y (sky130_fd_sc_hd__nor2_2)
                      0.030852    0.000000    2.389431 v _39_/D (sky130_fd_sc_hd__dfrtp_2)
                                              2.389431   data arrival time

                      0.150000   10.000000   10.000000   clock clk (rise edge)
                                  0.000000   10.000000   clock network delay (ideal)
                                 -0.250000    9.750000   clock uncertainty
                                  0.000000    9.750000   clock reconvergence pessimism
                                              9.750000 ^ _39_/CLK (sky130_fd_sc_hd__dfrtp_2)
                                 -0.085036    9.664965   library setup time
                                              9.664965   data required time
---------------------------------------------------------------------------------------------
                                              9.664965   data required time
                                             -2.389431   data arrival time
---------------------------------------------------------------------------------------------
                                              7.275533   slack (MET)


Startpoint: enable (input port clocked by clk)
Endpoint: _38_ (rising edge-triggered flip-flop clocked by clk)
Path Group: clk
Path Type: max

Fanout         Cap        Slew       Delay        Time   Description
---------------------------------------------------------------------------------------------
                      0.150000    0.000000    0.000000   clock clk (rise edge)
                                  0.000000    0.000000   clock network delay (ideal)
                                  2.000000    2.000000 ^ input external delay
     4    0.016731    0.082822    0.055281    2.055281 ^ enable (in)
                      0.082822    0.000000    2.055281 ^ _18_/C (sky130_fd_sc_hd__and3_2)
     2    0.009351    0.074920    0.207233    2.262514 ^ _18_/X (sky130_fd_sc_hd__and3_2)
                      0.074920    0.000000    2.262514 ^ _27_/A (sky130_fd_sc_hd__nor2_2)
     1    0.001949    0.024645    0.039505    2.302019 v _27_/Y (sky130_fd_sc_hd__nor2_2)
                      0.024645    0.000000    2.302019 v _38_/D (sky130_fd_sc_hd__dfrtp_2)
                                              2.302019   data arrival time

                      0.150000   10.000000   10.000000   clock clk (rise edge)
                                  0.000000   10.000000   clock network delay (ideal)
                                 -0.250000    9.750000   clock uncertainty
                                  0.000000    9.750000   clock reconvergence pessimism
                                              9.750000 ^ _38_/CLK (sky130_fd_sc_hd__dfrtp_2)
                                 -0.082329    9.667671   library setup time
                                              9.667671   data required time
---------------------------------------------------------------------------------------------
                                              9.667671   data required time
                                             -2.302019   data arrival time
---------------------------------------------------------------------------------------------
                                              7.365652   slack (MET)


Startpoint: enable (input port clocked by clk)
Endpoint: _37_ (rising edge-triggered flip-flop clocked by clk)
Path Group: clk
Path Type: max

Fanout         Cap        Slew       Delay        Time   Description
---------------------------------------------------------------------------------------------
                      0.150000    0.000000    0.000000   clock clk (rise edge)
                                  0.000000    0.000000   clock network delay (ideal)
                                  2.000000    2.000000 v input external delay
     4    0.015382    0.036468    0.024790    2.024790 v enable (in)
                      0.036468    0.000000    2.024790 v _25_/B (sky130_fd_sc_hd__xor2_2)
     1    0.001949    0.055378    0.127045    2.151834 v _25_/X (sky130_fd_sc_hd__xor2_2)
                      0.055378    0.000000    2.151834 v _37_/D (sky130_fd_sc_hd__dfrtp_2)
                                              2.151834   data arrival time

                      0.150000   10.000000   10.000000   clock clk (rise edge)
                                  0.000000   10.000000   clock network delay (ideal)
                                 -0.250000    9.750000   clock uncertainty
                                  0.000000    9.750000   clock reconvergence pessimism
                                              9.750000 ^ _37_/CLK (sky130_fd_sc_hd__dfrtp_2)
                                 -0.095733    9.654268   library setup time
                                              9.654268   data required time
---------------------------------------------------------------------------------------------
                                              9.654268   data required time
                                             -2.151834   data arrival time
---------------------------------------------------------------------------------------------
                                              7.502434   slack (MET)


Startpoint: rst_n (input port clocked by clk)
Endpoint: _37_ (recovery check against rising-edge clock clk)
Path Group: asynchronous
Path Type: max

Fanout         Cap        Slew       Delay        Time   Description
---------------------------------------------------------------------------------------------
                      0.150000    0.000000    0.000000   clock clk (rise edge)
                                  0.000000    0.000000   clock network delay (ideal)
                                  2.000000    2.000000 ^ input external delay
     8    0.028896    0.137334    0.093239    2.093239 ^ rst_n (in)
                      0.137334    0.000000    2.093239 ^ _37_/RESET_B (sky130_fd_sc_hd__dfrtp_2)
                                              2.093239   data arrival time

                      0.150000   10.000000   10.000000   clock clk (rise edge)
                                  0.000000   10.000000   clock network delay (ideal)
                                 -0.250000    9.750000   clock uncertainty
                                  0.000000    9.750000   clock reconvergence pessimism
                                              9.750000 ^ _37_/CLK (sky130_fd_sc_hd__dfrtp_2)
                                  0.224353    9.974353   library recovery time
                                              9.974353   data required time
---------------------------------------------------------------------------------------------
                                              9.974353   data required time
                                             -2.093239   data arrival time
---------------------------------------------------------------------------------------------
                                              7.881114   slack (MET)


Startpoint: rst_n (input port clocked by clk)
Endpoint: _38_ (recovery check against rising-edge clock clk)
Path Group: asynchronous
Path Type: max

Fanout         Cap        Slew       Delay        Time   Description
---------------------------------------------------------------------------------------------
                      0.150000    0.000000    0.000000   clock clk (rise edge)
                                  0.000000    0.000000   clock network delay (ideal)
                                  2.000000    2.000000 ^ input external delay
     8    0.028896    0.137334    0.093239    2.093239 ^ rst_n (in)
                      0.137334    0.000000    2.093239 ^ _38_/RESET_B (sky130_fd_sc_hd__dfrtp_2)
                                              2.093239   data arrival time

                      0.150000   10.000000   10.000000   clock clk (rise edge)
                                  0.000000   10.000000   clock network delay (ideal)
                                 -0.250000    9.750000   clock uncertainty
                                  0.000000    9.750000   clock reconvergence pessimism
                                              9.750000 ^ _38_/CLK (sky130_fd_sc_hd__dfrtp_2)
                                  0.224353    9.974353   library recovery time
                                              9.974353   data required time
---------------------------------------------------------------------------------------------
                                              9.974353   data required time
                                             -2.093239   data arrival time
---------------------------------------------------------------------------------------------
                                              7.881114   slack (MET)


Startpoint: rst_n (input port clocked by clk)
Endpoint: _39_ (recovery check against rising-edge clock clk)
Path Group: asynchronous
Path Type: max

Fanout         Cap        Slew       Delay        Time   Description
---------------------------------------------------------------------------------------------
                      0.150000    0.000000    0.000000   clock clk (rise edge)
                                  0.000000    0.000000   clock network delay (ideal)
                                  2.000000    2.000000 ^ input external delay
     8    0.028896    0.137334    0.093239    2.093239 ^ rst_n (in)
                      0.137334    0.000000    2.093239 ^ _39_/RESET_B (sky130_fd_sc_hd__dfrtp_2)
                                              2.093239   data arrival time

                      0.150000   10.000000   10.000000   clock clk (rise edge)
                                  0.000000   10.000000   clock network delay (ideal)
                                 -0.250000    9.750000   clock uncertainty
                                  0.000000    9.750000   clock reconvergence pessimism
                                              9.750000 ^ _39_/CLK (sky130_fd_sc_hd__dfrtp_2)
                                  0.224353    9.974353   library recovery time
                                              9.974353   data required time
---------------------------------------------------------------------------------------------
                                              9.974353   data required time
                                             -2.093239   data arrival time
---------------------------------------------------------------------------------------------
                                              7.881114   slack (MET)


Startpoint: rst_n (input port clocked by clk)
Endpoint: _40_ (recovery check against rising-edge clock clk)
Path Group: asynchronous
Path Type: max

Fanout         Cap        Slew       Delay        Time   Description
---------------------------------------------------------------------------------------------
                      0.150000    0.000000    0.000000   clock clk (rise edge)
                                  0.000000    0.000000   clock network delay (ideal)
                                  2.000000    2.000000 ^ input external delay
     8    0.028896    0.137334    0.093239    2.093239 ^ rst_n (in)
                      0.137334    0.000000    2.093239 ^ _40_/RESET_B (sky130_fd_sc_hd__dfrtp_2)
                                              2.093239   data arrival time

                      0.150000   10.000000   10.000000   clock clk (rise edge)
                                  0.000000   10.000000   clock network delay (ideal)
                                 -0.250000    9.750000   clock uncertainty
                                  0.000000    9.750000   clock reconvergence pessimism
                                              9.750000 ^ _40_/CLK (sky130_fd_sc_hd__dfrtp_2)
                                  0.224353    9.974353   library recovery time
                                              9.974353   data required time
---------------------------------------------------------------------------------------------
                                              9.974353   data required time
                                             -2.093239   data arrival time
---------------------------------------------------------------------------------------------
                                              7.881114   slack (MET)


Startpoint: rst_n (input port clocked by clk)
Endpoint: _41_ (recovery check against rising-edge clock clk)
Path Group: asynchronous
Path Type: max

Fanout         Cap        Slew       Delay        Time   Description
---------------------------------------------------------------------------------------------
                      0.150000    0.000000    0.000000   clock clk (rise edge)
                                  0.000000    0.000000   clock network delay (ideal)
                                  2.000000    2.000000 ^ input external delay
     8    0.028896    0.137334    0.093239    2.093239 ^ rst_n (in)
                      0.137334    0.000000    2.093239 ^ _41_/RESET_B (sky130_fd_sc_hd__dfrtp_2)
                                              2.093239   data arrival time

                      0.150000   10.000000   10.000000   clock clk (rise edge)
                                  0.000000   10.000000   clock network delay (ideal)
                                 -0.250000    9.750000   clock uncertainty
                                  0.000000    9.750000   clock reconvergence pessimism
                                              9.750000 ^ _41_/CLK (sky130_fd_sc_hd__dfrtp_2)
                                  0.224353    9.974353   library recovery time
                                              9.974353   data required time
---------------------------------------------------------------------------------------------
                                              9.974353   data required time
                                             -2.093239   data arrival time
---------------------------------------------------------------------------------------------
                                              7.881114   slack (MET)


Startpoint: rst_n (input port clocked by clk)
Endpoint: _42_ (recovery check against rising-edge clock clk)
Path Group: asynchronous
Path Type: max

Fanout         Cap        Slew       Delay        Time   Description
---------------------------------------------------------------------------------------------
                      0.150000    0.000000    0.000000   clock clk (rise edge)
                                  0.000000    0.000000   clock network delay (ideal)
                                  2.000000    2.000000 ^ input external delay
     8    0.028896    0.137334    0.093239    2.093239 ^ rst_n (in)
                      0.137334    0.000000    2.093239 ^ _42_/RESET_B (sky130_fd_sc_hd__dfrtp_2)
                                              2.093239   data arrival time

                      0.150000   10.000000   10.000000   clock clk (rise edge)
                                  0.000000   10.000000   clock network delay (ideal)
                                 -0.250000    9.750000   clock uncertainty
                                  0.000000    9.750000   clock reconvergence pessimism
                                              9.750000 ^ _42_/CLK (sky130_fd_sc_hd__dfrtp_2)
                                  0.224353    9.974353   library recovery time
                                              9.974353   data required time
---------------------------------------------------------------------------------------------
                                              9.974353   data required time
                                             -2.093239   data arrival time
---------------------------------------------------------------------------------------------
                                              7.881114   slack (MET)


Startpoint: rst_n (input port clocked by clk)
Endpoint: _43_ (recovery check against rising-edge clock clk)
Path Group: asynchronous
Path Type: max

Fanout         Cap        Slew       Delay        Time   Description
---------------------------------------------------------------------------------------------
                      0.150000    0.000000    0.000000   clock clk (rise edge)
                                  0.000000    0.000000   clock network delay (ideal)
                                  2.000000    2.000000 ^ input external delay
     8    0.028896    0.137334    0.093239    2.093239 ^ rst_n (in)
                      0.137334    0.000000    2.093239 ^ _43_/RESET_B (sky130_fd_sc_hd__dfrtp_2)
                                              2.093239   data arrival time

                      0.150000   10.000000   10.000000   clock clk (rise edge)
                                  0.000000   10.000000   clock network delay (ideal)
                                 -0.250000    9.750000   clock uncertainty
                                  0.000000    9.750000   clock reconvergence pessimism
                                              9.750000 ^ _43_/CLK (sky130_fd_sc_hd__dfrtp_2)
                                  0.224353    9.974353   library recovery time
                                              9.974353   data required time
---------------------------------------------------------------------------------------------
                                              9.974353   data required time
                                             -2.093239   data arrival time
---------------------------------------------------------------------------------------------
                                              7.881114   slack (MET)


Startpoint: rst_n (input port clocked by clk)
Endpoint: _44_ (recovery check against rising-edge clock clk)
Path Group: asynchronous
Path Type: max

Fanout         Cap        Slew       Delay        Time   Description
---------------------------------------------------------------------------------------------
                      0.150000    0.000000    0.000000   clock clk (rise edge)
                                  0.000000    0.000000   clock network delay (ideal)
                                  2.000000    2.000000 ^ input external delay
     8    0.028896    0.137334    0.093239    2.093239 ^ rst_n (in)
                      0.137334    0.000000    2.093239 ^ _44_/RESET_B (sky130_fd_sc_hd__dfrtp_2)
                                              2.093239   data arrival time

                      0.150000   10.000000   10.000000   clock clk (rise edge)
                                  0.000000   10.000000   clock network delay (ideal)
                                 -0.250000    9.750000   clock uncertainty
                                  0.000000    9.750000   clock reconvergence pessimism
                                              9.750000 ^ _44_/CLK (sky130_fd_sc_hd__dfrtp_2)
                                  0.224353    9.974353   library recovery time
                                              9.974353   data required time
---------------------------------------------------------------------------------------------
                                              9.974353   data required time
                                             -2.093239   data arrival time
---------------------------------------------------------------------------------------------
                                              7.881114   slack (MET)



