Clock: clk
Sources: clk 
Generated: no
Virtual: yes
Propagated: no
Period: 10.000000

===========================================================================
report_clock_properties
============================================================================
Clock                   Period          Waveform
----------------------------------------------------
clk                  10.000000    0.000000  5.000000

===========================================================================
report_clock_latency
============================================================================
Clock clk
rise -> rise
    min     max
0.000000 0.000000 source latency
0.233782         network latency _44_/CLK
        0.234173 network latency _41_/CLK
---------------
0.233782 0.234173 latency
        0.000391 skew

fall -> fall
    min     max
0.000000 0.000000 source latency
0.216257         network latency _39_/CLK
        0.216641 network latency _41_/CLK
---------------
0.216257 0.216641 latency
        0.000384 skew



===========================================================================
report_clock_min_period
============================================================================
clk period_min = 1.10 fmax = 905.33
