94. Printing statistics.

=== counter ===

   Number of wires:                 18
   Number of wire bits:             39
   Number of public wires:           5
   Number of public wire bits:      12
   Number of ports:                  5
   Number of port bits:             12
   Number of memories:               0
   Number of memory bits:            0
   Number of processes:              0
   Number of cells:                 28
     $_ANDNOT_                       4
     $_DFFE_PN0P_                    8
     $_NAND_                         4
     $_NOT_                          1
     $_OR_                           4
     $_XNOR_                         3
     $_XOR_                          4

   Area for cell type $_NOT_ is unknown!
   Area for cell type $_NAND_ is unknown!
   Area for cell type $_OR_ is unknown!
   Area for cell type $_XOR_ is unknown!
   Area for cell type $_XNOR_ is unknown!
   Area for cell type $_ANDNOT_ is unknown!
   Area for cell type $_DFFE_PN0P_ is unknown!

