
===========================================================================
report_checks -path_delay max (Setup)
============================================================================
======================= max_tt_025C_1v80 Corner ===================================

Warning: corner.tcl line 67, unknown field nets.
Warning: corner.tcl line 67, report_checks -group_count is deprecated. Use -group_path_count instead.
Startpoint: enable (input port clocked by clk)
Endpoint: overflow (output port clocked by clk)
Path Group: clk
Path Type: max

Fanout         Cap        Slew       Delay        Time   Description
---------------------------------------------------------------------------------------------
                      0.150000    0.000000    0.000000   clock clk (rise edge)
                                  0.000000    0.000000   clock network delay (ideal)
                                  2.000000    2.000000 ^ input external delay
     4    0.016731    0.082822    0.055281    2.055281 ^ enable (in)
                      0.082822    0.000000    2.055281 ^ _19_/D (sky130_fd_sc_hd__and4_2)
     6    0.027202    0.163954    0.328618    2.383900 ^ _19_/X (sky130_fd_sc_hd__and4_2)
                      0.163975    0.001911    2.385811 ^ _23_/C (sky130_fd_sc_hd__and4_2)
     2    0.012941    0.097796    0.286747    2.672558 ^ _23_/X (sky130_fd_sc_hd__and4_2)
                      0.097799    0.000719    2.673277 ^ _24_/B (sky130_fd_sc_hd__and2_2)
     1    0.033442    0.181245    0.257900    2.931178 ^ _24_/X (sky130_fd_sc_hd__and2_2)
                      0.181245    0.000000    2.931178 ^ overflow (out)
                                              2.931178   data arrival time

                      0.150000   10.000000   10.000000   clock clk (rise edge)
                                  0.000000   10.000000   clock network delay (ideal)
                                 -0.250000    9.750000   clock uncertainty
                                  0.000000    9.750000   clock reconvergence pessimism
                                 -2.000000    7.750000   output external delay
                                              7.750000   data required time
---------------------------------------------------------------------------------------------
                                              7.750000   data required time
                                             -2.931178   data arrival time
---------------------------------------------------------------------------------------------
                                              4.818822   slack (MET)


Startpoint: enable (input port clocked by clk)
Endpoint: _42_ (rising edge-triggered flip-flop clocked by clk)
Path Group: clk
Path Type: max

Fanout         Cap        Slew       Delay        Time   Description
---------------------------------------------------------------------------------------------
                      0.150000    0.000000    0.000000   clock clk (rise edge)
                                  0.000000    0.000000   clock network delay (ideal)
                                  2.000000    2.000000 ^ input external delay
     4    0.016731    0.082822    0.055281    2.055281 ^ enable (in)
                      0.082822    0.000000    2.055281 ^ _19_/D (sky130_fd_sc_hd__and4_2)
     6    0.027202    0.163954    0.328618    2.383900 ^ _19_/X (sky130_fd_sc_hd__and4_2)
                      0.163971    0.001747    2.385647 ^ _22_/B (sky130_fd_sc_hd__and3_2)
     2    0.011489    0.082467    0.236042    2.621689 ^ _22_/X (sky130_fd_sc_hd__and3_2)
                      0.082467    0.000378    2.622067 ^ _34_/A_N (sky130_fd_sc_hd__and2b_2)
     1    0.002546    0.034730    0.212017    2.834084 v _34_/X (sky130_fd_sc_hd__and2b_2)
                      0.034730    0.000171    2.834255 v _42_/D (sky130_fd_sc_hd__dfrtp_2)
                                              2.834255   data arrival time

                      0.150000   10.000000   10.000000   clock clk (rise edge)
                                  0.000000   10.000000   clock network delay (ideal)
                                 -0.250000    9.750000   clock uncertainty
                                  0.000000    9.750000   clock reconvergence pessimism
                                              9.750000 ^ _42_/CLK (sky130_fd_sc_hd__dfrtp_2)
                                 -0.086728    9.663272   library setup time
                                              9.663272   data required time
---------------------------------------------------------------------------------------------
                                              9.663272   data required time
                                             -2.834255   data arrival time
---------------------------------------------------------------------------------------------
                                              6.829018   slack (MET)


Startpoint: enable (input port clocked by clk)
Endpoint: _40_ (rising edge-triggered flip-flop clocked by clk)
Path Group: clk
Path Type: max

Fanout         Cap        Slew       Delay        Time   Description
---------------------------------------------------------------------------------------------
                      0.150000    0.000000    0.000000   clock clk (rise edge)
                                  0.000000    0.000000   clock network delay (ideal)
                                  2.000000    2.000000 v input external delay
     4    0.015382    0.036468    0.024790    2.024790 v enable (in)
                      0.036468    0.000000    2.024790 v _19_/D (sky130_fd_sc_hd__and4_2)
     6    0.025811    0.089643    0.285542    2.310332 v _19_/X (sky130_fd_sc_hd__and4_2)
                      0.089668    0.001456    2.311787 v _30_/B (sky130_fd_sc_hd__or2_2)
     1    0.001660    0.049685    0.275646    2.587433 v _30_/X (sky130_fd_sc_hd__or2_2)
                      0.049685    0.000077    2.587510 v _31_/B (sky130_fd_sc_hd__and2_2)
     1    0.002833    0.036492    0.184366    2.771876 v _31_/X (sky130_fd_sc_hd__and2_2)
                      0.036492    0.000119    2.771995 v _40_/D (sky130_fd_sc_hd__dfrtp_2)
                                              2.771995   data arrival time

                      0.150000   10.000000   10.000000   clock clk (rise edge)
                                  0.000000   10.000000   clock network delay (ideal)
                                 -0.250000    9.750000   clock uncertainty
                                  0.000000    9.750000   clock reconvergence pessimism
                                              9.750000 ^ _40_/CLK (sky130_fd_sc_hd__dfrtp_2)
                                 -0.087496    9.662504   library setup time
                                              9.662504   data required time
---------------------------------------------------------------------------------------------
                                              9.662504   data required time
                                             -2.771995   data arrival time
---------------------------------------------------------------------------------------------
                                              6.890509   slack (MET)


Startpoint: enable (input port clocked by clk)
Endpoint: _44_ (rising edge-triggered flip-flop clocked by clk)
Path Group: clk
Path Type: max

Fanout         Cap        Slew       Delay        Time   Description
---------------------------------------------------------------------------------------------
                      0.150000    0.000000    0.000000   clock clk (rise edge)
                                  0.000000    0.000000   clock network delay (ideal)
                                  2.000000    2.000000 ^ input external delay
     4    0.016731    0.082822    0.055281    2.055281 ^ enable (in)
                      0.082822    0.000000    2.055281 ^ _19_/D (sky130_fd_sc_hd__and4_2)
     6    0.027202    0.163954    0.328618    2.383900 ^ _19_/X (sky130_fd_sc_hd__and4_2)
                      0.163975    0.001911    2.385811 ^ _23_/C (sky130_fd_sc_hd__and4_2)
     2    0.012941    0.097796    0.286747    2.672558 ^ _23_/X (sky130_fd_sc_hd__and4_2)
                      0.097808    0.001073    2.673631 ^ _36_/B (sky130_fd_sc_hd__xor2_2)
     1    0.002472    0.088224    0.125743    2.799374 ^ _36_/X (sky130_fd_sc_hd__xor2_2)
                      0.088225    0.000170    2.799543 ^ _44_/D (sky130_fd_sc_hd__dfrtp_2)
                                              2.799543   data arrival time

                      0.150000   10.000000   10.000000   clock clk (rise edge)
                                  0.000000   10.000000   clock network delay (ideal)
                                 -0.250000    9.750000   clock uncertainty
                                  0.000000    9.750000   clock reconvergence pessimism
                                              9.750000 ^ _44_/CLK (sky130_fd_sc_hd__dfrtp_2)
                                 -0.057353    9.692647   library setup time
                                              9.692647   data required time
---------------------------------------------------------------------------------------------
                                              9.692647   data required time
                                             -2.799543   data arrival time
---------------------------------------------------------------------------------------------
                                              6.893104   slack (MET)


Startpoint: enable (input port clocked by clk)
Endpoint: _43_ (rising edge-triggered flip-flop clocked by clk)
Path Group: clk
Path Type: max

Fanout         Cap        Slew       Delay        Time   Description
---------------------------------------------------------------------------------------------
                      0.150000    0.000000    0.000000   clock clk (rise edge)
                                  0.000000    0.000000   clock network delay (ideal)
                                  2.000000    2.000000 ^ input external delay
     4    0.016731    0.082822    0.055281    2.055281 ^ enable (in)
                      0.082822    0.000000    2.055281 ^ _19_/D (sky130_fd_sc_hd__and4_2)
     6    0.027202    0.163954    0.328618    2.383900 ^ _19_/X (sky130_fd_sc_hd__and4_2)
                      0.163971    0.001747    2.385647 ^ _22_/B (sky130_fd_sc_hd__and3_2)
     2    0.011489    0.082467    0.236042    2.621689 ^ _22_/X (sky130_fd_sc_hd__and3_2)
                      0.082469    0.000514    2.622203 ^ _35_/B (sky130_fd_sc_hd__xor2_2)
     1    0.003104    0.094789    0.128117    2.750320 ^ _35_/X (sky130_fd_sc_hd__xor2_2)
                      0.094789    0.000203    2.750523 ^ _43_/D (sky130_fd_sc_hd__dfrtp_2)
                                              2.750523   data arrival time

                      0.150000   10.000000   10.000000   clock clk (rise edge)
                                  0.000000   10.000000   clock network delay (ideal)
                                 -0.250000    9.750000   clock uncertainty
                                  0.000000    9.750000   clock reconvergence pessimism
                                              9.750000 ^ _43_/CLK (sky130_fd_sc_hd__dfrtp_2)
                                 -0.058852    9.691149   library setup time
                                              9.691149   data required time
---------------------------------------------------------------------------------------------
                                              9.691149   data required time
                                             -2.750523   data arrival time
---------------------------------------------------------------------------------------------
                                              6.940626   slack (MET)


Startpoint: enable (input port clocked by clk)
Endpoint: _41_ (rising edge-triggered flip-flop clocked by clk)
Path Group: clk
Path Type: max

Fanout         Cap        Slew       Delay        Time   Description
---------------------------------------------------------------------------------------------
                      0.150000    0.000000    0.000000   clock clk (rise edge)
                                  0.000000    0.000000   clock network delay (ideal)
                                  2.000000    2.000000 ^ input external delay
     4    0.016731    0.082822    0.055281    2.055281 ^ enable (in)
                      0.082822    0.000000    2.055281 ^ _19_/D (sky130_fd_sc_hd__and4_2)
     6    0.027202    0.163954    0.328618    2.383900 ^ _19_/X (sky130_fd_sc_hd__and4_2)
                      0.163968    0.001615    2.385515 ^ _20_/B (sky130_fd_sc_hd__nand2_2)
     2    0.009982    0.079538    0.092137    2.477652 v _20_/Y (sky130_fd_sc_hd__nand2_2)
                      0.079546    0.000637    2.478289 v _32_/B (sky130_fd_sc_hd__xnor2_2)
     1    0.002383    0.053054    0.132609    2.610898 v _32_/Y (sky130_fd_sc_hd__xnor2_2)
                      0.053054    0.000164    2.611063 v _41_/D (sky130_fd_sc_hd__dfrtp_2)
                                              2.611063   data arrival time

                      0.150000   10.000000   10.000000   clock clk (rise edge)
                                  0.000000   10.000000   clock network delay (ideal)
                                 -0.250000    9.750000   clock uncertainty
                                  0.000000    9.750000   clock reconvergence pessimism
                                              9.750000 ^ _41_/CLK (sky130_fd_sc_hd__dfrtp_2)
                                 -0.094719    9.655281   library setup time
                                              9.655281   data required time
---------------------------------------------------------------------------------------------
                                              9.655281   data required time
                                             -2.611063   data arrival time
---------------------------------------------------------------------------------------------
                                              7.044219   slack (MET)


Startpoint: _37_ (rising edge-triggered flip-flop clocked by clk)
Endpoint: count[0] (output port clocked by clk)
Path Group: clk
Path Type: max

Fanout         Cap        Slew       Delay        Time   Description
---------------------------------------------------------------------------------------------
                      0.150000    0.000000    0.000000   clock clk (rise edge)
                                  0.000000    0.000000   clock network delay (ideal)
                      0.150000    0.000000    0.000000 ^ _37_/CLK (sky130_fd_sc_hd__dfrtp_2)
     5    0.050381    0.248058    0.539228    0.539228 ^ _37_/Q (sky130_fd_sc_hd__dfrtp_2)
                      0.248058    0.000000    0.539228 ^ count[0] (out)
                                              0.539228   data arrival time

                      0.150000   10.000000   10.000000   clock clk (rise edge)
                                  0.000000   10.000000   clock network delay (ideal)
                                 -0.250000    9.750000   clock uncertainty
                                  0.000000    9.750000   clock reconvergence pessimism
                                 -2.000000    7.750000   output external delay
                                              7.750000   data required time
---------------------------------------------------------------------------------------------
                                              7.750000   data required time
                                             -0.539228   data arrival time
---------------------------------------------------------------------------------------------
                                              7.210772   slack (MET)


Startpoint: _41_ (rising edge-triggered flip-flop clocked by clk)
Endpoint: count[4] (output port clocked by clk)
Path Group: clk
Path Type: max

Fanout         Cap        Slew       Delay        Time   Description
---------------------------------------------------------------------------------------------
                      0.150000    0.000000    0.000000   clock clk (rise edge)
                                  0.000000    0.000000   clock network delay (ideal)
                      0.150000    0.000000    0.000000 ^ _41_/CLK (sky130_fd_sc_hd__dfrtp_2)
     4    0.045415    0.135068    0.529130    0.529130 v _41_/Q (sky130_fd_sc_hd__dfrtp_2)
                      0.135068    0.000000    0.529130 v count[4] (out)
                                              0.529130   data arrival time

                      0.150000   10.000000   10.000000   clock clk (rise edge)
                                  0.000000   10.000000   clock network delay (ideal)
                                 -0.250000    9.750000   clock uncertainty
                                  0.000000    9.750000   clock reconvergence pessimism
                                 -2.000000    7.750000   output external delay
                                              7.750000   data required time
---------------------------------------------------------------------------------------------
                                              7.750000   data required time
                                             -0.529130   data arrival time
---------------------------------------------------------------------------------------------
                                              7.220870   slack (MET)


Startpoint: enable (input port clocked by clk)
Endpoint: _39_ (rising edge-triggered flip-flop clocked by clk)
Path Group: clk
Path Type: max

Fanout         Cap        Slew       Delay        Time   Description
---------------------------------------------------------------------------------------------
                      0.150000    0.000000    0.000000   clock clk (rise edge)
                                  0.000000    0.000000   clock network delay (ideal)
                                  2.000000    2.000000 ^ input external delay
     4    0.016731    0.082822    0.055281    2.055281 ^ enable (in)
                      0.082822    0.000000    2.055281 ^ _19_/D (sky130_fd_sc_hd__and4_2)
     6    0.027202    0.163954    0.328618    2.383900 ^ _19_/X (sky130_fd_sc_hd__and4_2)
                      0.163957    0.000996    2.384896 ^ _29_/A (sky130_fd_sc_hd__nor2_2)
     1    0.002454    0.038294    0.054903    2.439798 v _29_/Y (sky130_fd_sc_hd__nor2_2)
                      0.038294    0.000117    2.439915 v _39_/D (sky130_fd_sc_hd__dfrtp_2)
                                              2.439915   data arrival time

                      0.150000   10.000000   10.000000   clock clk (rise edge)
                                  0.000000   10.000000   clock network delay (ideal)
                                 -0.250000    9.750000   clock uncertainty
                                  0.000000    9.750000   clock reconvergence pessimism
                                              9.750000 ^ _39_/CLK (sky130_fd_sc_hd__dfrtp_2)
                                 -0.088282    9.661718   library setup time
                                              9.661718   data required time
---------------------------------------------------------------------------------------------
                                              9.661718   data required time
                                             -2.439915   data arrival time
---------------------------------------------------------------------------------------------
                                              7.221802   slack (MET)


Startpoint: _40_ (rising edge-triggered flip-flop clocked by clk)
Endpoint: count[3] (output port clocked by clk)
Path Group: clk
Path Type: max

Fanout         Cap        Slew       Delay        Time   Description
---------------------------------------------------------------------------------------------
                      0.150000    0.000000    0.000000   clock clk (rise edge)
                                  0.000000    0.000000   clock network delay (ideal)
                      0.150000    0.000000    0.000000 ^ _40_/CLK (sky130_fd_sc_hd__dfrtp_2)
     6    0.044329    0.132828    0.527147    0.527147 v _40_/Q (sky130_fd_sc_hd__dfrtp_2)
                      0.132828    0.000000    0.527147 v count[3] (out)
                                              0.527147   data arrival time

                      0.150000   10.000000   10.000000   clock clk (rise edge)
                                  0.000000   10.000000   clock network delay (ideal)
                                 -0.250000    9.750000   clock uncertainty
                                  0.000000    9.750000   clock reconvergence pessimism
                                 -2.000000    7.750000   output external delay
                                              7.750000   data required time
---------------------------------------------------------------------------------------------
                                              7.750000   data required time
                                             -0.527147   data arrival time
---------------------------------------------------------------------------------------------
                                              7.222854   slack (MET)


Startpoint: _43_ (rising edge-triggered flip-flop clocked by clk)
Endpoint: count[6] (output port clocked by clk)
Path Group: clk
Path Type: max

Fanout         Cap        Slew       Delay        Time   Description
---------------------------------------------------------------------------------------------
                      0.150000    0.000000    0.000000   clock clk (rise edge)
                                  0.000000    0.000000   clock network delay (ideal)
                      0.150000    0.000000    0.000000 ^ _43_/CLK (sky130_fd_sc_hd__dfrtp_2)
     3    0.043523    0.131166    0.525674    0.525674 v _43_/Q (sky130_fd_sc_hd__dfrtp_2)
                      0.131166    0.000000    0.525674 v count[6] (out)
                                              0.525674   data arrival time

                      0.150000   10.000000   10.000000   clock clk (rise edge)
                                  0.000000   10.000000   clock network delay (ideal)
                                 -0.250000    9.750000   clock uncertainty
                                  0.000000    9.750000   clock reconvergence pessimism
                                 -2.000000    7.750000   output external delay
                                              7.750000   data required time
---------------------------------------------------------------------------------------------
                                              7.750000   data required time
                                             -0.525674   data arrival time
---------------------------------------------------------------------------------------------
                                              7.224326   slack (MET)


Startpoint: _44_ (rising edge-triggered flip-flop clocked by clk)
Endpoint: count[7] (output port clocked by clk)
Path Group: clk
Path Type: max

Fanout         Cap        Slew       Delay        Time   Description
---------------------------------------------------------------------------------------------
                      0.150000    0.000000    0.000000   clock clk (rise edge)
                                  0.000000    0.000000   clock network delay (ideal)
                      0.150000    0.000000    0.000000 ^ _44_/CLK (sky130_fd_sc_hd__dfrtp_2)
     3    0.043444    0.131003    0.525530    0.525530 v _44_/Q (sky130_fd_sc_hd__dfrtp_2)
                      0.131003    0.000000    0.525530 v count[7] (out)
                                              0.525530   data arrival time

                      0.150000   10.000000   10.000000   clock clk (rise edge)
                                  0.000000   10.000000   clock network delay (ideal)
                                 -0.250000    9.750000   clock uncertainty
                                  0.000000    9.750000   clock reconvergence pessimism
                                 -2.000000    7.750000   output external delay
                                              7.750000   data required time
---------------------------------------------------------------------------------------------
                                              7.750000   data required time
                                             -0.525530   data arrival time
---------------------------------------------------------------------------------------------
                                              7.224470   slack (MET)


Startpoint: _38_ (rising edge-triggered flip-flop clocked by clk)
Endpoint: count[1] (output port clocked by clk)
Path Group: clk
Path Type: max

Fanout         Cap        Slew       Delay        Time   Description
---------------------------------------------------------------------------------------------
                      0.150000    0.000000    0.000000   clock clk (rise edge)
                                  0.000000    0.000000   clock network delay (ideal)
                      0.150000    0.000000    0.000000 ^ _38_/CLK (sky130_fd_sc_hd__dfrtp_2)
     4    0.040533    0.124999    0.520213    0.520213 v _38_/Q (sky130_fd_sc_hd__dfrtp_2)
                      0.124999    0.000000    0.520213 v count[1] (out)
                                              0.520213   data arrival time

                      0.150000   10.000000   10.000000   clock clk (rise edge)
                                  0.000000   10.000000   clock network delay (ideal)
                                 -0.250000    9.750000   clock uncertainty
                                  0.000000    9.750000   clock reconvergence pessimism
                                 -2.000000    7.750000   output external delay
                                              7.750000   data required time
---------------------------------------------------------------------------------------------
                                              7.750000   data required time
                                             -0.520213   data arrival time
---------------------------------------------------------------------------------------------
                                              7.229787   slack (MET)


Startpoint: _39_ (rising edge-triggered flip-flop clocked by clk)
Endpoint: count[2] (output port clocked by clk)
Path Group: clk
Path Type: max

Fanout         Cap        Slew       Delay        Time   Description
---------------------------------------------------------------------------------------------
                      0.150000    0.000000    0.000000   clock clk (rise edge)
                                  0.000000    0.000000   clock network delay (ideal)
                      0.150000    0.000000    0.000000 ^ _39_/CLK (sky130_fd_sc_hd__dfrtp_2)
     3    0.039121    0.122087    0.517634    0.517634 v _39_/Q (sky130_fd_sc_hd__dfrtp_2)
                      0.122087    0.000000    0.517634 v count[2] (out)
                                              0.517634   data arrival time

                      0.150000   10.000000   10.000000   clock clk (rise edge)
                                  0.000000   10.000000   clock network delay (ideal)
                                 -0.250000    9.750000   clock uncertainty
                                  0.000000    9.750000   clock reconvergence pessimism
                                 -2.000000    7.750000   output external delay
                                              7.750000   data required time
---------------------------------------------------------------------------------------------
                                              7.750000   data required time
                                             -0.517634   data arrival time
---------------------------------------------------------------------------------------------
                                              7.232366   slack (MET)


Startpoint: _42_ (rising edge-triggered flip-flop clocked by clk)
Endpoint: count[5] (output port clocked by clk)
Path Group: clk
Path Type: max

Fanout         Cap        Slew       Delay        Time   Description
---------------------------------------------------------------------------------------------
                      0.150000    0.000000    0.000000   clock clk (rise edge)
                                  0.000000    0.000000   clock network delay (ideal)
                      0.150000    0.000000    0.000000 ^ _42_/CLK (sky130_fd_sc_hd__dfrtp_2)
     3    0.037007    0.117704    0.513590    0.513590 v _42_/Q (sky130_fd_sc_hd__dfrtp_2)
                      0.117704    0.000000    0.513590 v count[5] (out)
                                              0.513590   data arrival time

                      0.150000   10.000000   10.000000   clock clk (rise edge)
                                  0.000000   10.000000   clock network delay (ideal)
                                 -0.250000    9.750000   clock uncertainty
                                  0.000000    9.750000   clock reconvergence pessimism
                                 -2.000000    7.750000   output external delay
                                              7.750000   data required time
---------------------------------------------------------------------------------------------
                                              7.750000   data required time
                                             -0.513590   data arrival time
---------------------------------------------------------------------------------------------
                                              7.236410   slack (MET)


Startpoint: enable (input port clocked by clk)
Endpoint: _38_ (rising edge-triggered flip-flop clocked by clk)
Path Group: clk
Path Type: max

Fanout         Cap        Slew       Delay        Time   Description
---------------------------------------------------------------------------------------------
                      0.150000    0.000000    0.000000   clock clk (rise edge)
                                  0.000000    0.000000   clock network delay (ideal)
                                  2.000000    2.000000 v input external delay
     4    0.015382    0.036468    0.024790    2.024790 v enable (in)
                      0.036468    0.000000    2.024790 v _18_/C (sky130_fd_sc_hd__and3_2)
     2    0.009813    0.054630    0.223153    2.247942 v _18_/X (sky130_fd_sc_hd__and3_2)
                      0.054637    0.000647    2.248590 v _27_/A (sky130_fd_sc_hd__nor2_2)
     1    0.002847    0.062159    0.096102    2.344692 ^ _27_/Y (sky130_fd_sc_hd__nor2_2)
                      0.062159    0.000186    2.344878 ^ _38_/D (sky130_fd_sc_hd__dfrtp_2)
                                              2.344878   data arrival time

                      0.150000   10.000000   10.000000   clock clk (rise edge)
                                  0.000000   10.000000   clock network delay (ideal)
                                 -0.250000    9.750000   clock uncertainty
                                  0.000000    9.750000   clock reconvergence pessimism
                                              9.750000 ^ _38_/CLK (sky130_fd_sc_hd__dfrtp_2)
                                 -0.051402    9.698598   library setup time
                                              9.698598   data required time
---------------------------------------------------------------------------------------------
                                              9.698598   data required time
                                             -2.344878   data arrival time
---------------------------------------------------------------------------------------------
                                              7.353720   slack (MET)


Startpoint: enable (input port clocked by clk)
Endpoint: _37_ (rising edge-triggered flip-flop clocked by clk)
Path Group: clk
Path Type: max

Fanout         Cap        Slew       Delay        Time   Description
---------------------------------------------------------------------------------------------
                      0.150000    0.000000    0.000000   clock clk (rise edge)
                                  0.000000    0.000000   clock network delay (ideal)
                                  2.000000    2.000000 v input external delay
     4    0.015382    0.036468    0.024790    2.024790 v enable (in)
                      0.036468    0.000000    2.024790 v _25_/B (sky130_fd_sc_hd__xor2_2)
     1    0.003233    0.060055    0.132345    2.157134 v _25_/X (sky130_fd_sc_hd__xor2_2)
                      0.060055    0.000201    2.157335 v _37_/D (sky130_fd_sc_hd__dfrtp_2)
                                              2.157335   data arrival time

                      0.150000   10.000000   10.000000   clock clk (rise edge)
                                  0.000000   10.000000   clock network delay (ideal)
                                 -0.250000    9.750000   clock uncertainty
                                  0.000000    9.750000   clock reconvergence pessimism
                                              9.750000 ^ _37_/CLK (sky130_fd_sc_hd__dfrtp_2)
                                 -0.097773    9.652227   library setup time
                                              9.652227   data required time
---------------------------------------------------------------------------------------------
                                              9.652227   data required time
                                             -2.157335   data arrival time
---------------------------------------------------------------------------------------------
                                              7.494892   slack (MET)


Startpoint: rst_n (input port clocked by clk)
Endpoint: _37_ (recovery check against rising-edge clock clk)
Path Group: asynchronous
Path Type: max

Fanout         Cap        Slew       Delay        Time   Description
---------------------------------------------------------------------------------------------
                      0.150000    0.000000    0.000000   clock clk (rise edge)
                                  0.000000    0.000000   clock network delay (ideal)
                                  2.000000    2.000000 ^ input external delay
     8    0.028896    0.137334    0.093239    2.093239 ^ rst_n (in)
                      0.137334    0.000000    2.093239 ^ _37_/RESET_B (sky130_fd_sc_hd__dfrtp_2)
                                              2.093239   data arrival time

                      0.150000   10.000000   10.000000   clock clk (rise edge)
                                  0.000000   10.000000   clock network delay (ideal)
                                 -0.250000    9.750000   clock uncertainty
                                  0.000000    9.750000   clock reconvergence pessimism
                                              9.750000 ^ _37_/CLK (sky130_fd_sc_hd__dfrtp_2)
                                  0.224353    9.974353   library recovery time
                                              9.974353   data required time
---------------------------------------------------------------------------------------------
                                              9.974353   data required time
                                             -2.093239   data arrival time
---------------------------------------------------------------------------------------------
                                              7.881114   slack (MET)


Startpoint: rst_n (input port clocked by clk)
Endpoint: _38_ (recovery check against rising-edge clock clk)
Path Group: asynchronous
Path Type: max

Fanout         Cap        Slew       Delay        Time   Description
---------------------------------------------------------------------------------------------
                      0.150000    0.000000    0.000000   clock clk (rise edge)
                                  0.000000    0.000000   clock network delay (ideal)
                                  2.000000    2.000000 ^ input external delay
     8    0.028896    0.137334    0.093239    2.093239 ^ rst_n (in)
                      0.137334    0.000000    2.093239 ^ _38_/RESET_B (sky130_fd_sc_hd__dfrtp_2)
                                              2.093239   data arrival time

                      0.150000   10.000000   10.000000   clock clk (rise edge)
                                  0.000000   10.000000   clock network delay (ideal)
                                 -0.250000    9.750000   clock uncertainty
                                  0.000000    9.750000   clock reconvergence pessimism
                                              9.750000 ^ _38_/CLK (sky130_fd_sc_hd__dfrtp_2)
                                  0.224353    9.974353   library recovery time
                                              9.974353   data required time
---------------------------------------------------------------------------------------------
                                              9.974353   data required time
                                             -2.093239   data arrival time
---------------------------------------------------------------------------------------------
                                              7.881114   slack (MET)


Startpoint: rst_n (input port clocked by clk)
Endpoint: _39_ (recovery check against rising-edge clock clk)
Path Group: asynchronous
Path Type: max

Fanout         Cap        Slew       Delay        Time   Description
---------------------------------------------------------------------------------------------
                      0.150000    0.000000    0.000000   clock clk (rise edge)
                                  0.000000    0.000000   clock network delay (ideal)
                                  2.000000    2.000000 ^ input external delay
     8    0.028896    0.137334    0.093239    2.093239 ^ rst_n (in)
                      0.137334    0.000000    2.093239 ^ _39_/RESET_B (sky130_fd_sc_hd__dfrtp_2)
                                              2.093239   data arrival time

                      0.150000   10.000000   10.000000   clock clk (rise edge)
                                  0.000000   10.000000   clock network delay (ideal)
                                 -0.250000    9.750000   clock uncertainty
                                  0.000000    9.750000   clock reconvergence pessimism
                                              9.750000 ^ _39_/CLK (sky130_fd_sc_hd__dfrtp_2)
                                  0.224353    9.974353   library recovery time
                                              9.974353   data required time
---------------------------------------------------------------------------------------------
                                              9.974353   data required time
                                             -2.093239   data arrival time
---------------------------------------------------------------------------------------------
                                              7.881114   slack (MET)


Startpoint: rst_n (input port clocked by clk)
Endpoint: _40_ (recovery check against rising-edge clock clk)
Path Group: asynchronous
Path Type: max

Fanout         Cap        Slew       Delay        Time   Description
---------------------------------------------------------------------------------------------
                      0.150000    0.000000    0.000000   clock clk (rise edge)
                                  0.000000    0.000000   clock network delay (ideal)
                                  2.000000    2.000000 ^ input external delay
     8    0.028896    0.137334    0.093239    2.093239 ^ rst_n (in)
                      0.137334    0.000000    2.093239 ^ _40_/RESET_B (sky130_fd_sc_hd__dfrtp_2)
                                              2.093239   data arrival time

                      0.150000   10.000000   10.000000   clock clk (rise edge)
                                  0.000000   10.000000   clock network delay (ideal)
                                 -0.250000    9.750000   clock uncertainty
                                  0.000000    9.750000   clock reconvergence pessimism
                                              9.750000 ^ _40_/CLK (sky130_fd_sc_hd__dfrtp_2)
                                  0.224353    9.974353   library recovery time
                                              9.974353   data required time
---------------------------------------------------------------------------------------------
                                              9.974353   data required time
                                             -2.093239   data arrival time
---------------------------------------------------------------------------------------------
                                              7.881114   slack (MET)


Startpoint: rst_n (input port clocked by clk)
Endpoint: _41_ (recovery check against rising-edge clock clk)
Path Group: asynchronous
Path Type: max

Fanout         Cap        Slew       Delay        Time   Description
---------------------------------------------------------------------------------------------
                      0.150000    0.000000    0.000000   clock clk (rise edge)
                                  0.000000    0.000000   clock network delay (ideal)
                                  2.000000    2.000000 ^ input external delay
     8    0.028896    0.137334    0.093239    2.093239 ^ rst_n (in)
                      0.137334    0.000000    2.093239 ^ _41_/RESET_B (sky130_fd_sc_hd__dfrtp_2)
                                              2.093239   data arrival time

                      0.150000   10.000000   10.000000   clock clk (rise edge)
                                  0.000000   10.000000   clock network delay (ideal)
                                 -0.250000    9.750000   clock uncertainty
                                  0.000000    9.750000   clock reconvergence pessimism
                                              9.750000 ^ _41_/CLK (sky130_fd_sc_hd__dfrtp_2)
                                  0.224353    9.974353   library recovery time
                                              9.974353   data required time
---------------------------------------------------------------------------------------------
                                              9.974353   data required time
                                             -2.093239   data arrival time
---------------------------------------------------------------------------------------------
                                              7.881114   slack (MET)


Startpoint: rst_n (input port clocked by clk)
Endpoint: _42_ (recovery check against rising-edge clock clk)
Path Group: asynchronous
Path Type: max

Fanout         Cap        Slew       Delay        Time   Description
---------------------------------------------------------------------------------------------
                      0.150000    0.000000    0.000000   clock clk (rise edge)
                                  0.000000    0.000000   clock network delay (ideal)
                                  2.000000    2.000000 ^ input external delay
     8    0.028896    0.137334    0.093239    2.093239 ^ rst_n (in)
                      0.137334    0.000000    2.093239 ^ _42_/RESET_B (sky130_fd_sc_hd__dfrtp_2)
                                              2.093239   data arrival time

                      0.150000   10.000000   10.000000   clock clk (rise edge)
                                  0.000000   10.000000   clock network delay (ideal)
                                 -0.250000    9.750000   clock uncertainty
                                  0.000000    9.750000   clock reconvergence pessimism
                                              9.750000 ^ _42_/CLK (sky130_fd_sc_hd__dfrtp_2)
                                  0.224353    9.974353   library recovery time
                                              9.974353   data required time
---------------------------------------------------------------------------------------------
                                              9.974353   data required time
                                             -2.093239   data arrival time
---------------------------------------------------------------------------------------------
                                              7.881114   slack (MET)


Startpoint: rst_n (input port clocked by clk)
Endpoint: _43_ (recovery check against rising-edge clock clk)
Path Group: asynchronous
Path Type: max

Fanout         Cap        Slew       Delay        Time   Description
---------------------------------------------------------------------------------------------
                      0.150000    0.000000    0.000000   clock clk (rise edge)
                                  0.000000    0.000000   clock network delay (ideal)
                                  2.000000    2.000000 ^ input external delay
     8    0.028896    0.137334    0.093239    2.093239 ^ rst_n (in)
                      0.137334    0.000000    2.093239 ^ _43_/RESET_B (sky130_fd_sc_hd__dfrtp_2)
                                              2.093239   data arrival time

                      0.150000   10.000000   10.000000   clock clk (rise edge)
                                  0.000000   10.000000   clock network delay (ideal)
                                 -0.250000    9.750000   clock uncertainty
                                  0.000000    9.750000   clock reconvergence pessimism
                                              9.750000 ^ _43_/CLK (sky130_fd_sc_hd__dfrtp_2)
                                  0.224353    9.974353   library recovery time
                                              9.974353   data required time
---------------------------------------------------------------------------------------------
                                              9.974353   data required time
                                             -2.093239   data arrival time
---------------------------------------------------------------------------------------------
                                              7.881114   slack (MET)


Startpoint: rst_n (input port clocked by clk)
Endpoint: _44_ (recovery check against rising-edge clock clk)
Path Group: asynchronous
Path Type: max

Fanout         Cap        Slew       Delay        Time   Description
---------------------------------------------------------------------------------------------
                      0.150000    0.000000    0.000000   clock clk (rise edge)
                                  0.000000    0.000000   clock network delay (ideal)
                                  2.000000    2.000000 ^ input external delay
     8    0.028896    0.137334    0.093239    2.093239 ^ rst_n (in)
                      0.137334    0.000000    2.093239 ^ _44_/RESET_B (sky130_fd_sc_hd__dfrtp_2)
                                              2.093239   data arrival time

                      0.150000   10.000000   10.000000   clock clk (rise edge)
                                  0.000000   10.000000   clock network delay (ideal)
                                 -0.250000    9.750000   clock uncertainty
                                  0.000000    9.750000   clock reconvergence pessimism
                                              9.750000 ^ _44_/CLK (sky130_fd_sc_hd__dfrtp_2)
                                  0.224353    9.974353   library recovery time
                                              9.974353   data required time
---------------------------------------------------------------------------------------------
                                              9.974353   data required time
                                             -2.093239   data arrival time
---------------------------------------------------------------------------------------------
                                              7.881114   slack (MET)



