Clock: clk
Sources: clk 
Generated: no
Virtual: yes
Propagated: no
Period: 10.000000

===========================================================================
report_clock_properties
============================================================================
Clock                   Period          Waveform
----------------------------------------------------
clk                  10.000000    0.000000  5.000000

===========================================================================
report_clock_latency
============================================================================
Clock clk
rise -> rise
    min     max
0.000000 0.000000 source latency
0.300852         network latency _43_/CLK
        0.302008 network latency _38_/CLK
---------------
0.300852 0.302008 latency
        0.001156 skew

fall -> fall
    min     max
0.000000 0.000000 source latency
0.297191         network latency _43_/CLK
        0.298163 network latency _38_/CLK
---------------
0.297191 0.298163 latency
        0.000972 skew



===========================================================================
report_clock_min_period
============================================================================
clk period_min = 1.52 fmax = 657.70
