
===========================================================================
report_checks -path_delay max (Setup)
============================================================================
======================= nom_tt_025C_1v80 Corner ===================================

Warning: corner.tcl line 67, unknown field nets.
Warning: corner.tcl line 67, report_checks -group_count is deprecated. Use -group_path_count instead.
Startpoint: enable (input port clocked by clk)
Endpoint: overflow (output port clocked by clk)
Path Group: clk
Path Type: max

Fanout         Cap        Slew       Delay        Time   Description
---------------------------------------------------------------------------------------------
                      0.150000    0.000000    0.000000   clock clk (rise edge)
                                  0.000000    0.000000   clock network delay (ideal)
                                  2.000000    2.000000 ^ input external delay
     4    0.016731    0.082822    0.055281    2.055281 ^ enable (in)
                      0.082822    0.000000    2.055281 ^ _19_/D (sky130_fd_sc_hd__and4_2)
     6    0.026558    0.160685    0.326547    2.381829 ^ _19_/X (sky130_fd_sc_hd__and4_2)
                      0.160688    0.001005    2.382833 ^ _23_/C (sky130_fd_sc_hd__and4_2)
     2    0.012731    0.096878    0.285402    2.668235 ^ _23_/X (sky130_fd_sc_hd__and4_2)
                      0.096878    0.000343    2.668578 ^ _24_/B (sky130_fd_sc_hd__and2_2)
     1    0.033442    0.181245    0.257631    2.926209 ^ _24_/X (sky130_fd_sc_hd__and2_2)
                      0.181245    0.000000    2.926209 ^ overflow (out)
                                              2.926209   data arrival time

                      0.150000   10.000000   10.000000   clock clk (rise edge)
                                  0.000000   10.000000   clock network delay (ideal)
                                 -0.250000    9.750000   clock uncertainty
                                  0.000000    9.750000   clock reconvergence pessimism
                                 -2.000000    7.750000   output external delay
                                              7.750000   data required time
---------------------------------------------------------------------------------------------
                                              7.750000   data required time
                                             -2.926209   data arrival time
---------------------------------------------------------------------------------------------
                                              4.823791   slack (MET)


Startpoint: enable (input port clocked by clk)
Endpoint: _42_ (rising edge-triggered flip-flop clocked by clk)
Path Group: clk
Path Type: max

Fanout         Cap        Slew       Delay        Time   Description
---------------------------------------------------------------------------------------------
                      0.150000    0.000000    0.000000   clock clk (rise edge)
                                  0.000000    0.000000   clock network delay (ideal)
                                  2.000000    2.000000 ^ input external delay
     4    0.016731    0.082822    0.055281    2.055281 ^ enable (in)
                      0.082822    0.000000    2.055281 ^ _19_/D (sky130_fd_sc_hd__and4_2)
     6    0.026558    0.160685    0.326547    2.381829 ^ _19_/X (sky130_fd_sc_hd__and4_2)
                      0.160687    0.000943    2.382771 ^ _22_/B (sky130_fd_sc_hd__and3_2)
     2    0.011355    0.081852    0.234703    2.617475 ^ _22_/X (sky130_fd_sc_hd__and3_2)
                      0.081852    0.000154    2.617629 ^ _34_/A_N (sky130_fd_sc_hd__and2b_2)
     1    0.002505    0.034614    0.211661    2.829289 v _34_/X (sky130_fd_sc_hd__and2b_2)
                      0.034614    0.000071    2.829360 v _42_/D (sky130_fd_sc_hd__dfrtp_2)
                                              2.829360   data arrival time

                      0.150000   10.000000   10.000000   clock clk (rise edge)
                                  0.000000   10.000000   clock network delay (ideal)
                                 -0.250000    9.750000   clock uncertainty
                                  0.000000    9.750000   clock reconvergence pessimism
                                              9.750000 ^ _42_/CLK (sky130_fd_sc_hd__dfrtp_2)
                                 -0.086677    9.663322   library setup time
                                              9.663322   data required time
---------------------------------------------------------------------------------------------
                                              9.663322   data required time
                                             -2.829360   data arrival time
---------------------------------------------------------------------------------------------
                                              6.833963   slack (MET)


Startpoint: enable (input port clocked by clk)
Endpoint: _40_ (rising edge-triggered flip-flop clocked by clk)
Path Group: clk
Path Type: max

Fanout         Cap        Slew       Delay        Time   Description
---------------------------------------------------------------------------------------------
                      0.150000    0.000000    0.000000   clock clk (rise edge)
                                  0.000000    0.000000   clock network delay (ideal)
                                  2.000000    2.000000 v input external delay
     4    0.015382    0.036468    0.024790    2.024790 v enable (in)
                      0.036468    0.000000    2.024790 v _19_/D (sky130_fd_sc_hd__and4_2)
     6    0.025167    0.087923    0.284531    2.309320 v _19_/X (sky130_fd_sc_hd__and4_2)
                      0.087928    0.000770    2.310091 v _30_/B (sky130_fd_sc_hd__or2_2)
     1    0.001656    0.049668    0.274963    2.585053 v _30_/X (sky130_fd_sc_hd__or2_2)
                      0.049668    0.000032    2.585086 v _31_/B (sky130_fd_sc_hd__and2_2)
     1    0.002801    0.036405    0.184226    2.769311 v _31_/X (sky130_fd_sc_hd__and2_2)
                      0.036405    0.000061    2.769372 v _40_/D (sky130_fd_sc_hd__dfrtp_2)
                                              2.769372   data arrival time

                      0.150000   10.000000   10.000000   clock clk (rise edge)
                                  0.000000   10.000000   clock network delay (ideal)
                                 -0.250000    9.750000   clock uncertainty
                                  0.000000    9.750000   clock reconvergence pessimism
                                              9.750000 ^ _40_/CLK (sky130_fd_sc_hd__dfrtp_2)
                                 -0.087458    9.662542   library setup time
                                              9.662542   data required time
---------------------------------------------------------------------------------------------
                                              9.662542   data required time
                                             -2.769372   data arrival time
---------------------------------------------------------------------------------------------
                                              6.893170   slack (MET)


Startpoint: enable (input port clocked by clk)
Endpoint: _44_ (rising edge-triggered flip-flop clocked by clk)
Path Group: clk
Path Type: max

Fanout         Cap        Slew       Delay        Time   Description
---------------------------------------------------------------------------------------------
                      0.150000    0.000000    0.000000   clock clk (rise edge)
                                  0.000000    0.000000   clock network delay (ideal)
                                  2.000000    2.000000 ^ input external delay
     4    0.016731    0.082822    0.055281    2.055281 ^ enable (in)
                      0.082822    0.000000    2.055281 ^ _19_/D (sky130_fd_sc_hd__and4_2)
     6    0.026558    0.160685    0.326547    2.381829 ^ _19_/X (sky130_fd_sc_hd__and4_2)
                      0.160688    0.001005    2.382833 ^ _23_/C (sky130_fd_sc_hd__and4_2)
     2    0.012731    0.096878    0.285402    2.668235 ^ _23_/X (sky130_fd_sc_hd__and4_2)
                      0.096879    0.000505    2.668741 ^ _36_/B (sky130_fd_sc_hd__xor2_2)
     1    0.002422    0.087705    0.125177    2.793917 ^ _36_/X (sky130_fd_sc_hd__xor2_2)
                      0.087705    0.000068    2.793986 ^ _44_/D (sky130_fd_sc_hd__dfrtp_2)
                                              2.793986   data arrival time

                      0.150000   10.000000   10.000000   clock clk (rise edge)
                                  0.000000   10.000000   clock network delay (ideal)
                                 -0.250000    9.750000   clock uncertainty
                                  0.000000    9.750000   clock reconvergence pessimism
                                              9.750000 ^ _44_/CLK (sky130_fd_sc_hd__dfrtp_2)
                                 -0.057234    9.692766   library setup time
                                              9.692766   data required time
---------------------------------------------------------------------------------------------
                                              9.692766   data required time
                                             -2.793986   data arrival time
---------------------------------------------------------------------------------------------
                                              6.898780   slack (MET)


Startpoint: enable (input port clocked by clk)
Endpoint: _43_ (rising edge-triggered flip-flop clocked by clk)
Path Group: clk
Path Type: max

Fanout         Cap        Slew       Delay        Time   Description
---------------------------------------------------------------------------------------------
                      0.150000    0.000000    0.000000   clock clk (rise edge)
                                  0.000000    0.000000   clock network delay (ideal)
                                  2.000000    2.000000 ^ input external delay
     4    0.016731    0.082822    0.055281    2.055281 ^ enable (in)
                      0.082822    0.000000    2.055281 ^ _19_/D (sky130_fd_sc_hd__and4_2)
     6    0.026558    0.160685    0.326547    2.381829 ^ _19_/X (sky130_fd_sc_hd__and4_2)
                      0.160687    0.000943    2.382771 ^ _22_/B (sky130_fd_sc_hd__and3_2)
     2    0.011355    0.081852    0.234703    2.617475 ^ _22_/X (sky130_fd_sc_hd__and3_2)
                      0.081852    0.000228    2.617702 ^ _35_/B (sky130_fd_sc_hd__xor2_2)
     1    0.003049    0.094224    0.127572    2.745274 ^ _35_/X (sky130_fd_sc_hd__xor2_2)
                      0.094224    0.000094    2.745368 ^ _43_/D (sky130_fd_sc_hd__dfrtp_2)
                                              2.745368   data arrival time

                      0.150000   10.000000   10.000000   clock clk (rise edge)
                                  0.000000   10.000000   clock network delay (ideal)
                                 -0.250000    9.750000   clock uncertainty
                                  0.000000    9.750000   clock reconvergence pessimism
                                              9.750000 ^ _43_/CLK (sky130_fd_sc_hd__dfrtp_2)
                                 -0.058723    9.691278   library setup time
                                              9.691278   data required time
---------------------------------------------------------------------------------------------
                                              9.691278   data required time
                                             -2.745368   data arrival time
---------------------------------------------------------------------------------------------
                                              6.945910   slack (MET)


Startpoint: enable (input port clocked by clk)
Endpoint: _41_ (rising edge-triggered flip-flop clocked by clk)
Path Group: clk
Path Type: max

Fanout         Cap        Slew       Delay        Time   Description
---------------------------------------------------------------------------------------------
                      0.150000    0.000000    0.000000   clock clk (rise edge)
                                  0.000000    0.000000   clock network delay (ideal)
                                  2.000000    2.000000 ^ input external delay
     4    0.016731    0.082822    0.055281    2.055281 ^ enable (in)
                      0.082822    0.000000    2.055281 ^ _19_/D (sky130_fd_sc_hd__and4_2)
     6    0.026558    0.160685    0.326547    2.381829 ^ _19_/X (sky130_fd_sc_hd__and4_2)
                      0.160686    0.000837    2.382665 ^ _20_/B (sky130_fd_sc_hd__nand2_2)
     2    0.009944    0.079193    0.091619    2.474284 v _20_/Y (sky130_fd_sc_hd__nand2_2)
                      0.079193    0.000242    2.474527 v _32_/B (sky130_fd_sc_hd__xnor2_2)
     1    0.002350    0.052920    0.132347    2.606874 v _32_/Y (sky130_fd_sc_hd__xnor2_2)
                      0.052920    0.000066    2.606939 v _41_/D (sky130_fd_sc_hd__dfrtp_2)
                                              2.606939   data arrival time

                      0.150000   10.000000   10.000000   clock clk (rise edge)
                                  0.000000   10.000000   clock network delay (ideal)
                                 -0.250000    9.750000   clock uncertainty
                                  0.000000    9.750000   clock reconvergence pessimism
                                              9.750000 ^ _41_/CLK (sky130_fd_sc_hd__dfrtp_2)
                                 -0.094661    9.655339   library setup time
                                              9.655339   data required time
---------------------------------------------------------------------------------------------
                                              9.655339   data required time
                                             -2.606939   data arrival time
---------------------------------------------------------------------------------------------
                                              7.048399   slack (MET)


Startpoint: _37_ (rising edge-triggered flip-flop clocked by clk)
Endpoint: count[0] (output port clocked by clk)
Path Group: clk
Path Type: max

Fanout         Cap        Slew       Delay        Time   Description
---------------------------------------------------------------------------------------------
                      0.150000    0.000000    0.000000   clock clk (rise edge)
                                  0.000000    0.000000   clock network delay (ideal)
                      0.150000    0.000000    0.000000 ^ _37_/CLK (sky130_fd_sc_hd__dfrtp_2)
     5    0.050381    0.248058    0.539228    0.539228 ^ _37_/Q (sky130_fd_sc_hd__dfrtp_2)
                      0.248058    0.000000    0.539228 ^ count[0] (out)
                                              0.539228   data arrival time

                      0.150000   10.000000   10.000000   clock clk (rise edge)
                                  0.000000   10.000000   clock network delay (ideal)
                                 -0.250000    9.750000   clock uncertainty
                                  0.000000    9.750000   clock reconvergence pessimism
                                 -2.000000    7.750000   output external delay
                                              7.750000   data required time
---------------------------------------------------------------------------------------------
                                              7.750000   data required time
                                             -0.539228   data arrival time
---------------------------------------------------------------------------------------------
                                              7.210772   slack (MET)


Startpoint: _41_ (rising edge-triggered flip-flop clocked by clk)
Endpoint: count[4] (output port clocked by clk)
Path Group: clk
Path Type: max

Fanout         Cap        Slew       Delay        Time   Description
---------------------------------------------------------------------------------------------
                      0.150000    0.000000    0.000000   clock clk (rise edge)
                                  0.000000    0.000000   clock network delay (ideal)
                      0.150000    0.000000    0.000000 ^ _41_/CLK (sky130_fd_sc_hd__dfrtp_2)
     4    0.045415    0.135068    0.529130    0.529130 v _41_/Q (sky130_fd_sc_hd__dfrtp_2)
                      0.135068    0.000000    0.529130 v count[4] (out)
                                              0.529130   data arrival time

                      0.150000   10.000000   10.000000   clock clk (rise edge)
                                  0.000000   10.000000   clock network delay (ideal)
                                 -0.250000    9.750000   clock uncertainty
                                  0.000000    9.750000   clock reconvergence pessimism
                                 -2.000000    7.750000   output external delay
                                              7.750000   data required time
---------------------------------------------------------------------------------------------
                                              7.750000   data required time
                                             -0.529130   data arrival time
---------------------------------------------------------------------------------------------
                                              7.220870   slack (MET)


Startpoint: _40_ (rising edge-triggered flip-flop clocked by clk)
Endpoint: count[3] (output port clocked by clk)
Path Group: clk
Path Type: max

Fanout         Cap        Slew       Delay        Time   Description
---------------------------------------------------------------------------------------------
                      0.150000    0.000000    0.000000   clock clk (rise edge)
                                  0.000000    0.000000   clock network delay (ideal)
                      0.150000    0.000000    0.000000 ^ _40_/CLK (sky130_fd_sc_hd__dfrtp_2)
     6    0.044329    0.132828    0.527147    0.527147 v _40_/Q (sky130_fd_sc_hd__dfrtp_2)
                      0.132828    0.000000    0.527147 v count[3] (out)
                                              0.527147   data arrival time

                      0.150000   10.000000   10.000000   clock clk (rise edge)
                                  0.000000   10.000000   clock network delay (ideal)
                                 -0.250000    9.750000   clock uncertainty
                                  0.000000    9.750000   clock reconvergence pessimism
                                 -2.000000    7.750000   output external delay
                                              7.750000   data required time
---------------------------------------------------------------------------------------------
                                              7.750000   data required time
                                             -0.527147   data arrival time
---------------------------------------------------------------------------------------------
                                              7.222854   slack (MET)


Startpoint: _43_ (rising edge-triggered flip-flop clocked by clk)
Endpoint: count[6] (output port clocked by clk)
Path Group: clk
Path Type: max

Fanout         Cap        Slew       Delay        Time   Description
---------------------------------------------------------------------------------------------
                      0.150000    0.000000    0.000000   clock clk (rise edge)
                                  0.000000    0.000000   clock network delay (ideal)
                      0.150000    0.000000    0.000000 ^ _43_/CLK (sky130_fd_sc_hd__dfrtp_2)
     3    0.043523    0.131166    0.525674    0.525674 v _43_/Q (sky130_fd_sc_hd__dfrtp_2)
                      0.131166    0.000000    0.525674 v count[6] (out)
                                              0.525674   data arrival time

                      0.150000   10.000000   10.000000   clock clk (rise edge)
                                  0.000000   10.000000   clock network delay (ideal)
                                 -0.250000    9.750000   clock uncertainty
                                  0.000000    9.750000   clock reconvergence pessimism
                                 -2.000000    7.750000   output external delay
                                              7.750000   data required time
---------------------------------------------------------------------------------------------
                                              7.750000   data required time
                                             -0.525674   data arrival time
---------------------------------------------------------------------------------------------
                                              7.224326   slack (MET)


Startpoint: _44_ (rising edge-triggered flip-flop clocked by clk)
Endpoint: count[7] (output port clocked by clk)
Path Group: clk
Path Type: max

Fanout         Cap        Slew       Delay        Time   Description
---------------------------------------------------------------------------------------------
                      0.150000    0.000000    0.000000   clock clk (rise edge)
                                  0.000000    0.000000   clock network delay (ideal)
                      0.150000    0.000000    0.000000 ^ _44_/CLK (sky130_fd_sc_hd__dfrtp_2)
     3    0.043444    0.131003    0.525530    0.525530 v _44_/Q (sky130_fd_sc_hd__dfrtp_2)
                      0.131003    0.000000    0.525530 v count[7] (out)
                                              0.525530   data arrival time

                      0.150000   10.000000   10.000000   clock clk (rise edge)
                                  0.000000   10.000000   clock network delay (ideal)
                                 -0.250000    9.750000   clock uncertainty
                                  0.000000    9.750000   clock reconvergence pessimism
                                 -2.000000    7.750000   output external delay
                                              7.750000   data required time
---------------------------------------------------------------------------------------------
                                              7.750000   data required time
                                             -0.525530   data arrival time
---------------------------------------------------------------------------------------------
                                              7.224470   slack (MET)


Startpoint: enable (input port clocked by clk)
Endpoint: _39_ (rising edge-triggered flip-flop clocked by clk)
Path Group: clk
Path Type: max

Fanout         Cap        Slew       Delay        Time   Description
---------------------------------------------------------------------------------------------
                      0.150000    0.000000    0.000000   clock clk (rise edge)
                                  0.000000    0.000000   clock network delay (ideal)
                                  2.000000    2.000000 ^ input external delay
     4    0.016731    0.082822    0.055281    2.055281 ^ enable (in)
                      0.082822    0.000000    2.055281 ^ _19_/D (sky130_fd_sc_hd__and4_2)
     6    0.026558    0.160685    0.326547    2.381829 ^ _19_/X (sky130_fd_sc_hd__and4_2)
                      0.160685    0.000506    2.382335 ^ _29_/A (sky130_fd_sc_hd__nor2_2)
     1    0.002445    0.037827    0.054551    2.436885 v _29_/Y (sky130_fd_sc_hd__nor2_2)
                      0.037827    0.000050    2.436936 v _39_/D (sky130_fd_sc_hd__dfrtp_2)
                                              2.436936   data arrival time

                      0.150000   10.000000   10.000000   clock clk (rise edge)
                                  0.000000   10.000000   clock network delay (ideal)
                                 -0.250000    9.750000   clock uncertainty
                                  0.000000    9.750000   clock reconvergence pessimism
                                              9.750000 ^ _39_/CLK (sky130_fd_sc_hd__dfrtp_2)
                                 -0.088078    9.661922   library setup time
                                              9.661922   data required time
---------------------------------------------------------------------------------------------
                                              9.661922   data required time
                                             -2.436936   data arrival time
---------------------------------------------------------------------------------------------
                                              7.224987   slack (MET)


Startpoint: _38_ (rising edge-triggered flip-flop clocked by clk)
Endpoint: count[1] (output port clocked by clk)
Path Group: clk
Path Type: max

Fanout         Cap        Slew       Delay        Time   Description
---------------------------------------------------------------------------------------------
                      0.150000    0.000000    0.000000   clock clk (rise edge)
                                  0.000000    0.000000   clock network delay (ideal)
                      0.150000    0.000000    0.000000 ^ _38_/CLK (sky130_fd_sc_hd__dfrtp_2)
     4    0.040533    0.124999    0.520213    0.520213 v _38_/Q (sky130_fd_sc_hd__dfrtp_2)
                      0.124999    0.000000    0.520213 v count[1] (out)
                                              0.520213   data arrival time

                      0.150000   10.000000   10.000000   clock clk (rise edge)
                                  0.000000   10.000000   clock network delay (ideal)
                                 -0.250000    9.750000   clock uncertainty
                                  0.000000    9.750000   clock reconvergence pessimism
                                 -2.000000    7.750000   output external delay
                                              7.750000   data required time
---------------------------------------------------------------------------------------------
                                              7.750000   data required time
                                             -0.520213   data arrival time
---------------------------------------------------------------------------------------------
                                              7.229787   slack (MET)


Startpoint: _39_ (rising edge-triggered flip-flop clocked by clk)
Endpoint: count[2] (output port clocked by clk)
Path Group: clk
Path Type: max

Fanout         Cap        Slew       Delay        Time   Description
---------------------------------------------------------------------------------------------
                      0.150000    0.000000    0.000000   clock clk (rise edge)
                                  0.000000    0.000000   clock network delay (ideal)
                      0.150000    0.000000    0.000000 ^ _39_/CLK (sky130_fd_sc_hd__dfrtp_2)
     3    0.039121    0.122087    0.517634    0.517634 v _39_/Q (sky130_fd_sc_hd__dfrtp_2)
                      0.122087    0.000000    0.517634 v count[2] (out)
                                              0.517634   data arrival time

                      0.150000   10.000000   10.000000   clock clk (rise edge)
                                  0.000000   10.000000   clock network delay (ideal)
                                 -0.250000    9.750000   clock uncertainty
                                  0.000000    9.750000   clock reconvergence pessimism
                                 -2.000000    7.750000   output external delay
                                              7.750000   data required time
---------------------------------------------------------------------------------------------
                                              7.750000   data required time
                                             -0.517634   data arrival time
---------------------------------------------------------------------------------------------
                                              7.232366   slack (MET)


Startpoint: _42_ (rising edge-triggered flip-flop clocked by clk)
Endpoint: count[5] (output port clocked by clk)
Path Group: clk
Path Type: max

Fanout         Cap        Slew       Delay        Time   Description
---------------------------------------------------------------------------------------------
                      0.150000    0.000000    0.000000   clock clk (rise edge)
                                  0.000000    0.000000   clock network delay (ideal)
                      0.150000    0.000000    0.000000 ^ _42_/CLK (sky130_fd_sc_hd__dfrtp_2)
     3    0.037007    0.117704    0.513590    0.513590 v _42_/Q (sky130_fd_sc_hd__dfrtp_2)
                      0.117704    0.000000    0.513590 v count[5] (out)
                                              0.513590   data arrival time

                      0.150000   10.000000   10.000000   clock clk (rise edge)
                                  0.000000   10.000000   clock network delay (ideal)
                                 -0.250000    9.750000   clock uncertainty
                                  0.000000    9.750000   clock reconvergence pessimism
                                 -2.000000    7.750000   output external delay
                                              7.750000   data required time
---------------------------------------------------------------------------------------------
                                              7.750000   data required time
                                             -0.513590   data arrival time
---------------------------------------------------------------------------------------------
                                              7.236410   slack (MET)


Startpoint: enable (input port clocked by clk)
Endpoint: _38_ (rising edge-triggered flip-flop clocked by clk)
Path Group: clk
Path Type: max

Fanout         Cap        Slew       Delay        Time   Description
---------------------------------------------------------------------------------------------
                      0.150000    0.000000    0.000000   clock clk (rise edge)
                                  0.000000    0.000000   clock network delay (ideal)
                                  2.000000    2.000000 v input external delay
     4    0.015382    0.036468    0.024790    2.024790 v enable (in)
                      0.036468    0.000000    2.024790 v _18_/C (sky130_fd_sc_hd__and3_2)
     2    0.009687    0.054129    0.222949    2.247739 v _18_/X (sky130_fd_sc_hd__and3_2)
                      0.054130    0.000261    2.248001 v _27_/A (sky130_fd_sc_hd__nor2_2)
     1    0.002733    0.061086    0.095050    2.343050 ^ _27_/Y (sky130_fd_sc_hd__nor2_2)
                      0.061086    0.000079    2.343130 ^ _38_/D (sky130_fd_sc_hd__dfrtp_2)
                                              2.343130   data arrival time

                      0.150000   10.000000   10.000000   clock clk (rise edge)
                                  0.000000   10.000000   clock network delay (ideal)
                                 -0.250000    9.750000   clock uncertainty
                                  0.000000    9.750000   clock reconvergence pessimism
                                              9.750000 ^ _38_/CLK (sky130_fd_sc_hd__dfrtp_2)
                                 -0.051158    9.698843   library setup time
                                              9.698843   data required time
---------------------------------------------------------------------------------------------
                                              9.698843   data required time
                                             -2.343130   data arrival time
---------------------------------------------------------------------------------------------
                                              7.355713   slack (MET)


Startpoint: enable (input port clocked by clk)
Endpoint: _37_ (rising edge-triggered flip-flop clocked by clk)
Path Group: clk
Path Type: max

Fanout         Cap        Slew       Delay        Time   Description
---------------------------------------------------------------------------------------------
                      0.150000    0.000000    0.000000   clock clk (rise edge)
                                  0.000000    0.000000   clock network delay (ideal)
                                  2.000000    2.000000 v input external delay
     4    0.015382    0.036468    0.024790    2.024790 v enable (in)
                      0.036468    0.000000    2.024790 v _25_/B (sky130_fd_sc_hd__xor2_2)
     1    0.003159    0.059791    0.132089    2.156878 v _25_/X (sky130_fd_sc_hd__xor2_2)
                      0.059791    0.000095    2.156973 v _37_/D (sky130_fd_sc_hd__dfrtp_2)
                                              2.156973   data arrival time

                      0.150000   10.000000   10.000000   clock clk (rise edge)
                                  0.000000   10.000000   clock network delay (ideal)
                                 -0.250000    9.750000   clock uncertainty
                                  0.000000    9.750000   clock reconvergence pessimism
                                              9.750000 ^ _37_/CLK (sky130_fd_sc_hd__dfrtp_2)
                                 -0.097657    9.652343   library setup time
                                              9.652343   data required time
---------------------------------------------------------------------------------------------
                                              9.652343   data required time
                                             -2.156973   data arrival time
---------------------------------------------------------------------------------------------
                                              7.495370   slack (MET)


Startpoint: rst_n (input port clocked by clk)
Endpoint: _37_ (recovery check against rising-edge clock clk)
Path Group: asynchronous
Path Type: max

Fanout         Cap        Slew       Delay        Time   Description
---------------------------------------------------------------------------------------------
                      0.150000    0.000000    0.000000   clock clk (rise edge)
                                  0.000000    0.000000   clock network delay (ideal)
                                  2.000000    2.000000 ^ input external delay
     8    0.028896    0.137334    0.093239    2.093239 ^ rst_n (in)
                      0.137334    0.000000    2.093239 ^ _37_/RESET_B (sky130_fd_sc_hd__dfrtp_2)
                                              2.093239   data arrival time

                      0.150000   10.000000   10.000000   clock clk (rise edge)
                                  0.000000   10.000000   clock network delay (ideal)
                                 -0.250000    9.750000   clock uncertainty
                                  0.000000    9.750000   clock reconvergence pessimism
                                              9.750000 ^ _37_/CLK (sky130_fd_sc_hd__dfrtp_2)
                                  0.224353    9.974353   library recovery time
                                              9.974353   data required time
---------------------------------------------------------------------------------------------
                                              9.974353   data required time
                                             -2.093239   data arrival time
---------------------------------------------------------------------------------------------
                                              7.881114   slack (MET)


Startpoint: rst_n (input port clocked by clk)
Endpoint: _38_ (recovery check against rising-edge clock clk)
Path Group: asynchronous
Path Type: max

Fanout         Cap        Slew       Delay        Time   Description
---------------------------------------------------------------------------------------------
                      0.150000    0.000000    0.000000   clock clk (rise edge)
                                  0.000000    0.000000   clock network delay (ideal)
                                  2.000000    2.000000 ^ input external delay
     8    0.028896    0.137334    0.093239    2.093239 ^ rst_n (in)
                      0.137334    0.000000    2.093239 ^ _38_/RESET_B (sky130_fd_sc_hd__dfrtp_2)
                                              2.093239   data arrival time

                      0.150000   10.000000   10.000000   clock clk (rise edge)
                                  0.000000   10.000000   clock network delay (ideal)
                                 -0.250000    9.750000   clock uncertainty
                                  0.000000    9.750000   clock reconvergence pessimism
                                              9.750000 ^ _38_/CLK (sky130_fd_sc_hd__dfrtp_2)
                                  0.224353    9.974353   library recovery time
                                              9.974353   data required time
---------------------------------------------------------------------------------------------
                                              9.974353   data required time
                                             -2.093239   data arrival time
---------------------------------------------------------------------------------------------
                                              7.881114   slack (MET)


Startpoint: rst_n (input port clocked by clk)
Endpoint: _39_ (recovery check against rising-edge clock clk)
Path Group: asynchronous
Path Type: max

Fanout         Cap        Slew       Delay        Time   Description
---------------------------------------------------------------------------------------------
                      0.150000    0.000000    0.000000   clock clk (rise edge)
                                  0.000000    0.000000   clock network delay (ideal)
                                  2.000000    2.000000 ^ input external delay
     8    0.028896    0.137334    0.093239    2.093239 ^ rst_n (in)
                      0.137334    0.000000    2.093239 ^ _39_/RESET_B (sky130_fd_sc_hd__dfrtp_2)
                                              2.093239   data arrival time

                      0.150000   10.000000   10.000000   clock clk (rise edge)
                                  0.000000   10.000000   clock network delay (ideal)
                                 -0.250000    9.750000   clock uncertainty
                                  0.000000    9.750000   clock reconvergence pessimism
                                              9.750000 ^ _39_/CLK (sky130_fd_sc_hd__dfrtp_2)
                                  0.224353    9.974353   library recovery time
                                              9.974353   data required time
---------------------------------------------------------------------------------------------
                                              9.974353   data required time
                                             -2.093239   data arrival time
---------------------------------------------------------------------------------------------
                                              7.881114   slack (MET)


Startpoint: rst_n (input port clocked by clk)
Endpoint: _40_ (recovery check against rising-edge clock clk)
Path Group: asynchronous
Path Type: max

Fanout         Cap        Slew       Delay        Time   Description
---------------------------------------------------------------------------------------------
                      0.150000    0.000000    0.000000   clock clk (rise edge)
                                  0.000000    0.000000   clock network delay (ideal)
                                  2.000000    2.000000 ^ input external delay
     8    0.028896    0.137334    0.093239    2.093239 ^ rst_n (in)
                      0.137334    0.000000    2.093239 ^ _40_/RESET_B (sky130_fd_sc_hd__dfrtp_2)
                                              2.093239   data arrival time

                      0.150000   10.000000   10.000000   clock clk (rise edge)
                                  0.000000   10.000000   clock network delay (ideal)
                                 -0.250000    9.750000   clock uncertainty
                                  0.000000    9.750000   clock reconvergence pessimism
                                              9.750000 ^ _40_/CLK (sky130_fd_sc_hd__dfrtp_2)
                                  0.224353    9.974353   library recovery time
                                              9.974353   data required time
---------------------------------------------------------------------------------------------
                                              9.974353   data required time
                                             -2.093239   data arrival time
---------------------------------------------------------------------------------------------
                                              7.881114   slack (MET)


Startpoint: rst_n (input port clocked by clk)
Endpoint: _41_ (recovery check against rising-edge clock clk)
Path Group: asynchronous
Path Type: max

Fanout         Cap        Slew       Delay        Time   Description
---------------------------------------------------------------------------------------------
                      0.150000    0.000000    0.000000   clock clk (rise edge)
                                  0.000000    0.000000   clock network delay (ideal)
                                  2.000000    2.000000 ^ input external delay
     8    0.028896    0.137334    0.093239    2.093239 ^ rst_n (in)
                      0.137334    0.000000    2.093239 ^ _41_/RESET_B (sky130_fd_sc_hd__dfrtp_2)
                                              2.093239   data arrival time

                      0.150000   10.000000   10.000000   clock clk (rise edge)
                                  0.000000   10.000000   clock network delay (ideal)
                                 -0.250000    9.750000   clock uncertainty
                                  0.000000    9.750000   clock reconvergence pessimism
                                              9.750000 ^ _41_/CLK (sky130_fd_sc_hd__dfrtp_2)
                                  0.224353    9.974353   library recovery time
                                              9.974353   data required time
---------------------------------------------------------------------------------------------
                                              9.974353   data required time
                                             -2.093239   data arrival time
---------------------------------------------------------------------------------------------
                                              7.881114   slack (MET)


Startpoint: rst_n (input port clocked by clk)
Endpoint: _42_ (recovery check against rising-edge clock clk)
Path Group: asynchronous
Path Type: max

Fanout         Cap        Slew       Delay        Time   Description
---------------------------------------------------------------------------------------------
                      0.150000    0.000000    0.000000   clock clk (rise edge)
                                  0.000000    0.000000   clock network delay (ideal)
                                  2.000000    2.000000 ^ input external delay
     8    0.028896    0.137334    0.093239    2.093239 ^ rst_n (in)
                      0.137334    0.000000    2.093239 ^ _42_/RESET_B (sky130_fd_sc_hd__dfrtp_2)
                                              2.093239   data arrival time

                      0.150000   10.000000   10.000000   clock clk (rise edge)
                                  0.000000   10.000000   clock network delay (ideal)
                                 -0.250000    9.750000   clock uncertainty
                                  0.000000    9.750000   clock reconvergence pessimism
                                              9.750000 ^ _42_/CLK (sky130_fd_sc_hd__dfrtp_2)
                                  0.224353    9.974353   library recovery time
                                              9.974353   data required time
---------------------------------------------------------------------------------------------
                                              9.974353   data required time
                                             -2.093239   data arrival time
---------------------------------------------------------------------------------------------
                                              7.881114   slack (MET)


Startpoint: rst_n (input port clocked by clk)
Endpoint: _43_ (recovery check against rising-edge clock clk)
Path Group: asynchronous
Path Type: max

Fanout         Cap        Slew       Delay        Time   Description
---------------------------------------------------------------------------------------------
                      0.150000    0.000000    0.000000   clock clk (rise edge)
                                  0.000000    0.000000   clock network delay (ideal)
                                  2.000000    2.000000 ^ input external delay
     8    0.028896    0.137334    0.093239    2.093239 ^ rst_n (in)
                      0.137334    0.000000    2.093239 ^ _43_/RESET_B (sky130_fd_sc_hd__dfrtp_2)
                                              2.093239   data arrival time

                      0.150000   10.000000   10.000000   clock clk (rise edge)
                                  0.000000   10.000000   clock network delay (ideal)
                                 -0.250000    9.750000   clock uncertainty
                                  0.000000    9.750000   clock reconvergence pessimism
                                              9.750000 ^ _43_/CLK (sky130_fd_sc_hd__dfrtp_2)
                                  0.224353    9.974353   library recovery time
                                              9.974353   data required time
---------------------------------------------------------------------------------------------
                                              9.974353   data required time
                                             -2.093239   data arrival time
---------------------------------------------------------------------------------------------
                                              7.881114   slack (MET)


Startpoint: rst_n (input port clocked by clk)
Endpoint: _44_ (recovery check against rising-edge clock clk)
Path Group: asynchronous
Path Type: max

Fanout         Cap        Slew       Delay        Time   Description
---------------------------------------------------------------------------------------------
                      0.150000    0.000000    0.000000   clock clk (rise edge)
                                  0.000000    0.000000   clock network delay (ideal)
                                  2.000000    2.000000 ^ input external delay
     8    0.028896    0.137334    0.093239    2.093239 ^ rst_n (in)
                      0.137334    0.000000    2.093239 ^ _44_/RESET_B (sky130_fd_sc_hd__dfrtp_2)
                                              2.093239   data arrival time

                      0.150000   10.000000   10.000000   clock clk (rise edge)
                                  0.000000   10.000000   clock network delay (ideal)
                                 -0.250000    9.750000   clock uncertainty
                                  0.000000    9.750000   clock reconvergence pessimism
                                              9.750000 ^ _44_/CLK (sky130_fd_sc_hd__dfrtp_2)
                                  0.224353    9.974353   library recovery time
                                              9.974353   data required time
---------------------------------------------------------------------------------------------
                                              9.974353   data required time
                                             -2.093239   data arrival time
---------------------------------------------------------------------------------------------
                                              7.881114   slack (MET)



