Clock: clk
Sources: clk 
Generated: no
Virtual: yes
Propagated: no
Period: 10.000000

===========================================================================
report_clock_properties
============================================================================
Clock                   Period          Waveform
----------------------------------------------------
clk                  10.000000    0.000000  5.000000

===========================================================================
report_clock_latency
============================================================================
Clock clk
rise -> rise
    min     max
0.000000 0.000000 source latency
0.518665         network latency _43_/CLK
        0.520125 network latency _38_/CLK
---------------
0.518665 0.520125 latency
        0.001460 skew

fall -> fall
    min     max
0.000000 0.000000 source latency
0.529653         network latency _43_/CLK
        0.530883 network latency _38_/CLK
---------------
0.529653 0.530883 latency
        0.001230 skew



===========================================================================
report_clock_min_period
============================================================================
clk period_min = 2.89 fmax = 346.24
