
===========================================================================
report_checks -path_delay min (Hold)
============================================================================
======================= nom_ss_100C_1v60 Corner ===================================

Warning: corner.tcl line 57, unknown field nets.
Warning: corner.tcl line 57, report_checks -group_count is deprecated. Use -group_path_count instead.
Startpoint: rst_n (input port clocked by clk)
Endpoint: _38_ (removal check against rising-edge clock clk)
Path Group: asynchronous
Path Type: min

Fanout         Cap        Slew       Delay        Time   Description
---------------------------------------------------------------------------------------------
                                  0.000000    0.000000   clock clk (rise edge)
                                  0.000000    0.000000   clock network delay (propagated)
                                  2.000000    2.000000 ^ input external delay
     1    0.003093    0.034193    0.017342    2.017342 ^ rst_n (in)
                      0.034193    0.000000    2.017342 ^ input2/A (sky130_fd_sc_hd__clkbuf_4)
     8    0.041094    0.209289    0.333305    2.350647 ^ input2/X (sky130_fd_sc_hd__clkbuf_4)
                      0.209298    0.001629    2.352276 ^ _38_/RESET_B (sky130_fd_sc_hd__dfrtp_1)
                                              2.352276   data arrival time

                                  0.000000    0.000000   clock clk (rise edge)
                                  0.000000    0.000000   clock source latency
     1    0.014179    0.109793    0.073240    0.073240 ^ clk (in)
                      0.109795    0.000000    0.073240 ^ clkbuf_0_clk/A (sky130_fd_sc_hd__clkbuf_16)
     2    0.017806    0.064696    0.236599    0.309838 ^ clkbuf_0_clk/X (sky130_fd_sc_hd__clkbuf_16)
                      0.064696    0.000518    0.310356 ^ clkbuf_1_0__f_clk/A (sky130_fd_sc_hd__clkbuf_16)
     4    0.013192    0.058945    0.209516    0.519873 ^ clkbuf_1_0__f_clk/X (sky130_fd_sc_hd__clkbuf_16)
                      0.058945    0.000253    0.520125 ^ _38_/CLK (sky130_fd_sc_hd__dfrtp_1)
                                  0.250000    0.770125   clock uncertainty
                                  0.000000    0.770125   clock reconvergence pessimism
                                  0.696926    1.467051   library removal time
                                              1.467051   data required time
---------------------------------------------------------------------------------------------
                                              1.467051   data required time
                                             -2.352276   data arrival time
---------------------------------------------------------------------------------------------
                                              0.885225   slack (MET)


Startpoint: rst_n (input port clocked by clk)
Endpoint: _39_ (removal check against rising-edge clock clk)
Path Group: asynchronous
Path Type: min

Fanout         Cap        Slew       Delay        Time   Description
---------------------------------------------------------------------------------------------
                                  0.000000    0.000000   clock clk (rise edge)
                                  0.000000    0.000000   clock network delay (propagated)
                                  2.000000    2.000000 ^ input external delay
     1    0.003093    0.034193    0.017342    2.017342 ^ rst_n (in)
                      0.034193    0.000000    2.017342 ^ input2/A (sky130_fd_sc_hd__clkbuf_4)
     8    0.041094    0.209289    0.333305    2.350647 ^ input2/X (sky130_fd_sc_hd__clkbuf_4)
                      0.209302    0.001866    2.352513 ^ _39_/RESET_B (sky130_fd_sc_hd__dfrtp_1)
                                              2.352513   data arrival time

                                  0.000000    0.000000   clock clk (rise edge)
                                  0.000000    0.000000   clock source latency
     1    0.014179    0.109793    0.073240    0.073240 ^ clk (in)
                      0.109795    0.000000    0.073240 ^ clkbuf_0_clk/A (sky130_fd_sc_hd__clkbuf_16)
     2    0.017806    0.064696    0.236599    0.309838 ^ clkbuf_0_clk/X (sky130_fd_sc_hd__clkbuf_16)
                      0.064696    0.000518    0.310356 ^ clkbuf_1_0__f_clk/A (sky130_fd_sc_hd__clkbuf_16)
     4    0.013192    0.058945    0.209516    0.519873 ^ clkbuf_1_0__f_clk/X (sky130_fd_sc_hd__clkbuf_16)
                      0.058945    0.000209    0.520081 ^ _39_/CLK (sky130_fd_sc_hd__dfrtp_1)
                                  0.250000    0.770081   clock uncertainty
                                  0.000000    0.770081   clock reconvergence pessimism
                                  0.696927    1.467009   library removal time
                                              1.467009   data required time
---------------------------------------------------------------------------------------------
                                              1.467009   data required time
                                             -2.352513   data arrival time
---------------------------------------------------------------------------------------------
                                              0.885504   slack (MET)


Startpoint: rst_n (input port clocked by clk)
Endpoint: _40_ (removal check against rising-edge clock clk)
Path Group: asynchronous
Path Type: min

Fanout         Cap        Slew       Delay        Time   Description
---------------------------------------------------------------------------------------------
                                  0.000000    0.000000   clock clk (rise edge)
                                  0.000000    0.000000   clock network delay (propagated)
                                  2.000000    2.000000 ^ input external delay
     1    0.003093    0.034193    0.017342    2.017342 ^ rst_n (in)
                      0.034193    0.000000    2.017342 ^ input2/A (sky130_fd_sc_hd__clkbuf_4)
     8    0.041094    0.209289    0.333305    2.350647 ^ input2/X (sky130_fd_sc_hd__clkbuf_4)
                      0.209305    0.002010    2.352657 ^ _40_/RESET_B (sky130_fd_sc_hd__dfrtp_1)
                                              2.352657   data arrival time

                                  0.000000    0.000000   clock clk (rise edge)
                                  0.000000    0.000000   clock source latency
     1    0.014179    0.109793    0.073240    0.073240 ^ clk (in)
                      0.109795    0.000000    0.073240 ^ clkbuf_0_clk/A (sky130_fd_sc_hd__clkbuf_16)
     2    0.017806    0.064696    0.236599    0.309838 ^ clkbuf_0_clk/X (sky130_fd_sc_hd__clkbuf_16)
                      0.064696    0.000518    0.310356 ^ clkbuf_1_0__f_clk/A (sky130_fd_sc_hd__clkbuf_16)
     4    0.013192    0.058945    0.209516    0.519873 ^ clkbuf_1_0__f_clk/X (sky130_fd_sc_hd__clkbuf_16)
                      0.058945    0.000223    0.520095 ^ _40_/CLK (sky130_fd_sc_hd__dfrtp_1)
                                  0.250000    0.770095   clock uncertainty
                                  0.000000    0.770095   clock reconvergence pessimism
                                  0.696928    1.467024   library removal time
                                              1.467024   data required time
---------------------------------------------------------------------------------------------
                                              1.467024   data required time
                                             -2.352657   data arrival time
---------------------------------------------------------------------------------------------
                                              0.885633   slack (MET)


Startpoint: rst_n (input port clocked by clk)
Endpoint: _41_ (removal check against rising-edge clock clk)
Path Group: asynchronous
Path Type: min

Fanout         Cap        Slew       Delay        Time   Description
---------------------------------------------------------------------------------------------
                                  0.000000    0.000000   clock clk (rise edge)
                                  0.000000    0.000000   clock network delay (propagated)
                                  2.000000    2.000000 ^ input external delay
     1    0.003093    0.034193    0.017342    2.017342 ^ rst_n (in)
                      0.034193    0.000000    2.017342 ^ input2/A (sky130_fd_sc_hd__clkbuf_4)
     8    0.041094    0.209289    0.333305    2.350647 ^ input2/X (sky130_fd_sc_hd__clkbuf_4)
                      0.209308    0.002137    2.352784 ^ _41_/RESET_B (sky130_fd_sc_hd__dfrtp_1)
                                              2.352784   data arrival time

                                  0.000000    0.000000   clock clk (rise edge)
                                  0.000000    0.000000   clock source latency
     1    0.014179    0.109793    0.073240    0.073240 ^ clk (in)
                      0.109795    0.000000    0.073240 ^ clkbuf_0_clk/A (sky130_fd_sc_hd__clkbuf_16)
     2    0.017806    0.064696    0.236599    0.309838 ^ clkbuf_0_clk/X (sky130_fd_sc_hd__clkbuf_16)
                      0.064696    0.000518    0.310356 ^ clkbuf_1_0__f_clk/A (sky130_fd_sc_hd__clkbuf_16)
     4    0.013192    0.058945    0.209516    0.519873 ^ clkbuf_1_0__f_clk/X (sky130_fd_sc_hd__clkbuf_16)
                      0.058945    0.000164    0.520036 ^ _41_/CLK (sky130_fd_sc_hd__dfrtp_1)
                                  0.250000    0.770036   clock uncertainty
                                  0.000000    0.770036   clock reconvergence pessimism
                                  0.696929    1.466965   library removal time
                                              1.466965   data required time
---------------------------------------------------------------------------------------------
                                              1.466965   data required time
                                             -2.352784   data arrival time
---------------------------------------------------------------------------------------------
                                              0.885818   slack (MET)


Startpoint: rst_n (input port clocked by clk)
Endpoint: _37_ (removal check against rising-edge clock clk)
Path Group: asynchronous
Path Type: min

Fanout         Cap        Slew       Delay        Time   Description
---------------------------------------------------------------------------------------------
                                  0.000000    0.000000   clock clk (rise edge)
                                  0.000000    0.000000   clock network delay (propagated)
                                  2.000000    2.000000 ^ input external delay
     1    0.003093    0.034193    0.017342    2.017342 ^ rst_n (in)
                      0.034193    0.000000    2.017342 ^ input2/A (sky130_fd_sc_hd__clkbuf_4)
     8    0.041094    0.209289    0.333305    2.350647 ^ input2/X (sky130_fd_sc_hd__clkbuf_4)
                      0.209307    0.002096    2.352743 ^ _37_/RESET_B (sky130_fd_sc_hd__dfrtp_1)
                                              2.352743   data arrival time

                                  0.000000    0.000000   clock clk (rise edge)
                                  0.000000    0.000000   clock source latency
     1    0.014179    0.109793    0.073240    0.073240 ^ clk (in)
                      0.109795    0.000000    0.073240 ^ clkbuf_0_clk/A (sky130_fd_sc_hd__clkbuf_16)
     2    0.017806    0.064696    0.236599    0.309838 ^ clkbuf_0_clk/X (sky130_fd_sc_hd__clkbuf_16)
                      0.064696    0.000479    0.310318 ^ clkbuf_1_1__f_clk/A (sky130_fd_sc_hd__clkbuf_16)
     4    0.012193    0.057697    0.208075    0.518393 ^ clkbuf_1_1__f_clk/X (sky130_fd_sc_hd__clkbuf_16)
                      0.057697    0.000315    0.518708 ^ _37_/CLK (sky130_fd_sc_hd__dfrtp_1)
                                  0.250000    0.768708   clock uncertainty
                                  0.000000    0.768708   clock reconvergence pessimism
                                  0.696553    1.465261   library removal time
                                              1.465261   data required time
---------------------------------------------------------------------------------------------
                                              1.465261   data required time
                                             -2.352743   data arrival time
---------------------------------------------------------------------------------------------
                                              0.887482   slack (MET)


Startpoint: rst_n (input port clocked by clk)
Endpoint: _44_ (removal check against rising-edge clock clk)
Path Group: asynchronous
Path Type: min

Fanout         Cap        Slew       Delay        Time   Description
---------------------------------------------------------------------------------------------
                                  0.000000    0.000000   clock clk (rise edge)
                                  0.000000    0.000000   clock network delay (propagated)
                                  2.000000    2.000000 ^ input external delay
     1    0.003093    0.034193    0.017342    2.017342 ^ rst_n (in)
                      0.034193    0.000000    2.017342 ^ input2/A (sky130_fd_sc_hd__clkbuf_4)
     8    0.041094    0.209289    0.333305    2.350647 ^ input2/X (sky130_fd_sc_hd__clkbuf_4)
                      0.209311    0.002236    2.352882 ^ _44_/RESET_B (sky130_fd_sc_hd__dfrtp_1)
                                              2.352882   data arrival time

                                  0.000000    0.000000   clock clk (rise edge)
                                  0.000000    0.000000   clock source latency
     1    0.014179    0.109793    0.073240    0.073240 ^ clk (in)
                      0.109795    0.000000    0.073240 ^ clkbuf_0_clk/A (sky130_fd_sc_hd__clkbuf_16)
     2    0.017806    0.064696    0.236599    0.309838 ^ clkbuf_0_clk/X (sky130_fd_sc_hd__clkbuf_16)
                      0.064696    0.000479    0.310318 ^ clkbuf_1_1__f_clk/A (sky130_fd_sc_hd__clkbuf_16)
     4    0.012193    0.057697    0.208075    0.518393 ^ clkbuf_1_1__f_clk/X (sky130_fd_sc_hd__clkbuf_16)
                      0.057697    0.000308    0.518701 ^ _44_/CLK (sky130_fd_sc_hd__dfrtp_1)
                                  0.250000    0.768701   clock uncertainty
                                  0.000000    0.768701   clock reconvergence pessimism
                                  0.696554    1.465255   library removal time
                                              1.465255   data required time
---------------------------------------------------------------------------------------------
                                              1.465255   data required time
                                             -2.352882   data arrival time
---------------------------------------------------------------------------------------------
                                              0.887627   slack (MET)


Startpoint: rst_n (input port clocked by clk)
Endpoint: _43_ (removal check against rising-edge clock clk)
Path Group: asynchronous
Path Type: min

Fanout         Cap        Slew       Delay        Time   Description
---------------------------------------------------------------------------------------------
                                  0.000000    0.000000   clock clk (rise edge)
                                  0.000000    0.000000   clock network delay (propagated)
                                  2.000000    2.000000 ^ input external delay
     1    0.003093    0.034193    0.017342    2.017342 ^ rst_n (in)
                      0.034193    0.000000    2.017342 ^ input2/A (sky130_fd_sc_hd__clkbuf_4)
     8    0.041094    0.209289    0.333305    2.350647 ^ input2/X (sky130_fd_sc_hd__clkbuf_4)
                      0.209316    0.002412    2.353058 ^ _43_/RESET_B (sky130_fd_sc_hd__dfrtp_1)
                                              2.353058   data arrival time

                                  0.000000    0.000000   clock clk (rise edge)
                                  0.000000    0.000000   clock source latency
     1    0.014179    0.109793    0.073240    0.073240 ^ clk (in)
                      0.109795    0.000000    0.073240 ^ clkbuf_0_clk/A (sky130_fd_sc_hd__clkbuf_16)
     2    0.017806    0.064696    0.236599    0.309838 ^ clkbuf_0_clk/X (sky130_fd_sc_hd__clkbuf_16)
                      0.064696    0.000479    0.310318 ^ clkbuf_1_1__f_clk/A (sky130_fd_sc_hd__clkbuf_16)
     4    0.012193    0.057697    0.208075    0.518393 ^ clkbuf_1_1__f_clk/X (sky130_fd_sc_hd__clkbuf_16)
                      0.057697    0.000272    0.518665 ^ _43_/CLK (sky130_fd_sc_hd__dfrtp_1)
                                  0.250000    0.768665   clock uncertainty
                                  0.000000    0.768665   clock reconvergence pessimism
                                  0.696556    1.465221   library removal time
                                              1.465221   data required time
---------------------------------------------------------------------------------------------
                                              1.465221   data required time
                                             -2.353058   data arrival time
---------------------------------------------------------------------------------------------
                                              0.887837   slack (MET)


Startpoint: rst_n (input port clocked by clk)
Endpoint: _42_ (removal check against rising-edge clock clk)
Path Group: asynchronous
Path Type: min

Fanout         Cap        Slew       Delay        Time   Description
---------------------------------------------------------------------------------------------
                                  0.000000    0.000000   clock clk (rise edge)
                                  0.000000    0.000000   clock network delay (propagated)
                                  2.000000    2.000000 ^ input external delay
     1    0.003093    0.034193    0.017342    2.017342 ^ rst_n (in)
                      0.034193    0.000000    2.017342 ^ input2/A (sky130_fd_sc_hd__clkbuf_4)
     8    0.041094    0.209289    0.333305    2.350647 ^ input2/X (sky130_fd_sc_hd__clkbuf_4)
                      0.209317    0.002468    2.353115 ^ _42_/RESET_B (sky130_fd_sc_hd__dfrtp_1)
                                              2.353115   data arrival time

                                  0.000000    0.000000   clock clk (rise edge)
                                  0.000000    0.000000   clock source latency
     1    0.014179    0.109793    0.073240    0.073240 ^ clk (in)
                      0.109795    0.000000    0.073240 ^ clkbuf_0_clk/A (sky130_fd_sc_hd__clkbuf_16)
     2    0.017806    0.064696    0.236599    0.309838 ^ clkbuf_0_clk/X (sky130_fd_sc_hd__clkbuf_16)
                      0.064696    0.000479    0.310318 ^ clkbuf_1_1__f_clk/A (sky130_fd_sc_hd__clkbuf_16)
     4    0.012193    0.057697    0.208075    0.518393 ^ clkbuf_1_1__f_clk/X (sky130_fd_sc_hd__clkbuf_16)
                      0.057697    0.000307    0.518700 ^ _42_/CLK (sky130_fd_sc_hd__dfrtp_1)
                                  0.250000    0.768700   clock uncertainty
                                  0.000000    0.768700   clock reconvergence pessimism
                                  0.696556    1.465256   library removal time
                                              1.465256   data required time
---------------------------------------------------------------------------------------------
                                              1.465256   data required time
                                             -2.353115   data arrival time
---------------------------------------------------------------------------------------------
                                              0.887859   slack (MET)


Startpoint: _42_ (rising edge-triggered flip-flop clocked by clk)
Endpoint: _42_ (rising edge-triggered flip-flop clocked by clk)
Path Group: clk
Path Type: min

Fanout         Cap        Slew       Delay        Time   Description
---------------------------------------------------------------------------------------------
                                  0.000000    0.000000   clock clk (rise edge)
                                  0.000000    0.000000   clock source latency
     1    0.014179    0.109793    0.073240    0.073240 ^ clk (in)
                      0.109795    0.000000    0.073240 ^ clkbuf_0_clk/A (sky130_fd_sc_hd__clkbuf_16)
     2    0.017806    0.064696    0.236599    0.309838 ^ clkbuf_0_clk/X (sky130_fd_sc_hd__clkbuf_16)
                      0.064696    0.000479    0.310318 ^ clkbuf_1_1__f_clk/A (sky130_fd_sc_hd__clkbuf_16)
     4    0.012193    0.057697    0.208075    0.518393 ^ clkbuf_1_1__f_clk/X (sky130_fd_sc_hd__clkbuf_16)
                      0.057697    0.000307    0.518700 ^ _42_/CLK (sky130_fd_sc_hd__dfrtp_1)
     3    0.011645    0.186397    0.727875    1.246575 ^ _42_/Q (sky130_fd_sc_hd__dfrtp_1)
                      0.186397    0.000314    1.246889 ^ _33_/B1 (sky130_fd_sc_hd__a31o_1)
     1    0.001961    0.061363    0.199364    1.446253 ^ _33_/X (sky130_fd_sc_hd__a31o_1)
                      0.061363    0.000038    1.446291 ^ _34_/B (sky130_fd_sc_hd__and2b_1)
     1    0.002409    0.066712    0.216753    1.663044 ^ _34_/X (sky130_fd_sc_hd__and2b_1)
                      0.066712    0.000068    1.663112 ^ _42_/D (sky130_fd_sc_hd__dfrtp_1)
                                              1.663112   data arrival time

                                  0.000000    0.000000   clock clk (rise edge)
                                  0.000000    0.000000   clock source latency
     1    0.014179    0.109793    0.073240    0.073240 ^ clk (in)
                      0.109795    0.000000    0.073240 ^ clkbuf_0_clk/A (sky130_fd_sc_hd__clkbuf_16)
     2    0.017806    0.064696    0.236599    0.309838 ^ clkbuf_0_clk/X (sky130_fd_sc_hd__clkbuf_16)
                      0.064696    0.000479    0.310318 ^ clkbuf_1_1__f_clk/A (sky130_fd_sc_hd__clkbuf_16)
     4    0.012193    0.057697    0.208075    0.518393 ^ clkbuf_1_1__f_clk/X (sky130_fd_sc_hd__clkbuf_16)
                      0.057697    0.000307    0.518700 ^ _42_/CLK (sky130_fd_sc_hd__dfrtp_1)
                                  0.250000    0.768700   clock uncertainty
                                  0.000000    0.768700   clock reconvergence pessimism
                                 -0.078208    0.690492   library hold time
                                              0.690492   data required time
---------------------------------------------------------------------------------------------
                                              0.690492   data required time
                                             -1.663112   data arrival time
---------------------------------------------------------------------------------------------
                                              0.972620   slack (MET)


Startpoint: _40_ (rising edge-triggered flip-flop clocked by clk)
Endpoint: _41_ (rising edge-triggered flip-flop clocked by clk)
Path Group: clk
Path Type: min

Fanout         Cap        Slew       Delay        Time   Description
---------------------------------------------------------------------------------------------
                                  0.000000    0.000000   clock clk (rise edge)
                                  0.000000    0.000000   clock source latency
     1    0.014179    0.109793    0.073240    0.073240 ^ clk (in)
                      0.109795    0.000000    0.073240 ^ clkbuf_0_clk/A (sky130_fd_sc_hd__clkbuf_16)
     2    0.017806    0.064696    0.236599    0.309838 ^ clkbuf_0_clk/X (sky130_fd_sc_hd__clkbuf_16)
                      0.064696    0.000518    0.310356 ^ clkbuf_1_0__f_clk/A (sky130_fd_sc_hd__clkbuf_16)
     4    0.013192    0.058945    0.209516    0.519873 ^ clkbuf_1_0__f_clk/X (sky130_fd_sc_hd__clkbuf_16)
                      0.058945    0.000223    0.520095 ^ _40_/CLK (sky130_fd_sc_hd__dfrtp_1)
     6    0.020127    0.219634    0.877088    1.397183 v _40_/Q (sky130_fd_sc_hd__dfrtp_1)
                      0.219634    0.000569    1.397752 v _20_/A (sky130_fd_sc_hd__nand2_1)
     2    0.006367    0.120902    0.194943    1.592695 ^ _20_/Y (sky130_fd_sc_hd__nand2_1)
                      0.120902    0.000136    1.592832 ^ _32_/B (sky130_fd_sc_hd__xnor2_1)
     1    0.002239    0.065462    0.128669    1.721501 v _32_/Y (sky130_fd_sc_hd__xnor2_1)
                      0.065462    0.000062    1.721563 v _41_/D (sky130_fd_sc_hd__dfrtp_1)
                                              1.721563   data arrival time

                                  0.000000    0.000000   clock clk (rise edge)
                                  0.000000    0.000000   clock source latency
     1    0.014179    0.109793    0.073240    0.073240 ^ clk (in)
                      0.109795    0.000000    0.073240 ^ clkbuf_0_clk/A (sky130_fd_sc_hd__clkbuf_16)
     2    0.017806    0.064696    0.236599    0.309838 ^ clkbuf_0_clk/X (sky130_fd_sc_hd__clkbuf_16)
                      0.064696    0.000518    0.310356 ^ clkbuf_1_0__f_clk/A (sky130_fd_sc_hd__clkbuf_16)
     4    0.013192    0.058945    0.209516    0.519873 ^ clkbuf_1_0__f_clk/X (sky130_fd_sc_hd__clkbuf_16)
                      0.058945    0.000164    0.520036 ^ _41_/CLK (sky130_fd_sc_hd__dfrtp_1)
                                  0.250000    0.770036   clock uncertainty
                                  0.000000    0.770036   clock reconvergence pessimism
                                 -0.098237    0.671800   library hold time
                                              0.671800   data required time
---------------------------------------------------------------------------------------------
                                              0.671800   data required time
                                             -1.721563   data arrival time
---------------------------------------------------------------------------------------------
                                              1.049764   slack (MET)


Startpoint: _38_ (rising edge-triggered flip-flop clocked by clk)
Endpoint: _38_ (rising edge-triggered flip-flop clocked by clk)
Path Group: clk
Path Type: min

Fanout         Cap        Slew       Delay        Time   Description
---------------------------------------------------------------------------------------------
                                  0.000000    0.000000   clock clk (rise edge)
                                  0.000000    0.000000   clock source latency
     1    0.014179    0.109793    0.073240    0.073240 ^ clk (in)
                      0.109795    0.000000    0.073240 ^ clkbuf_0_clk/A (sky130_fd_sc_hd__clkbuf_16)
     2    0.017806    0.064696    0.236599    0.309838 ^ clkbuf_0_clk/X (sky130_fd_sc_hd__clkbuf_16)
                      0.064696    0.000518    0.310356 ^ clkbuf_1_0__f_clk/A (sky130_fd_sc_hd__clkbuf_16)
     4    0.013192    0.058945    0.209516    0.519873 ^ clkbuf_1_0__f_clk/X (sky130_fd_sc_hd__clkbuf_16)
                      0.058945    0.000253    0.520125 ^ _38_/CLK (sky130_fd_sc_hd__dfrtp_1)
     4    0.011743    0.187631    0.729487    1.249612 ^ _38_/Q (sky130_fd_sc_hd__dfrtp_1)
                      0.187631    0.000309    1.249920 ^ _18_/B (sky130_fd_sc_hd__and3_1)
     2    0.006296    0.132305    0.377162    1.627082 ^ _18_/X (sky130_fd_sc_hd__and3_1)
                      0.132305    0.000166    1.627248 ^ _27_/A (sky130_fd_sc_hd__nor2_1)
     1    0.002566    0.048157    0.103265    1.730513 v _27_/Y (sky130_fd_sc_hd__nor2_1)
                      0.048157    0.000074    1.730587 v _38_/D (sky130_fd_sc_hd__dfrtp_1)
                                              1.730587   data arrival time

                                  0.000000    0.000000   clock clk (rise edge)
                                  0.000000    0.000000   clock source latency
     1    0.014179    0.109793    0.073240    0.073240 ^ clk (in)
                      0.109795    0.000000    0.073240 ^ clkbuf_0_clk/A (sky130_fd_sc_hd__clkbuf_16)
     2    0.017806    0.064696    0.236599    0.309838 ^ clkbuf_0_clk/X (sky130_fd_sc_hd__clkbuf_16)
                      0.064696    0.000518    0.310356 ^ clkbuf_1_0__f_clk/A (sky130_fd_sc_hd__clkbuf_16)
     4    0.013192    0.058945    0.209516    0.519873 ^ clkbuf_1_0__f_clk/X (sky130_fd_sc_hd__clkbuf_16)
                      0.058945    0.000253    0.520125 ^ _38_/CLK (sky130_fd_sc_hd__dfrtp_1)
                                  0.250000    0.770125   clock uncertainty
                                  0.000000    0.770125   clock reconvergence pessimism
                                 -0.091813    0.678313   library hold time
                                              0.678313   data required time
---------------------------------------------------------------------------------------------
                                              0.678313   data required time
                                             -1.730587   data arrival time
---------------------------------------------------------------------------------------------
                                              1.052274   slack (MET)


Startpoint: _40_ (rising edge-triggered flip-flop clocked by clk)
Endpoint: _40_ (rising edge-triggered flip-flop clocked by clk)
Path Group: clk
Path Type: min

Fanout         Cap        Slew       Delay        Time   Description
---------------------------------------------------------------------------------------------
                                  0.000000    0.000000   clock clk (rise edge)
                                  0.000000    0.000000   clock source latency
     1    0.014179    0.109793    0.073240    0.073240 ^ clk (in)
                      0.109795    0.000000    0.073240 ^ clkbuf_0_clk/A (sky130_fd_sc_hd__clkbuf_16)
     2    0.017806    0.064696    0.236599    0.309838 ^ clkbuf_0_clk/X (sky130_fd_sc_hd__clkbuf_16)
                      0.064696    0.000518    0.310356 ^ clkbuf_1_0__f_clk/A (sky130_fd_sc_hd__clkbuf_16)
     4    0.013192    0.058945    0.209516    0.519873 ^ clkbuf_1_0__f_clk/X (sky130_fd_sc_hd__clkbuf_16)
                      0.058945    0.000223    0.520095 ^ _40_/CLK (sky130_fd_sc_hd__dfrtp_1)
     6    0.020639    0.298516    0.815705    1.335800 ^ _40_/Q (sky130_fd_sc_hd__dfrtp_1)
                      0.298516    0.000517    1.336317 ^ _30_/A (sky130_fd_sc_hd__or2_1)
     1    0.001725    0.054129    0.244766    1.581083 ^ _30_/X (sky130_fd_sc_hd__or2_1)
                      0.054129    0.000034    1.581117 ^ _31_/B (sky130_fd_sc_hd__and2_1)
     1    0.002705    0.078164    0.218475    1.799591 ^ _31_/X (sky130_fd_sc_hd__and2_1)
                      0.078164    0.000058    1.799650 ^ _40_/D (sky130_fd_sc_hd__dfrtp_1)
                                              1.799650   data arrival time

                                  0.000000    0.000000   clock clk (rise edge)
                                  0.000000    0.000000   clock source latency
     1    0.014179    0.109793    0.073240    0.073240 ^ clk (in)
                      0.109795    0.000000    0.073240 ^ clkbuf_0_clk/A (sky130_fd_sc_hd__clkbuf_16)
     2    0.017806    0.064696    0.236599    0.309838 ^ clkbuf_0_clk/X (sky130_fd_sc_hd__clkbuf_16)
                      0.064696    0.000518    0.310356 ^ clkbuf_1_0__f_clk/A (sky130_fd_sc_hd__clkbuf_16)
     4    0.013192    0.058945    0.209516    0.519873 ^ clkbuf_1_0__f_clk/X (sky130_fd_sc_hd__clkbuf_16)
                      0.058945    0.000223    0.520095 ^ _40_/CLK (sky130_fd_sc_hd__dfrtp_1)
                                  0.250000    0.770095   clock uncertainty
                                  0.000000    0.770095   clock reconvergence pessimism
                                 -0.080618    0.689478   library hold time
                                              0.689478   data required time
---------------------------------------------------------------------------------------------
                                              0.689478   data required time
                                             -1.799650   data arrival time
---------------------------------------------------------------------------------------------
                                              1.110172   slack (MET)


Startpoint: _38_ (rising edge-triggered flip-flop clocked by clk)
Endpoint: _39_ (rising edge-triggered flip-flop clocked by clk)
Path Group: clk
Path Type: min

Fanout         Cap        Slew       Delay        Time   Description
---------------------------------------------------------------------------------------------
                                  0.000000    0.000000   clock clk (rise edge)
                                  0.000000    0.000000   clock source latency
     1    0.014179    0.109793    0.073240    0.073240 ^ clk (in)
                      0.109795    0.000000    0.073240 ^ clkbuf_0_clk/A (sky130_fd_sc_hd__clkbuf_16)
     2    0.017806    0.064696    0.236599    0.309838 ^ clkbuf_0_clk/X (sky130_fd_sc_hd__clkbuf_16)
                      0.064696    0.000518    0.310356 ^ clkbuf_1_0__f_clk/A (sky130_fd_sc_hd__clkbuf_16)
     4    0.013192    0.058945    0.209516    0.519873 ^ clkbuf_1_0__f_clk/X (sky130_fd_sc_hd__clkbuf_16)
                      0.058945    0.000253    0.520125 ^ _38_/CLK (sky130_fd_sc_hd__dfrtp_1)
     4    0.011743    0.187631    0.729487    1.249612 ^ _38_/Q (sky130_fd_sc_hd__dfrtp_1)
                      0.187631    0.000309    1.249920 ^ _18_/B (sky130_fd_sc_hd__and3_1)
     2    0.006296    0.132305    0.377162    1.627082 ^ _18_/X (sky130_fd_sc_hd__and3_1)
                      0.132305    0.000174    1.627256 ^ _28_/B (sky130_fd_sc_hd__nor2_1)
     1    0.002787    0.046695    0.093954    1.721210 v _28_/Y (sky130_fd_sc_hd__nor2_1)
                      0.046695    0.000059    1.721269 v _29_/B (sky130_fd_sc_hd__nor2_1)
     1    0.002349    0.116322    0.123035    1.844304 ^ _29_/Y (sky130_fd_sc_hd__nor2_1)
                      0.116322    0.000049    1.844353 ^ _39_/D (sky130_fd_sc_hd__dfrtp_1)
                                              1.844353   data arrival time

                                  0.000000    0.000000   clock clk (rise edge)
                                  0.000000    0.000000   clock source latency
     1    0.014179    0.109793    0.073240    0.073240 ^ clk (in)
                      0.109795    0.000000    0.073240 ^ clkbuf_0_clk/A (sky130_fd_sc_hd__clkbuf_16)
     2    0.017806    0.064696    0.236599    0.309838 ^ clkbuf_0_clk/X (sky130_fd_sc_hd__clkbuf_16)
                      0.064696    0.000518    0.310356 ^ clkbuf_1_0__f_clk/A (sky130_fd_sc_hd__clkbuf_16)
     4    0.013192    0.058945    0.209516    0.519873 ^ clkbuf_1_0__f_clk/X (sky130_fd_sc_hd__clkbuf_16)
                      0.058945    0.000209    0.520081 ^ _39_/CLK (sky130_fd_sc_hd__dfrtp_1)
                                  0.250000    0.770081   clock uncertainty
                                  0.000000    0.770081   clock reconvergence pessimism
                                 -0.089330    0.680751   library hold time
                                              0.680751   data required time
---------------------------------------------------------------------------------------------
                                              0.680751   data required time
                                             -1.844353   data arrival time
---------------------------------------------------------------------------------------------
                                              1.163602   slack (MET)


Startpoint: _43_ (rising edge-triggered flip-flop clocked by clk)
Endpoint: _44_ (rising edge-triggered flip-flop clocked by clk)
Path Group: clk
Path Type: min

Fanout         Cap        Slew       Delay        Time   Description
---------------------------------------------------------------------------------------------
                                  0.000000    0.000000   clock clk (rise edge)
                                  0.000000    0.000000   clock source latency
     1    0.014179    0.109793    0.073240    0.073240 ^ clk (in)
                      0.109795    0.000000    0.073240 ^ clkbuf_0_clk/A (sky130_fd_sc_hd__clkbuf_16)
     2    0.017806    0.064696    0.236599    0.309838 ^ clkbuf_0_clk/X (sky130_fd_sc_hd__clkbuf_16)
                      0.064696    0.000479    0.310318 ^ clkbuf_1_1__f_clk/A (sky130_fd_sc_hd__clkbuf_16)
     4    0.012193    0.057697    0.208075    0.518393 ^ clkbuf_1_1__f_clk/X (sky130_fd_sc_hd__clkbuf_16)
                      0.057697    0.000272    0.518665 ^ _43_/CLK (sky130_fd_sc_hd__dfrtp_1)
     3    0.009418    0.158410    0.704426    1.223091 ^ _43_/Q (sky130_fd_sc_hd__dfrtp_1)
                      0.158410    0.000157    1.223248 ^ _23_/B (sky130_fd_sc_hd__and4_1)
     2    0.008690    0.179368    0.475178    1.698427 ^ _23_/X (sky130_fd_sc_hd__and4_1)
                      0.179368    0.000315    1.698742 ^ _36_/B (sky130_fd_sc_hd__xor2_1)
     1    0.002255    0.063484    0.157371    1.856113 v _36_/X (sky130_fd_sc_hd__xor2_1)
                      0.063484    0.000063    1.856176 v _44_/D (sky130_fd_sc_hd__dfrtp_1)
                                              1.856176   data arrival time

                                  0.000000    0.000000   clock clk (rise edge)
                                  0.000000    0.000000   clock source latency
     1    0.014179    0.109793    0.073240    0.073240 ^ clk (in)
                      0.109795    0.000000    0.073240 ^ clkbuf_0_clk/A (sky130_fd_sc_hd__clkbuf_16)
     2    0.017806    0.064696    0.236599    0.309838 ^ clkbuf_0_clk/X (sky130_fd_sc_hd__clkbuf_16)
                      0.064696    0.000479    0.310318 ^ clkbuf_1_1__f_clk/A (sky130_fd_sc_hd__clkbuf_16)
     4    0.012193    0.057697    0.208075    0.518393 ^ clkbuf_1_1__f_clk/X (sky130_fd_sc_hd__clkbuf_16)
                      0.057697    0.000308    0.518701 ^ _44_/CLK (sky130_fd_sc_hd__dfrtp_1)
                                  0.250000    0.768701   clock uncertainty
                                  0.000000    0.768701   clock reconvergence pessimism
                                 -0.097806    0.670895   library hold time
                                              0.670895   data required time
---------------------------------------------------------------------------------------------
                                              0.670895   data required time
                                             -1.856176   data arrival time
---------------------------------------------------------------------------------------------
                                              1.185281   slack (MET)


Startpoint: _40_ (rising edge-triggered flip-flop clocked by clk)
Endpoint: _43_ (rising edge-triggered flip-flop clocked by clk)
Path Group: clk
Path Type: min

Fanout         Cap        Slew       Delay        Time   Description
---------------------------------------------------------------------------------------------
                                  0.000000    0.000000   clock clk (rise edge)
                                  0.000000    0.000000   clock source latency
     1    0.014179    0.109793    0.073240    0.073240 ^ clk (in)
                      0.109795    0.000000    0.073240 ^ clkbuf_0_clk/A (sky130_fd_sc_hd__clkbuf_16)
     2    0.017806    0.064696    0.236599    0.309838 ^ clkbuf_0_clk/X (sky130_fd_sc_hd__clkbuf_16)
                      0.064696    0.000518    0.310356 ^ clkbuf_1_0__f_clk/A (sky130_fd_sc_hd__clkbuf_16)
     4    0.013192    0.058945    0.209516    0.519873 ^ clkbuf_1_0__f_clk/X (sky130_fd_sc_hd__clkbuf_16)
                      0.058945    0.000223    0.520095 ^ _40_/CLK (sky130_fd_sc_hd__dfrtp_1)
     6    0.020639    0.298516    0.815705    1.335800 ^ _40_/Q (sky130_fd_sc_hd__dfrtp_1)
                      0.298516    0.000789    1.336589 ^ _22_/A (sky130_fd_sc_hd__and3_1)
     2    0.007293    0.145631    0.419401    1.755989 ^ _22_/X (sky130_fd_sc_hd__and3_1)
                      0.145631    0.000135    1.756124 ^ _35_/B (sky130_fd_sc_hd__xor2_1)
     1    0.002882    0.068459    0.150650    1.906774 v _35_/X (sky130_fd_sc_hd__xor2_1)
                      0.068459    0.000088    1.906862 v _43_/D (sky130_fd_sc_hd__dfrtp_1)
                                              1.906862   data arrival time

                                  0.000000    0.000000   clock clk (rise edge)
                                  0.000000    0.000000   clock source latency
     1    0.014179    0.109793    0.073240    0.073240 ^ clk (in)
                      0.109795    0.000000    0.073240 ^ clkbuf_0_clk/A (sky130_fd_sc_hd__clkbuf_16)
     2    0.017806    0.064696    0.236599    0.309838 ^ clkbuf_0_clk/X (sky130_fd_sc_hd__clkbuf_16)
                      0.064696    0.000479    0.310318 ^ clkbuf_1_1__f_clk/A (sky130_fd_sc_hd__clkbuf_16)
     4    0.012193    0.057697    0.208075    0.518393 ^ clkbuf_1_1__f_clk/X (sky130_fd_sc_hd__clkbuf_16)
                      0.057697    0.000272    0.518665 ^ _43_/CLK (sky130_fd_sc_hd__dfrtp_1)
                                  0.250000    0.768665   clock uncertainty
                                  0.000000    0.768665   clock reconvergence pessimism
                                 -0.099653    0.669012   library hold time
                                              0.669012   data required time
---------------------------------------------------------------------------------------------
                                              0.669012   data required time
                                             -1.906862   data arrival time
---------------------------------------------------------------------------------------------
                                              1.237850   slack (MET)


Startpoint: enable (input port clocked by clk)
Endpoint: _37_ (rising edge-triggered flip-flop clocked by clk)
Path Group: clk
Path Type: min

Fanout         Cap        Slew       Delay        Time   Description
---------------------------------------------------------------------------------------------
                                  0.000000    0.000000   clock clk (rise edge)
                                  0.000000    0.000000   clock network delay (propagated)
                                  2.000000    2.000000 v input external delay
     1    0.002845    0.018630    0.009378    2.009378 v enable (in)
                      0.018630    0.000000    2.009378 v input1/A (sky130_fd_sc_hd__buf_1)
     4    0.013525    0.161701    0.226770    2.236148 v input1/X (sky130_fd_sc_hd__buf_1)
                      0.161701    0.000556    2.236704 v _25_/B (sky130_fd_sc_hd__xor2_1)
     1    0.003063    0.166923    0.251522    2.488226 ^ _25_/X (sky130_fd_sc_hd__xor2_1)
                      0.166923    0.000091    2.488317 ^ _37_/D (sky130_fd_sc_hd__dfrtp_1)
                                              2.488317   data arrival time

                                  0.000000    0.000000   clock clk (rise edge)
                                  0.000000    0.000000   clock source latency
     1    0.014179    0.109793    0.073240    0.073240 ^ clk (in)
                      0.109795    0.000000    0.073240 ^ clkbuf_0_clk/A (sky130_fd_sc_hd__clkbuf_16)
     2    0.017806    0.064696    0.236599    0.309838 ^ clkbuf_0_clk/X (sky130_fd_sc_hd__clkbuf_16)
                      0.064696    0.000479    0.310318 ^ clkbuf_1_1__f_clk/A (sky130_fd_sc_hd__clkbuf_16)
     4    0.012193    0.057697    0.208075    0.518393 ^ clkbuf_1_1__f_clk/X (sky130_fd_sc_hd__clkbuf_16)
                      0.057697    0.000315    0.518708 ^ _37_/CLK (sky130_fd_sc_hd__dfrtp_1)
                                  0.250000    0.768708   clock uncertainty
                                  0.000000    0.768708   clock reconvergence pessimism
                                 -0.101088    0.667620   library hold time
                                              0.667620   data required time
---------------------------------------------------------------------------------------------
                                              0.667620   data required time
                                             -2.488317   data arrival time
---------------------------------------------------------------------------------------------
                                              1.820697   slack (MET)


Startpoint: _44_ (rising edge-triggered flip-flop clocked by clk)
Endpoint: count[7] (output port clocked by clk)
Path Group: clk
Path Type: min

Fanout         Cap        Slew       Delay        Time   Description
---------------------------------------------------------------------------------------------
                                  0.000000    0.000000   clock clk (rise edge)
                                  0.000000    0.000000   clock source latency
     1    0.014179    0.109793    0.073240    0.073240 ^ clk (in)
                      0.109795    0.000000    0.073240 ^ clkbuf_0_clk/A (sky130_fd_sc_hd__clkbuf_16)
     2    0.017806    0.064696    0.236599    0.309838 ^ clkbuf_0_clk/X (sky130_fd_sc_hd__clkbuf_16)
                      0.064696    0.000479    0.310318 ^ clkbuf_1_1__f_clk/A (sky130_fd_sc_hd__clkbuf_16)
     4    0.012193    0.057697    0.208075    0.518393 ^ clkbuf_1_1__f_clk/X (sky130_fd_sc_hd__clkbuf_16)
                      0.057697    0.000308    0.518701 ^ _44_/CLK (sky130_fd_sc_hd__dfrtp_1)
     3    0.008477    0.146737    0.694477    1.213178 ^ _44_/Q (sky130_fd_sc_hd__dfrtp_1)
                      0.146737    0.000280    1.213458 ^ output10/A (sky130_fd_sc_hd__buf_2)
     1    0.034113    0.271136    0.378578    1.592036 ^ output10/X (sky130_fd_sc_hd__buf_2)
                      0.271136    0.000659    1.592695 ^ count[7] (out)
                                              1.592695   data arrival time

                                  0.000000    0.000000   clock clk (rise edge)
                                  0.000000    0.000000   clock network delay (propagated)
                                  0.250000    0.250000   clock uncertainty
                                  0.000000    0.250000   clock reconvergence pessimism
                                 -2.000000   -1.750000   output external delay
                                             -1.750000   data required time
---------------------------------------------------------------------------------------------
                                             -1.750000   data required time
                                             -1.592695   data arrival time
---------------------------------------------------------------------------------------------
                                              3.342695   slack (MET)


Startpoint: _43_ (rising edge-triggered flip-flop clocked by clk)
Endpoint: count[6] (output port clocked by clk)
Path Group: clk
Path Type: min

Fanout         Cap        Slew       Delay        Time   Description
---------------------------------------------------------------------------------------------
                                  0.000000    0.000000   clock clk (rise edge)
                                  0.000000    0.000000   clock source latency
     1    0.014179    0.109793    0.073240    0.073240 ^ clk (in)
                      0.109795    0.000000    0.073240 ^ clkbuf_0_clk/A (sky130_fd_sc_hd__clkbuf_16)
     2    0.017806    0.064696    0.236599    0.309838 ^ clkbuf_0_clk/X (sky130_fd_sc_hd__clkbuf_16)
                      0.064696    0.000479    0.310318 ^ clkbuf_1_1__f_clk/A (sky130_fd_sc_hd__clkbuf_16)
     4    0.012193    0.057697    0.208075    0.518393 ^ clkbuf_1_1__f_clk/X (sky130_fd_sc_hd__clkbuf_16)
                      0.057697    0.000272    0.518665 ^ _43_/CLK (sky130_fd_sc_hd__dfrtp_1)
     3    0.009418    0.158410    0.704426    1.223091 ^ _43_/Q (sky130_fd_sc_hd__dfrtp_1)
                      0.158410    0.000212    1.223303 ^ output9/A (sky130_fd_sc_hd__buf_2)
     1    0.034106    0.271106    0.384019    1.607322 ^ output9/X (sky130_fd_sc_hd__buf_2)
                      0.271106    0.000658    1.607979 ^ count[6] (out)
                                              1.607979   data arrival time

                                  0.000000    0.000000   clock clk (rise edge)
                                  0.000000    0.000000   clock network delay (propagated)
                                  0.250000    0.250000   clock uncertainty
                                  0.000000    0.250000   clock reconvergence pessimism
                                 -2.000000   -1.750000   output external delay
                                             -1.750000   data required time
---------------------------------------------------------------------------------------------
                                             -1.750000   data required time
                                             -1.607979   data arrival time
---------------------------------------------------------------------------------------------
                                              3.357979   slack (MET)


Startpoint: _42_ (rising edge-triggered flip-flop clocked by clk)
Endpoint: count[5] (output port clocked by clk)
Path Group: clk
Path Type: min

Fanout         Cap        Slew       Delay        Time   Description
---------------------------------------------------------------------------------------------
                                  0.000000    0.000000   clock clk (rise edge)
                                  0.000000    0.000000   clock source latency
     1    0.014179    0.109793    0.073240    0.073240 ^ clk (in)
                      0.109795    0.000000    0.073240 ^ clkbuf_0_clk/A (sky130_fd_sc_hd__clkbuf_16)
     2    0.017806    0.064696    0.236599    0.309838 ^ clkbuf_0_clk/X (sky130_fd_sc_hd__clkbuf_16)
                      0.064696    0.000479    0.310318 ^ clkbuf_1_1__f_clk/A (sky130_fd_sc_hd__clkbuf_16)
     4    0.012193    0.057697    0.208075    0.518393 ^ clkbuf_1_1__f_clk/X (sky130_fd_sc_hd__clkbuf_16)
                      0.057697    0.000307    0.518700 ^ _42_/CLK (sky130_fd_sc_hd__dfrtp_1)
     3    0.011645    0.186397    0.727875    1.246575 ^ _42_/Q (sky130_fd_sc_hd__dfrtp_1)
                      0.186397    0.000281    1.246856 ^ output8/A (sky130_fd_sc_hd__buf_2)
     1    0.034028    0.270572    0.396744    1.643600 ^ output8/X (sky130_fd_sc_hd__buf_2)
                      0.270572    0.000637    1.644236 ^ count[5] (out)
                                              1.644236   data arrival time

                                  0.000000    0.000000   clock clk (rise edge)
                                  0.000000    0.000000   clock network delay (propagated)
                                  0.250000    0.250000   clock uncertainty
                                  0.000000    0.250000   clock reconvergence pessimism
                                 -2.000000   -1.750000   output external delay
                                             -1.750000   data required time
---------------------------------------------------------------------------------------------
                                             -1.750000   data required time
                                             -1.644236   data arrival time
---------------------------------------------------------------------------------------------
                                              3.394236   slack (MET)


Startpoint: _38_ (rising edge-triggered flip-flop clocked by clk)
Endpoint: count[1] (output port clocked by clk)
Path Group: clk
Path Type: min

Fanout         Cap        Slew       Delay        Time   Description
---------------------------------------------------------------------------------------------
                                  0.000000    0.000000   clock clk (rise edge)
                                  0.000000    0.000000   clock source latency
     1    0.014179    0.109793    0.073240    0.073240 ^ clk (in)
                      0.109795    0.000000    0.073240 ^ clkbuf_0_clk/A (sky130_fd_sc_hd__clkbuf_16)
     2    0.017806    0.064696    0.236599    0.309838 ^ clkbuf_0_clk/X (sky130_fd_sc_hd__clkbuf_16)
                      0.064696    0.000518    0.310356 ^ clkbuf_1_0__f_clk/A (sky130_fd_sc_hd__clkbuf_16)
     4    0.013192    0.058945    0.209516    0.519873 ^ clkbuf_1_0__f_clk/X (sky130_fd_sc_hd__clkbuf_16)
                      0.058945    0.000253    0.520125 ^ _38_/CLK (sky130_fd_sc_hd__dfrtp_1)
     4    0.011743    0.187631    0.729487    1.249612 ^ _38_/Q (sky130_fd_sc_hd__dfrtp_1)
                      0.187631    0.000320    1.249932 ^ output4/A (sky130_fd_sc_hd__buf_2)
     1    0.033969    0.270138    0.397022    1.646953 ^ output4/X (sky130_fd_sc_hd__buf_2)
                      0.270138    0.000623    1.647577 ^ count[1] (out)
                                              1.647577   data arrival time

                                  0.000000    0.000000   clock clk (rise edge)
                                  0.000000    0.000000   clock network delay (propagated)
                                  0.250000    0.250000   clock uncertainty
                                  0.000000    0.250000   clock reconvergence pessimism
                                 -2.000000   -1.750000   output external delay
                                             -1.750000   data required time
---------------------------------------------------------------------------------------------
                                             -1.750000   data required time
                                             -1.647577   data arrival time
---------------------------------------------------------------------------------------------
                                              3.397577   slack (MET)


Startpoint: _39_ (rising edge-triggered flip-flop clocked by clk)
Endpoint: count[2] (output port clocked by clk)
Path Group: clk
Path Type: min

Fanout         Cap        Slew       Delay        Time   Description
---------------------------------------------------------------------------------------------
                                  0.000000    0.000000   clock clk (rise edge)
                                  0.000000    0.000000   clock source latency
     1    0.014179    0.109793    0.073240    0.073240 ^ clk (in)
                      0.109795    0.000000    0.073240 ^ clkbuf_0_clk/A (sky130_fd_sc_hd__clkbuf_16)
     2    0.017806    0.064696    0.236599    0.309838 ^ clkbuf_0_clk/X (sky130_fd_sc_hd__clkbuf_16)
                      0.064696    0.000518    0.310356 ^ clkbuf_1_0__f_clk/A (sky130_fd_sc_hd__clkbuf_16)
     4    0.013192    0.058945    0.209516    0.519873 ^ clkbuf_1_0__f_clk/X (sky130_fd_sc_hd__clkbuf_16)
                      0.058945    0.000209    0.520081 ^ _39_/CLK (sky130_fd_sc_hd__dfrtp_1)
     3    0.011764    0.187860    0.729759    1.249840 ^ _39_/Q (sky130_fd_sc_hd__dfrtp_1)
                      0.187860    0.000249    1.250089 ^ output5/A (sky130_fd_sc_hd__buf_2)
     1    0.034073    0.270911    0.397656    1.647745 ^ output5/X (sky130_fd_sc_hd__buf_2)
                      0.270911    0.000655    1.648400 ^ count[2] (out)
                                              1.648400   data arrival time

                                  0.000000    0.000000   clock clk (rise edge)
                                  0.000000    0.000000   clock network delay (propagated)
                                  0.250000    0.250000   clock uncertainty
                                  0.000000    0.250000   clock reconvergence pessimism
                                 -2.000000   -1.750000   output external delay
                                             -1.750000   data required time
---------------------------------------------------------------------------------------------
                                             -1.750000   data required time
                                             -1.648400   data arrival time
---------------------------------------------------------------------------------------------
                                              3.398400   slack (MET)


Startpoint: _37_ (rising edge-triggered flip-flop clocked by clk)
Endpoint: count[0] (output port clocked by clk)
Path Group: clk
Path Type: min

Fanout         Cap        Slew       Delay        Time   Description
---------------------------------------------------------------------------------------------
                                  0.000000    0.000000   clock clk (rise edge)
                                  0.000000    0.000000   clock source latency
     1    0.014179    0.109793    0.073240    0.073240 ^ clk (in)
                      0.109795    0.000000    0.073240 ^ clkbuf_0_clk/A (sky130_fd_sc_hd__clkbuf_16)
     2    0.017806    0.064696    0.236599    0.309838 ^ clkbuf_0_clk/X (sky130_fd_sc_hd__clkbuf_16)
                      0.064696    0.000479    0.310318 ^ clkbuf_1_1__f_clk/A (sky130_fd_sc_hd__clkbuf_16)
     4    0.012193    0.057697    0.208075    0.518393 ^ clkbuf_1_1__f_clk/X (sky130_fd_sc_hd__clkbuf_16)
                      0.057697    0.000315    0.518708 ^ _37_/CLK (sky130_fd_sc_hd__dfrtp_1)
     5    0.013224    0.204562    0.744418    1.263126 ^ _37_/Q (sky130_fd_sc_hd__dfrtp_1)
                      0.204562    0.000600    1.263726 ^ output3/A (sky130_fd_sc_hd__buf_2)
     1    0.034323    0.272816    0.406765    1.670491 ^ output3/X (sky130_fd_sc_hd__buf_2)
                      0.272816    0.000733    1.671224 ^ count[0] (out)
                                              1.671224   data arrival time

                                  0.000000    0.000000   clock clk (rise edge)
                                  0.000000    0.000000   clock network delay (propagated)
                                  0.250000    0.250000   clock uncertainty
                                  0.000000    0.250000   clock reconvergence pessimism
                                 -2.000000   -1.750000   output external delay
                                             -1.750000   data required time
---------------------------------------------------------------------------------------------
                                             -1.750000   data required time
                                             -1.671224   data arrival time
---------------------------------------------------------------------------------------------
                                              3.421224   slack (MET)


Startpoint: _41_ (rising edge-triggered flip-flop clocked by clk)
Endpoint: count[4] (output port clocked by clk)
Path Group: clk
Path Type: min

Fanout         Cap        Slew       Delay        Time   Description
---------------------------------------------------------------------------------------------
                                  0.000000    0.000000   clock clk (rise edge)
                                  0.000000    0.000000   clock source latency
     1    0.014179    0.109793    0.073240    0.073240 ^ clk (in)
                      0.109795    0.000000    0.073240 ^ clkbuf_0_clk/A (sky130_fd_sc_hd__clkbuf_16)
     2    0.017806    0.064696    0.236599    0.309838 ^ clkbuf_0_clk/X (sky130_fd_sc_hd__clkbuf_16)
                      0.064696    0.000518    0.310356 ^ clkbuf_1_0__f_clk/A (sky130_fd_sc_hd__clkbuf_16)
     4    0.013192    0.058945    0.209516    0.519873 ^ clkbuf_1_0__f_clk/X (sky130_fd_sc_hd__clkbuf_16)
                      0.058945    0.000164    0.520036 ^ _41_/CLK (sky130_fd_sc_hd__dfrtp_1)
     4    0.013575    0.207787    0.748764    1.268800 ^ _41_/Q (sky130_fd_sc_hd__dfrtp_1)
                      0.207787    0.000538    1.269338 ^ output7/A (sky130_fd_sc_hd__buf_2)
     1    0.034574    0.274708    0.409561    1.678899 ^ output7/X (sky130_fd_sc_hd__buf_2)
                      0.274708    0.000812    1.679711 ^ count[4] (out)
                                              1.679711   data arrival time

                                  0.000000    0.000000   clock clk (rise edge)
                                  0.000000    0.000000   clock network delay (propagated)
                                  0.250000    0.250000   clock uncertainty
                                  0.000000    0.250000   clock reconvergence pessimism
                                 -2.000000   -1.750000   output external delay
                                             -1.750000   data required time
---------------------------------------------------------------------------------------------
                                             -1.750000   data required time
                                             -1.679711   data arrival time
---------------------------------------------------------------------------------------------
                                              3.429711   slack (MET)


Startpoint: _40_ (rising edge-triggered flip-flop clocked by clk)
Endpoint: count[3] (output port clocked by clk)
Path Group: clk
Path Type: min

Fanout         Cap        Slew       Delay        Time   Description
---------------------------------------------------------------------------------------------
                                  0.000000    0.000000   clock clk (rise edge)
                                  0.000000    0.000000   clock source latency
     1    0.014179    0.109793    0.073240    0.073240 ^ clk (in)
                      0.109795    0.000000    0.073240 ^ clkbuf_0_clk/A (sky130_fd_sc_hd__clkbuf_16)
     2    0.017806    0.064696    0.236599    0.309838 ^ clkbuf_0_clk/X (sky130_fd_sc_hd__clkbuf_16)
                      0.064696    0.000518    0.310356 ^ clkbuf_1_0__f_clk/A (sky130_fd_sc_hd__clkbuf_16)
     4    0.013192    0.058945    0.209516    0.519873 ^ clkbuf_1_0__f_clk/X (sky130_fd_sc_hd__clkbuf_16)
                      0.058945    0.000223    0.520095 ^ _40_/CLK (sky130_fd_sc_hd__dfrtp_1)
     6    0.020639    0.298516    0.815705    1.335800 ^ _40_/Q (sky130_fd_sc_hd__dfrtp_1)
                      0.298516    0.000322    1.336122 ^ output6/A (sky130_fd_sc_hd__buf_2)
     1    0.034052    0.271176    0.443388    1.779510 ^ output6/X (sky130_fd_sc_hd__buf_2)
                      0.271176    0.000656    1.780166 ^ count[3] (out)
                                              1.780166   data arrival time

                                  0.000000    0.000000   clock clk (rise edge)
                                  0.000000    0.000000   clock network delay (propagated)
                                  0.250000    0.250000   clock uncertainty
                                  0.000000    0.250000   clock reconvergence pessimism
                                 -2.000000   -1.750000   output external delay
                                             -1.750000   data required time
---------------------------------------------------------------------------------------------
                                             -1.750000   data required time
                                             -1.780166   data arrival time
---------------------------------------------------------------------------------------------
                                              3.530166   slack (MET)


Startpoint: _44_ (rising edge-triggered flip-flop clocked by clk)
Endpoint: overflow (output port clocked by clk)
Path Group: clk
Path Type: min

Fanout         Cap        Slew       Delay        Time   Description
---------------------------------------------------------------------------------------------
                                  0.000000    0.000000   clock clk (rise edge)
                                  0.000000    0.000000   clock source latency
     1    0.014179    0.109793    0.073240    0.073240 ^ clk (in)
                      0.109795    0.000000    0.073240 ^ clkbuf_0_clk/A (sky130_fd_sc_hd__clkbuf_16)
     2    0.017806    0.064696    0.236599    0.309838 ^ clkbuf_0_clk/X (sky130_fd_sc_hd__clkbuf_16)
                      0.064696    0.000479    0.310318 ^ clkbuf_1_1__f_clk/A (sky130_fd_sc_hd__clkbuf_16)
     4    0.012193    0.057697    0.208075    0.518393 ^ clkbuf_1_1__f_clk/X (sky130_fd_sc_hd__clkbuf_16)
                      0.057697    0.000308    0.518701 ^ _44_/CLK (sky130_fd_sc_hd__dfrtp_1)
     3    0.008477    0.146737    0.694477    1.213178 ^ _44_/Q (sky130_fd_sc_hd__dfrtp_1)
                      0.146737    0.000135    1.213313 ^ _24_/A (sky130_fd_sc_hd__and2_1)
     1    0.005210    0.111348    0.276340    1.489653 ^ _24_/X (sky130_fd_sc_hd__and2_1)
                      0.111348    0.000175    1.489828 ^ output11/A (sky130_fd_sc_hd__buf_2)
     1    0.034044    0.270550    0.361626    1.851454 ^ output11/X (sky130_fd_sc_hd__buf_2)
                      0.270550    0.000638    1.852092 ^ overflow (out)
                                              1.852092   data arrival time

                                  0.000000    0.000000   clock clk (rise edge)
                                  0.000000    0.000000   clock network delay (propagated)
                                  0.250000    0.250000   clock uncertainty
                                  0.000000    0.250000   clock reconvergence pessimism
                                 -2.000000   -1.750000   output external delay
                                             -1.750000   data required time
---------------------------------------------------------------------------------------------
                                             -1.750000   data required time
                                             -1.852092   data arrival time
---------------------------------------------------------------------------------------------
                                              3.602092   slack (MET)



