
===========================================================================
report_checks -path_delay min (Hold)
============================================================================
======================= max_tt_025C_1v80 Corner ===================================

Warning: corner.tcl line 57, unknown field nets.
Warning: corner.tcl line 57, report_checks -group_count is deprecated. Use -group_path_count instead.
Startpoint: _42_ (rising edge-triggered flip-flop clocked by clk)
Endpoint: _42_ (rising edge-triggered flip-flop clocked by clk)
Path Group: clk
Path Type: min

Fanout         Cap        Slew       Delay        Time   Description
---------------------------------------------------------------------------------------------
                                  0.000000    0.000000   clock clk (rise edge)
                                  0.000000    0.000000   clock source latency
     1    0.014661    0.071934    0.049179    0.049179 ^ clk (in)
                      0.071943    0.000000    0.049179 ^ clkbuf_0_clk/A (sky130_fd_sc_hd__clkbuf_16)
     2    0.017928    0.040151    0.132936    0.182115 ^ clkbuf_0_clk/X (sky130_fd_sc_hd__clkbuf_16)
                      0.040168    0.001221    0.183337 ^ clkbuf_1_1__f_clk/A (sky130_fd_sc_hd__clkbuf_16)
     4    0.013020    0.035928    0.116850    0.300187 ^ clkbuf_1_1__f_clk/X (sky130_fd_sc_hd__clkbuf_16)
                      0.035929    0.000697    0.300884 ^ _42_/CLK (sky130_fd_sc_hd__dfrtp_1)
     3    0.012165    0.118038    0.372549    0.673433 ^ _42_/Q (sky130_fd_sc_hd__dfrtp_1)
                      0.118040    0.000740    0.674173 ^ _33_/B1 (sky130_fd_sc_hd__a31o_1)
     1    0.002059    0.035891    0.103813    0.777985 ^ _33_/X (sky130_fd_sc_hd__a31o_1)
                      0.035891    0.000095    0.778080 ^ _34_/B (sky130_fd_sc_hd__and2b_1)
     1    0.002603    0.039762    0.108574    0.886655 ^ _34_/X (sky130_fd_sc_hd__and2b_1)
                      0.039763    0.000175    0.886830 ^ _42_/D (sky130_fd_sc_hd__dfrtp_1)
                                              0.886830   data arrival time

                                  0.000000    0.000000   clock clk (rise edge)
                                  0.000000    0.000000   clock source latency
     1    0.014661    0.071934    0.049179    0.049179 ^ clk (in)
                      0.071943    0.000000    0.049179 ^ clkbuf_0_clk/A (sky130_fd_sc_hd__clkbuf_16)
     2    0.017928    0.040151    0.132936    0.182115 ^ clkbuf_0_clk/X (sky130_fd_sc_hd__clkbuf_16)
                      0.040168    0.001221    0.183337 ^ clkbuf_1_1__f_clk/A (sky130_fd_sc_hd__clkbuf_16)
     4    0.013020    0.035928    0.116850    0.300187 ^ clkbuf_1_1__f_clk/X (sky130_fd_sc_hd__clkbuf_16)
                      0.035929    0.000697    0.300884 ^ _42_/CLK (sky130_fd_sc_hd__dfrtp_1)
                                  0.250000    0.550884   clock uncertainty
                                  0.000000    0.550884   clock reconvergence pessimism
                                 -0.034905    0.515979   library hold time
                                              0.515979   data required time
---------------------------------------------------------------------------------------------
                                              0.515979   data required time
                                             -0.886830   data arrival time
---------------------------------------------------------------------------------------------
                                              0.370850   slack (MET)


Startpoint: _40_ (rising edge-triggered flip-flop clocked by clk)
Endpoint: _41_ (rising edge-triggered flip-flop clocked by clk)
Path Group: clk
Path Type: min

Fanout         Cap        Slew       Delay        Time   Description
---------------------------------------------------------------------------------------------
                                  0.000000    0.000000   clock clk (rise edge)
                                  0.000000    0.000000   clock source latency
     1    0.014661    0.071934    0.049179    0.049179 ^ clk (in)
                      0.071943    0.000000    0.049179 ^ clkbuf_0_clk/A (sky130_fd_sc_hd__clkbuf_16)
     2    0.017928    0.040151    0.132936    0.182115 ^ clkbuf_0_clk/X (sky130_fd_sc_hd__clkbuf_16)
                      0.040169    0.001269    0.183385 ^ clkbuf_1_0__f_clk/A (sky130_fd_sc_hd__clkbuf_16)
     4    0.014186    0.036908    0.118016    0.301400 ^ clkbuf_1_0__f_clk/X (sky130_fd_sc_hd__clkbuf_16)
                      0.036908    0.000525    0.301926 ^ _40_/CLK (sky130_fd_sc_hd__dfrtp_1)
     6    0.020803    0.118993    0.431567    0.733492 v _40_/Q (sky130_fd_sc_hd__dfrtp_1)
                      0.119007    0.001264    0.734756 v _20_/A (sky130_fd_sc_hd__nand2_1)
     2    0.006632    0.075566    0.110162    0.844918 ^ _20_/Y (sky130_fd_sc_hd__nand2_1)
                      0.075567    0.000370    0.845288 ^ _32_/B (sky130_fd_sc_hd__xnor2_1)
     1    0.002383    0.032668    0.061020    0.906308 v _32_/Y (sky130_fd_sc_hd__xnor2_1)
                      0.032668    0.000164    0.906472 v _41_/D (sky130_fd_sc_hd__dfrtp_1)
                                              0.906472   data arrival time

                                  0.000000    0.000000   clock clk (rise edge)
                                  0.000000    0.000000   clock source latency
     1    0.014661    0.071934    0.049179    0.049179 ^ clk (in)
                      0.071943    0.000000    0.049179 ^ clkbuf_0_clk/A (sky130_fd_sc_hd__clkbuf_16)
     2    0.017928    0.040151    0.132936    0.182115 ^ clkbuf_0_clk/X (sky130_fd_sc_hd__clkbuf_16)
                      0.040169    0.001269    0.183385 ^ clkbuf_1_0__f_clk/A (sky130_fd_sc_hd__clkbuf_16)
     4    0.014186    0.036908    0.118016    0.301400 ^ clkbuf_1_0__f_clk/X (sky130_fd_sc_hd__clkbuf_16)
                      0.036908    0.000407    0.301807 ^ _41_/CLK (sky130_fd_sc_hd__dfrtp_1)
                                  0.250000    0.551807   clock uncertainty
                                  0.000000    0.551807   clock reconvergence pessimism
                                 -0.042600    0.509207   library hold time
                                              0.509207   data required time
---------------------------------------------------------------------------------------------
                                              0.509207   data required time
                                             -0.906472   data arrival time
---------------------------------------------------------------------------------------------
                                              0.397265   slack (MET)


Startpoint: _38_ (rising edge-triggered flip-flop clocked by clk)
Endpoint: _38_ (rising edge-triggered flip-flop clocked by clk)
Path Group: clk
Path Type: min

Fanout         Cap        Slew       Delay        Time   Description
---------------------------------------------------------------------------------------------
                                  0.000000    0.000000   clock clk (rise edge)
                                  0.000000    0.000000   clock source latency
     1    0.014661    0.071934    0.049179    0.049179 ^ clk (in)
                      0.071943    0.000000    0.049179 ^ clkbuf_0_clk/A (sky130_fd_sc_hd__clkbuf_16)
     2    0.017928    0.040151    0.132936    0.182115 ^ clkbuf_0_clk/X (sky130_fd_sc_hd__clkbuf_16)
                      0.040169    0.001269    0.183385 ^ clkbuf_1_0__f_clk/A (sky130_fd_sc_hd__clkbuf_16)
     4    0.014186    0.036908    0.118016    0.301400 ^ clkbuf_1_0__f_clk/X (sky130_fd_sc_hd__clkbuf_16)
                      0.036908    0.000607    0.302008 ^ _38_/CLK (sky130_fd_sc_hd__dfrtp_1)
     4    0.012363    0.119659    0.374108    0.676116 ^ _38_/Q (sky130_fd_sc_hd__dfrtp_1)
                      0.119661    0.000726    0.676842 ^ _18_/B (sky130_fd_sc_hd__and3_1)
     2    0.006455    0.080520    0.189751    0.866593 ^ _18_/X (sky130_fd_sc_hd__and3_1)
                      0.080521    0.000410    0.867002 ^ _27_/A (sky130_fd_sc_hd__nor2_1)
     1    0.002791    0.029897    0.050788    0.917790 v _27_/Y (sky130_fd_sc_hd__nor2_1)
                      0.029897    0.000181    0.917971 v _38_/D (sky130_fd_sc_hd__dfrtp_1)
                                              0.917971   data arrival time

                                  0.000000    0.000000   clock clk (rise edge)
                                  0.000000    0.000000   clock source latency
     1    0.014661    0.071934    0.049179    0.049179 ^ clk (in)
                      0.071943    0.000000    0.049179 ^ clkbuf_0_clk/A (sky130_fd_sc_hd__clkbuf_16)
     2    0.017928    0.040151    0.132936    0.182115 ^ clkbuf_0_clk/X (sky130_fd_sc_hd__clkbuf_16)
                      0.040169    0.001269    0.183385 ^ clkbuf_1_0__f_clk/A (sky130_fd_sc_hd__clkbuf_16)
     4    0.014186    0.036908    0.118016    0.301400 ^ clkbuf_1_0__f_clk/X (sky130_fd_sc_hd__clkbuf_16)
                      0.036908    0.000607    0.302008 ^ _38_/CLK (sky130_fd_sc_hd__dfrtp_1)
                                  0.250000    0.552008   clock uncertainty
                                  0.000000    0.552008   clock reconvergence pessimism
                                 -0.041472    0.510536   library hold time
                                              0.510536   data required time
---------------------------------------------------------------------------------------------
                                              0.510536   data required time
                                             -0.917971   data arrival time
---------------------------------------------------------------------------------------------
                                              0.407436   slack (MET)


Startpoint: _40_ (rising edge-triggered flip-flop clocked by clk)
Endpoint: _40_ (rising edge-triggered flip-flop clocked by clk)
Path Group: clk
Path Type: min

Fanout         Cap        Slew       Delay        Time   Description
---------------------------------------------------------------------------------------------
                                  0.000000    0.000000   clock clk (rise edge)
                                  0.000000    0.000000   clock source latency
     1    0.014661    0.071934    0.049179    0.049179 ^ clk (in)
                      0.071943    0.000000    0.049179 ^ clkbuf_0_clk/A (sky130_fd_sc_hd__clkbuf_16)
     2    0.017928    0.040151    0.132936    0.182115 ^ clkbuf_0_clk/X (sky130_fd_sc_hd__clkbuf_16)
                      0.040169    0.001269    0.183385 ^ clkbuf_1_0__f_clk/A (sky130_fd_sc_hd__clkbuf_16)
     4    0.014186    0.036908    0.118016    0.301400 ^ clkbuf_1_0__f_clk/X (sky130_fd_sc_hd__clkbuf_16)
                      0.036908    0.000525    0.301926 ^ _40_/CLK (sky130_fd_sc_hd__dfrtp_1)
     6    0.020803    0.118993    0.431567    0.733492 v _40_/Q (sky130_fd_sc_hd__dfrtp_1)
                      0.119007    0.001264    0.734756 v _20_/A (sky130_fd_sc_hd__nand2_1)
     2    0.006632    0.075566    0.110162    0.844918 ^ _20_/Y (sky130_fd_sc_hd__nand2_1)
                      0.075566    0.000079    0.844998 ^ _31_/A (sky130_fd_sc_hd__and2_1)
     1    0.002890    0.046771    0.120967    0.965964 ^ _31_/X (sky130_fd_sc_hd__and2_1)
                      0.046771    0.000122    0.966087 ^ _40_/D (sky130_fd_sc_hd__dfrtp_1)
                                              0.966087   data arrival time

                                  0.000000    0.000000   clock clk (rise edge)
                                  0.000000    0.000000   clock source latency
     1    0.014661    0.071934    0.049179    0.049179 ^ clk (in)
                      0.071943    0.000000    0.049179 ^ clkbuf_0_clk/A (sky130_fd_sc_hd__clkbuf_16)
     2    0.017928    0.040151    0.132936    0.182115 ^ clkbuf_0_clk/X (sky130_fd_sc_hd__clkbuf_16)
                      0.040169    0.001269    0.183385 ^ clkbuf_1_0__f_clk/A (sky130_fd_sc_hd__clkbuf_16)
     4    0.014186    0.036908    0.118016    0.301400 ^ clkbuf_1_0__f_clk/X (sky130_fd_sc_hd__clkbuf_16)
                      0.036908    0.000525    0.301926 ^ _40_/CLK (sky130_fd_sc_hd__dfrtp_1)
                                  0.250000    0.551926   clock uncertainty
                                  0.000000    0.551926   clock reconvergence pessimism
                                 -0.036242    0.515684   library hold time
                                              0.515684   data required time
---------------------------------------------------------------------------------------------
                                              0.515684   data required time
                                             -0.966087   data arrival time
---------------------------------------------------------------------------------------------
                                              0.450403   slack (MET)


Startpoint: _43_ (rising edge-triggered flip-flop clocked by clk)
Endpoint: _44_ (rising edge-triggered flip-flop clocked by clk)
Path Group: clk
Path Type: min

Fanout         Cap        Slew       Delay        Time   Description
---------------------------------------------------------------------------------------------
                                  0.000000    0.000000   clock clk (rise edge)
                                  0.000000    0.000000   clock source latency
     1    0.014661    0.071934    0.049179    0.049179 ^ clk (in)
                      0.071943    0.000000    0.049179 ^ clkbuf_0_clk/A (sky130_fd_sc_hd__clkbuf_16)
     2    0.017928    0.040151    0.132936    0.182115 ^ clkbuf_0_clk/X (sky130_fd_sc_hd__clkbuf_16)
                      0.040168    0.001221    0.183337 ^ clkbuf_1_1__f_clk/A (sky130_fd_sc_hd__clkbuf_16)
     4    0.013020    0.035928    0.116850    0.300187 ^ clkbuf_1_1__f_clk/X (sky130_fd_sc_hd__clkbuf_16)
                      0.035929    0.000665    0.300852 ^ _43_/CLK (sky130_fd_sc_hd__dfrtp_1)
     3    0.009908    0.099530    0.359040    0.659892 ^ _43_/Q (sky130_fd_sc_hd__dfrtp_1)
                      0.099530    0.000348    0.660240 ^ _23_/B (sky130_fd_sc_hd__and4_1)
     2    0.008976    0.105646    0.234460    0.894700 ^ _23_/X (sky130_fd_sc_hd__and4_1)
                      0.105648    0.000680    0.895380 ^ _36_/B (sky130_fd_sc_hd__xor2_1)
     1    0.002416    0.034672    0.071244    0.966624 v _36_/X (sky130_fd_sc_hd__xor2_1)
                      0.034672    0.000165    0.966789 v _44_/D (sky130_fd_sc_hd__dfrtp_1)
                                              0.966789   data arrival time

                                  0.000000    0.000000   clock clk (rise edge)
                                  0.000000    0.000000   clock source latency
     1    0.014661    0.071934    0.049179    0.049179 ^ clk (in)
                      0.071943    0.000000    0.049179 ^ clkbuf_0_clk/A (sky130_fd_sc_hd__clkbuf_16)
     2    0.017928    0.040151    0.132936    0.182115 ^ clkbuf_0_clk/X (sky130_fd_sc_hd__clkbuf_16)
                      0.040168    0.001221    0.183337 ^ clkbuf_1_1__f_clk/A (sky130_fd_sc_hd__clkbuf_16)
     4    0.013020    0.035928    0.116850    0.300187 ^ clkbuf_1_1__f_clk/X (sky130_fd_sc_hd__clkbuf_16)
                      0.035929    0.000727    0.300914 ^ _44_/CLK (sky130_fd_sc_hd__dfrtp_1)
                                  0.250000    0.550914   clock uncertainty
                                  0.000000    0.550914   clock reconvergence pessimism
                                 -0.043640    0.507274   library hold time
                                              0.507274   data required time
---------------------------------------------------------------------------------------------
                                              0.507274   data required time
                                             -0.966789   data arrival time
---------------------------------------------------------------------------------------------
                                              0.459515   slack (MET)


Startpoint: _38_ (rising edge-triggered flip-flop clocked by clk)
Endpoint: _39_ (rising edge-triggered flip-flop clocked by clk)
Path Group: clk
Path Type: min

Fanout         Cap        Slew       Delay        Time   Description
---------------------------------------------------------------------------------------------
                                  0.000000    0.000000   clock clk (rise edge)
                                  0.000000    0.000000   clock source latency
     1    0.014661    0.071934    0.049179    0.049179 ^ clk (in)
                      0.071943    0.000000    0.049179 ^ clkbuf_0_clk/A (sky130_fd_sc_hd__clkbuf_16)
     2    0.017928    0.040151    0.132936    0.182115 ^ clkbuf_0_clk/X (sky130_fd_sc_hd__clkbuf_16)
                      0.040169    0.001269    0.183385 ^ clkbuf_1_0__f_clk/A (sky130_fd_sc_hd__clkbuf_16)
     4    0.014186    0.036908    0.118016    0.301400 ^ clkbuf_1_0__f_clk/X (sky130_fd_sc_hd__clkbuf_16)
                      0.036908    0.000607    0.302008 ^ _38_/CLK (sky130_fd_sc_hd__dfrtp_1)
     4    0.012363    0.119659    0.374108    0.676116 ^ _38_/Q (sky130_fd_sc_hd__dfrtp_1)
                      0.119661    0.000726    0.676842 ^ _18_/B (sky130_fd_sc_hd__and3_1)
     2    0.006455    0.080520    0.189751    0.866593 ^ _18_/X (sky130_fd_sc_hd__and3_1)
                      0.080521    0.000424    0.867017 ^ _28_/B (sky130_fd_sc_hd__nor2_1)
     1    0.002781    0.026048    0.044716    0.911733 v _28_/Y (sky130_fd_sc_hd__nor2_1)
                      0.026048    0.000134    0.911867 v _29_/B (sky130_fd_sc_hd__nor2_1)
     1    0.002511    0.071227    0.071204    0.983071 ^ _29_/Y (sky130_fd_sc_hd__nor2_1)
                      0.071227    0.000120    0.983191 ^ _39_/D (sky130_fd_sc_hd__dfrtp_1)
                                              0.983191   data arrival time

                                  0.000000    0.000000   clock clk (rise edge)
                                  0.000000    0.000000   clock source latency
     1    0.014661    0.071934    0.049179    0.049179 ^ clk (in)
                      0.071943    0.000000    0.049179 ^ clkbuf_0_clk/A (sky130_fd_sc_hd__clkbuf_16)
     2    0.017928    0.040151    0.132936    0.182115 ^ clkbuf_0_clk/X (sky130_fd_sc_hd__clkbuf_16)
                      0.040169    0.001269    0.183385 ^ clkbuf_1_0__f_clk/A (sky130_fd_sc_hd__clkbuf_16)
     4    0.014186    0.036908    0.118016    0.301400 ^ clkbuf_1_0__f_clk/X (sky130_fd_sc_hd__clkbuf_16)
                      0.036908    0.000511    0.301912 ^ _39_/CLK (sky130_fd_sc_hd__dfrtp_1)
                                  0.250000    0.551912   clock uncertainty
                                  0.000000    0.551912   clock reconvergence pessimism
                                 -0.041373    0.510539   library hold time
                                              0.510539   data required time
---------------------------------------------------------------------------------------------
                                              0.510539   data required time
                                             -0.983191   data arrival time
---------------------------------------------------------------------------------------------
                                              0.472652   slack (MET)


Startpoint: _40_ (rising edge-triggered flip-flop clocked by clk)
Endpoint: _43_ (rising edge-triggered flip-flop clocked by clk)
Path Group: clk
Path Type: min

Fanout         Cap        Slew       Delay        Time   Description
---------------------------------------------------------------------------------------------
                                  0.000000    0.000000   clock clk (rise edge)
                                  0.000000    0.000000   clock source latency
     1    0.014661    0.071934    0.049179    0.049179 ^ clk (in)
                      0.071943    0.000000    0.049179 ^ clkbuf_0_clk/A (sky130_fd_sc_hd__clkbuf_16)
     2    0.017928    0.040151    0.132936    0.182115 ^ clkbuf_0_clk/X (sky130_fd_sc_hd__clkbuf_16)
                      0.040169    0.001269    0.183385 ^ clkbuf_1_0__f_clk/A (sky130_fd_sc_hd__clkbuf_16)
     4    0.014186    0.036908    0.118016    0.301400 ^ clkbuf_1_0__f_clk/X (sky130_fd_sc_hd__clkbuf_16)
                      0.036908    0.000525    0.301926 ^ _40_/CLK (sky130_fd_sc_hd__dfrtp_1)
     6    0.021459    0.194731    0.428796    0.730721 ^ _40_/Q (sky130_fd_sc_hd__dfrtp_1)
                      0.194743    0.001677    0.732399 ^ _22_/A (sky130_fd_sc_hd__and3_1)
     2    0.007511    0.089993    0.213837    0.946235 ^ _22_/X (sky130_fd_sc_hd__and3_1)
                      0.089993    0.000310    0.946545 ^ _35_/B (sky130_fd_sc_hd__xor2_1)
     1    0.003048    0.037208    0.070045    1.016590 v _35_/X (sky130_fd_sc_hd__xor2_1)
                      0.037208    0.000198    1.016788 v _43_/D (sky130_fd_sc_hd__dfrtp_1)
                                              1.016788   data arrival time

                                  0.000000    0.000000   clock clk (rise edge)
                                  0.000000    0.000000   clock source latency
     1    0.014661    0.071934    0.049179    0.049179 ^ clk (in)
                      0.071943    0.000000    0.049179 ^ clkbuf_0_clk/A (sky130_fd_sc_hd__clkbuf_16)
     2    0.017928    0.040151    0.132936    0.182115 ^ clkbuf_0_clk/X (sky130_fd_sc_hd__clkbuf_16)
                      0.040168    0.001221    0.183337 ^ clkbuf_1_1__f_clk/A (sky130_fd_sc_hd__clkbuf_16)
     4    0.013020    0.035928    0.116850    0.300187 ^ clkbuf_1_1__f_clk/X (sky130_fd_sc_hd__clkbuf_16)
                      0.035929    0.000665    0.300852 ^ _43_/CLK (sky130_fd_sc_hd__dfrtp_1)
                                  0.250000    0.550852   clock uncertainty
                                  0.000000    0.550852   clock reconvergence pessimism
                                 -0.044672    0.506180   library hold time
                                              0.506180   data required time
---------------------------------------------------------------------------------------------
                                              0.506180   data required time
                                             -1.016788   data arrival time
---------------------------------------------------------------------------------------------
                                              0.510608   slack (MET)


Startpoint: _37_ (rising edge-triggered flip-flop clocked by clk)
Endpoint: _37_ (rising edge-triggered flip-flop clocked by clk)
Path Group: clk
Path Type: min

Fanout         Cap        Slew       Delay        Time   Description
---------------------------------------------------------------------------------------------
                                  0.000000    0.000000   clock clk (rise edge)
                                  0.000000    0.000000   clock source latency
     1    0.014661    0.071934    0.049179    0.049179 ^ clk (in)
                      0.071943    0.000000    0.049179 ^ clkbuf_0_clk/A (sky130_fd_sc_hd__clkbuf_16)
     2    0.017928    0.040151    0.132936    0.182115 ^ clkbuf_0_clk/X (sky130_fd_sc_hd__clkbuf_16)
                      0.040168    0.001221    0.183337 ^ clkbuf_1_1__f_clk/A (sky130_fd_sc_hd__clkbuf_16)
     4    0.013020    0.035928    0.116850    0.300187 ^ clkbuf_1_1__f_clk/X (sky130_fd_sc_hd__clkbuf_16)
                      0.035929    0.000738    0.300925 ^ _37_/CLK (sky130_fd_sc_hd__dfrtp_1)
     5    0.014066    0.133725    0.383740    0.684665 ^ _37_/Q (sky130_fd_sc_hd__dfrtp_1)
                      0.133726    0.000654    0.685319 ^ hold6/A (sky130_fd_sc_hd__dlygate4sd3_1)
     1    0.005007    0.072110    0.577674    1.262993 ^ hold6/X (sky130_fd_sc_hd__dlygate4sd3_1)
                      0.072110    0.000371    1.263364 ^ _25_/A (sky130_fd_sc_hd__xor2_1)
     1    0.003233    0.037907    0.068417    1.331780 v _25_/X (sky130_fd_sc_hd__xor2_1)
                      0.037907    0.000201    1.331981 v _37_/D (sky130_fd_sc_hd__dfrtp_1)
                                              1.331981   data arrival time

                                  0.000000    0.000000   clock clk (rise edge)
                                  0.000000    0.000000   clock source latency
     1    0.014661    0.071934    0.049179    0.049179 ^ clk (in)
                      0.071943    0.000000    0.049179 ^ clkbuf_0_clk/A (sky130_fd_sc_hd__clkbuf_16)
     2    0.017928    0.040151    0.132936    0.182115 ^ clkbuf_0_clk/X (sky130_fd_sc_hd__clkbuf_16)
                      0.040168    0.001221    0.183337 ^ clkbuf_1_1__f_clk/A (sky130_fd_sc_hd__clkbuf_16)
     4    0.013020    0.035928    0.116850    0.300187 ^ clkbuf_1_1__f_clk/X (sky130_fd_sc_hd__clkbuf_16)
                      0.035929    0.000738    0.300925 ^ _37_/CLK (sky130_fd_sc_hd__dfrtp_1)
                                  0.250000    0.550925   clock uncertainty
                                  0.000000    0.550925   clock reconvergence pessimism
                                 -0.044957    0.505969   library hold time
                                              0.505969   data required time
---------------------------------------------------------------------------------------------
                                              0.505969   data required time
                                             -1.331981   data arrival time
---------------------------------------------------------------------------------------------
                                              0.826013   slack (MET)


Startpoint: rst_n (input port clocked by clk)
Endpoint: _38_ (removal check against rising-edge clock clk)
Path Group: asynchronous
Path Type: min

Fanout         Cap        Slew       Delay        Time   Description
---------------------------------------------------------------------------------------------
                                  0.000000    0.000000   clock clk (rise edge)
                                  0.000000    0.000000   clock network delay (propagated)
                                  2.000000    2.000000 ^ input external delay
     1    0.003159    0.021284    0.011620    2.011620 ^ rst_n (in)
                      0.021292    0.000000    2.011620 ^ input2/A (sky130_fd_sc_hd__clkbuf_4)
     8    0.045111    0.143170    0.195940    2.207560 ^ input2/X (sky130_fd_sc_hd__clkbuf_4)
                      0.143296    0.003504    2.211064 ^ _38_/RESET_B (sky130_fd_sc_hd__dfrtp_1)
                                              2.211064   data arrival time

                                  0.000000    0.000000   clock clk (rise edge)
                                  0.000000    0.000000   clock source latency
     1    0.014661    0.071934    0.049179    0.049179 ^ clk (in)
                      0.071943    0.000000    0.049179 ^ clkbuf_0_clk/A (sky130_fd_sc_hd__clkbuf_16)
     2    0.017928    0.040151    0.132936    0.182115 ^ clkbuf_0_clk/X (sky130_fd_sc_hd__clkbuf_16)
                      0.040169    0.001269    0.183385 ^ clkbuf_1_0__f_clk/A (sky130_fd_sc_hd__clkbuf_16)
     4    0.014186    0.036908    0.118016    0.301400 ^ clkbuf_1_0__f_clk/X (sky130_fd_sc_hd__clkbuf_16)
                      0.036908    0.000607    0.302008 ^ _38_/CLK (sky130_fd_sc_hd__dfrtp_1)
                                  0.250000    0.552008   clock uncertainty
                                  0.000000    0.552008   clock reconvergence pessimism
                                  0.345090    0.897098   library removal time
                                              0.897098   data required time
---------------------------------------------------------------------------------------------
                                              0.897098   data required time
                                             -2.211064   data arrival time
---------------------------------------------------------------------------------------------
                                              1.313966   slack (MET)


Startpoint: rst_n (input port clocked by clk)
Endpoint: _39_ (removal check against rising-edge clock clk)
Path Group: asynchronous
Path Type: min

Fanout         Cap        Slew       Delay        Time   Description
---------------------------------------------------------------------------------------------
                                  0.000000    0.000000   clock clk (rise edge)
                                  0.000000    0.000000   clock network delay (propagated)
                                  2.000000    2.000000 ^ input external delay
     1    0.003159    0.021284    0.011620    2.011620 ^ rst_n (in)
                      0.021292    0.000000    2.011620 ^ input2/A (sky130_fd_sc_hd__clkbuf_4)
     8    0.045111    0.143170    0.195940    2.207560 ^ input2/X (sky130_fd_sc_hd__clkbuf_4)
                      0.143335    0.003997    2.211557 ^ _39_/RESET_B (sky130_fd_sc_hd__dfrtp_1)
                                              2.211557   data arrival time

                                  0.000000    0.000000   clock clk (rise edge)
                                  0.000000    0.000000   clock source latency
     1    0.014661    0.071934    0.049179    0.049179 ^ clk (in)
                      0.071943    0.000000    0.049179 ^ clkbuf_0_clk/A (sky130_fd_sc_hd__clkbuf_16)
     2    0.017928    0.040151    0.132936    0.182115 ^ clkbuf_0_clk/X (sky130_fd_sc_hd__clkbuf_16)
                      0.040169    0.001269    0.183385 ^ clkbuf_1_0__f_clk/A (sky130_fd_sc_hd__clkbuf_16)
     4    0.014186    0.036908    0.118016    0.301400 ^ clkbuf_1_0__f_clk/X (sky130_fd_sc_hd__clkbuf_16)
                      0.036908    0.000511    0.301912 ^ _39_/CLK (sky130_fd_sc_hd__dfrtp_1)
                                  0.250000    0.551912   clock uncertainty
                                  0.000000    0.551912   clock reconvergence pessimism
                                  0.345101    0.897012   library removal time
                                              0.897012   data required time
---------------------------------------------------------------------------------------------
                                              0.897012   data required time
                                             -2.211557   data arrival time
---------------------------------------------------------------------------------------------
                                              1.314545   slack (MET)


Startpoint: rst_n (input port clocked by clk)
Endpoint: _40_ (removal check against rising-edge clock clk)
Path Group: asynchronous
Path Type: min

Fanout         Cap        Slew       Delay        Time   Description
---------------------------------------------------------------------------------------------
                                  0.000000    0.000000   clock clk (rise edge)
                                  0.000000    0.000000   clock network delay (propagated)
                                  2.000000    2.000000 ^ input external delay
     1    0.003159    0.021284    0.011620    2.011620 ^ rst_n (in)
                      0.021292    0.000000    2.011620 ^ input2/A (sky130_fd_sc_hd__clkbuf_4)
     8    0.045111    0.143170    0.195940    2.207560 ^ input2/X (sky130_fd_sc_hd__clkbuf_4)
                      0.143351    0.004179    2.211740 ^ _40_/RESET_B (sky130_fd_sc_hd__dfrtp_1)
                                              2.211740   data arrival time

                                  0.000000    0.000000   clock clk (rise edge)
                                  0.000000    0.000000   clock source latency
     1    0.014661    0.071934    0.049179    0.049179 ^ clk (in)
                      0.071943    0.000000    0.049179 ^ clkbuf_0_clk/A (sky130_fd_sc_hd__clkbuf_16)
     2    0.017928    0.040151    0.132936    0.182115 ^ clkbuf_0_clk/X (sky130_fd_sc_hd__clkbuf_16)
                      0.040169    0.001269    0.183385 ^ clkbuf_1_0__f_clk/A (sky130_fd_sc_hd__clkbuf_16)
     4    0.014186    0.036908    0.118016    0.301400 ^ clkbuf_1_0__f_clk/X (sky130_fd_sc_hd__clkbuf_16)
                      0.036908    0.000525    0.301926 ^ _40_/CLK (sky130_fd_sc_hd__dfrtp_1)
                                  0.250000    0.551926   clock uncertainty
                                  0.000000    0.551926   clock reconvergence pessimism
                                  0.345105    0.897031   library removal time
                                              0.897031   data required time
---------------------------------------------------------------------------------------------
                                              0.897031   data required time
                                             -2.211740   data arrival time
---------------------------------------------------------------------------------------------
                                              1.314709   slack (MET)


Startpoint: rst_n (input port clocked by clk)
Endpoint: _41_ (removal check against rising-edge clock clk)
Path Group: asynchronous
Path Type: min

Fanout         Cap        Slew       Delay        Time   Description
---------------------------------------------------------------------------------------------
                                  0.000000    0.000000   clock clk (rise edge)
                                  0.000000    0.000000   clock network delay (propagated)
                                  2.000000    2.000000 ^ input external delay
     1    0.003159    0.021284    0.011620    2.011620 ^ rst_n (in)
                      0.021292    0.000000    2.011620 ^ input2/A (sky130_fd_sc_hd__clkbuf_4)
     8    0.045111    0.143170    0.195940    2.207560 ^ input2/X (sky130_fd_sc_hd__clkbuf_4)
                      0.143374    0.004432    2.211993 ^ _41_/RESET_B (sky130_fd_sc_hd__dfrtp_1)
                                              2.211993   data arrival time

                                  0.000000    0.000000   clock clk (rise edge)
                                  0.000000    0.000000   clock source latency
     1    0.014661    0.071934    0.049179    0.049179 ^ clk (in)
                      0.071943    0.000000    0.049179 ^ clkbuf_0_clk/A (sky130_fd_sc_hd__clkbuf_16)
     2    0.017928    0.040151    0.132936    0.182115 ^ clkbuf_0_clk/X (sky130_fd_sc_hd__clkbuf_16)
                      0.040169    0.001269    0.183385 ^ clkbuf_1_0__f_clk/A (sky130_fd_sc_hd__clkbuf_16)
     4    0.014186    0.036908    0.118016    0.301400 ^ clkbuf_1_0__f_clk/X (sky130_fd_sc_hd__clkbuf_16)
                      0.036908    0.000407    0.301807 ^ _41_/CLK (sky130_fd_sc_hd__dfrtp_1)
                                  0.250000    0.551807   clock uncertainty
                                  0.000000    0.551807   clock reconvergence pessimism
                                  0.345111    0.896919   library removal time
                                              0.896919   data required time
---------------------------------------------------------------------------------------------
                                              0.896919   data required time
                                             -2.211993   data arrival time
---------------------------------------------------------------------------------------------
                                              1.315074   slack (MET)


Startpoint: rst_n (input port clocked by clk)
Endpoint: _37_ (removal check against rising-edge clock clk)
Path Group: asynchronous
Path Type: min

Fanout         Cap        Slew       Delay        Time   Description
---------------------------------------------------------------------------------------------
                                  0.000000    0.000000   clock clk (rise edge)
                                  0.000000    0.000000   clock network delay (propagated)
                                  2.000000    2.000000 ^ input external delay
     1    0.003159    0.021284    0.011620    2.011620 ^ rst_n (in)
                      0.021292    0.000000    2.011620 ^ input2/A (sky130_fd_sc_hd__clkbuf_4)
     8    0.045111    0.143170    0.195940    2.207560 ^ input2/X (sky130_fd_sc_hd__clkbuf_4)
                      0.143381    0.004508    2.212068 ^ _37_/RESET_B (sky130_fd_sc_hd__dfrtp_1)
                                              2.212068   data arrival time

                                  0.000000    0.000000   clock clk (rise edge)
                                  0.000000    0.000000   clock source latency
     1    0.014661    0.071934    0.049179    0.049179 ^ clk (in)
                      0.071943    0.000000    0.049179 ^ clkbuf_0_clk/A (sky130_fd_sc_hd__clkbuf_16)
     2    0.017928    0.040151    0.132936    0.182115 ^ clkbuf_0_clk/X (sky130_fd_sc_hd__clkbuf_16)
                      0.040168    0.001221    0.183337 ^ clkbuf_1_1__f_clk/A (sky130_fd_sc_hd__clkbuf_16)
     4    0.013020    0.035928    0.116850    0.300187 ^ clkbuf_1_1__f_clk/X (sky130_fd_sc_hd__clkbuf_16)
                      0.035929    0.000738    0.300925 ^ _37_/CLK (sky130_fd_sc_hd__dfrtp_1)
                                  0.250000    0.550925   clock uncertainty
                                  0.000000    0.550925   clock reconvergence pessimism
                                  0.344847    0.895772   library removal time
                                              0.895772   data required time
---------------------------------------------------------------------------------------------
                                              0.895772   data required time
                                             -2.212068   data arrival time
---------------------------------------------------------------------------------------------
                                              1.316296   slack (MET)


Startpoint: rst_n (input port clocked by clk)
Endpoint: _44_ (removal check against rising-edge clock clk)
Path Group: asynchronous
Path Type: min

Fanout         Cap        Slew       Delay        Time   Description
---------------------------------------------------------------------------------------------
                                  0.000000    0.000000   clock clk (rise edge)
                                  0.000000    0.000000   clock network delay (propagated)
                                  2.000000    2.000000 ^ input external delay
     1    0.003159    0.021284    0.011620    2.011620 ^ rst_n (in)
                      0.021292    0.000000    2.011620 ^ input2/A (sky130_fd_sc_hd__clkbuf_4)
     8    0.045111    0.143170    0.195940    2.207560 ^ input2/X (sky130_fd_sc_hd__clkbuf_4)
                      0.143398    0.004686    2.212246 ^ _44_/RESET_B (sky130_fd_sc_hd__dfrtp_1)
                                              2.212246   data arrival time

                                  0.000000    0.000000   clock clk (rise edge)
                                  0.000000    0.000000   clock source latency
     1    0.014661    0.071934    0.049179    0.049179 ^ clk (in)
                      0.071943    0.000000    0.049179 ^ clkbuf_0_clk/A (sky130_fd_sc_hd__clkbuf_16)
     2    0.017928    0.040151    0.132936    0.182115 ^ clkbuf_0_clk/X (sky130_fd_sc_hd__clkbuf_16)
                      0.040168    0.001221    0.183337 ^ clkbuf_1_1__f_clk/A (sky130_fd_sc_hd__clkbuf_16)
     4    0.013020    0.035928    0.116850    0.300187 ^ clkbuf_1_1__f_clk/X (sky130_fd_sc_hd__clkbuf_16)
                      0.035929    0.000727    0.300914 ^ _44_/CLK (sky130_fd_sc_hd__dfrtp_1)
                                  0.250000    0.550914   clock uncertainty
                                  0.000000    0.550914   clock reconvergence pessimism
                                  0.344852    0.895765   library removal time
                                              0.895765   data required time
---------------------------------------------------------------------------------------------
                                              0.895765   data required time
                                             -2.212246   data arrival time
---------------------------------------------------------------------------------------------
                                              1.316480   slack (MET)


Startpoint: rst_n (input port clocked by clk)
Endpoint: _43_ (removal check against rising-edge clock clk)
Path Group: asynchronous
Path Type: min

Fanout         Cap        Slew       Delay        Time   Description
---------------------------------------------------------------------------------------------
                                  0.000000    0.000000   clock clk (rise edge)
                                  0.000000    0.000000   clock network delay (propagated)
                                  2.000000    2.000000 ^ input external delay
     1    0.003159    0.021284    0.011620    2.011620 ^ rst_n (in)
                      0.021292    0.000000    2.011620 ^ input2/A (sky130_fd_sc_hd__clkbuf_4)
     8    0.045111    0.143170    0.195940    2.207560 ^ input2/X (sky130_fd_sc_hd__clkbuf_4)
                      0.143435    0.005042    2.212602 ^ _43_/RESET_B (sky130_fd_sc_hd__dfrtp_1)
                                              2.212602   data arrival time

                                  0.000000    0.000000   clock clk (rise edge)
                                  0.000000    0.000000   clock source latency
     1    0.014661    0.071934    0.049179    0.049179 ^ clk (in)
                      0.071943    0.000000    0.049179 ^ clkbuf_0_clk/A (sky130_fd_sc_hd__clkbuf_16)
     2    0.017928    0.040151    0.132936    0.182115 ^ clkbuf_0_clk/X (sky130_fd_sc_hd__clkbuf_16)
                      0.040168    0.001221    0.183337 ^ clkbuf_1_1__f_clk/A (sky130_fd_sc_hd__clkbuf_16)
     4    0.013020    0.035928    0.116850    0.300187 ^ clkbuf_1_1__f_clk/X (sky130_fd_sc_hd__clkbuf_16)
                      0.035929    0.000665    0.300852 ^ _43_/CLK (sky130_fd_sc_hd__dfrtp_1)
                                  0.250000    0.550852   clock uncertainty
                                  0.000000    0.550852   clock reconvergence pessimism
                                  0.344862    0.895714   library removal time
                                              0.895714   data required time
---------------------------------------------------------------------------------------------
                                              0.895714   data required time
                                             -2.212602   data arrival time
---------------------------------------------------------------------------------------------
                                              1.316888   slack (MET)


Startpoint: rst_n (input port clocked by clk)
Endpoint: _42_ (removal check against rising-edge clock clk)
Path Group: asynchronous
Path Type: min

Fanout         Cap        Slew       Delay        Time   Description
---------------------------------------------------------------------------------------------
                                  0.000000    0.000000   clock clk (rise edge)
                                  0.000000    0.000000   clock network delay (propagated)
                                  2.000000    2.000000 ^ input external delay
     1    0.003159    0.021284    0.011620    2.011620 ^ rst_n (in)
                      0.021292    0.000000    2.011620 ^ input2/A (sky130_fd_sc_hd__clkbuf_4)
     8    0.045111    0.143170    0.195940    2.207560 ^ input2/X (sky130_fd_sc_hd__clkbuf_4)
                      0.143444    0.005122    2.212682 ^ _42_/RESET_B (sky130_fd_sc_hd__dfrtp_1)
                                              2.212682   data arrival time

                                  0.000000    0.000000   clock clk (rise edge)
                                  0.000000    0.000000   clock source latency
     1    0.014661    0.071934    0.049179    0.049179 ^ clk (in)
                      0.071943    0.000000    0.049179 ^ clkbuf_0_clk/A (sky130_fd_sc_hd__clkbuf_16)
     2    0.017928    0.040151    0.132936    0.182115 ^ clkbuf_0_clk/X (sky130_fd_sc_hd__clkbuf_16)
                      0.040168    0.001221    0.183337 ^ clkbuf_1_1__f_clk/A (sky130_fd_sc_hd__clkbuf_16)
     4    0.013020    0.035928    0.116850    0.300187 ^ clkbuf_1_1__f_clk/X (sky130_fd_sc_hd__clkbuf_16)
                      0.035929    0.000697    0.300884 ^ _42_/CLK (sky130_fd_sc_hd__dfrtp_1)
                                  0.250000    0.550884   clock uncertainty
                                  0.000000    0.550884   clock reconvergence pessimism
                                  0.344864    0.895749   library removal time
                                              0.895749   data required time
---------------------------------------------------------------------------------------------
                                              0.895749   data required time
                                             -2.212682   data arrival time
---------------------------------------------------------------------------------------------
                                              1.316934   slack (MET)


Startpoint: _44_ (rising edge-triggered flip-flop clocked by clk)
Endpoint: count[7] (output port clocked by clk)
Path Group: clk
Path Type: min

Fanout         Cap        Slew       Delay        Time   Description
---------------------------------------------------------------------------------------------
                                  0.000000    0.000000   clock clk (rise edge)
                                  0.000000    0.000000   clock source latency
     1    0.014661    0.071934    0.049179    0.049179 ^ clk (in)
                      0.071943    0.000000    0.049179 ^ clkbuf_0_clk/A (sky130_fd_sc_hd__clkbuf_16)
     2    0.017928    0.040151    0.132936    0.182115 ^ clkbuf_0_clk/X (sky130_fd_sc_hd__clkbuf_16)
                      0.040168    0.001221    0.183337 ^ clkbuf_1_1__f_clk/A (sky130_fd_sc_hd__clkbuf_16)
     4    0.013020    0.035928    0.116850    0.300187 ^ clkbuf_1_1__f_clk/X (sky130_fd_sc_hd__clkbuf_16)
                      0.035929    0.000727    0.300914 ^ _44_/CLK (sky130_fd_sc_hd__dfrtp_1)
     3    0.008945    0.092256    0.352856    0.653770 ^ _44_/Q (sky130_fd_sc_hd__dfrtp_1)
                      0.092259    0.000661    0.654431 ^ output10/A (sky130_fd_sc_hd__buf_2)
     1    0.034161    0.170094    0.214452    0.868884 ^ output10/X (sky130_fd_sc_hd__buf_2)
                      0.170168    0.001646    0.870529 ^ count[7] (out)
                                              0.870529   data arrival time

                                  0.000000    0.000000   clock clk (rise edge)
                                  0.000000    0.000000   clock network delay (propagated)
                                  0.250000    0.250000   clock uncertainty
                                  0.000000    0.250000   clock reconvergence pessimism
                                 -2.000000   -1.750000   output external delay
                                             -1.750000   data required time
---------------------------------------------------------------------------------------------
                                             -1.750000   data required time
                                             -0.870529   data arrival time
---------------------------------------------------------------------------------------------
                                              2.620529   slack (MET)


Startpoint: _43_ (rising edge-triggered flip-flop clocked by clk)
Endpoint: count[6] (output port clocked by clk)
Path Group: clk
Path Type: min

Fanout         Cap        Slew       Delay        Time   Description
---------------------------------------------------------------------------------------------
                                  0.000000    0.000000   clock clk (rise edge)
                                  0.000000    0.000000   clock source latency
     1    0.014661    0.071934    0.049179    0.049179 ^ clk (in)
                      0.071943    0.000000    0.049179 ^ clkbuf_0_clk/A (sky130_fd_sc_hd__clkbuf_16)
     2    0.017928    0.040151    0.132936    0.182115 ^ clkbuf_0_clk/X (sky130_fd_sc_hd__clkbuf_16)
                      0.040168    0.001221    0.183337 ^ clkbuf_1_1__f_clk/A (sky130_fd_sc_hd__clkbuf_16)
     4    0.013020    0.035928    0.116850    0.300187 ^ clkbuf_1_1__f_clk/X (sky130_fd_sc_hd__clkbuf_16)
                      0.035929    0.000665    0.300852 ^ _43_/CLK (sky130_fd_sc_hd__dfrtp_1)
     3    0.009528    0.068753    0.386349    0.687201 v _43_/Q (sky130_fd_sc_hd__dfrtp_1)
                      0.068753    0.000453    0.687655 v output9/A (sky130_fd_sc_hd__buf_2)
     1    0.034156    0.089636    0.189723    0.877378 v output9/X (sky130_fd_sc_hd__buf_2)
                      0.089671    0.001641    0.879019 v count[6] (out)
                                              0.879019   data arrival time

                                  0.000000    0.000000   clock clk (rise edge)
                                  0.000000    0.000000   clock network delay (propagated)
                                  0.250000    0.250000   clock uncertainty
                                  0.000000    0.250000   clock reconvergence pessimism
                                 -2.000000   -1.750000   output external delay
                                             -1.750000   data required time
---------------------------------------------------------------------------------------------
                                             -1.750000   data required time
                                             -0.879019   data arrival time
---------------------------------------------------------------------------------------------
                                              2.629019   slack (MET)


Startpoint: _42_ (rising edge-triggered flip-flop clocked by clk)
Endpoint: count[5] (output port clocked by clk)
Path Group: clk
Path Type: min

Fanout         Cap        Slew       Delay        Time   Description
---------------------------------------------------------------------------------------------
                                  0.000000    0.000000   clock clk (rise edge)
                                  0.000000    0.000000   clock source latency
     1    0.014661    0.071934    0.049179    0.049179 ^ clk (in)
                      0.071943    0.000000    0.049179 ^ clkbuf_0_clk/A (sky130_fd_sc_hd__clkbuf_16)
     2    0.017928    0.040151    0.132936    0.182115 ^ clkbuf_0_clk/X (sky130_fd_sc_hd__clkbuf_16)
                      0.040168    0.001221    0.183337 ^ clkbuf_1_1__f_clk/A (sky130_fd_sc_hd__clkbuf_16)
     4    0.013020    0.035928    0.116850    0.300187 ^ clkbuf_1_1__f_clk/X (sky130_fd_sc_hd__clkbuf_16)
                      0.035929    0.000697    0.300884 ^ _42_/CLK (sky130_fd_sc_hd__dfrtp_1)
     3    0.011606    0.077722    0.394586    0.695471 v _42_/Q (sky130_fd_sc_hd__dfrtp_1)
                      0.077725    0.000613    0.696084 v output8/A (sky130_fd_sc_hd__buf_2)
     1    0.034069    0.089450    0.193661    0.889745 v output8/X (sky130_fd_sc_hd__buf_2)
                      0.089484    0.001615    0.891361 v count[5] (out)
                                              0.891361   data arrival time

                                  0.000000    0.000000   clock clk (rise edge)
                                  0.000000    0.000000   clock network delay (propagated)
                                  0.250000    0.250000   clock uncertainty
                                  0.000000    0.250000   clock reconvergence pessimism
                                 -2.000000   -1.750000   output external delay
                                             -1.750000   data required time
---------------------------------------------------------------------------------------------
                                             -1.750000   data required time
                                             -0.891361   data arrival time
---------------------------------------------------------------------------------------------
                                              2.641361   slack (MET)


Startpoint: _38_ (rising edge-triggered flip-flop clocked by clk)
Endpoint: count[1] (output port clocked by clk)
Path Group: clk
Path Type: min

Fanout         Cap        Slew       Delay        Time   Description
---------------------------------------------------------------------------------------------
                                  0.000000    0.000000   clock clk (rise edge)
                                  0.000000    0.000000   clock source latency
     1    0.014661    0.071934    0.049179    0.049179 ^ clk (in)
                      0.071943    0.000000    0.049179 ^ clkbuf_0_clk/A (sky130_fd_sc_hd__clkbuf_16)
     2    0.017928    0.040151    0.132936    0.182115 ^ clkbuf_0_clk/X (sky130_fd_sc_hd__clkbuf_16)
                      0.040169    0.001269    0.183385 ^ clkbuf_1_0__f_clk/A (sky130_fd_sc_hd__clkbuf_16)
     4    0.014186    0.036908    0.118016    0.301400 ^ clkbuf_1_0__f_clk/X (sky130_fd_sc_hd__clkbuf_16)
                      0.036908    0.000607    0.302008 ^ _38_/CLK (sky130_fd_sc_hd__dfrtp_1)
     4    0.011920    0.079060    0.396204    0.698212 v _38_/Q (sky130_fd_sc_hd__dfrtp_1)
                      0.079064    0.000664    0.698876 v output4/A (sky130_fd_sc_hd__buf_2)
     1    0.034003    0.089304    0.194159    0.893036 v output4/X (sky130_fd_sc_hd__buf_2)
                      0.089337    0.001599    0.894635 v count[1] (out)
                                              0.894635   data arrival time

                                  0.000000    0.000000   clock clk (rise edge)
                                  0.000000    0.000000   clock network delay (propagated)
                                  0.250000    0.250000   clock uncertainty
                                  0.000000    0.250000   clock reconvergence pessimism
                                 -2.000000   -1.750000   output external delay
                                             -1.750000   data required time
---------------------------------------------------------------------------------------------
                                             -1.750000   data required time
                                             -0.894635   data arrival time
---------------------------------------------------------------------------------------------
                                              2.644635   slack (MET)


Startpoint: _39_ (rising edge-triggered flip-flop clocked by clk)
Endpoint: count[2] (output port clocked by clk)
Path Group: clk
Path Type: min

Fanout         Cap        Slew       Delay        Time   Description
---------------------------------------------------------------------------------------------
                                  0.000000    0.000000   clock clk (rise edge)
                                  0.000000    0.000000   clock source latency
     1    0.014661    0.071934    0.049179    0.049179 ^ clk (in)
                      0.071943    0.000000    0.049179 ^ clkbuf_0_clk/A (sky130_fd_sc_hd__clkbuf_16)
     2    0.017928    0.040151    0.132936    0.182115 ^ clkbuf_0_clk/X (sky130_fd_sc_hd__clkbuf_16)
                      0.040169    0.001269    0.183385 ^ clkbuf_1_0__f_clk/A (sky130_fd_sc_hd__clkbuf_16)
     4    0.014186    0.036908    0.118016    0.301400 ^ clkbuf_1_0__f_clk/X (sky130_fd_sc_hd__clkbuf_16)
                      0.036908    0.000511    0.301912 ^ _39_/CLK (sky130_fd_sc_hd__dfrtp_1)
     3    0.011953    0.079149    0.396453    0.698365 v _39_/Q (sky130_fd_sc_hd__dfrtp_1)
                      0.079151    0.000533    0.698898 v output5/A (sky130_fd_sc_hd__buf_2)
     1    0.034122    0.089573    0.194391    0.893289 v output5/X (sky130_fd_sc_hd__buf_2)
                      0.089608    0.001637    0.894927 v count[2] (out)
                                              0.894927   data arrival time

                                  0.000000    0.000000   clock clk (rise edge)
                                  0.000000    0.000000   clock network delay (propagated)
                                  0.250000    0.250000   clock uncertainty
                                  0.000000    0.250000   clock reconvergence pessimism
                                 -2.000000   -1.750000   output external delay
                                             -1.750000   data required time
---------------------------------------------------------------------------------------------
                                             -1.750000   data required time
                                             -0.894927   data arrival time
---------------------------------------------------------------------------------------------
                                              2.644927   slack (MET)


Startpoint: _37_ (rising edge-triggered flip-flop clocked by clk)
Endpoint: count[0] (output port clocked by clk)
Path Group: clk
Path Type: min

Fanout         Cap        Slew       Delay        Time   Description
---------------------------------------------------------------------------------------------
                                  0.000000    0.000000   clock clk (rise edge)
                                  0.000000    0.000000   clock source latency
     1    0.014661    0.071934    0.049179    0.049179 ^ clk (in)
                      0.071943    0.000000    0.049179 ^ clkbuf_0_clk/A (sky130_fd_sc_hd__clkbuf_16)
     2    0.017928    0.040151    0.132936    0.182115 ^ clkbuf_0_clk/X (sky130_fd_sc_hd__clkbuf_16)
                      0.040168    0.001221    0.183337 ^ clkbuf_1_1__f_clk/A (sky130_fd_sc_hd__clkbuf_16)
     4    0.013020    0.035928    0.116850    0.300187 ^ clkbuf_1_1__f_clk/X (sky130_fd_sc_hd__clkbuf_16)
                      0.035929    0.000738    0.300925 ^ _37_/CLK (sky130_fd_sc_hd__dfrtp_1)
     5    0.013497    0.086123    0.401893    0.702818 v _37_/Q (sky130_fd_sc_hd__dfrtp_1)
                      0.086144    0.001306    0.704124 v output3/A (sky130_fd_sc_hd__buf_2)
     1    0.034377    0.090112    0.198086    0.902211 v output3/X (sky130_fd_sc_hd__buf_2)
                      0.090145    0.001594    0.903804 v count[0] (out)
                                              0.903804   data arrival time

                                  0.000000    0.000000   clock clk (rise edge)
                                  0.000000    0.000000   clock network delay (propagated)
                                  0.250000    0.250000   clock uncertainty
                                  0.000000    0.250000   clock reconvergence pessimism
                                 -2.000000   -1.750000   output external delay
                                             -1.750000   data required time
---------------------------------------------------------------------------------------------
                                             -1.750000   data required time
                                             -0.903804   data arrival time
---------------------------------------------------------------------------------------------
                                              2.653804   slack (MET)


Startpoint: _41_ (rising edge-triggered flip-flop clocked by clk)
Endpoint: count[4] (output port clocked by clk)
Path Group: clk
Path Type: min

Fanout         Cap        Slew       Delay        Time   Description
---------------------------------------------------------------------------------------------
                                  0.000000    0.000000   clock clk (rise edge)
                                  0.000000    0.000000   clock source latency
     1    0.014661    0.071934    0.049179    0.049179 ^ clk (in)
                      0.071943    0.000000    0.049179 ^ clkbuf_0_clk/A (sky130_fd_sc_hd__clkbuf_16)
     2    0.017928    0.040151    0.132936    0.182115 ^ clkbuf_0_clk/X (sky130_fd_sc_hd__clkbuf_16)
                      0.040169    0.001269    0.183385 ^ clkbuf_1_0__f_clk/A (sky130_fd_sc_hd__clkbuf_16)
     4    0.014186    0.036908    0.118016    0.301400 ^ clkbuf_1_0__f_clk/X (sky130_fd_sc_hd__clkbuf_16)
                      0.036908    0.000407    0.301807 ^ _41_/CLK (sky130_fd_sc_hd__dfrtp_1)
     4    0.013682    0.086822    0.403202    0.705009 v _41_/Q (sky130_fd_sc_hd__dfrtp_1)
                      0.086834    0.001043    0.706052 v output7/A (sky130_fd_sc_hd__buf_2)
     1    0.034639    0.090709    0.198817    0.904869 v output7/X (sky130_fd_sc_hd__buf_2)
                      0.090746    0.001687    0.906556 v count[4] (out)
                                              0.906556   data arrival time

                                  0.000000    0.000000   clock clk (rise edge)
                                  0.000000    0.000000   clock network delay (propagated)
                                  0.250000    0.250000   clock uncertainty
                                  0.000000    0.250000   clock reconvergence pessimism
                                 -2.000000   -1.750000   output external delay
                                             -1.750000   data required time
---------------------------------------------------------------------------------------------
                                             -1.750000   data required time
                                             -0.906556   data arrival time
---------------------------------------------------------------------------------------------
                                              2.656556   slack (MET)


Startpoint: _40_ (rising edge-triggered flip-flop clocked by clk)
Endpoint: count[3] (output port clocked by clk)
Path Group: clk
Path Type: min

Fanout         Cap        Slew       Delay        Time   Description
---------------------------------------------------------------------------------------------
                                  0.000000    0.000000   clock clk (rise edge)
                                  0.000000    0.000000   clock source latency
     1    0.014661    0.071934    0.049179    0.049179 ^ clk (in)
                      0.071943    0.000000    0.049179 ^ clkbuf_0_clk/A (sky130_fd_sc_hd__clkbuf_16)
     2    0.017928    0.040151    0.132936    0.182115 ^ clkbuf_0_clk/X (sky130_fd_sc_hd__clkbuf_16)
                      0.040169    0.001269    0.183385 ^ clkbuf_1_0__f_clk/A (sky130_fd_sc_hd__clkbuf_16)
     4    0.014186    0.036908    0.118016    0.301400 ^ clkbuf_1_0__f_clk/X (sky130_fd_sc_hd__clkbuf_16)
                      0.036908    0.000525    0.301926 ^ _40_/CLK (sky130_fd_sc_hd__dfrtp_1)
     6    0.020803    0.118993    0.431567    0.733492 v _40_/Q (sky130_fd_sc_hd__dfrtp_1)
                      0.118997    0.000744    0.734236 v output6/A (sky130_fd_sc_hd__buf_2)
     1    0.034092    0.089555    0.212456    0.946692 v output6/X (sky130_fd_sc_hd__buf_2)
                      0.089590    0.001639    0.948331 v count[3] (out)
                                              0.948331   data arrival time

                                  0.000000    0.000000   clock clk (rise edge)
                                  0.000000    0.000000   clock network delay (propagated)
                                  0.250000    0.250000   clock uncertainty
                                  0.000000    0.250000   clock reconvergence pessimism
                                 -2.000000   -1.750000   output external delay
                                             -1.750000   data required time
---------------------------------------------------------------------------------------------
                                             -1.750000   data required time
                                             -0.948331   data arrival time
---------------------------------------------------------------------------------------------
                                              2.698331   slack (MET)


Startpoint: _44_ (rising edge-triggered flip-flop clocked by clk)
Endpoint: overflow (output port clocked by clk)
Path Group: clk
Path Type: min

Fanout         Cap        Slew       Delay        Time   Description
---------------------------------------------------------------------------------------------
                                  0.000000    0.000000   clock clk (rise edge)
                                  0.000000    0.000000   clock source latency
     1    0.014661    0.071934    0.049179    0.049179 ^ clk (in)
                      0.071943    0.000000    0.049179 ^ clkbuf_0_clk/A (sky130_fd_sc_hd__clkbuf_16)
     2    0.017928    0.040151    0.132936    0.182115 ^ clkbuf_0_clk/X (sky130_fd_sc_hd__clkbuf_16)
                      0.040168    0.001221    0.183337 ^ clkbuf_1_1__f_clk/A (sky130_fd_sc_hd__clkbuf_16)
     4    0.013020    0.035928    0.116850    0.300187 ^ clkbuf_1_1__f_clk/X (sky130_fd_sc_hd__clkbuf_16)
                      0.035929    0.000727    0.300914 ^ _44_/CLK (sky130_fd_sc_hd__dfrtp_1)
     3    0.008945    0.092256    0.352856    0.653770 ^ _44_/Q (sky130_fd_sc_hd__dfrtp_1)
                      0.092256    0.000330    0.654100 ^ _24_/A (sky130_fd_sc_hd__and2_1)
     1    0.005431    0.068673    0.144499    0.798599 ^ _24_/X (sky130_fd_sc_hd__and2_1)
                      0.068673    0.000299    0.798898 ^ output11/A (sky130_fd_sc_hd__buf_2)
     1    0.034086    0.169608    0.205528    1.004426 ^ output11/X (sky130_fd_sc_hd__buf_2)
                      0.169680    0.001620    1.006045 ^ overflow (out)
                                              1.006045   data arrival time

                                  0.000000    0.000000   clock clk (rise edge)
                                  0.000000    0.000000   clock network delay (propagated)
                                  0.250000    0.250000   clock uncertainty
                                  0.000000    0.250000   clock reconvergence pessimism
                                 -2.000000   -1.750000   output external delay
                                             -1.750000   data required time
---------------------------------------------------------------------------------------------
                                             -1.750000   data required time
                                             -1.006045   data arrival time
---------------------------------------------------------------------------------------------
                                              2.756046   slack (MET)



