
===========================================================================
report_checks -unconstrained
===========================================================================
======================= max_ss_100C_1v60 Corner ===================================

Warning: corner.tcl line 77, unknown field nets.
Startpoint: rst_n (input port clocked by clk)
Endpoint: _41_ (recovery check against rising-edge clock clk)
Path Group: asynchronous
Path Type: max

Fanout         Cap        Slew       Delay        Time   Description
---------------------------------------------------------------------------------------------
                                  0.000000    0.000000   clock clk (rise edge)
                                  0.000000    0.000000   clock network delay (propagated)
                                  2.000000    2.000000 ^ input external delay
     1    0.002945    0.033209    0.016606    2.016606 ^ rst_n (in)
                      0.033209    0.000000    2.016606 ^ input2/A (sky130_fd_sc_hd__clkbuf_4)
     8    0.054462    0.267175    0.372756    2.389361 ^ input2/X (sky130_fd_sc_hd__clkbuf_4)
                      0.267602    0.008762    2.398124 ^ _41_/RESET_B (sky130_fd_sc_hd__dfrtp_4)
                                              2.398124   data arrival time

                                 10.000000   10.000000   clock clk (rise edge)
                                  0.000000   10.000000   clock source latency
     1    0.021612    0.161375    0.111008   10.111009 ^ clk (in)
                      0.161426    0.000000   10.111009 ^ clkbuf_0_clk/A (sky130_fd_sc_hd__clkbuf_16)
     2    0.018124    0.065104    0.260605   10.371614 ^ clkbuf_0_clk/X (sky130_fd_sc_hd__clkbuf_16)
                      0.065104    0.001060   10.372674 ^ clkbuf_1_1__f_clk/A (sky130_fd_sc_hd__clkbuf_16)
     4    0.016535    0.063141    0.214220   10.586893 ^ clkbuf_1_1__f_clk/X (sky130_fd_sc_hd__clkbuf_16)
                      0.063141    0.001255   10.588148 ^ _41_/CLK (sky130_fd_sc_hd__dfrtp_4)
                                 -0.250000   10.338148   clock uncertainty
                                  0.000000   10.338148   clock reconvergence pessimism
                                  0.348953   10.687101   library recovery time
                                             10.687101   data required time
---------------------------------------------------------------------------------------------
                                             10.687101   data required time
                                             -2.398124   data arrival time
---------------------------------------------------------------------------------------------
                                              8.288978   slack (MET)


Startpoint: enable (input port clocked by clk)
Endpoint: overflow (output port clocked by clk)
Path Group: clk
Path Type: max

Fanout         Cap        Slew       Delay        Time   Description
---------------------------------------------------------------------------------------------
                                  0.000000    0.000000   clock clk (rise edge)
                                  0.000000    0.000000   clock network delay (propagated)
                                  2.000000    2.000000 ^ input external delay
     1    0.003271    0.035380    0.018326    2.018326 ^ enable (in)
                      0.035381    0.000000    2.018326 ^ input1/A (sky130_fd_sc_hd__clkbuf_2)
     4    0.029463    0.255418    0.308391    2.326718 ^ input1/X (sky130_fd_sc_hd__clkbuf_2)
                      0.255500    0.003797    2.330514 ^ _19_/D (sky130_fd_sc_hd__and4_1)
     6    0.020696    0.341455    0.667382    2.997896 ^ _19_/X (sky130_fd_sc_hd__and4_1)
                      0.341459    0.001851    2.999748 ^ _23_/C (sky130_fd_sc_hd__and4_1)
     2    0.009646    0.193399    0.558184    3.557931 ^ _23_/X (sky130_fd_sc_hd__and4_1)
                      0.193399    0.000644    3.558575 ^ _24_/B (sky130_fd_sc_hd__and2_1)
     1    0.010511    0.185866    0.359273    3.917848 ^ _24_/X (sky130_fd_sc_hd__and2_1)
                      0.185868    0.001065    3.918914 ^ output11/A (sky130_fd_sc_hd__buf_2)
     1    0.034041    0.270865    0.395873    4.314786 ^ output11/X (sky130_fd_sc_hd__buf_2)
                      0.270870    0.001616    4.316403 ^ overflow (out)
                                              4.316403   data arrival time

                                 10.000000   10.000000   clock clk (rise edge)
                                  0.000000   10.000000   clock network delay (propagated)
                                 -0.250000    9.750000   clock uncertainty
                                  0.000000    9.750000   clock reconvergence pessimism
                                 -2.000000    7.750000   output external delay
                                              7.750000   data required time
---------------------------------------------------------------------------------------------
                                              7.750000   data required time
                                             -4.316403   data arrival time
---------------------------------------------------------------------------------------------
                                              3.433597   slack (MET)




===========================================================================
report_checks --slack_max -0.01
============================================================================
======================= max_ss_100C_1v60 Corner ===================================

Warning: corner.tcl line 85, unknown field nets.
No paths found.


===========================================================================
 report_check_types -max_slew -max_cap -max_fanout -violators
============================================================================
======================= max_ss_100C_1v60 Corner ===================================



===========================================================================
report_parasitic_annotation -report_unannotated
============================================================================
Found 1 unannotated drivers.
 clkload0/X
Found 0 partially unannotated drivers.

===========================================================================
max slew violation count 0
max fanout violation count 0
max cap violation count 0
============================================================================

===========================================================================
check_setup -verbose -unconstrained_endpoints -multiple_clock -no_clock -no_input_delay -loops -generated_clocks
===========================================================================
