Clock: clk
Sources: clk 
Generated: no
Virtual: yes
Propagated: no
Period: 10.000000

===========================================================================
report_clock_properties
============================================================================
Clock                   Period          Waveform
----------------------------------------------------
clk                  10.000000    0.000000  5.000000

===========================================================================
report_clock_latency
============================================================================
Clock clk
rise -> rise
    min     max
0.000000 0.000000 source latency
0.587775         network latency _44_/CLK
        0.588490 network latency _38_/CLK
---------------
0.587775 0.588490 latency
        0.000715 skew

fall -> fall
    min     max
0.000000 0.000000 source latency
0.574284         network latency _44_/CLK
        0.574635 network latency _41_/CLK
---------------
0.574284 0.574635 latency
        0.000352 skew



===========================================================================
report_clock_min_period
============================================================================
clk period_min = 3.03 fmax = 329.70
