
===========================================================================
report_checks -path_delay max (Setup)
============================================================================
======================= max_ss_100C_1v60 Corner ===================================

Warning: corner.tcl line 67, unknown field nets.
Warning: corner.tcl line 67, report_checks -group_count is deprecated. Use -group_path_count instead.
Startpoint: enable (input port clocked by clk)
Endpoint: overflow (output port clocked by clk)
Path Group: clk
Path Type: max

Fanout         Cap        Slew       Delay        Time   Description
---------------------------------------------------------------------------------------------
                                  0.000000    0.000000   clock clk (rise edge)
                                  0.000000    0.000000   clock network delay (propagated)
                                  2.000000    2.000000 ^ input external delay
     1    0.003271    0.035380    0.018326    2.018326 ^ enable (in)
                      0.035381    0.000000    2.018326 ^ input1/A (sky130_fd_sc_hd__clkbuf_2)
     4    0.029463    0.255418    0.308391    2.326718 ^ input1/X (sky130_fd_sc_hd__clkbuf_2)
                      0.255500    0.003797    2.330514 ^ _19_/D (sky130_fd_sc_hd__and4_1)
     6    0.020696    0.341455    0.667382    2.997896 ^ _19_/X (sky130_fd_sc_hd__and4_1)
                      0.341459    0.001851    2.999748 ^ _23_/C (sky130_fd_sc_hd__and4_1)
     2    0.009646    0.193399    0.558184    3.557931 ^ _23_/X (sky130_fd_sc_hd__and4_1)
                      0.193399    0.000644    3.558575 ^ _24_/B (sky130_fd_sc_hd__and2_1)
     1    0.010511    0.185866    0.359273    3.917848 ^ _24_/X (sky130_fd_sc_hd__and2_1)
                      0.185868    0.001065    3.918914 ^ output11/A (sky130_fd_sc_hd__buf_2)
     1    0.034041    0.270865    0.395873    4.314786 ^ output11/X (sky130_fd_sc_hd__buf_2)
                      0.270870    0.001616    4.316403 ^ overflow (out)
                                              4.316403   data arrival time

                                 10.000000   10.000000   clock clk (rise edge)
                                  0.000000   10.000000   clock network delay (propagated)
                                 -0.250000    9.750000   clock uncertainty
                                  0.000000    9.750000   clock reconvergence pessimism
                                 -2.000000    7.750000   output external delay
                                              7.750000   data required time
---------------------------------------------------------------------------------------------
                                              7.750000   data required time
                                             -4.316403   data arrival time
---------------------------------------------------------------------------------------------
                                              3.433597   slack (MET)


Startpoint: _40_ (rising edge-triggered flip-flop clocked by clk)
Endpoint: count[3] (output port clocked by clk)
Path Group: clk
Path Type: max

Fanout         Cap        Slew       Delay        Time   Description
---------------------------------------------------------------------------------------------
                                  0.000000    0.000000   clock clk (rise edge)
                                  0.000000    0.000000   clock source latency
     1    0.021612    0.161375    0.111008    0.111008 ^ clk (in)
                      0.161426    0.000000    0.111008 ^ clkbuf_0_clk/A (sky130_fd_sc_hd__clkbuf_16)
     2    0.018124    0.065104    0.260605    0.371613 ^ clkbuf_0_clk/X (sky130_fd_sc_hd__clkbuf_16)
                      0.065104    0.001113    0.372726 ^ clkbuf_1_0__f_clk/A (sky130_fd_sc_hd__clkbuf_16)
     5    0.017128    0.063860    0.215245    0.587972 ^ clkbuf_1_0__f_clk/X (sky130_fd_sc_hd__clkbuf_16)
                      0.063860    0.000431    0.588402 ^ _40_/CLK (sky130_fd_sc_hd__dfrtp_4)
     6    0.029808    0.176301    1.076732    1.665134 v _40_/Q (sky130_fd_sc_hd__dfrtp_4)
                      0.176301    0.002861    1.667995 v output6/A (sky130_fd_sc_hd__buf_2)
     1    0.034232    0.166142    0.394771    2.062766 v output6/X (sky130_fd_sc_hd__buf_2)
                      0.166158    0.001705    2.064471 v count[3] (out)
                                              2.064471   data arrival time

                                 10.000000   10.000000   clock clk (rise edge)
                                  0.000000   10.000000   clock network delay (propagated)
                                 -0.250000    9.750000   clock uncertainty
                                  0.000000    9.750000   clock reconvergence pessimism
                                 -2.000000    7.750000   output external delay
                                              7.750000   data required time
---------------------------------------------------------------------------------------------
                                              7.750000   data required time
                                             -2.064471   data arrival time
---------------------------------------------------------------------------------------------
                                              5.685530   slack (MET)


Startpoint: _41_ (rising edge-triggered flip-flop clocked by clk)
Endpoint: count[4] (output port clocked by clk)
Path Group: clk
Path Type: max

Fanout         Cap        Slew       Delay        Time   Description
---------------------------------------------------------------------------------------------
                                  0.000000    0.000000   clock clk (rise edge)
                                  0.000000    0.000000   clock source latency
     1    0.021612    0.161375    0.111008    0.111008 ^ clk (in)
                      0.161426    0.000000    0.111008 ^ clkbuf_0_clk/A (sky130_fd_sc_hd__clkbuf_16)
     2    0.018124    0.065104    0.260605    0.371613 ^ clkbuf_0_clk/X (sky130_fd_sc_hd__clkbuf_16)
                      0.065104    0.001061    0.372674 ^ clkbuf_1_1__f_clk/A (sky130_fd_sc_hd__clkbuf_16)
     4    0.016535    0.063141    0.214219    0.586893 ^ clkbuf_1_1__f_clk/X (sky130_fd_sc_hd__clkbuf_16)
                      0.063141    0.001255    0.588148 ^ _41_/CLK (sky130_fd_sc_hd__dfrtp_4)
     4    0.024520    0.166409    1.062465    1.650613 v _41_/Q (sky130_fd_sc_hd__dfrtp_4)
                      0.166409    0.002681    1.653294 v output7/A (sky130_fd_sc_hd__buf_2)
     1    0.034164    0.165843    0.389825    2.043119 v output7/X (sky130_fd_sc_hd__buf_2)
                      0.165858    0.001644    2.044763 v count[4] (out)
                                              2.044763   data arrival time

                                 10.000000   10.000000   clock clk (rise edge)
                                  0.000000   10.000000   clock network delay (propagated)
                                 -0.250000    9.750000   clock uncertainty
                                  0.000000    9.750000   clock reconvergence pessimism
                                 -2.000000    7.750000   output external delay
                                              7.750000   data required time
---------------------------------------------------------------------------------------------
                                              7.750000   data required time
                                             -2.044763   data arrival time
---------------------------------------------------------------------------------------------
                                              5.705237   slack (MET)


Startpoint: _38_ (rising edge-triggered flip-flop clocked by clk)
Endpoint: count[1] (output port clocked by clk)
Path Group: clk
Path Type: max

Fanout         Cap        Slew       Delay        Time   Description
---------------------------------------------------------------------------------------------
                                  0.000000    0.000000   clock clk (rise edge)
                                  0.000000    0.000000   clock source latency
     1    0.021612    0.161375    0.111008    0.111008 ^ clk (in)
                      0.161426    0.000000    0.111008 ^ clkbuf_0_clk/A (sky130_fd_sc_hd__clkbuf_16)
     2    0.018124    0.065104    0.260605    0.371613 ^ clkbuf_0_clk/X (sky130_fd_sc_hd__clkbuf_16)
                      0.065104    0.001113    0.372726 ^ clkbuf_1_0__f_clk/A (sky130_fd_sc_hd__clkbuf_16)
     5    0.017128    0.063860    0.215245    0.587972 ^ clkbuf_1_0__f_clk/X (sky130_fd_sc_hd__clkbuf_16)
                      0.063860    0.000518    0.588490 ^ _38_/CLK (sky130_fd_sc_hd__dfrtp_1)
     4    0.022289    0.238393    0.893642    1.482132 v _38_/Q (sky130_fd_sc_hd__dfrtp_1)
                      0.238424    0.002788    1.484920 v output4/A (sky130_fd_sc_hd__buf_2)
     1    0.034457    0.167144    0.425386    1.910306 v output4/X (sky130_fd_sc_hd__buf_2)
                      0.167157    0.001614    1.911920 v count[1] (out)
                                              1.911920   data arrival time

                                 10.000000   10.000000   clock clk (rise edge)
                                  0.000000   10.000000   clock network delay (propagated)
                                 -0.250000    9.750000   clock uncertainty
                                  0.000000    9.750000   clock reconvergence pessimism
                                 -2.000000    7.750000   output external delay
                                              7.750000   data required time
---------------------------------------------------------------------------------------------
                                              7.750000   data required time
                                             -1.911920   data arrival time
---------------------------------------------------------------------------------------------
                                              5.838079   slack (MET)


Startpoint: _42_ (rising edge-triggered flip-flop clocked by clk)
Endpoint: count[5] (output port clocked by clk)
Path Group: clk
Path Type: max

Fanout         Cap        Slew       Delay        Time   Description
---------------------------------------------------------------------------------------------
                                  0.000000    0.000000   clock clk (rise edge)
                                  0.000000    0.000000   clock source latency
     1    0.021612    0.161375    0.111008    0.111008 ^ clk (in)
                      0.161426    0.000000    0.111008 ^ clkbuf_0_clk/A (sky130_fd_sc_hd__clkbuf_16)
     2    0.018124    0.065104    0.260605    0.371613 ^ clkbuf_0_clk/X (sky130_fd_sc_hd__clkbuf_16)
                      0.065104    0.001061    0.372674 ^ clkbuf_1_1__f_clk/A (sky130_fd_sc_hd__clkbuf_16)
     4    0.016535    0.063141    0.214219    0.586893 ^ clkbuf_1_1__f_clk/X (sky130_fd_sc_hd__clkbuf_16)
                      0.063141    0.001170    0.588063 ^ _42_/CLK (sky130_fd_sc_hd__dfrtp_1)
     3    0.021432    0.231242    0.886917    1.474980 v _42_/Q (sky130_fd_sc_hd__dfrtp_1)
                      0.231292    0.003333    1.478312 v output8/A (sky130_fd_sc_hd__buf_2)
     1    0.034642    0.167876    0.422510    1.900823 v output8/X (sky130_fd_sc_hd__buf_2)
                      0.167892    0.001728    1.902551 v count[5] (out)
                                              1.902551   data arrival time

                                 10.000000   10.000000   clock clk (rise edge)
                                  0.000000   10.000000   clock network delay (propagated)
                                 -0.250000    9.750000   clock uncertainty
                                  0.000000    9.750000   clock reconvergence pessimism
                                 -2.000000    7.750000   output external delay
                                              7.750000   data required time
---------------------------------------------------------------------------------------------
                                              7.750000   data required time
                                             -1.902551   data arrival time
---------------------------------------------------------------------------------------------
                                              5.847449   slack (MET)


Startpoint: _37_ (rising edge-triggered flip-flop clocked by clk)
Endpoint: count[0] (output port clocked by clk)
Path Group: clk
Path Type: max

Fanout         Cap        Slew       Delay        Time   Description
---------------------------------------------------------------------------------------------
                                  0.000000    0.000000   clock clk (rise edge)
                                  0.000000    0.000000   clock source latency
     1    0.021612    0.161375    0.111008    0.111008 ^ clk (in)
                      0.161426    0.000000    0.111008 ^ clkbuf_0_clk/A (sky130_fd_sc_hd__clkbuf_16)
     2    0.018124    0.065104    0.260605    0.371613 ^ clkbuf_0_clk/X (sky130_fd_sc_hd__clkbuf_16)
                      0.065104    0.001113    0.372726 ^ clkbuf_1_0__f_clk/A (sky130_fd_sc_hd__clkbuf_16)
     5    0.017128    0.063860    0.215245    0.587972 ^ clkbuf_1_0__f_clk/X (sky130_fd_sc_hd__clkbuf_16)
                      0.063860    0.000514    0.588485 ^ _37_/CLK (sky130_fd_sc_hd__dfrtp_2)
     5    0.024599    0.168867    0.917787    1.506272 v _37_/Q (sky130_fd_sc_hd__dfrtp_2)
                      0.169034    0.001980    1.508253 v output3/A (sky130_fd_sc_hd__buf_2)
     1    0.034469    0.167048    0.392092    1.900345 v output3/X (sky130_fd_sc_hd__buf_2)
                      0.167062    0.001615    1.901960 v count[0] (out)
                                              1.901960   data arrival time

                                 10.000000   10.000000   clock clk (rise edge)
                                  0.000000   10.000000   clock network delay (propagated)
                                 -0.250000    9.750000   clock uncertainty
                                  0.000000    9.750000   clock reconvergence pessimism
                                 -2.000000    7.750000   output external delay
                                              7.750000   data required time
---------------------------------------------------------------------------------------------
                                              7.750000   data required time
                                             -1.901960   data arrival time
---------------------------------------------------------------------------------------------
                                              5.848040   slack (MET)


Startpoint: _39_ (rising edge-triggered flip-flop clocked by clk)
Endpoint: count[2] (output port clocked by clk)
Path Group: clk
Path Type: max

Fanout         Cap        Slew       Delay        Time   Description
---------------------------------------------------------------------------------------------
                                  0.000000    0.000000   clock clk (rise edge)
                                  0.000000    0.000000   clock source latency
     1    0.021612    0.161375    0.111008    0.111008 ^ clk (in)
                      0.161426    0.000000    0.111008 ^ clkbuf_0_clk/A (sky130_fd_sc_hd__clkbuf_16)
     2    0.018124    0.065104    0.260605    0.371613 ^ clkbuf_0_clk/X (sky130_fd_sc_hd__clkbuf_16)
                      0.065104    0.001113    0.372726 ^ clkbuf_1_0__f_clk/A (sky130_fd_sc_hd__clkbuf_16)
     5    0.017128    0.063860    0.215245    0.587972 ^ clkbuf_1_0__f_clk/X (sky130_fd_sc_hd__clkbuf_16)
                      0.063860    0.000414    0.588385 ^ _39_/CLK (sky130_fd_sc_hd__dfrtp_1)
     3    0.021189    0.228850    0.886307    1.474692 v _39_/Q (sky130_fd_sc_hd__dfrtp_1)
                      0.228866    0.002068    1.476760 v output5/A (sky130_fd_sc_hd__buf_2)
     1    0.034189    0.166061    0.419936    1.896696 v output5/X (sky130_fd_sc_hd__buf_2)
                      0.166077    0.001703    1.898399 v count[2] (out)
                                              1.898399   data arrival time

                                 10.000000   10.000000   clock clk (rise edge)
                                  0.000000   10.000000   clock network delay (propagated)
                                 -0.250000    9.750000   clock uncertainty
                                  0.000000    9.750000   clock reconvergence pessimism
                                 -2.000000    7.750000   output external delay
                                              7.750000   data required time
---------------------------------------------------------------------------------------------
                                              7.750000   data required time
                                             -1.898399   data arrival time
---------------------------------------------------------------------------------------------
                                              5.851601   slack (MET)


Startpoint: _43_ (rising edge-triggered flip-flop clocked by clk)
Endpoint: count[6] (output port clocked by clk)
Path Group: clk
Path Type: max

Fanout         Cap        Slew       Delay        Time   Description
---------------------------------------------------------------------------------------------
                                  0.000000    0.000000   clock clk (rise edge)
                                  0.000000    0.000000   clock source latency
     1    0.021612    0.161375    0.111008    0.111008 ^ clk (in)
                      0.161426    0.000000    0.111008 ^ clkbuf_0_clk/A (sky130_fd_sc_hd__clkbuf_16)
     2    0.018124    0.065104    0.260605    0.371613 ^ clkbuf_0_clk/X (sky130_fd_sc_hd__clkbuf_16)
                      0.065104    0.001061    0.372674 ^ clkbuf_1_1__f_clk/A (sky130_fd_sc_hd__clkbuf_16)
     4    0.016535    0.063141    0.214219    0.586893 ^ clkbuf_1_1__f_clk/X (sky130_fd_sc_hd__clkbuf_16)
                      0.063141    0.000932    0.587825 ^ _43_/CLK (sky130_fd_sc_hd__dfrtp_1)
     3    0.017097    0.194194    0.857164    1.444988 v _43_/Q (sky130_fd_sc_hd__dfrtp_1)
                      0.194210    0.001894    1.446882 v output9/A (sky130_fd_sc_hd__buf_2)
     1    0.034642    0.167800    0.404696    1.851578 v output9/X (sky130_fd_sc_hd__buf_2)
                      0.167816    0.001728    1.853306 v count[6] (out)
                                              1.853306   data arrival time

                                 10.000000   10.000000   clock clk (rise edge)
                                  0.000000   10.000000   clock network delay (propagated)
                                 -0.250000    9.750000   clock uncertainty
                                  0.000000    9.750000   clock reconvergence pessimism
                                 -2.000000    7.750000   output external delay
                                              7.750000   data required time
---------------------------------------------------------------------------------------------
                                              7.750000   data required time
                                             -1.853306   data arrival time
---------------------------------------------------------------------------------------------
                                              5.896694   slack (MET)


Startpoint: _44_ (rising edge-triggered flip-flop clocked by clk)
Endpoint: count[7] (output port clocked by clk)
Path Group: clk
Path Type: max

Fanout         Cap        Slew       Delay        Time   Description
---------------------------------------------------------------------------------------------
                                  0.000000    0.000000   clock clk (rise edge)
                                  0.000000    0.000000   clock source latency
     1    0.021612    0.161375    0.111008    0.111008 ^ clk (in)
                      0.161426    0.000000    0.111008 ^ clkbuf_0_clk/A (sky130_fd_sc_hd__clkbuf_16)
     2    0.018124    0.065104    0.260605    0.371613 ^ clkbuf_0_clk/X (sky130_fd_sc_hd__clkbuf_16)
                      0.065104    0.001061    0.372674 ^ clkbuf_1_1__f_clk/A (sky130_fd_sc_hd__clkbuf_16)
     4    0.016535    0.063141    0.214219    0.586893 ^ clkbuf_1_1__f_clk/X (sky130_fd_sc_hd__clkbuf_16)
                      0.063141    0.000882    0.587775 ^ _44_/CLK (sky130_fd_sc_hd__dfrtp_1)
     3    0.014733    0.174241    0.840990    1.428764 v _44_/Q (sky130_fd_sc_hd__dfrtp_1)
                      0.174244    0.001071    1.429835 v output10/A (sky130_fd_sc_hd__buf_2)
     1    0.034092    0.165569    0.393377    1.823212 v output10/X (sky130_fd_sc_hd__buf_2)
                      0.165584    0.001641    1.824853 v count[7] (out)
                                              1.824853   data arrival time

                                 10.000000   10.000000   clock clk (rise edge)
                                  0.000000   10.000000   clock network delay (propagated)
                                 -0.250000    9.750000   clock uncertainty
                                  0.000000    9.750000   clock reconvergence pessimism
                                 -2.000000    7.750000   output external delay
                                              7.750000   data required time
---------------------------------------------------------------------------------------------
                                              7.750000   data required time
                                             -1.824853   data arrival time
---------------------------------------------------------------------------------------------
                                              5.925147   slack (MET)


Startpoint: enable (input port clocked by clk)
Endpoint: _42_ (rising edge-triggered flip-flop clocked by clk)
Path Group: clk
Path Type: max

Fanout         Cap        Slew       Delay        Time   Description
---------------------------------------------------------------------------------------------
                                  0.000000    0.000000   clock clk (rise edge)
                                  0.000000    0.000000   clock network delay (propagated)
                                  2.000000    2.000000 ^ input external delay
     1    0.003271    0.035380    0.018326    2.018326 ^ enable (in)
                      0.035381    0.000000    2.018326 ^ input1/A (sky130_fd_sc_hd__clkbuf_2)
     4    0.029463    0.255418    0.308391    2.326718 ^ input1/X (sky130_fd_sc_hd__clkbuf_2)
                      0.255500    0.003797    2.330514 ^ _19_/D (sky130_fd_sc_hd__and4_1)
     6    0.020696    0.341455    0.667382    2.997896 ^ _19_/X (sky130_fd_sc_hd__and4_1)
                      0.341458    0.001803    2.999699 ^ _22_/B (sky130_fd_sc_hd__and3_1)
     2    0.008340    0.161026    0.453646    3.453345 ^ _22_/X (sky130_fd_sc_hd__and3_1)
                      0.161026    0.000436    3.453781 ^ _34_/A_N (sky130_fd_sc_hd__and2b_1)
     1    0.002753    0.065156    0.391395    3.845176 v _34_/X (sky130_fd_sc_hd__and2b_1)
                      0.065156    0.000174    3.845350 v _42_/D (sky130_fd_sc_hd__dfrtp_1)
                                              3.845350   data arrival time

                                 10.000000   10.000000   clock clk (rise edge)
                                  0.000000   10.000000   clock source latency
     1    0.021612    0.161375    0.111008   10.111009 ^ clk (in)
                      0.161426    0.000000   10.111009 ^ clkbuf_0_clk/A (sky130_fd_sc_hd__clkbuf_16)
     2    0.018124    0.065104    0.260605   10.371614 ^ clkbuf_0_clk/X (sky130_fd_sc_hd__clkbuf_16)
                      0.065104    0.001060   10.372674 ^ clkbuf_1_1__f_clk/A (sky130_fd_sc_hd__clkbuf_16)
     4    0.016535    0.063141    0.214220   10.586893 ^ clkbuf_1_1__f_clk/X (sky130_fd_sc_hd__clkbuf_16)
                      0.063141    0.001170   10.588063 ^ _42_/CLK (sky130_fd_sc_hd__dfrtp_1)
                                 -0.250000   10.338063   clock uncertainty
                                  0.000000   10.338063   clock reconvergence pessimism
                                 -0.276372   10.061691   library setup time
                                             10.061691   data required time
---------------------------------------------------------------------------------------------
                                             10.061691   data required time
                                             -3.845350   data arrival time
---------------------------------------------------------------------------------------------
                                              6.216341   slack (MET)


Startpoint: enable (input port clocked by clk)
Endpoint: _44_ (rising edge-triggered flip-flop clocked by clk)
Path Group: clk
Path Type: max

Fanout         Cap        Slew       Delay        Time   Description
---------------------------------------------------------------------------------------------
                                  0.000000    0.000000   clock clk (rise edge)
                                  0.000000    0.000000   clock network delay (propagated)
                                  2.000000    2.000000 ^ input external delay
     1    0.003271    0.035380    0.018326    2.018326 ^ enable (in)
                      0.035381    0.000000    2.018326 ^ input1/A (sky130_fd_sc_hd__clkbuf_2)
     4    0.029463    0.255418    0.308391    2.326718 ^ input1/X (sky130_fd_sc_hd__clkbuf_2)
                      0.255500    0.003797    2.330514 ^ _19_/D (sky130_fd_sc_hd__and4_1)
     6    0.020696    0.341455    0.667382    2.997896 ^ _19_/X (sky130_fd_sc_hd__and4_1)
                      0.341459    0.001851    2.999748 ^ _23_/C (sky130_fd_sc_hd__and4_1)
     2    0.009646    0.193399    0.558184    3.557931 ^ _23_/X (sky130_fd_sc_hd__and4_1)
                      0.193399    0.000701    3.558633 ^ _36_/B (sky130_fd_sc_hd__xor2_1)
     1    0.002369    0.094844    0.164531    3.723164 v _36_/X (sky130_fd_sc_hd__xor2_1)
                      0.094844    0.000160    3.723324 v _44_/D (sky130_fd_sc_hd__dfrtp_1)
                                              3.723324   data arrival time

                                 10.000000   10.000000   clock clk (rise edge)
                                  0.000000   10.000000   clock source latency
     1    0.021612    0.161375    0.111008   10.111009 ^ clk (in)
                      0.161426    0.000000   10.111009 ^ clkbuf_0_clk/A (sky130_fd_sc_hd__clkbuf_16)
     2    0.018124    0.065104    0.260605   10.371614 ^ clkbuf_0_clk/X (sky130_fd_sc_hd__clkbuf_16)
                      0.065104    0.001060   10.372674 ^ clkbuf_1_1__f_clk/A (sky130_fd_sc_hd__clkbuf_16)
     4    0.016535    0.063141    0.214220   10.586893 ^ clkbuf_1_1__f_clk/X (sky130_fd_sc_hd__clkbuf_16)
                      0.063141    0.000881   10.587774 ^ _44_/CLK (sky130_fd_sc_hd__dfrtp_1)
                                 -0.250000   10.337774   clock uncertainty
                                  0.000000   10.337774   clock reconvergence pessimism
                                 -0.288755   10.049020   library setup time
                                             10.049020   data required time
---------------------------------------------------------------------------------------------
                                             10.049020   data required time
                                             -3.723324   data arrival time
---------------------------------------------------------------------------------------------
                                              6.325696   slack (MET)


Startpoint: enable (input port clocked by clk)
Endpoint: _40_ (rising edge-triggered flip-flop clocked by clk)
Path Group: clk
Path Type: max

Fanout         Cap        Slew       Delay        Time   Description
---------------------------------------------------------------------------------------------
                                  0.000000    0.000000   clock clk (rise edge)
                                  0.000000    0.000000   clock network delay (propagated)
                                  2.000000    2.000000 v input external delay
     1    0.003086    0.019556    0.010180    2.010180 v enable (in)
                      0.019557    0.000000    2.010180 v input1/A (sky130_fd_sc_hd__clkbuf_2)
     4    0.028815    0.205043    0.285132    2.295312 v input1/X (sky130_fd_sc_hd__clkbuf_2)
                      0.205204    0.003700    2.299012 v _19_/D (sky130_fd_sc_hd__and4_1)
     6    0.019929    0.204155    0.602786    2.901798 v _19_/X (sky130_fd_sc_hd__and4_1)
                      0.204161    0.001413    2.903211 v _30_/B (sky130_fd_sc_hd__or2_1)
     1    0.001889    0.088827    0.495768    3.398979 v _30_/X (sky130_fd_sc_hd__or2_1)
                      0.088827    0.000129    3.399109 v _31_/B (sky130_fd_sc_hd__and2_1)
     1    0.002157    0.063035    0.314808    3.713917 v _31_/X (sky130_fd_sc_hd__and2_1)
                      0.063035    0.000100    3.714017 v _40_/D (sky130_fd_sc_hd__dfrtp_4)
                                              3.714017   data arrival time

                                 10.000000   10.000000   clock clk (rise edge)
                                  0.000000   10.000000   clock source latency
     1    0.021612    0.161375    0.111008   10.111009 ^ clk (in)
                      0.161426    0.000000   10.111009 ^ clkbuf_0_clk/A (sky130_fd_sc_hd__clkbuf_16)
     2    0.018124    0.065104    0.260605   10.371614 ^ clkbuf_0_clk/X (sky130_fd_sc_hd__clkbuf_16)
                      0.065104    0.001114   10.372727 ^ clkbuf_1_0__f_clk/A (sky130_fd_sc_hd__clkbuf_16)
     5    0.017128    0.063860    0.215245   10.587972 ^ clkbuf_1_0__f_clk/X (sky130_fd_sc_hd__clkbuf_16)
                      0.063860    0.000431   10.588403 ^ _40_/CLK (sky130_fd_sc_hd__dfrtp_4)
                                 -0.250000   10.338403   clock uncertainty
                                  0.000000   10.338403   clock reconvergence pessimism
                                 -0.273504   10.064898   library setup time
                                             10.064898   data required time
---------------------------------------------------------------------------------------------
                                             10.064898   data required time
                                             -3.714017   data arrival time
---------------------------------------------------------------------------------------------
                                              6.350882   slack (MET)


Startpoint: enable (input port clocked by clk)
Endpoint: _43_ (rising edge-triggered flip-flop clocked by clk)
Path Group: clk
Path Type: max

Fanout         Cap        Slew       Delay        Time   Description
---------------------------------------------------------------------------------------------
                                  0.000000    0.000000   clock clk (rise edge)
                                  0.000000    0.000000   clock network delay (propagated)
                                  2.000000    2.000000 v input external delay
     1    0.003086    0.019556    0.010180    2.010180 v enable (in)
                      0.019557    0.000000    2.010180 v input1/A (sky130_fd_sc_hd__clkbuf_2)
     4    0.028815    0.205043    0.285132    2.295312 v input1/X (sky130_fd_sc_hd__clkbuf_2)
                      0.205204    0.003700    2.299012 v _19_/D (sky130_fd_sc_hd__and4_1)
     6    0.019929    0.204155    0.602786    2.901798 v _19_/X (sky130_fd_sc_hd__and4_1)
                      0.204166    0.001737    2.903536 v _22_/B (sky130_fd_sc_hd__and3_1)
     2    0.007971    0.112786    0.444023    3.347558 v _22_/X (sky130_fd_sc_hd__and3_1)
                      0.112786    0.000520    3.348078 v _35_/B (sky130_fd_sc_hd__xor2_1)
     1    0.002115    0.089216    0.271428    3.619506 v _35_/X (sky130_fd_sc_hd__xor2_1)
                      0.089216    0.000098    3.619604 v _43_/D (sky130_fd_sc_hd__dfrtp_1)
                                              3.619604   data arrival time

                                 10.000000   10.000000   clock clk (rise edge)
                                  0.000000   10.000000   clock source latency
     1    0.021612    0.161375    0.111008   10.111009 ^ clk (in)
                      0.161426    0.000000   10.111009 ^ clkbuf_0_clk/A (sky130_fd_sc_hd__clkbuf_16)
     2    0.018124    0.065104    0.260605   10.371614 ^ clkbuf_0_clk/X (sky130_fd_sc_hd__clkbuf_16)
                      0.065104    0.001060   10.372674 ^ clkbuf_1_1__f_clk/A (sky130_fd_sc_hd__clkbuf_16)
     4    0.016535    0.063141    0.214220   10.586893 ^ clkbuf_1_1__f_clk/X (sky130_fd_sc_hd__clkbuf_16)
                      0.063141    0.000932   10.587825 ^ _43_/CLK (sky130_fd_sc_hd__dfrtp_1)
                                 -0.250000   10.337825   clock uncertainty
                                  0.000000   10.337825   clock reconvergence pessimism
                                 -0.286407   10.051417   library setup time
                                             10.051417   data required time
---------------------------------------------------------------------------------------------
                                             10.051417   data required time
                                             -3.619604   data arrival time
---------------------------------------------------------------------------------------------
                                              6.431814   slack (MET)


Startpoint: enable (input port clocked by clk)
Endpoint: _41_ (rising edge-triggered flip-flop clocked by clk)
Path Group: clk
Path Type: max

Fanout         Cap        Slew       Delay        Time   Description
---------------------------------------------------------------------------------------------
                                  0.000000    0.000000   clock clk (rise edge)
                                  0.000000    0.000000   clock network delay (propagated)
                                  2.000000    2.000000 ^ input external delay
     1    0.003271    0.035380    0.018326    2.018326 ^ enable (in)
                      0.035381    0.000000    2.018326 ^ input1/A (sky130_fd_sc_hd__clkbuf_2)
     4    0.029463    0.255418    0.308391    2.326718 ^ input1/X (sky130_fd_sc_hd__clkbuf_2)
                      0.255500    0.003797    2.330514 ^ _19_/D (sky130_fd_sc_hd__and4_1)
     6    0.020696    0.341455    0.667382    2.997896 ^ _19_/X (sky130_fd_sc_hd__and4_1)
                      0.341456    0.001521    2.999418 ^ _20_/B (sky130_fd_sc_hd__nand2_1)
     2    0.007085    0.150298    0.253403    3.252820 v _20_/Y (sky130_fd_sc_hd__nand2_1)
                      0.150298    0.000669    3.253489 v _32_/B (sky130_fd_sc_hd__xnor2_1)
     1    0.002256    0.083506    0.232948    3.486437 v _32_/Y (sky130_fd_sc_hd__xnor2_1)
                      0.083506    0.000165    3.486601 v _41_/D (sky130_fd_sc_hd__dfrtp_4)
                                              3.486601   data arrival time

                                 10.000000   10.000000   clock clk (rise edge)
                                  0.000000   10.000000   clock source latency
     1    0.021612    0.161375    0.111008   10.111009 ^ clk (in)
                      0.161426    0.000000   10.111009 ^ clkbuf_0_clk/A (sky130_fd_sc_hd__clkbuf_16)
     2    0.018124    0.065104    0.260605   10.371614 ^ clkbuf_0_clk/X (sky130_fd_sc_hd__clkbuf_16)
                      0.065104    0.001060   10.372674 ^ clkbuf_1_1__f_clk/A (sky130_fd_sc_hd__clkbuf_16)
     4    0.016535    0.063141    0.214220   10.586893 ^ clkbuf_1_1__f_clk/X (sky130_fd_sc_hd__clkbuf_16)
                      0.063141    0.001255   10.588148 ^ _41_/CLK (sky130_fd_sc_hd__dfrtp_4)
                                 -0.250000   10.338148   clock uncertainty
                                  0.000000   10.338148   clock reconvergence pessimism
                                 -0.282234   10.055915   library setup time
                                             10.055915   data required time
---------------------------------------------------------------------------------------------
                                             10.055915   data required time
                                             -3.486601   data arrival time
---------------------------------------------------------------------------------------------
                                              6.569313   slack (MET)


Startpoint: enable (input port clocked by clk)
Endpoint: _39_ (rising edge-triggered flip-flop clocked by clk)
Path Group: clk
Path Type: max

Fanout         Cap        Slew       Delay        Time   Description
---------------------------------------------------------------------------------------------
                                  0.000000    0.000000   clock clk (rise edge)
                                  0.000000    0.000000   clock network delay (propagated)
                                  2.000000    2.000000 ^ input external delay
     1    0.003271    0.035380    0.018326    2.018326 ^ enable (in)
                      0.035381    0.000000    2.018326 ^ input1/A (sky130_fd_sc_hd__clkbuf_2)
     4    0.029463    0.255418    0.308391    2.326718 ^ input1/X (sky130_fd_sc_hd__clkbuf_2)
                      0.255500    0.003797    2.330514 ^ _19_/D (sky130_fd_sc_hd__and4_1)
     6    0.020696    0.341455    0.667382    2.997896 ^ _19_/X (sky130_fd_sc_hd__and4_1)
                      0.341455    0.001023    2.998919 ^ _29_/A (sky130_fd_sc_hd__nor2_1)
     1    0.002479    0.082850    0.174289    3.173208 v _29_/Y (sky130_fd_sc_hd__nor2_1)
                      0.082850    0.000184    3.173393 v _39_/D (sky130_fd_sc_hd__dfrtp_1)
                                              3.173393   data arrival time

                                 10.000000   10.000000   clock clk (rise edge)
                                  0.000000   10.000000   clock source latency
     1    0.021612    0.161375    0.111008   10.111009 ^ clk (in)
                      0.161426    0.000000   10.111009 ^ clkbuf_0_clk/A (sky130_fd_sc_hd__clkbuf_16)
     2    0.018124    0.065104    0.260605   10.371614 ^ clkbuf_0_clk/X (sky130_fd_sc_hd__clkbuf_16)
                      0.065104    0.001114   10.372727 ^ clkbuf_1_0__f_clk/A (sky130_fd_sc_hd__clkbuf_16)
     5    0.017128    0.063860    0.215245   10.587972 ^ clkbuf_1_0__f_clk/X (sky130_fd_sc_hd__clkbuf_16)
                      0.063860    0.000414   10.588386 ^ _39_/CLK (sky130_fd_sc_hd__dfrtp_1)
                                 -0.250000   10.338386   clock uncertainty
                                  0.000000   10.338386   clock reconvergence pessimism
                                 -0.283561   10.054825   library setup time
                                             10.054825   data required time
---------------------------------------------------------------------------------------------
                                             10.054825   data required time
                                             -3.173393   data arrival time
---------------------------------------------------------------------------------------------
                                              6.881433   slack (MET)


Startpoint: _37_ (rising edge-triggered flip-flop clocked by clk)
Endpoint: _37_ (rising edge-triggered flip-flop clocked by clk)
Path Group: clk
Path Type: max

Fanout         Cap        Slew       Delay        Time   Description
---------------------------------------------------------------------------------------------
                                  0.000000    0.000000   clock clk (rise edge)
                                  0.000000    0.000000   clock source latency
     1    0.021612    0.161375    0.111008    0.111008 ^ clk (in)
                      0.161426    0.000000    0.111008 ^ clkbuf_0_clk/A (sky130_fd_sc_hd__clkbuf_16)
     2    0.018124    0.065104    0.260605    0.371613 ^ clkbuf_0_clk/X (sky130_fd_sc_hd__clkbuf_16)
                      0.065104    0.001113    0.372726 ^ clkbuf_1_0__f_clk/A (sky130_fd_sc_hd__clkbuf_16)
     5    0.017128    0.063860    0.215245    0.587972 ^ clkbuf_1_0__f_clk/X (sky130_fd_sc_hd__clkbuf_16)
                      0.063860    0.000514    0.588485 ^ _37_/CLK (sky130_fd_sc_hd__dfrtp_2)
     5    0.024599    0.168867    0.917787    1.506272 v _37_/Q (sky130_fd_sc_hd__dfrtp_2)
                      0.169013    0.000851    1.507124 v hold1/A (sky130_fd_sc_hd__dlygate4sd3_1)
     1    0.005264    0.131209    1.207880    2.715003 v hold1/X (sky130_fd_sc_hd__dlygate4sd3_1)
                      0.131209    0.000410    2.715414 v _25_/A (sky130_fd_sc_hd__xor2_1)
     1    0.002772    0.106976    0.316720    3.032134 v _25_/X (sky130_fd_sc_hd__xor2_1)
                      0.106976    0.000182    3.032316 v _37_/D (sky130_fd_sc_hd__dfrtp_2)
                                              3.032316   data arrival time

                                 10.000000   10.000000   clock clk (rise edge)
                                  0.000000   10.000000   clock source latency
     1    0.021612    0.161375    0.111008   10.111009 ^ clk (in)
                      0.161426    0.000000   10.111009 ^ clkbuf_0_clk/A (sky130_fd_sc_hd__clkbuf_16)
     2    0.018124    0.065104    0.260605   10.371614 ^ clkbuf_0_clk/X (sky130_fd_sc_hd__clkbuf_16)
                      0.065104    0.001114   10.372727 ^ clkbuf_1_0__f_clk/A (sky130_fd_sc_hd__clkbuf_16)
     5    0.017128    0.063860    0.215245   10.587972 ^ clkbuf_1_0__f_clk/X (sky130_fd_sc_hd__clkbuf_16)
                      0.063860    0.000513   10.588485 ^ _37_/CLK (sky130_fd_sc_hd__dfrtp_2)
                                 -0.250000   10.338485   clock uncertainty
                                  0.000000   10.338485   clock reconvergence pessimism
                                 -0.293695   10.044790   library setup time
                                             10.044790   data required time
---------------------------------------------------------------------------------------------
                                             10.044790   data required time
                                             -3.032316   data arrival time
---------------------------------------------------------------------------------------------
                                              7.012475   slack (MET)


Startpoint: enable (input port clocked by clk)
Endpoint: _38_ (rising edge-triggered flip-flop clocked by clk)
Path Group: clk
Path Type: max

Fanout         Cap        Slew       Delay        Time   Description
---------------------------------------------------------------------------------------------
                                  0.000000    0.000000   clock clk (rise edge)
                                  0.000000    0.000000   clock network delay (propagated)
                                  2.000000    2.000000 ^ input external delay
     1    0.003271    0.035380    0.018326    2.018326 ^ enable (in)
                      0.035381    0.000000    2.018326 ^ input1/A (sky130_fd_sc_hd__clkbuf_2)
     4    0.029463    0.255418    0.308391    2.326718 ^ input1/X (sky130_fd_sc_hd__clkbuf_2)
                      0.255504    0.003883    2.330601 ^ _18_/C (sky130_fd_sc_hd__and3_1)
     2    0.007696    0.152131    0.424621    2.755221 ^ _18_/X (sky130_fd_sc_hd__and3_1)
                      0.152131    0.000440    2.755662 ^ _27_/A (sky130_fd_sc_hd__nor2_1)
     1    0.003081    0.058877    0.115930    2.871592 v _27_/Y (sky130_fd_sc_hd__nor2_1)
                      0.058877    0.000210    2.871802 v _38_/D (sky130_fd_sc_hd__dfrtp_1)
                                              2.871802   data arrival time

                                 10.000000   10.000000   clock clk (rise edge)
                                  0.000000   10.000000   clock source latency
     1    0.021612    0.161375    0.111008   10.111009 ^ clk (in)
                      0.161426    0.000000   10.111009 ^ clkbuf_0_clk/A (sky130_fd_sc_hd__clkbuf_16)
     2    0.018124    0.065104    0.260605   10.371614 ^ clkbuf_0_clk/X (sky130_fd_sc_hd__clkbuf_16)
                      0.065104    0.001114   10.372727 ^ clkbuf_1_0__f_clk/A (sky130_fd_sc_hd__clkbuf_16)
     5    0.017128    0.063860    0.215245   10.587972 ^ clkbuf_1_0__f_clk/X (sky130_fd_sc_hd__clkbuf_16)
                      0.063860    0.000519   10.588490 ^ _38_/CLK (sky130_fd_sc_hd__dfrtp_1)
                                 -0.250000   10.338490   clock uncertainty
                                  0.000000   10.338490   clock reconvergence pessimism
                                 -0.273561   10.064930   library setup time
                                             10.064930   data required time
---------------------------------------------------------------------------------------------
                                             10.064930   data required time
                                             -2.871802   data arrival time
---------------------------------------------------------------------------------------------
                                              7.193127   slack (MET)


Startpoint: rst_n (input port clocked by clk)
Endpoint: _41_ (recovery check against rising-edge clock clk)
Path Group: asynchronous
Path Type: max

Fanout         Cap        Slew       Delay        Time   Description
---------------------------------------------------------------------------------------------
                                  0.000000    0.000000   clock clk (rise edge)
                                  0.000000    0.000000   clock network delay (propagated)
                                  2.000000    2.000000 ^ input external delay
     1    0.002945    0.033209    0.016606    2.016606 ^ rst_n (in)
                      0.033209    0.000000    2.016606 ^ input2/A (sky130_fd_sc_hd__clkbuf_4)
     8    0.054462    0.267175    0.372756    2.389361 ^ input2/X (sky130_fd_sc_hd__clkbuf_4)
                      0.267602    0.008762    2.398124 ^ _41_/RESET_B (sky130_fd_sc_hd__dfrtp_4)
                                              2.398124   data arrival time

                                 10.000000   10.000000   clock clk (rise edge)
                                  0.000000   10.000000   clock source latency
     1    0.021612    0.161375    0.111008   10.111009 ^ clk (in)
                      0.161426    0.000000   10.111009 ^ clkbuf_0_clk/A (sky130_fd_sc_hd__clkbuf_16)
     2    0.018124    0.065104    0.260605   10.371614 ^ clkbuf_0_clk/X (sky130_fd_sc_hd__clkbuf_16)
                      0.065104    0.001060   10.372674 ^ clkbuf_1_1__f_clk/A (sky130_fd_sc_hd__clkbuf_16)
     4    0.016535    0.063141    0.214220   10.586893 ^ clkbuf_1_1__f_clk/X (sky130_fd_sc_hd__clkbuf_16)
                      0.063141    0.001255   10.588148 ^ _41_/CLK (sky130_fd_sc_hd__dfrtp_4)
                                 -0.250000   10.338148   clock uncertainty
                                  0.000000   10.338148   clock reconvergence pessimism
                                  0.348953   10.687101   library recovery time
                                             10.687101   data required time
---------------------------------------------------------------------------------------------
                                             10.687101   data required time
                                             -2.398124   data arrival time
---------------------------------------------------------------------------------------------
                                              8.288978   slack (MET)


Startpoint: rst_n (input port clocked by clk)
Endpoint: _40_ (recovery check against rising-edge clock clk)
Path Group: asynchronous
Path Type: max

Fanout         Cap        Slew       Delay        Time   Description
---------------------------------------------------------------------------------------------
                                  0.000000    0.000000   clock clk (rise edge)
                                  0.000000    0.000000   clock network delay (propagated)
                                  2.000000    2.000000 ^ input external delay
     1    0.002945    0.033209    0.016606    2.016606 ^ rst_n (in)
                      0.033209    0.000000    2.016606 ^ input2/A (sky130_fd_sc_hd__clkbuf_4)
     8    0.054462    0.267175    0.372756    2.389361 ^ input2/X (sky130_fd_sc_hd__clkbuf_4)
                      0.267596    0.008705    2.398066 ^ _40_/RESET_B (sky130_fd_sc_hd__dfrtp_4)
                                              2.398066   data arrival time

                                 10.000000   10.000000   clock clk (rise edge)
                                  0.000000   10.000000   clock source latency
     1    0.021612    0.161375    0.111008   10.111009 ^ clk (in)
                      0.161426    0.000000   10.111009 ^ clkbuf_0_clk/A (sky130_fd_sc_hd__clkbuf_16)
     2    0.018124    0.065104    0.260605   10.371614 ^ clkbuf_0_clk/X (sky130_fd_sc_hd__clkbuf_16)
                      0.065104    0.001114   10.372727 ^ clkbuf_1_0__f_clk/A (sky130_fd_sc_hd__clkbuf_16)
     5    0.017128    0.063860    0.215245   10.587972 ^ clkbuf_1_0__f_clk/X (sky130_fd_sc_hd__clkbuf_16)
                      0.063860    0.000431   10.588403 ^ _40_/CLK (sky130_fd_sc_hd__dfrtp_4)
                                 -0.250000   10.338403   clock uncertainty
                                  0.000000   10.338403   clock reconvergence pessimism
                                  0.349199   10.687601   library recovery time
                                             10.687601   data required time
---------------------------------------------------------------------------------------------
                                             10.687601   data required time
                                             -2.398066   data arrival time
---------------------------------------------------------------------------------------------
                                              8.289536   slack (MET)


Startpoint: rst_n (input port clocked by clk)
Endpoint: _37_ (recovery check against rising-edge clock clk)
Path Group: asynchronous
Path Type: max

Fanout         Cap        Slew       Delay        Time   Description
---------------------------------------------------------------------------------------------
                                  0.000000    0.000000   clock clk (rise edge)
                                  0.000000    0.000000   clock network delay (propagated)
                                  2.000000    2.000000 ^ input external delay
     1    0.002945    0.033209    0.016606    2.016606 ^ rst_n (in)
                      0.033209    0.000000    2.016606 ^ input2/A (sky130_fd_sc_hd__clkbuf_4)
     8    0.054462    0.267175    0.372756    2.389361 ^ input2/X (sky130_fd_sc_hd__clkbuf_4)
                      0.267368    0.005956    2.395317 ^ _37_/RESET_B (sky130_fd_sc_hd__dfrtp_2)
                                              2.395317   data arrival time

                                 10.000000   10.000000   clock clk (rise edge)
                                  0.000000   10.000000   clock source latency
     1    0.021612    0.161375    0.111008   10.111009 ^ clk (in)
                      0.161426    0.000000   10.111009 ^ clkbuf_0_clk/A (sky130_fd_sc_hd__clkbuf_16)
     2    0.018124    0.065104    0.260605   10.371614 ^ clkbuf_0_clk/X (sky130_fd_sc_hd__clkbuf_16)
                      0.065104    0.001114   10.372727 ^ clkbuf_1_0__f_clk/A (sky130_fd_sc_hd__clkbuf_16)
     5    0.017128    0.063860    0.215245   10.587972 ^ clkbuf_1_0__f_clk/X (sky130_fd_sc_hd__clkbuf_16)
                      0.063860    0.000513   10.588485 ^ _37_/CLK (sky130_fd_sc_hd__dfrtp_2)
                                 -0.250000   10.338485   clock uncertainty
                                  0.000000   10.338485   clock reconvergence pessimism
                                  0.358105   10.696589   library recovery time
                                             10.696589   data required time
---------------------------------------------------------------------------------------------
                                             10.696589   data required time
                                             -2.395317   data arrival time
---------------------------------------------------------------------------------------------
                                              8.301272   slack (MET)


Startpoint: rst_n (input port clocked by clk)
Endpoint: _42_ (recovery check against rising-edge clock clk)
Path Group: asynchronous
Path Type: max

Fanout         Cap        Slew       Delay        Time   Description
---------------------------------------------------------------------------------------------
                                  0.000000    0.000000   clock clk (rise edge)
                                  0.000000    0.000000   clock network delay (propagated)
                                  2.000000    2.000000 ^ input external delay
     1    0.002945    0.033209    0.016606    2.016606 ^ rst_n (in)
                      0.033209    0.000000    2.016606 ^ input2/A (sky130_fd_sc_hd__clkbuf_4)
     8    0.054462    0.267175    0.372756    2.389361 ^ input2/X (sky130_fd_sc_hd__clkbuf_4)
                      0.267571    0.008447    2.397809 ^ _42_/RESET_B (sky130_fd_sc_hd__dfrtp_1)
                                              2.397809   data arrival time

                                 10.000000   10.000000   clock clk (rise edge)
                                  0.000000   10.000000   clock source latency
     1    0.021612    0.161375    0.111008   10.111009 ^ clk (in)
                      0.161426    0.000000   10.111009 ^ clkbuf_0_clk/A (sky130_fd_sc_hd__clkbuf_16)
     2    0.018124    0.065104    0.260605   10.371614 ^ clkbuf_0_clk/X (sky130_fd_sc_hd__clkbuf_16)
                      0.065104    0.001060   10.372674 ^ clkbuf_1_1__f_clk/A (sky130_fd_sc_hd__clkbuf_16)
     4    0.016535    0.063141    0.214220   10.586893 ^ clkbuf_1_1__f_clk/X (sky130_fd_sc_hd__clkbuf_16)
                      0.063141    0.001170   10.588063 ^ _42_/CLK (sky130_fd_sc_hd__dfrtp_1)
                                 -0.250000   10.338063   clock uncertainty
                                  0.000000   10.338063   clock reconvergence pessimism
                                  0.387076   10.725140   library recovery time
                                             10.725140   data required time
---------------------------------------------------------------------------------------------
                                             10.725140   data required time
                                             -2.397809   data arrival time
---------------------------------------------------------------------------------------------
                                              8.327331   slack (MET)


Startpoint: rst_n (input port clocked by clk)
Endpoint: _43_ (recovery check against rising-edge clock clk)
Path Group: asynchronous
Path Type: max

Fanout         Cap        Slew       Delay        Time   Description
---------------------------------------------------------------------------------------------
                                  0.000000    0.000000   clock clk (rise edge)
                                  0.000000    0.000000   clock network delay (propagated)
                                  2.000000    2.000000 ^ input external delay
     1    0.002945    0.033209    0.016606    2.016606 ^ rst_n (in)
                      0.033209    0.000000    2.016606 ^ input2/A (sky130_fd_sc_hd__clkbuf_4)
     8    0.054462    0.267175    0.372756    2.389361 ^ input2/X (sky130_fd_sc_hd__clkbuf_4)
                      0.267547    0.008195    2.397556 ^ _43_/RESET_B (sky130_fd_sc_hd__dfrtp_1)
                                              2.397556   data arrival time

                                 10.000000   10.000000   clock clk (rise edge)
                                  0.000000   10.000000   clock source latency
     1    0.021612    0.161375    0.111008   10.111009 ^ clk (in)
                      0.161426    0.000000   10.111009 ^ clkbuf_0_clk/A (sky130_fd_sc_hd__clkbuf_16)
     2    0.018124    0.065104    0.260605   10.371614 ^ clkbuf_0_clk/X (sky130_fd_sc_hd__clkbuf_16)
                      0.065104    0.001060   10.372674 ^ clkbuf_1_1__f_clk/A (sky130_fd_sc_hd__clkbuf_16)
     4    0.016535    0.063141    0.214220   10.586893 ^ clkbuf_1_1__f_clk/X (sky130_fd_sc_hd__clkbuf_16)
                      0.063141    0.000932   10.587825 ^ _43_/CLK (sky130_fd_sc_hd__dfrtp_1)
                                 -0.250000   10.337825   clock uncertainty
                                  0.000000   10.337825   clock reconvergence pessimism
                                  0.387085   10.724910   library recovery time
                                             10.724910   data required time
---------------------------------------------------------------------------------------------
                                             10.724910   data required time
                                             -2.397556   data arrival time
---------------------------------------------------------------------------------------------
                                              8.327354   slack (MET)


Startpoint: rst_n (input port clocked by clk)
Endpoint: _44_ (recovery check against rising-edge clock clk)
Path Group: asynchronous
Path Type: max

Fanout         Cap        Slew       Delay        Time   Description
---------------------------------------------------------------------------------------------
                                  0.000000    0.000000   clock clk (rise edge)
                                  0.000000    0.000000   clock network delay (propagated)
                                  2.000000    2.000000 ^ input external delay
     1    0.002945    0.033209    0.016606    2.016606 ^ rst_n (in)
                      0.033209    0.000000    2.016606 ^ input2/A (sky130_fd_sc_hd__clkbuf_4)
     8    0.054462    0.267175    0.372756    2.389361 ^ input2/X (sky130_fd_sc_hd__clkbuf_4)
                      0.267508    0.007765    2.397126 ^ _44_/RESET_B (sky130_fd_sc_hd__dfrtp_1)
                                              2.397126   data arrival time

                                 10.000000   10.000000   clock clk (rise edge)
                                  0.000000   10.000000   clock source latency
     1    0.021612    0.161375    0.111008   10.111009 ^ clk (in)
                      0.161426    0.000000   10.111009 ^ clkbuf_0_clk/A (sky130_fd_sc_hd__clkbuf_16)
     2    0.018124    0.065104    0.260605   10.371614 ^ clkbuf_0_clk/X (sky130_fd_sc_hd__clkbuf_16)
                      0.065104    0.001060   10.372674 ^ clkbuf_1_1__f_clk/A (sky130_fd_sc_hd__clkbuf_16)
     4    0.016535    0.063141    0.214220   10.586893 ^ clkbuf_1_1__f_clk/X (sky130_fd_sc_hd__clkbuf_16)
                      0.063141    0.000881   10.587774 ^ _44_/CLK (sky130_fd_sc_hd__dfrtp_1)
                                 -0.250000   10.337774   clock uncertainty
                                  0.000000   10.337774   clock reconvergence pessimism
                                  0.387100   10.724874   library recovery time
                                             10.724874   data required time
---------------------------------------------------------------------------------------------
                                             10.724874   data required time
                                             -2.397126   data arrival time
---------------------------------------------------------------------------------------------
                                              8.327747   slack (MET)


Startpoint: rst_n (input port clocked by clk)
Endpoint: _39_ (recovery check against rising-edge clock clk)
Path Group: asynchronous
Path Type: max

Fanout         Cap        Slew       Delay        Time   Description
---------------------------------------------------------------------------------------------
                                  0.000000    0.000000   clock clk (rise edge)
                                  0.000000    0.000000   clock network delay (propagated)
                                  2.000000    2.000000 ^ input external delay
     1    0.002945    0.033209    0.016606    2.016606 ^ rst_n (in)
                      0.033209    0.000000    2.016606 ^ input2/A (sky130_fd_sc_hd__clkbuf_4)
     8    0.054462    0.267175    0.372756    2.389361 ^ input2/X (sky130_fd_sc_hd__clkbuf_4)
                      0.267466    0.007277    2.396638 ^ _39_/RESET_B (sky130_fd_sc_hd__dfrtp_1)
                                              2.396638   data arrival time

                                 10.000000   10.000000   clock clk (rise edge)
                                  0.000000   10.000000   clock source latency
     1    0.021612    0.161375    0.111008   10.111009 ^ clk (in)
                      0.161426    0.000000   10.111009 ^ clkbuf_0_clk/A (sky130_fd_sc_hd__clkbuf_16)
     2    0.018124    0.065104    0.260605   10.371614 ^ clkbuf_0_clk/X (sky130_fd_sc_hd__clkbuf_16)
                      0.065104    0.001114   10.372727 ^ clkbuf_1_0__f_clk/A (sky130_fd_sc_hd__clkbuf_16)
     5    0.017128    0.063860    0.215245   10.587972 ^ clkbuf_1_0__f_clk/X (sky130_fd_sc_hd__clkbuf_16)
                      0.063860    0.000414   10.588386 ^ _39_/CLK (sky130_fd_sc_hd__dfrtp_1)
                                 -0.250000   10.338386   clock uncertainty
                                  0.000000   10.338386   clock reconvergence pessimism
                                  0.387358   10.725743   library recovery time
                                             10.725743   data required time
---------------------------------------------------------------------------------------------
                                             10.725743   data required time
                                             -2.396638   data arrival time
---------------------------------------------------------------------------------------------
                                              8.329104   slack (MET)


Startpoint: rst_n (input port clocked by clk)
Endpoint: _38_ (recovery check against rising-edge clock clk)
Path Group: asynchronous
Path Type: max

Fanout         Cap        Slew       Delay        Time   Description
---------------------------------------------------------------------------------------------
                                  0.000000    0.000000   clock clk (rise edge)
                                  0.000000    0.000000   clock network delay (propagated)
                                  2.000000    2.000000 ^ input external delay
     1    0.002945    0.033209    0.016606    2.016606 ^ rst_n (in)
                      0.033209    0.000000    2.016606 ^ input2/A (sky130_fd_sc_hd__clkbuf_4)
     8    0.054462    0.267175    0.372756    2.389361 ^ input2/X (sky130_fd_sc_hd__clkbuf_4)
                      0.267342    0.005554    2.394915 ^ _38_/RESET_B (sky130_fd_sc_hd__dfrtp_1)
                                              2.394915   data arrival time

                                 10.000000   10.000000   clock clk (rise edge)
                                  0.000000   10.000000   clock source latency
     1    0.021612    0.161375    0.111008   10.111009 ^ clk (in)
                      0.161426    0.000000   10.111009 ^ clkbuf_0_clk/A (sky130_fd_sc_hd__clkbuf_16)
     2    0.018124    0.065104    0.260605   10.371614 ^ clkbuf_0_clk/X (sky130_fd_sc_hd__clkbuf_16)
                      0.065104    0.001114   10.372727 ^ clkbuf_1_0__f_clk/A (sky130_fd_sc_hd__clkbuf_16)
     5    0.017128    0.063860    0.215245   10.587972 ^ clkbuf_1_0__f_clk/X (sky130_fd_sc_hd__clkbuf_16)
                      0.063860    0.000519   10.588490 ^ _38_/CLK (sky130_fd_sc_hd__dfrtp_1)
                                 -0.250000   10.338490   clock uncertainty
                                  0.000000   10.338490   clock reconvergence pessimism
                                  0.387404   10.725894   library recovery time
                                             10.725894   data required time
---------------------------------------------------------------------------------------------
                                             10.725894   data required time
                                             -2.394915   data arrival time
---------------------------------------------------------------------------------------------
                                              8.330978   slack (MET)



