
===========================================================================
report_checks -path_delay min (Hold)
============================================================================
======================= max_ss_100C_1v60 Corner ===================================

Warning: corner.tcl line 57, unknown field nets.
Warning: corner.tcl line 57, report_checks -group_count is deprecated. Use -group_path_count instead.
Startpoint: rst_n (input port clocked by clk)
Endpoint: _38_ (removal check against rising-edge clock clk)
Path Group: asynchronous
Path Type: min

Fanout         Cap        Slew       Delay        Time   Description
---------------------------------------------------------------------------------------------
                                  0.000000    0.000000   clock clk (rise edge)
                                  0.000000    0.000000   clock network delay (propagated)
                                  2.000000    2.000000 ^ input external delay
     1    0.002945    0.033209    0.016606    2.016606 ^ rst_n (in)
                      0.033209    0.000000    2.016606 ^ input2/A (sky130_fd_sc_hd__clkbuf_4)
     8    0.054462    0.267175    0.372756    2.389361 ^ input2/X (sky130_fd_sc_hd__clkbuf_4)
                      0.267342    0.005554    2.394915 ^ _38_/RESET_B (sky130_fd_sc_hd__dfrtp_1)
                                              2.394915   data arrival time

                                  0.000000    0.000000   clock clk (rise edge)
                                  0.000000    0.000000   clock source latency
     1    0.021612    0.161375    0.111008    0.111008 ^ clk (in)
                      0.161426    0.000000    0.111008 ^ clkbuf_0_clk/A (sky130_fd_sc_hd__clkbuf_16)
     2    0.018124    0.065104    0.260605    0.371613 ^ clkbuf_0_clk/X (sky130_fd_sc_hd__clkbuf_16)
                      0.065104    0.001113    0.372726 ^ clkbuf_1_0__f_clk/A (sky130_fd_sc_hd__clkbuf_16)
     5    0.017128    0.063860    0.215245    0.587972 ^ clkbuf_1_0__f_clk/X (sky130_fd_sc_hd__clkbuf_16)
                      0.063860    0.000518    0.588490 ^ _38_/CLK (sky130_fd_sc_hd__dfrtp_1)
                                  0.250000    0.838490   clock uncertainty
                                  0.000000    0.838490   clock reconvergence pessimism
                                  0.716241    1.554731   library removal time
                                              1.554731   data required time
---------------------------------------------------------------------------------------------
                                              1.554731   data required time
                                             -2.394915   data arrival time
---------------------------------------------------------------------------------------------
                                              0.840184   slack (MET)


Startpoint: rst_n (input port clocked by clk)
Endpoint: _37_ (removal check against rising-edge clock clk)
Path Group: asynchronous
Path Type: min

Fanout         Cap        Slew       Delay        Time   Description
---------------------------------------------------------------------------------------------
                                  0.000000    0.000000   clock clk (rise edge)
                                  0.000000    0.000000   clock network delay (propagated)
                                  2.000000    2.000000 ^ input external delay
     1    0.002945    0.033209    0.016606    2.016606 ^ rst_n (in)
                      0.033209    0.000000    2.016606 ^ input2/A (sky130_fd_sc_hd__clkbuf_4)
     8    0.054462    0.267175    0.372756    2.389361 ^ input2/X (sky130_fd_sc_hd__clkbuf_4)
                      0.267368    0.005956    2.395317 ^ _37_/RESET_B (sky130_fd_sc_hd__dfrtp_2)
                                              2.395317   data arrival time

                                  0.000000    0.000000   clock clk (rise edge)
                                  0.000000    0.000000   clock source latency
     1    0.021612    0.161375    0.111008    0.111008 ^ clk (in)
                      0.161426    0.000000    0.111008 ^ clkbuf_0_clk/A (sky130_fd_sc_hd__clkbuf_16)
     2    0.018124    0.065104    0.260605    0.371613 ^ clkbuf_0_clk/X (sky130_fd_sc_hd__clkbuf_16)
                      0.065104    0.001113    0.372726 ^ clkbuf_1_0__f_clk/A (sky130_fd_sc_hd__clkbuf_16)
     5    0.017128    0.063860    0.215245    0.587972 ^ clkbuf_1_0__f_clk/X (sky130_fd_sc_hd__clkbuf_16)
                      0.063860    0.000514    0.588485 ^ _37_/CLK (sky130_fd_sc_hd__dfrtp_2)
                                  0.250000    0.838485   clock uncertainty
                                  0.000000    0.838485   clock reconvergence pessimism
                                  0.716068    1.554553   library removal time
                                              1.554553   data required time
---------------------------------------------------------------------------------------------
                                              1.554553   data required time
                                             -2.395317   data arrival time
---------------------------------------------------------------------------------------------
                                              0.840764   slack (MET)


Startpoint: rst_n (input port clocked by clk)
Endpoint: _40_ (removal check against rising-edge clock clk)
Path Group: asynchronous
Path Type: min

Fanout         Cap        Slew       Delay        Time   Description
---------------------------------------------------------------------------------------------
                                  0.000000    0.000000   clock clk (rise edge)
                                  0.000000    0.000000   clock network delay (propagated)
                                  2.000000    2.000000 ^ input external delay
     1    0.002945    0.033209    0.016606    2.016606 ^ rst_n (in)
                      0.033209    0.000000    2.016606 ^ input2/A (sky130_fd_sc_hd__clkbuf_4)
     8    0.054462    0.267175    0.372756    2.389361 ^ input2/X (sky130_fd_sc_hd__clkbuf_4)
                      0.267596    0.008705    2.398066 ^ _40_/RESET_B (sky130_fd_sc_hd__dfrtp_4)
                                              2.398066   data arrival time

                                  0.000000    0.000000   clock clk (rise edge)
                                  0.000000    0.000000   clock source latency
     1    0.021612    0.161375    0.111008    0.111008 ^ clk (in)
                      0.161426    0.000000    0.111008 ^ clkbuf_0_clk/A (sky130_fd_sc_hd__clkbuf_16)
     2    0.018124    0.065104    0.260605    0.371613 ^ clkbuf_0_clk/X (sky130_fd_sc_hd__clkbuf_16)
                      0.065104    0.001113    0.372726 ^ clkbuf_1_0__f_clk/A (sky130_fd_sc_hd__clkbuf_16)
     5    0.017128    0.063860    0.215245    0.587972 ^ clkbuf_1_0__f_clk/X (sky130_fd_sc_hd__clkbuf_16)
                      0.063860    0.000431    0.588402 ^ _40_/CLK (sky130_fd_sc_hd__dfrtp_4)
                                  0.250000    0.838402   clock uncertainty
                                  0.000000    0.838402   clock reconvergence pessimism
                                  0.717930    1.556332   library removal time
                                              1.556332   data required time
---------------------------------------------------------------------------------------------
                                              1.556332   data required time
                                             -2.398066   data arrival time
---------------------------------------------------------------------------------------------
                                              0.841734   slack (MET)


Startpoint: rst_n (input port clocked by clk)
Endpoint: _39_ (removal check against rising-edge clock clk)
Path Group: asynchronous
Path Type: min

Fanout         Cap        Slew       Delay        Time   Description
---------------------------------------------------------------------------------------------
                                  0.000000    0.000000   clock clk (rise edge)
                                  0.000000    0.000000   clock network delay (propagated)
                                  2.000000    2.000000 ^ input external delay
     1    0.002945    0.033209    0.016606    2.016606 ^ rst_n (in)
                      0.033209    0.000000    2.016606 ^ input2/A (sky130_fd_sc_hd__clkbuf_4)
     8    0.054462    0.267175    0.372756    2.389361 ^ input2/X (sky130_fd_sc_hd__clkbuf_4)
                      0.267466    0.007277    2.396638 ^ _39_/RESET_B (sky130_fd_sc_hd__dfrtp_1)
                                              2.396638   data arrival time

                                  0.000000    0.000000   clock clk (rise edge)
                                  0.000000    0.000000   clock source latency
     1    0.021612    0.161375    0.111008    0.111008 ^ clk (in)
                      0.161426    0.000000    0.111008 ^ clkbuf_0_clk/A (sky130_fd_sc_hd__clkbuf_16)
     2    0.018124    0.065104    0.260605    0.371613 ^ clkbuf_0_clk/X (sky130_fd_sc_hd__clkbuf_16)
                      0.065104    0.001113    0.372726 ^ clkbuf_1_0__f_clk/A (sky130_fd_sc_hd__clkbuf_16)
     5    0.017128    0.063860    0.215245    0.587972 ^ clkbuf_1_0__f_clk/X (sky130_fd_sc_hd__clkbuf_16)
                      0.063860    0.000414    0.588385 ^ _39_/CLK (sky130_fd_sc_hd__dfrtp_1)
                                  0.250000    0.838385   clock uncertainty
                                  0.000000    0.838385   clock reconvergence pessimism
                                  0.716280    1.554665   library removal time
                                              1.554665   data required time
---------------------------------------------------------------------------------------------
                                              1.554665   data required time
                                             -2.396638   data arrival time
---------------------------------------------------------------------------------------------
                                              0.841974   slack (MET)


Startpoint: rst_n (input port clocked by clk)
Endpoint: _41_ (removal check against rising-edge clock clk)
Path Group: asynchronous
Path Type: min

Fanout         Cap        Slew       Delay        Time   Description
---------------------------------------------------------------------------------------------
                                  0.000000    0.000000   clock clk (rise edge)
                                  0.000000    0.000000   clock network delay (propagated)
                                  2.000000    2.000000 ^ input external delay
     1    0.002945    0.033209    0.016606    2.016606 ^ rst_n (in)
                      0.033209    0.000000    2.016606 ^ input2/A (sky130_fd_sc_hd__clkbuf_4)
     8    0.054462    0.267175    0.372756    2.389361 ^ input2/X (sky130_fd_sc_hd__clkbuf_4)
                      0.267602    0.008762    2.398124 ^ _41_/RESET_B (sky130_fd_sc_hd__dfrtp_4)
                                              2.398124   data arrival time

                                  0.000000    0.000000   clock clk (rise edge)
                                  0.000000    0.000000   clock source latency
     1    0.021612    0.161375    0.111008    0.111008 ^ clk (in)
                      0.161426    0.000000    0.111008 ^ clkbuf_0_clk/A (sky130_fd_sc_hd__clkbuf_16)
     2    0.018124    0.065104    0.260605    0.371613 ^ clkbuf_0_clk/X (sky130_fd_sc_hd__clkbuf_16)
                      0.065104    0.001061    0.372674 ^ clkbuf_1_1__f_clk/A (sky130_fd_sc_hd__clkbuf_16)
     4    0.016535    0.063141    0.214219    0.586893 ^ clkbuf_1_1__f_clk/X (sky130_fd_sc_hd__clkbuf_16)
                      0.063141    0.001255    0.588148 ^ _41_/CLK (sky130_fd_sc_hd__dfrtp_4)
                                  0.250000    0.838148   clock uncertainty
                                  0.000000    0.838148   clock reconvergence pessimism
                                  0.717716    1.555864   library removal time
                                              1.555864   data required time
---------------------------------------------------------------------------------------------
                                              1.555864   data required time
                                             -2.398124   data arrival time
---------------------------------------------------------------------------------------------
                                              0.842260   slack (MET)


Startpoint: rst_n (input port clocked by clk)
Endpoint: _44_ (removal check against rising-edge clock clk)
Path Group: asynchronous
Path Type: min

Fanout         Cap        Slew       Delay        Time   Description
---------------------------------------------------------------------------------------------
                                  0.000000    0.000000   clock clk (rise edge)
                                  0.000000    0.000000   clock network delay (propagated)
                                  2.000000    2.000000 ^ input external delay
     1    0.002945    0.033209    0.016606    2.016606 ^ rst_n (in)
                      0.033209    0.000000    2.016606 ^ input2/A (sky130_fd_sc_hd__clkbuf_4)
     8    0.054462    0.267175    0.372756    2.389361 ^ input2/X (sky130_fd_sc_hd__clkbuf_4)
                      0.267508    0.007765    2.397126 ^ _44_/RESET_B (sky130_fd_sc_hd__dfrtp_1)
                                              2.397126   data arrival time

                                  0.000000    0.000000   clock clk (rise edge)
                                  0.000000    0.000000   clock source latency
     1    0.021612    0.161375    0.111008    0.111008 ^ clk (in)
                      0.161426    0.000000    0.111008 ^ clkbuf_0_clk/A (sky130_fd_sc_hd__clkbuf_16)
     2    0.018124    0.065104    0.260605    0.371613 ^ clkbuf_0_clk/X (sky130_fd_sc_hd__clkbuf_16)
                      0.065104    0.001061    0.372674 ^ clkbuf_1_1__f_clk/A (sky130_fd_sc_hd__clkbuf_16)
     4    0.016535    0.063141    0.214219    0.586893 ^ clkbuf_1_1__f_clk/X (sky130_fd_sc_hd__clkbuf_16)
                      0.063141    0.000882    0.587775 ^ _44_/CLK (sky130_fd_sc_hd__dfrtp_1)
                                  0.250000    0.837775   clock uncertainty
                                  0.000000    0.837775   clock reconvergence pessimism
                                  0.716076    1.553851   library removal time
                                              1.553851   data required time
---------------------------------------------------------------------------------------------
                                              1.553851   data required time
                                             -2.397126   data arrival time
---------------------------------------------------------------------------------------------
                                              0.843275   slack (MET)


Startpoint: rst_n (input port clocked by clk)
Endpoint: _43_ (removal check against rising-edge clock clk)
Path Group: asynchronous
Path Type: min

Fanout         Cap        Slew       Delay        Time   Description
---------------------------------------------------------------------------------------------
                                  0.000000    0.000000   clock clk (rise edge)
                                  0.000000    0.000000   clock network delay (propagated)
                                  2.000000    2.000000 ^ input external delay
     1    0.002945    0.033209    0.016606    2.016606 ^ rst_n (in)
                      0.033209    0.000000    2.016606 ^ input2/A (sky130_fd_sc_hd__clkbuf_4)
     8    0.054462    0.267175    0.372756    2.389361 ^ input2/X (sky130_fd_sc_hd__clkbuf_4)
                      0.267547    0.008195    2.397556 ^ _43_/RESET_B (sky130_fd_sc_hd__dfrtp_1)
                                              2.397556   data arrival time

                                  0.000000    0.000000   clock clk (rise edge)
                                  0.000000    0.000000   clock source latency
     1    0.021612    0.161375    0.111008    0.111008 ^ clk (in)
                      0.161426    0.000000    0.111008 ^ clkbuf_0_clk/A (sky130_fd_sc_hd__clkbuf_16)
     2    0.018124    0.065104    0.260605    0.371613 ^ clkbuf_0_clk/X (sky130_fd_sc_hd__clkbuf_16)
                      0.065104    0.001061    0.372674 ^ clkbuf_1_1__f_clk/A (sky130_fd_sc_hd__clkbuf_16)
     4    0.016535    0.063141    0.214219    0.586893 ^ clkbuf_1_1__f_clk/X (sky130_fd_sc_hd__clkbuf_16)
                      0.063141    0.000932    0.587825 ^ _43_/CLK (sky130_fd_sc_hd__dfrtp_1)
                                  0.250000    0.837825   clock uncertainty
                                  0.000000    0.837825   clock reconvergence pessimism
                                  0.716088    1.553913   library removal time
                                              1.553913   data required time
---------------------------------------------------------------------------------------------
                                              1.553913   data required time
                                             -2.397556   data arrival time
---------------------------------------------------------------------------------------------
                                              0.843643   slack (MET)


Startpoint: rst_n (input port clocked by clk)
Endpoint: _42_ (removal check against rising-edge clock clk)
Path Group: asynchronous
Path Type: min

Fanout         Cap        Slew       Delay        Time   Description
---------------------------------------------------------------------------------------------
                                  0.000000    0.000000   clock clk (rise edge)
                                  0.000000    0.000000   clock network delay (propagated)
                                  2.000000    2.000000 ^ input external delay
     1    0.002945    0.033209    0.016606    2.016606 ^ rst_n (in)
                      0.033209    0.000000    2.016606 ^ input2/A (sky130_fd_sc_hd__clkbuf_4)
     8    0.054462    0.267175    0.372756    2.389361 ^ input2/X (sky130_fd_sc_hd__clkbuf_4)
                      0.267571    0.008447    2.397809 ^ _42_/RESET_B (sky130_fd_sc_hd__dfrtp_1)
                                              2.397809   data arrival time

                                  0.000000    0.000000   clock clk (rise edge)
                                  0.000000    0.000000   clock source latency
     1    0.021612    0.161375    0.111008    0.111008 ^ clk (in)
                      0.161426    0.000000    0.111008 ^ clkbuf_0_clk/A (sky130_fd_sc_hd__clkbuf_16)
     2    0.018124    0.065104    0.260605    0.371613 ^ clkbuf_0_clk/X (sky130_fd_sc_hd__clkbuf_16)
                      0.065104    0.001061    0.372674 ^ clkbuf_1_1__f_clk/A (sky130_fd_sc_hd__clkbuf_16)
     4    0.016535    0.063141    0.214219    0.586893 ^ clkbuf_1_1__f_clk/X (sky130_fd_sc_hd__clkbuf_16)
                      0.063141    0.001170    0.588063 ^ _42_/CLK (sky130_fd_sc_hd__dfrtp_1)
                                  0.250000    0.838063   clock uncertainty
                                  0.000000    0.838063   clock reconvergence pessimism
                                  0.716096    1.554159   library removal time
                                              1.554159   data required time
---------------------------------------------------------------------------------------------
                                              1.554159   data required time
                                             -2.397809   data arrival time
---------------------------------------------------------------------------------------------
                                              0.843650   slack (MET)


Startpoint: _39_ (rising edge-triggered flip-flop clocked by clk)
Endpoint: _39_ (rising edge-triggered flip-flop clocked by clk)
Path Group: clk
Path Type: min

Fanout         Cap        Slew       Delay        Time   Description
---------------------------------------------------------------------------------------------
                                  0.000000    0.000000   clock clk (rise edge)
                                  0.000000    0.000000   clock source latency
     1    0.021612    0.161375    0.111008    0.111008 ^ clk (in)
                      0.161426    0.000000    0.111008 ^ clkbuf_0_clk/A (sky130_fd_sc_hd__clkbuf_16)
     2    0.018124    0.065104    0.260605    0.371613 ^ clkbuf_0_clk/X (sky130_fd_sc_hd__clkbuf_16)
                      0.065104    0.001113    0.372726 ^ clkbuf_1_0__f_clk/A (sky130_fd_sc_hd__clkbuf_16)
     5    0.017128    0.063860    0.215245    0.587972 ^ clkbuf_1_0__f_clk/X (sky130_fd_sc_hd__clkbuf_16)
                      0.063860    0.000414    0.588385 ^ _39_/CLK (sky130_fd_sc_hd__dfrtp_1)
     3    0.021520    0.310045    0.825724    1.414110 ^ _39_/Q (sky130_fd_sc_hd__dfrtp_1)
                      0.310045    0.000842    1.414952 ^ _28_/A (sky130_fd_sc_hd__nor2_1)
     1    0.003168    0.052664    0.173550    1.588501 v _28_/Y (sky130_fd_sc_hd__nor2_1)
                      0.052664    0.000221    1.588722 v _29_/B (sky130_fd_sc_hd__nor2_1)
     1    0.002494    0.120063    0.128154    1.716876 ^ _29_/Y (sky130_fd_sc_hd__nor2_1)
                      0.120063    0.000185    1.717061 ^ _39_/D (sky130_fd_sc_hd__dfrtp_1)
                                              1.717061   data arrival time

                                  0.000000    0.000000   clock clk (rise edge)
                                  0.000000    0.000000   clock source latency
     1    0.021612    0.161375    0.111008    0.111008 ^ clk (in)
                      0.161426    0.000000    0.111008 ^ clkbuf_0_clk/A (sky130_fd_sc_hd__clkbuf_16)
     2    0.018124    0.065104    0.260605    0.371613 ^ clkbuf_0_clk/X (sky130_fd_sc_hd__clkbuf_16)
                      0.065104    0.001113    0.372726 ^ clkbuf_1_0__f_clk/A (sky130_fd_sc_hd__clkbuf_16)
     5    0.017128    0.063860    0.215245    0.587972 ^ clkbuf_1_0__f_clk/X (sky130_fd_sc_hd__clkbuf_16)
                      0.063860    0.000414    0.588385 ^ _39_/CLK (sky130_fd_sc_hd__dfrtp_1)
                                  0.250000    0.838385   clock uncertainty
                                  0.000000    0.838385   clock reconvergence pessimism
                                 -0.089377    0.749009   library hold time
                                              0.749009   data required time
---------------------------------------------------------------------------------------------
                                              0.749009   data required time
                                             -1.717061   data arrival time
---------------------------------------------------------------------------------------------
                                              0.968052   slack (MET)


Startpoint: _38_ (rising edge-triggered flip-flop clocked by clk)
Endpoint: _38_ (rising edge-triggered flip-flop clocked by clk)
Path Group: clk
Path Type: min

Fanout         Cap        Slew       Delay        Time   Description
---------------------------------------------------------------------------------------------
                                  0.000000    0.000000   clock clk (rise edge)
                                  0.000000    0.000000   clock source latency
     1    0.021612    0.161375    0.111008    0.111008 ^ clk (in)
                      0.161426    0.000000    0.111008 ^ clkbuf_0_clk/A (sky130_fd_sc_hd__clkbuf_16)
     2    0.018124    0.065104    0.260605    0.371613 ^ clkbuf_0_clk/X (sky130_fd_sc_hd__clkbuf_16)
                      0.065104    0.001113    0.372726 ^ clkbuf_1_0__f_clk/A (sky130_fd_sc_hd__clkbuf_16)
     5    0.017128    0.063860    0.215245    0.587972 ^ clkbuf_1_0__f_clk/X (sky130_fd_sc_hd__clkbuf_16)
                      0.063860    0.000518    0.588490 ^ _38_/CLK (sky130_fd_sc_hd__dfrtp_1)
     4    0.022762    0.326234    0.837067    1.425556 ^ _38_/Q (sky130_fd_sc_hd__dfrtp_1)
                      0.326234    0.001157    1.426714 ^ _26_/B1 (sky130_fd_sc_hd__a21oi_1)
     1    0.003199    0.095791    0.158655    1.585369 v _26_/Y (sky130_fd_sc_hd__a21oi_1)
                      0.095791    0.000237    1.585606 v _27_/B (sky130_fd_sc_hd__nor2_1)
     1    0.003096    0.136463    0.156994    1.742600 ^ _27_/Y (sky130_fd_sc_hd__nor2_1)
                      0.136463    0.000212    1.742812 ^ _38_/D (sky130_fd_sc_hd__dfrtp_1)
                                              1.742812   data arrival time

                                  0.000000    0.000000   clock clk (rise edge)
                                  0.000000    0.000000   clock source latency
     1    0.021612    0.161375    0.111008    0.111008 ^ clk (in)
                      0.161426    0.000000    0.111008 ^ clkbuf_0_clk/A (sky130_fd_sc_hd__clkbuf_16)
     2    0.018124    0.065104    0.260605    0.371613 ^ clkbuf_0_clk/X (sky130_fd_sc_hd__clkbuf_16)
                      0.065104    0.001113    0.372726 ^ clkbuf_1_0__f_clk/A (sky130_fd_sc_hd__clkbuf_16)
     5    0.017128    0.063860    0.215245    0.587972 ^ clkbuf_1_0__f_clk/X (sky130_fd_sc_hd__clkbuf_16)
                      0.063860    0.000518    0.588490 ^ _38_/CLK (sky130_fd_sc_hd__dfrtp_1)
                                  0.250000    0.838490   clock uncertainty
                                  0.000000    0.838490   clock reconvergence pessimism
                                 -0.093121    0.745369   library hold time
                                              0.745369   data required time
---------------------------------------------------------------------------------------------
                                              0.745369   data required time
                                             -1.742812   data arrival time
---------------------------------------------------------------------------------------------
                                              0.997442   slack (MET)


Startpoint: _42_ (rising edge-triggered flip-flop clocked by clk)
Endpoint: _42_ (rising edge-triggered flip-flop clocked by clk)
Path Group: clk
Path Type: min

Fanout         Cap        Slew       Delay        Time   Description
---------------------------------------------------------------------------------------------
                                  0.000000    0.000000   clock clk (rise edge)
                                  0.000000    0.000000   clock source latency
     1    0.021612    0.161375    0.111008    0.111008 ^ clk (in)
                      0.161426    0.000000    0.111008 ^ clkbuf_0_clk/A (sky130_fd_sc_hd__clkbuf_16)
     2    0.018124    0.065104    0.260605    0.371613 ^ clkbuf_0_clk/X (sky130_fd_sc_hd__clkbuf_16)
                      0.065104    0.001061    0.372674 ^ clkbuf_1_1__f_clk/A (sky130_fd_sc_hd__clkbuf_16)
     4    0.016535    0.063141    0.214219    0.586893 ^ clkbuf_1_1__f_clk/X (sky130_fd_sc_hd__clkbuf_16)
                      0.063141    0.001170    0.588063 ^ _42_/CLK (sky130_fd_sc_hd__dfrtp_1)
     3    0.021871    0.314814    0.827925    1.415988 ^ _42_/Q (sky130_fd_sc_hd__dfrtp_1)
                      0.314823    0.002182    1.418170 ^ _33_/B1 (sky130_fd_sc_hd__a31o_1)
     1    0.001946    0.065000    0.242622    1.660793 ^ _33_/X (sky130_fd_sc_hd__a31o_1)
                      0.065000    0.000087    1.660880 ^ _34_/B (sky130_fd_sc_hd__and2b_1)
     1    0.002768    0.070891    0.222577    1.883457 ^ _34_/X (sky130_fd_sc_hd__and2b_1)
                      0.070891    0.000175    1.883633 ^ _42_/D (sky130_fd_sc_hd__dfrtp_1)
                                              1.883633   data arrival time

                                  0.000000    0.000000   clock clk (rise edge)
                                  0.000000    0.000000   clock source latency
     1    0.021612    0.161375    0.111008    0.111008 ^ clk (in)
                      0.161426    0.000000    0.111008 ^ clkbuf_0_clk/A (sky130_fd_sc_hd__clkbuf_16)
     2    0.018124    0.065104    0.260605    0.371613 ^ clkbuf_0_clk/X (sky130_fd_sc_hd__clkbuf_16)
                      0.065104    0.001061    0.372674 ^ clkbuf_1_1__f_clk/A (sky130_fd_sc_hd__clkbuf_16)
     4    0.016535    0.063141    0.214219    0.586893 ^ clkbuf_1_1__f_clk/X (sky130_fd_sc_hd__clkbuf_16)
                      0.063141    0.001170    0.588063 ^ _42_/CLK (sky130_fd_sc_hd__dfrtp_1)
                                  0.250000    0.838063   clock uncertainty
                                  0.000000    0.838063   clock reconvergence pessimism
                                 -0.078269    0.759794   library hold time
                                              0.759794   data required time
---------------------------------------------------------------------------------------------
                                              0.759794   data required time
                                             -1.883633   data arrival time
---------------------------------------------------------------------------------------------
                                              1.123839   slack (MET)


Startpoint: _40_ (rising edge-triggered flip-flop clocked by clk)
Endpoint: _40_ (rising edge-triggered flip-flop clocked by clk)
Path Group: clk
Path Type: min

Fanout         Cap        Slew       Delay        Time   Description
---------------------------------------------------------------------------------------------
                                  0.000000    0.000000   clock clk (rise edge)
                                  0.000000    0.000000   clock source latency
     1    0.021612    0.161375    0.111008    0.111008 ^ clk (in)
                      0.161426    0.000000    0.111008 ^ clkbuf_0_clk/A (sky130_fd_sc_hd__clkbuf_16)
     2    0.018124    0.065104    0.260605    0.371613 ^ clkbuf_0_clk/X (sky130_fd_sc_hd__clkbuf_16)
                      0.065104    0.001113    0.372726 ^ clkbuf_1_0__f_clk/A (sky130_fd_sc_hd__clkbuf_16)
     5    0.017128    0.063860    0.215245    0.587972 ^ clkbuf_1_0__f_clk/X (sky130_fd_sc_hd__clkbuf_16)
                      0.063860    0.000431    0.588402 ^ _40_/CLK (sky130_fd_sc_hd__dfrtp_4)
     6    0.030320    0.196592    0.912873    1.501275 ^ _40_/Q (sky130_fd_sc_hd__dfrtp_4)
                      0.196610    0.001983    1.503258 ^ _30_/A (sky130_fd_sc_hd__or2_1)
     1    0.001986    0.055811    0.210875    1.714133 ^ _30_/X (sky130_fd_sc_hd__or2_1)
                      0.055811    0.000137    1.714270 ^ _31_/B (sky130_fd_sc_hd__and2_1)
     1    0.002172    0.071486    0.212376    1.926646 ^ _31_/X (sky130_fd_sc_hd__and2_1)
                      0.071486    0.000100    1.926746 ^ _40_/D (sky130_fd_sc_hd__dfrtp_4)
                                              1.926746   data arrival time

                                  0.000000    0.000000   clock clk (rise edge)
                                  0.000000    0.000000   clock source latency
     1    0.021612    0.161375    0.111008    0.111008 ^ clk (in)
                      0.161426    0.000000    0.111008 ^ clkbuf_0_clk/A (sky130_fd_sc_hd__clkbuf_16)
     2    0.018124    0.065104    0.260605    0.371613 ^ clkbuf_0_clk/X (sky130_fd_sc_hd__clkbuf_16)
                      0.065104    0.001113    0.372726 ^ clkbuf_1_0__f_clk/A (sky130_fd_sc_hd__clkbuf_16)
     5    0.017128    0.063860    0.215245    0.587972 ^ clkbuf_1_0__f_clk/X (sky130_fd_sc_hd__clkbuf_16)
                      0.063860    0.000431    0.588402 ^ _40_/CLK (sky130_fd_sc_hd__dfrtp_4)
                                  0.250000    0.838402   clock uncertainty
                                  0.000000    0.838402   clock reconvergence pessimism
                                 -0.080078    0.758324   library hold time
                                              0.758324   data required time
---------------------------------------------------------------------------------------------
                                              0.758324   data required time
                                             -1.926746   data arrival time
---------------------------------------------------------------------------------------------
                                              1.168422   slack (MET)


Startpoint: _40_ (rising edge-triggered flip-flop clocked by clk)
Endpoint: _41_ (rising edge-triggered flip-flop clocked by clk)
Path Group: clk
Path Type: min

Fanout         Cap        Slew       Delay        Time   Description
---------------------------------------------------------------------------------------------
                                  0.000000    0.000000   clock clk (rise edge)
                                  0.000000    0.000000   clock source latency
     1    0.021612    0.161375    0.111008    0.111008 ^ clk (in)
                      0.161426    0.000000    0.111008 ^ clkbuf_0_clk/A (sky130_fd_sc_hd__clkbuf_16)
     2    0.018124    0.065104    0.260605    0.371613 ^ clkbuf_0_clk/X (sky130_fd_sc_hd__clkbuf_16)
                      0.065104    0.001113    0.372726 ^ clkbuf_1_0__f_clk/A (sky130_fd_sc_hd__clkbuf_16)
     5    0.017128    0.063860    0.215245    0.587972 ^ clkbuf_1_0__f_clk/X (sky130_fd_sc_hd__clkbuf_16)
                      0.063860    0.000431    0.588402 ^ _40_/CLK (sky130_fd_sc_hd__dfrtp_4)
     6    0.030320    0.196592    0.912873    1.501275 ^ _40_/Q (sky130_fd_sc_hd__dfrtp_4)
                      0.196611    0.002026    1.503301 ^ _20_/A (sky130_fd_sc_hd__nand2_1)
     2    0.007085    0.140031    0.199477    1.702778 v _20_/Y (sky130_fd_sc_hd__nand2_1)
                      0.140031    0.000669    1.703446 v _32_/B (sky130_fd_sc_hd__xnor2_1)
     1    0.002271    0.067255    0.226735    1.930181 ^ _32_/Y (sky130_fd_sc_hd__xnor2_1)
                      0.067255    0.000166    1.930346 ^ _41_/D (sky130_fd_sc_hd__dfrtp_4)
                                              1.930346   data arrival time

                                  0.000000    0.000000   clock clk (rise edge)
                                  0.000000    0.000000   clock source latency
     1    0.021612    0.161375    0.111008    0.111008 ^ clk (in)
                      0.161426    0.000000    0.111008 ^ clkbuf_0_clk/A (sky130_fd_sc_hd__clkbuf_16)
     2    0.018124    0.065104    0.260605    0.371613 ^ clkbuf_0_clk/X (sky130_fd_sc_hd__clkbuf_16)
                      0.065104    0.001061    0.372674 ^ clkbuf_1_1__f_clk/A (sky130_fd_sc_hd__clkbuf_16)
     4    0.016535    0.063141    0.214219    0.586893 ^ clkbuf_1_1__f_clk/X (sky130_fd_sc_hd__clkbuf_16)
                      0.063141    0.001255    0.588148 ^ _41_/CLK (sky130_fd_sc_hd__dfrtp_4)
                                  0.250000    0.838148   clock uncertainty
                                  0.000000    0.838148   clock reconvergence pessimism
                                 -0.079231    0.758917   library hold time
                                              0.758917   data required time
---------------------------------------------------------------------------------------------
                                              0.758917   data required time
                                             -1.930346   data arrival time
---------------------------------------------------------------------------------------------
                                              1.171429   slack (MET)


Startpoint: _40_ (rising edge-triggered flip-flop clocked by clk)
Endpoint: _43_ (rising edge-triggered flip-flop clocked by clk)
Path Group: clk
Path Type: min

Fanout         Cap        Slew       Delay        Time   Description
---------------------------------------------------------------------------------------------
                                  0.000000    0.000000   clock clk (rise edge)
                                  0.000000    0.000000   clock source latency
     1    0.021612    0.161375    0.111008    0.111008 ^ clk (in)
                      0.161426    0.000000    0.111008 ^ clkbuf_0_clk/A (sky130_fd_sc_hd__clkbuf_16)
     2    0.018124    0.065104    0.260605    0.371613 ^ clkbuf_0_clk/X (sky130_fd_sc_hd__clkbuf_16)
                      0.065104    0.001113    0.372726 ^ clkbuf_1_0__f_clk/A (sky130_fd_sc_hd__clkbuf_16)
     5    0.017128    0.063860    0.215245    0.587972 ^ clkbuf_1_0__f_clk/X (sky130_fd_sc_hd__clkbuf_16)
                      0.063860    0.000431    0.588402 ^ _40_/CLK (sky130_fd_sc_hd__dfrtp_4)
     6    0.030320    0.196592    0.912873    1.501275 ^ _40_/Q (sky130_fd_sc_hd__dfrtp_4)
                      0.196618    0.002269    1.503544 ^ _22_/A (sky130_fd_sc_hd__and3_1)
     2    0.008340    0.159948    0.392804    1.896348 ^ _22_/X (sky130_fd_sc_hd__and3_1)
                      0.159948    0.000547    1.896895 ^ _35_/B (sky130_fd_sc_hd__xor2_1)
     1    0.002115    0.062438    0.147673    2.044568 v _35_/X (sky130_fd_sc_hd__xor2_1)
                      0.062438    0.000098    2.044666 v _43_/D (sky130_fd_sc_hd__dfrtp_1)
                                              2.044666   data arrival time

                                  0.000000    0.000000   clock clk (rise edge)
                                  0.000000    0.000000   clock source latency
     1    0.021612    0.161375    0.111008    0.111008 ^ clk (in)
                      0.161426    0.000000    0.111008 ^ clkbuf_0_clk/A (sky130_fd_sc_hd__clkbuf_16)
     2    0.018124    0.065104    0.260605    0.371613 ^ clkbuf_0_clk/X (sky130_fd_sc_hd__clkbuf_16)
                      0.065104    0.001061    0.372674 ^ clkbuf_1_1__f_clk/A (sky130_fd_sc_hd__clkbuf_16)
     4    0.016535    0.063141    0.214219    0.586893 ^ clkbuf_1_1__f_clk/X (sky130_fd_sc_hd__clkbuf_16)
                      0.063141    0.000932    0.587825 ^ _43_/CLK (sky130_fd_sc_hd__dfrtp_1)
                                  0.250000    0.837825   clock uncertainty
                                  0.000000    0.837825   clock reconvergence pessimism
                                 -0.096094    0.741731   library hold time
                                              0.741731   data required time
---------------------------------------------------------------------------------------------
                                              0.741731   data required time
                                             -2.044666   data arrival time
---------------------------------------------------------------------------------------------
                                              1.302935   slack (MET)


Startpoint: _43_ (rising edge-triggered flip-flop clocked by clk)
Endpoint: _44_ (rising edge-triggered flip-flop clocked by clk)
Path Group: clk
Path Type: min

Fanout         Cap        Slew       Delay        Time   Description
---------------------------------------------------------------------------------------------
                                  0.000000    0.000000   clock clk (rise edge)
                                  0.000000    0.000000   clock source latency
     1    0.021612    0.161375    0.111008    0.111008 ^ clk (in)
                      0.161426    0.000000    0.111008 ^ clkbuf_0_clk/A (sky130_fd_sc_hd__clkbuf_16)
     2    0.018124    0.065104    0.260605    0.371613 ^ clkbuf_0_clk/X (sky130_fd_sc_hd__clkbuf_16)
                      0.065104    0.001061    0.372674 ^ clkbuf_1_1__f_clk/A (sky130_fd_sc_hd__clkbuf_16)
     4    0.016535    0.063141    0.214219    0.586893 ^ clkbuf_1_1__f_clk/X (sky130_fd_sc_hd__clkbuf_16)
                      0.063141    0.000932    0.587825 ^ _43_/CLK (sky130_fd_sc_hd__dfrtp_1)
     3    0.017383    0.256555    0.786214    1.374039 ^ _43_/Q (sky130_fd_sc_hd__dfrtp_1)
                      0.256558    0.001420    1.375459 ^ _23_/B (sky130_fd_sc_hd__and4_1)
     2    0.009646    0.192736    0.520996    1.896455 ^ _23_/X (sky130_fd_sc_hd__and4_1)
                      0.192736    0.000701    1.897156 ^ _36_/B (sky130_fd_sc_hd__xor2_1)
     1    0.002369    0.064337    0.164256    2.061412 v _36_/X (sky130_fd_sc_hd__xor2_1)
                      0.064337    0.000160    2.061572 v _44_/D (sky130_fd_sc_hd__dfrtp_1)
                                              2.061572   data arrival time

                                  0.000000    0.000000   clock clk (rise edge)
                                  0.000000    0.000000   clock source latency
     1    0.021612    0.161375    0.111008    0.111008 ^ clk (in)
                      0.161426    0.000000    0.111008 ^ clkbuf_0_clk/A (sky130_fd_sc_hd__clkbuf_16)
     2    0.018124    0.065104    0.260605    0.371613 ^ clkbuf_0_clk/X (sky130_fd_sc_hd__clkbuf_16)
                      0.065104    0.001061    0.372674 ^ clkbuf_1_1__f_clk/A (sky130_fd_sc_hd__clkbuf_16)
     4    0.016535    0.063141    0.214219    0.586893 ^ clkbuf_1_1__f_clk/X (sky130_fd_sc_hd__clkbuf_16)
                      0.063141    0.000882    0.587775 ^ _44_/CLK (sky130_fd_sc_hd__dfrtp_1)
                                  0.250000    0.837775   clock uncertainty
                                  0.000000    0.837775   clock reconvergence pessimism
                                 -0.096799    0.740976   library hold time
                                              0.740976   data required time
---------------------------------------------------------------------------------------------
                                              0.740976   data required time
                                             -2.061572   data arrival time
---------------------------------------------------------------------------------------------
                                              1.320596   slack (MET)


Startpoint: enable (input port clocked by clk)
Endpoint: _37_ (rising edge-triggered flip-flop clocked by clk)
Path Group: clk
Path Type: min

Fanout         Cap        Slew       Delay        Time   Description
---------------------------------------------------------------------------------------------
                                  0.000000    0.000000   clock clk (rise edge)
                                  0.000000    0.000000   clock network delay (propagated)
                                  2.000000    2.000000 ^ input external delay
     1    0.003271    0.035380    0.018326    2.018326 ^ enable (in)
                      0.035381    0.000000    2.018326 ^ input1/A (sky130_fd_sc_hd__clkbuf_2)
     4    0.029463    0.255418    0.308391    2.326718 ^ input1/X (sky130_fd_sc_hd__clkbuf_2)
                      0.255509    0.003988    2.330705 ^ _25_/B (sky130_fd_sc_hd__xor2_1)
     1    0.002772    0.067549    0.191930    2.522635 v _25_/X (sky130_fd_sc_hd__xor2_1)
                      0.067549    0.000182    2.522818 v _37_/D (sky130_fd_sc_hd__dfrtp_2)
                                              2.522818   data arrival time

                                  0.000000    0.000000   clock clk (rise edge)
                                  0.000000    0.000000   clock source latency
     1    0.021612    0.161375    0.111008    0.111008 ^ clk (in)
                      0.161426    0.000000    0.111008 ^ clkbuf_0_clk/A (sky130_fd_sc_hd__clkbuf_16)
     2    0.018124    0.065104    0.260605    0.371613 ^ clkbuf_0_clk/X (sky130_fd_sc_hd__clkbuf_16)
                      0.065104    0.001113    0.372726 ^ clkbuf_1_0__f_clk/A (sky130_fd_sc_hd__clkbuf_16)
     5    0.017128    0.063860    0.215245    0.587972 ^ clkbuf_1_0__f_clk/X (sky130_fd_sc_hd__clkbuf_16)
                      0.063860    0.000514    0.588485 ^ _37_/CLK (sky130_fd_sc_hd__dfrtp_2)
                                  0.250000    0.838485   clock uncertainty
                                  0.000000    0.838485   clock reconvergence pessimism
                                 -0.090240    0.748245   library hold time
                                              0.748245   data required time
---------------------------------------------------------------------------------------------
                                              0.748245   data required time
                                             -2.522818   data arrival time
---------------------------------------------------------------------------------------------
                                              1.774573   slack (MET)


Startpoint: _44_ (rising edge-triggered flip-flop clocked by clk)
Endpoint: count[7] (output port clocked by clk)
Path Group: clk
Path Type: min

Fanout         Cap        Slew       Delay        Time   Description
---------------------------------------------------------------------------------------------
                                  0.000000    0.000000   clock clk (rise edge)
                                  0.000000    0.000000   clock source latency
     1    0.021612    0.161375    0.111008    0.111008 ^ clk (in)
                      0.161426    0.000000    0.111008 ^ clkbuf_0_clk/A (sky130_fd_sc_hd__clkbuf_16)
     2    0.018124    0.065104    0.260605    0.371613 ^ clkbuf_0_clk/X (sky130_fd_sc_hd__clkbuf_16)
                      0.065104    0.001061    0.372674 ^ clkbuf_1_1__f_clk/A (sky130_fd_sc_hd__clkbuf_16)
     4    0.016535    0.063141    0.214219    0.586893 ^ clkbuf_1_1__f_clk/X (sky130_fd_sc_hd__clkbuf_16)
                      0.063141    0.000882    0.587775 ^ _44_/CLK (sky130_fd_sc_hd__dfrtp_1)
     3    0.015023    0.225988    0.764377    1.352152 ^ _44_/Q (sky130_fd_sc_hd__dfrtp_1)
                      0.225990    0.001097    1.353249 ^ output10/A (sky130_fd_sc_hd__buf_2)
     1    0.034092    0.271331    0.414753    1.768002 ^ output10/X (sky130_fd_sc_hd__buf_2)
                      0.271337    0.001641    1.769643 ^ count[7] (out)
                                              1.769643   data arrival time

                                  0.000000    0.000000   clock clk (rise edge)
                                  0.000000    0.000000   clock network delay (propagated)
                                  0.250000    0.250000   clock uncertainty
                                  0.000000    0.250000   clock reconvergence pessimism
                                 -2.000000   -1.750000   output external delay
                                             -1.750000   data required time
---------------------------------------------------------------------------------------------
                                             -1.750000   data required time
                                             -1.769643   data arrival time
---------------------------------------------------------------------------------------------
                                              3.519643   slack (MET)


Startpoint: _43_ (rising edge-triggered flip-flop clocked by clk)
Endpoint: count[6] (output port clocked by clk)
Path Group: clk
Path Type: min

Fanout         Cap        Slew       Delay        Time   Description
---------------------------------------------------------------------------------------------
                                  0.000000    0.000000   clock clk (rise edge)
                                  0.000000    0.000000   clock source latency
     1    0.021612    0.161375    0.111008    0.111008 ^ clk (in)
                      0.161426    0.000000    0.111008 ^ clkbuf_0_clk/A (sky130_fd_sc_hd__clkbuf_16)
     2    0.018124    0.065104    0.260605    0.371613 ^ clkbuf_0_clk/X (sky130_fd_sc_hd__clkbuf_16)
                      0.065104    0.001061    0.372674 ^ clkbuf_1_1__f_clk/A (sky130_fd_sc_hd__clkbuf_16)
     4    0.016535    0.063141    0.214219    0.586893 ^ clkbuf_1_1__f_clk/X (sky130_fd_sc_hd__clkbuf_16)
                      0.063141    0.000932    0.587825 ^ _43_/CLK (sky130_fd_sc_hd__dfrtp_1)
     3    0.017383    0.256555    0.786214    1.374039 ^ _43_/Q (sky130_fd_sc_hd__dfrtp_1)
                      0.256565    0.001931    1.375970 ^ output9/A (sky130_fd_sc_hd__buf_2)
     1    0.034642    0.275572    0.429477    1.805447 ^ output9/X (sky130_fd_sc_hd__buf_2)
                      0.275579    0.001729    1.807176 ^ count[6] (out)
                                              1.807176   data arrival time

                                  0.000000    0.000000   clock clk (rise edge)
                                  0.000000    0.000000   clock network delay (propagated)
                                  0.250000    0.250000   clock uncertainty
                                  0.000000    0.250000   clock reconvergence pessimism
                                 -2.000000   -1.750000   output external delay
                                             -1.750000   data required time
---------------------------------------------------------------------------------------------
                                             -1.750000   data required time
                                             -1.807176   data arrival time
---------------------------------------------------------------------------------------------
                                              3.557176   slack (MET)


Startpoint: _37_ (rising edge-triggered flip-flop clocked by clk)
Endpoint: count[0] (output port clocked by clk)
Path Group: clk
Path Type: min

Fanout         Cap        Slew       Delay        Time   Description
---------------------------------------------------------------------------------------------
                                  0.000000    0.000000   clock clk (rise edge)
                                  0.000000    0.000000   clock source latency
     1    0.021612    0.161375    0.111008    0.111008 ^ clk (in)
                      0.161426    0.000000    0.111008 ^ clkbuf_0_clk/A (sky130_fd_sc_hd__clkbuf_16)
     2    0.018124    0.065104    0.260605    0.371613 ^ clkbuf_0_clk/X (sky130_fd_sc_hd__clkbuf_16)
                      0.065104    0.001113    0.372726 ^ clkbuf_1_0__f_clk/A (sky130_fd_sc_hd__clkbuf_16)
     5    0.017128    0.063860    0.215245    0.587972 ^ clkbuf_1_0__f_clk/X (sky130_fd_sc_hd__clkbuf_16)
                      0.063860    0.000514    0.588485 ^ _37_/CLK (sky130_fd_sc_hd__dfrtp_2)
     5    0.025014    0.217959    0.820154    1.408639 ^ _37_/Q (sky130_fd_sc_hd__dfrtp_2)
                      0.217974    0.002010    1.410649 ^ output3/A (sky130_fd_sc_hd__buf_2)
     1    0.034469    0.274105    0.413213    1.823862 ^ output3/X (sky130_fd_sc_hd__buf_2)
                      0.274110    0.001616    1.825478 ^ count[0] (out)
                                              1.825478   data arrival time

                                  0.000000    0.000000   clock clk (rise edge)
                                  0.000000    0.000000   clock network delay (propagated)
                                  0.250000    0.250000   clock uncertainty
                                  0.000000    0.250000   clock reconvergence pessimism
                                 -2.000000   -1.750000   output external delay
                                             -1.750000   data required time
---------------------------------------------------------------------------------------------
                                             -1.750000   data required time
                                             -1.825478   data arrival time
---------------------------------------------------------------------------------------------
                                              3.575478   slack (MET)


Startpoint: _39_ (rising edge-triggered flip-flop clocked by clk)
Endpoint: count[2] (output port clocked by clk)
Path Group: clk
Path Type: min

Fanout         Cap        Slew       Delay        Time   Description
---------------------------------------------------------------------------------------------
                                  0.000000    0.000000   clock clk (rise edge)
                                  0.000000    0.000000   clock source latency
     1    0.021612    0.161375    0.111008    0.111008 ^ clk (in)
                      0.161426    0.000000    0.111008 ^ clkbuf_0_clk/A (sky130_fd_sc_hd__clkbuf_16)
     2    0.018124    0.065104    0.260605    0.371613 ^ clkbuf_0_clk/X (sky130_fd_sc_hd__clkbuf_16)
                      0.065104    0.001113    0.372726 ^ clkbuf_1_0__f_clk/A (sky130_fd_sc_hd__clkbuf_16)
     5    0.017128    0.063860    0.215245    0.587972 ^ clkbuf_1_0__f_clk/X (sky130_fd_sc_hd__clkbuf_16)
                      0.063860    0.000414    0.588385 ^ _39_/CLK (sky130_fd_sc_hd__dfrtp_1)
     3    0.021520    0.310045    0.825724    1.414110 ^ _39_/Q (sky130_fd_sc_hd__dfrtp_1)
                      0.310054    0.002101    1.416211 ^ output5/A (sky130_fd_sc_hd__buf_2)
     1    0.034189    0.272456    0.447857    1.864068 ^ output5/X (sky130_fd_sc_hd__buf_2)
                      0.272462    0.001704    1.865772 ^ count[2] (out)
                                              1.865772   data arrival time

                                  0.000000    0.000000   clock clk (rise edge)
                                  0.000000    0.000000   clock network delay (propagated)
                                  0.250000    0.250000   clock uncertainty
                                  0.000000    0.250000   clock reconvergence pessimism
                                 -2.000000   -1.750000   output external delay
                                             -1.750000   data required time
---------------------------------------------------------------------------------------------
                                             -1.750000   data required time
                                             -1.865772   data arrival time
---------------------------------------------------------------------------------------------
                                              3.615772   slack (MET)


Startpoint: _42_ (rising edge-triggered flip-flop clocked by clk)
Endpoint: count[5] (output port clocked by clk)
Path Group: clk
Path Type: min

Fanout         Cap        Slew       Delay        Time   Description
---------------------------------------------------------------------------------------------
                                  0.000000    0.000000   clock clk (rise edge)
                                  0.000000    0.000000   clock source latency
     1    0.021612    0.161375    0.111008    0.111008 ^ clk (in)
                      0.161426    0.000000    0.111008 ^ clkbuf_0_clk/A (sky130_fd_sc_hd__clkbuf_16)
     2    0.018124    0.065104    0.260605    0.371613 ^ clkbuf_0_clk/X (sky130_fd_sc_hd__clkbuf_16)
                      0.065104    0.001061    0.372674 ^ clkbuf_1_1__f_clk/A (sky130_fd_sc_hd__clkbuf_16)
     4    0.016535    0.063141    0.214219    0.586893 ^ clkbuf_1_1__f_clk/X (sky130_fd_sc_hd__clkbuf_16)
                      0.063141    0.001170    0.588063 ^ _42_/CLK (sky130_fd_sc_hd__dfrtp_1)
     3    0.021871    0.314814    0.827925    1.415988 ^ _42_/Q (sky130_fd_sc_hd__dfrtp_1)
                      0.314848    0.003400    1.419388 ^ output8/A (sky130_fd_sc_hd__buf_2)
     1    0.034642    0.275839    0.452103    1.871491 ^ output8/X (sky130_fd_sc_hd__buf_2)
                      0.275846    0.001729    1.873220 ^ count[5] (out)
                                              1.873220   data arrival time

                                  0.000000    0.000000   clock clk (rise edge)
                                  0.000000    0.000000   clock network delay (propagated)
                                  0.250000    0.250000   clock uncertainty
                                  0.000000    0.250000   clock reconvergence pessimism
                                 -2.000000   -1.750000   output external delay
                                             -1.750000   data required time
---------------------------------------------------------------------------------------------
                                             -1.750000   data required time
                                             -1.873220   data arrival time
---------------------------------------------------------------------------------------------
                                              3.623220   slack (MET)


Startpoint: _41_ (rising edge-triggered flip-flop clocked by clk)
Endpoint: count[4] (output port clocked by clk)
Path Group: clk
Path Type: min

Fanout         Cap        Slew       Delay        Time   Description
---------------------------------------------------------------------------------------------
                                  0.000000    0.000000   clock clk (rise edge)
                                  0.000000    0.000000   clock source latency
     1    0.021612    0.161375    0.111008    0.111008 ^ clk (in)
                      0.161426    0.000000    0.111008 ^ clkbuf_0_clk/A (sky130_fd_sc_hd__clkbuf_16)
     2    0.018124    0.065104    0.260605    0.371613 ^ clkbuf_0_clk/X (sky130_fd_sc_hd__clkbuf_16)
                      0.065104    0.001061    0.372674 ^ clkbuf_1_1__f_clk/A (sky130_fd_sc_hd__clkbuf_16)
     4    0.016535    0.063141    0.214219    0.586893 ^ clkbuf_1_1__f_clk/X (sky130_fd_sc_hd__clkbuf_16)
                      0.063141    0.001255    0.588148 ^ _41_/CLK (sky130_fd_sc_hd__dfrtp_4)
     4    0.025024    0.176965    0.894616    1.482765 ^ _41_/Q (sky130_fd_sc_hd__dfrtp_4)
                      0.176984    0.002726    1.485491 ^ output7/A (sky130_fd_sc_hd__buf_2)
     1    0.034164    0.271764    0.392338    1.877828 ^ output7/X (sky130_fd_sc_hd__buf_2)
                      0.271769    0.001645    1.879473 ^ count[4] (out)
                                              1.879473   data arrival time

                                  0.000000    0.000000   clock clk (rise edge)
                                  0.000000    0.000000   clock network delay (propagated)
                                  0.250000    0.250000   clock uncertainty
                                  0.000000    0.250000   clock reconvergence pessimism
                                 -2.000000   -1.750000   output external delay
                                             -1.750000   data required time
---------------------------------------------------------------------------------------------
                                             -1.750000   data required time
                                             -1.879473   data arrival time
---------------------------------------------------------------------------------------------
                                              3.629473   slack (MET)


Startpoint: _38_ (rising edge-triggered flip-flop clocked by clk)
Endpoint: count[1] (output port clocked by clk)
Path Group: clk
Path Type: min

Fanout         Cap        Slew       Delay        Time   Description
---------------------------------------------------------------------------------------------
                                  0.000000    0.000000   clock clk (rise edge)
                                  0.000000    0.000000   clock source latency
     1    0.021612    0.161375    0.111008    0.111008 ^ clk (in)
                      0.161426    0.000000    0.111008 ^ clkbuf_0_clk/A (sky130_fd_sc_hd__clkbuf_16)
     2    0.018124    0.065104    0.260605    0.371613 ^ clkbuf_0_clk/X (sky130_fd_sc_hd__clkbuf_16)
                      0.065104    0.001113    0.372726 ^ clkbuf_1_0__f_clk/A (sky130_fd_sc_hd__clkbuf_16)
     5    0.017128    0.063860    0.215245    0.587972 ^ clkbuf_1_0__f_clk/X (sky130_fd_sc_hd__clkbuf_16)
                      0.063860    0.000518    0.588490 ^ _38_/CLK (sky130_fd_sc_hd__dfrtp_1)
     4    0.022762    0.326234    0.837067    1.425556 ^ _38_/Q (sky130_fd_sc_hd__dfrtp_1)
                      0.326254    0.002835    1.428391 ^ output4/A (sky130_fd_sc_hd__buf_2)
     1    0.034457    0.274499    0.455639    1.884030 ^ output4/X (sky130_fd_sc_hd__buf_2)
                      0.274504    0.001615    1.885646 ^ count[1] (out)
                                              1.885646   data arrival time

                                  0.000000    0.000000   clock clk (rise edge)
                                  0.000000    0.000000   clock network delay (propagated)
                                  0.250000    0.250000   clock uncertainty
                                  0.000000    0.250000   clock reconvergence pessimism
                                 -2.000000   -1.750000   output external delay
                                             -1.750000   data required time
---------------------------------------------------------------------------------------------
                                             -1.750000   data required time
                                             -1.885646   data arrival time
---------------------------------------------------------------------------------------------
                                              3.635645   slack (MET)


Startpoint: _40_ (rising edge-triggered flip-flop clocked by clk)
Endpoint: count[3] (output port clocked by clk)
Path Group: clk
Path Type: min

Fanout         Cap        Slew       Delay        Time   Description
---------------------------------------------------------------------------------------------
                                  0.000000    0.000000   clock clk (rise edge)
                                  0.000000    0.000000   clock source latency
     1    0.021612    0.161375    0.111008    0.111008 ^ clk (in)
                      0.161426    0.000000    0.111008 ^ clkbuf_0_clk/A (sky130_fd_sc_hd__clkbuf_16)
     2    0.018124    0.065104    0.260605    0.371613 ^ clkbuf_0_clk/X (sky130_fd_sc_hd__clkbuf_16)
                      0.065104    0.001113    0.372726 ^ clkbuf_1_0__f_clk/A (sky130_fd_sc_hd__clkbuf_16)
     5    0.017128    0.063860    0.215245    0.587972 ^ clkbuf_1_0__f_clk/X (sky130_fd_sc_hd__clkbuf_16)
                      0.063860    0.000431    0.588402 ^ _40_/CLK (sky130_fd_sc_hd__dfrtp_4)
     6    0.030320    0.196592    0.912873    1.501275 ^ _40_/Q (sky130_fd_sc_hd__dfrtp_4)
                      0.196642    0.002910    1.504185 ^ output6/A (sky130_fd_sc_hd__buf_2)
     1    0.034232    0.272317    0.401877    1.906062 ^ output6/X (sky130_fd_sc_hd__buf_2)
                      0.272324    0.001705    1.907767 ^ count[3] (out)
                                              1.907767   data arrival time

                                  0.000000    0.000000   clock clk (rise edge)
                                  0.000000    0.000000   clock network delay (propagated)
                                  0.250000    0.250000   clock uncertainty
                                  0.000000    0.250000   clock reconvergence pessimism
                                 -2.000000   -1.750000   output external delay
                                             -1.750000   data required time
---------------------------------------------------------------------------------------------
                                             -1.750000   data required time
                                             -1.907767   data arrival time
---------------------------------------------------------------------------------------------
                                              3.657767   slack (MET)


Startpoint: _44_ (rising edge-triggered flip-flop clocked by clk)
Endpoint: overflow (output port clocked by clk)
Path Group: clk
Path Type: min

Fanout         Cap        Slew       Delay        Time   Description
---------------------------------------------------------------------------------------------
                                  0.000000    0.000000   clock clk (rise edge)
                                  0.000000    0.000000   clock source latency
     1    0.021612    0.161375    0.111008    0.111008 ^ clk (in)
                      0.161426    0.000000    0.111008 ^ clkbuf_0_clk/A (sky130_fd_sc_hd__clkbuf_16)
     2    0.018124    0.065104    0.260605    0.371613 ^ clkbuf_0_clk/X (sky130_fd_sc_hd__clkbuf_16)
                      0.065104    0.001061    0.372674 ^ clkbuf_1_1__f_clk/A (sky130_fd_sc_hd__clkbuf_16)
     4    0.016535    0.063141    0.214219    0.586893 ^ clkbuf_1_1__f_clk/X (sky130_fd_sc_hd__clkbuf_16)
                      0.063141    0.000882    0.587775 ^ _44_/CLK (sky130_fd_sc_hd__dfrtp_1)
     3    0.015023    0.225988    0.764377    1.352152 ^ _44_/Q (sky130_fd_sc_hd__dfrtp_1)
                      0.225988    0.000442    1.352594 ^ _24_/A (sky130_fd_sc_hd__and2_1)
     1    0.010511    0.185737    0.367600    1.720193 ^ _24_/X (sky130_fd_sc_hd__and2_1)
                      0.185739    0.001065    1.721259 ^ output11/A (sky130_fd_sc_hd__buf_2)
     1    0.034041    0.270864    0.395813    2.117071 ^ output11/X (sky130_fd_sc_hd__buf_2)
                      0.270870    0.001616    2.118687 ^ overflow (out)
                                              2.118687   data arrival time

                                  0.000000    0.000000   clock clk (rise edge)
                                  0.000000    0.000000   clock network delay (propagated)
                                  0.250000    0.250000   clock uncertainty
                                  0.000000    0.250000   clock reconvergence pessimism
                                 -2.000000   -1.750000   output external delay
                                             -1.750000   data required time
---------------------------------------------------------------------------------------------
                                             -1.750000   data required time
                                             -2.118687   data arrival time
---------------------------------------------------------------------------------------------
                                              3.868688   slack (MET)



