Clock: clk
Sources: clk 
Generated: no
Virtual: yes
Propagated: no
Period: 10.000000

===========================================================================
report_clock_properties
============================================================================
Clock                   Period          Waveform
----------------------------------------------------
clk                  10.000000    0.000000  5.000000

===========================================================================
report_clock_latency
============================================================================
Clock clk
rise -> rise
    min     max
0.000000 0.000000 source latency
0.317857         network latency _43_/CLK
        0.319821 network latency _38_/CLK
---------------
0.317857 0.319821 latency
        0.001965 skew

fall -> fall
    min     max
0.000000 0.000000 source latency
0.306617         network latency _43_/CLK
        0.308099 network latency _38_/CLK
---------------
0.306617 0.308099 latency
        0.001482 skew



===========================================================================
report_clock_min_period
============================================================================
clk period_min = 1.57 fmax = 638.23
