
===========================================================================
report_checks -path_delay max (Setup)
============================================================================
======================= nom_tt_025C_1v80 Corner ===================================

Startpoint: enable (input port clocked by clk)
Endpoint: overflow (output port clocked by clk)
Path Group: clk
Path Type: max

Fanout         Cap        Slew       Delay        Time   Description
---------------------------------------------------------------------------------------------
                                  0.000000    0.000000   clock clk (rise edge)
                                  0.000000    0.000000   clock network delay (propagated)
                                  2.000000    2.000000 ^ input external delay
     1    0.003635    0.023353    0.013255    2.013255 ^ enable (in)
                      0.023360    0.000000    2.013255 ^ input1/A (sky130_fd_sc_hd__clkbuf_2)
     4    0.022221    0.125828    0.154681    2.167936 ^ input1/X (sky130_fd_sc_hd__clkbuf_2)
                      0.125878    0.002061    2.169998 ^ _19_/D (sky130_fd_sc_hd__and4_1)
     6    0.019057    0.194078    0.316858    2.486856 ^ _19_/X (sky130_fd_sc_hd__and4_1)
                      0.194079    0.000930    2.487785 ^ _23_/C (sky130_fd_sc_hd__and4_1)
     2    0.009324    0.109158    0.262514    2.750299 ^ _23_/X (sky130_fd_sc_hd__and4_1)
                      0.109158    0.000383    2.750682 ^ _24_/B (sky130_fd_sc_hd__and2_1)
     1    0.008428    0.095026    0.171853    2.922534 ^ _24_/X (sky130_fd_sc_hd__and2_1)
                      0.095027    0.000529    2.923063 ^ output11/A (sky130_fd_sc_hd__buf_2)
     1    0.034305    0.170667    0.216431    3.139494 ^ output11/X (sky130_fd_sc_hd__buf_2)
                      0.170669    0.000957    3.140451 ^ overflow (out)
                                              3.140451   data arrival time

                                 10.000000   10.000000   clock clk (rise edge)
                                  0.000000   10.000000   clock network delay (propagated)
                                 -0.250000    9.750000   clock uncertainty
                                  0.000000    9.750000   clock reconvergence pessimism
                                 -2.000000    7.750000   output external delay
                                              7.750000   data required time
---------------------------------------------------------------------------------------------
                                              7.750000   data required time
                                             -3.140451   data arrival time
---------------------------------------------------------------------------------------------
                                              4.609550   slack (MET)


Startpoint: _40_ (rising edge-triggered flip-flop clocked by clk)
Endpoint: count[3] (output port clocked by clk)
Path Group: clk
Path Type: max

Fanout         Cap        Slew       Delay        Time   Description
---------------------------------------------------------------------------------------------
                                  0.000000    0.000000   clock clk (rise edge)
                                  0.000000    0.000000   clock source latency
     1    0.017986    0.086526    0.060009    0.060009 ^ clk (in)
                      0.086566    0.000000    0.060009 ^ clkbuf_0_clk/A (sky130_fd_sc_hd__clkbuf_16)
     2    0.018476    0.040577    0.139120    0.199129 ^ clkbuf_0_clk/X (sky130_fd_sc_hd__clkbuf_16)
                      0.040589    0.000567    0.199695 ^ clkbuf_1_0__f_clk/A (sky130_fd_sc_hd__clkbuf_16)
     5    0.015776    0.038251    0.119735    0.319430 ^ clkbuf_1_0__f_clk/X (sky130_fd_sc_hd__clkbuf_16)
                      0.038257    0.000340    0.319770 ^ _40_/CLK (sky130_fd_sc_hd__dfrtp_4)
     6    0.024538    0.085604    0.503635    0.823404 v _40_/Q (sky130_fd_sc_hd__dfrtp_4)
                      0.085606    0.001148    0.824552 v output6/A (sky130_fd_sc_hd__buf_2)
     1    0.034745    0.090637    0.199051    1.023604 v output6/X (sky130_fd_sc_hd__buf_2)
                      0.090646    0.000930    1.024534 v count[3] (out)
                                              1.024534   data arrival time

                                 10.000000   10.000000   clock clk (rise edge)
                                  0.000000   10.000000   clock network delay (propagated)
                                 -0.250000    9.750000   clock uncertainty
                                  0.000000    9.750000   clock reconvergence pessimism
                                 -2.000000    7.750000   output external delay
                                              7.750000   data required time
---------------------------------------------------------------------------------------------
                                              7.750000   data required time
                                             -1.024534   data arrival time
---------------------------------------------------------------------------------------------
                                              6.725466   slack (MET)


Startpoint: _41_ (rising edge-triggered flip-flop clocked by clk)
Endpoint: count[4] (output port clocked by clk)
Path Group: clk
Path Type: max

Fanout         Cap        Slew       Delay        Time   Description
---------------------------------------------------------------------------------------------
                                  0.000000    0.000000   clock clk (rise edge)
                                  0.000000    0.000000   clock source latency
     1    0.017986    0.086526    0.060009    0.060009 ^ clk (in)
                      0.086566    0.000000    0.060009 ^ clkbuf_0_clk/A (sky130_fd_sc_hd__clkbuf_16)
     2    0.018476    0.040577    0.139120    0.199129 ^ clkbuf_0_clk/X (sky130_fd_sc_hd__clkbuf_16)
                      0.040588    0.000420    0.199549 ^ clkbuf_1_1__f_clk/A (sky130_fd_sc_hd__clkbuf_16)
     4    0.013960    0.036712    0.118000    0.317549 ^ clkbuf_1_1__f_clk/X (sky130_fd_sc_hd__clkbuf_16)
                      0.036712    0.000359    0.317907 ^ _41_/CLK (sky130_fd_sc_hd__dfrtp_4)
     4    0.020552    0.081223    0.496239    0.814146 v _41_/Q (sky130_fd_sc_hd__dfrtp_4)
                      0.081223    0.001410    0.815556 v output7/A (sky130_fd_sc_hd__buf_2)
     1    0.035429    0.092145    0.198249    1.013805 v output7/X (sky130_fd_sc_hd__buf_2)
                      0.092157    0.001032    1.014837 v count[4] (out)
                                              1.014837   data arrival time

                                 10.000000   10.000000   clock clk (rise edge)
                                  0.000000   10.000000   clock network delay (propagated)
                                 -0.250000    9.750000   clock uncertainty
                                  0.000000    9.750000   clock reconvergence pessimism
                                 -2.000000    7.750000   output external delay
                                              7.750000   data required time
---------------------------------------------------------------------------------------------
                                              7.750000   data required time
                                             -1.014837   data arrival time
---------------------------------------------------------------------------------------------
                                              6.735163   slack (MET)


Startpoint: _38_ (rising edge-triggered flip-flop clocked by clk)
Endpoint: count[1] (output port clocked by clk)
Path Group: clk
Path Type: max

Fanout         Cap        Slew       Delay        Time   Description
---------------------------------------------------------------------------------------------
                                  0.000000    0.000000   clock clk (rise edge)
                                  0.000000    0.000000   clock source latency
     1    0.017986    0.086526    0.060009    0.060009 ^ clk (in)
                      0.086566    0.000000    0.060009 ^ clkbuf_0_clk/A (sky130_fd_sc_hd__clkbuf_16)
     2    0.018476    0.040577    0.139120    0.199129 ^ clkbuf_0_clk/X (sky130_fd_sc_hd__clkbuf_16)
                      0.040589    0.000567    0.199695 ^ clkbuf_1_0__f_clk/A (sky130_fd_sc_hd__clkbuf_16)
     5    0.015776    0.038251    0.119735    0.319430 ^ clkbuf_1_0__f_clk/X (sky130_fd_sc_hd__clkbuf_16)
                      0.038257    0.000391    0.319821 ^ _38_/CLK (sky130_fd_sc_hd__dfrtp_1)
     4    0.018214    0.167835    0.410013    0.729835 ^ _38_/Q (sky130_fd_sc_hd__dfrtp_1)
                      0.167840    0.001193    0.731028 ^ output4/A (sky130_fd_sc_hd__buf_2)
     1    0.034488    0.171720    0.239482    0.970509 ^ output4/X (sky130_fd_sc_hd__buf_2)
                      0.171722    0.000874    0.971383 ^ count[1] (out)
                                              0.971383   data arrival time

                                 10.000000   10.000000   clock clk (rise edge)
                                  0.000000   10.000000   clock network delay (propagated)
                                 -0.250000    9.750000   clock uncertainty
                                  0.000000    9.750000   clock reconvergence pessimism
                                 -2.000000    7.750000   output external delay
                                              7.750000   data required time
---------------------------------------------------------------------------------------------
                                              7.750000   data required time
                                             -0.971383   data arrival time
---------------------------------------------------------------------------------------------
                                              6.778616   slack (MET)


Startpoint: _42_ (rising edge-triggered flip-flop clocked by clk)
Endpoint: count[5] (output port clocked by clk)
Path Group: clk
Path Type: max

Fanout         Cap        Slew       Delay        Time   Description
---------------------------------------------------------------------------------------------
                                  0.000000    0.000000   clock clk (rise edge)
                                  0.000000    0.000000   clock source latency
     1    0.017986    0.086526    0.060009    0.060009 ^ clk (in)
                      0.086566    0.000000    0.060009 ^ clkbuf_0_clk/A (sky130_fd_sc_hd__clkbuf_16)
     2    0.018476    0.040577    0.139120    0.199129 ^ clkbuf_0_clk/X (sky130_fd_sc_hd__clkbuf_16)
                      0.040588    0.000420    0.199549 ^ clkbuf_1_1__f_clk/A (sky130_fd_sc_hd__clkbuf_16)
     4    0.013960    0.036712    0.118000    0.317549 ^ clkbuf_1_1__f_clk/X (sky130_fd_sc_hd__clkbuf_16)
                      0.036712    0.000323    0.317872 ^ _42_/CLK (sky130_fd_sc_hd__dfrtp_1)
     3    0.018322    0.168777    0.409915    0.727787 ^ _42_/Q (sky130_fd_sc_hd__dfrtp_1)
                      0.168788    0.001504    0.729291 ^ output8/A (sky130_fd_sc_hd__buf_2)
     1    0.034795    0.173168    0.240671    0.969963 ^ output8/X (sky130_fd_sc_hd__buf_2)
                      0.173171    0.000996    0.970959 ^ count[5] (out)
                                              0.970959   data arrival time

                                 10.000000   10.000000   clock clk (rise edge)
                                  0.000000   10.000000   clock network delay (propagated)
                                 -0.250000    9.750000   clock uncertainty
                                  0.000000    9.750000   clock reconvergence pessimism
                                 -2.000000    7.750000   output external delay
                                              7.750000   data required time
---------------------------------------------------------------------------------------------
                                              7.750000   data required time
                                             -0.970959   data arrival time
---------------------------------------------------------------------------------------------
                                              6.779041   slack (MET)


Startpoint: _39_ (rising edge-triggered flip-flop clocked by clk)
Endpoint: count[2] (output port clocked by clk)
Path Group: clk
Path Type: max

Fanout         Cap        Slew       Delay        Time   Description
---------------------------------------------------------------------------------------------
                                  0.000000    0.000000   clock clk (rise edge)
                                  0.000000    0.000000   clock source latency
     1    0.017986    0.086526    0.060009    0.060009 ^ clk (in)
                      0.086566    0.000000    0.060009 ^ clkbuf_0_clk/A (sky130_fd_sc_hd__clkbuf_16)
     2    0.018476    0.040577    0.139120    0.199129 ^ clkbuf_0_clk/X (sky130_fd_sc_hd__clkbuf_16)
                      0.040589    0.000567    0.199695 ^ clkbuf_1_0__f_clk/A (sky130_fd_sc_hd__clkbuf_16)
     5    0.015776    0.038251    0.119735    0.319430 ^ clkbuf_1_0__f_clk/X (sky130_fd_sc_hd__clkbuf_16)
                      0.038251    0.000268    0.319699 ^ _39_/CLK (sky130_fd_sc_hd__dfrtp_1)
     3    0.015868    0.148469    0.395873    0.715572 ^ _39_/Q (sky130_fd_sc_hd__dfrtp_1)
                      0.148473    0.000970    0.716541 ^ output5/A (sky130_fd_sc_hd__buf_2)
     1    0.034677    0.172586    0.234846    0.951387 ^ output5/X (sky130_fd_sc_hd__buf_2)
                      0.172588    0.000915    0.952302 ^ count[2] (out)
                                              0.952302   data arrival time

                                 10.000000   10.000000   clock clk (rise edge)
                                  0.000000   10.000000   clock network delay (propagated)
                                 -0.250000    9.750000   clock uncertainty
                                  0.000000    9.750000   clock reconvergence pessimism
                                 -2.000000    7.750000   output external delay
                                              7.750000   data required time
---------------------------------------------------------------------------------------------
                                              7.750000   data required time
                                             -0.952302   data arrival time
---------------------------------------------------------------------------------------------
                                              6.797698   slack (MET)


Startpoint: _37_ (rising edge-triggered flip-flop clocked by clk)
Endpoint: count[0] (output port clocked by clk)
Path Group: clk
Path Type: max

Fanout         Cap        Slew       Delay        Time   Description
---------------------------------------------------------------------------------------------
                                  0.000000    0.000000   clock clk (rise edge)
                                  0.000000    0.000000   clock source latency
     1    0.017986    0.086526    0.060009    0.060009 ^ clk (in)
                      0.086566    0.000000    0.060009 ^ clkbuf_0_clk/A (sky130_fd_sc_hd__clkbuf_16)
     2    0.018476    0.040577    0.139120    0.199129 ^ clkbuf_0_clk/X (sky130_fd_sc_hd__clkbuf_16)
                      0.040589    0.000567    0.199695 ^ clkbuf_1_0__f_clk/A (sky130_fd_sc_hd__clkbuf_16)
     5    0.015776    0.038251    0.119735    0.319430 ^ clkbuf_1_0__f_clk/X (sky130_fd_sc_hd__clkbuf_16)
                      0.038257    0.000368    0.319799 ^ _37_/CLK (sky130_fd_sc_hd__dfrtp_2)
     5    0.019904    0.078946    0.432182    0.751981 v _37_/Q (sky130_fd_sc_hd__dfrtp_2)
                      0.078955    0.000875    0.752856 v output3/A (sky130_fd_sc_hd__buf_2)
     1    0.034665    0.090465    0.195860    0.948716 v output3/X (sky130_fd_sc_hd__buf_2)
                      0.090475    0.000947    0.949663 v count[0] (out)
                                              0.949663   data arrival time

                                 10.000000   10.000000   clock clk (rise edge)
                                  0.000000   10.000000   clock network delay (propagated)
                                 -0.250000    9.750000   clock uncertainty
                                  0.000000    9.750000   clock reconvergence pessimism
                                 -2.000000    7.750000   output external delay
                                              7.750000   data required time
---------------------------------------------------------------------------------------------
                                              7.750000   data required time
                                             -0.949663   data arrival time
---------------------------------------------------------------------------------------------
                                              6.800337   slack (MET)


Startpoint: _43_ (rising edge-triggered flip-flop clocked by clk)
Endpoint: count[6] (output port clocked by clk)
Path Group: clk
Path Type: max

Fanout         Cap        Slew       Delay        Time   Description
---------------------------------------------------------------------------------------------
                                  0.000000    0.000000   clock clk (rise edge)
                                  0.000000    0.000000   clock source latency
     1    0.017986    0.086526    0.060009    0.060009 ^ clk (in)
                      0.086566    0.000000    0.060009 ^ clkbuf_0_clk/A (sky130_fd_sc_hd__clkbuf_16)
     2    0.018476    0.040577    0.139120    0.199129 ^ clkbuf_0_clk/X (sky130_fd_sc_hd__clkbuf_16)
                      0.040588    0.000420    0.199549 ^ clkbuf_1_1__f_clk/A (sky130_fd_sc_hd__clkbuf_16)
     4    0.013960    0.036712    0.118000    0.317549 ^ clkbuf_1_1__f_clk/X (sky130_fd_sc_hd__clkbuf_16)
                      0.036712    0.000308    0.317857 ^ _43_/CLK (sky130_fd_sc_hd__dfrtp_1)
     3    0.014535    0.137461    0.387338    0.705194 ^ _43_/Q (sky130_fd_sc_hd__dfrtp_1)
                      0.137463    0.000753    0.705947 ^ output9/A (sky130_fd_sc_hd__buf_2)
     1    0.035094    0.174551    0.233113    0.939060 ^ output9/X (sky130_fd_sc_hd__buf_2)
                      0.174555    0.001113    0.940173 ^ count[6] (out)
                                              0.940173   data arrival time

                                 10.000000   10.000000   clock clk (rise edge)
                                  0.000000   10.000000   clock network delay (propagated)
                                 -0.250000    9.750000   clock uncertainty
                                  0.000000    9.750000   clock reconvergence pessimism
                                 -2.000000    7.750000   output external delay
                                              7.750000   data required time
---------------------------------------------------------------------------------------------
                                              7.750000   data required time
                                             -0.940173   data arrival time
---------------------------------------------------------------------------------------------
                                              6.809827   slack (MET)


Startpoint: _44_ (rising edge-triggered flip-flop clocked by clk)
Endpoint: count[7] (output port clocked by clk)
Path Group: clk
Path Type: max

Fanout         Cap        Slew       Delay        Time   Description
---------------------------------------------------------------------------------------------
                                  0.000000    0.000000   clock clk (rise edge)
                                  0.000000    0.000000   clock source latency
     1    0.017986    0.086526    0.060009    0.060009 ^ clk (in)
                      0.086566    0.000000    0.060009 ^ clkbuf_0_clk/A (sky130_fd_sc_hd__clkbuf_16)
     2    0.018476    0.040577    0.139120    0.199129 ^ clkbuf_0_clk/X (sky130_fd_sc_hd__clkbuf_16)
                      0.040588    0.000420    0.199549 ^ clkbuf_1_1__f_clk/A (sky130_fd_sc_hd__clkbuf_16)
     4    0.013960    0.036712    0.118000    0.317549 ^ clkbuf_1_1__f_clk/X (sky130_fd_sc_hd__clkbuf_16)
                      0.036712    0.000332    0.317880 ^ _44_/CLK (sky130_fd_sc_hd__dfrtp_1)
     3    0.013095    0.125625    0.378651    0.696532 ^ _44_/Q (sky130_fd_sc_hd__dfrtp_1)
                      0.125625    0.000628    0.697159 ^ output10/A (sky130_fd_sc_hd__buf_2)
     1    0.035155    0.174814    0.230176    0.927335 ^ output10/X (sky130_fd_sc_hd__buf_2)
                      0.174817    0.001025    0.928360 ^ count[7] (out)
                                              0.928360   data arrival time

                                 10.000000   10.000000   clock clk (rise edge)
                                  0.000000   10.000000   clock network delay (propagated)
                                 -0.250000    9.750000   clock uncertainty
                                  0.000000    9.750000   clock reconvergence pessimism
                                 -2.000000    7.750000   output external delay
                                              7.750000   data required time
---------------------------------------------------------------------------------------------
                                              7.750000   data required time
                                             -0.928360   data arrival time
---------------------------------------------------------------------------------------------
                                              6.821640   slack (MET)


Startpoint: enable (input port clocked by clk)
Endpoint: _42_ (rising edge-triggered flip-flop clocked by clk)
Path Group: clk
Path Type: max

Fanout         Cap        Slew       Delay        Time   Description
---------------------------------------------------------------------------------------------
                                  0.000000    0.000000   clock clk (rise edge)
                                  0.000000    0.000000   clock network delay (propagated)
                                  2.000000    2.000000 ^ input external delay
     1    0.003635    0.023353    0.013255    2.013255 ^ enable (in)
                      0.023360    0.000000    2.013255 ^ input1/A (sky130_fd_sc_hd__clkbuf_2)
     4    0.022221    0.125828    0.154681    2.167936 ^ input1/X (sky130_fd_sc_hd__clkbuf_2)
                      0.125878    0.002061    2.169998 ^ _19_/D (sky130_fd_sc_hd__and4_1)
     6    0.019057    0.194078    0.316858    2.486856 ^ _19_/X (sky130_fd_sc_hd__and4_1)
                      0.194079    0.000914    2.487769 ^ _22_/B (sky130_fd_sc_hd__and3_1)
     2    0.007479    0.090538    0.215814    2.703584 ^ _22_/X (sky130_fd_sc_hd__and3_1)
                      0.090538    0.000137    2.703720 ^ _34_/A_N (sky130_fd_sc_hd__and2b_1)
     1    0.003558    0.037244    0.185801    2.889521 v _34_/X (sky130_fd_sc_hd__and2b_1)
                      0.037244    0.000122    2.889643 v _42_/D (sky130_fd_sc_hd__dfrtp_1)
                                              2.889643   data arrival time

                                 10.000000   10.000000   clock clk (rise edge)
                                  0.000000   10.000000   clock source latency
     1    0.017986    0.086526    0.060009   10.060009 ^ clk (in)
                      0.086566    0.000000   10.060009 ^ clkbuf_0_clk/A (sky130_fd_sc_hd__clkbuf_16)
     2    0.018476    0.040577    0.139120   10.199129 ^ clkbuf_0_clk/X (sky130_fd_sc_hd__clkbuf_16)
                      0.040588    0.000420   10.199549 ^ clkbuf_1_1__f_clk/A (sky130_fd_sc_hd__clkbuf_16)
     4    0.013960    0.036712    0.118000   10.317549 ^ clkbuf_1_1__f_clk/X (sky130_fd_sc_hd__clkbuf_16)
                      0.036712    0.000323   10.317872 ^ _42_/CLK (sky130_fd_sc_hd__dfrtp_1)
                                 -0.250000   10.067872   clock uncertainty
                                  0.000000   10.067872   clock reconvergence pessimism
                                 -0.112785    9.955088   library setup time
                                              9.955088   data required time
---------------------------------------------------------------------------------------------
                                              9.955088   data required time
                                             -2.889643   data arrival time
---------------------------------------------------------------------------------------------
                                              7.065444   slack (MET)


Startpoint: enable (input port clocked by clk)
Endpoint: _44_ (rising edge-triggered flip-flop clocked by clk)
Path Group: clk
Path Type: max

Fanout         Cap        Slew       Delay        Time   Description
---------------------------------------------------------------------------------------------
                                  0.000000    0.000000   clock clk (rise edge)
                                  0.000000    0.000000   clock network delay (propagated)
                                  2.000000    2.000000 ^ input external delay
     1    0.003635    0.023353    0.013255    2.013255 ^ enable (in)
                      0.023360    0.000000    2.013255 ^ input1/A (sky130_fd_sc_hd__clkbuf_2)
     4    0.022221    0.125828    0.154681    2.167936 ^ input1/X (sky130_fd_sc_hd__clkbuf_2)
                      0.125878    0.002061    2.169998 ^ _19_/D (sky130_fd_sc_hd__and4_1)
     6    0.019057    0.194078    0.316858    2.486856 ^ _19_/X (sky130_fd_sc_hd__and4_1)
                      0.194079    0.000930    2.487785 ^ _23_/C (sky130_fd_sc_hd__and4_1)
     2    0.009324    0.109158    0.262514    2.750299 ^ _23_/X (sky130_fd_sc_hd__and4_1)
                      0.109158    0.000413    2.750712 ^ _36_/B (sky130_fd_sc_hd__xor2_1)
     1    0.002343    0.103662    0.142852    2.893564 ^ _36_/X (sky130_fd_sc_hd__xor2_1)
                      0.103662    0.000048    2.893611 ^ _44_/D (sky130_fd_sc_hd__dfrtp_1)
                                              2.893611   data arrival time

                                 10.000000   10.000000   clock clk (rise edge)
                                  0.000000   10.000000   clock source latency
     1    0.017986    0.086526    0.060009   10.060009 ^ clk (in)
                      0.086566    0.000000   10.060009 ^ clkbuf_0_clk/A (sky130_fd_sc_hd__clkbuf_16)
     2    0.018476    0.040577    0.139120   10.199129 ^ clkbuf_0_clk/X (sky130_fd_sc_hd__clkbuf_16)
                      0.040588    0.000420   10.199549 ^ clkbuf_1_1__f_clk/A (sky130_fd_sc_hd__clkbuf_16)
     4    0.013960    0.036712    0.118000   10.317549 ^ clkbuf_1_1__f_clk/X (sky130_fd_sc_hd__clkbuf_16)
                      0.036712    0.000331   10.317881 ^ _44_/CLK (sky130_fd_sc_hd__dfrtp_1)
                                 -0.250000   10.067880   clock uncertainty
                                  0.000000   10.067880   clock reconvergence pessimism
                                 -0.074648    9.993233   library setup time
                                              9.993233   data required time
---------------------------------------------------------------------------------------------
                                              9.993233   data required time
                                             -2.893611   data arrival time
---------------------------------------------------------------------------------------------
                                              7.099622   slack (MET)


Startpoint: enable (input port clocked by clk)
Endpoint: _43_ (rising edge-triggered flip-flop clocked by clk)
Path Group: clk
Path Type: max

Fanout         Cap        Slew       Delay        Time   Description
---------------------------------------------------------------------------------------------
                                  0.000000    0.000000   clock clk (rise edge)
                                  0.000000    0.000000   clock network delay (propagated)
                                  2.000000    2.000000 ^ input external delay
     1    0.003635    0.023353    0.013255    2.013255 ^ enable (in)
                      0.023360    0.000000    2.013255 ^ input1/A (sky130_fd_sc_hd__clkbuf_2)
     4    0.022221    0.125828    0.154681    2.167936 ^ input1/X (sky130_fd_sc_hd__clkbuf_2)
                      0.125878    0.002061    2.169998 ^ _19_/D (sky130_fd_sc_hd__and4_1)
     6    0.019057    0.194078    0.316858    2.486856 ^ _19_/X (sky130_fd_sc_hd__and4_1)
                      0.194079    0.000914    2.487769 ^ _22_/B (sky130_fd_sc_hd__and3_1)
     2    0.007479    0.090538    0.215814    2.703584 ^ _22_/X (sky130_fd_sc_hd__and3_1)
                      0.090538    0.000157    2.703740 ^ _35_/B (sky130_fd_sc_hd__xor2_1)
     1    0.003555    0.124659    0.155732    2.859473 ^ _35_/X (sky130_fd_sc_hd__xor2_1)
                      0.124659    0.000097    2.859569 ^ _43_/D (sky130_fd_sc_hd__dfrtp_1)
                                              2.859569   data arrival time

                                 10.000000   10.000000   clock clk (rise edge)
                                  0.000000   10.000000   clock source latency
     1    0.017986    0.086526    0.060009   10.060009 ^ clk (in)
                      0.086566    0.000000   10.060009 ^ clkbuf_0_clk/A (sky130_fd_sc_hd__clkbuf_16)
     2    0.018476    0.040577    0.139120   10.199129 ^ clkbuf_0_clk/X (sky130_fd_sc_hd__clkbuf_16)
                      0.040588    0.000420   10.199549 ^ clkbuf_1_1__f_clk/A (sky130_fd_sc_hd__clkbuf_16)
     4    0.013960    0.036712    0.118000   10.317549 ^ clkbuf_1_1__f_clk/X (sky130_fd_sc_hd__clkbuf_16)
                      0.036712    0.000308   10.317857 ^ _43_/CLK (sky130_fd_sc_hd__dfrtp_1)
                                 -0.250000   10.067857   clock uncertainty
                                  0.000000   10.067857   clock reconvergence pessimism
                                 -0.079507    9.988350   library setup time
                                              9.988350   data required time
---------------------------------------------------------------------------------------------
                                              9.988350   data required time
                                             -2.859569   data arrival time
---------------------------------------------------------------------------------------------
                                              7.128781   slack (MET)


Startpoint: enable (input port clocked by clk)
Endpoint: _40_ (rising edge-triggered flip-flop clocked by clk)
Path Group: clk
Path Type: max

Fanout         Cap        Slew       Delay        Time   Description
---------------------------------------------------------------------------------------------
                                  0.000000    0.000000   clock clk (rise edge)
                                  0.000000    0.000000   clock network delay (propagated)
                                  2.000000    2.000000 v input external delay
     1    0.003405    0.010038    0.005467    2.005467 v enable (in)
                      0.010038    0.000000    2.005467 v input1/A (sky130_fd_sc_hd__clkbuf_2)
     4    0.021424    0.086817    0.137343    2.142810 v input1/X (sky130_fd_sc_hd__clkbuf_2)
                      0.086913    0.001969    2.144779 v _19_/D (sky130_fd_sc_hd__and4_1)
     6    0.018112    0.100379    0.277601    2.422380 v _19_/X (sky130_fd_sc_hd__and4_1)
                      0.100381    0.000640    2.423020 v _30_/B (sky130_fd_sc_hd__or2_1)
     1    0.001996    0.043523    0.216132    2.639152 v _30_/X (sky130_fd_sc_hd__or2_1)
                      0.043523    0.000043    2.639195 v _31_/B (sky130_fd_sc_hd__and2_1)
     1    0.003667    0.038780    0.154110    2.793305 v _31_/X (sky130_fd_sc_hd__and2_1)
                      0.038780    0.000103    2.793408 v _40_/D (sky130_fd_sc_hd__dfrtp_4)
                                              2.793408   data arrival time

                                 10.000000   10.000000   clock clk (rise edge)
                                  0.000000   10.000000   clock source latency
     1    0.017986    0.086526    0.060009   10.060009 ^ clk (in)
                      0.086566    0.000000   10.060009 ^ clkbuf_0_clk/A (sky130_fd_sc_hd__clkbuf_16)
     2    0.018476    0.040577    0.139120   10.199129 ^ clkbuf_0_clk/X (sky130_fd_sc_hd__clkbuf_16)
                      0.040589    0.000567   10.199696 ^ clkbuf_1_0__f_clk/A (sky130_fd_sc_hd__clkbuf_16)
     5    0.015776    0.038251    0.119735   10.319431 ^ clkbuf_1_0__f_clk/X (sky130_fd_sc_hd__clkbuf_16)
                      0.038257    0.000339   10.319770 ^ _40_/CLK (sky130_fd_sc_hd__dfrtp_4)
                                 -0.250000   10.069770   clock uncertainty
                                  0.000000   10.069770   clock reconvergence pessimism
                                 -0.113101    9.956669   library setup time
                                              9.956669   data required time
---------------------------------------------------------------------------------------------
                                              9.956669   data required time
                                             -2.793408   data arrival time
---------------------------------------------------------------------------------------------
                                              7.163260   slack (MET)


Startpoint: enable (input port clocked by clk)
Endpoint: _41_ (rising edge-triggered flip-flop clocked by clk)
Path Group: clk
Path Type: max

Fanout         Cap        Slew       Delay        Time   Description
---------------------------------------------------------------------------------------------
                                  0.000000    0.000000   clock clk (rise edge)
                                  0.000000    0.000000   clock network delay (propagated)
                                  2.000000    2.000000 ^ input external delay
     1    0.003635    0.023353    0.013255    2.013255 ^ enable (in)
                      0.023360    0.000000    2.013255 ^ input1/A (sky130_fd_sc_hd__clkbuf_2)
     4    0.022221    0.125828    0.154681    2.167936 ^ input1/X (sky130_fd_sc_hd__clkbuf_2)
                      0.125878    0.002061    2.169998 ^ _19_/D (sky130_fd_sc_hd__and4_1)
     6    0.019057    0.194078    0.316858    2.486856 ^ _19_/X (sky130_fd_sc_hd__and4_1)
                      0.194078    0.000687    2.487542 ^ _20_/B (sky130_fd_sc_hd__nand2_1)
     2    0.007672    0.077875    0.112231    2.599774 v _20_/Y (sky130_fd_sc_hd__nand2_1)
                      0.077875    0.000240    2.600013 v _32_/B (sky130_fd_sc_hd__xnor2_1)
     1    0.002397    0.042819    0.128934    2.728947 v _32_/Y (sky130_fd_sc_hd__xnor2_1)
                      0.042819    0.000051    2.728998 v _41_/D (sky130_fd_sc_hd__dfrtp_4)
                                              2.728998   data arrival time

                                 10.000000   10.000000   clock clk (rise edge)
                                  0.000000   10.000000   clock source latency
     1    0.017986    0.086526    0.060009   10.060009 ^ clk (in)
                      0.086566    0.000000   10.060009 ^ clkbuf_0_clk/A (sky130_fd_sc_hd__clkbuf_16)
     2    0.018476    0.040577    0.139120   10.199129 ^ clkbuf_0_clk/X (sky130_fd_sc_hd__clkbuf_16)
                      0.040588    0.000420   10.199549 ^ clkbuf_1_1__f_clk/A (sky130_fd_sc_hd__clkbuf_16)
     4    0.013960    0.036712    0.118000   10.317549 ^ clkbuf_1_1__f_clk/X (sky130_fd_sc_hd__clkbuf_16)
                      0.036712    0.000359   10.317907 ^ _41_/CLK (sky130_fd_sc_hd__dfrtp_4)
                                 -0.250000   10.067907   clock uncertainty
                                  0.000000   10.067907   clock reconvergence pessimism
                                 -0.115218    9.952689   library setup time
                                              9.952689   data required time
---------------------------------------------------------------------------------------------
                                              9.952689   data required time
                                             -2.728998   data arrival time
---------------------------------------------------------------------------------------------
                                              7.223691   slack (MET)


Startpoint: enable (input port clocked by clk)
Endpoint: _39_ (rising edge-triggered flip-flop clocked by clk)
Path Group: clk
Path Type: max

Fanout         Cap        Slew       Delay        Time   Description
---------------------------------------------------------------------------------------------
                                  0.000000    0.000000   clock clk (rise edge)
                                  0.000000    0.000000   clock network delay (propagated)
                                  2.000000    2.000000 ^ input external delay
     1    0.003635    0.023353    0.013255    2.013255 ^ enable (in)
                      0.023360    0.000000    2.013255 ^ input1/A (sky130_fd_sc_hd__clkbuf_2)
     4    0.022221    0.125828    0.154681    2.167936 ^ input1/X (sky130_fd_sc_hd__clkbuf_2)
                      0.125878    0.002061    2.169998 ^ _19_/D (sky130_fd_sc_hd__and4_1)
     6    0.019057    0.194078    0.316858    2.486856 ^ _19_/X (sky130_fd_sc_hd__and4_1)
                      0.194078    0.000480    2.487335 ^ _29_/A (sky130_fd_sc_hd__nor2_1)
     1    0.003102    0.051905    0.074813    2.562149 v _29_/Y (sky130_fd_sc_hd__nor2_1)
                      0.051905    0.000102    2.562251 v _39_/D (sky130_fd_sc_hd__dfrtp_1)
                                              2.562251   data arrival time

                                 10.000000   10.000000   clock clk (rise edge)
                                  0.000000   10.000000   clock source latency
     1    0.017986    0.086526    0.060009   10.060009 ^ clk (in)
                      0.086566    0.000000   10.060009 ^ clkbuf_0_clk/A (sky130_fd_sc_hd__clkbuf_16)
     2    0.018476    0.040577    0.139120   10.199129 ^ clkbuf_0_clk/X (sky130_fd_sc_hd__clkbuf_16)
                      0.040589    0.000567   10.199696 ^ clkbuf_1_0__f_clk/A (sky130_fd_sc_hd__clkbuf_16)
     5    0.015776    0.038251    0.119735   10.319431 ^ clkbuf_1_0__f_clk/X (sky130_fd_sc_hd__clkbuf_16)
                      0.038251    0.000268   10.319699 ^ _39_/CLK (sky130_fd_sc_hd__dfrtp_1)
                                 -0.250000   10.069699   clock uncertainty
                                  0.000000   10.069699   clock reconvergence pessimism
                                 -0.118832    9.950867   library setup time
                                              9.950867   data required time
---------------------------------------------------------------------------------------------
                                              9.950867   data required time
                                             -2.562251   data arrival time
---------------------------------------------------------------------------------------------
                                              7.388616   slack (MET)


Startpoint: enable (input port clocked by clk)
Endpoint: _38_ (rising edge-triggered flip-flop clocked by clk)
Path Group: clk
Path Type: max

Fanout         Cap        Slew       Delay        Time   Description
---------------------------------------------------------------------------------------------
                                  0.000000    0.000000   clock clk (rise edge)
                                  0.000000    0.000000   clock network delay (propagated)
                                  2.000000    2.000000 v input external delay
     1    0.003405    0.010038    0.005467    2.005467 v enable (in)
                      0.010038    0.000000    2.005467 v input1/A (sky130_fd_sc_hd__clkbuf_2)
     4    0.021424    0.086817    0.137343    2.142810 v input1/X (sky130_fd_sc_hd__clkbuf_2)
                      0.086916    0.002010    2.144820 v _18_/C (sky130_fd_sc_hd__and3_1)
     2    0.006372    0.052214    0.210636    2.355456 v _18_/X (sky130_fd_sc_hd__and3_1)
                      0.052214    0.000103    2.355559 v _27_/A (sky130_fd_sc_hd__nor2_1)
     1    0.003549    0.087709    0.108333    2.463892 ^ _27_/Y (sky130_fd_sc_hd__nor2_1)
                      0.087709    0.000128    2.464020 ^ _38_/D (sky130_fd_sc_hd__dfrtp_1)
                                              2.464020   data arrival time

                                 10.000000   10.000000   clock clk (rise edge)
                                  0.000000   10.000000   clock source latency
     1    0.017986    0.086526    0.060009   10.060009 ^ clk (in)
                      0.086566    0.000000   10.060009 ^ clkbuf_0_clk/A (sky130_fd_sc_hd__clkbuf_16)
     2    0.018476    0.040577    0.139120   10.199129 ^ clkbuf_0_clk/X (sky130_fd_sc_hd__clkbuf_16)
                      0.040589    0.000567   10.199696 ^ clkbuf_1_0__f_clk/A (sky130_fd_sc_hd__clkbuf_16)
     5    0.015776    0.038251    0.119735   10.319431 ^ clkbuf_1_0__f_clk/X (sky130_fd_sc_hd__clkbuf_16)
                      0.038257    0.000391   10.319821 ^ _38_/CLK (sky130_fd_sc_hd__dfrtp_1)
                                 -0.250000   10.069821   clock uncertainty
                                  0.000000   10.069821   clock reconvergence pessimism
                                 -0.070720    9.999102   library setup time
                                              9.999102   data required time
---------------------------------------------------------------------------------------------
                                              9.999102   data required time
                                             -2.464020   data arrival time
---------------------------------------------------------------------------------------------
                                              7.535081   slack (MET)


Startpoint: enable (input port clocked by clk)
Endpoint: _37_ (rising edge-triggered flip-flop clocked by clk)
Path Group: clk
Path Type: max

Fanout         Cap        Slew       Delay        Time   Description
---------------------------------------------------------------------------------------------
                                  0.000000    0.000000   clock clk (rise edge)
                                  0.000000    0.000000   clock network delay (propagated)
                                  2.000000    2.000000 v input external delay
     1    0.003405    0.010038    0.005467    2.005467 v enable (in)
                      0.010038    0.000000    2.005467 v input1/A (sky130_fd_sc_hd__clkbuf_2)
     4    0.021424    0.086817    0.137343    2.142810 v input1/X (sky130_fd_sc_hd__clkbuf_2)
                      0.086920    0.002063    2.144873 v _25_/B (sky130_fd_sc_hd__xor2_1)
     1    0.002811    0.053871    0.151821    2.296695 v _25_/X (sky130_fd_sc_hd__xor2_1)
                      0.053871    0.000087    2.296781 v _37_/D (sky130_fd_sc_hd__dfrtp_2)
                                              2.296781   data arrival time

                                 10.000000   10.000000   clock clk (rise edge)
                                  0.000000   10.000000   clock source latency
     1    0.017986    0.086526    0.060009   10.060009 ^ clk (in)
                      0.086566    0.000000   10.060009 ^ clkbuf_0_clk/A (sky130_fd_sc_hd__clkbuf_16)
     2    0.018476    0.040577    0.139120   10.199129 ^ clkbuf_0_clk/X (sky130_fd_sc_hd__clkbuf_16)
                      0.040589    0.000567   10.199696 ^ clkbuf_1_0__f_clk/A (sky130_fd_sc_hd__clkbuf_16)
     5    0.015776    0.038251    0.119735   10.319431 ^ clkbuf_1_0__f_clk/X (sky130_fd_sc_hd__clkbuf_16)
                      0.038257    0.000368   10.319798 ^ _37_/CLK (sky130_fd_sc_hd__dfrtp_2)
                                 -0.250000   10.069798   clock uncertainty
                                  0.000000   10.069798   clock reconvergence pessimism
                                 -0.120948    9.948851   library setup time
                                              9.948851   data required time
---------------------------------------------------------------------------------------------
                                              9.948851   data required time
                                             -2.296781   data arrival time
---------------------------------------------------------------------------------------------
                                              7.652070   slack (MET)


Startpoint: rst_n (input port clocked by clk)
Endpoint: _41_ (recovery check against rising-edge clock clk)
Path Group: asynchronous
Path Type: max

Fanout         Cap        Slew       Delay        Time   Description
---------------------------------------------------------------------------------------------
                                  0.000000    0.000000   clock clk (rise edge)
                                  0.000000    0.000000   clock network delay (propagated)
                                  2.000000    2.000000 ^ input external delay
     1    0.003747    0.023842    0.013650    2.013650 ^ rst_n (in)
                      0.023850    0.000000    2.013650 ^ input2/A (sky130_fd_sc_hd__clkbuf_4)
     8    0.048836    0.153610    0.204446    2.218097 ^ input2/X (sky130_fd_sc_hd__clkbuf_4)
                      0.153898    0.005453    2.223550 ^ _41_/RESET_B (sky130_fd_sc_hd__dfrtp_4)
                                              2.223550   data arrival time

                                 10.000000   10.000000   clock clk (rise edge)
                                  0.000000   10.000000   clock source latency
     1    0.017986    0.086526    0.060009   10.060009 ^ clk (in)
                      0.086566    0.000000   10.060009 ^ clkbuf_0_clk/A (sky130_fd_sc_hd__clkbuf_16)
     2    0.018476    0.040577    0.139120   10.199129 ^ clkbuf_0_clk/X (sky130_fd_sc_hd__clkbuf_16)
                      0.040588    0.000420   10.199549 ^ clkbuf_1_1__f_clk/A (sky130_fd_sc_hd__clkbuf_16)
     4    0.013960    0.036712    0.118000   10.317549 ^ clkbuf_1_1__f_clk/X (sky130_fd_sc_hd__clkbuf_16)
                      0.036712    0.000359   10.317907 ^ _41_/CLK (sky130_fd_sc_hd__dfrtp_4)
                                 -0.250000   10.067907   clock uncertainty
                                  0.000000   10.067907   clock reconvergence pessimism
                                  0.179341   10.247249   library recovery time
                                             10.247249   data required time
---------------------------------------------------------------------------------------------
                                             10.247249   data required time
                                             -2.223550   data arrival time
---------------------------------------------------------------------------------------------
                                              8.023699   slack (MET)


Startpoint: rst_n (input port clocked by clk)
Endpoint: _40_ (recovery check against rising-edge clock clk)
Path Group: asynchronous
Path Type: max

Fanout         Cap        Slew       Delay        Time   Description
---------------------------------------------------------------------------------------------
                                  0.000000    0.000000   clock clk (rise edge)
                                  0.000000    0.000000   clock network delay (propagated)
                                  2.000000    2.000000 ^ input external delay
     1    0.003747    0.023842    0.013650    2.013650 ^ rst_n (in)
                      0.023850    0.000000    2.013650 ^ input2/A (sky130_fd_sc_hd__clkbuf_4)
     8    0.048836    0.153610    0.204446    2.218097 ^ input2/X (sky130_fd_sc_hd__clkbuf_4)
                      0.153909    0.005553    2.223649 ^ _40_/RESET_B (sky130_fd_sc_hd__dfrtp_4)
                                              2.223649   data arrival time

                                 10.000000   10.000000   clock clk (rise edge)
                                  0.000000   10.000000   clock source latency
     1    0.017986    0.086526    0.060009   10.060009 ^ clk (in)
                      0.086566    0.000000   10.060009 ^ clkbuf_0_clk/A (sky130_fd_sc_hd__clkbuf_16)
     2    0.018476    0.040577    0.139120   10.199129 ^ clkbuf_0_clk/X (sky130_fd_sc_hd__clkbuf_16)
                      0.040589    0.000567   10.199696 ^ clkbuf_1_0__f_clk/A (sky130_fd_sc_hd__clkbuf_16)
     5    0.015776    0.038251    0.119735   10.319431 ^ clkbuf_1_0__f_clk/X (sky130_fd_sc_hd__clkbuf_16)
                      0.038257    0.000339   10.319770 ^ _40_/CLK (sky130_fd_sc_hd__dfrtp_4)
                                 -0.250000   10.069770   clock uncertainty
                                  0.000000   10.069770   clock reconvergence pessimism
                                  0.179823   10.249593   library recovery time
                                             10.249593   data required time
---------------------------------------------------------------------------------------------
                                             10.249593   data required time
                                             -2.223649   data arrival time
---------------------------------------------------------------------------------------------
                                              8.025943   slack (MET)


Startpoint: rst_n (input port clocked by clk)
Endpoint: _37_ (recovery check against rising-edge clock clk)
Path Group: asynchronous
Path Type: max

Fanout         Cap        Slew       Delay        Time   Description
---------------------------------------------------------------------------------------------
                                  0.000000    0.000000   clock clk (rise edge)
                                  0.000000    0.000000   clock network delay (propagated)
                                  2.000000    2.000000 ^ input external delay
     1    0.003747    0.023842    0.013650    2.013650 ^ rst_n (in)
                      0.023850    0.000000    2.013650 ^ input2/A (sky130_fd_sc_hd__clkbuf_4)
     8    0.048836    0.153610    0.204446    2.218097 ^ input2/X (sky130_fd_sc_hd__clkbuf_4)
                      0.153753    0.003881    2.221978 ^ _37_/RESET_B (sky130_fd_sc_hd__dfrtp_2)
                                              2.221978   data arrival time

                                 10.000000   10.000000   clock clk (rise edge)
                                  0.000000   10.000000   clock source latency
     1    0.017986    0.086526    0.060009   10.060009 ^ clk (in)
                      0.086566    0.000000   10.060009 ^ clkbuf_0_clk/A (sky130_fd_sc_hd__clkbuf_16)
     2    0.018476    0.040577    0.139120   10.199129 ^ clkbuf_0_clk/X (sky130_fd_sc_hd__clkbuf_16)
                      0.040589    0.000567   10.199696 ^ clkbuf_1_0__f_clk/A (sky130_fd_sc_hd__clkbuf_16)
     5    0.015776    0.038251    0.119735   10.319431 ^ clkbuf_1_0__f_clk/X (sky130_fd_sc_hd__clkbuf_16)
                      0.038257    0.000368   10.319798 ^ _37_/CLK (sky130_fd_sc_hd__dfrtp_2)
                                 -0.250000   10.069798   clock uncertainty
                                  0.000000   10.069798   clock reconvergence pessimism
                                  0.184625   10.254424   library recovery time
                                             10.254424   data required time
---------------------------------------------------------------------------------------------
                                             10.254424   data required time
                                             -2.221978   data arrival time
---------------------------------------------------------------------------------------------
                                              8.032446   slack (MET)


Startpoint: rst_n (input port clocked by clk)
Endpoint: _42_ (recovery check against rising-edge clock clk)
Path Group: asynchronous
Path Type: max

Fanout         Cap        Slew       Delay        Time   Description
---------------------------------------------------------------------------------------------
                                  0.000000    0.000000   clock clk (rise edge)
                                  0.000000    0.000000   clock network delay (propagated)
                                  2.000000    2.000000 ^ input external delay
     1    0.003747    0.023842    0.013650    2.013650 ^ rst_n (in)
                      0.023850    0.000000    2.013650 ^ input2/A (sky130_fd_sc_hd__clkbuf_4)
     8    0.048836    0.153610    0.204446    2.218097 ^ input2/X (sky130_fd_sc_hd__clkbuf_4)
                      0.153895    0.005421    2.223517 ^ _42_/RESET_B (sky130_fd_sc_hd__dfrtp_1)
                                              2.223517   data arrival time

                                 10.000000   10.000000   clock clk (rise edge)
                                  0.000000   10.000000   clock source latency
     1    0.017986    0.086526    0.060009   10.060009 ^ clk (in)
                      0.086566    0.000000   10.060009 ^ clkbuf_0_clk/A (sky130_fd_sc_hd__clkbuf_16)
     2    0.018476    0.040577    0.139120   10.199129 ^ clkbuf_0_clk/X (sky130_fd_sc_hd__clkbuf_16)
                      0.040588    0.000420   10.199549 ^ clkbuf_1_1__f_clk/A (sky130_fd_sc_hd__clkbuf_16)
     4    0.013960    0.036712    0.118000   10.317549 ^ clkbuf_1_1__f_clk/X (sky130_fd_sc_hd__clkbuf_16)
                      0.036712    0.000323   10.317872 ^ _42_/CLK (sky130_fd_sc_hd__dfrtp_1)
                                 -0.250000   10.067872   clock uncertainty
                                  0.000000   10.067872   clock reconvergence pessimism
                                  0.199562   10.267434   library recovery time
                                             10.267434   data required time
---------------------------------------------------------------------------------------------
                                             10.267434   data required time
                                             -2.223517   data arrival time
---------------------------------------------------------------------------------------------
                                              8.043917   slack (MET)


Startpoint: rst_n (input port clocked by clk)
Endpoint: _44_ (recovery check against rising-edge clock clk)
Path Group: asynchronous
Path Type: max

Fanout         Cap        Slew       Delay        Time   Description
---------------------------------------------------------------------------------------------
                                  0.000000    0.000000   clock clk (rise edge)
                                  0.000000    0.000000   clock network delay (propagated)
                                  2.000000    2.000000 ^ input external delay
     1    0.003747    0.023842    0.013650    2.013650 ^ rst_n (in)
                      0.023850    0.000000    2.013650 ^ input2/A (sky130_fd_sc_hd__clkbuf_4)
     8    0.048836    0.153610    0.204446    2.218097 ^ input2/X (sky130_fd_sc_hd__clkbuf_4)
                      0.153861    0.005098    2.223194 ^ _44_/RESET_B (sky130_fd_sc_hd__dfrtp_1)
                                              2.223194   data arrival time

                                 10.000000   10.000000   clock clk (rise edge)
                                  0.000000   10.000000   clock source latency
     1    0.017986    0.086526    0.060009   10.060009 ^ clk (in)
                      0.086566    0.000000   10.060009 ^ clkbuf_0_clk/A (sky130_fd_sc_hd__clkbuf_16)
     2    0.018476    0.040577    0.139120   10.199129 ^ clkbuf_0_clk/X (sky130_fd_sc_hd__clkbuf_16)
                      0.040588    0.000420   10.199549 ^ clkbuf_1_1__f_clk/A (sky130_fd_sc_hd__clkbuf_16)
     4    0.013960    0.036712    0.118000   10.317549 ^ clkbuf_1_1__f_clk/X (sky130_fd_sc_hd__clkbuf_16)
                      0.036712    0.000331   10.317881 ^ _44_/CLK (sky130_fd_sc_hd__dfrtp_1)
                                 -0.250000   10.067880   clock uncertainty
                                  0.000000   10.067880   clock reconvergence pessimism
                                  0.199571   10.267451   library recovery time
                                             10.267451   data required time
---------------------------------------------------------------------------------------------
                                             10.267451   data required time
                                             -2.223194   data arrival time
---------------------------------------------------------------------------------------------
                                              8.044257   slack (MET)


Startpoint: rst_n (input port clocked by clk)
Endpoint: _43_ (recovery check against rising-edge clock clk)
Path Group: asynchronous
Path Type: max

Fanout         Cap        Slew       Delay        Time   Description
---------------------------------------------------------------------------------------------
                                  0.000000    0.000000   clock clk (rise edge)
                                  0.000000    0.000000   clock network delay (propagated)
                                  2.000000    2.000000 ^ input external delay
     1    0.003747    0.023842    0.013650    2.013650 ^ rst_n (in)
                      0.023850    0.000000    2.013650 ^ input2/A (sky130_fd_sc_hd__clkbuf_4)
     8    0.048836    0.153610    0.204446    2.218097 ^ input2/X (sky130_fd_sc_hd__clkbuf_4)
                      0.153851    0.005004    2.223101 ^ _43_/RESET_B (sky130_fd_sc_hd__dfrtp_1)
                                              2.223101   data arrival time

                                 10.000000   10.000000   clock clk (rise edge)
                                  0.000000   10.000000   clock source latency
     1    0.017986    0.086526    0.060009   10.060009 ^ clk (in)
                      0.086566    0.000000   10.060009 ^ clkbuf_0_clk/A (sky130_fd_sc_hd__clkbuf_16)
     2    0.018476    0.040577    0.139120   10.199129 ^ clkbuf_0_clk/X (sky130_fd_sc_hd__clkbuf_16)
                      0.040588    0.000420   10.199549 ^ clkbuf_1_1__f_clk/A (sky130_fd_sc_hd__clkbuf_16)
     4    0.013960    0.036712    0.118000   10.317549 ^ clkbuf_1_1__f_clk/X (sky130_fd_sc_hd__clkbuf_16)
                      0.036712    0.000308   10.317857 ^ _43_/CLK (sky130_fd_sc_hd__dfrtp_1)
                                 -0.250000   10.067857   clock uncertainty
                                  0.000000   10.067857   clock reconvergence pessimism
                                  0.199574   10.267430   library recovery time
                                             10.267430   data required time
---------------------------------------------------------------------------------------------
                                             10.267430   data required time
                                             -2.223101   data arrival time
---------------------------------------------------------------------------------------------
                                              8.044330   slack (MET)


Startpoint: rst_n (input port clocked by clk)
Endpoint: _39_ (recovery check against rising-edge clock clk)
Path Group: asynchronous
Path Type: max

Fanout         Cap        Slew       Delay        Time   Description
---------------------------------------------------------------------------------------------
                                  0.000000    0.000000   clock clk (rise edge)
                                  0.000000    0.000000   clock network delay (propagated)
                                  2.000000    2.000000 ^ input external delay
     1    0.003747    0.023842    0.013650    2.013650 ^ rst_n (in)
                      0.023850    0.000000    2.013650 ^ input2/A (sky130_fd_sc_hd__clkbuf_4)
     8    0.048836    0.153610    0.204446    2.218097 ^ input2/X (sky130_fd_sc_hd__clkbuf_4)
                      0.153813    0.004604    2.222701 ^ _39_/RESET_B (sky130_fd_sc_hd__dfrtp_1)
                                              2.222701   data arrival time

                                 10.000000   10.000000   clock clk (rise edge)
                                  0.000000   10.000000   clock source latency
     1    0.017986    0.086526    0.060009   10.060009 ^ clk (in)
                      0.086566    0.000000   10.060009 ^ clkbuf_0_clk/A (sky130_fd_sc_hd__clkbuf_16)
     2    0.018476    0.040577    0.139120   10.199129 ^ clkbuf_0_clk/X (sky130_fd_sc_hd__clkbuf_16)
                      0.040589    0.000567   10.199696 ^ clkbuf_1_0__f_clk/A (sky130_fd_sc_hd__clkbuf_16)
     5    0.015776    0.038251    0.119735   10.319431 ^ clkbuf_1_0__f_clk/X (sky130_fd_sc_hd__clkbuf_16)
                      0.038251    0.000268   10.319699 ^ _39_/CLK (sky130_fd_sc_hd__dfrtp_1)
                                 -0.250000   10.069699   clock uncertainty
                                  0.000000   10.069699   clock reconvergence pessimism
                                  0.200062   10.269761   library recovery time
                                             10.269761   data required time
---------------------------------------------------------------------------------------------
                                             10.269761   data required time
                                             -2.222701   data arrival time
---------------------------------------------------------------------------------------------
                                              8.047060   slack (MET)


Startpoint: rst_n (input port clocked by clk)
Endpoint: _38_ (recovery check against rising-edge clock clk)
Path Group: asynchronous
Path Type: max

Fanout         Cap        Slew       Delay        Time   Description
---------------------------------------------------------------------------------------------
                                  0.000000    0.000000   clock clk (rise edge)
                                  0.000000    0.000000   clock network delay (propagated)
                                  2.000000    2.000000 ^ input external delay
     1    0.003747    0.023842    0.013650    2.013650 ^ rst_n (in)
                      0.023850    0.000000    2.013650 ^ input2/A (sky130_fd_sc_hd__clkbuf_4)
     8    0.048836    0.153610    0.204446    2.218097 ^ input2/X (sky130_fd_sc_hd__clkbuf_4)
                      0.153737    0.003655    2.221751 ^ _38_/RESET_B (sky130_fd_sc_hd__dfrtp_1)
                                              2.221751   data arrival time

                                 10.000000   10.000000   clock clk (rise edge)
                                  0.000000   10.000000   clock source latency
     1    0.017986    0.086526    0.060009   10.060009 ^ clk (in)
                      0.086566    0.000000   10.060009 ^ clkbuf_0_clk/A (sky130_fd_sc_hd__clkbuf_16)
     2    0.018476    0.040577    0.139120   10.199129 ^ clkbuf_0_clk/X (sky130_fd_sc_hd__clkbuf_16)
                      0.040589    0.000567   10.199696 ^ clkbuf_1_0__f_clk/A (sky130_fd_sc_hd__clkbuf_16)
     5    0.015776    0.038251    0.119735   10.319431 ^ clkbuf_1_0__f_clk/X (sky130_fd_sc_hd__clkbuf_16)
                      0.038257    0.000391   10.319821 ^ _38_/CLK (sky130_fd_sc_hd__dfrtp_1)
                                 -0.250000   10.069821   clock uncertainty
                                  0.000000   10.069821   clock reconvergence pessimism
                                  0.200084   10.269906   library recovery time
                                             10.269906   data required time
---------------------------------------------------------------------------------------------
                                             10.269906   data required time
                                             -2.221751   data arrival time
---------------------------------------------------------------------------------------------
                                              8.048155   slack (MET)



