
===========================================================================
report_checks -unconstrained
===========================================================================
======================= max_ss_100C_1v60 Corner ===================================

Warning: corner.tcl line 77, unknown field nets.
Startpoint: rst_n (input port clocked by clk)
Endpoint: _42_ (recovery check against rising-edge clock clk)
Path Group: asynchronous
Path Type: max

Fanout         Cap        Slew       Delay        Time   Description
---------------------------------------------------------------------------------------------
                                  0.000000    0.000000   clock clk (rise edge)
                                  0.000000    0.000000   clock network delay (propagated)
                                  2.000000    2.000000 ^ input external delay
     1    0.003152    0.034583    0.017696    2.017696 ^ rst_n (in)
                      0.034583    0.000000    2.017696 ^ input2/A (sky130_fd_sc_hd__clkbuf_4)
     8    0.042175    0.213462    0.335722    2.353418 ^ input2/X (sky130_fd_sc_hd__clkbuf_4)
                      0.213705    0.004783    2.358201 ^ _42_/RESET_B (sky130_fd_sc_hd__dfrtp_1)
                                              2.358201   data arrival time

                                 10.000000   10.000000   clock clk (rise edge)
                                  0.000000   10.000000   clock source latency
     1    0.014661    0.113139    0.075802   10.075802 ^ clk (in)
                      0.113145    0.000000   10.075802 ^ clkbuf_0_clk/A (sky130_fd_sc_hd__clkbuf_16)
     2    0.017928    0.064868    0.238066   10.313868 ^ clkbuf_0_clk/X (sky130_fd_sc_hd__clkbuf_16)
                      0.064868    0.001222   10.315089 ^ clkbuf_1_1__f_clk/A (sky130_fd_sc_hd__clkbuf_16)
     4    0.012600    0.058223    0.208647   10.523737 ^ clkbuf_1_1__f_clk/X (sky130_fd_sc_hd__clkbuf_16)
                      0.058223    0.000673   10.524410 ^ _42_/CLK (sky130_fd_sc_hd__dfrtp_1)
                                 -0.250000   10.274410   clock uncertainty
                                  0.000000   10.274410   clock reconvergence pessimism
                                  0.405384   10.679794   library recovery time
                                             10.679794   data required time
---------------------------------------------------------------------------------------------
                                             10.679794   data required time
                                             -2.358201   data arrival time
---------------------------------------------------------------------------------------------
                                              8.321593   slack (MET)


Startpoint: enable (input port clocked by clk)
Endpoint: overflow (output port clocked by clk)
Path Group: clk
Path Type: max

Fanout         Cap        Slew       Delay        Time   Description
---------------------------------------------------------------------------------------------
                                  0.000000    0.000000   clock clk (rise edge)
                                  0.000000    0.000000   clock network delay (propagated)
                                  2.000000    2.000000 ^ input external delay
     1    0.003035    0.033800    0.017076    2.017076 ^ enable (in)
                      0.033800    0.000000    2.017076 ^ input1/A (sky130_fd_sc_hd__buf_1)
     4    0.014523    0.283265    0.285818    2.302894 ^ input1/X (sky130_fd_sc_hd__buf_1)
                      0.283270    0.001069    2.303963 ^ _19_/D (sky130_fd_sc_hd__and4_1)
     6    0.022704    0.369408    0.696626    3.000589 ^ _19_/X (sky130_fd_sc_hd__and4_1)
                      0.369410    0.001696    3.002286 ^ _23_/C (sky130_fd_sc_hd__and4_1)
     2    0.008900    0.183142    0.557106    3.559392 ^ _23_/X (sky130_fd_sc_hd__and4_1)
                      0.183142    0.000502    3.559894 ^ _24_/B (sky130_fd_sc_hd__and2_1)
     1    0.005377    0.113732    0.299436    3.859330 ^ _24_/X (sky130_fd_sc_hd__and2_1)
                      0.113732    0.000294    3.859624 ^ output11/A (sky130_fd_sc_hd__buf_2)
     1    0.034086    0.271064    0.362276    4.221900 ^ output11/X (sky130_fd_sc_hd__buf_2)
                      0.271069    0.001620    4.223520 ^ overflow (out)
                                              4.223520   data arrival time

                                 10.000000   10.000000   clock clk (rise edge)
                                  0.000000   10.000000   clock network delay (propagated)
                                 -0.250000    9.750000   clock uncertainty
                                  0.000000    9.750000   clock reconvergence pessimism
                                 -2.000000    7.750000   output external delay
                                              7.750000   data required time
---------------------------------------------------------------------------------------------
                                              7.750000   data required time
                                             -4.223520   data arrival time
---------------------------------------------------------------------------------------------
                                              3.526480   slack (MET)




===========================================================================
report_checks --slack_max -0.01
============================================================================
======================= max_ss_100C_1v60 Corner ===================================

Warning: corner.tcl line 85, unknown field nets.
No paths found.


===========================================================================
 report_check_types -max_slew -max_cap -max_fanout -violators
============================================================================
======================= max_ss_100C_1v60 Corner ===================================



===========================================================================
report_parasitic_annotation -report_unannotated
============================================================================
Found 0 unannotated drivers.
Found 0 partially unannotated drivers.

===========================================================================
max slew violation count 0
max fanout violation count 0
max cap violation count 0
============================================================================

===========================================================================
check_setup -verbose -unconstrained_endpoints -multiple_clock -no_clock -no_input_delay -loops -generated_clocks
===========================================================================
