
===========================================================================
report_checks -path_delay min (Hold)
============================================================================
======================= nom_ss_100C_1v60 Corner ===================================

Warning: corner.tcl line 57, unknown field nets.
Warning: corner.tcl line 57, report_checks -group_count is deprecated. Use -group_path_count instead.
Startpoint: _44_ (rising edge-triggered flip-flop clocked by clk)
Endpoint: _44_ (rising edge-triggered flip-flop clocked by clk)
Path Group: clk
Path Type: min

Fanout         Cap        Slew       Delay        Time   Description
---------------------------------------------------------------------------------------------
                      0.150000    0.000000    0.000000   clock clk (rise edge)
                                  0.000000    0.000000   clock network delay (ideal)
                      0.150000    0.000000    0.000000 ^ _44_/CLK (sky130_fd_sc_hd__dfrtp_2)
     3    0.044250    0.355573    0.964222    0.964222 ^ _44_/Q (sky130_fd_sc_hd__dfrtp_2)
                      0.355573    0.000000    0.964222 ^ _36_/A (sky130_fd_sc_hd__xor2_2)
     1    0.002255    0.051153    0.210159    1.174381 v _36_/X (sky130_fd_sc_hd__xor2_2)
                      0.051153    0.000063    1.174444 v _44_/D (sky130_fd_sc_hd__dfrtp_2)
                                              1.174444   data arrival time

                      0.150000    0.000000    0.000000   clock clk (rise edge)
                                  0.000000    0.000000   clock network delay (ideal)
                                  0.250000    0.250000   clock uncertainty
                                  0.000000    0.250000   clock reconvergence pessimism
                                              0.250000 ^ _44_/CLK (sky130_fd_sc_hd__dfrtp_2)
                                 -0.063355    0.186645   library hold time
                                              0.186645   data required time
---------------------------------------------------------------------------------------------
                                              0.186645   data required time
                                             -1.174444   data arrival time
---------------------------------------------------------------------------------------------
                                              0.987800   slack (MET)


Startpoint: _43_ (rising edge-triggered flip-flop clocked by clk)
Endpoint: _43_ (rising edge-triggered flip-flop clocked by clk)
Path Group: clk
Path Type: min

Fanout         Cap        Slew       Delay        Time   Description
---------------------------------------------------------------------------------------------
                      0.150000    0.000000    0.000000   clock clk (rise edge)
                                  0.000000    0.000000   clock network delay (ideal)
                      0.150000    0.000000    0.000000 ^ _43_/CLK (sky130_fd_sc_hd__dfrtp_2)
     3    0.044321    0.356059    0.964603    0.964603 ^ _43_/Q (sky130_fd_sc_hd__dfrtp_2)
                      0.356059    0.000000    0.964603 ^ _35_/A (sky130_fd_sc_hd__xor2_2)
     1    0.002882    0.053969    0.215626    1.180228 v _35_/X (sky130_fd_sc_hd__xor2_2)
                      0.053969    0.000088    1.180317 v _43_/D (sky130_fd_sc_hd__dfrtp_2)
                                              1.180317   data arrival time

                      0.150000    0.000000    0.000000   clock clk (rise edge)
                                  0.000000    0.000000   clock network delay (ideal)
                                  0.250000    0.250000   clock uncertainty
                                  0.000000    0.250000   clock reconvergence pessimism
                                              0.250000 ^ _43_/CLK (sky130_fd_sc_hd__dfrtp_2)
                                 -0.064387    0.185613   library hold time
                                              0.185613   data required time
---------------------------------------------------------------------------------------------
                                              0.185613   data required time
                                             -1.180317   data arrival time
---------------------------------------------------------------------------------------------
                                              0.994704   slack (MET)


Startpoint: _41_ (rising edge-triggered flip-flop clocked by clk)
Endpoint: _41_ (rising edge-triggered flip-flop clocked by clk)
Path Group: clk
Path Type: min

Fanout         Cap        Slew       Delay        Time   Description
---------------------------------------------------------------------------------------------
                      0.150000    0.000000    0.000000   clock clk (rise edge)
                                  0.000000    0.000000   clock network delay (ideal)
                      0.150000    0.000000    0.000000 ^ _41_/CLK (sky130_fd_sc_hd__dfrtp_2)
     4    0.046415    0.370399    0.975825    0.975825 ^ _41_/Q (sky130_fd_sc_hd__dfrtp_2)
                      0.370399    0.000000    0.975825 ^ _32_/A (sky130_fd_sc_hd__xnor2_2)
     1    0.002239    0.055175    0.216073    1.191899 v _32_/Y (sky130_fd_sc_hd__xnor2_2)
                      0.055175    0.000062    1.191961 v _41_/D (sky130_fd_sc_hd__dfrtp_2)
                                              1.191961   data arrival time

                      0.150000    0.000000    0.000000   clock clk (rise edge)
                                  0.000000    0.000000   clock network delay (ideal)
                                  0.250000    0.250000   clock uncertainty
                                  0.000000    0.250000   clock reconvergence pessimism
                                              0.250000 ^ _41_/CLK (sky130_fd_sc_hd__dfrtp_2)
                                 -0.064829    0.185171   library hold time
                                              0.185171   data required time
---------------------------------------------------------------------------------------------
                                              0.185171   data required time
                                             -1.191961   data arrival time
---------------------------------------------------------------------------------------------
                                              1.006790   slack (MET)


Startpoint: _38_ (rising edge-triggered flip-flop clocked by clk)
Endpoint: _38_ (rising edge-triggered flip-flop clocked by clk)
Path Group: clk
Path Type: min

Fanout         Cap        Slew       Delay        Time   Description
---------------------------------------------------------------------------------------------
                      0.150000    0.000000    0.000000   clock clk (rise edge)
                                  0.000000    0.000000   clock network delay (ideal)
                      0.150000    0.000000    0.000000 ^ _38_/CLK (sky130_fd_sc_hd__dfrtp_2)
     4    0.041085    0.333900    0.947260    0.947260 ^ _38_/Q (sky130_fd_sc_hd__dfrtp_2)
                      0.333900    0.000000    0.947260 ^ _26_/B1 (sky130_fd_sc_hd__a21oi_2)
     1    0.004633    0.075883    0.136358    1.083618 v _26_/Y (sky130_fd_sc_hd__a21oi_2)
                      0.075883    0.000136    1.083754 v _27_/B (sky130_fd_sc_hd__nor2_2)
     1    0.002581    0.096459    0.117810    1.201564 ^ _27_/Y (sky130_fd_sc_hd__nor2_2)
                      0.096459    0.000075    1.201638 ^ _38_/D (sky130_fd_sc_hd__dfrtp_2)
                                              1.201638   data arrival time

                      0.150000    0.000000    0.000000   clock clk (rise edge)
                                  0.000000    0.000000   clock network delay (ideal)
                                  0.250000    0.250000   clock uncertainty
                                  0.000000    0.250000   clock reconvergence pessimism
                                              0.250000 ^ _38_/CLK (sky130_fd_sc_hd__dfrtp_2)
                                 -0.069783    0.180217   library hold time
                                              0.180217   data required time
---------------------------------------------------------------------------------------------
                                              0.180217   data required time
                                             -1.201638   data arrival time
---------------------------------------------------------------------------------------------
                                              1.021422   slack (MET)


Startpoint: _39_ (rising edge-triggered flip-flop clocked by clk)
Endpoint: _39_ (rising edge-triggered flip-flop clocked by clk)
Path Group: clk
Path Type: min

Fanout         Cap        Slew       Delay        Time   Description
---------------------------------------------------------------------------------------------
                      0.150000    0.000000    0.000000   clock clk (rise edge)
                                  0.000000    0.000000   clock network delay (ideal)
                      0.150000    0.000000    0.000000 ^ _39_/CLK (sky130_fd_sc_hd__dfrtp_2)
     3    0.039513    0.323135    0.938834    0.938834 ^ _39_/Q (sky130_fd_sc_hd__dfrtp_2)
                      0.323135    0.000000    0.938834 ^ _28_/A (sky130_fd_sc_hd__nor2_2)
     1    0.004741    0.043176    0.161466    1.100301 v _28_/Y (sky130_fd_sc_hd__nor2_2)
                      0.043176    0.000101    1.100402 v _29_/B (sky130_fd_sc_hd__nor2_2)
     1    0.002349    0.093145    0.103621    1.204023 ^ _29_/Y (sky130_fd_sc_hd__nor2_2)
                      0.093145    0.000049    1.204072 ^ _39_/D (sky130_fd_sc_hd__dfrtp_2)
                                              1.204072   data arrival time

                      0.150000    0.000000    0.000000   clock clk (rise edge)
                                  0.000000    0.000000   clock network delay (ideal)
                                  0.250000    0.250000   clock uncertainty
                                  0.000000    0.250000   clock reconvergence pessimism
                                              0.250000 ^ _39_/CLK (sky130_fd_sc_hd__dfrtp_2)
                                 -0.069030    0.180970   library hold time
                                              0.180970   data required time
---------------------------------------------------------------------------------------------
                                              0.180970   data required time
                                             -1.204072   data arrival time
---------------------------------------------------------------------------------------------
                                              1.023102   slack (MET)


Startpoint: _37_ (rising edge-triggered flip-flop clocked by clk)
Endpoint: _37_ (rising edge-triggered flip-flop clocked by clk)
Path Group: clk
Path Type: min

Fanout         Cap        Slew       Delay        Time   Description
---------------------------------------------------------------------------------------------
                      0.150000    0.000000    0.000000   clock clk (rise edge)
                                  0.000000    0.000000   clock network delay (ideal)
                      0.150000    0.000000    0.000000 ^ _37_/CLK (sky130_fd_sc_hd__dfrtp_2)
     5    0.050269    0.396790    0.996481    0.996481 ^ _37_/Q (sky130_fd_sc_hd__dfrtp_2)
                      0.396790    0.000000    0.996481 ^ _25_/A (sky130_fd_sc_hd__xor2_2)
     1    0.003048    0.054713    0.228973    1.225453 v _25_/X (sky130_fd_sc_hd__xor2_2)
                      0.054713    0.000091    1.225544 v _37_/D (sky130_fd_sc_hd__dfrtp_2)
                                              1.225544   data arrival time

                      0.150000    0.000000    0.000000   clock clk (rise edge)
                                  0.000000    0.000000   clock network delay (ideal)
                                  0.250000    0.250000   clock uncertainty
                                  0.000000    0.250000   clock reconvergence pessimism
                                              0.250000 ^ _37_/CLK (sky130_fd_sc_hd__dfrtp_2)
                                 -0.064660    0.185340   library hold time
                                              0.185340   data required time
---------------------------------------------------------------------------------------------
                                              0.185340   data required time
                                             -1.225544   data arrival time
---------------------------------------------------------------------------------------------
                                              1.040203   slack (MET)


Startpoint: rst_n (input port clocked by clk)
Endpoint: _37_ (removal check against rising-edge clock clk)
Path Group: asynchronous
Path Type: min

Fanout         Cap        Slew       Delay        Time   Description
---------------------------------------------------------------------------------------------
                      0.150000    0.000000    0.000000   clock clk (rise edge)
                                  0.000000    0.000000   clock network delay (ideal)
                                  2.000000    2.000000 ^ input external delay
     8    0.026104    0.195172    0.132060    2.132060 ^ rst_n (in)
                      0.195172    0.000000    2.132060 ^ _37_/RESET_B (sky130_fd_sc_hd__dfrtp_2)
                                              2.132060   data arrival time

                      0.150000    0.000000    0.000000   clock clk (rise edge)
                                  0.000000    0.000000   clock network delay (ideal)
                                  0.250000    0.250000   clock uncertainty
                                  0.000000    0.250000   clock reconvergence pessimism
                                              0.250000 ^ _37_/CLK (sky130_fd_sc_hd__dfrtp_2)
                                  0.719884    0.969884   library removal time
                                              0.969884   data required time
---------------------------------------------------------------------------------------------
                                              0.969884   data required time
                                             -2.132060   data arrival time
---------------------------------------------------------------------------------------------
                                              1.162175   slack (MET)


Startpoint: rst_n (input port clocked by clk)
Endpoint: _38_ (removal check against rising-edge clock clk)
Path Group: asynchronous
Path Type: min

Fanout         Cap        Slew       Delay        Time   Description
---------------------------------------------------------------------------------------------
                      0.150000    0.000000    0.000000   clock clk (rise edge)
                                  0.000000    0.000000   clock network delay (ideal)
                                  2.000000    2.000000 ^ input external delay
     8    0.026104    0.195172    0.132060    2.132060 ^ rst_n (in)
                      0.195172    0.000000    2.132060 ^ _38_/RESET_B (sky130_fd_sc_hd__dfrtp_2)
                                              2.132060   data arrival time

                      0.150000    0.000000    0.000000   clock clk (rise edge)
                                  0.000000    0.000000   clock network delay (ideal)
                                  0.250000    0.250000   clock uncertainty
                                  0.000000    0.250000   clock reconvergence pessimism
                                              0.250000 ^ _38_/CLK (sky130_fd_sc_hd__dfrtp_2)
                                  0.719884    0.969884   library removal time
                                              0.969884   data required time
---------------------------------------------------------------------------------------------
                                              0.969884   data required time
                                             -2.132060   data arrival time
---------------------------------------------------------------------------------------------
                                              1.162175   slack (MET)


Startpoint: rst_n (input port clocked by clk)
Endpoint: _39_ (removal check against rising-edge clock clk)
Path Group: asynchronous
Path Type: min

Fanout         Cap        Slew       Delay        Time   Description
---------------------------------------------------------------------------------------------
                      0.150000    0.000000    0.000000   clock clk (rise edge)
                                  0.000000    0.000000   clock network delay (ideal)
                                  2.000000    2.000000 ^ input external delay
     8    0.026104    0.195172    0.132060    2.132060 ^ rst_n (in)
                      0.195172    0.000000    2.132060 ^ _39_/RESET_B (sky130_fd_sc_hd__dfrtp_2)
                                              2.132060   data arrival time

                      0.150000    0.000000    0.000000   clock clk (rise edge)
                                  0.000000    0.000000   clock network delay (ideal)
                                  0.250000    0.250000   clock uncertainty
                                  0.000000    0.250000   clock reconvergence pessimism
                                              0.250000 ^ _39_/CLK (sky130_fd_sc_hd__dfrtp_2)
                                  0.719884    0.969884   library removal time
                                              0.969884   data required time
---------------------------------------------------------------------------------------------
                                              0.969884   data required time
                                             -2.132060   data arrival time
---------------------------------------------------------------------------------------------
                                              1.162175   slack (MET)


Startpoint: rst_n (input port clocked by clk)
Endpoint: _40_ (removal check against rising-edge clock clk)
Path Group: asynchronous
Path Type: min

Fanout         Cap        Slew       Delay        Time   Description
---------------------------------------------------------------------------------------------
                      0.150000    0.000000    0.000000   clock clk (rise edge)
                                  0.000000    0.000000   clock network delay (ideal)
                                  2.000000    2.000000 ^ input external delay
     8    0.026104    0.195172    0.132060    2.132060 ^ rst_n (in)
                      0.195172    0.000000    2.132060 ^ _40_/RESET_B (sky130_fd_sc_hd__dfrtp_2)
                                              2.132060   data arrival time

                      0.150000    0.000000    0.000000   clock clk (rise edge)
                                  0.000000    0.000000   clock network delay (ideal)
                                  0.250000    0.250000   clock uncertainty
                                  0.000000    0.250000   clock reconvergence pessimism
                                              0.250000 ^ _40_/CLK (sky130_fd_sc_hd__dfrtp_2)
                                  0.719884    0.969884   library removal time
                                              0.969884   data required time
---------------------------------------------------------------------------------------------
                                              0.969884   data required time
                                             -2.132060   data arrival time
---------------------------------------------------------------------------------------------
                                              1.162175   slack (MET)


Startpoint: rst_n (input port clocked by clk)
Endpoint: _41_ (removal check against rising-edge clock clk)
Path Group: asynchronous
Path Type: min

Fanout         Cap        Slew       Delay        Time   Description
---------------------------------------------------------------------------------------------
                      0.150000    0.000000    0.000000   clock clk (rise edge)
                                  0.000000    0.000000   clock network delay (ideal)
                                  2.000000    2.000000 ^ input external delay
     8    0.026104    0.195172    0.132060    2.132060 ^ rst_n (in)
                      0.195172    0.000000    2.132060 ^ _41_/RESET_B (sky130_fd_sc_hd__dfrtp_2)
                                              2.132060   data arrival time

                      0.150000    0.000000    0.000000   clock clk (rise edge)
                                  0.000000    0.000000   clock network delay (ideal)
                                  0.250000    0.250000   clock uncertainty
                                  0.000000    0.250000   clock reconvergence pessimism
                                              0.250000 ^ _41_/CLK (sky130_fd_sc_hd__dfrtp_2)
                                  0.719884    0.969884   library removal time
                                              0.969884   data required time
---------------------------------------------------------------------------------------------
                                              0.969884   data required time
                                             -2.132060   data arrival time
---------------------------------------------------------------------------------------------
                                              1.162175   slack (MET)


Startpoint: rst_n (input port clocked by clk)
Endpoint: _42_ (removal check against rising-edge clock clk)
Path Group: asynchronous
Path Type: min

Fanout         Cap        Slew       Delay        Time   Description
---------------------------------------------------------------------------------------------
                      0.150000    0.000000    0.000000   clock clk (rise edge)
                                  0.000000    0.000000   clock network delay (ideal)
                                  2.000000    2.000000 ^ input external delay
     8    0.026104    0.195172    0.132060    2.132060 ^ rst_n (in)
                      0.195172    0.000000    2.132060 ^ _42_/RESET_B (sky130_fd_sc_hd__dfrtp_2)
                                              2.132060   data arrival time

                      0.150000    0.000000    0.000000   clock clk (rise edge)
                                  0.000000    0.000000   clock network delay (ideal)
                                  0.250000    0.250000   clock uncertainty
                                  0.000000    0.250000   clock reconvergence pessimism
                                              0.250000 ^ _42_/CLK (sky130_fd_sc_hd__dfrtp_2)
                                  0.719884    0.969884   library removal time
                                              0.969884   data required time
---------------------------------------------------------------------------------------------
                                              0.969884   data required time
                                             -2.132060   data arrival time
---------------------------------------------------------------------------------------------
                                              1.162175   slack (MET)


Startpoint: rst_n (input port clocked by clk)
Endpoint: _43_ (removal check against rising-edge clock clk)
Path Group: asynchronous
Path Type: min

Fanout         Cap        Slew       Delay        Time   Description
---------------------------------------------------------------------------------------------
                      0.150000    0.000000    0.000000   clock clk (rise edge)
                                  0.000000    0.000000   clock network delay (ideal)
                                  2.000000    2.000000 ^ input external delay
     8    0.026104    0.195172    0.132060    2.132060 ^ rst_n (in)
                      0.195172    0.000000    2.132060 ^ _43_/RESET_B (sky130_fd_sc_hd__dfrtp_2)
                                              2.132060   data arrival time

                      0.150000    0.000000    0.000000   clock clk (rise edge)
                                  0.000000    0.000000   clock network delay (ideal)
                                  0.250000    0.250000   clock uncertainty
                                  0.000000    0.250000   clock reconvergence pessimism
                                              0.250000 ^ _43_/CLK (sky130_fd_sc_hd__dfrtp_2)
                                  0.719884    0.969884   library removal time
                                              0.969884   data required time
---------------------------------------------------------------------------------------------
                                              0.969884   data required time
                                             -2.132060   data arrival time
---------------------------------------------------------------------------------------------
                                              1.162175   slack (MET)


Startpoint: rst_n (input port clocked by clk)
Endpoint: _44_ (removal check against rising-edge clock clk)
Path Group: asynchronous
Path Type: min

Fanout         Cap        Slew       Delay        Time   Description
---------------------------------------------------------------------------------------------
                      0.150000    0.000000    0.000000   clock clk (rise edge)
                                  0.000000    0.000000   clock network delay (ideal)
                                  2.000000    2.000000 ^ input external delay
     8    0.026104    0.195172    0.132060    2.132060 ^ rst_n (in)
                      0.195172    0.000000    2.132060 ^ _44_/RESET_B (sky130_fd_sc_hd__dfrtp_2)
                                              2.132060   data arrival time

                      0.150000    0.000000    0.000000   clock clk (rise edge)
                                  0.000000    0.000000   clock network delay (ideal)
                                  0.250000    0.250000   clock uncertainty
                                  0.000000    0.250000   clock reconvergence pessimism
                                              0.250000 ^ _44_/CLK (sky130_fd_sc_hd__dfrtp_2)
                                  0.719884    0.969884   library removal time
                                              0.969884   data required time
---------------------------------------------------------------------------------------------
                                              0.969884   data required time
                                             -2.132060   data arrival time
---------------------------------------------------------------------------------------------
                                              1.162175   slack (MET)


Startpoint: _42_ (rising edge-triggered flip-flop clocked by clk)
Endpoint: _42_ (rising edge-triggered flip-flop clocked by clk)
Path Group: clk
Path Type: min

Fanout         Cap        Slew       Delay        Time   Description
---------------------------------------------------------------------------------------------
                      0.150000    0.000000    0.000000   clock clk (rise edge)
                                  0.000000    0.000000   clock network delay (ideal)
                      0.150000    0.000000    0.000000 ^ _42_/CLK (sky130_fd_sc_hd__dfrtp_2)
     3    0.037353    0.308344    0.927258    0.927258 ^ _42_/Q (sky130_fd_sc_hd__dfrtp_2)
                      0.308344    0.000000    0.927258 ^ _33_/B1 (sky130_fd_sc_hd__a31o_2)
     1    0.001948    0.052357    0.254315    1.181573 ^ _33_/X (sky130_fd_sc_hd__a31o_2)
                      0.052357    0.000038    1.181611 ^ _34_/B (sky130_fd_sc_hd__and2b_2)
     1    0.002409    0.060534    0.251549    1.433159 ^ _34_/X (sky130_fd_sc_hd__and2b_2)
                      0.060534    0.000068    1.433227 ^ _42_/D (sky130_fd_sc_hd__dfrtp_2)
                                              1.433227   data arrival time

                      0.150000    0.000000    0.000000   clock clk (rise edge)
                                  0.000000    0.000000   clock network delay (ideal)
                                  0.250000    0.250000   clock uncertainty
                                  0.000000    0.250000   clock reconvergence pessimism
                                              0.250000 ^ _42_/CLK (sky130_fd_sc_hd__dfrtp_2)
                                 -0.061621    0.188379   library hold time
                                              0.188379   data required time
---------------------------------------------------------------------------------------------
                                              0.188379   data required time
                                             -1.433227   data arrival time
---------------------------------------------------------------------------------------------
                                              1.244848   slack (MET)


Startpoint: _40_ (rising edge-triggered flip-flop clocked by clk)
Endpoint: _40_ (rising edge-triggered flip-flop clocked by clk)
Path Group: clk
Path Type: min

Fanout         Cap        Slew       Delay        Time   Description
---------------------------------------------------------------------------------------------
                      0.150000    0.000000    0.000000   clock clk (rise edge)
                                  0.000000    0.000000   clock network delay (ideal)
                      0.150000    0.000000    0.000000 ^ _40_/CLK (sky130_fd_sc_hd__dfrtp_2)
     6    0.044777    0.359182    0.967047    0.967047 ^ _40_/Q (sky130_fd_sc_hd__dfrtp_2)
                      0.359182    0.000000    0.967047 ^ _30_/A (sky130_fd_sc_hd__or2_2)
     1    0.001713    0.043597    0.288540    1.255586 ^ _30_/X (sky130_fd_sc_hd__or2_2)
                      0.043597    0.000033    1.255620 ^ _31_/B (sky130_fd_sc_hd__and2_2)
     1    0.002705    0.066334    0.246922    1.502541 ^ _31_/X (sky130_fd_sc_hd__and2_2)
                      0.066334    0.000058    1.502600 ^ _40_/D (sky130_fd_sc_hd__dfrtp_2)
                                              1.502600   data arrival time

                      0.150000    0.000000    0.000000   clock clk (rise edge)
                                  0.000000    0.000000   clock network delay (ideal)
                                  0.250000    0.250000   clock uncertainty
                                  0.000000    0.250000   clock reconvergence pessimism
                                              0.250000 ^ _40_/CLK (sky130_fd_sc_hd__dfrtp_2)
                                 -0.062939    0.187061   library hold time
                                              0.187061   data required time
---------------------------------------------------------------------------------------------
                                              0.187061   data required time
                                             -1.502600   data arrival time
---------------------------------------------------------------------------------------------
                                              1.315538   slack (MET)


Startpoint: _42_ (rising edge-triggered flip-flop clocked by clk)
Endpoint: count[5] (output port clocked by clk)
Path Group: clk
Path Type: min

Fanout         Cap        Slew       Delay        Time   Description
---------------------------------------------------------------------------------------------
                      0.150000    0.000000    0.000000   clock clk (rise edge)
                                  0.000000    0.000000   clock network delay (ideal)
                      0.150000    0.000000    0.000000 ^ _42_/CLK (sky130_fd_sc_hd__dfrtp_2)
     3    0.037353    0.308344    0.927258    0.927258 ^ _42_/Q (sky130_fd_sc_hd__dfrtp_2)
                      0.308344    0.000000    0.927258 ^ count[5] (out)
                                              0.927258   data arrival time

                      0.150000    0.000000    0.000000   clock clk (rise edge)
                                  0.000000    0.000000   clock network delay (ideal)
                                  0.250000    0.250000   clock uncertainty
                                  0.000000    0.250000   clock reconvergence pessimism
                                 -2.000000   -1.750000   output external delay
                                             -1.750000   data required time
---------------------------------------------------------------------------------------------
                                             -1.750000   data required time
                                             -0.927258   data arrival time
---------------------------------------------------------------------------------------------
                                              2.677258   slack (MET)


Startpoint: _39_ (rising edge-triggered flip-flop clocked by clk)
Endpoint: count[2] (output port clocked by clk)
Path Group: clk
Path Type: min

Fanout         Cap        Slew       Delay        Time   Description
---------------------------------------------------------------------------------------------
                      0.150000    0.000000    0.000000   clock clk (rise edge)
                                  0.000000    0.000000   clock network delay (ideal)
                      0.150000    0.000000    0.000000 ^ _39_/CLK (sky130_fd_sc_hd__dfrtp_2)
     3    0.039513    0.323135    0.938834    0.938834 ^ _39_/Q (sky130_fd_sc_hd__dfrtp_2)
                      0.323135    0.000000    0.938834 ^ count[2] (out)
                                              0.938834   data arrival time

                      0.150000    0.000000    0.000000   clock clk (rise edge)
                                  0.000000    0.000000   clock network delay (ideal)
                                  0.250000    0.250000   clock uncertainty
                                  0.000000    0.250000   clock reconvergence pessimism
                                 -2.000000   -1.750000   output external delay
                                             -1.750000   data required time
---------------------------------------------------------------------------------------------
                                             -1.750000   data required time
                                             -0.938834   data arrival time
---------------------------------------------------------------------------------------------
                                              2.688834   slack (MET)


Startpoint: _38_ (rising edge-triggered flip-flop clocked by clk)
Endpoint: count[1] (output port clocked by clk)
Path Group: clk
Path Type: min

Fanout         Cap        Slew       Delay        Time   Description
---------------------------------------------------------------------------------------------
                      0.150000    0.000000    0.000000   clock clk (rise edge)
                                  0.000000    0.000000   clock network delay (ideal)
                      0.150000    0.000000    0.000000 ^ _38_/CLK (sky130_fd_sc_hd__dfrtp_2)
     4    0.041085    0.333900    0.947260    0.947260 ^ _38_/Q (sky130_fd_sc_hd__dfrtp_2)
                      0.333900    0.000000    0.947260 ^ count[1] (out)
                                              0.947260   data arrival time

                      0.150000    0.000000    0.000000   clock clk (rise edge)
                                  0.000000    0.000000   clock network delay (ideal)
                                  0.250000    0.250000   clock uncertainty
                                  0.000000    0.250000   clock reconvergence pessimism
                                 -2.000000   -1.750000   output external delay
                                             -1.750000   data required time
---------------------------------------------------------------------------------------------
                                             -1.750000   data required time
                                             -0.947260   data arrival time
---------------------------------------------------------------------------------------------
                                              2.697259   slack (MET)


Startpoint: _44_ (rising edge-triggered flip-flop clocked by clk)
Endpoint: count[7] (output port clocked by clk)
Path Group: clk
Path Type: min

Fanout         Cap        Slew       Delay        Time   Description
---------------------------------------------------------------------------------------------
                      0.150000    0.000000    0.000000   clock clk (rise edge)
                                  0.000000    0.000000   clock network delay (ideal)
                      0.150000    0.000000    0.000000 ^ _44_/CLK (sky130_fd_sc_hd__dfrtp_2)
     3    0.044250    0.355573    0.964222    0.964222 ^ _44_/Q (sky130_fd_sc_hd__dfrtp_2)
                      0.355573    0.000000    0.964222 ^ count[7] (out)
                                              0.964222   data arrival time

                      0.150000    0.000000    0.000000   clock clk (rise edge)
                                  0.000000    0.000000   clock network delay (ideal)
                                  0.250000    0.250000   clock uncertainty
                                  0.000000    0.250000   clock reconvergence pessimism
                                 -2.000000   -1.750000   output external delay
                                             -1.750000   data required time
---------------------------------------------------------------------------------------------
                                             -1.750000   data required time
                                             -0.964222   data arrival time
---------------------------------------------------------------------------------------------
                                              2.714222   slack (MET)


Startpoint: _43_ (rising edge-triggered flip-flop clocked by clk)
Endpoint: count[6] (output port clocked by clk)
Path Group: clk
Path Type: min

Fanout         Cap        Slew       Delay        Time   Description
---------------------------------------------------------------------------------------------
                      0.150000    0.000000    0.000000   clock clk (rise edge)
                                  0.000000    0.000000   clock network delay (ideal)
                      0.150000    0.000000    0.000000 ^ _43_/CLK (sky130_fd_sc_hd__dfrtp_2)
     3    0.044321    0.356059    0.964603    0.964603 ^ _43_/Q (sky130_fd_sc_hd__dfrtp_2)
                      0.356059    0.000000    0.964603 ^ count[6] (out)
                                              0.964603   data arrival time

                      0.150000    0.000000    0.000000   clock clk (rise edge)
                                  0.000000    0.000000   clock network delay (ideal)
                                  0.250000    0.250000   clock uncertainty
                                  0.000000    0.250000   clock reconvergence pessimism
                                 -2.000000   -1.750000   output external delay
                                             -1.750000   data required time
---------------------------------------------------------------------------------------------
                                             -1.750000   data required time
                                             -0.964603   data arrival time
---------------------------------------------------------------------------------------------
                                              2.714603   slack (MET)


Startpoint: _40_ (rising edge-triggered flip-flop clocked by clk)
Endpoint: count[3] (output port clocked by clk)
Path Group: clk
Path Type: min

Fanout         Cap        Slew       Delay        Time   Description
---------------------------------------------------------------------------------------------
                      0.150000    0.000000    0.000000   clock clk (rise edge)
                                  0.000000    0.000000   clock network delay (ideal)
                      0.150000    0.000000    0.000000 ^ _40_/CLK (sky130_fd_sc_hd__dfrtp_2)
     6    0.044777    0.359182    0.967047    0.967047 ^ _40_/Q (sky130_fd_sc_hd__dfrtp_2)
                      0.359182    0.000000    0.967047 ^ count[3] (out)
                                              0.967047   data arrival time

                      0.150000    0.000000    0.000000   clock clk (rise edge)
                                  0.000000    0.000000   clock network delay (ideal)
                                  0.250000    0.250000   clock uncertainty
                                  0.000000    0.250000   clock reconvergence pessimism
                                 -2.000000   -1.750000   output external delay
                                             -1.750000   data required time
---------------------------------------------------------------------------------------------
                                             -1.750000   data required time
                                             -0.967047   data arrival time
---------------------------------------------------------------------------------------------
                                              2.717047   slack (MET)


Startpoint: _41_ (rising edge-triggered flip-flop clocked by clk)
Endpoint: count[4] (output port clocked by clk)
Path Group: clk
Path Type: min

Fanout         Cap        Slew       Delay        Time   Description
---------------------------------------------------------------------------------------------
                      0.150000    0.000000    0.000000   clock clk (rise edge)
                                  0.000000    0.000000   clock network delay (ideal)
                      0.150000    0.000000    0.000000 ^ _41_/CLK (sky130_fd_sc_hd__dfrtp_2)
     4    0.046415    0.370399    0.975825    0.975825 ^ _41_/Q (sky130_fd_sc_hd__dfrtp_2)
                      0.370399    0.000000    0.975825 ^ count[4] (out)
                                              0.975825   data arrival time

                      0.150000    0.000000    0.000000   clock clk (rise edge)
                                  0.000000    0.000000   clock network delay (ideal)
                                  0.250000    0.250000   clock uncertainty
                                  0.000000    0.250000   clock reconvergence pessimism
                                 -2.000000   -1.750000   output external delay
                                             -1.750000   data required time
---------------------------------------------------------------------------------------------
                                             -1.750000   data required time
                                             -0.975825   data arrival time
---------------------------------------------------------------------------------------------
                                              2.725825   slack (MET)


Startpoint: _37_ (rising edge-triggered flip-flop clocked by clk)
Endpoint: count[0] (output port clocked by clk)
Path Group: clk
Path Type: min

Fanout         Cap        Slew       Delay        Time   Description
---------------------------------------------------------------------------------------------
                      0.150000    0.000000    0.000000   clock clk (rise edge)
                                  0.000000    0.000000   clock network delay (ideal)
                      0.150000    0.000000    0.000000 ^ _37_/CLK (sky130_fd_sc_hd__dfrtp_2)
     5    0.050269    0.396790    0.996481    0.996481 ^ _37_/Q (sky130_fd_sc_hd__dfrtp_2)
                      0.396790    0.000000    0.996481 ^ count[0] (out)
                                              0.996481   data arrival time

                      0.150000    0.000000    0.000000   clock clk (rise edge)
                                  0.000000    0.000000   clock network delay (ideal)
                                  0.250000    0.250000   clock uncertainty
                                  0.000000    0.250000   clock reconvergence pessimism
                                 -2.000000   -1.750000   output external delay
                                             -1.750000   data required time
---------------------------------------------------------------------------------------------
                                             -1.750000   data required time
                                             -0.996481   data arrival time
---------------------------------------------------------------------------------------------
                                              2.746481   slack (MET)


Startpoint: _44_ (rising edge-triggered flip-flop clocked by clk)
Endpoint: overflow (output port clocked by clk)
Path Group: clk
Path Type: min

Fanout         Cap        Slew       Delay        Time   Description
---------------------------------------------------------------------------------------------
                      0.150000    0.000000    0.000000   clock clk (rise edge)
                                  0.000000    0.000000   clock network delay (ideal)
                      0.150000    0.000000    0.000000 ^ _44_/CLK (sky130_fd_sc_hd__dfrtp_2)
     3    0.044250    0.355573    0.964222    0.964222 ^ _44_/Q (sky130_fd_sc_hd__dfrtp_2)
                      0.355573    0.000000    0.964222 ^ _24_/A (sky130_fd_sc_hd__and2_2)
     1    0.033442    0.295208    0.560087    1.524309 ^ _24_/X (sky130_fd_sc_hd__and2_2)
                      0.295208    0.000000    1.524309 ^ overflow (out)
                                              1.524309   data arrival time

                      0.150000    0.000000    0.000000   clock clk (rise edge)
                                  0.000000    0.000000   clock network delay (ideal)
                                  0.250000    0.250000   clock uncertainty
                                  0.000000    0.250000   clock reconvergence pessimism
                                 -2.000000   -1.750000   output external delay
                                             -1.750000   data required time
---------------------------------------------------------------------------------------------
                                             -1.750000   data required time
                                             -1.524309   data arrival time
---------------------------------------------------------------------------------------------
                                              3.274309   slack (MET)



