
===========================================================================
report_checks -unconstrained
===========================================================================
======================= nom_ff_n40C_1v95 Corner ===================================

Warning: corner.tcl line 77, unknown field nets.
Startpoint: rst_n (input port clocked by clk)
Endpoint: _37_ (recovery check against rising-edge clock clk)
Path Group: asynchronous
Path Type: max

Fanout         Cap        Slew       Delay        Time   Description
---------------------------------------------------------------------------------------------
                      0.150000    0.000000    0.000000   clock clk (rise edge)
                                  0.000000    0.000000   clock network delay (ideal)
                                  2.000000    2.000000 ^ input external delay
     8    0.028936    0.102866    0.069482    2.069482 ^ rst_n (in)
                      0.102866    0.000000    2.069482 ^ _37_/RESET_B (sky130_fd_sc_hd__dfrtp_2)
                                              2.069482   data arrival time

                      0.150000   10.000000   10.000000   clock clk (rise edge)
                                  0.000000   10.000000   clock network delay (ideal)
                                 -0.250000    9.750000   clock uncertainty
                                  0.000000    9.750000   clock reconvergence pessimism
                                              9.750000 ^ _37_/CLK (sky130_fd_sc_hd__dfrtp_2)
                                  0.133756    9.883756   library recovery time
                                              9.883756   data required time
---------------------------------------------------------------------------------------------
                                              9.883756   data required time
                                             -2.069482   data arrival time
---------------------------------------------------------------------------------------------
                                              7.814274   slack (MET)


Startpoint: enable (input port clocked by clk)
Endpoint: overflow (output port clocked by clk)
Path Group: clk
Path Type: max

Fanout         Cap        Slew       Delay        Time   Description
---------------------------------------------------------------------------------------------
                      0.150000    0.000000    0.000000   clock clk (rise edge)
                                  0.000000    0.000000   clock network delay (ideal)
                                  2.000000    2.000000 ^ input external delay
     4    0.016840    0.062563    0.041384    2.041384 ^ enable (in)
                      0.062563    0.000000    2.041384 ^ _19_/D (sky130_fd_sc_hd__and4_2)
     6    0.016600    0.082374    0.171071    2.212456 ^ _19_/X (sky130_fd_sc_hd__and4_2)
                      0.082374    0.000000    2.212456 ^ _23_/C (sky130_fd_sc_hd__and4_2)
     2    0.010041    0.059244    0.151617    2.364073 ^ _23_/X (sky130_fd_sc_hd__and4_2)
                      0.059244    0.000000    2.364073 ^ _24_/B (sky130_fd_sc_hd__and2_2)
     1    0.033442    0.135355    0.167759    2.531832 ^ _24_/X (sky130_fd_sc_hd__and2_2)
                      0.135355    0.000000    2.531832 ^ overflow (out)
                                              2.531832   data arrival time

                      0.150000   10.000000   10.000000   clock clk (rise edge)
                                  0.000000   10.000000   clock network delay (ideal)
                                 -0.250000    9.750000   clock uncertainty
                                  0.000000    9.750000   clock reconvergence pessimism
                                 -2.000000    7.750000   output external delay
                                              7.750000   data required time
---------------------------------------------------------------------------------------------
                                              7.750000   data required time
                                             -2.531832   data arrival time
---------------------------------------------------------------------------------------------
                                              5.218168   slack (MET)




===========================================================================
report_checks --slack_max -0.01
============================================================================
======================= nom_ff_n40C_1v95 Corner ===================================

Warning: corner.tcl line 85, unknown field nets.
No paths found.


===========================================================================
 report_check_types -max_slew -max_cap -max_fanout -violators
============================================================================
======================= nom_ff_n40C_1v95 Corner ===================================



===========================================================================
report_parasitic_annotation -report_unannotated
============================================================================
Found 30 unannotated drivers.
 clk
 enable
 rst_n
 _18_/X
 _19_/X
 _20_/Y
 _21_/X
 _22_/X
 _23_/X
 _24_/X
 _25_/X
 _26_/Y
 _27_/Y
 _28_/Y
 _29_/Y
 _30_/X
 _31_/X
 _32_/Y
 _33_/X
 _34_/X
 _35_/X
 _36_/X
 _37_/Q
 _38_/Q
 _39_/Q
 _40_/Q
 _41_/Q
 _42_/Q
 _43_/Q
 _44_/Q
Found 0 partially unannotated drivers.

===========================================================================
max slew violation count 0
max fanout violation count 0
max cap violation count 0
============================================================================

===========================================================================
check_setup -verbose -unconstrained_endpoints -multiple_clock -no_clock -no_input_delay -loops -generated_clocks
===========================================================================
