
===========================================================================
report_checks -unconstrained
===========================================================================
======================= nom_tt_025C_1v80 Corner ===================================

Warning: corner.tcl line 77, unknown field nets.
Startpoint: rst_n (input port clocked by clk)
Endpoint: _41_ (recovery check against rising-edge clock clk)
Path Group: asynchronous
Path Type: max

Fanout         Cap        Slew       Delay        Time   Description
---------------------------------------------------------------------------------------------
                                  0.000000    0.000000   clock clk (rise edge)
                                  0.000000    0.000000   clock network delay (propagated)
                                  2.000000    2.000000 ^ input external delay
     1    0.002897    0.020149    0.010659    2.010659 ^ rst_n (in)
                      0.020149    0.000000    2.010659 ^ input2/A (sky130_fd_sc_hd__clkbuf_4)
     8    0.055627    0.171814    0.216710    2.227369 ^ input2/X (sky130_fd_sc_hd__clkbuf_4)
                      0.172145    0.006144    2.233514 ^ _41_/RESET_B (sky130_fd_sc_hd__dfrtp_4)
                                              2.233514   data arrival time

                                 10.000000   10.000000   clock clk (rise edge)
                                  0.000000   10.000000   clock source latency
     1    0.020794    0.099014    0.068832   10.068832 ^ clk (in)
                      0.099056    0.000000   10.068832 ^ clkbuf_0_clk/A (sky130_fd_sc_hd__clkbuf_16)
     2    0.017965    0.040160    0.143252   10.212084 ^ clkbuf_0_clk/X (sky130_fd_sc_hd__clkbuf_16)
                      0.040170    0.000411   10.212495 ^ clkbuf_1_1__f_clk/A (sky130_fd_sc_hd__clkbuf_16)
     4    0.016069    0.038502    0.119821   10.332315 ^ clkbuf_1_1__f_clk/X (sky130_fd_sc_hd__clkbuf_16)
                      0.038510    0.000584   10.332899 ^ _41_/CLK (sky130_fd_sc_hd__dfrtp_4)
                                 -0.250000   10.082899   clock uncertainty
                                  0.000000   10.082899   clock reconvergence pessimism
                                  0.173998   10.256897   library recovery time
                                             10.256897   data required time
---------------------------------------------------------------------------------------------
                                             10.256897   data required time
                                             -2.233514   data arrival time
---------------------------------------------------------------------------------------------
                                              8.023383   slack (MET)


Startpoint: enable (input port clocked by clk)
Endpoint: overflow (output port clocked by clk)
Path Group: clk
Path Type: max

Fanout         Cap        Slew       Delay        Time   Description
---------------------------------------------------------------------------------------------
                                  0.000000    0.000000   clock clk (rise edge)
                                  0.000000    0.000000   clock network delay (propagated)
                                  2.000000    2.000000 ^ input external delay
     1    0.003229    0.021587    0.011825    2.011825 ^ enable (in)
                      0.021587    0.000000    2.011825 ^ input1/A (sky130_fd_sc_hd__clkbuf_2)
     4    0.027740    0.154933    0.173555    2.185380 ^ input1/X (sky130_fd_sc_hd__clkbuf_2)
                      0.154996    0.002570    2.187950 ^ _19_/D (sky130_fd_sc_hd__and4_1)
     6    0.020289    0.205041    0.330404    2.518354 ^ _19_/X (sky130_fd_sc_hd__and4_1)
                      0.205043    0.000975    2.519330 ^ _23_/C (sky130_fd_sc_hd__and4_1)
     2    0.009457    0.110384    0.265847    2.785176 ^ _23_/X (sky130_fd_sc_hd__and4_1)
                      0.110384    0.000312    2.785489 ^ _24_/B (sky130_fd_sc_hd__and2_1)
     1    0.010086    0.110069    0.183247    2.968735 ^ _24_/X (sky130_fd_sc_hd__and2_1)
                      0.110070    0.000610    2.969345 ^ output11/A (sky130_fd_sc_hd__buf_2)
     1    0.034000    0.169272    0.221192    3.190537 ^ output11/X (sky130_fd_sc_hd__buf_2)
                      0.169273    0.000635    3.191172 ^ overflow (out)
                                              3.191172   data arrival time

                                 10.000000   10.000000   clock clk (rise edge)
                                  0.000000   10.000000   clock network delay (propagated)
                                 -0.250000    9.750000   clock uncertainty
                                  0.000000    9.750000   clock reconvergence pessimism
                                 -2.000000    7.750000   output external delay
                                              7.750000   data required time
---------------------------------------------------------------------------------------------
                                              7.750000   data required time
                                             -3.191172   data arrival time
---------------------------------------------------------------------------------------------
                                              4.558828   slack (MET)




===========================================================================
report_checks --slack_max -0.01
============================================================================
======================= nom_tt_025C_1v80 Corner ===================================

Warning: corner.tcl line 85, unknown field nets.
No paths found.


===========================================================================
 report_check_types -max_slew -max_cap -max_fanout -violators
============================================================================
======================= nom_tt_025C_1v80 Corner ===================================



===========================================================================
report_parasitic_annotation -report_unannotated
============================================================================
Found 1 unannotated drivers.
 clkload0/X
Found 0 partially unannotated drivers.

===========================================================================
max slew violation count 0
max fanout violation count 0
max cap violation count 0
============================================================================

===========================================================================
check_setup -verbose -unconstrained_endpoints -multiple_clock -no_clock -no_input_delay -loops -generated_clocks
===========================================================================
