Clock: clk
Sources: clk 
Generated: no
Virtual: yes
Propagated: no
Period: 10.000000

===========================================================================
report_clock_properties
============================================================================
Clock                   Period          Waveform
----------------------------------------------------
clk                  10.000000    0.000000  5.000000

===========================================================================
report_clock_latency
============================================================================
Clock clk
rise -> rise
    min     max
0.000000 0.000000 source latency
0.332693         network latency _43_/CLK
        0.333497 network latency _38_/CLK
---------------
0.332693 0.333497 latency
        0.000805 skew

fall -> fall
    min     max
0.000000 0.000000 source latency
0.315061         network latency _43_/CLK
        0.315545 network latency _38_/CLK
---------------
0.315061 0.315545 latency
        0.000484 skew



===========================================================================
report_clock_min_period
============================================================================
clk period_min = 1.57 fmax = 635.88
