
===========================================================================
report_checks -path_delay max (Setup)
============================================================================
======================= nom_tt_025C_1v80 Corner ===================================

Warning: corner.tcl line 67, unknown field nets.
Warning: corner.tcl line 67, report_checks -group_count is deprecated. Use -group_path_count instead.
Startpoint: enable (input port clocked by clk)
Endpoint: overflow (output port clocked by clk)
Path Group: clk
Path Type: max

Fanout         Cap        Slew       Delay        Time   Description
---------------------------------------------------------------------------------------------
                                  0.000000    0.000000   clock clk (rise edge)
                                  0.000000    0.000000   clock network delay (propagated)
                                  2.000000    2.000000 ^ input external delay
     1    0.003229    0.021587    0.011825    2.011825 ^ enable (in)
                      0.021587    0.000000    2.011825 ^ input1/A (sky130_fd_sc_hd__clkbuf_2)
     4    0.027740    0.154933    0.173555    2.185380 ^ input1/X (sky130_fd_sc_hd__clkbuf_2)
                      0.154996    0.002570    2.187950 ^ _19_/D (sky130_fd_sc_hd__and4_1)
     6    0.020289    0.205041    0.330404    2.518354 ^ _19_/X (sky130_fd_sc_hd__and4_1)
                      0.205043    0.000975    2.519330 ^ _23_/C (sky130_fd_sc_hd__and4_1)
     2    0.009457    0.110384    0.265847    2.785176 ^ _23_/X (sky130_fd_sc_hd__and4_1)
                      0.110384    0.000312    2.785489 ^ _24_/B (sky130_fd_sc_hd__and2_1)
     1    0.010086    0.110069    0.183247    2.968735 ^ _24_/X (sky130_fd_sc_hd__and2_1)
                      0.110070    0.000610    2.969345 ^ output11/A (sky130_fd_sc_hd__buf_2)
     1    0.034000    0.169272    0.221192    3.190537 ^ output11/X (sky130_fd_sc_hd__buf_2)
                      0.169273    0.000635    3.191172 ^ overflow (out)
                                              3.191172   data arrival time

                                 10.000000   10.000000   clock clk (rise edge)
                                  0.000000   10.000000   clock network delay (propagated)
                                 -0.250000    9.750000   clock uncertainty
                                  0.000000    9.750000   clock reconvergence pessimism
                                 -2.000000    7.750000   output external delay
                                              7.750000   data required time
---------------------------------------------------------------------------------------------
                                              7.750000   data required time
                                             -3.191172   data arrival time
---------------------------------------------------------------------------------------------
                                              4.558828   slack (MET)


Startpoint: _40_ (rising edge-triggered flip-flop clocked by clk)
Endpoint: count[3] (output port clocked by clk)
Path Group: clk
Path Type: max

Fanout         Cap        Slew       Delay        Time   Description
---------------------------------------------------------------------------------------------
                                  0.000000    0.000000   clock clk (rise edge)
                                  0.000000    0.000000   clock source latency
     1    0.020794    0.099014    0.068832    0.068832 ^ clk (in)
                      0.099056    0.000000    0.068832 ^ clkbuf_0_clk/A (sky130_fd_sc_hd__clkbuf_16)
     2    0.017965    0.040160    0.143252    0.212083 ^ clkbuf_0_clk/X (sky130_fd_sc_hd__clkbuf_16)
                      0.040170    0.000464    0.212548 ^ clkbuf_1_0__f_clk/A (sky130_fd_sc_hd__clkbuf_16)
     5    0.016894    0.039204    0.120697    0.333245 ^ clkbuf_1_0__f_clk/X (sky130_fd_sc_hd__clkbuf_16)
                      0.039204    0.000206    0.333451 ^ _40_/CLK (sky130_fd_sc_hd__dfrtp_4)
     6    0.028846    0.090893    0.511324    0.844775 v _40_/Q (sky130_fd_sc_hd__dfrtp_4)
                      0.090982    0.001435    0.846211 v output6/A (sky130_fd_sc_hd__buf_2)
     1    0.034184    0.089340    0.200626    1.046836 v output6/X (sky130_fd_sc_hd__buf_2)
                      0.089345    0.000706    1.047543 v count[3] (out)
                                              1.047543   data arrival time

                                 10.000000   10.000000   clock clk (rise edge)
                                  0.000000   10.000000   clock network delay (propagated)
                                 -0.250000    9.750000   clock uncertainty
                                  0.000000    9.750000   clock reconvergence pessimism
                                 -2.000000    7.750000   output external delay
                                              7.750000   data required time
---------------------------------------------------------------------------------------------
                                              7.750000   data required time
                                             -1.047543   data arrival time
---------------------------------------------------------------------------------------------
                                              6.702457   slack (MET)


Startpoint: _41_ (rising edge-triggered flip-flop clocked by clk)
Endpoint: count[4] (output port clocked by clk)
Path Group: clk
Path Type: max

Fanout         Cap        Slew       Delay        Time   Description
---------------------------------------------------------------------------------------------
                                  0.000000    0.000000   clock clk (rise edge)
                                  0.000000    0.000000   clock source latency
     1    0.020794    0.099014    0.068832    0.068832 ^ clk (in)
                      0.099056    0.000000    0.068832 ^ clkbuf_0_clk/A (sky130_fd_sc_hd__clkbuf_16)
     2    0.017965    0.040160    0.143252    0.212083 ^ clkbuf_0_clk/X (sky130_fd_sc_hd__clkbuf_16)
                      0.040170    0.000412    0.212495 ^ clkbuf_1_1__f_clk/A (sky130_fd_sc_hd__clkbuf_16)
     4    0.016069    0.038502    0.119820    0.332315 ^ clkbuf_1_1__f_clk/X (sky130_fd_sc_hd__clkbuf_16)
                      0.038510    0.000584    0.332899 ^ _41_/CLK (sky130_fd_sc_hd__dfrtp_4)
     4    0.023495    0.084379    0.501892    0.834791 v _41_/Q (sky130_fd_sc_hd__dfrtp_4)
                      0.084421    0.001636    0.836427 v output7/A (sky130_fd_sc_hd__buf_2)
     1    0.034108    0.089148    0.197537    1.033964 v output7/X (sky130_fd_sc_hd__buf_2)
                      0.089152    0.000656    1.034620 v count[4] (out)
                                              1.034620   data arrival time

                                 10.000000   10.000000   clock clk (rise edge)
                                  0.000000   10.000000   clock network delay (propagated)
                                 -0.250000    9.750000   clock uncertainty
                                  0.000000    9.750000   clock reconvergence pessimism
                                 -2.000000    7.750000   output external delay
                                              7.750000   data required time
---------------------------------------------------------------------------------------------
                                              7.750000   data required time
                                             -1.034620   data arrival time
---------------------------------------------------------------------------------------------
                                              6.715380   slack (MET)


Startpoint: _38_ (rising edge-triggered flip-flop clocked by clk)
Endpoint: count[1] (output port clocked by clk)
Path Group: clk
Path Type: max

Fanout         Cap        Slew       Delay        Time   Description
---------------------------------------------------------------------------------------------
                                  0.000000    0.000000   clock clk (rise edge)
                                  0.000000    0.000000   clock source latency
     1    0.020794    0.099014    0.068832    0.068832 ^ clk (in)
                      0.099056    0.000000    0.068832 ^ clkbuf_0_clk/A (sky130_fd_sc_hd__clkbuf_16)
     2    0.017965    0.040160    0.143252    0.212083 ^ clkbuf_0_clk/X (sky130_fd_sc_hd__clkbuf_16)
                      0.040170    0.000464    0.212548 ^ clkbuf_1_0__f_clk/A (sky130_fd_sc_hd__clkbuf_16)
     5    0.016894    0.039204    0.120697    0.333245 ^ clkbuf_1_0__f_clk/X (sky130_fd_sc_hd__clkbuf_16)
                      0.039204    0.000252    0.333497 ^ _38_/CLK (sky130_fd_sc_hd__dfrtp_1)
     4    0.021617    0.195987    0.430787    0.764285 ^ _38_/Q (sky130_fd_sc_hd__dfrtp_1)
                      0.195997    0.001601    0.765886 ^ output4/A (sky130_fd_sc_hd__buf_2)
     1    0.034400    0.171323    0.246897    1.012783 ^ output4/X (sky130_fd_sc_hd__buf_2)
                      0.171324    0.000748    1.013531 ^ count[1] (out)
                                              1.013531   data arrival time

                                 10.000000   10.000000   clock clk (rise edge)
                                  0.000000   10.000000   clock network delay (propagated)
                                 -0.250000    9.750000   clock uncertainty
                                  0.000000    9.750000   clock reconvergence pessimism
                                 -2.000000    7.750000   output external delay
                                              7.750000   data required time
---------------------------------------------------------------------------------------------
                                              7.750000   data required time
                                             -1.013531   data arrival time
---------------------------------------------------------------------------------------------
                                              6.736469   slack (MET)


Startpoint: _42_ (rising edge-triggered flip-flop clocked by clk)
Endpoint: count[5] (output port clocked by clk)
Path Group: clk
Path Type: max

Fanout         Cap        Slew       Delay        Time   Description
---------------------------------------------------------------------------------------------
                                  0.000000    0.000000   clock clk (rise edge)
                                  0.000000    0.000000   clock source latency
     1    0.020794    0.099014    0.068832    0.068832 ^ clk (in)
                      0.099056    0.000000    0.068832 ^ clkbuf_0_clk/A (sky130_fd_sc_hd__clkbuf_16)
     2    0.017965    0.040160    0.143252    0.212083 ^ clkbuf_0_clk/X (sky130_fd_sc_hd__clkbuf_16)
                      0.040170    0.000412    0.212495 ^ clkbuf_1_1__f_clk/A (sky130_fd_sc_hd__clkbuf_16)
     4    0.016069    0.038502    0.119820    0.332315 ^ clkbuf_1_1__f_clk/X (sky130_fd_sc_hd__clkbuf_16)
                      0.038509    0.000511    0.332826 ^ _42_/CLK (sky130_fd_sc_hd__dfrtp_1)
     3    0.020806    0.189322    0.425505    0.758332 ^ _42_/Q (sky130_fd_sc_hd__dfrtp_1)
                      0.189336    0.001766    0.760098 ^ output8/A (sky130_fd_sc_hd__buf_2)
     1    0.034581    0.172166    0.245639    1.005736 ^ output8/X (sky130_fd_sc_hd__buf_2)
                      0.172167    0.000829    1.006565 ^ count[5] (out)
                                              1.006565   data arrival time

                                 10.000000   10.000000   clock clk (rise edge)
                                  0.000000   10.000000   clock network delay (propagated)
                                 -0.250000    9.750000   clock uncertainty
                                  0.000000    9.750000   clock reconvergence pessimism
                                 -2.000000    7.750000   output external delay
                                              7.750000   data required time
---------------------------------------------------------------------------------------------
                                              7.750000   data required time
                                             -1.006565   data arrival time
---------------------------------------------------------------------------------------------
                                              6.743435   slack (MET)


Startpoint: _39_ (rising edge-triggered flip-flop clocked by clk)
Endpoint: count[2] (output port clocked by clk)
Path Group: clk
Path Type: max

Fanout         Cap        Slew       Delay        Time   Description
---------------------------------------------------------------------------------------------
                                  0.000000    0.000000   clock clk (rise edge)
                                  0.000000    0.000000   clock source latency
     1    0.020794    0.099014    0.068832    0.068832 ^ clk (in)
                      0.099056    0.000000    0.068832 ^ clkbuf_0_clk/A (sky130_fd_sc_hd__clkbuf_16)
     2    0.017965    0.040160    0.143252    0.212083 ^ clkbuf_0_clk/X (sky130_fd_sc_hd__clkbuf_16)
                      0.040170    0.000464    0.212548 ^ clkbuf_1_0__f_clk/A (sky130_fd_sc_hd__clkbuf_16)
     5    0.016894    0.039204    0.120697    0.333245 ^ clkbuf_1_0__f_clk/X (sky130_fd_sc_hd__clkbuf_16)
                      0.039204    0.000179    0.333424 ^ _39_/CLK (sky130_fd_sc_hd__dfrtp_1)
     3    0.020688    0.188268    0.425309    0.758733 ^ _39_/Q (sky130_fd_sc_hd__dfrtp_1)
                      0.188274    0.001293    0.760026 ^ output5/A (sky130_fd_sc_hd__buf_2)
     1    0.034153    0.170160    0.244018    1.004045 ^ output5/X (sky130_fd_sc_hd__buf_2)
                      0.170161    0.000706    1.004750 ^ count[2] (out)
                                              1.004750   data arrival time

                                 10.000000   10.000000   clock clk (rise edge)
                                  0.000000   10.000000   clock network delay (propagated)
                                 -0.250000    9.750000   clock uncertainty
                                  0.000000    9.750000   clock reconvergence pessimism
                                 -2.000000    7.750000   output external delay
                                              7.750000   data required time
---------------------------------------------------------------------------------------------
                                              7.750000   data required time
                                             -1.004750   data arrival time
---------------------------------------------------------------------------------------------
                                              6.745249   slack (MET)


Startpoint: _37_ (rising edge-triggered flip-flop clocked by clk)
Endpoint: count[0] (output port clocked by clk)
Path Group: clk
Path Type: max

Fanout         Cap        Slew       Delay        Time   Description
---------------------------------------------------------------------------------------------
                                  0.000000    0.000000   clock clk (rise edge)
                                  0.000000    0.000000   clock source latency
     1    0.020794    0.099014    0.068832    0.068832 ^ clk (in)
                      0.099056    0.000000    0.068832 ^ clkbuf_0_clk/A (sky130_fd_sc_hd__clkbuf_16)
     2    0.017965    0.040160    0.143252    0.212083 ^ clkbuf_0_clk/X (sky130_fd_sc_hd__clkbuf_16)
                      0.040170    0.000464    0.212548 ^ clkbuf_1_0__f_clk/A (sky130_fd_sc_hd__clkbuf_16)
     5    0.016894    0.039204    0.120697    0.333245 ^ clkbuf_1_0__f_clk/X (sky130_fd_sc_hd__clkbuf_16)
                      0.039204    0.000234    0.333479 ^ _37_/CLK (sky130_fd_sc_hd__dfrtp_2)
     5    0.023168    0.086561    0.440300    0.773779 v _37_/Q (sky130_fd_sc_hd__dfrtp_2)
                      0.086577    0.001186    0.774965 v output3/A (sky130_fd_sc_hd__buf_2)
     1    0.034413    0.089843    0.199017    0.973982 v output3/X (sky130_fd_sc_hd__buf_2)
                      0.089849    0.000748    0.974730 v count[0] (out)
                                              0.974730   data arrival time

                                 10.000000   10.000000   clock clk (rise edge)
                                  0.000000   10.000000   clock network delay (propagated)
                                 -0.250000    9.750000   clock uncertainty
                                  0.000000    9.750000   clock reconvergence pessimism
                                 -2.000000    7.750000   output external delay
                                              7.750000   data required time
---------------------------------------------------------------------------------------------
                                              7.750000   data required time
                                             -0.974730   data arrival time
---------------------------------------------------------------------------------------------
                                              6.775270   slack (MET)


Startpoint: _43_ (rising edge-triggered flip-flop clocked by clk)
Endpoint: count[6] (output port clocked by clk)
Path Group: clk
Path Type: max

Fanout         Cap        Slew       Delay        Time   Description
---------------------------------------------------------------------------------------------
                                  0.000000    0.000000   clock clk (rise edge)
                                  0.000000    0.000000   clock source latency
     1    0.020794    0.099014    0.068832    0.068832 ^ clk (in)
                      0.099056    0.000000    0.068832 ^ clkbuf_0_clk/A (sky130_fd_sc_hd__clkbuf_16)
     2    0.017965    0.040160    0.143252    0.212083 ^ clkbuf_0_clk/X (sky130_fd_sc_hd__clkbuf_16)
                      0.040170    0.000412    0.212495 ^ clkbuf_1_1__f_clk/A (sky130_fd_sc_hd__clkbuf_16)
     4    0.016069    0.038502    0.119820    0.332315 ^ clkbuf_1_1__f_clk/X (sky130_fd_sc_hd__clkbuf_16)
                      0.038508    0.000378    0.332693 ^ _43_/CLK (sky130_fd_sc_hd__dfrtp_1)
     3    0.016643    0.154864    0.400645    0.733338 ^ _43_/Q (sky130_fd_sc_hd__dfrtp_1)
                      0.154867    0.000996    0.734334 ^ output9/A (sky130_fd_sc_hd__buf_2)
     1    0.034581    0.172126    0.236317    0.970651 ^ output9/X (sky130_fd_sc_hd__buf_2)
                      0.172128    0.000829    0.971479 ^ count[6] (out)
                                              0.971479   data arrival time

                                 10.000000   10.000000   clock clk (rise edge)
                                  0.000000   10.000000   clock network delay (propagated)
                                 -0.250000    9.750000   clock uncertainty
                                  0.000000    9.750000   clock reconvergence pessimism
                                 -2.000000    7.750000   output external delay
                                              7.750000   data required time
---------------------------------------------------------------------------------------------
                                              7.750000   data required time
                                             -0.971479   data arrival time
---------------------------------------------------------------------------------------------
                                              6.778521   slack (MET)


Startpoint: _44_ (rising edge-triggered flip-flop clocked by clk)
Endpoint: count[7] (output port clocked by clk)
Path Group: clk
Path Type: max

Fanout         Cap        Slew       Delay        Time   Description
---------------------------------------------------------------------------------------------
                                  0.000000    0.000000   clock clk (rise edge)
                                  0.000000    0.000000   clock source latency
     1    0.020794    0.099014    0.068832    0.068832 ^ clk (in)
                      0.099056    0.000000    0.068832 ^ clkbuf_0_clk/A (sky130_fd_sc_hd__clkbuf_16)
     2    0.017965    0.040160    0.143252    0.212083 ^ clkbuf_0_clk/X (sky130_fd_sc_hd__clkbuf_16)
                      0.040170    0.000412    0.212495 ^ clkbuf_1_1__f_clk/A (sky130_fd_sc_hd__clkbuf_16)
     4    0.016069    0.038502    0.119820    0.332315 ^ clkbuf_1_1__f_clk/X (sky130_fd_sc_hd__clkbuf_16)
                      0.038509    0.000407    0.332722 ^ _44_/CLK (sky130_fd_sc_hd__dfrtp_1)
     3    0.014694    0.138769    0.388985    0.721707 ^ _44_/Q (sky130_fd_sc_hd__dfrtp_1)
                      0.138771    0.000711    0.722418 ^ output10/A (sky130_fd_sc_hd__buf_2)
     1    0.034052    0.169610    0.230326    0.952744 ^ output10/X (sky130_fd_sc_hd__buf_2)
                      0.169610    0.000656    0.953400 ^ count[7] (out)
                                              0.953400   data arrival time

                                 10.000000   10.000000   clock clk (rise edge)
                                  0.000000   10.000000   clock network delay (propagated)
                                 -0.250000    9.750000   clock uncertainty
                                  0.000000    9.750000   clock reconvergence pessimism
                                 -2.000000    7.750000   output external delay
                                              7.750000   data required time
---------------------------------------------------------------------------------------------
                                              7.750000   data required time
                                             -0.953400   data arrival time
---------------------------------------------------------------------------------------------
                                              6.796600   slack (MET)


Startpoint: enable (input port clocked by clk)
Endpoint: _42_ (rising edge-triggered flip-flop clocked by clk)
Path Group: clk
Path Type: max

Fanout         Cap        Slew       Delay        Time   Description
---------------------------------------------------------------------------------------------
                                  0.000000    0.000000   clock clk (rise edge)
                                  0.000000    0.000000   clock network delay (propagated)
                                  2.000000    2.000000 ^ input external delay
     1    0.003229    0.021587    0.011825    2.011825 ^ enable (in)
                      0.021587    0.000000    2.011825 ^ input1/A (sky130_fd_sc_hd__clkbuf_2)
     4    0.027740    0.154933    0.173555    2.185380 ^ input1/X (sky130_fd_sc_hd__clkbuf_2)
                      0.154996    0.002570    2.187950 ^ _19_/D (sky130_fd_sc_hd__and4_1)
     6    0.020289    0.205041    0.330404    2.518354 ^ _19_/X (sky130_fd_sc_hd__and4_1)
                      0.205043    0.000951    2.519305 ^ _22_/B (sky130_fd_sc_hd__and3_1)
     2    0.008193    0.096654    0.223813    2.743118 ^ _22_/X (sky130_fd_sc_hd__and3_1)
                      0.096654    0.000177    2.743295 ^ _34_/A_N (sky130_fd_sc_hd__and2b_1)
     1    0.002771    0.033546    0.182774    2.926069 v _34_/X (sky130_fd_sc_hd__and2b_1)
                      0.033561    0.000080    2.926148 v _42_/D (sky130_fd_sc_hd__dfrtp_1)
                                              2.926148   data arrival time

                                 10.000000   10.000000   clock clk (rise edge)
                                  0.000000   10.000000   clock source latency
     1    0.020794    0.099014    0.068832   10.068832 ^ clk (in)
                      0.099056    0.000000   10.068832 ^ clkbuf_0_clk/A (sky130_fd_sc_hd__clkbuf_16)
     2    0.017965    0.040160    0.143252   10.212084 ^ clkbuf_0_clk/X (sky130_fd_sc_hd__clkbuf_16)
                      0.040170    0.000411   10.212495 ^ clkbuf_1_1__f_clk/A (sky130_fd_sc_hd__clkbuf_16)
     4    0.016069    0.038502    0.119821   10.332315 ^ clkbuf_1_1__f_clk/X (sky130_fd_sc_hd__clkbuf_16)
                      0.038509    0.000511   10.332827 ^ _42_/CLK (sky130_fd_sc_hd__dfrtp_1)
                                 -0.250000   10.082827   clock uncertainty
                                  0.000000   10.082827   clock reconvergence pessimism
                                 -0.110766    9.972060   library setup time
                                              9.972060   data required time
---------------------------------------------------------------------------------------------
                                              9.972060   data required time
                                             -2.926148   data arrival time
---------------------------------------------------------------------------------------------
                                              7.045912   slack (MET)


Startpoint: enable (input port clocked by clk)
Endpoint: _44_ (rising edge-triggered flip-flop clocked by clk)
Path Group: clk
Path Type: max

Fanout         Cap        Slew       Delay        Time   Description
---------------------------------------------------------------------------------------------
                                  0.000000    0.000000   clock clk (rise edge)
                                  0.000000    0.000000   clock network delay (propagated)
                                  2.000000    2.000000 ^ input external delay
     1    0.003229    0.021587    0.011825    2.011825 ^ enable (in)
                      0.021587    0.000000    2.011825 ^ input1/A (sky130_fd_sc_hd__clkbuf_2)
     4    0.027740    0.154933    0.173555    2.185380 ^ input1/X (sky130_fd_sc_hd__clkbuf_2)
                      0.154996    0.002570    2.187950 ^ _19_/D (sky130_fd_sc_hd__and4_1)
     6    0.020289    0.205041    0.330404    2.518354 ^ _19_/X (sky130_fd_sc_hd__and4_1)
                      0.205043    0.000975    2.519330 ^ _23_/C (sky130_fd_sc_hd__and4_1)
     2    0.009457    0.110384    0.265847    2.785176 ^ _23_/X (sky130_fd_sc_hd__and4_1)
                      0.110384    0.000320    2.785497 ^ _36_/B (sky130_fd_sc_hd__xor2_1)
     1    0.002488    0.106177    0.145093    2.930589 ^ _36_/X (sky130_fd_sc_hd__xor2_1)
                      0.106177    0.000071    2.930660 ^ _44_/D (sky130_fd_sc_hd__dfrtp_1)
                                              2.930660   data arrival time

                                 10.000000   10.000000   clock clk (rise edge)
                                  0.000000   10.000000   clock source latency
     1    0.020794    0.099014    0.068832   10.068832 ^ clk (in)
                      0.099056    0.000000   10.068832 ^ clkbuf_0_clk/A (sky130_fd_sc_hd__clkbuf_16)
     2    0.017965    0.040160    0.143252   10.212084 ^ clkbuf_0_clk/X (sky130_fd_sc_hd__clkbuf_16)
                      0.040170    0.000411   10.212495 ^ clkbuf_1_1__f_clk/A (sky130_fd_sc_hd__clkbuf_16)
     4    0.016069    0.038502    0.119821   10.332315 ^ clkbuf_1_1__f_clk/X (sky130_fd_sc_hd__clkbuf_16)
                      0.038509    0.000407   10.332723 ^ _44_/CLK (sky130_fd_sc_hd__dfrtp_1)
                                 -0.250000   10.082723   clock uncertainty
                                  0.000000   10.082723   clock reconvergence pessimism
                                 -0.074954   10.007770   library setup time
                                             10.007770   data required time
---------------------------------------------------------------------------------------------
                                             10.007770   data required time
                                             -2.930660   data arrival time
---------------------------------------------------------------------------------------------
                                              7.077109   slack (MET)


Startpoint: enable (input port clocked by clk)
Endpoint: _43_ (rising edge-triggered flip-flop clocked by clk)
Path Group: clk
Path Type: max

Fanout         Cap        Slew       Delay        Time   Description
---------------------------------------------------------------------------------------------
                                  0.000000    0.000000   clock clk (rise edge)
                                  0.000000    0.000000   clock network delay (propagated)
                                  2.000000    2.000000 ^ input external delay
     1    0.003229    0.021587    0.011825    2.011825 ^ enable (in)
                      0.021587    0.000000    2.011825 ^ input1/A (sky130_fd_sc_hd__clkbuf_2)
     4    0.027740    0.154933    0.173555    2.185380 ^ input1/X (sky130_fd_sc_hd__clkbuf_2)
                      0.154996    0.002570    2.187950 ^ _19_/D (sky130_fd_sc_hd__and4_1)
     6    0.020289    0.205041    0.330404    2.518354 ^ _19_/X (sky130_fd_sc_hd__and4_1)
                      0.205043    0.000951    2.519305 ^ _22_/B (sky130_fd_sc_hd__and3_1)
     2    0.008193    0.096654    0.223813    2.743118 ^ _22_/X (sky130_fd_sc_hd__and3_1)
                      0.096654    0.000219    2.743337 ^ _35_/B (sky130_fd_sc_hd__xor2_1)
     1    0.002275    0.102492    0.139454    2.882791 ^ _35_/X (sky130_fd_sc_hd__xor2_1)
                      0.102492    0.000045    2.882836 ^ _43_/D (sky130_fd_sc_hd__dfrtp_1)
                                              2.882836   data arrival time

                                 10.000000   10.000000   clock clk (rise edge)
                                  0.000000   10.000000   clock source latency
     1    0.020794    0.099014    0.068832   10.068832 ^ clk (in)
                      0.099056    0.000000   10.068832 ^ clkbuf_0_clk/A (sky130_fd_sc_hd__clkbuf_16)
     2    0.017965    0.040160    0.143252   10.212084 ^ clkbuf_0_clk/X (sky130_fd_sc_hd__clkbuf_16)
                      0.040170    0.000411   10.212495 ^ clkbuf_1_1__f_clk/A (sky130_fd_sc_hd__clkbuf_16)
     4    0.016069    0.038502    0.119821   10.332315 ^ clkbuf_1_1__f_clk/X (sky130_fd_sc_hd__clkbuf_16)
                      0.038508    0.000377   10.332693 ^ _43_/CLK (sky130_fd_sc_hd__dfrtp_1)
                                 -0.250000   10.082693   clock uncertainty
                                  0.000000   10.082693   clock reconvergence pessimism
                                 -0.074101   10.008592   library setup time
                                             10.008592   data required time
---------------------------------------------------------------------------------------------
                                             10.008592   data required time
                                             -2.882836   data arrival time
---------------------------------------------------------------------------------------------
                                              7.125755   slack (MET)


Startpoint: enable (input port clocked by clk)
Endpoint: _40_ (rising edge-triggered flip-flop clocked by clk)
Path Group: clk
Path Type: max

Fanout         Cap        Slew       Delay        Time   Description
---------------------------------------------------------------------------------------------
                                  0.000000    0.000000   clock clk (rise edge)
                                  0.000000    0.000000   clock network delay (propagated)
                                  2.000000    2.000000 v input external delay
     1    0.002999    0.009085    0.004775    2.004775 v enable (in)
                      0.009085    0.000000    2.004775 v input1/A (sky130_fd_sc_hd__clkbuf_2)
     4    0.026943    0.106398    0.151666    2.156440 v input1/X (sky130_fd_sc_hd__clkbuf_2)
                      0.106514    0.002484    2.158924 v _19_/D (sky130_fd_sc_hd__and4_1)
     6    0.019344    0.105547    0.291329    2.450253 v _19_/X (sky130_fd_sc_hd__and4_1)
                      0.105550    0.000687    2.450940 v _30_/B (sky130_fd_sc_hd__or2_1)
     1    0.001898    0.043038    0.217408    2.668349 v _30_/X (sky130_fd_sc_hd__or2_1)
                      0.043038    0.000054    2.668402 v _31_/B (sky130_fd_sc_hd__and2_1)
     1    0.002251    0.032755    0.145903    2.814305 v _31_/X (sky130_fd_sc_hd__and2_1)
                      0.032755    0.000045    2.814350 v _40_/D (sky130_fd_sc_hd__dfrtp_4)
                                              2.814350   data arrival time

                                 10.000000   10.000000   clock clk (rise edge)
                                  0.000000   10.000000   clock source latency
     1    0.020794    0.099014    0.068832   10.068832 ^ clk (in)
                      0.099056    0.000000   10.068832 ^ clkbuf_0_clk/A (sky130_fd_sc_hd__clkbuf_16)
     2    0.017965    0.040160    0.143252   10.212084 ^ clkbuf_0_clk/X (sky130_fd_sc_hd__clkbuf_16)
                      0.040170    0.000464   10.212547 ^ clkbuf_1_0__f_clk/A (sky130_fd_sc_hd__clkbuf_16)
     5    0.016894    0.039204    0.120698   10.333245 ^ clkbuf_1_0__f_clk/X (sky130_fd_sc_hd__clkbuf_16)
                      0.039204    0.000206   10.333451 ^ _40_/CLK (sky130_fd_sc_hd__dfrtp_4)
                                 -0.250000   10.083451   clock uncertainty
                                  0.000000   10.083451   clock reconvergence pessimism
                                 -0.110256    9.973196   library setup time
                                              9.973196   data required time
---------------------------------------------------------------------------------------------
                                              9.973196   data required time
                                             -2.814350   data arrival time
---------------------------------------------------------------------------------------------
                                              7.158846   slack (MET)


Startpoint: enable (input port clocked by clk)
Endpoint: _41_ (rising edge-triggered flip-flop clocked by clk)
Path Group: clk
Path Type: max

Fanout         Cap        Slew       Delay        Time   Description
---------------------------------------------------------------------------------------------
                                  0.000000    0.000000   clock clk (rise edge)
                                  0.000000    0.000000   clock network delay (propagated)
                                  2.000000    2.000000 ^ input external delay
     1    0.003229    0.021587    0.011825    2.011825 ^ enable (in)
                      0.021587    0.000000    2.011825 ^ input1/A (sky130_fd_sc_hd__clkbuf_2)
     4    0.027740    0.154933    0.173555    2.185380 ^ input1/X (sky130_fd_sc_hd__clkbuf_2)
                      0.154996    0.002570    2.187950 ^ _19_/D (sky130_fd_sc_hd__and4_1)
     6    0.020289    0.205041    0.330404    2.518354 ^ _19_/X (sky130_fd_sc_hd__and4_1)
                      0.205042    0.000755    2.519109 ^ _20_/B (sky130_fd_sc_hd__nand2_1)
     2    0.007108    0.075852    0.110685    2.629794 v _20_/Y (sky130_fd_sc_hd__nand2_1)
                      0.075852    0.000268    2.630062 v _32_/B (sky130_fd_sc_hd__xnor2_1)
     1    0.002336    0.042401    0.127666    2.757727 v _32_/Y (sky130_fd_sc_hd__xnor2_1)
                      0.042401    0.000065    2.757792 v _41_/D (sky130_fd_sc_hd__dfrtp_4)
                                              2.757792   data arrival time

                                 10.000000   10.000000   clock clk (rise edge)
                                  0.000000   10.000000   clock source latency
     1    0.020794    0.099014    0.068832   10.068832 ^ clk (in)
                      0.099056    0.000000   10.068832 ^ clkbuf_0_clk/A (sky130_fd_sc_hd__clkbuf_16)
     2    0.017965    0.040160    0.143252   10.212084 ^ clkbuf_0_clk/X (sky130_fd_sc_hd__clkbuf_16)
                      0.040170    0.000411   10.212495 ^ clkbuf_1_1__f_clk/A (sky130_fd_sc_hd__clkbuf_16)
     4    0.016069    0.038502    0.119821   10.332315 ^ clkbuf_1_1__f_clk/X (sky130_fd_sc_hd__clkbuf_16)
                      0.038510    0.000584   10.332899 ^ _41_/CLK (sky130_fd_sc_hd__dfrtp_4)
                                 -0.250000   10.082899   clock uncertainty
                                  0.000000   10.082899   clock reconvergence pessimism
                                 -0.114624    9.968274   library setup time
                                              9.968274   data required time
---------------------------------------------------------------------------------------------
                                              9.968274   data required time
                                             -2.757792   data arrival time
---------------------------------------------------------------------------------------------
                                              7.210482   slack (MET)


Startpoint: enable (input port clocked by clk)
Endpoint: _39_ (rising edge-triggered flip-flop clocked by clk)
Path Group: clk
Path Type: max

Fanout         Cap        Slew       Delay        Time   Description
---------------------------------------------------------------------------------------------
                                  0.000000    0.000000   clock clk (rise edge)
                                  0.000000    0.000000   clock network delay (propagated)
                                  2.000000    2.000000 ^ input external delay
     1    0.003229    0.021587    0.011825    2.011825 ^ enable (in)
                      0.021587    0.000000    2.011825 ^ input1/A (sky130_fd_sc_hd__clkbuf_2)
     4    0.027740    0.154933    0.173555    2.185380 ^ input1/X (sky130_fd_sc_hd__clkbuf_2)
                      0.154996    0.002570    2.187950 ^ _19_/D (sky130_fd_sc_hd__and4_1)
     6    0.020289    0.205041    0.330404    2.518354 ^ _19_/X (sky130_fd_sc_hd__and4_1)
                      0.205041    0.000435    2.518790 ^ _29_/A (sky130_fd_sc_hd__nor2_1)
     1    0.002548    0.051231    0.072715    2.591505 v _29_/Y (sky130_fd_sc_hd__nor2_1)
                      0.051231    0.000076    2.591581 v _39_/D (sky130_fd_sc_hd__dfrtp_1)
                                              2.591581   data arrival time

                                 10.000000   10.000000   clock clk (rise edge)
                                  0.000000   10.000000   clock source latency
     1    0.020794    0.099014    0.068832   10.068832 ^ clk (in)
                      0.099056    0.000000   10.068832 ^ clkbuf_0_clk/A (sky130_fd_sc_hd__clkbuf_16)
     2    0.017965    0.040160    0.143252   10.212084 ^ clkbuf_0_clk/X (sky130_fd_sc_hd__clkbuf_16)
                      0.040170    0.000464   10.212547 ^ clkbuf_1_0__f_clk/A (sky130_fd_sc_hd__clkbuf_16)
     5    0.016894    0.039204    0.120698   10.333245 ^ clkbuf_1_0__f_clk/X (sky130_fd_sc_hd__clkbuf_16)
                      0.039204    0.000179   10.333425 ^ _39_/CLK (sky130_fd_sc_hd__dfrtp_1)
                                 -0.250000   10.083425   clock uncertainty
                                  0.000000   10.083425   clock reconvergence pessimism
                                 -0.118319    9.965104   library setup time
                                              9.965104   data required time
---------------------------------------------------------------------------------------------
                                              9.965104   data required time
                                             -2.591581   data arrival time
---------------------------------------------------------------------------------------------
                                              7.373524   slack (MET)


Startpoint: enable (input port clocked by clk)
Endpoint: _38_ (rising edge-triggered flip-flop clocked by clk)
Path Group: clk
Path Type: max

Fanout         Cap        Slew       Delay        Time   Description
---------------------------------------------------------------------------------------------
                                  0.000000    0.000000   clock clk (rise edge)
                                  0.000000    0.000000   clock network delay (propagated)
                                  2.000000    2.000000 ^ input external delay
     1    0.003229    0.021587    0.011825    2.011825 ^ enable (in)
                      0.021587    0.000000    2.011825 ^ input1/A (sky130_fd_sc_hd__clkbuf_2)
     4    0.027740    0.154933    0.173555    2.185380 ^ input1/X (sky130_fd_sc_hd__clkbuf_2)
                      0.154998    0.002613    2.187993 ^ _18_/C (sky130_fd_sc_hd__and3_1)
     2    0.007519    0.090930    0.206313    2.394305 ^ _18_/X (sky130_fd_sc_hd__and3_1)
                      0.090930    0.000172    2.394477 ^ _27_/A (sky130_fd_sc_hd__nor2_1)
     1    0.003075    0.035754    0.054839    2.449317 v _27_/Y (sky130_fd_sc_hd__nor2_1)
                      0.035754    0.000094    2.449411 v _38_/D (sky130_fd_sc_hd__dfrtp_1)
                                              2.449411   data arrival time

                                 10.000000   10.000000   clock clk (rise edge)
                                  0.000000   10.000000   clock source latency
     1    0.020794    0.099014    0.068832   10.068832 ^ clk (in)
                      0.099056    0.000000   10.068832 ^ clkbuf_0_clk/A (sky130_fd_sc_hd__clkbuf_16)
     2    0.017965    0.040160    0.143252   10.212084 ^ clkbuf_0_clk/X (sky130_fd_sc_hd__clkbuf_16)
                      0.040170    0.000464   10.212547 ^ clkbuf_1_0__f_clk/A (sky130_fd_sc_hd__clkbuf_16)
     5    0.016894    0.039204    0.120698   10.333245 ^ clkbuf_1_0__f_clk/X (sky130_fd_sc_hd__clkbuf_16)
                      0.039204    0.000252   10.333498 ^ _38_/CLK (sky130_fd_sc_hd__dfrtp_1)
                                 -0.250000   10.083498   clock uncertainty
                                  0.000000   10.083498   clock reconvergence pessimism
                                 -0.111564    9.971933   library setup time
                                              9.971933   data required time
---------------------------------------------------------------------------------------------
                                              9.971933   data required time
                                             -2.449411   data arrival time
---------------------------------------------------------------------------------------------
                                              7.522522   slack (MET)


Startpoint: enable (input port clocked by clk)
Endpoint: _37_ (rising edge-triggered flip-flop clocked by clk)
Path Group: clk
Path Type: max

Fanout         Cap        Slew       Delay        Time   Description
---------------------------------------------------------------------------------------------
                                  0.000000    0.000000   clock clk (rise edge)
                                  0.000000    0.000000   clock network delay (propagated)
                                  2.000000    2.000000 v input external delay
     1    0.002999    0.009085    0.004775    2.004775 v enable (in)
                      0.009085    0.000000    2.004775 v input1/A (sky130_fd_sc_hd__clkbuf_2)
     4    0.026943    0.106398    0.151666    2.156440 v input1/X (sky130_fd_sc_hd__clkbuf_2)
                      0.106519    0.002565    2.159005 v _25_/B (sky130_fd_sc_hd__xor2_1)
     1    0.002782    0.058791    0.159418    2.318423 v _25_/X (sky130_fd_sc_hd__xor2_1)
                      0.058791    0.000085    2.318508 v _37_/D (sky130_fd_sc_hd__dfrtp_2)
                                              2.318508   data arrival time

                                 10.000000   10.000000   clock clk (rise edge)
                                  0.000000   10.000000   clock source latency
     1    0.020794    0.099014    0.068832   10.068832 ^ clk (in)
                      0.099056    0.000000   10.068832 ^ clkbuf_0_clk/A (sky130_fd_sc_hd__clkbuf_16)
     2    0.017965    0.040160    0.143252   10.212084 ^ clkbuf_0_clk/X (sky130_fd_sc_hd__clkbuf_16)
                      0.040170    0.000464   10.212547 ^ clkbuf_1_0__f_clk/A (sky130_fd_sc_hd__clkbuf_16)
     5    0.016894    0.039204    0.120698   10.333245 ^ clkbuf_1_0__f_clk/X (sky130_fd_sc_hd__clkbuf_16)
                      0.039204    0.000234   10.333479 ^ _37_/CLK (sky130_fd_sc_hd__dfrtp_2)
                                 -0.250000   10.083479   clock uncertainty
                                  0.000000   10.083479   clock reconvergence pessimism
                                 -0.122889    9.960591   library setup time
                                              9.960591   data required time
---------------------------------------------------------------------------------------------
                                              9.960591   data required time
                                             -2.318508   data arrival time
---------------------------------------------------------------------------------------------
                                              7.642083   slack (MET)


Startpoint: rst_n (input port clocked by clk)
Endpoint: _41_ (recovery check against rising-edge clock clk)
Path Group: asynchronous
Path Type: max

Fanout         Cap        Slew       Delay        Time   Description
---------------------------------------------------------------------------------------------
                                  0.000000    0.000000   clock clk (rise edge)
                                  0.000000    0.000000   clock network delay (propagated)
                                  2.000000    2.000000 ^ input external delay
     1    0.002897    0.020149    0.010659    2.010659 ^ rst_n (in)
                      0.020149    0.000000    2.010659 ^ input2/A (sky130_fd_sc_hd__clkbuf_4)
     8    0.055627    0.171814    0.216710    2.227369 ^ input2/X (sky130_fd_sc_hd__clkbuf_4)
                      0.172145    0.006144    2.233514 ^ _41_/RESET_B (sky130_fd_sc_hd__dfrtp_4)
                                              2.233514   data arrival time

                                 10.000000   10.000000   clock clk (rise edge)
                                  0.000000   10.000000   clock source latency
     1    0.020794    0.099014    0.068832   10.068832 ^ clk (in)
                      0.099056    0.000000   10.068832 ^ clkbuf_0_clk/A (sky130_fd_sc_hd__clkbuf_16)
     2    0.017965    0.040160    0.143252   10.212084 ^ clkbuf_0_clk/X (sky130_fd_sc_hd__clkbuf_16)
                      0.040170    0.000411   10.212495 ^ clkbuf_1_1__f_clk/A (sky130_fd_sc_hd__clkbuf_16)
     4    0.016069    0.038502    0.119821   10.332315 ^ clkbuf_1_1__f_clk/X (sky130_fd_sc_hd__clkbuf_16)
                      0.038510    0.000584   10.332899 ^ _41_/CLK (sky130_fd_sc_hd__dfrtp_4)
                                 -0.250000   10.082899   clock uncertainty
                                  0.000000   10.082899   clock reconvergence pessimism
                                  0.173998   10.256897   library recovery time
                                             10.256897   data required time
---------------------------------------------------------------------------------------------
                                             10.256897   data required time
                                             -2.233514   data arrival time
---------------------------------------------------------------------------------------------
                                              8.023383   slack (MET)


Startpoint: rst_n (input port clocked by clk)
Endpoint: _40_ (recovery check against rising-edge clock clk)
Path Group: asynchronous
Path Type: max

Fanout         Cap        Slew       Delay        Time   Description
---------------------------------------------------------------------------------------------
                                  0.000000    0.000000   clock clk (rise edge)
                                  0.000000    0.000000   clock network delay (propagated)
                                  2.000000    2.000000 ^ input external delay
     1    0.002897    0.020149    0.010659    2.010659 ^ rst_n (in)
                      0.020149    0.000000    2.010659 ^ input2/A (sky130_fd_sc_hd__clkbuf_4)
     8    0.055627    0.171814    0.216710    2.227369 ^ input2/X (sky130_fd_sc_hd__clkbuf_4)
                      0.172146    0.006154    2.233524 ^ _40_/RESET_B (sky130_fd_sc_hd__dfrtp_4)
                                              2.233524   data arrival time

                                 10.000000   10.000000   clock clk (rise edge)
                                  0.000000   10.000000   clock source latency
     1    0.020794    0.099014    0.068832   10.068832 ^ clk (in)
                      0.099056    0.000000   10.068832 ^ clkbuf_0_clk/A (sky130_fd_sc_hd__clkbuf_16)
     2    0.017965    0.040160    0.143252   10.212084 ^ clkbuf_0_clk/X (sky130_fd_sc_hd__clkbuf_16)
                      0.040170    0.000464   10.212547 ^ clkbuf_1_0__f_clk/A (sky130_fd_sc_hd__clkbuf_16)
     5    0.016894    0.039204    0.120698   10.333245 ^ clkbuf_1_0__f_clk/X (sky130_fd_sc_hd__clkbuf_16)
                      0.039204    0.000206   10.333451 ^ _40_/CLK (sky130_fd_sc_hd__dfrtp_4)
                                 -0.250000   10.083451   clock uncertainty
                                  0.000000   10.083451   clock reconvergence pessimism
                                  0.174216   10.257668   library recovery time
                                             10.257668   data required time
---------------------------------------------------------------------------------------------
                                             10.257668   data required time
                                             -2.233524   data arrival time
---------------------------------------------------------------------------------------------
                                              8.024144   slack (MET)


Startpoint: rst_n (input port clocked by clk)
Endpoint: _37_ (recovery check against rising-edge clock clk)
Path Group: asynchronous
Path Type: max

Fanout         Cap        Slew       Delay        Time   Description
---------------------------------------------------------------------------------------------
                                  0.000000    0.000000   clock clk (rise edge)
                                  0.000000    0.000000   clock network delay (propagated)
                                  2.000000    2.000000 ^ input external delay
     1    0.002897    0.020149    0.010659    2.010659 ^ rst_n (in)
                      0.020149    0.000000    2.010659 ^ input2/A (sky130_fd_sc_hd__clkbuf_4)
     8    0.055627    0.171814    0.216710    2.227369 ^ input2/X (sky130_fd_sc_hd__clkbuf_4)
                      0.171969    0.004253    2.231622 ^ _37_/RESET_B (sky130_fd_sc_hd__dfrtp_2)
                                              2.231622   data arrival time

                                 10.000000   10.000000   clock clk (rise edge)
                                  0.000000   10.000000   clock source latency
     1    0.020794    0.099014    0.068832   10.068832 ^ clk (in)
                      0.099056    0.000000   10.068832 ^ clkbuf_0_clk/A (sky130_fd_sc_hd__clkbuf_16)
     2    0.017965    0.040160    0.143252   10.212084 ^ clkbuf_0_clk/X (sky130_fd_sc_hd__clkbuf_16)
                      0.040170    0.000464   10.212547 ^ clkbuf_1_0__f_clk/A (sky130_fd_sc_hd__clkbuf_16)
     5    0.016894    0.039204    0.120698   10.333245 ^ clkbuf_1_0__f_clk/X (sky130_fd_sc_hd__clkbuf_16)
                      0.039204    0.000234   10.333479 ^ _37_/CLK (sky130_fd_sc_hd__dfrtp_2)
                                 -0.250000   10.083479   clock uncertainty
                                  0.000000   10.083479   clock reconvergence pessimism
                                  0.179480   10.262959   library recovery time
                                             10.262959   data required time
---------------------------------------------------------------------------------------------
                                             10.262959   data required time
                                             -2.231622   data arrival time
---------------------------------------------------------------------------------------------
                                              8.031338   slack (MET)


Startpoint: rst_n (input port clocked by clk)
Endpoint: _42_ (recovery check against rising-edge clock clk)
Path Group: asynchronous
Path Type: max

Fanout         Cap        Slew       Delay        Time   Description
---------------------------------------------------------------------------------------------
                                  0.000000    0.000000   clock clk (rise edge)
                                  0.000000    0.000000   clock network delay (propagated)
                                  2.000000    2.000000 ^ input external delay
     1    0.002897    0.020149    0.010659    2.010659 ^ rst_n (in)
                      0.020149    0.000000    2.010659 ^ input2/A (sky130_fd_sc_hd__clkbuf_4)
     8    0.055627    0.171814    0.216710    2.227369 ^ input2/X (sky130_fd_sc_hd__clkbuf_4)
                      0.172126    0.005977    2.233346 ^ _42_/RESET_B (sky130_fd_sc_hd__dfrtp_1)
                                              2.233346   data arrival time

                                 10.000000   10.000000   clock clk (rise edge)
                                  0.000000   10.000000   clock source latency
     1    0.020794    0.099014    0.068832   10.068832 ^ clk (in)
                      0.099056    0.000000   10.068832 ^ clkbuf_0_clk/A (sky130_fd_sc_hd__clkbuf_16)
     2    0.017965    0.040160    0.143252   10.212084 ^ clkbuf_0_clk/X (sky130_fd_sc_hd__clkbuf_16)
                      0.040170    0.000411   10.212495 ^ clkbuf_1_1__f_clk/A (sky130_fd_sc_hd__clkbuf_16)
     4    0.016069    0.038502    0.119821   10.332315 ^ clkbuf_1_1__f_clk/X (sky130_fd_sc_hd__clkbuf_16)
                      0.038509    0.000511   10.332827 ^ _42_/CLK (sky130_fd_sc_hd__dfrtp_1)
                                 -0.250000   10.082827   clock uncertainty
                                  0.000000   10.082827   clock reconvergence pessimism
                                  0.195397   10.278223   library recovery time
                                             10.278223   data required time
---------------------------------------------------------------------------------------------
                                             10.278223   data required time
                                             -2.233346   data arrival time
---------------------------------------------------------------------------------------------
                                              8.044877   slack (MET)


Startpoint: rst_n (input port clocked by clk)
Endpoint: _43_ (recovery check against rising-edge clock clk)
Path Group: asynchronous
Path Type: max

Fanout         Cap        Slew       Delay        Time   Description
---------------------------------------------------------------------------------------------
                                  0.000000    0.000000   clock clk (rise edge)
                                  0.000000    0.000000   clock network delay (propagated)
                                  2.000000    2.000000 ^ input external delay
     1    0.002897    0.020149    0.010659    2.010659 ^ rst_n (in)
                      0.020149    0.000000    2.010659 ^ input2/A (sky130_fd_sc_hd__clkbuf_4)
     8    0.055627    0.171814    0.216710    2.227369 ^ input2/X (sky130_fd_sc_hd__clkbuf_4)
                      0.172102    0.005748    2.233117 ^ _43_/RESET_B (sky130_fd_sc_hd__dfrtp_1)
                                              2.233117   data arrival time

                                 10.000000   10.000000   clock clk (rise edge)
                                  0.000000   10.000000   clock source latency
     1    0.020794    0.099014    0.068832   10.068832 ^ clk (in)
                      0.099056    0.000000   10.068832 ^ clkbuf_0_clk/A (sky130_fd_sc_hd__clkbuf_16)
     2    0.017965    0.040160    0.143252   10.212084 ^ clkbuf_0_clk/X (sky130_fd_sc_hd__clkbuf_16)
                      0.040170    0.000411   10.212495 ^ clkbuf_1_1__f_clk/A (sky130_fd_sc_hd__clkbuf_16)
     4    0.016069    0.038502    0.119821   10.332315 ^ clkbuf_1_1__f_clk/X (sky130_fd_sc_hd__clkbuf_16)
                      0.038508    0.000377   10.332693 ^ _43_/CLK (sky130_fd_sc_hd__dfrtp_1)
                                 -0.250000   10.082693   clock uncertainty
                                  0.000000   10.082693   clock reconvergence pessimism
                                  0.195402   10.278096   library recovery time
                                             10.278096   data required time
---------------------------------------------------------------------------------------------
                                             10.278096   data required time
                                             -2.233117   data arrival time
---------------------------------------------------------------------------------------------
                                              8.044978   slack (MET)


Startpoint: rst_n (input port clocked by clk)
Endpoint: _44_ (recovery check against rising-edge clock clk)
Path Group: asynchronous
Path Type: max

Fanout         Cap        Slew       Delay        Time   Description
---------------------------------------------------------------------------------------------
                                  0.000000    0.000000   clock clk (rise edge)
                                  0.000000    0.000000   clock network delay (propagated)
                                  2.000000    2.000000 ^ input external delay
     1    0.002897    0.020149    0.010659    2.010659 ^ rst_n (in)
                      0.020149    0.000000    2.010659 ^ input2/A (sky130_fd_sc_hd__clkbuf_4)
     8    0.055627    0.171814    0.216710    2.227369 ^ input2/X (sky130_fd_sc_hd__clkbuf_4)
                      0.172078    0.005507    2.232876 ^ _44_/RESET_B (sky130_fd_sc_hd__dfrtp_1)
                                              2.232876   data arrival time

                                 10.000000   10.000000   clock clk (rise edge)
                                  0.000000   10.000000   clock source latency
     1    0.020794    0.099014    0.068832   10.068832 ^ clk (in)
                      0.099056    0.000000   10.068832 ^ clkbuf_0_clk/A (sky130_fd_sc_hd__clkbuf_16)
     2    0.017965    0.040160    0.143252   10.212084 ^ clkbuf_0_clk/X (sky130_fd_sc_hd__clkbuf_16)
                      0.040170    0.000411   10.212495 ^ clkbuf_1_1__f_clk/A (sky130_fd_sc_hd__clkbuf_16)
     4    0.016069    0.038502    0.119821   10.332315 ^ clkbuf_1_1__f_clk/X (sky130_fd_sc_hd__clkbuf_16)
                      0.038509    0.000407   10.332723 ^ _44_/CLK (sky130_fd_sc_hd__dfrtp_1)
                                 -0.250000   10.082723   clock uncertainty
                                  0.000000   10.082723   clock reconvergence pessimism
                                  0.195409   10.278131   library recovery time
                                             10.278131   data required time
---------------------------------------------------------------------------------------------
                                             10.278131   data required time
                                             -2.232876   data arrival time
---------------------------------------------------------------------------------------------
                                              8.045256   slack (MET)


Startpoint: rst_n (input port clocked by clk)
Endpoint: _39_ (recovery check against rising-edge clock clk)
Path Group: asynchronous
Path Type: max

Fanout         Cap        Slew       Delay        Time   Description
---------------------------------------------------------------------------------------------
                                  0.000000    0.000000   clock clk (rise edge)
                                  0.000000    0.000000   clock network delay (propagated)
                                  2.000000    2.000000 ^ input external delay
     1    0.002897    0.020149    0.010659    2.010659 ^ rst_n (in)
                      0.020149    0.000000    2.010659 ^ input2/A (sky130_fd_sc_hd__clkbuf_4)
     8    0.055627    0.171814    0.216710    2.227369 ^ input2/X (sky130_fd_sc_hd__clkbuf_4)
                      0.172045    0.005158    2.232527 ^ _39_/RESET_B (sky130_fd_sc_hd__dfrtp_1)
                                              2.232527   data arrival time

                                 10.000000   10.000000   clock clk (rise edge)
                                  0.000000   10.000000   clock source latency
     1    0.020794    0.099014    0.068832   10.068832 ^ clk (in)
                      0.099056    0.000000   10.068832 ^ clkbuf_0_clk/A (sky130_fd_sc_hd__clkbuf_16)
     2    0.017965    0.040160    0.143252   10.212084 ^ clkbuf_0_clk/X (sky130_fd_sc_hd__clkbuf_16)
                      0.040170    0.000464   10.212547 ^ clkbuf_1_0__f_clk/A (sky130_fd_sc_hd__clkbuf_16)
     5    0.016894    0.039204    0.120698   10.333245 ^ clkbuf_1_0__f_clk/X (sky130_fd_sc_hd__clkbuf_16)
                      0.039204    0.000179   10.333425 ^ _39_/CLK (sky130_fd_sc_hd__dfrtp_1)
                                 -0.250000   10.083425   clock uncertainty
                                  0.000000   10.083425   clock reconvergence pessimism
                                  0.195634   10.279058   library recovery time
                                             10.279058   data required time
---------------------------------------------------------------------------------------------
                                             10.279058   data required time
                                             -2.232527   data arrival time
---------------------------------------------------------------------------------------------
                                              8.046532   slack (MET)


Startpoint: rst_n (input port clocked by clk)
Endpoint: _38_ (recovery check against rising-edge clock clk)
Path Group: asynchronous
Path Type: max

Fanout         Cap        Slew       Delay        Time   Description
---------------------------------------------------------------------------------------------
                                  0.000000    0.000000   clock clk (rise edge)
                                  0.000000    0.000000   clock network delay (propagated)
                                  2.000000    2.000000 ^ input external delay
     1    0.002897    0.020149    0.010659    2.010659 ^ rst_n (in)
                      0.020149    0.000000    2.010659 ^ input2/A (sky130_fd_sc_hd__clkbuf_4)
     8    0.055627    0.171814    0.216710    2.227369 ^ input2/X (sky130_fd_sc_hd__clkbuf_4)
                      0.171944    0.003899    2.231269 ^ _38_/RESET_B (sky130_fd_sc_hd__dfrtp_1)
                                              2.231269   data arrival time

                                 10.000000   10.000000   clock clk (rise edge)
                                  0.000000   10.000000   clock source latency
     1    0.020794    0.099014    0.068832   10.068832 ^ clk (in)
                      0.099056    0.000000   10.068832 ^ clkbuf_0_clk/A (sky130_fd_sc_hd__clkbuf_16)
     2    0.017965    0.040160    0.143252   10.212084 ^ clkbuf_0_clk/X (sky130_fd_sc_hd__clkbuf_16)
                      0.040170    0.000464   10.212547 ^ clkbuf_1_0__f_clk/A (sky130_fd_sc_hd__clkbuf_16)
     5    0.016894    0.039204    0.120698   10.333245 ^ clkbuf_1_0__f_clk/X (sky130_fd_sc_hd__clkbuf_16)
                      0.039204    0.000252   10.333498 ^ _38_/CLK (sky130_fd_sc_hd__dfrtp_1)
                                 -0.250000   10.083498   clock uncertainty
                                  0.000000   10.083498   clock reconvergence pessimism
                                  0.195660   10.279159   library recovery time
                                             10.279159   data required time
---------------------------------------------------------------------------------------------
                                             10.279159   data required time
                                             -2.231269   data arrival time
---------------------------------------------------------------------------------------------
                                              8.047890   slack (MET)



