
===========================================================================
report_checks -unconstrained
===========================================================================
======================= nom_tt_025C_1v80 Corner ===================================

Startpoint: rst_n (input port clocked by clk)
Endpoint: _42_ (recovery check against rising-edge clock clk)
Path Group: asynchronous
Path Type: max

Fanout         Cap        Slew       Delay        Time   Description
---------------------------------------------------------------------------------------------
                                  0.000000    0.000000   clock clk (rise edge)
                                  0.000000    0.000000   clock network delay (propagated)
                                  2.000000    2.000000 ^ input external delay
     8    0.047263    0.216885    0.150721    2.150722 ^ rst_n (in)
                      0.216903    0.000000    2.150722 ^ _42_/RESET_B (sky130_fd_sc_hd__dfrtp_4)
                                              2.150722   data arrival time

                                 10.000000   10.000000   clock clk (rise edge)
                                  0.000000   10.000000   clock source latency
     8    0.033183    0.154580    0.107116   10.107117 ^ clk (in)
                      0.154593    0.000000   10.107117 ^ _42_/CLK (sky130_fd_sc_hd__dfrtp_4)
                                 -0.250000    9.857117   clock uncertainty
                                  0.000000    9.857117   clock reconvergence pessimism
                                  0.196318   10.053434   library recovery time
                                             10.053434   data required time
---------------------------------------------------------------------------------------------
                                             10.053434   data required time
                                             -2.150722   data arrival time
---------------------------------------------------------------------------------------------
                                              7.902712   slack (MET)


Startpoint: enable (input port clocked by clk)
Endpoint: overflow (output port clocked by clk)
Path Group: clk
Path Type: max

Fanout         Cap        Slew       Delay        Time   Description
---------------------------------------------------------------------------------------------
                                  0.000000    0.000000   clock clk (rise edge)
                                  0.000000    0.000000   clock network delay (propagated)
                                  2.000000    2.000000 ^ input external delay
     4    0.020420    0.097618    0.067200    2.067200 ^ enable (in)
                      0.097630    0.000000    2.067200 ^ _19_/D (sky130_fd_sc_hd__and4_1)
     6    0.016633    0.172598    0.294877    2.362077 ^ _19_/X (sky130_fd_sc_hd__and4_1)
                      0.172598    0.000224    2.362302 ^ _23_/C (sky130_fd_sc_hd__and4_1)
     2    0.008794    0.104885    0.254182    2.616484 ^ _23_/X (sky130_fd_sc_hd__and4_1)
                      0.104885    0.000079    2.616563 ^ _24_/B (sky130_fd_sc_hd__and2_4)
     1    0.041469    0.130799    0.227651    2.844214 ^ _24_/X (sky130_fd_sc_hd__and2_4)
                      0.130810    0.001314    2.845529 ^ overflow (out)
                                              2.845529   data arrival time

                                 10.000000   10.000000   clock clk (rise edge)
                                  0.000000   10.000000   clock network delay (propagated)
                                 -0.250000    9.750000   clock uncertainty
                                  0.000000    9.750000   clock reconvergence pessimism
                                 -2.000000    7.750000   output external delay
                                              7.750000   data required time
---------------------------------------------------------------------------------------------
                                              7.750000   data required time
                                             -2.845529   data arrival time
---------------------------------------------------------------------------------------------
                                              4.904471   slack (MET)




===========================================================================
report_checks --slack_max -0.01
============================================================================
======================= nom_tt_025C_1v80 Corner ===================================

No paths found.


===========================================================================
 report_check_types -max_slew -max_cap -max_fanout -violators
============================================================================
======================= nom_tt_025C_1v80 Corner ===================================



===========================================================================
report_parasitic_annotation -report_unannotated
============================================================================
Found 0 unannotated drivers.
Found 0 partially unannotated drivers.

===========================================================================
max slew violation count 0
Writing metric design__max_slew_violation__count__corner:nom_tt_025C_1v80: 0
max fanout violation count 0
Writing metric design__max_fanout_violation__count__corner:nom_tt_025C_1v80: 0
max cap violation count 0
Writing metric design__max_cap_violation__count__corner:nom_tt_025C_1v80: 0
============================================================================

===========================================================================
check_setup -verbose -unconstrained_endpoints -multiple_clock -no_clock -no_input_delay -loops -generated_clocks
===========================================================================
