Clock: clk
Sources: clk 
Generated: no
Virtual: yes
Propagated: no
Period: 10.000000

===========================================================================
report_clock_properties
============================================================================
Clock                   Period          Waveform
----------------------------------------------------
clk                  10.000000    0.000000  5.000000

===========================================================================
report_clock_latency
============================================================================
Clock clk
rise -> rise
    min     max
0.000000 0.000000 source latency
0.106812         network latency _38_/CLK
        0.107116 network latency _42_/CLK
---------------
0.106812 0.107116 latency
        0.000304 skew

fall -> fall
    min     max
0.000000 0.000000 source latency
0.051206         network latency _38_/CLK
        0.051495 network latency _42_/CLK
---------------
0.051206 0.051495 latency
        0.000289 skew



===========================================================================
report_clock_min_period
============================================================================
clk period_min = 1.57 fmax = 637.64
