
===========================================================================
report_checks -path_delay min (Hold)
============================================================================
======================= min_tt_025C_1v80 Corner ===================================

Warning: corner.tcl line 57, unknown field nets.
Warning: corner.tcl line 57, report_checks -group_count is deprecated. Use -group_path_count instead.
Startpoint: _42_ (rising edge-triggered flip-flop clocked by clk)
Endpoint: _42_ (rising edge-triggered flip-flop clocked by clk)
Path Group: clk
Path Type: min

Fanout         Cap        Slew       Delay        Time   Description
---------------------------------------------------------------------------------------------
                                  0.000000    0.000000   clock clk (rise edge)
                                  0.000000    0.000000   clock source latency
     1    0.013726    0.067734    0.046000    0.046000 ^ clk (in)
                      0.067735    0.000000    0.046000 ^ clkbuf_0_clk/A (sky130_fd_sc_hd__clkbuf_16)
     2    0.017669    0.039869    0.131523    0.177522 ^ clkbuf_0_clk/X (sky130_fd_sc_hd__clkbuf_16)
                      0.039879    0.000178    0.177700 ^ clkbuf_1_1__f_clk/A (sky130_fd_sc_hd__clkbuf_16)
     4    0.012110    0.035135    0.116021    0.293721 ^ clkbuf_1_1__f_clk/X (sky130_fd_sc_hd__clkbuf_16)
                      0.035135    0.000142    0.293863 ^ _42_/CLK (sky130_fd_sc_hd__dfrtp_1)
     3    0.011295    0.110822    0.367314    0.661177 ^ _42_/Q (sky130_fd_sc_hd__dfrtp_1)
                      0.110822    0.000140    0.661318 ^ _33_/B1 (sky130_fd_sc_hd__a31o_1)
     1    0.002020    0.036512    0.101348    0.762666 ^ _33_/X (sky130_fd_sc_hd__a31o_1)
                      0.036512    0.000009    0.762675 ^ _34_/B (sky130_fd_sc_hd__and2b_1)
     1    0.002504    0.038996    0.108069    0.870744 ^ _34_/X (sky130_fd_sc_hd__and2b_1)
                      0.038996    0.000023    0.870767 ^ _42_/D (sky130_fd_sc_hd__dfrtp_1)
                                              0.870767   data arrival time

                                  0.000000    0.000000   clock clk (rise edge)
                                  0.000000    0.000000   clock source latency
     1    0.013726    0.067734    0.046000    0.046000 ^ clk (in)
                      0.067735    0.000000    0.046000 ^ clkbuf_0_clk/A (sky130_fd_sc_hd__clkbuf_16)
     2    0.017669    0.039869    0.131523    0.177522 ^ clkbuf_0_clk/X (sky130_fd_sc_hd__clkbuf_16)
                      0.039879    0.000178    0.177700 ^ clkbuf_1_1__f_clk/A (sky130_fd_sc_hd__clkbuf_16)
     4    0.012110    0.035135    0.116021    0.293721 ^ clkbuf_1_1__f_clk/X (sky130_fd_sc_hd__clkbuf_16)
                      0.035135    0.000142    0.293863 ^ _42_/CLK (sky130_fd_sc_hd__dfrtp_1)
                                  0.250000    0.543863   clock uncertainty
                                  0.000000    0.543863   clock reconvergence pessimism
                                 -0.034852    0.509010   library hold time
                                              0.509010   data required time
---------------------------------------------------------------------------------------------
                                              0.509010   data required time
                                             -0.870767   data arrival time
---------------------------------------------------------------------------------------------
                                              0.361757   slack (MET)


Startpoint: _40_ (rising edge-triggered flip-flop clocked by clk)
Endpoint: _41_ (rising edge-triggered flip-flop clocked by clk)
Path Group: clk
Path Type: min

Fanout         Cap        Slew       Delay        Time   Description
---------------------------------------------------------------------------------------------
                                  0.000000    0.000000   clock clk (rise edge)
                                  0.000000    0.000000   clock source latency
     1    0.013726    0.067734    0.046000    0.046000 ^ clk (in)
                      0.067735    0.000000    0.046000 ^ clkbuf_0_clk/A (sky130_fd_sc_hd__clkbuf_16)
     2    0.017669    0.039869    0.131523    0.177522 ^ clkbuf_0_clk/X (sky130_fd_sc_hd__clkbuf_16)
                      0.039879    0.000208    0.177730 ^ clkbuf_1_0__f_clk/A (sky130_fd_sc_hd__clkbuf_16)
     4    0.012989    0.035881    0.116876    0.294606 ^ clkbuf_1_0__f_clk/X (sky130_fd_sc_hd__clkbuf_16)
                      0.035881    0.000101    0.294707 ^ _40_/CLK (sky130_fd_sc_hd__dfrtp_1)
     6    0.019289    0.111714    0.425829    0.720536 v _40_/Q (sky130_fd_sc_hd__dfrtp_1)
                      0.111714    0.000275    0.720811 v _20_/A (sky130_fd_sc_hd__nand2_1)
     2    0.006545    0.074233    0.106529    0.827340 ^ _20_/Y (sky130_fd_sc_hd__nand2_1)
                      0.074233    0.000042    0.827382 ^ _32_/B (sky130_fd_sc_hd__xnor2_1)
     1    0.002302    0.032016    0.060213    0.887595 v _32_/Y (sky130_fd_sc_hd__xnor2_1)
                      0.032016    0.000020    0.887615 v _41_/D (sky130_fd_sc_hd__dfrtp_1)
                                              0.887615   data arrival time

                                  0.000000    0.000000   clock clk (rise edge)
                                  0.000000    0.000000   clock source latency
     1    0.013726    0.067734    0.046000    0.046000 ^ clk (in)
                      0.067735    0.000000    0.046000 ^ clkbuf_0_clk/A (sky130_fd_sc_hd__clkbuf_16)
     2    0.017669    0.039869    0.131523    0.177522 ^ clkbuf_0_clk/X (sky130_fd_sc_hd__clkbuf_16)
                      0.039879    0.000208    0.177730 ^ clkbuf_1_0__f_clk/A (sky130_fd_sc_hd__clkbuf_16)
     4    0.012989    0.035881    0.116876    0.294606 ^ clkbuf_1_0__f_clk/X (sky130_fd_sc_hd__clkbuf_16)
                      0.035881    0.000070    0.294676 ^ _41_/CLK (sky130_fd_sc_hd__dfrtp_1)
                                  0.250000    0.544676   clock uncertainty
                                  0.000000    0.544676   clock reconvergence pessimism
                                 -0.042569    0.502107   library hold time
                                              0.502107   data required time
---------------------------------------------------------------------------------------------
                                              0.502107   data required time
                                             -0.887615   data arrival time
---------------------------------------------------------------------------------------------
                                              0.385508   slack (MET)


Startpoint: _38_ (rising edge-triggered flip-flop clocked by clk)
Endpoint: _38_ (rising edge-triggered flip-flop clocked by clk)
Path Group: clk
Path Type: min

Fanout         Cap        Slew       Delay        Time   Description
---------------------------------------------------------------------------------------------
                                  0.000000    0.000000   clock clk (rise edge)
                                  0.000000    0.000000   clock source latency
     1    0.013726    0.067734    0.046000    0.046000 ^ clk (in)
                      0.067735    0.000000    0.046000 ^ clkbuf_0_clk/A (sky130_fd_sc_hd__clkbuf_16)
     2    0.017669    0.039869    0.131523    0.177522 ^ clkbuf_0_clk/X (sky130_fd_sc_hd__clkbuf_16)
                      0.039879    0.000208    0.177730 ^ clkbuf_1_0__f_clk/A (sky130_fd_sc_hd__clkbuf_16)
     4    0.012989    0.035881    0.116876    0.294606 ^ clkbuf_1_0__f_clk/X (sky130_fd_sc_hd__clkbuf_16)
                      0.035881    0.000115    0.294721 ^ _38_/CLK (sky130_fd_sc_hd__dfrtp_1)
     4    0.011588    0.113228    0.369365    0.664086 ^ _38_/Q (sky130_fd_sc_hd__dfrtp_1)
                      0.113228    0.000147    0.664233 ^ _18_/B (sky130_fd_sc_hd__and3_1)
     2    0.006175    0.078009    0.185998    0.850231 ^ _18_/X (sky130_fd_sc_hd__and3_1)
                      0.078009    0.000064    0.850295 ^ _27_/A (sky130_fd_sc_hd__nor2_1)
     1    0.002594    0.029332    0.049223    0.899518 v _27_/Y (sky130_fd_sc_hd__nor2_1)
                      0.029332    0.000026    0.899544 v _38_/D (sky130_fd_sc_hd__dfrtp_1)
                                              0.899544   data arrival time

                                  0.000000    0.000000   clock clk (rise edge)
                                  0.000000    0.000000   clock source latency
     1    0.013726    0.067734    0.046000    0.046000 ^ clk (in)
                      0.067735    0.000000    0.046000 ^ clkbuf_0_clk/A (sky130_fd_sc_hd__clkbuf_16)
     2    0.017669    0.039869    0.131523    0.177522 ^ clkbuf_0_clk/X (sky130_fd_sc_hd__clkbuf_16)
                      0.039879    0.000208    0.177730 ^ clkbuf_1_0__f_clk/A (sky130_fd_sc_hd__clkbuf_16)
     4    0.012989    0.035881    0.116876    0.294606 ^ clkbuf_1_0__f_clk/X (sky130_fd_sc_hd__clkbuf_16)
                      0.035881    0.000115    0.294721 ^ _38_/CLK (sky130_fd_sc_hd__dfrtp_1)
                                  0.250000    0.544721   clock uncertainty
                                  0.000000    0.544721   clock reconvergence pessimism
                                 -0.041476    0.503245   library hold time
                                              0.503245   data required time
---------------------------------------------------------------------------------------------
                                              0.503245   data required time
                                             -0.899544   data arrival time
---------------------------------------------------------------------------------------------
                                              0.396299   slack (MET)


Startpoint: _40_ (rising edge-triggered flip-flop clocked by clk)
Endpoint: _40_ (rising edge-triggered flip-flop clocked by clk)
Path Group: clk
Path Type: min

Fanout         Cap        Slew       Delay        Time   Description
---------------------------------------------------------------------------------------------
                                  0.000000    0.000000   clock clk (rise edge)
                                  0.000000    0.000000   clock source latency
     1    0.013726    0.067734    0.046000    0.046000 ^ clk (in)
                      0.067735    0.000000    0.046000 ^ clkbuf_0_clk/A (sky130_fd_sc_hd__clkbuf_16)
     2    0.017669    0.039869    0.131523    0.177522 ^ clkbuf_0_clk/X (sky130_fd_sc_hd__clkbuf_16)
                      0.039879    0.000208    0.177730 ^ clkbuf_1_0__f_clk/A (sky130_fd_sc_hd__clkbuf_16)
     4    0.012989    0.035881    0.116876    0.294606 ^ clkbuf_1_0__f_clk/X (sky130_fd_sc_hd__clkbuf_16)
                      0.035881    0.000101    0.294707 ^ _40_/CLK (sky130_fd_sc_hd__dfrtp_1)
     6    0.019289    0.111714    0.425829    0.720536 v _40_/Q (sky130_fd_sc_hd__dfrtp_1)
                      0.111714    0.000275    0.720811 v _20_/A (sky130_fd_sc_hd__nand2_1)
     2    0.006545    0.074233    0.106529    0.827340 ^ _20_/Y (sky130_fd_sc_hd__nand2_1)
                      0.074233    0.000007    0.827346 ^ _31_/A (sky130_fd_sc_hd__and2_1)
     1    0.002769    0.045778    0.119622    0.946969 ^ _31_/X (sky130_fd_sc_hd__and2_1)
                      0.045778    0.000019    0.946987 ^ _40_/D (sky130_fd_sc_hd__dfrtp_1)
                                              0.946987   data arrival time

                                  0.000000    0.000000   clock clk (rise edge)
                                  0.000000    0.000000   clock source latency
     1    0.013726    0.067734    0.046000    0.046000 ^ clk (in)
                      0.067735    0.000000    0.046000 ^ clkbuf_0_clk/A (sky130_fd_sc_hd__clkbuf_16)
     2    0.017669    0.039869    0.131523    0.177522 ^ clkbuf_0_clk/X (sky130_fd_sc_hd__clkbuf_16)
                      0.039879    0.000208    0.177730 ^ clkbuf_1_0__f_clk/A (sky130_fd_sc_hd__clkbuf_16)
     4    0.012989    0.035881    0.116876    0.294606 ^ clkbuf_1_0__f_clk/X (sky130_fd_sc_hd__clkbuf_16)
                      0.035881    0.000101    0.294707 ^ _40_/CLK (sky130_fd_sc_hd__dfrtp_1)
                                  0.250000    0.544708   clock uncertainty
                                  0.000000    0.544708   clock reconvergence pessimism
                                 -0.036174    0.508534   library hold time
                                              0.508534   data required time
---------------------------------------------------------------------------------------------
                                              0.508534   data required time
                                             -0.946987   data arrival time
---------------------------------------------------------------------------------------------
                                              0.438453   slack (MET)


Startpoint: _43_ (rising edge-triggered flip-flop clocked by clk)
Endpoint: _44_ (rising edge-triggered flip-flop clocked by clk)
Path Group: clk
Path Type: min

Fanout         Cap        Slew       Delay        Time   Description
---------------------------------------------------------------------------------------------
                                  0.000000    0.000000   clock clk (rise edge)
                                  0.000000    0.000000   clock source latency
     1    0.013726    0.067734    0.046000    0.046000 ^ clk (in)
                      0.067735    0.000000    0.046000 ^ clkbuf_0_clk/A (sky130_fd_sc_hd__clkbuf_16)
     2    0.017669    0.039869    0.131523    0.177522 ^ clkbuf_0_clk/X (sky130_fd_sc_hd__clkbuf_16)
                      0.039879    0.000178    0.177700 ^ clkbuf_1_1__f_clk/A (sky130_fd_sc_hd__clkbuf_16)
     4    0.012110    0.035135    0.116021    0.293721 ^ clkbuf_1_1__f_clk/X (sky130_fd_sc_hd__clkbuf_16)
                      0.035135    0.000117    0.293838 ^ _43_/CLK (sky130_fd_sc_hd__dfrtp_1)
     3    0.009295    0.094570    0.355183    0.649021 ^ _43_/Q (sky130_fd_sc_hd__dfrtp_1)
                      0.094570    0.000055    0.649076 ^ _23_/B (sky130_fd_sc_hd__and4_1)
     2    0.008513    0.102256    0.229679    0.878756 ^ _23_/X (sky130_fd_sc_hd__and4_1)
                      0.102256    0.000160    0.878915 ^ _36_/B (sky130_fd_sc_hd__xor2_1)
     1    0.002326    0.034281    0.069659    0.948574 v _36_/X (sky130_fd_sc_hd__xor2_1)
                      0.034281    0.000021    0.948596 v _44_/D (sky130_fd_sc_hd__dfrtp_1)
                                              0.948596   data arrival time

                                  0.000000    0.000000   clock clk (rise edge)
                                  0.000000    0.000000   clock source latency
     1    0.013726    0.067734    0.046000    0.046000 ^ clk (in)
                      0.067735    0.000000    0.046000 ^ clkbuf_0_clk/A (sky130_fd_sc_hd__clkbuf_16)
     2    0.017669    0.039869    0.131523    0.177522 ^ clkbuf_0_clk/X (sky130_fd_sc_hd__clkbuf_16)
                      0.039879    0.000178    0.177700 ^ clkbuf_1_1__f_clk/A (sky130_fd_sc_hd__clkbuf_16)
     4    0.012110    0.035135    0.116021    0.293721 ^ clkbuf_1_1__f_clk/X (sky130_fd_sc_hd__clkbuf_16)
                      0.035135    0.000147    0.293868 ^ _44_/CLK (sky130_fd_sc_hd__dfrtp_1)
                                  0.250000    0.543868   clock uncertainty
                                  0.000000    0.543868   clock reconvergence pessimism
                                 -0.043661    0.500207   library hold time
                                              0.500207   data required time
---------------------------------------------------------------------------------------------
                                              0.500207   data required time
                                             -0.948596   data arrival time
---------------------------------------------------------------------------------------------
                                              0.448389   slack (MET)


Startpoint: _38_ (rising edge-triggered flip-flop clocked by clk)
Endpoint: _39_ (rising edge-triggered flip-flop clocked by clk)
Path Group: clk
Path Type: min

Fanout         Cap        Slew       Delay        Time   Description
---------------------------------------------------------------------------------------------
                                  0.000000    0.000000   clock clk (rise edge)
                                  0.000000    0.000000   clock source latency
     1    0.013726    0.067734    0.046000    0.046000 ^ clk (in)
                      0.067735    0.000000    0.046000 ^ clkbuf_0_clk/A (sky130_fd_sc_hd__clkbuf_16)
     2    0.017669    0.039869    0.131523    0.177522 ^ clkbuf_0_clk/X (sky130_fd_sc_hd__clkbuf_16)
                      0.039879    0.000208    0.177730 ^ clkbuf_1_0__f_clk/A (sky130_fd_sc_hd__clkbuf_16)
     4    0.012989    0.035881    0.116876    0.294606 ^ clkbuf_1_0__f_clk/X (sky130_fd_sc_hd__clkbuf_16)
                      0.035881    0.000115    0.294721 ^ _38_/CLK (sky130_fd_sc_hd__dfrtp_1)
     4    0.011588    0.113228    0.369365    0.664086 ^ _38_/Q (sky130_fd_sc_hd__dfrtp_1)
                      0.113228    0.000147    0.664233 ^ _18_/B (sky130_fd_sc_hd__and3_1)
     2    0.006175    0.078009    0.185998    0.850231 ^ _18_/X (sky130_fd_sc_hd__and3_1)
                      0.078009    0.000068    0.850300 ^ _28_/B (sky130_fd_sc_hd__nor2_1)
     1    0.002710    0.025604    0.043838    0.894138 v _28_/Y (sky130_fd_sc_hd__nor2_1)
                      0.025604    0.000015    0.894153 v _29_/B (sky130_fd_sc_hd__nor2_1)
     1    0.002447    0.072370    0.070268    0.964420 ^ _29_/Y (sky130_fd_sc_hd__nor2_1)
                      0.072370    0.000013    0.964433 ^ _39_/D (sky130_fd_sc_hd__dfrtp_1)
                                              0.964433   data arrival time

                                  0.000000    0.000000   clock clk (rise edge)
                                  0.000000    0.000000   clock source latency
     1    0.013726    0.067734    0.046000    0.046000 ^ clk (in)
                      0.067735    0.000000    0.046000 ^ clkbuf_0_clk/A (sky130_fd_sc_hd__clkbuf_16)
     2    0.017669    0.039869    0.131523    0.177522 ^ clkbuf_0_clk/X (sky130_fd_sc_hd__clkbuf_16)
                      0.039879    0.000208    0.177730 ^ clkbuf_1_0__f_clk/A (sky130_fd_sc_hd__clkbuf_16)
     4    0.012989    0.035881    0.116876    0.294606 ^ clkbuf_1_0__f_clk/X (sky130_fd_sc_hd__clkbuf_16)
                      0.035881    0.000093    0.294699 ^ _39_/CLK (sky130_fd_sc_hd__dfrtp_1)
                                  0.250000    0.544699   clock uncertainty
                                  0.000000    0.544699   clock reconvergence pessimism
                                 -0.041754    0.502945   library hold time
                                              0.502945   data required time
---------------------------------------------------------------------------------------------
                                              0.502945   data required time
                                             -0.964433   data arrival time
---------------------------------------------------------------------------------------------
                                              0.461488   slack (MET)


Startpoint: _40_ (rising edge-triggered flip-flop clocked by clk)
Endpoint: _43_ (rising edge-triggered flip-flop clocked by clk)
Path Group: clk
Path Type: min

Fanout         Cap        Slew       Delay        Time   Description
---------------------------------------------------------------------------------------------
                                  0.000000    0.000000   clock clk (rise edge)
                                  0.000000    0.000000   clock source latency
     1    0.013726    0.067734    0.046000    0.046000 ^ clk (in)
                      0.067735    0.000000    0.046000 ^ clkbuf_0_clk/A (sky130_fd_sc_hd__clkbuf_16)
     2    0.017669    0.039869    0.131523    0.177522 ^ clkbuf_0_clk/X (sky130_fd_sc_hd__clkbuf_16)
                      0.039879    0.000208    0.177730 ^ clkbuf_1_0__f_clk/A (sky130_fd_sc_hd__clkbuf_16)
     4    0.012989    0.035881    0.116876    0.294606 ^ clkbuf_1_0__f_clk/X (sky130_fd_sc_hd__clkbuf_16)
                      0.035881    0.000101    0.294707 ^ _40_/CLK (sky130_fd_sc_hd__dfrtp_1)
     6    0.019945    0.182015    0.419938    0.714646 ^ _40_/Q (sky130_fd_sc_hd__dfrtp_1)
                      0.182015    0.000436    0.715081 ^ _22_/A (sky130_fd_sc_hd__and3_1)
     2    0.007268    0.090306    0.208824    0.923906 ^ _22_/X (sky130_fd_sc_hd__and3_1)
                      0.090306    0.000038    0.923943 ^ _35_/B (sky130_fd_sc_hd__xor2_1)
     1    0.002883    0.036571    0.069291    0.993234 v _35_/X (sky130_fd_sc_hd__xor2_1)
                      0.036571    0.000033    0.993267 v _43_/D (sky130_fd_sc_hd__dfrtp_1)
                                              0.993267   data arrival time

                                  0.000000    0.000000   clock clk (rise edge)
                                  0.000000    0.000000   clock source latency
     1    0.013726    0.067734    0.046000    0.046000 ^ clk (in)
                      0.067735    0.000000    0.046000 ^ clkbuf_0_clk/A (sky130_fd_sc_hd__clkbuf_16)
     2    0.017669    0.039869    0.131523    0.177522 ^ clkbuf_0_clk/X (sky130_fd_sc_hd__clkbuf_16)
                      0.039879    0.000178    0.177700 ^ clkbuf_1_1__f_clk/A (sky130_fd_sc_hd__clkbuf_16)
     4    0.012110    0.035135    0.116021    0.293721 ^ clkbuf_1_1__f_clk/X (sky130_fd_sc_hd__clkbuf_16)
                      0.035135    0.000117    0.293838 ^ _43_/CLK (sky130_fd_sc_hd__dfrtp_1)
                                  0.250000    0.543838   clock uncertainty
                                  0.000000    0.543838   clock reconvergence pessimism
                                 -0.044594    0.499244   library hold time
                                              0.499244   data required time
---------------------------------------------------------------------------------------------
                                              0.499244   data required time
                                             -0.993267   data arrival time
---------------------------------------------------------------------------------------------
                                              0.494024   slack (MET)


Startpoint: _37_ (rising edge-triggered flip-flop clocked by clk)
Endpoint: _37_ (rising edge-triggered flip-flop clocked by clk)
Path Group: clk
Path Type: min

Fanout         Cap        Slew       Delay        Time   Description
---------------------------------------------------------------------------------------------
                                  0.000000    0.000000   clock clk (rise edge)
                                  0.000000    0.000000   clock source latency
     1    0.013726    0.067734    0.046000    0.046000 ^ clk (in)
                      0.067735    0.000000    0.046000 ^ clkbuf_0_clk/A (sky130_fd_sc_hd__clkbuf_16)
     2    0.017669    0.039869    0.131523    0.177522 ^ clkbuf_0_clk/X (sky130_fd_sc_hd__clkbuf_16)
                      0.039879    0.000178    0.177700 ^ clkbuf_1_1__f_clk/A (sky130_fd_sc_hd__clkbuf_16)
     4    0.012110    0.035135    0.116021    0.293721 ^ clkbuf_1_1__f_clk/X (sky130_fd_sc_hd__clkbuf_16)
                      0.035135    0.000152    0.293873 ^ _37_/CLK (sky130_fd_sc_hd__dfrtp_1)
     5    0.013174    0.126226    0.378685    0.672558 ^ _37_/Q (sky130_fd_sc_hd__dfrtp_1)
                      0.126226    0.000048    0.672606 ^ hold6/A (sky130_fd_sc_hd__dlygate4sd3_1)
     1    0.004926    0.071431    0.575604    1.248210 ^ hold6/X (sky130_fd_sc_hd__dlygate4sd3_1)
                      0.071431    0.000046    1.248256 ^ _25_/A (sky130_fd_sc_hd__xor2_1)
     1    0.003071    0.037284    0.067418    1.315674 v _25_/X (sky130_fd_sc_hd__xor2_1)
                      0.037284    0.000038    1.315712 v _37_/D (sky130_fd_sc_hd__dfrtp_1)
                                              1.315712   data arrival time

                                  0.000000    0.000000   clock clk (rise edge)
                                  0.000000    0.000000   clock source latency
     1    0.013726    0.067734    0.046000    0.046000 ^ clk (in)
                      0.067735    0.000000    0.046000 ^ clkbuf_0_clk/A (sky130_fd_sc_hd__clkbuf_16)
     2    0.017669    0.039869    0.131523    0.177522 ^ clkbuf_0_clk/X (sky130_fd_sc_hd__clkbuf_16)
                      0.039879    0.000178    0.177700 ^ clkbuf_1_1__f_clk/A (sky130_fd_sc_hd__clkbuf_16)
     4    0.012110    0.035135    0.116021    0.293721 ^ clkbuf_1_1__f_clk/X (sky130_fd_sc_hd__clkbuf_16)
                      0.035135    0.000152    0.293873 ^ _37_/CLK (sky130_fd_sc_hd__dfrtp_1)
                                  0.250000    0.543873   clock uncertainty
                                  0.000000    0.543873   clock reconvergence pessimism
                                 -0.044884    0.498989   library hold time
                                              0.498989   data required time
---------------------------------------------------------------------------------------------
                                              0.498989   data required time
                                             -1.315712   data arrival time
---------------------------------------------------------------------------------------------
                                              0.816724   slack (MET)


Startpoint: rst_n (input port clocked by clk)
Endpoint: _38_ (removal check against rising-edge clock clk)
Path Group: asynchronous
Path Type: min

Fanout         Cap        Slew       Delay        Time   Description
---------------------------------------------------------------------------------------------
                                  0.000000    0.000000   clock clk (rise edge)
                                  0.000000    0.000000   clock network delay (propagated)
                                  2.000000    2.000000 ^ input external delay
     1    0.003041    0.020769    0.011146    2.011146 ^ rst_n (in)
                      0.020769    0.000000    2.011146 ^ input2/A (sky130_fd_sc_hd__clkbuf_4)
     8    0.042744    0.136120    0.192882    2.204028 ^ input2/X (sky130_fd_sc_hd__clkbuf_4)
                      0.136126    0.001023    2.205051 ^ _38_/RESET_B (sky130_fd_sc_hd__dfrtp_1)
                                              2.205051   data arrival time

                                  0.000000    0.000000   clock clk (rise edge)
                                  0.000000    0.000000   clock source latency
     1    0.013726    0.067734    0.046000    0.046000 ^ clk (in)
                      0.067735    0.000000    0.046000 ^ clkbuf_0_clk/A (sky130_fd_sc_hd__clkbuf_16)
     2    0.017669    0.039869    0.131523    0.177522 ^ clkbuf_0_clk/X (sky130_fd_sc_hd__clkbuf_16)
                      0.039879    0.000208    0.177730 ^ clkbuf_1_0__f_clk/A (sky130_fd_sc_hd__clkbuf_16)
     4    0.012989    0.035881    0.116876    0.294606 ^ clkbuf_1_0__f_clk/X (sky130_fd_sc_hd__clkbuf_16)
                      0.035881    0.000115    0.294721 ^ _38_/CLK (sky130_fd_sc_hd__dfrtp_1)
                                  0.250000    0.544721   clock uncertainty
                                  0.000000    0.544721   clock reconvergence pessimism
                                  0.342837    0.887559   library removal time
                                              0.887559   data required time
---------------------------------------------------------------------------------------------
                                              0.887559   data required time
                                             -2.205051   data arrival time
---------------------------------------------------------------------------------------------
                                              1.317492   slack (MET)


Startpoint: rst_n (input port clocked by clk)
Endpoint: _39_ (removal check against rising-edge clock clk)
Path Group: asynchronous
Path Type: min

Fanout         Cap        Slew       Delay        Time   Description
---------------------------------------------------------------------------------------------
                                  0.000000    0.000000   clock clk (rise edge)
                                  0.000000    0.000000   clock network delay (propagated)
                                  2.000000    2.000000 ^ input external delay
     1    0.003041    0.020769    0.011146    2.011146 ^ rst_n (in)
                      0.020769    0.000000    2.011146 ^ input2/A (sky130_fd_sc_hd__clkbuf_4)
     8    0.042744    0.136120    0.192882    2.204028 ^ input2/X (sky130_fd_sc_hd__clkbuf_4)
                      0.136129    0.001197    2.205226 ^ _39_/RESET_B (sky130_fd_sc_hd__dfrtp_1)
                                              2.205226   data arrival time

                                  0.000000    0.000000   clock clk (rise edge)
                                  0.000000    0.000000   clock source latency
     1    0.013726    0.067734    0.046000    0.046000 ^ clk (in)
                      0.067735    0.000000    0.046000 ^ clkbuf_0_clk/A (sky130_fd_sc_hd__clkbuf_16)
     2    0.017669    0.039869    0.131523    0.177522 ^ clkbuf_0_clk/X (sky130_fd_sc_hd__clkbuf_16)
                      0.039879    0.000208    0.177730 ^ clkbuf_1_0__f_clk/A (sky130_fd_sc_hd__clkbuf_16)
     4    0.012989    0.035881    0.116876    0.294606 ^ clkbuf_1_0__f_clk/X (sky130_fd_sc_hd__clkbuf_16)
                      0.035881    0.000093    0.294699 ^ _39_/CLK (sky130_fd_sc_hd__dfrtp_1)
                                  0.250000    0.544699   clock uncertainty
                                  0.000000    0.544699   clock reconvergence pessimism
                                  0.342838    0.887537   library removal time
                                              0.887537   data required time
---------------------------------------------------------------------------------------------
                                              0.887537   data required time
                                             -2.205226   data arrival time
---------------------------------------------------------------------------------------------
                                              1.317689   slack (MET)


Startpoint: rst_n (input port clocked by clk)
Endpoint: _40_ (removal check against rising-edge clock clk)
Path Group: asynchronous
Path Type: min

Fanout         Cap        Slew       Delay        Time   Description
---------------------------------------------------------------------------------------------
                                  0.000000    0.000000   clock clk (rise edge)
                                  0.000000    0.000000   clock network delay (propagated)
                                  2.000000    2.000000 ^ input external delay
     1    0.003041    0.020769    0.011146    2.011146 ^ rst_n (in)
                      0.020769    0.000000    2.011146 ^ input2/A (sky130_fd_sc_hd__clkbuf_4)
     8    0.042744    0.136120    0.192882    2.204028 ^ input2/X (sky130_fd_sc_hd__clkbuf_4)
                      0.136131    0.001324    2.205352 ^ _40_/RESET_B (sky130_fd_sc_hd__dfrtp_1)
                                              2.205352   data arrival time

                                  0.000000    0.000000   clock clk (rise edge)
                                  0.000000    0.000000   clock source latency
     1    0.013726    0.067734    0.046000    0.046000 ^ clk (in)
                      0.067735    0.000000    0.046000 ^ clkbuf_0_clk/A (sky130_fd_sc_hd__clkbuf_16)
     2    0.017669    0.039869    0.131523    0.177522 ^ clkbuf_0_clk/X (sky130_fd_sc_hd__clkbuf_16)
                      0.039879    0.000208    0.177730 ^ clkbuf_1_0__f_clk/A (sky130_fd_sc_hd__clkbuf_16)
     4    0.012989    0.035881    0.116876    0.294606 ^ clkbuf_1_0__f_clk/X (sky130_fd_sc_hd__clkbuf_16)
                      0.035881    0.000101    0.294707 ^ _40_/CLK (sky130_fd_sc_hd__dfrtp_1)
                                  0.250000    0.544708   clock uncertainty
                                  0.000000    0.544708   clock reconvergence pessimism
                                  0.342839    0.887547   library removal time
                                              0.887547   data required time
---------------------------------------------------------------------------------------------
                                              0.887547   data required time
                                             -2.205352   data arrival time
---------------------------------------------------------------------------------------------
                                              1.317805   slack (MET)


Startpoint: rst_n (input port clocked by clk)
Endpoint: _41_ (removal check against rising-edge clock clk)
Path Group: asynchronous
Path Type: min

Fanout         Cap        Slew       Delay        Time   Description
---------------------------------------------------------------------------------------------
                                  0.000000    0.000000   clock clk (rise edge)
                                  0.000000    0.000000   clock network delay (propagated)
                                  2.000000    2.000000 ^ input external delay
     1    0.003041    0.020769    0.011146    2.011146 ^ rst_n (in)
                      0.020769    0.000000    2.011146 ^ input2/A (sky130_fd_sc_hd__clkbuf_4)
     8    0.042744    0.136120    0.192882    2.204028 ^ input2/X (sky130_fd_sc_hd__clkbuf_4)
                      0.136133    0.001414    2.205443 ^ _41_/RESET_B (sky130_fd_sc_hd__dfrtp_1)
                                              2.205443   data arrival time

                                  0.000000    0.000000   clock clk (rise edge)
                                  0.000000    0.000000   clock source latency
     1    0.013726    0.067734    0.046000    0.046000 ^ clk (in)
                      0.067735    0.000000    0.046000 ^ clkbuf_0_clk/A (sky130_fd_sc_hd__clkbuf_16)
     2    0.017669    0.039869    0.131523    0.177522 ^ clkbuf_0_clk/X (sky130_fd_sc_hd__clkbuf_16)
                      0.039879    0.000208    0.177730 ^ clkbuf_1_0__f_clk/A (sky130_fd_sc_hd__clkbuf_16)
     4    0.012989    0.035881    0.116876    0.294606 ^ clkbuf_1_0__f_clk/X (sky130_fd_sc_hd__clkbuf_16)
                      0.035881    0.000070    0.294676 ^ _41_/CLK (sky130_fd_sc_hd__dfrtp_1)
                                  0.250000    0.544676   clock uncertainty
                                  0.000000    0.544676   clock reconvergence pessimism
                                  0.342840    0.887516   library removal time
                                              0.887516   data required time
---------------------------------------------------------------------------------------------
                                              0.887516   data required time
                                             -2.205443   data arrival time
---------------------------------------------------------------------------------------------
                                              1.317927   slack (MET)


Startpoint: rst_n (input port clocked by clk)
Endpoint: _37_ (removal check against rising-edge clock clk)
Path Group: asynchronous
Path Type: min

Fanout         Cap        Slew       Delay        Time   Description
---------------------------------------------------------------------------------------------
                                  0.000000    0.000000   clock clk (rise edge)
                                  0.000000    0.000000   clock network delay (propagated)
                                  2.000000    2.000000 ^ input external delay
     1    0.003041    0.020769    0.011146    2.011146 ^ rst_n (in)
                      0.020769    0.000000    2.011146 ^ input2/A (sky130_fd_sc_hd__clkbuf_4)
     8    0.042744    0.136120    0.192882    2.204028 ^ input2/X (sky130_fd_sc_hd__clkbuf_4)
                      0.136132    0.001361    2.205390 ^ _37_/RESET_B (sky130_fd_sc_hd__dfrtp_1)
                                              2.205390   data arrival time

                                  0.000000    0.000000   clock clk (rise edge)
                                  0.000000    0.000000   clock source latency
     1    0.013726    0.067734    0.046000    0.046000 ^ clk (in)
                      0.067735    0.000000    0.046000 ^ clkbuf_0_clk/A (sky130_fd_sc_hd__clkbuf_16)
     2    0.017669    0.039869    0.131523    0.177522 ^ clkbuf_0_clk/X (sky130_fd_sc_hd__clkbuf_16)
                      0.039879    0.000178    0.177700 ^ clkbuf_1_1__f_clk/A (sky130_fd_sc_hd__clkbuf_16)
     4    0.012110    0.035135    0.116021    0.293721 ^ clkbuf_1_1__f_clk/X (sky130_fd_sc_hd__clkbuf_16)
                      0.035135    0.000152    0.293873 ^ _37_/CLK (sky130_fd_sc_hd__dfrtp_1)
                                  0.250000    0.543873   clock uncertainty
                                  0.000000    0.543873   clock reconvergence pessimism
                                  0.342636    0.886509   library removal time
                                              0.886509   data required time
---------------------------------------------------------------------------------------------
                                              0.886509   data required time
                                             -2.205390   data arrival time
---------------------------------------------------------------------------------------------
                                              1.318880   slack (MET)


Startpoint: rst_n (input port clocked by clk)
Endpoint: _44_ (removal check against rising-edge clock clk)
Path Group: asynchronous
Path Type: min

Fanout         Cap        Slew       Delay        Time   Description
---------------------------------------------------------------------------------------------
                                  0.000000    0.000000   clock clk (rise edge)
                                  0.000000    0.000000   clock network delay (propagated)
                                  2.000000    2.000000 ^ input external delay
     1    0.003041    0.020769    0.011146    2.011146 ^ rst_n (in)
                      0.020769    0.000000    2.011146 ^ input2/A (sky130_fd_sc_hd__clkbuf_4)
     8    0.042744    0.136120    0.192882    2.204028 ^ input2/X (sky130_fd_sc_hd__clkbuf_4)
                      0.136135    0.001485    2.205513 ^ _44_/RESET_B (sky130_fd_sc_hd__dfrtp_1)
                                              2.205513   data arrival time

                                  0.000000    0.000000   clock clk (rise edge)
                                  0.000000    0.000000   clock source latency
     1    0.013726    0.067734    0.046000    0.046000 ^ clk (in)
                      0.067735    0.000000    0.046000 ^ clkbuf_0_clk/A (sky130_fd_sc_hd__clkbuf_16)
     2    0.017669    0.039869    0.131523    0.177522 ^ clkbuf_0_clk/X (sky130_fd_sc_hd__clkbuf_16)
                      0.039879    0.000178    0.177700 ^ clkbuf_1_1__f_clk/A (sky130_fd_sc_hd__clkbuf_16)
     4    0.012110    0.035135    0.116021    0.293721 ^ clkbuf_1_1__f_clk/X (sky130_fd_sc_hd__clkbuf_16)
                      0.035135    0.000147    0.293868 ^ _44_/CLK (sky130_fd_sc_hd__dfrtp_1)
                                  0.250000    0.543868   clock uncertainty
                                  0.000000    0.543868   clock reconvergence pessimism
                                  0.342637    0.886505   library removal time
                                              0.886505   data required time
---------------------------------------------------------------------------------------------
                                              0.886505   data required time
                                             -2.205513   data arrival time
---------------------------------------------------------------------------------------------
                                              1.319008   slack (MET)


Startpoint: rst_n (input port clocked by clk)
Endpoint: _43_ (removal check against rising-edge clock clk)
Path Group: asynchronous
Path Type: min

Fanout         Cap        Slew       Delay        Time   Description
---------------------------------------------------------------------------------------------
                                  0.000000    0.000000   clock clk (rise edge)
                                  0.000000    0.000000   clock network delay (propagated)
                                  2.000000    2.000000 ^ input external delay
     1    0.003041    0.020769    0.011146    2.011146 ^ rst_n (in)
                      0.020769    0.000000    2.011146 ^ input2/A (sky130_fd_sc_hd__clkbuf_4)
     8    0.042744    0.136120    0.192882    2.204028 ^ input2/X (sky130_fd_sc_hd__clkbuf_4)
                      0.136139    0.001619    2.205647 ^ _43_/RESET_B (sky130_fd_sc_hd__dfrtp_1)
                                              2.205647   data arrival time

                                  0.000000    0.000000   clock clk (rise edge)
                                  0.000000    0.000000   clock source latency
     1    0.013726    0.067734    0.046000    0.046000 ^ clk (in)
                      0.067735    0.000000    0.046000 ^ clkbuf_0_clk/A (sky130_fd_sc_hd__clkbuf_16)
     2    0.017669    0.039869    0.131523    0.177522 ^ clkbuf_0_clk/X (sky130_fd_sc_hd__clkbuf_16)
                      0.039879    0.000178    0.177700 ^ clkbuf_1_1__f_clk/A (sky130_fd_sc_hd__clkbuf_16)
     4    0.012110    0.035135    0.116021    0.293721 ^ clkbuf_1_1__f_clk/X (sky130_fd_sc_hd__clkbuf_16)
                      0.035135    0.000117    0.293838 ^ _43_/CLK (sky130_fd_sc_hd__dfrtp_1)
                                  0.250000    0.543838   clock uncertainty
                                  0.000000    0.543838   clock reconvergence pessimism
                                  0.342638    0.886476   library removal time
                                              0.886476   data required time
---------------------------------------------------------------------------------------------
                                              0.886476   data required time
                                             -2.205647   data arrival time
---------------------------------------------------------------------------------------------
                                              1.319172   slack (MET)


Startpoint: rst_n (input port clocked by clk)
Endpoint: _42_ (removal check against rising-edge clock clk)
Path Group: asynchronous
Path Type: min

Fanout         Cap        Slew       Delay        Time   Description
---------------------------------------------------------------------------------------------
                                  0.000000    0.000000   clock clk (rise edge)
                                  0.000000    0.000000   clock network delay (propagated)
                                  2.000000    2.000000 ^ input external delay
     1    0.003041    0.020769    0.011146    2.011146 ^ rst_n (in)
                      0.020769    0.000000    2.011146 ^ input2/A (sky130_fd_sc_hd__clkbuf_4)
     8    0.042744    0.136120    0.192882    2.204028 ^ input2/X (sky130_fd_sc_hd__clkbuf_4)
                      0.136140    0.001668    2.205697 ^ _42_/RESET_B (sky130_fd_sc_hd__dfrtp_1)
                                              2.205697   data arrival time

                                  0.000000    0.000000   clock clk (rise edge)
                                  0.000000    0.000000   clock source latency
     1    0.013726    0.067734    0.046000    0.046000 ^ clk (in)
                      0.067735    0.000000    0.046000 ^ clkbuf_0_clk/A (sky130_fd_sc_hd__clkbuf_16)
     2    0.017669    0.039869    0.131523    0.177522 ^ clkbuf_0_clk/X (sky130_fd_sc_hd__clkbuf_16)
                      0.039879    0.000178    0.177700 ^ clkbuf_1_1__f_clk/A (sky130_fd_sc_hd__clkbuf_16)
     4    0.012110    0.035135    0.116021    0.293721 ^ clkbuf_1_1__f_clk/X (sky130_fd_sc_hd__clkbuf_16)
                      0.035135    0.000142    0.293863 ^ _42_/CLK (sky130_fd_sc_hd__dfrtp_1)
                                  0.250000    0.543863   clock uncertainty
                                  0.000000    0.543863   clock reconvergence pessimism
                                  0.342639    0.886501   library removal time
                                              0.886501   data required time
---------------------------------------------------------------------------------------------
                                              0.886501   data required time
                                             -2.205697   data arrival time
---------------------------------------------------------------------------------------------
                                              1.319195   slack (MET)


Startpoint: _44_ (rising edge-triggered flip-flop clocked by clk)
Endpoint: count[7] (output port clocked by clk)
Path Group: clk
Path Type: min

Fanout         Cap        Slew       Delay        Time   Description
---------------------------------------------------------------------------------------------
                                  0.000000    0.000000   clock clk (rise edge)
                                  0.000000    0.000000   clock source latency
     1    0.013726    0.067734    0.046000    0.046000 ^ clk (in)
                      0.067735    0.000000    0.046000 ^ clkbuf_0_clk/A (sky130_fd_sc_hd__clkbuf_16)
     2    0.017669    0.039869    0.131523    0.177522 ^ clkbuf_0_clk/X (sky130_fd_sc_hd__clkbuf_16)
                      0.039879    0.000178    0.177700 ^ clkbuf_1_1__f_clk/A (sky130_fd_sc_hd__clkbuf_16)
     4    0.012110    0.035135    0.116021    0.293721 ^ clkbuf_1_1__f_clk/X (sky130_fd_sc_hd__clkbuf_16)
                      0.035135    0.000147    0.293868 ^ _44_/CLK (sky130_fd_sc_hd__dfrtp_1)
     3    0.008421    0.088595    0.349279    0.643147 ^ _44_/Q (sky130_fd_sc_hd__dfrtp_1)
                      0.088595    0.000101    0.643248 ^ output10/A (sky130_fd_sc_hd__buf_2)
     1    0.034068    0.169374    0.213808    0.857057 ^ output10/X (sky130_fd_sc_hd__buf_2)
                      0.169374    0.000202    0.857259 ^ count[7] (out)
                                              0.857259   data arrival time

                                  0.000000    0.000000   clock clk (rise edge)
                                  0.000000    0.000000   clock network delay (propagated)
                                  0.250000    0.250000   clock uncertainty
                                  0.000000    0.250000   clock reconvergence pessimism
                                 -2.000000   -1.750000   output external delay
                                             -1.750000   data required time
---------------------------------------------------------------------------------------------
                                             -1.750000   data required time
                                             -0.857259   data arrival time
---------------------------------------------------------------------------------------------
                                              2.607259   slack (MET)


Startpoint: _43_ (rising edge-triggered flip-flop clocked by clk)
Endpoint: count[6] (output port clocked by clk)
Path Group: clk
Path Type: min

Fanout         Cap        Slew       Delay        Time   Description
---------------------------------------------------------------------------------------------
                                  0.000000    0.000000   clock clk (rise edge)
                                  0.000000    0.000000   clock source latency
     1    0.013726    0.067734    0.046000    0.046000 ^ clk (in)
                      0.067735    0.000000    0.046000 ^ clkbuf_0_clk/A (sky130_fd_sc_hd__clkbuf_16)
     2    0.017669    0.039869    0.131523    0.177522 ^ clkbuf_0_clk/X (sky130_fd_sc_hd__clkbuf_16)
                      0.039879    0.000178    0.177700 ^ clkbuf_1_1__f_clk/A (sky130_fd_sc_hd__clkbuf_16)
     4    0.012110    0.035135    0.116021    0.293721 ^ clkbuf_1_1__f_clk/X (sky130_fd_sc_hd__clkbuf_16)
                      0.035135    0.000117    0.293838 ^ _43_/CLK (sky130_fd_sc_hd__dfrtp_1)
     3    0.009295    0.094570    0.355183    0.649021 ^ _43_/Q (sky130_fd_sc_hd__dfrtp_1)
                      0.094570    0.000086    0.649107 ^ output9/A (sky130_fd_sc_hd__buf_2)
     1    0.034060    0.169371    0.215984    0.865090 ^ output9/X (sky130_fd_sc_hd__buf_2)
                      0.169371    0.000202    0.865292 ^ count[6] (out)
                                              0.865292   data arrival time

                                  0.000000    0.000000   clock clk (rise edge)
                                  0.000000    0.000000   clock network delay (propagated)
                                  0.250000    0.250000   clock uncertainty
                                  0.000000    0.250000   clock reconvergence pessimism
                                 -2.000000   -1.750000   output external delay
                                             -1.750000   data required time
---------------------------------------------------------------------------------------------
                                             -1.750000   data required time
                                             -0.865292   data arrival time
---------------------------------------------------------------------------------------------
                                              2.615293   slack (MET)


Startpoint: _42_ (rising edge-triggered flip-flop clocked by clk)
Endpoint: count[5] (output port clocked by clk)
Path Group: clk
Path Type: min

Fanout         Cap        Slew       Delay        Time   Description
---------------------------------------------------------------------------------------------
                                  0.000000    0.000000   clock clk (rise edge)
                                  0.000000    0.000000   clock source latency
     1    0.013726    0.067734    0.046000    0.046000 ^ clk (in)
                      0.067735    0.000000    0.046000 ^ clkbuf_0_clk/A (sky130_fd_sc_hd__clkbuf_16)
     2    0.017669    0.039869    0.131523    0.177522 ^ clkbuf_0_clk/X (sky130_fd_sc_hd__clkbuf_16)
                      0.039879    0.000178    0.177700 ^ clkbuf_1_1__f_clk/A (sky130_fd_sc_hd__clkbuf_16)
     4    0.012110    0.035135    0.116021    0.293721 ^ clkbuf_1_1__f_clk/X (sky130_fd_sc_hd__clkbuf_16)
                      0.035135    0.000142    0.293863 ^ _42_/CLK (sky130_fd_sc_hd__dfrtp_1)
     3    0.010736    0.073867    0.391078    0.684941 v _42_/Q (sky130_fd_sc_hd__dfrtp_1)
                      0.073867    0.000109    0.685050 v output8/A (sky130_fd_sc_hd__buf_2)
     1    0.033988    0.088661    0.192894    0.877944 v output8/X (sky130_fd_sc_hd__buf_2)
                      0.088661    0.000185    0.878128 v count[5] (out)
                                              0.878128   data arrival time

                                  0.000000    0.000000   clock clk (rise edge)
                                  0.000000    0.000000   clock network delay (propagated)
                                  0.250000    0.250000   clock uncertainty
                                  0.000000    0.250000   clock reconvergence pessimism
                                 -2.000000   -1.750000   output external delay
                                             -1.750000   data required time
---------------------------------------------------------------------------------------------
                                             -1.750000   data required time
                                             -0.878128   data arrival time
---------------------------------------------------------------------------------------------
                                              2.628129   slack (MET)


Startpoint: _39_ (rising edge-triggered flip-flop clocked by clk)
Endpoint: count[2] (output port clocked by clk)
Path Group: clk
Path Type: min

Fanout         Cap        Slew       Delay        Time   Description
---------------------------------------------------------------------------------------------
                                  0.000000    0.000000   clock clk (rise edge)
                                  0.000000    0.000000   clock source latency
     1    0.013726    0.067734    0.046000    0.046000 ^ clk (in)
                      0.067735    0.000000    0.046000 ^ clkbuf_0_clk/A (sky130_fd_sc_hd__clkbuf_16)
     2    0.017669    0.039869    0.131523    0.177522 ^ clkbuf_0_clk/X (sky130_fd_sc_hd__clkbuf_16)
                      0.039879    0.000208    0.177730 ^ clkbuf_1_0__f_clk/A (sky130_fd_sc_hd__clkbuf_16)
     4    0.012989    0.035881    0.116876    0.294606 ^ clkbuf_1_0__f_clk/X (sky130_fd_sc_hd__clkbuf_16)
                      0.035881    0.000093    0.294699 ^ _39_/CLK (sky130_fd_sc_hd__dfrtp_1)
     3    0.010924    0.074639    0.392137    0.686836 v _39_/Q (sky130_fd_sc_hd__dfrtp_1)
                      0.074639    0.000096    0.686932 v output5/A (sky130_fd_sc_hd__buf_2)
     1    0.034029    0.088755    0.193308    0.880240 v output5/X (sky130_fd_sc_hd__buf_2)
                      0.088755    0.000200    0.880440 v count[2] (out)
                                              0.880440   data arrival time

                                  0.000000    0.000000   clock clk (rise edge)
                                  0.000000    0.000000   clock network delay (propagated)
                                  0.250000    0.250000   clock uncertainty
                                  0.000000    0.250000   clock reconvergence pessimism
                                 -2.000000   -1.750000   output external delay
                                             -1.750000   data required time
---------------------------------------------------------------------------------------------
                                             -1.750000   data required time
                                             -0.880440   data arrival time
---------------------------------------------------------------------------------------------
                                              2.630440   slack (MET)


Startpoint: _38_ (rising edge-triggered flip-flop clocked by clk)
Endpoint: count[1] (output port clocked by clk)
Path Group: clk
Path Type: min

Fanout         Cap        Slew       Delay        Time   Description
---------------------------------------------------------------------------------------------
                                  0.000000    0.000000   clock clk (rise edge)
                                  0.000000    0.000000   clock source latency
     1    0.013726    0.067734    0.046000    0.046000 ^ clk (in)
                      0.067735    0.000000    0.046000 ^ clkbuf_0_clk/A (sky130_fd_sc_hd__clkbuf_16)
     2    0.017669    0.039869    0.131523    0.177522 ^ clkbuf_0_clk/X (sky130_fd_sc_hd__clkbuf_16)
                      0.039879    0.000208    0.177730 ^ clkbuf_1_0__f_clk/A (sky130_fd_sc_hd__clkbuf_16)
     4    0.012989    0.035881    0.116876    0.294606 ^ clkbuf_1_0__f_clk/X (sky130_fd_sc_hd__clkbuf_16)
                      0.035881    0.000115    0.294721 ^ _38_/CLK (sky130_fd_sc_hd__dfrtp_1)
     4    0.011145    0.075602    0.393002    0.687723 v _38_/Q (sky130_fd_sc_hd__dfrtp_1)
                      0.075602    0.000143    0.687866 v output4/A (sky130_fd_sc_hd__buf_2)
     1    0.033937    0.088547    0.193595    0.881461 v output4/X (sky130_fd_sc_hd__buf_2)
                      0.088547    0.000174    0.881635 v count[1] (out)
                                              0.881635   data arrival time

                                  0.000000    0.000000   clock clk (rise edge)
                                  0.000000    0.000000   clock network delay (propagated)
                                  0.250000    0.250000   clock uncertainty
                                  0.000000    0.250000   clock reconvergence pessimism
                                 -2.000000   -1.750000   output external delay
                                             -1.750000   data required time
---------------------------------------------------------------------------------------------
                                             -1.750000   data required time
                                             -0.881635   data arrival time
---------------------------------------------------------------------------------------------
                                              2.631635   slack (MET)


Startpoint: _37_ (rising edge-triggered flip-flop clocked by clk)
Endpoint: count[0] (output port clocked by clk)
Path Group: clk
Path Type: min

Fanout         Cap        Slew       Delay        Time   Description
---------------------------------------------------------------------------------------------
                                  0.000000    0.000000   clock clk (rise edge)
                                  0.000000    0.000000   clock source latency
     1    0.013726    0.067734    0.046000    0.046000 ^ clk (in)
                      0.067735    0.000000    0.046000 ^ clkbuf_0_clk/A (sky130_fd_sc_hd__clkbuf_16)
     2    0.017669    0.039869    0.131523    0.177522 ^ clkbuf_0_clk/X (sky130_fd_sc_hd__clkbuf_16)
                      0.039879    0.000178    0.177700 ^ clkbuf_1_1__f_clk/A (sky130_fd_sc_hd__clkbuf_16)
     4    0.012110    0.035135    0.116021    0.293721 ^ clkbuf_1_1__f_clk/X (sky130_fd_sc_hd__clkbuf_16)
                      0.035135    0.000152    0.293873 ^ _37_/CLK (sky130_fd_sc_hd__dfrtp_1)
     5    0.012605    0.081925    0.398614    0.692487 v _37_/Q (sky130_fd_sc_hd__dfrtp_1)
                      0.081925    0.000218    0.692705 v output3/A (sky130_fd_sc_hd__buf_2)
     1    0.034256    0.089319    0.196931    0.889637 v output3/X (sky130_fd_sc_hd__buf_2)
                      0.089319    0.000345    0.889981 v count[0] (out)
                                              0.889981   data arrival time

                                  0.000000    0.000000   clock clk (rise edge)
                                  0.000000    0.000000   clock network delay (propagated)
                                  0.250000    0.250000   clock uncertainty
                                  0.000000    0.250000   clock reconvergence pessimism
                                 -2.000000   -1.750000   output external delay
                                             -1.750000   data required time
---------------------------------------------------------------------------------------------
                                             -1.750000   data required time
                                             -0.889981   data arrival time
---------------------------------------------------------------------------------------------
                                              2.639981   slack (MET)


Startpoint: _41_ (rising edge-triggered flip-flop clocked by clk)
Endpoint: count[4] (output port clocked by clk)
Path Group: clk
Path Type: min

Fanout         Cap        Slew       Delay        Time   Description
---------------------------------------------------------------------------------------------
                                  0.000000    0.000000   clock clk (rise edge)
                                  0.000000    0.000000   clock source latency
     1    0.013726    0.067734    0.046000    0.046000 ^ clk (in)
                      0.067735    0.000000    0.046000 ^ clkbuf_0_clk/A (sky130_fd_sc_hd__clkbuf_16)
     2    0.017669    0.039869    0.131523    0.177522 ^ clkbuf_0_clk/X (sky130_fd_sc_hd__clkbuf_16)
                      0.039879    0.000208    0.177730 ^ clkbuf_1_0__f_clk/A (sky130_fd_sc_hd__clkbuf_16)
     4    0.012989    0.035881    0.116876    0.294606 ^ clkbuf_1_0__f_clk/X (sky130_fd_sc_hd__clkbuf_16)
                      0.035881    0.000070    0.294676 ^ _41_/CLK (sky130_fd_sc_hd__dfrtp_1)
     4    0.012606    0.081927    0.398872    0.693547 v _41_/Q (sky130_fd_sc_hd__dfrtp_1)
                      0.081927    0.000271    0.693818 v output7/A (sky130_fd_sc_hd__buf_2)
     1    0.034490    0.089850    0.197318    0.891136 v output7/X (sky130_fd_sc_hd__buf_2)
                      0.089851    0.000409    0.891545 v count[4] (out)
                                              0.891545   data arrival time

                                  0.000000    0.000000   clock clk (rise edge)
                                  0.000000    0.000000   clock network delay (propagated)
                                  0.250000    0.250000   clock uncertainty
                                  0.000000    0.250000   clock reconvergence pessimism
                                 -2.000000   -1.750000   output external delay
                                             -1.750000   data required time
---------------------------------------------------------------------------------------------
                                             -1.750000   data required time
                                             -0.891545   data arrival time
---------------------------------------------------------------------------------------------
                                              2.641545   slack (MET)


Startpoint: _40_ (rising edge-triggered flip-flop clocked by clk)
Endpoint: count[3] (output port clocked by clk)
Path Group: clk
Path Type: min

Fanout         Cap        Slew       Delay        Time   Description
---------------------------------------------------------------------------------------------
                                  0.000000    0.000000   clock clk (rise edge)
                                  0.000000    0.000000   clock source latency
     1    0.013726    0.067734    0.046000    0.046000 ^ clk (in)
                      0.067735    0.000000    0.046000 ^ clkbuf_0_clk/A (sky130_fd_sc_hd__clkbuf_16)
     2    0.017669    0.039869    0.131523    0.177522 ^ clkbuf_0_clk/X (sky130_fd_sc_hd__clkbuf_16)
                      0.039879    0.000208    0.177730 ^ clkbuf_1_0__f_clk/A (sky130_fd_sc_hd__clkbuf_16)
     4    0.012989    0.035881    0.116876    0.294606 ^ clkbuf_1_0__f_clk/X (sky130_fd_sc_hd__clkbuf_16)
                      0.035881    0.000101    0.294707 ^ _40_/CLK (sky130_fd_sc_hd__dfrtp_1)
     6    0.019289    0.111714    0.425829    0.720536 v _40_/Q (sky130_fd_sc_hd__dfrtp_1)
                      0.111714    0.000105    0.720642 v output6/A (sky130_fd_sc_hd__buf_2)
     1    0.034012    0.088757    0.210142    0.930784 v output6/X (sky130_fd_sc_hd__buf_2)
                      0.088757    0.000200    0.930984 v count[3] (out)
                                              0.930984   data arrival time

                                  0.000000    0.000000   clock clk (rise edge)
                                  0.000000    0.000000   clock network delay (propagated)
                                  0.250000    0.250000   clock uncertainty
                                  0.000000    0.250000   clock reconvergence pessimism
                                 -2.000000   -1.750000   output external delay
                                             -1.750000   data required time
---------------------------------------------------------------------------------------------
                                             -1.750000   data required time
                                             -0.930984   data arrival time
---------------------------------------------------------------------------------------------
                                              2.680984   slack (MET)


Startpoint: _44_ (rising edge-triggered flip-flop clocked by clk)
Endpoint: overflow (output port clocked by clk)
Path Group: clk
Path Type: min

Fanout         Cap        Slew       Delay        Time   Description
---------------------------------------------------------------------------------------------
                                  0.000000    0.000000   clock clk (rise edge)
                                  0.000000    0.000000   clock source latency
     1    0.013726    0.067734    0.046000    0.046000 ^ clk (in)
                      0.067735    0.000000    0.046000 ^ clkbuf_0_clk/A (sky130_fd_sc_hd__clkbuf_16)
     2    0.017669    0.039869    0.131523    0.177522 ^ clkbuf_0_clk/X (sky130_fd_sc_hd__clkbuf_16)
                      0.039879    0.000178    0.177700 ^ clkbuf_1_1__f_clk/A (sky130_fd_sc_hd__clkbuf_16)
     4    0.012110    0.035135    0.116021    0.293721 ^ clkbuf_1_1__f_clk/X (sky130_fd_sc_hd__clkbuf_16)
                      0.035135    0.000147    0.293868 ^ _44_/CLK (sky130_fd_sc_hd__dfrtp_1)
     3    0.008421    0.088595    0.349279    0.643147 ^ _44_/Q (sky130_fd_sc_hd__dfrtp_1)
                      0.088595    0.000039    0.643186 ^ _24_/A (sky130_fd_sc_hd__and2_1)
     1    0.004999    0.064911    0.140343    0.783529 ^ _24_/X (sky130_fd_sc_hd__and2_1)
                      0.064911    0.000100    0.783629 ^ output11/A (sky130_fd_sc_hd__buf_2)
     1    0.034004    0.168934    0.204880    0.988509 ^ output11/X (sky130_fd_sc_hd__buf_2)
                      0.168934    0.000185    0.988694 ^ overflow (out)
                                              0.988694   data arrival time

                                  0.000000    0.000000   clock clk (rise edge)
                                  0.000000    0.000000   clock network delay (propagated)
                                  0.250000    0.250000   clock uncertainty
                                  0.000000    0.250000   clock reconvergence pessimism
                                 -2.000000   -1.750000   output external delay
                                             -1.750000   data required time
---------------------------------------------------------------------------------------------
                                             -1.750000   data required time
                                             -0.988694   data arrival time
---------------------------------------------------------------------------------------------
                                              2.738694   slack (MET)



