
===========================================================================
report_checks -unconstrained
===========================================================================
======================= max_ff_n40C_1v95 Corner ===================================

Warning: corner.tcl line 77, unknown field nets.
Startpoint: rst_n (input port clocked by clk)
Endpoint: _42_ (recovery check against rising-edge clock clk)
Path Group: asynchronous
Path Type: max

Fanout         Cap        Slew       Delay        Time   Description
---------------------------------------------------------------------------------------------
                                  0.000000    0.000000   clock clk (rise edge)
                                  0.000000    0.000000   clock network delay (propagated)
                                  2.000000    2.000000 ^ input external delay
     1    0.003190    0.015317    0.008304    2.008304 ^ rst_n (in)
                      0.015318    0.000000    2.008304 ^ input2/A (sky130_fd_sc_hd__clkbuf_4)
     8    0.045023    0.107784    0.134980    2.143284 ^ input2/X (sky130_fd_sc_hd__clkbuf_4)
                      0.108153    0.005105    2.148389 ^ _42_/RESET_B (sky130_fd_sc_hd__dfrtp_1)
                                              2.148389   data arrival time

                                 10.000000   10.000000   clock clk (rise edge)
                                  0.000000   10.000000   clock source latency
     1    0.014730    0.054253    0.036833   10.036833 ^ clk (in)
                      0.054266    0.000000   10.036833 ^ clkbuf_0_clk/A (sky130_fd_sc_hd__clkbuf_16)
     2    0.018066    0.029997    0.089495   10.126328 ^ clkbuf_0_clk/X (sky130_fd_sc_hd__clkbuf_16)
                      0.030016    0.001230   10.127558 ^ clkbuf_1_1__f_clk/A (sky130_fd_sc_hd__clkbuf_16)
     4    0.013340    0.026747    0.079518   10.207075 ^ clkbuf_1_1__f_clk/X (sky130_fd_sc_hd__clkbuf_16)
                      0.026749    0.000716   10.207791 ^ _42_/CLK (sky130_fd_sc_hd__dfrtp_1)
                                 -0.250000    9.957791   clock uncertainty
                                  0.000000    9.957791   clock reconvergence pessimism
                                  0.128582   10.086373   library recovery time
                                             10.086373   data required time
---------------------------------------------------------------------------------------------
                                             10.086373   data required time
                                             -2.148389   data arrival time
---------------------------------------------------------------------------------------------
                                              7.937985   slack (MET)


Startpoint: enable (input port clocked by clk)
Endpoint: overflow (output port clocked by clk)
Path Group: clk
Path Type: max

Fanout         Cap        Slew       Delay        Time   Description
---------------------------------------------------------------------------------------------
                                  0.000000    0.000000   clock clk (rise edge)
                                  0.000000    0.000000   clock network delay (propagated)
                                  2.000000    2.000000 ^ input external delay
     1    0.003168    0.015237    0.008246    2.008246 ^ enable (in)
                      0.015239    0.000000    2.008246 ^ input1/A (sky130_fd_sc_hd__buf_1)
     4    0.014823    0.133684    0.117798    2.126044 ^ input1/X (sky130_fd_sc_hd__buf_1)
                      0.133697    0.001094    2.127138 ^ _19_/D (sky130_fd_sc_hd__and4_1)
     6    0.023226    0.170676    0.222645    2.349783 ^ _19_/X (sky130_fd_sc_hd__and4_1)
                      0.170754    0.001747    2.351531 ^ _23_/C (sky130_fd_sc_hd__and4_1)
     2    0.009042    0.077282    0.157156    2.508687 ^ _23_/X (sky130_fd_sc_hd__and4_1)
                      0.077284    0.000516    2.509202 ^ _24_/B (sky130_fd_sc_hd__and2_1)
     1    0.005502    0.050461    0.094923    2.604126 ^ _24_/X (sky130_fd_sc_hd__and2_1)
                      0.050462    0.000307    2.604433 ^ output11/A (sky130_fd_sc_hd__buf_2)
     1    0.034086    0.127612    0.142007    2.746439 ^ output11/X (sky130_fd_sc_hd__buf_2)
                      0.127642    0.001619    2.748059 ^ overflow (out)
                                              2.748059   data arrival time

                                 10.000000   10.000000   clock clk (rise edge)
                                  0.000000   10.000000   clock network delay (propagated)
                                 -0.250000    9.750000   clock uncertainty
                                  0.000000    9.750000   clock reconvergence pessimism
                                 -2.000000    7.750000   output external delay
                                              7.750000   data required time
---------------------------------------------------------------------------------------------
                                              7.750000   data required time
                                             -2.748059   data arrival time
---------------------------------------------------------------------------------------------
                                              5.001941   slack (MET)




===========================================================================
report_checks --slack_max -0.01
============================================================================
======================= max_ff_n40C_1v95 Corner ===================================

Warning: corner.tcl line 85, unknown field nets.
No paths found.


===========================================================================
 report_check_types -max_slew -max_cap -max_fanout -violators
============================================================================
======================= max_ff_n40C_1v95 Corner ===================================



===========================================================================
report_parasitic_annotation -report_unannotated
============================================================================
Found 0 unannotated drivers.
Found 0 partially unannotated drivers.

===========================================================================
max slew violation count 0
max fanout violation count 0
max cap violation count 0
============================================================================

===========================================================================
check_setup -verbose -unconstrained_endpoints -multiple_clock -no_clock -no_input_delay -loops -generated_clocks
===========================================================================
