
===========================================================================
report_checks -path_delay max (Setup)
============================================================================
======================= nom_tt_025C_1v80 Corner ===================================

Startpoint: enable (input port clocked by clk)
Endpoint: overflow (output port clocked by clk)
Path Group: clk
Path Type: max

Fanout         Cap        Slew       Delay        Time   Description
---------------------------------------------------------------------------------------------
                                  0.000000    0.000000   clock clk (rise edge)
                                  0.000000    0.000000   clock network delay (propagated)
                                  2.000000    2.000000 ^ input external delay
     1    0.003557    0.023014    0.012982    2.012982 ^ enable (in)
                      0.023021    0.000000    2.012982 ^ input1/A (sky130_fd_sc_hd__buf_1)
     4    0.015054    0.182100    0.169444    2.182426 ^ input1/X (sky130_fd_sc_hd__buf_1)
                      0.182104    0.000676    2.183102 ^ _19_/D (sky130_fd_sc_hd__and4_1)
     6    0.018814    0.191753    0.325502    2.508604 ^ _19_/X (sky130_fd_sc_hd__and4_1)
                      0.191753    0.000504    2.509108 ^ _23_/C (sky130_fd_sc_hd__and4_1)
     2    0.008657    0.103868    0.257130    2.766237 ^ _23_/X (sky130_fd_sc_hd__and4_1)
                      0.103868    0.000266    2.766503 ^ _24_/B (sky130_fd_sc_hd__and2_1)
     1    0.005109    0.065881    0.147720    2.914223 ^ _24_/X (sky130_fd_sc_hd__and2_1)
                      0.065881    0.000207    2.914430 ^ output11/A (sky130_fd_sc_hd__buf_2)
     1    0.033815    0.168201    0.204125    3.118555 ^ output11/X (sky130_fd_sc_hd__buf_2)
                      0.168203    0.000869    3.119424 ^ overflow (out)
                                              3.119424   data arrival time

                                 10.000000   10.000000   clock clk (rise edge)
                                  0.000000   10.000000   clock network delay (propagated)
                                 -0.250000    9.750000   clock uncertainty
                                  0.000000    9.750000   clock reconvergence pessimism
                                 -2.000000    7.750000   output external delay
                                              7.750000   data required time
---------------------------------------------------------------------------------------------
                                              7.750000   data required time
                                             -3.119424   data arrival time
---------------------------------------------------------------------------------------------
                                              4.630576   slack (MET)


Startpoint: _40_ (rising edge-triggered flip-flop clocked by clk)
Endpoint: count[3] (output port clocked by clk)
Path Group: clk
Path Type: max

Fanout         Cap        Slew       Delay        Time   Description
---------------------------------------------------------------------------------------------
                                  0.000000    0.000000   clock clk (rise edge)
                                  0.000000    0.000000   clock source latency
     1    0.013263    0.065689    0.044663    0.044663 ^ clk (in)
                      0.065692    0.000000    0.044663 ^ clkbuf_0_clk/A (sky130_fd_sc_hd__clkbuf_16)
     2    0.018071    0.040208    0.131075    0.175737 ^ clkbuf_0_clk/X (sky130_fd_sc_hd__clkbuf_16)
                      0.040218    0.000415    0.176152 ^ clkbuf_1_0__f_clk/A (sky130_fd_sc_hd__clkbuf_16)
     4    0.011392    0.034528    0.115421    0.291573 ^ clkbuf_1_0__f_clk/X (sky130_fd_sc_hd__clkbuf_16)
                      0.034528    0.000283    0.291856 ^ _40_/CLK (sky130_fd_sc_hd__dfrtp_1)
     6    0.018015    0.166111    0.407651    0.699507 ^ _40_/Q (sky130_fd_sc_hd__dfrtp_1)
                      0.166111    0.000316    0.699823 ^ output6/A (sky130_fd_sc_hd__buf_2)
     1    0.035429    0.176119    0.242039    0.941862 ^ output6/X (sky130_fd_sc_hd__buf_2)
                      0.176123    0.001013    0.942875 ^ count[3] (out)
                                              0.942875   data arrival time

                                 10.000000   10.000000   clock clk (rise edge)
                                  0.000000   10.000000   clock network delay (propagated)
                                 -0.250000    9.750000   clock uncertainty
                                  0.000000    9.750000   clock reconvergence pessimism
                                 -2.000000    7.750000   output external delay
                                              7.750000   data required time
---------------------------------------------------------------------------------------------
                                              7.750000   data required time
                                             -0.942875   data arrival time
---------------------------------------------------------------------------------------------
                                              6.807125   slack (MET)


Startpoint: _37_ (rising edge-triggered flip-flop clocked by clk)
Endpoint: count[0] (output port clocked by clk)
Path Group: clk
Path Type: max

Fanout         Cap        Slew       Delay        Time   Description
---------------------------------------------------------------------------------------------
                                  0.000000    0.000000   clock clk (rise edge)
                                  0.000000    0.000000   clock source latency
     1    0.013263    0.065689    0.044663    0.044663 ^ clk (in)
                      0.065692    0.000000    0.044663 ^ clkbuf_0_clk/A (sky130_fd_sc_hd__clkbuf_16)
     2    0.018071    0.040208    0.131075    0.175737 ^ clkbuf_0_clk/X (sky130_fd_sc_hd__clkbuf_16)
                      0.040219    0.000420    0.176157 ^ clkbuf_1_1__f_clk/A (sky130_fd_sc_hd__clkbuf_16)
     4    0.011501    0.034622    0.115521    0.291678 ^ clkbuf_1_1__f_clk/X (sky130_fd_sc_hd__clkbuf_16)
                      0.034622    0.000350    0.292028 ^ _37_/CLK (sky130_fd_sc_hd__dfrtp_1)
     5    0.014282    0.135353    0.385114    0.677142 ^ _37_/Q (sky130_fd_sc_hd__dfrtp_1)
                      0.135353    0.000430    0.677572 ^ output3/A (sky130_fd_sc_hd__buf_2)
     1    0.034517    0.171821    0.230785    0.908357 ^ output3/X (sky130_fd_sc_hd__buf_2)
                      0.171823    0.000886    0.909244 ^ count[0] (out)
                                              0.909244   data arrival time

                                 10.000000   10.000000   clock clk (rise edge)
                                  0.000000   10.000000   clock network delay (propagated)
                                 -0.250000    9.750000   clock uncertainty
                                  0.000000    9.750000   clock reconvergence pessimism
                                 -2.000000    7.750000   output external delay
                                              7.750000   data required time
---------------------------------------------------------------------------------------------
                                              7.750000   data required time
                                             -0.909244   data arrival time
---------------------------------------------------------------------------------------------
                                              6.840756   slack (MET)


Startpoint: _38_ (rising edge-triggered flip-flop clocked by clk)
Endpoint: count[1] (output port clocked by clk)
Path Group: clk
Path Type: max

Fanout         Cap        Slew       Delay        Time   Description
---------------------------------------------------------------------------------------------
                                  0.000000    0.000000   clock clk (rise edge)
                                  0.000000    0.000000   clock source latency
     1    0.013263    0.065689    0.044663    0.044663 ^ clk (in)
                      0.065692    0.000000    0.044663 ^ clkbuf_0_clk/A (sky130_fd_sc_hd__clkbuf_16)
     2    0.018071    0.040208    0.131075    0.175737 ^ clkbuf_0_clk/X (sky130_fd_sc_hd__clkbuf_16)
                      0.040218    0.000415    0.176152 ^ clkbuf_1_0__f_clk/A (sky130_fd_sc_hd__clkbuf_16)
     4    0.011392    0.034528    0.115421    0.291573 ^ clkbuf_1_0__f_clk/X (sky130_fd_sc_hd__clkbuf_16)
                      0.034528    0.000289    0.291861 ^ _38_/CLK (sky130_fd_sc_hd__dfrtp_1)
     4    0.013043    0.125188    0.377523    0.669385 ^ _38_/Q (sky130_fd_sc_hd__dfrtp_1)
                      0.125188    0.000530    0.669915 ^ output4/A (sky130_fd_sc_hd__buf_2)
     1    0.035545    0.176637    0.231332    0.901247 ^ output4/X (sky130_fd_sc_hd__buf_2)
                      0.176640    0.001049    0.902296 ^ count[1] (out)
                                              0.902296   data arrival time

                                 10.000000   10.000000   clock clk (rise edge)
                                  0.000000   10.000000   clock network delay (propagated)
                                 -0.250000    9.750000   clock uncertainty
                                  0.000000    9.750000   clock reconvergence pessimism
                                 -2.000000    7.750000   output external delay
                                              7.750000   data required time
---------------------------------------------------------------------------------------------
                                              7.750000   data required time
                                             -0.902296   data arrival time
---------------------------------------------------------------------------------------------
                                              6.847704   slack (MET)


Startpoint: _41_ (rising edge-triggered flip-flop clocked by clk)
Endpoint: count[4] (output port clocked by clk)
Path Group: clk
Path Type: max

Fanout         Cap        Slew       Delay        Time   Description
---------------------------------------------------------------------------------------------
                                  0.000000    0.000000   clock clk (rise edge)
                                  0.000000    0.000000   clock source latency
     1    0.013263    0.065689    0.044663    0.044663 ^ clk (in)
                      0.065692    0.000000    0.044663 ^ clkbuf_0_clk/A (sky130_fd_sc_hd__clkbuf_16)
     2    0.018071    0.040208    0.131075    0.175737 ^ clkbuf_0_clk/X (sky130_fd_sc_hd__clkbuf_16)
                      0.040218    0.000415    0.176152 ^ clkbuf_1_0__f_clk/A (sky130_fd_sc_hd__clkbuf_16)
     4    0.011392    0.034528    0.115421    0.291573 ^ clkbuf_1_0__f_clk/X (sky130_fd_sc_hd__clkbuf_16)
                      0.034528    0.000269    0.291842 ^ _41_/CLK (sky130_fd_sc_hd__dfrtp_1)
     4    0.012267    0.118802    0.372905    0.664747 ^ _41_/Q (sky130_fd_sc_hd__dfrtp_1)
                      0.118802    0.000356    0.665103 ^ output7/A (sky130_fd_sc_hd__buf_2)
     1    0.035235    0.175184    0.228145    0.893248 ^ output7/X (sky130_fd_sc_hd__buf_2)
                      0.175189    0.001160    0.894407 ^ count[4] (out)
                                              0.894407   data arrival time

                                 10.000000   10.000000   clock clk (rise edge)
                                  0.000000   10.000000   clock network delay (propagated)
                                 -0.250000    9.750000   clock uncertainty
                                  0.000000    9.750000   clock reconvergence pessimism
                                 -2.000000    7.750000   output external delay
                                              7.750000   data required time
---------------------------------------------------------------------------------------------
                                              7.750000   data required time
                                             -0.894407   data arrival time
---------------------------------------------------------------------------------------------
                                              6.855593   slack (MET)


Startpoint: _42_ (rising edge-triggered flip-flop clocked by clk)
Endpoint: count[5] (output port clocked by clk)
Path Group: clk
Path Type: max

Fanout         Cap        Slew       Delay        Time   Description
---------------------------------------------------------------------------------------------
                                  0.000000    0.000000   clock clk (rise edge)
                                  0.000000    0.000000   clock source latency
     1    0.013263    0.065689    0.044663    0.044663 ^ clk (in)
                      0.065692    0.000000    0.044663 ^ clkbuf_0_clk/A (sky130_fd_sc_hd__clkbuf_16)
     2    0.018071    0.040208    0.131075    0.175737 ^ clkbuf_0_clk/X (sky130_fd_sc_hd__clkbuf_16)
                      0.040219    0.000420    0.176157 ^ clkbuf_1_1__f_clk/A (sky130_fd_sc_hd__clkbuf_16)
     4    0.011501    0.034622    0.115521    0.291678 ^ clkbuf_1_1__f_clk/X (sky130_fd_sc_hd__clkbuf_16)
                      0.034622    0.000318    0.291996 ^ _42_/CLK (sky130_fd_sc_hd__dfrtp_1)
     3    0.010556    0.104798    0.362574    0.654570 ^ _42_/Q (sky130_fd_sc_hd__dfrtp_1)
                      0.104798    0.000216    0.654786 ^ output8/A (sky130_fd_sc_hd__buf_2)
     1    0.033814    0.168416    0.218470    0.873256 ^ output8/X (sky130_fd_sc_hd__buf_2)
                      0.168418    0.000861    0.874117 ^ count[5] (out)
                                              0.874117   data arrival time

                                 10.000000   10.000000   clock clk (rise edge)
                                  0.000000   10.000000   clock network delay (propagated)
                                 -0.250000    9.750000   clock uncertainty
                                  0.000000    9.750000   clock reconvergence pessimism
                                 -2.000000    7.750000   output external delay
                                              7.750000   data required time
---------------------------------------------------------------------------------------------
                                              7.750000   data required time
                                             -0.874117   data arrival time
---------------------------------------------------------------------------------------------
                                              6.875883   slack (MET)


Startpoint: _39_ (rising edge-triggered flip-flop clocked by clk)
Endpoint: count[2] (output port clocked by clk)
Path Group: clk
Path Type: max

Fanout         Cap        Slew       Delay        Time   Description
---------------------------------------------------------------------------------------------
                                  0.000000    0.000000   clock clk (rise edge)
                                  0.000000    0.000000   clock source latency
     1    0.013263    0.065689    0.044663    0.044663 ^ clk (in)
                      0.065692    0.000000    0.044663 ^ clkbuf_0_clk/A (sky130_fd_sc_hd__clkbuf_16)
     2    0.018071    0.040208    0.131075    0.175737 ^ clkbuf_0_clk/X (sky130_fd_sc_hd__clkbuf_16)
                      0.040218    0.000415    0.176152 ^ clkbuf_1_0__f_clk/A (sky130_fd_sc_hd__clkbuf_16)
     4    0.011392    0.034528    0.115421    0.291573 ^ clkbuf_1_0__f_clk/X (sky130_fd_sc_hd__clkbuf_16)
                      0.034528    0.000289    0.291861 ^ _39_/CLK (sky130_fd_sc_hd__dfrtp_1)
     3    0.009866    0.099159    0.358375    0.650236 ^ _39_/Q (sky130_fd_sc_hd__dfrtp_1)
                      0.099159    0.000238    0.650474 ^ output5/A (sky130_fd_sc_hd__buf_2)
     1    0.035568    0.176608    0.222077    0.872552 ^ output5/X (sky130_fd_sc_hd__buf_2)
                      0.176611    0.001061    0.873613 ^ count[2] (out)
                                              0.873613   data arrival time

                                 10.000000   10.000000   clock clk (rise edge)
                                  0.000000   10.000000   clock network delay (propagated)
                                 -0.250000    9.750000   clock uncertainty
                                  0.000000    9.750000   clock reconvergence pessimism
                                 -2.000000    7.750000   output external delay
                                              7.750000   data required time
---------------------------------------------------------------------------------------------
                                              7.750000   data required time
                                             -0.873613   data arrival time
---------------------------------------------------------------------------------------------
                                              6.876387   slack (MET)


Startpoint: _43_ (rising edge-triggered flip-flop clocked by clk)
Endpoint: count[6] (output port clocked by clk)
Path Group: clk
Path Type: max

Fanout         Cap        Slew       Delay        Time   Description
---------------------------------------------------------------------------------------------
                                  0.000000    0.000000   clock clk (rise edge)
                                  0.000000    0.000000   clock source latency
     1    0.013263    0.065689    0.044663    0.044663 ^ clk (in)
                      0.065692    0.000000    0.044663 ^ clkbuf_0_clk/A (sky130_fd_sc_hd__clkbuf_16)
     2    0.018071    0.040208    0.131075    0.175737 ^ clkbuf_0_clk/X (sky130_fd_sc_hd__clkbuf_16)
                      0.040219    0.000420    0.176157 ^ clkbuf_1_1__f_clk/A (sky130_fd_sc_hd__clkbuf_16)
     4    0.011501    0.034622    0.115521    0.291678 ^ clkbuf_1_1__f_clk/X (sky130_fd_sc_hd__clkbuf_16)
                      0.034622    0.000181    0.291859 ^ _43_/CLK (sky130_fd_sc_hd__dfrtp_1)
     3    0.009630    0.097234    0.357001    0.648860 ^ _43_/Q (sky130_fd_sc_hd__dfrtp_1)
                      0.097234    0.000195    0.649055 ^ output9/A (sky130_fd_sc_hd__buf_2)
     1    0.034763    0.172817    0.218778    0.867834 ^ output9/X (sky130_fd_sc_hd__buf_2)
                      0.172820    0.000942    0.868776 ^ count[6] (out)
                                              0.868776   data arrival time

                                 10.000000   10.000000   clock clk (rise edge)
                                  0.000000   10.000000   clock network delay (propagated)
                                 -0.250000    9.750000   clock uncertainty
                                  0.000000    9.750000   clock reconvergence pessimism
                                 -2.000000    7.750000   output external delay
                                              7.750000   data required time
---------------------------------------------------------------------------------------------
                                              7.750000   data required time
                                             -0.868776   data arrival time
---------------------------------------------------------------------------------------------
                                              6.881224   slack (MET)


Startpoint: _44_ (rising edge-triggered flip-flop clocked by clk)
Endpoint: count[7] (output port clocked by clk)
Path Group: clk
Path Type: max

Fanout         Cap        Slew       Delay        Time   Description
---------------------------------------------------------------------------------------------
                                  0.000000    0.000000   clock clk (rise edge)
                                  0.000000    0.000000   clock source latency
     1    0.013263    0.065689    0.044663    0.044663 ^ clk (in)
                      0.065692    0.000000    0.044663 ^ clkbuf_0_clk/A (sky130_fd_sc_hd__clkbuf_16)
     2    0.018071    0.040208    0.131075    0.175737 ^ clkbuf_0_clk/X (sky130_fd_sc_hd__clkbuf_16)
                      0.040219    0.000420    0.176157 ^ clkbuf_1_1__f_clk/A (sky130_fd_sc_hd__clkbuf_16)
     4    0.011501    0.034622    0.115521    0.291678 ^ clkbuf_1_1__f_clk/X (sky130_fd_sc_hd__clkbuf_16)
                      0.034622    0.000353    0.292031 ^ _44_/CLK (sky130_fd_sc_hd__dfrtp_1)
     3    0.008586    0.065988    0.381104    0.673135 v _44_/Q (sky130_fd_sc_hd__dfrtp_1)
                      0.065988    0.000177    0.673312 v output10/A (sky130_fd_sc_hd__buf_2)
     1    0.034625    0.090339    0.189933    0.863244 v output10/X (sky130_fd_sc_hd__buf_2)
                      0.090347    0.000886    0.864130 v count[7] (out)
                                              0.864130   data arrival time

                                 10.000000   10.000000   clock clk (rise edge)
                                  0.000000   10.000000   clock network delay (propagated)
                                 -0.250000    9.750000   clock uncertainty
                                  0.000000    9.750000   clock reconvergence pessimism
                                 -2.000000    7.750000   output external delay
                                              7.750000   data required time
---------------------------------------------------------------------------------------------
                                              7.750000   data required time
                                             -0.864130   data arrival time
---------------------------------------------------------------------------------------------
                                              6.885870   slack (MET)


Startpoint: enable (input port clocked by clk)
Endpoint: _42_ (rising edge-triggered flip-flop clocked by clk)
Path Group: clk
Path Type: max

Fanout         Cap        Slew       Delay        Time   Description
---------------------------------------------------------------------------------------------
                                  0.000000    0.000000   clock clk (rise edge)
                                  0.000000    0.000000   clock network delay (propagated)
                                  2.000000    2.000000 ^ input external delay
     1    0.003557    0.023014    0.012982    2.012982 ^ enable (in)
                      0.023021    0.000000    2.012982 ^ input1/A (sky130_fd_sc_hd__buf_1)
     4    0.015054    0.182100    0.169444    2.182426 ^ input1/X (sky130_fd_sc_hd__buf_1)
                      0.182104    0.000676    2.183102 ^ _19_/D (sky130_fd_sc_hd__and4_1)
     6    0.018814    0.191753    0.325502    2.508604 ^ _19_/X (sky130_fd_sc_hd__and4_1)
                      0.191753    0.000602    2.509206 ^ _22_/B (sky130_fd_sc_hd__and3_1)
     2    0.008187    0.096419    0.220516    2.729722 ^ _22_/X (sky130_fd_sc_hd__and3_1)
                      0.096419    0.000165    2.729886 ^ _34_/A_N (sky130_fd_sc_hd__and2b_1)
     1    0.002922    0.034212    0.183644    2.913530 v _34_/X (sky130_fd_sc_hd__and2b_1)
                      0.034212    0.000093    2.913623 v _42_/D (sky130_fd_sc_hd__dfrtp_1)
                                              2.913623   data arrival time

                                 10.000000   10.000000   clock clk (rise edge)
                                  0.000000   10.000000   clock source latency
     1    0.013263    0.065689    0.044663   10.044663 ^ clk (in)
                      0.065692    0.000000   10.044663 ^ clkbuf_0_clk/A (sky130_fd_sc_hd__clkbuf_16)
     2    0.018071    0.040208    0.131075   10.175738 ^ clkbuf_0_clk/X (sky130_fd_sc_hd__clkbuf_16)
                      0.040219    0.000419   10.176157 ^ clkbuf_1_1__f_clk/A (sky130_fd_sc_hd__clkbuf_16)
     4    0.011501    0.034622    0.115521   10.291678 ^ clkbuf_1_1__f_clk/X (sky130_fd_sc_hd__clkbuf_16)
                      0.034622    0.000318   10.291996 ^ _42_/CLK (sky130_fd_sc_hd__dfrtp_1)
                                 -0.250000   10.041996   clock uncertainty
                                  0.000000   10.041996   clock reconvergence pessimism
                                 -0.111939    9.930058   library setup time
                                              9.930058   data required time
---------------------------------------------------------------------------------------------
                                              9.930058   data required time
                                             -2.913623   data arrival time
---------------------------------------------------------------------------------------------
                                              7.016434   slack (MET)


Startpoint: enable (input port clocked by clk)
Endpoint: _44_ (rising edge-triggered flip-flop clocked by clk)
Path Group: clk
Path Type: max

Fanout         Cap        Slew       Delay        Time   Description
---------------------------------------------------------------------------------------------
                                  0.000000    0.000000   clock clk (rise edge)
                                  0.000000    0.000000   clock network delay (propagated)
                                  2.000000    2.000000 ^ input external delay
     1    0.003557    0.023014    0.012982    2.012982 ^ enable (in)
                      0.023021    0.000000    2.012982 ^ input1/A (sky130_fd_sc_hd__buf_1)
     4    0.015054    0.182100    0.169444    2.182426 ^ input1/X (sky130_fd_sc_hd__buf_1)
                      0.182104    0.000676    2.183102 ^ _19_/D (sky130_fd_sc_hd__and4_1)
     6    0.018814    0.191753    0.325502    2.508604 ^ _19_/X (sky130_fd_sc_hd__and4_1)
                      0.191753    0.000504    2.509108 ^ _23_/C (sky130_fd_sc_hd__and4_1)
     2    0.008657    0.103868    0.257130    2.766237 ^ _23_/X (sky130_fd_sc_hd__and4_1)
                      0.103868    0.000351    2.766589 ^ _36_/B (sky130_fd_sc_hd__xor2_1)
     1    0.003234    0.119102    0.154022    2.920611 ^ _36_/X (sky130_fd_sc_hd__xor2_1)
                      0.119102    0.000083    2.920694 ^ _44_/D (sky130_fd_sc_hd__dfrtp_1)
                                              2.920694   data arrival time

                                 10.000000   10.000000   clock clk (rise edge)
                                  0.000000   10.000000   clock source latency
     1    0.013263    0.065689    0.044663   10.044663 ^ clk (in)
                      0.065692    0.000000   10.044663 ^ clkbuf_0_clk/A (sky130_fd_sc_hd__clkbuf_16)
     2    0.018071    0.040208    0.131075   10.175738 ^ clkbuf_0_clk/X (sky130_fd_sc_hd__clkbuf_16)
                      0.040219    0.000419   10.176157 ^ clkbuf_1_1__f_clk/A (sky130_fd_sc_hd__clkbuf_16)
     4    0.011501    0.034622    0.115521   10.291678 ^ clkbuf_1_1__f_clk/X (sky130_fd_sc_hd__clkbuf_16)
                      0.034622    0.000353   10.292031 ^ _44_/CLK (sky130_fd_sc_hd__dfrtp_1)
                                 -0.250000   10.042031   clock uncertainty
                                  0.000000   10.042031   clock reconvergence pessimism
                                 -0.078543    9.963488   library setup time
                                              9.963488   data required time
---------------------------------------------------------------------------------------------
                                              9.963488   data required time
                                             -2.920694   data arrival time
---------------------------------------------------------------------------------------------
                                              7.042794   slack (MET)


Startpoint: enable (input port clocked by clk)
Endpoint: _43_ (rising edge-triggered flip-flop clocked by clk)
Path Group: clk
Path Type: max

Fanout         Cap        Slew       Delay        Time   Description
---------------------------------------------------------------------------------------------
                                  0.000000    0.000000   clock clk (rise edge)
                                  0.000000    0.000000   clock network delay (propagated)
                                  2.000000    2.000000 ^ input external delay
     1    0.003557    0.023014    0.012982    2.012982 ^ enable (in)
                      0.023021    0.000000    2.012982 ^ input1/A (sky130_fd_sc_hd__buf_1)
     4    0.015054    0.182100    0.169444    2.182426 ^ input1/X (sky130_fd_sc_hd__buf_1)
                      0.182104    0.000676    2.183102 ^ _19_/D (sky130_fd_sc_hd__and4_1)
     6    0.018814    0.191753    0.325502    2.508604 ^ _19_/X (sky130_fd_sc_hd__and4_1)
                      0.191753    0.000602    2.509206 ^ _22_/B (sky130_fd_sc_hd__and3_1)
     2    0.008187    0.096419    0.220516    2.729722 ^ _22_/X (sky130_fd_sc_hd__and3_1)
                      0.096419    0.000190    2.729912 ^ _35_/B (sky130_fd_sc_hd__xor2_1)
     1    0.003772    0.128425    0.159854    2.889765 ^ _35_/X (sky130_fd_sc_hd__xor2_1)
                      0.128425    0.000129    2.889894 ^ _43_/D (sky130_fd_sc_hd__dfrtp_1)
                                              2.889894   data arrival time

                                 10.000000   10.000000   clock clk (rise edge)
                                  0.000000   10.000000   clock source latency
     1    0.013263    0.065689    0.044663   10.044663 ^ clk (in)
                      0.065692    0.000000   10.044663 ^ clkbuf_0_clk/A (sky130_fd_sc_hd__clkbuf_16)
     2    0.018071    0.040208    0.131075   10.175738 ^ clkbuf_0_clk/X (sky130_fd_sc_hd__clkbuf_16)
                      0.040219    0.000419   10.176157 ^ clkbuf_1_1__f_clk/A (sky130_fd_sc_hd__clkbuf_16)
     4    0.011501    0.034622    0.115521   10.291678 ^ clkbuf_1_1__f_clk/X (sky130_fd_sc_hd__clkbuf_16)
                      0.034622    0.000181   10.291860 ^ _43_/CLK (sky130_fd_sc_hd__dfrtp_1)
                                 -0.250000   10.041860   clock uncertainty
                                  0.000000   10.041860   clock reconvergence pessimism
                                 -0.080702    9.961158   library setup time
                                              9.961158   data required time
---------------------------------------------------------------------------------------------
                                              9.961158   data required time
                                             -2.889894   data arrival time
---------------------------------------------------------------------------------------------
                                              7.071264   slack (MET)


Startpoint: enable (input port clocked by clk)
Endpoint: _40_ (rising edge-triggered flip-flop clocked by clk)
Path Group: clk
Path Type: max

Fanout         Cap        Slew       Delay        Time   Description
---------------------------------------------------------------------------------------------
                                  0.000000    0.000000   clock clk (rise edge)
                                  0.000000    0.000000   clock network delay (propagated)
                                  2.000000    2.000000 v input external delay
     1    0.003381    0.009983    0.005427    2.005427 v enable (in)
                      0.009983    0.000000    2.005427 v input1/A (sky130_fd_sc_hd__buf_1)
     4    0.014257    0.088145    0.123062    2.128489 v input1/X (sky130_fd_sc_hd__buf_1)
                      0.088148    0.000637    2.129126 v _19_/D (sky130_fd_sc_hd__and4_1)
     6    0.017869    0.099284    0.277389    2.406514 v _19_/X (sky130_fd_sc_hd__and4_1)
                      0.099286    0.000633    2.407147 v _30_/B (sky130_fd_sc_hd__or2_1)
     1    0.002499    0.046144    0.219677    2.626824 v _30_/X (sky130_fd_sc_hd__or2_1)
                      0.046144    0.000059    2.626883 v _31_/B (sky130_fd_sc_hd__and2_1)
     1    0.002444    0.033534    0.148396    2.775279 v _31_/X (sky130_fd_sc_hd__and2_1)
                      0.033534    0.000052    2.775331 v _40_/D (sky130_fd_sc_hd__dfrtp_1)
                                              2.775331   data arrival time

                                 10.000000   10.000000   clock clk (rise edge)
                                  0.000000   10.000000   clock source latency
     1    0.013263    0.065689    0.044663   10.044663 ^ clk (in)
                      0.065692    0.000000   10.044663 ^ clkbuf_0_clk/A (sky130_fd_sc_hd__clkbuf_16)
     2    0.018071    0.040208    0.131075   10.175738 ^ clkbuf_0_clk/X (sky130_fd_sc_hd__clkbuf_16)
                      0.040218    0.000414   10.176152 ^ clkbuf_1_0__f_clk/A (sky130_fd_sc_hd__clkbuf_16)
     4    0.011392    0.034528    0.115421   10.291574 ^ clkbuf_1_0__f_clk/X (sky130_fd_sc_hd__clkbuf_16)
                      0.034528    0.000282   10.291856 ^ _40_/CLK (sky130_fd_sc_hd__dfrtp_1)
                                 -0.250000   10.041856   clock uncertainty
                                  0.000000   10.041856   clock reconvergence pessimism
                                 -0.111664    9.930191   library setup time
                                              9.930191   data required time
---------------------------------------------------------------------------------------------
                                              9.930191   data required time
                                             -2.775331   data arrival time
---------------------------------------------------------------------------------------------
                                              7.154860   slack (MET)


Startpoint: enable (input port clocked by clk)
Endpoint: _41_ (rising edge-triggered flip-flop clocked by clk)
Path Group: clk
Path Type: max

Fanout         Cap        Slew       Delay        Time   Description
---------------------------------------------------------------------------------------------
                                  0.000000    0.000000   clock clk (rise edge)
                                  0.000000    0.000000   clock network delay (propagated)
                                  2.000000    2.000000 ^ input external delay
     1    0.003557    0.023014    0.012982    2.012982 ^ enable (in)
                      0.023021    0.000000    2.012982 ^ input1/A (sky130_fd_sc_hd__buf_1)
     4    0.015054    0.182100    0.169444    2.182426 ^ input1/X (sky130_fd_sc_hd__buf_1)
                      0.182104    0.000676    2.183102 ^ _19_/D (sky130_fd_sc_hd__and4_1)
     6    0.018814    0.191753    0.325502    2.508604 ^ _19_/X (sky130_fd_sc_hd__and4_1)
                      0.191753    0.000669    2.509273 ^ _20_/B (sky130_fd_sc_hd__nand2_1)
     2    0.006525    0.073061    0.103943    2.613215 v _20_/Y (sky130_fd_sc_hd__nand2_1)
                      0.073061    0.000125    2.613341 v _32_/B (sky130_fd_sc_hd__xnor2_1)
     1    0.002244    0.041769    0.125873    2.739214 v _32_/Y (sky130_fd_sc_hd__xnor2_1)
                      0.041769    0.000046    2.739259 v _41_/D (sky130_fd_sc_hd__dfrtp_1)
                                              2.739259   data arrival time

                                 10.000000   10.000000   clock clk (rise edge)
                                  0.000000   10.000000   clock source latency
     1    0.013263    0.065689    0.044663   10.044663 ^ clk (in)
                      0.065692    0.000000   10.044663 ^ clkbuf_0_clk/A (sky130_fd_sc_hd__clkbuf_16)
     2    0.018071    0.040208    0.131075   10.175738 ^ clkbuf_0_clk/X (sky130_fd_sc_hd__clkbuf_16)
                      0.040218    0.000414   10.176152 ^ clkbuf_1_0__f_clk/A (sky130_fd_sc_hd__clkbuf_16)
     4    0.011392    0.034528    0.115421   10.291574 ^ clkbuf_1_0__f_clk/X (sky130_fd_sc_hd__clkbuf_16)
                      0.034528    0.000269   10.291842 ^ _41_/CLK (sky130_fd_sc_hd__dfrtp_1)
                                 -0.250000   10.041842   clock uncertainty
                                  0.000000   10.041842   clock reconvergence pessimism
                                 -0.115259    9.926583   library setup time
                                              9.926583   data required time
---------------------------------------------------------------------------------------------
                                              9.926583   data required time
                                             -2.739259   data arrival time
---------------------------------------------------------------------------------------------
                                              7.187324   slack (MET)


Startpoint: enable (input port clocked by clk)
Endpoint: _39_ (rising edge-triggered flip-flop clocked by clk)
Path Group: clk
Path Type: max

Fanout         Cap        Slew       Delay        Time   Description
---------------------------------------------------------------------------------------------
                                  0.000000    0.000000   clock clk (rise edge)
                                  0.000000    0.000000   clock network delay (propagated)
                                  2.000000    2.000000 ^ input external delay
     1    0.003557    0.023014    0.012982    2.012982 ^ enable (in)
                      0.023021    0.000000    2.012982 ^ input1/A (sky130_fd_sc_hd__buf_1)
     4    0.015054    0.182100    0.169444    2.182426 ^ input1/X (sky130_fd_sc_hd__buf_1)
                      0.182104    0.000676    2.183102 ^ _19_/D (sky130_fd_sc_hd__and4_1)
     6    0.018814    0.191753    0.325502    2.508604 ^ _19_/X (sky130_fd_sc_hd__and4_1)
                      0.191753    0.000301    2.508905 ^ _29_/A (sky130_fd_sc_hd__nor2_1)
     1    0.002635    0.049638    0.071465    2.580369 v _29_/Y (sky130_fd_sc_hd__nor2_1)
                      0.049638    0.000060    2.580429 v _39_/D (sky130_fd_sc_hd__dfrtp_1)
                                              2.580429   data arrival time

                                 10.000000   10.000000   clock clk (rise edge)
                                  0.000000   10.000000   clock source latency
     1    0.013263    0.065689    0.044663   10.044663 ^ clk (in)
                      0.065692    0.000000   10.044663 ^ clkbuf_0_clk/A (sky130_fd_sc_hd__clkbuf_16)
     2    0.018071    0.040208    0.131075   10.175738 ^ clkbuf_0_clk/X (sky130_fd_sc_hd__clkbuf_16)
                      0.040218    0.000414   10.176152 ^ clkbuf_1_0__f_clk/A (sky130_fd_sc_hd__clkbuf_16)
     4    0.011392    0.034528    0.115421   10.291574 ^ clkbuf_1_0__f_clk/X (sky130_fd_sc_hd__clkbuf_16)
                      0.034528    0.000289   10.291862 ^ _39_/CLK (sky130_fd_sc_hd__dfrtp_1)
                                 -0.250000   10.041862   clock uncertainty
                                  0.000000   10.041862   clock reconvergence pessimism
                                 -0.118694    9.923167   library setup time
                                              9.923167   data required time
---------------------------------------------------------------------------------------------
                                              9.923167   data required time
                                             -2.580429   data arrival time
---------------------------------------------------------------------------------------------
                                              7.342738   slack (MET)


Startpoint: enable (input port clocked by clk)
Endpoint: _38_ (rising edge-triggered flip-flop clocked by clk)
Path Group: clk
Path Type: max

Fanout         Cap        Slew       Delay        Time   Description
---------------------------------------------------------------------------------------------
                                  0.000000    0.000000   clock clk (rise edge)
                                  0.000000    0.000000   clock network delay (propagated)
                                  2.000000    2.000000 ^ input external delay
     1    0.003557    0.023014    0.012982    2.012982 ^ enable (in)
                      0.023021    0.000000    2.012982 ^ input1/A (sky130_fd_sc_hd__buf_1)
     4    0.015054    0.182100    0.169444    2.182426 ^ input1/X (sky130_fd_sc_hd__buf_1)
                      0.182103    0.000621    2.183047 ^ _18_/C (sky130_fd_sc_hd__and3_1)
     2    0.006434    0.081191    0.203616    2.386663 ^ _18_/X (sky130_fd_sc_hd__and3_1)
                      0.081191    0.000197    2.386861 ^ _27_/A (sky130_fd_sc_hd__nor2_1)
     1    0.002925    0.035633    0.051523    2.438384 v _27_/Y (sky130_fd_sc_hd__nor2_1)
                      0.035633    0.000094    2.438478 v _38_/D (sky130_fd_sc_hd__dfrtp_1)
                                              2.438478   data arrival time

                                 10.000000   10.000000   clock clk (rise edge)
                                  0.000000   10.000000   clock source latency
     1    0.013263    0.065689    0.044663   10.044663 ^ clk (in)
                      0.065692    0.000000   10.044663 ^ clkbuf_0_clk/A (sky130_fd_sc_hd__clkbuf_16)
     2    0.018071    0.040208    0.131075   10.175738 ^ clkbuf_0_clk/X (sky130_fd_sc_hd__clkbuf_16)
                      0.040218    0.000414   10.176152 ^ clkbuf_1_0__f_clk/A (sky130_fd_sc_hd__clkbuf_16)
     4    0.011392    0.034528    0.115421   10.291574 ^ clkbuf_1_0__f_clk/X (sky130_fd_sc_hd__clkbuf_16)
                      0.034528    0.000289   10.291862 ^ _38_/CLK (sky130_fd_sc_hd__dfrtp_1)
                                 -0.250000   10.041862   clock uncertainty
                                  0.000000   10.041862   clock reconvergence pessimism
                                 -0.112581    9.929281   library setup time
                                              9.929281   data required time
---------------------------------------------------------------------------------------------
                                              9.929281   data required time
                                             -2.438478   data arrival time
---------------------------------------------------------------------------------------------
                                              7.490805   slack (MET)


Startpoint: enable (input port clocked by clk)
Endpoint: _37_ (rising edge-triggered flip-flop clocked by clk)
Path Group: clk
Path Type: max

Fanout         Cap        Slew       Delay        Time   Description
---------------------------------------------------------------------------------------------
                                  0.000000    0.000000   clock clk (rise edge)
                                  0.000000    0.000000   clock network delay (propagated)
                                  2.000000    2.000000 ^ input external delay
     1    0.003557    0.023014    0.012982    2.012982 ^ enable (in)
                      0.023021    0.000000    2.012982 ^ input1/A (sky130_fd_sc_hd__buf_1)
     4    0.015054    0.182100    0.169444    2.182426 ^ input1/X (sky130_fd_sc_hd__buf_1)
                      0.182104    0.000716    2.183141 ^ _25_/B (sky130_fd_sc_hd__xor2_1)
     1    0.003904    0.130703    0.174260    2.357401 ^ _25_/X (sky130_fd_sc_hd__xor2_1)
                      0.130703    0.000137    2.357538 ^ _37_/D (sky130_fd_sc_hd__dfrtp_1)
                                              2.357538   data arrival time

                                 10.000000   10.000000   clock clk (rise edge)
                                  0.000000   10.000000   clock source latency
     1    0.013263    0.065689    0.044663   10.044663 ^ clk (in)
                      0.065692    0.000000   10.044663 ^ clkbuf_0_clk/A (sky130_fd_sc_hd__clkbuf_16)
     2    0.018071    0.040208    0.131075   10.175738 ^ clkbuf_0_clk/X (sky130_fd_sc_hd__clkbuf_16)
                      0.040219    0.000419   10.176157 ^ clkbuf_1_1__f_clk/A (sky130_fd_sc_hd__clkbuf_16)
     4    0.011501    0.034622    0.115521   10.291678 ^ clkbuf_1_1__f_clk/X (sky130_fd_sc_hd__clkbuf_16)
                      0.034622    0.000350   10.292028 ^ _37_/CLK (sky130_fd_sc_hd__dfrtp_1)
                                 -0.250000   10.042027   clock uncertainty
                                  0.000000   10.042027   clock reconvergence pessimism
                                 -0.081229    9.960798   library setup time
                                              9.960798   data required time
---------------------------------------------------------------------------------------------
                                              9.960798   data required time
                                             -2.357538   data arrival time
---------------------------------------------------------------------------------------------
                                              7.603261   slack (MET)


Startpoint: rst_n (input port clocked by clk)
Endpoint: _41_ (recovery check against rising-edge clock clk)
Path Group: asynchronous
Path Type: max

Fanout         Cap        Slew       Delay        Time   Description
---------------------------------------------------------------------------------------------
                                  0.000000    0.000000   clock clk (rise edge)
                                  0.000000    0.000000   clock network delay (propagated)
                                  2.000000    2.000000 ^ input external delay
     1    0.003412    0.022384    0.012472    2.012472 ^ rst_n (in)
                      0.022384    0.000000    2.012472 ^ input2/A (sky130_fd_sc_hd__clkbuf_4)
     8    0.042465    0.134971    0.192220    2.204692 ^ input2/X (sky130_fd_sc_hd__clkbuf_4)
                      0.135097    0.002673    2.207365 ^ _41_/RESET_B (sky130_fd_sc_hd__dfrtp_1)
                                              2.207365   data arrival time

                                 10.000000   10.000000   clock clk (rise edge)
                                  0.000000   10.000000   clock source latency
     1    0.013263    0.065689    0.044663   10.044663 ^ clk (in)
                      0.065692    0.000000   10.044663 ^ clkbuf_0_clk/A (sky130_fd_sc_hd__clkbuf_16)
     2    0.018071    0.040208    0.131075   10.175738 ^ clkbuf_0_clk/X (sky130_fd_sc_hd__clkbuf_16)
                      0.040218    0.000414   10.176152 ^ clkbuf_1_0__f_clk/A (sky130_fd_sc_hd__clkbuf_16)
     4    0.011392    0.034528    0.115421   10.291574 ^ clkbuf_1_0__f_clk/X (sky130_fd_sc_hd__clkbuf_16)
                      0.034528    0.000269   10.291842 ^ _41_/CLK (sky130_fd_sc_hd__dfrtp_1)
                                 -0.250000   10.041842   clock uncertainty
                                  0.000000   10.041842   clock reconvergence pessimism
                                  0.203758   10.245600   library recovery time
                                             10.245600   data required time
---------------------------------------------------------------------------------------------
                                             10.245600   data required time
                                             -2.207365   data arrival time
---------------------------------------------------------------------------------------------
                                              8.038236   slack (MET)


Startpoint: rst_n (input port clocked by clk)
Endpoint: _40_ (recovery check against rising-edge clock clk)
Path Group: asynchronous
Path Type: max

Fanout         Cap        Slew       Delay        Time   Description
---------------------------------------------------------------------------------------------
                                  0.000000    0.000000   clock clk (rise edge)
                                  0.000000    0.000000   clock network delay (propagated)
                                  2.000000    2.000000 ^ input external delay
     1    0.003412    0.022384    0.012472    2.012472 ^ rst_n (in)
                      0.022384    0.000000    2.012472 ^ input2/A (sky130_fd_sc_hd__clkbuf_4)
     8    0.042465    0.134971    0.192220    2.204692 ^ input2/X (sky130_fd_sc_hd__clkbuf_4)
                      0.135092    0.002582    2.207273 ^ _40_/RESET_B (sky130_fd_sc_hd__dfrtp_1)
                                              2.207273   data arrival time

                                 10.000000   10.000000   clock clk (rise edge)
                                  0.000000   10.000000   clock source latency
     1    0.013263    0.065689    0.044663   10.044663 ^ clk (in)
                      0.065692    0.000000   10.044663 ^ clkbuf_0_clk/A (sky130_fd_sc_hd__clkbuf_16)
     2    0.018071    0.040208    0.131075   10.175738 ^ clkbuf_0_clk/X (sky130_fd_sc_hd__clkbuf_16)
                      0.040218    0.000414   10.176152 ^ clkbuf_1_0__f_clk/A (sky130_fd_sc_hd__clkbuf_16)
     4    0.011392    0.034528    0.115421   10.291574 ^ clkbuf_1_0__f_clk/X (sky130_fd_sc_hd__clkbuf_16)
                      0.034528    0.000282   10.291856 ^ _40_/CLK (sky130_fd_sc_hd__dfrtp_1)
                                 -0.250000   10.041856   clock uncertainty
                                  0.000000   10.041856   clock reconvergence pessimism
                                  0.203759   10.245615   library recovery time
                                             10.245615   data required time
---------------------------------------------------------------------------------------------
                                             10.245615   data required time
                                             -2.207273   data arrival time
---------------------------------------------------------------------------------------------
                                              8.038342   slack (MET)


Startpoint: rst_n (input port clocked by clk)
Endpoint: _43_ (recovery check against rising-edge clock clk)
Path Group: asynchronous
Path Type: max

Fanout         Cap        Slew       Delay        Time   Description
---------------------------------------------------------------------------------------------
                                  0.000000    0.000000   clock clk (rise edge)
                                  0.000000    0.000000   clock network delay (propagated)
                                  2.000000    2.000000 ^ input external delay
     1    0.003412    0.022384    0.012472    2.012472 ^ rst_n (in)
                      0.022384    0.000000    2.012472 ^ input2/A (sky130_fd_sc_hd__clkbuf_4)
     8    0.042465    0.134971    0.192220    2.204692 ^ input2/X (sky130_fd_sc_hd__clkbuf_4)
                      0.135092    0.002591    2.207283 ^ _43_/RESET_B (sky130_fd_sc_hd__dfrtp_1)
                                              2.207283   data arrival time

                                 10.000000   10.000000   clock clk (rise edge)
                                  0.000000   10.000000   clock source latency
     1    0.013263    0.065689    0.044663   10.044663 ^ clk (in)
                      0.065692    0.000000   10.044663 ^ clkbuf_0_clk/A (sky130_fd_sc_hd__clkbuf_16)
     2    0.018071    0.040208    0.131075   10.175738 ^ clkbuf_0_clk/X (sky130_fd_sc_hd__clkbuf_16)
                      0.040219    0.000419   10.176157 ^ clkbuf_1_1__f_clk/A (sky130_fd_sc_hd__clkbuf_16)
     4    0.011501    0.034622    0.115521   10.291678 ^ clkbuf_1_1__f_clk/X (sky130_fd_sc_hd__clkbuf_16)
                      0.034622    0.000181   10.291860 ^ _43_/CLK (sky130_fd_sc_hd__dfrtp_1)
                                 -0.250000   10.041860   clock uncertainty
                                  0.000000   10.041860   clock reconvergence pessimism
                                  0.203788   10.245647   library recovery time
                                             10.245647   data required time
---------------------------------------------------------------------------------------------
                                             10.245647   data required time
                                             -2.207283   data arrival time
---------------------------------------------------------------------------------------------
                                              8.038364   slack (MET)


Startpoint: rst_n (input port clocked by clk)
Endpoint: _39_ (recovery check against rising-edge clock clk)
Path Group: asynchronous
Path Type: max

Fanout         Cap        Slew       Delay        Time   Description
---------------------------------------------------------------------------------------------
                                  0.000000    0.000000   clock clk (rise edge)
                                  0.000000    0.000000   clock network delay (propagated)
                                  2.000000    2.000000 ^ input external delay
     1    0.003412    0.022384    0.012472    2.012472 ^ rst_n (in)
                      0.022384    0.000000    2.012472 ^ input2/A (sky130_fd_sc_hd__clkbuf_4)
     8    0.042465    0.134971    0.192220    2.204692 ^ input2/X (sky130_fd_sc_hd__clkbuf_4)
                      0.135085    0.002469    2.207161 ^ _39_/RESET_B (sky130_fd_sc_hd__dfrtp_1)
                                              2.207161   data arrival time

                                 10.000000   10.000000   clock clk (rise edge)
                                  0.000000   10.000000   clock source latency
     1    0.013263    0.065689    0.044663   10.044663 ^ clk (in)
                      0.065692    0.000000   10.044663 ^ clkbuf_0_clk/A (sky130_fd_sc_hd__clkbuf_16)
     2    0.018071    0.040208    0.131075   10.175738 ^ clkbuf_0_clk/X (sky130_fd_sc_hd__clkbuf_16)
                      0.040218    0.000414   10.176152 ^ clkbuf_1_0__f_clk/A (sky130_fd_sc_hd__clkbuf_16)
     4    0.011392    0.034528    0.115421   10.291574 ^ clkbuf_1_0__f_clk/X (sky130_fd_sc_hd__clkbuf_16)
                      0.034528    0.000289   10.291862 ^ _39_/CLK (sky130_fd_sc_hd__dfrtp_1)
                                 -0.250000   10.041862   clock uncertainty
                                  0.000000   10.041862   clock reconvergence pessimism
                                  0.203761   10.245623   library recovery time
                                             10.245623   data required time
---------------------------------------------------------------------------------------------
                                             10.245623   data required time
                                             -2.207161   data arrival time
---------------------------------------------------------------------------------------------
                                              8.038462   slack (MET)


Startpoint: rst_n (input port clocked by clk)
Endpoint: _42_ (recovery check against rising-edge clock clk)
Path Group: asynchronous
Path Type: max

Fanout         Cap        Slew       Delay        Time   Description
---------------------------------------------------------------------------------------------
                                  0.000000    0.000000   clock clk (rise edge)
                                  0.000000    0.000000   clock network delay (propagated)
                                  2.000000    2.000000 ^ input external delay
     1    0.003412    0.022384    0.012472    2.012472 ^ rst_n (in)
                      0.022384    0.000000    2.012472 ^ input2/A (sky130_fd_sc_hd__clkbuf_4)
     8    0.042465    0.134971    0.192220    2.204692 ^ input2/X (sky130_fd_sc_hd__clkbuf_4)
                      0.135093    0.002615    2.207306 ^ _42_/RESET_B (sky130_fd_sc_hd__dfrtp_1)
                                              2.207306   data arrival time

                                 10.000000   10.000000   clock clk (rise edge)
                                  0.000000   10.000000   clock source latency
     1    0.013263    0.065689    0.044663   10.044663 ^ clk (in)
                      0.065692    0.000000   10.044663 ^ clkbuf_0_clk/A (sky130_fd_sc_hd__clkbuf_16)
     2    0.018071    0.040208    0.131075   10.175738 ^ clkbuf_0_clk/X (sky130_fd_sc_hd__clkbuf_16)
                      0.040219    0.000419   10.176157 ^ clkbuf_1_1__f_clk/A (sky130_fd_sc_hd__clkbuf_16)
     4    0.011501    0.034622    0.115521   10.291678 ^ clkbuf_1_1__f_clk/X (sky130_fd_sc_hd__clkbuf_16)
                      0.034622    0.000318   10.291996 ^ _42_/CLK (sky130_fd_sc_hd__dfrtp_1)
                                 -0.250000   10.041996   clock uncertainty
                                  0.000000   10.041996   clock reconvergence pessimism
                                  0.203788   10.245784   library recovery time
                                             10.245784   data required time
---------------------------------------------------------------------------------------------
                                             10.245784   data required time
                                             -2.207306   data arrival time
---------------------------------------------------------------------------------------------
                                              8.038478   slack (MET)


Startpoint: rst_n (input port clocked by clk)
Endpoint: _44_ (recovery check against rising-edge clock clk)
Path Group: asynchronous
Path Type: max

Fanout         Cap        Slew       Delay        Time   Description
---------------------------------------------------------------------------------------------
                                  0.000000    0.000000   clock clk (rise edge)
                                  0.000000    0.000000   clock network delay (propagated)
                                  2.000000    2.000000 ^ input external delay
     1    0.003412    0.022384    0.012472    2.012472 ^ rst_n (in)
                      0.022384    0.000000    2.012472 ^ input2/A (sky130_fd_sc_hd__clkbuf_4)
     8    0.042465    0.134971    0.192220    2.204692 ^ input2/X (sky130_fd_sc_hd__clkbuf_4)
                      0.135084    0.002448    2.207139 ^ _44_/RESET_B (sky130_fd_sc_hd__dfrtp_1)
                                              2.207139   data arrival time

                                 10.000000   10.000000   clock clk (rise edge)
                                  0.000000   10.000000   clock source latency
     1    0.013263    0.065689    0.044663   10.044663 ^ clk (in)
                      0.065692    0.000000   10.044663 ^ clkbuf_0_clk/A (sky130_fd_sc_hd__clkbuf_16)
     2    0.018071    0.040208    0.131075   10.175738 ^ clkbuf_0_clk/X (sky130_fd_sc_hd__clkbuf_16)
                      0.040219    0.000419   10.176157 ^ clkbuf_1_1__f_clk/A (sky130_fd_sc_hd__clkbuf_16)
     4    0.011501    0.034622    0.115521   10.291678 ^ clkbuf_1_1__f_clk/X (sky130_fd_sc_hd__clkbuf_16)
                      0.034622    0.000353   10.292031 ^ _44_/CLK (sky130_fd_sc_hd__dfrtp_1)
                                 -0.250000   10.042031   clock uncertainty
                                  0.000000   10.042031   clock reconvergence pessimism
                                  0.203790   10.245822   library recovery time
                                             10.245822   data required time
---------------------------------------------------------------------------------------------
                                             10.245822   data required time
                                             -2.207139   data arrival time
---------------------------------------------------------------------------------------------
                                              8.038683   slack (MET)


Startpoint: rst_n (input port clocked by clk)
Endpoint: _38_ (recovery check against rising-edge clock clk)
Path Group: asynchronous
Path Type: max

Fanout         Cap        Slew       Delay        Time   Description
---------------------------------------------------------------------------------------------
                                  0.000000    0.000000   clock clk (rise edge)
                                  0.000000    0.000000   clock network delay (propagated)
                                  2.000000    2.000000 ^ input external delay
     1    0.003412    0.022384    0.012472    2.012472 ^ rst_n (in)
                      0.022384    0.000000    2.012472 ^ input2/A (sky130_fd_sc_hd__clkbuf_4)
     8    0.042465    0.134971    0.192220    2.204692 ^ input2/X (sky130_fd_sc_hd__clkbuf_4)
                      0.135069    0.002162    2.206854 ^ _38_/RESET_B (sky130_fd_sc_hd__dfrtp_1)
                                              2.206854   data arrival time

                                 10.000000   10.000000   clock clk (rise edge)
                                  0.000000   10.000000   clock source latency
     1    0.013263    0.065689    0.044663   10.044663 ^ clk (in)
                      0.065692    0.000000   10.044663 ^ clkbuf_0_clk/A (sky130_fd_sc_hd__clkbuf_16)
     2    0.018071    0.040208    0.131075   10.175738 ^ clkbuf_0_clk/X (sky130_fd_sc_hd__clkbuf_16)
                      0.040218    0.000414   10.176152 ^ clkbuf_1_0__f_clk/A (sky130_fd_sc_hd__clkbuf_16)
     4    0.011392    0.034528    0.115421   10.291574 ^ clkbuf_1_0__f_clk/X (sky130_fd_sc_hd__clkbuf_16)
                      0.034528    0.000289   10.291862 ^ _38_/CLK (sky130_fd_sc_hd__dfrtp_1)
                                 -0.250000   10.041862   clock uncertainty
                                  0.000000   10.041862   clock reconvergence pessimism
                                  0.203765   10.245626   library recovery time
                                             10.245626   data required time
---------------------------------------------------------------------------------------------
                                             10.245626   data required time
                                             -2.206854   data arrival time
---------------------------------------------------------------------------------------------
                                              8.038774   slack (MET)


Startpoint: rst_n (input port clocked by clk)
Endpoint: _37_ (recovery check against rising-edge clock clk)
Path Group: asynchronous
Path Type: max

Fanout         Cap        Slew       Delay        Time   Description
---------------------------------------------------------------------------------------------
                                  0.000000    0.000000   clock clk (rise edge)
                                  0.000000    0.000000   clock network delay (propagated)
                                  2.000000    2.000000 ^ input external delay
     1    0.003412    0.022384    0.012472    2.012472 ^ rst_n (in)
                      0.022384    0.000000    2.012472 ^ input2/A (sky130_fd_sc_hd__clkbuf_4)
     8    0.042465    0.134971    0.192220    2.204692 ^ input2/X (sky130_fd_sc_hd__clkbuf_4)
                      0.135070    0.002180    2.206872 ^ _37_/RESET_B (sky130_fd_sc_hd__dfrtp_1)
                                              2.206872   data arrival time

                                 10.000000   10.000000   clock clk (rise edge)
                                  0.000000   10.000000   clock source latency
     1    0.013263    0.065689    0.044663   10.044663 ^ clk (in)
                      0.065692    0.000000   10.044663 ^ clkbuf_0_clk/A (sky130_fd_sc_hd__clkbuf_16)
     2    0.018071    0.040208    0.131075   10.175738 ^ clkbuf_0_clk/X (sky130_fd_sc_hd__clkbuf_16)
                      0.040219    0.000419   10.176157 ^ clkbuf_1_1__f_clk/A (sky130_fd_sc_hd__clkbuf_16)
     4    0.011501    0.034622    0.115521   10.291678 ^ clkbuf_1_1__f_clk/X (sky130_fd_sc_hd__clkbuf_16)
                      0.034622    0.000350   10.292028 ^ _37_/CLK (sky130_fd_sc_hd__dfrtp_1)
                                 -0.250000   10.042027   clock uncertainty
                                  0.000000   10.042027   clock reconvergence pessimism
                                  0.203794   10.245822   library recovery time
                                             10.245822   data required time
---------------------------------------------------------------------------------------------
                                             10.245822   data required time
                                             -2.206872   data arrival time
---------------------------------------------------------------------------------------------
                                              8.038950   slack (MET)



